[2025-08-26 14:54:55.174] [INFO] 初始化 BLE 协议通信...
[2025-08-26 14:54:55.356] [INFO] 加载用例 2 条 来自: testcases.xlsx
[2025-08-26 14:54:55.359] [INFO] ==== 执行用例 #1 ====
[2025-08-26 14:54:55.362] [INFO] 参数: {'screen_on': 1, 'brightness': 7, 'digital': 0, 'logo': 1, 'rim_state': 0, 'rdygo': 0, 'turn_left': 0, 'turn_right': 0, 'ring': 1} | 备注: 最小点亮测试
[2025-08-26 14:54:55.381] [DEBUG] 修改后的LED显示信息:
[2025-08-26 14:54:55.388] [INFO]   屏幕状态: 开
  亮度级别: 7
  数字显示: 0
  LOGO状态: 1 (0关, 1白, 2红)
  护盾状态: 0 (0关, 1白, 2绿)
  ReadyGo状态: 0 (0关, 1白, 2红)
  左转向灯: 0 (0关, 1白, 2橙)
  右转向灯: 0 (0关, 1白, 2橙)
  灯环状态: 1 (0关, 1蓝, 2红)
[2025-08-26 14:54:55.405] [DEBUG] 组包成功，数据长度: 21 字节
[2025-08-26 14:54:55.414] [DEBUG] 发送数据: A5 60 9F A5 03 0D 3B 42 33 33 33 B3 33 35 33 33 33 33 33 57 55
[2025-08-26 14:54:56.433] [DEBUG] 接收数据: A5 60 9F A5 83 55 33 93 7F 63 64 33 33 33 33 33 33 33 33 33 33 33 33 33 33 33 33 33 33 33 33 33 33 33 33 33 33 33 33 33 33 33 33 89 66 69 66 65 85 64 63 64 76 63 64 92 75 A7 63 65 33 33 33 33 33 37 33 37 33 33 33 42 33 33 33 B3 33 35 33 33 33 33 33 33 33 33 33 33 33 33 33 06 55
[2025-08-26 14:54:56.478] [DEBUG] 数据解析成功:
[2025-08-26 14:54:56.491] [INFO]   ID: 0x60
  命令: 0x83 (读)
  寄存器地址: 0x00
  寄存器数量: 0
[2025-08-26 14:54:56.514] [DEBUG] 组包成功，数据长度: 21 字节
[2025-08-26 14:54:56.530] [DEBUG] 发送数据: A5 60 9F A5 01 0D 3B 42 33 33 33 B3 33 35 33 33 33 33 33 10 55
[2025-08-26 14:54:57.562] [DEBUG] 接收数据: A5 60 9F A5 81 0D 3B 42 33 33 33 B3 33 35 33 33 33 33 33 27 55
[2025-08-26 14:54:57.639] [DEBUG] 数据解析成功:
[2025-08-26 14:54:57.655] [INFO]   ID: 0x60
  命令: 0x81 (读)
  寄存器地址: 0x08
  寄存器数量: 0
[2025-08-26 14:54:57.677] [INFO] 
全局变量中的LED显示信息已更新:
[2025-08-26 14:54:57.697] [INFO]   屏幕状态: 开
  亮度级别: 7
  数字显示: 0
  LOGO状态: 1 (0关, 1白, 2红)
  护盾状态: 0 (0关, 1白, 2绿)
  ReadyGo状态: 0 (0关, 1白, 2红)
  左转向灯: 0 (0关, 1白, 2橙)
  右转向灯: 0 (0关, 1白, 2橙)
  灯环状态: 1 (0关, 1蓝, 2红)
[2025-08-26 14:54:57.712] [INFO] 结果: PASS | 用时: 2.353s
[2025-08-26 14:54:57.721] [INFO] ==== 执行用例 #2 ====
[2025-08-26 14:54:57.731] [INFO] 参数: {'screen_on': 1, 'brightness': 7, 'digital': 0, 'logo': 1, 'rim_state': 1, 'rdygo': 1, 'turn_left': 1, 'turn_right': 0, 'ring': 1} | 备注: 最大点亮测试
[2025-08-26 14:54:57.761] [DEBUG] 修改后的LED显示信息:
[2025-08-26 14:54:57.775] [INFO]   屏幕状态: 开
  亮度级别: 7
  数字显示: 0
  LOGO状态: 1 (0关, 1白, 2红)
  护盾状态: 1 (0关, 1白, 2绿)
  ReadyGo状态: 1 (0关, 1白, 2红)
  左转向灯: 1 (0关, 1白, 2橙)
  右转向灯: 0 (0关, 1白, 2橙)
  灯环状态: 1 (0关, 1蓝, 2红)
[2025-08-26 14:54:57.790] [DEBUG] 组包成功，数据长度: 21 字节
[2025-08-26 14:54:57.800] [DEBUG] 发送数据: A5 60 9F A5 03 0D 3B 42 33 33 33 B3 5D 35 33 33 33 33 33 7F 55
[2025-08-26 14:54:58.824] [DEBUG] 接收数据: A5 60 9F A5 83 55 33 93 7F 63 64 33 33 33 33 33 33 33 33 33 33 33 33 33 33 33 33 33 33 33 33 33 33 33 33 33 33 33 33 33 33 33 33 89 66 69 66 65 85 64 63 64 76 63 64 92 75 A7 63 65 33 33 33 33 33 37 33 36 33 33 33 42 33 33 33 B3 5D 35 33 33 33 33 33 33 33 33 33 33 33 33 33 2A 55
[2025-08-26 14:54:58.920] [DEBUG] 数据解析成功:
[2025-08-26 14:54:58.934] [INFO]   ID: 0x60
  命令: 0x83 (读)
  寄存器地址: 0x00
  寄存器数量: 0
[2025-08-26 14:54:58.955] [DEBUG] 组包成功，数据长度: 21 字节
[2025-08-26 14:54:58.969] [DEBUG] 发送数据: A5 60 9F A5 01 0D 3B 42 33 33 33 B3 5D 35 33 33 33 33 33 38 55
[2025-08-26 14:55:00.002] [DEBUG] 接收数据: A5 60 9F A5 81 0D 3B 42 33 33 33 B3 5D 35 33 33 33 33 33 0F 55
[2025-08-26 14:55:00.084] [DEBUG] 数据解析成功:
[2025-08-26 14:55:00.101] [INFO]   ID: 0x60
  命令: 0x81 (读)
  寄存器地址: 0x08
  寄存器数量: 0
[2025-08-26 14:55:00.123] [INFO] 
全局变量中的LED显示信息已更新:
[2025-08-26 14:55:00.143] [INFO]   屏幕状态: 开
  亮度级别: 7
  数字显示: 0
  LOGO状态: 1 (0关, 1白, 2红)
  护盾状态: 1 (0关, 1白, 2绿)
  ReadyGo状态: 1 (0关, 1白, 2红)
  左转向灯: 1 (0关, 1白, 2橙)
  右转向灯: 0 (0关, 1白, 2橙)
  灯环状态: 1 (0关, 1蓝, 2红)
[2025-08-26 14:55:00.160] [INFO] 结果: PASS | 用时: 2.438s
[2025-08-26 14:55:00.169] [INFO] 开始压力循环: 次数=1, 间隔=0.5s, 参数={'screen_on': 1, 'brightness': 7, 'digital': 0, 'logo': 1, 'rim_state': 0, 'rdygo': 0, 'turn_left': 0, 'turn_right': 0, 'ring': 1}
[2025-08-26 14:55:00.200] [DEBUG] 修改后的LED显示信息:
[2025-08-26 14:55:00.213] [INFO]   屏幕状态: 开
  亮度级别: 7
  数字显示: 0
  LOGO状态: 1 (0关, 1白, 2红)
  护盾状态: 0 (0关, 1白, 2绿)
  ReadyGo状态: 0 (0关, 1白, 2红)
  左转向灯: 0 (0关, 1白, 2橙)
  右转向灯: 0 (0关, 1白, 2橙)
  灯环状态: 1 (0关, 1蓝, 2红)
[2025-08-26 14:55:00.227] [DEBUG] 组包成功，数据长度: 21 字节
[2025-08-26 14:55:00.237] [DEBUG] 发送数据: A5 60 9F A5 03 0D 3B 42 33 33 33 B3 33 35 33 33 33 33 33 57 55
[2025-08-26 14:55:01.263] [DEBUG] 接收数据: A5 60 9F A5 83 55 33 93 7F 63 64 33 33 33 33 33 33 33 33 33 33 33 33 33 33 33 33 33 33 33 33 33 33 33 33 33 33 33 33 33 33 33 33 89 66 69 66 65 85 64 63 64 76 63 64 92 75 A7 63 65 33 33 33 33 33 37 33 37 33 33 33 42 33 33 33 B3 33 35 33 33 33 33 33 33 33 33 33 33 33 33 33 06 55
[2025-08-26 14:55:01.370] [DEBUG] 数据解析成功:
[2025-08-26 14:55:01.384] [INFO]   ID: 0x60
  命令: 0x83 (读)
  寄存器地址: 0x00
  寄存器数量: 0
[2025-08-26 14:55:01.407] [INFO] [循环 1/1] 发送 OK
[2025-08-26 14:55:01.922] [INFO] 已保存结果: reports\2025-08-26_14-54-55\results.csv
[2025-08-26 14:55:01.953] [INFO] 已生成报告: reports\2025-08-26_14-54-55\report.html
[2025-08-26 14:55:01.986] [DEBUG] 串口已关闭
[2025-08-26 14:55:02.001] [INFO] 程序结束
