[2025-08-28 19:04:52.151] [INFO] 初始化 BLE 协议通信...
[2025-08-28 19:04:53.562] [INFO] 加载用例 5 条 来自: testcases.xlsx
[2025-08-28 19:04:53.609] [INFO] ==== 执行用例 #1 ====
[2025-08-28 19:04:53.609] [INFO] 参数: {'screen_on': 1, 'brightness': 7, 'digital': 88, 'logo': 1, 'rim_state': 1, 'rdygo': 1, 'turn_left': 2, 'turn_right': 2, 'ring': 2} | 备注: 基本点亮 + 白LOGO + 左右转向橙
[2025-08-28 19:04:53.630] [DEBUG] 修改后的LED显示信息:
[2025-08-28 19:04:53.641] [INFO]   屏幕状态: 开
  亮度级别: 7
  数字显示: 88
  LOGO状态: 1 (0关, 1白, 2红)
  护盾状态: 1 (0关, 1白, 2绿)
  ReadyGo状态: 1 (0关, 1白, 2红)
  左转向灯: 2 (0关, 1白, 2橙)
  右转向灯: 2 (0关, 1白, 2橙)
  灯环状态: 2 (0关, 1蓝, 2红)
[2025-08-28 19:04:53.657] [DEBUG] 组包成功，数据长度: 21 字节
[2025-08-28 19:04:53.671] [DEBUG] 发送数据: A5 60 9F A5 03 0D 3B 42 33 33 33 0B 7D 38 33 33 33 33 33 BA 55
[2025-08-28 19:04:54.694] [DEBUG] 接收数据: A5 60 9F A5 83 55 33 93 7F 63 64 33 33 33 33 33 33 33 33 33 33 33 33 33 33 33 33 33 33 33 33 33 33 33 33 33 33 33 33 33 33 33 33 89 66 69 66 65 85 64 63 64 76 63 64 92 75 A7 63 65 33 33 33 33 33 37 33 37 33 33 33 42 33 33 33 0B 7D 38 33 33 33 33 33 33 33 33 33 33 33 33 33 26 55
[2025-08-28 19:04:54.744] [DEBUG] 数据解析成功:
[2025-08-28 19:04:54.755] [INFO]   ID: 0x60
  命令: 0x83 (读)
  寄存器地址: 0x00
  寄存器数量: 0
[2025-08-28 19:04:54.777] [DEBUG] 组包成功，数据长度: 21 字节
[2025-08-28 19:04:54.791] [DEBUG] 发送数据: A5 60 9F A5 01 0D 3B 42 33 33 33 0B 7D 38 33 33 33 33 33 FD 55
[2025-08-28 19:04:55.823] [DEBUG] 接收数据: A5 60 9F A5 81 0D 3B 42 33 33 33 0B 7D 38 33 33 33 33 33 CA 55
[2025-08-28 19:04:55.861] [DEBUG] 数据解析成功:
[2025-08-28 19:04:55.875] [INFO]   ID: 0x60
  命令: 0x81 (读)
  寄存器地址: 0x08
  寄存器数量: 0
[2025-08-28 19:04:55.900] [INFO] 
全局变量中的LED显示信息已更新:
[2025-08-28 19:04:55.924] [INFO]   屏幕状态: 开
  亮度级别: 7
  数字显示: 88
  LOGO状态: 1 (0关, 1白, 2红)
  护盾状态: 1 (0关, 1白, 2绿)
  ReadyGo状态: 1 (0关, 1白, 2红)
  左转向灯: 2 (0关, 1白, 2橙)
  右转向灯: 2 (0关, 1白, 2橙)
  灯环状态: 2 (0关, 1蓝, 2红)
[2025-08-28 19:04:55.939] [INFO] 结果: PASS | 用时: 2.330s
[2025-08-28 19:04:56.148] [INFO] ==== 执行用例 #2 ====
[2025-08-28 19:04:56.185] [INFO] 参数: {'screen_on': 0, 'brightness': 3, 'digital': 0, 'logo': 0, 'rim_state': 0, 'rdygo': 0, 'turn_left': 0, 'turn_right': 0, 'ring': 0} | 备注: 关闭显示，校验全部为0（除 brightness）
[2025-08-28 19:04:56.216] [DEBUG] 修改后的LED显示信息:
[2025-08-28 19:04:56.228] [INFO]   屏幕状态: 关
  亮度级别: 3
  数字显示: 0
  LOGO状态: 0 (0关, 1白, 2红)
  护盾状态: 0 (0关, 1白, 2绿)
  ReadyGo状态: 0 (0关, 1白, 2红)
  左转向灯: 0 (0关, 1白, 2橙)
  右转向灯: 0 (0关, 1白, 2橙)
  灯环状态: 0 (0关, 1蓝, 2红)
[2025-08-28 19:04:56.246] [DEBUG] 组包成功，数据长度: 21 字节
[2025-08-28 19:04:56.256] [DEBUG] 发送数据: A5 60 9F A5 03 0D 3B 39 33 33 33 33 33 33 33 33 33 33 33 12 55
[2025-08-28 19:04:57.280] [DEBUG] 接收数据: A5 60 9F A5 83 55 33 93 7F 63 64 33 33 33 33 33 33 33 33 33 33 33 33 33 33 33 33 33 33 33 33 33 33 33 33 33 33 33 33 33 33 33 33 89 66 69 66 65 85 64 63 64 76 63 64 92 75 A7 63 65 33 33 33 33 33 37 33 36 33 33 33 39 33 33 33 33 33 33 33 33 33 33 33 33 33 33 33 33 33 33 33 BE 55
[2025-08-28 19:04:57.370] [DEBUG] 数据解析成功:
[2025-08-28 19:04:57.387] [INFO]   ID: 0x60
  命令: 0x83 (读)
  寄存器地址: 0x00
  寄存器数量: 0
[2025-08-28 19:04:57.411] [DEBUG] 组包成功，数据长度: 21 字节
[2025-08-28 19:04:57.423] [DEBUG] 发送数据: A5 60 9F A5 01 0D 3B 39 33 33 33 33 33 33 33 33 33 33 33 55 55
[2025-08-28 19:04:58.448] [DEBUG] 接收数据: A5 60 9F A5 81 0D 3B 39 33 33 33 33 33 33 33 33 33 33 33 62 55
[2025-08-28 19:04:58.480] [DEBUG] 数据解析成功:
[2025-08-28 19:04:58.495] [INFO]   ID: 0x60
  命令: 0x81 (读)
  寄存器地址: 0x08
  寄存器数量: 0
[2025-08-28 19:04:58.516] [INFO] 
全局变量中的LED显示信息已更新:
[2025-08-28 19:04:58.537] [INFO]   屏幕状态: 关
  亮度级别: 3
  数字显示: 0
  LOGO状态: 0 (0关, 1白, 2红)
  护盾状态: 0 (0关, 1白, 2绿)
  ReadyGo状态: 0 (0关, 1白, 2红)
  左转向灯: 0 (0关, 1白, 2橙)
  右转向灯: 0 (0关, 1白, 2橙)
  灯环状态: 0 (0关, 1蓝, 2红)
[2025-08-28 19:04:58.547] [INFO] 结果: PASS | 用时: 2.399s
[2025-08-28 19:04:58.761] [INFO] ==== 执行用例 #3 ====
[2025-08-28 19:04:58.786] [INFO] 参数: {'screen_on': 1, 'brightness': 7, 'digital': 11, 'logo': 1, 'rim_state': 0, 'rdygo': 0, 'turn_left': 0, 'turn_right': 0, 'ring': 0} | 备注: 关闭显示，校验全部为0（除 brightness）
[2025-08-28 19:04:58.821] [DEBUG] 修改后的LED显示信息:
[2025-08-28 19:04:58.833] [INFO]   屏幕状态: 开
  亮度级别: 7
  数字显示: 11
  LOGO状态: 1 (0关, 1白, 2红)
  护盾状态: 0 (0关, 1白, 2绿)
  ReadyGo状态: 0 (0关, 1白, 2红)
  左转向灯: 0 (0关, 1白, 2橙)
  右转向灯: 0 (0关, 1白, 2橙)
  灯环状态: 0 (0关, 1蓝, 2红)
[2025-08-28 19:04:58.848] [DEBUG] 组包成功，数据长度: 21 字节
[2025-08-28 19:04:58.860] [DEBUG] 发送数据: A5 60 9F A5 03 0D 3B 42 33 33 33 BE 33 33 33 33 33 33 33 B8 55
[2025-08-28 19:04:59.884] [DEBUG] 接收数据: A5 60 9F A5 83 55 33 93 7F 63 64 33 33 33 33 33 33 33 33 33 33 33 33 33 33 33 33 33 33 33 33 33 33 33 33 33 33 33 33 33 33 33 33 89 66 69 66 65 85 64 63 64 76 63 64 92 75 A7 63 65 33 33 33 33 33 37 33 38 33 33 33 42 33 33 33 BE 33 33 33 33 33 33 33 33 33 33 33 33 33 33 33 E3 55
[2025-08-28 19:04:59.934] [DEBUG] 数据解析成功:
[2025-08-28 19:04:59.946] [INFO]   ID: 0x60
  命令: 0x83 (读)
  寄存器地址: 0x00
  寄存器数量: 0
[2025-08-28 19:04:59.971] [DEBUG] 组包成功，数据长度: 21 字节
[2025-08-28 19:04:59.981] [DEBUG] 发送数据: A5 60 9F A5 01 0D 3B 42 33 33 33 BE 33 33 33 33 33 33 33 FF 55
[2025-08-28 19:05:01.020] [DEBUG] 接收数据: A5 60 9F A5 81 0D 3B 42 33 33 33 BE 33 33 33 33 33 33 33 C8 55
[2025-08-28 19:05:01.052] [DEBUG] 数据解析成功:
[2025-08-28 19:05:01.072] [INFO]   ID: 0x60
  命令: 0x81 (读)
  寄存器地址: 0x08
  寄存器数量: 0
[2025-08-28 19:05:01.092] [INFO] 
全局变量中的LED显示信息已更新:
[2025-08-28 19:05:01.114] [INFO]   屏幕状态: 开
  亮度级别: 7
  数字显示: 11
  LOGO状态: 1 (0关, 1白, 2红)
  护盾状态: 0 (0关, 1白, 2绿)
  ReadyGo状态: 0 (0关, 1白, 2红)
  左转向灯: 0 (0关, 1白, 2橙)
  右转向灯: 0 (0关, 1白, 2橙)
  灯环状态: 0 (0关, 1蓝, 2红)
[2025-08-28 19:05:01.131] [INFO] 结果: PASS | 用时: 2.369s
[2025-08-28 19:05:01.343] [INFO] ==== 执行用例 #4 ====
[2025-08-28 19:05:01.376] [INFO] 参数: {'screen_on': 1, 'brightness': 7, 'digital': 22, 'logo': 1, 'rim_state': 0, 'rdygo': 0, 'turn_left': 0, 'turn_right': 0, 'ring': 0} | 备注: 关闭显示，校验全部为0（除 brightness）
[2025-08-28 19:05:01.407] [DEBUG] 修改后的LED显示信息:
[2025-08-28 19:05:01.418] [INFO]   屏幕状态: 开
  亮度级别: 7
  数字显示: 22
  LOGO状态: 1 (0关, 1白, 2红)
  护盾状态: 0 (0关, 1白, 2绿)
  ReadyGo状态: 0 (0关, 1白, 2红)
  左转向灯: 0 (0关, 1白, 2橙)
  右转向灯: 0 (0关, 1白, 2橙)
  灯环状态: 0 (0关, 1蓝, 2红)
[2025-08-28 19:05:01.432] [DEBUG] 组包成功，数据长度: 21 字节
[2025-08-28 19:05:01.442] [DEBUG] 发送数据: A5 60 9F A5 03 0D 3B 42 33 33 33 C9 33 33 33 33 33 33 33 45 55
[2025-08-28 19:05:02.465] [DEBUG] 接收数据: A5 60 9F A5 83 55 33 93 7F 63 64 33 33 33 33 33 33 33 33 33 33 33 33 33 33 33 33 33 33 33 33 33 33 33 33 33 33 33 33 33 33 33 33 89 66 69 66 65 85 64 63 64 76 63 64 92 75 A7 63 65 33 33 33 33 33 37 33 37 33 33 33 42 33 33 33 C9 33 33 33 33 33 33 33 33 33 33 33 33 33 33 33 2C 55
[2025-08-28 19:05:02.555] [DEBUG] 数据解析成功:
[2025-08-28 19:05:02.569] [INFO]   ID: 0x60
  命令: 0x83 (读)
  寄存器地址: 0x00
  寄存器数量: 0
[2025-08-28 19:05:02.593] [DEBUG] 组包成功，数据长度: 21 字节
[2025-08-28 19:05:02.607] [DEBUG] 发送数据: A5 60 9F A5 01 0D 3B 42 33 33 33 C9 33 33 33 33 33 33 33 02 55
[2025-08-28 19:05:03.636] [DEBUG] 接收数据: A5 60 9F A5 81 0D 3B 42 33 33 33 C9 33 33 33 33 33 33 33 35 55
[2025-08-28 19:05:03.665] [DEBUG] 数据解析成功:
[2025-08-28 19:05:03.687] [INFO]   ID: 0x60
  命令: 0x81 (读)
  寄存器地址: 0x08
  寄存器数量: 0
[2025-08-28 19:05:03.708] [INFO] 
全局变量中的LED显示信息已更新:
[2025-08-28 19:05:03.728] [INFO]   屏幕状态: 开
  亮度级别: 7
  数字显示: 22
  LOGO状态: 1 (0关, 1白, 2红)
  护盾状态: 0 (0关, 1白, 2绿)
  ReadyGo状态: 0 (0关, 1白, 2红)
  左转向灯: 0 (0关, 1白, 2橙)
  右转向灯: 0 (0关, 1白, 2橙)
  灯环状态: 0 (0关, 1蓝, 2红)
[2025-08-28 19:05:03.749] [INFO] 结果: PASS | 用时: 2.406s
[2025-08-28 19:05:03.960] [INFO] ==== 执行用例 #5 ====
[2025-08-28 19:05:03.995] [INFO] 参数: {'screen_on': 1, 'brightness': 9, 'digital': 99, 'logo': 1, 'rim_state': 0, 'rdygo': 0, 'turn_left': 0, 'turn_right': 0, 'ring': 0} | 备注: 关闭显示，校验全部为0（除 brightness）
[2025-08-28 19:05:04.029] [DEBUG] 修改后的LED显示信息:
[2025-08-28 19:05:04.044] [INFO]   屏幕状态: 开
  亮度级别: 1
  数字显示: 99
  LOGO状态: 1 (0关, 1白, 2红)
  护盾状态: 0 (0关, 1白, 2绿)
  ReadyGo状态: 0 (0关, 1白, 2红)
  左转向灯: 0 (0关, 1白, 2橙)
  右转向灯: 0 (0关, 1白, 2橙)
  灯环状态: 0 (0关, 1蓝, 2红)
[2025-08-28 19:05:04.061] [DEBUG] 组包成功，数据长度: 21 字节
[2025-08-28 19:05:04.073] [DEBUG] 发送数据: A5 60 9F A5 03 0D 3B 36 33 33 33 16 33 33 33 33 33 33 33 67 55
[2025-08-28 19:05:05.107] [DEBUG] 接收数据: A5 60 9F A5 83 55 33 93 7F 63 64 33 33 33 33 33 33 33 33 33 33 33 33 33 33 33 33 33 33 33 33 33 33 33 33 33 33 33 33 33 33 33 33 89 66 69 66 65 85 64 63 64 76 63 64 92 75 A7 63 65 33 33 33 33 33 37 33 37 33 33 33 36 33 33 33 16 33 33 33 33 33 33 33 33 33 33 33 33 33 33 33 62 55
[2025-08-28 19:05:05.149] [DEBUG] 数据解析成功:
[2025-08-28 19:05:05.162] [INFO]   ID: 0x60
  命令: 0x83 (读)
  寄存器地址: 0x00
  寄存器数量: 0
[2025-08-28 19:05:05.188] [DEBUG] 组包成功，数据长度: 21 字节
[2025-08-28 19:05:05.195] [DEBUG] 发送数据: A5 60 9F A5 01 0D 3B 36 33 33 33 16 33 33 33 33 33 33 33 20 55
[2025-08-28 19:05:06.228] [DEBUG] 接收数据: A5 60 9F A5 81 0D 3B 36 33 33 33 16 33 33 33 33 33 33 33 17 55
[2025-08-28 19:05:06.262] [DEBUG] 数据解析成功:
[2025-08-28 19:05:06.281] [INFO]   ID: 0x60
  命令: 0x81 (读)
  寄存器地址: 0x08
  寄存器数量: 0
[2025-08-28 19:05:06.302] [INFO] 
全局变量中的LED显示信息已更新:
[2025-08-28 19:05:06.322] [INFO]   屏幕状态: 开
  亮度级别: 1
  数字显示: 99
  LOGO状态: 1 (0关, 1白, 2红)
  护盾状态: 0 (0关, 1白, 2绿)
  ReadyGo状态: 0 (0关, 1白, 2红)
  左转向灯: 0 (0关, 1白, 2橙)
  右转向灯: 0 (0关, 1白, 2橙)
  灯环状态: 0 (0关, 1蓝, 2红)
[2025-08-28 19:05:06.339] [INFO] 结果: PASS | 用时: 2.379s
[2025-08-28 19:05:06.556] [INFO] 开始压力循环: 次数=1, 间隔=0.5s, 参数={'screen_on': 1, 'brightness': 7, 'digital': 88, 'logo': 1, 'rim_state': 1, 'rdygo': 1, 'turn_left': 2, 'turn_right': 2, 'ring': 2}
[2025-08-28 19:05:06.603] [DEBUG] 修改后的LED显示信息:
[2025-08-28 19:05:06.614] [INFO]   屏幕状态: 开
  亮度级别: 7
  数字显示: 88
  LOGO状态: 1 (0关, 1白, 2红)
  护盾状态: 1 (0关, 1白, 2绿)
  ReadyGo状态: 1 (0关, 1白, 2红)
  左转向灯: 2 (0关, 1白, 2橙)
  右转向灯: 2 (0关, 1白, 2橙)
  灯环状态: 2 (0关, 1蓝, 2红)
[2025-08-28 19:05:06.629] [DEBUG] 组包成功，数据长度: 21 字节
[2025-08-28 19:05:06.640] [DEBUG] 发送数据: A5 60 9F A5 03 0D 3B 42 33 33 33 0B 7D 38 33 33 33 33 33 BA 55
[2025-08-28 19:05:07.666] [DEBUG] 接收数据: A5 60 9F A5 83 55 33 93 7F 63 64 33 33 33 33 33 33 33 33 33 33 33 33 33 33 33 33 33 33 33 33 33 33 33 33 33 33 33 33 33 33 33 33 89 66 69 66 65 85 64 63 64 76 63 64 92 75 A7 63 65 33 33 33 33 33 37 33 38 33 33 33 42 33 33 33 0B 7D 38 33 33 33 33 33 33 33 33 33 33 33 33 33 62 55
[2025-08-28 19:05:07.713] [DEBUG] 数据解析成功:
[2025-08-28 19:05:07.723] [INFO]   ID: 0x60
  命令: 0x83 (读)
  寄存器地址: 0x00
  寄存器数量: 0
[2025-08-28 19:05:07.746] [DEBUG] 串口已关闭
[2025-08-28 19:05:07.759] [INFO] 程序结束
