[2025-08-26 19:53:25.578] [INFO] 初始化 BLE 协议通信...
[2025-08-26 19:53:25.760] [INFO] 加载用例 2 条 来自: testcases.xlsx
[2025-08-26 19:53:25.812] [INFO] ==== 执行用例 #1 ====
[2025-08-26 19:53:25.820] [INFO] 参数: {'screen_on': 1, 'brightness': 7, 'digital': 0, 'logo': 1, 'rim_state': 0, 'rdygo': 0, 'turn_left': 0, 'turn_right': 0, 'ring': 1} | 备注: 最小点亮测试
[2025-08-26 19:53:25.839] [DEBUG] 修改后的LED显示信息:
[2025-08-26 19:53:25.847] [INFO]   屏幕状态: 开
  亮度级别: 7
  数字显示: 0
  LOGO状态: 1 (0关, 1白, 2红)
  护盾状态: 0 (0关, 1白, 2绿)
  ReadyGo状态: 0 (0关, 1白, 2红)
  左转向灯: 0 (0关, 1白, 2橙)
  右转向灯: 0 (0关, 1白, 2橙)
  灯环状态: 1 (0关, 1蓝, 2红)
[2025-08-26 19:53:25.863] [DEBUG] 组包成功，数据长度: 21 字节
[2025-08-26 19:53:25.875] [DEBUG] 发送数据: A5 60 9F A5 03 0D 3B 42 33 33 33 B3 33 35 33 33 33 33 33 57 55
[2025-08-26 19:53:26.898] [DEBUG] 接收数据: A5 60 9F A5 83 55 33 93 7F 63 64 33 33 33 33 33 33 33 33 33 33 33 33 33 33 33 33 33 33 33 33 33 33 33 33 33 33 33 33 33 33 33 33 89 66 69 66 65 85 64 63 64 76 63 64 92 75 A7 63 65 33 33 33 34 33 37 33 37 33 33 33 42 33 33 33 B3 33 35 33 33 33 33 33 33 33 33 33 33 33 33 33 67 55
[2025-08-26 19:53:26.942] [DEBUG] 数据解析成功:
[2025-08-26 19:53:26.957] [INFO]   ID: 0x60
  命令: 0x83 (读)
  寄存器地址: 0x00
  寄存器数量: 0
[2025-08-26 19:53:26.978] [DEBUG] 组包成功，数据长度: 21 字节
[2025-08-26 19:53:26.993] [DEBUG] 发送数据: A5 60 9F A5 01 0D 3B 42 33 33 33 B3 33 35 33 33 33 33 33 10 55
[2025-08-26 19:53:28.026] [DEBUG] 接收数据: A5 60 9F A5 81 0D 3B 42 33 33 33 B3 33 35 33 33 33 33 33 27 55
[2025-08-26 19:53:28.064] [DEBUG] 数据解析成功:
[2025-08-26 19:53:28.078] [INFO]   ID: 0x60
  命令: 0x81 (读)
  寄存器地址: 0x08
  寄存器数量: 0
[2025-08-26 19:53:28.099] [INFO] 
全局变量中的LED显示信息已更新:
[2025-08-26 19:53:28.120] [INFO]   屏幕状态: 开
  亮度级别: 7
  数字显示: 0
  LOGO状态: 1 (0关, 1白, 2红)
  护盾状态: 0 (0关, 1白, 2绿)
  ReadyGo状态: 0 (0关, 1白, 2红)
  左转向灯: 0 (0关, 1白, 2橙)
  右转向灯: 0 (0关, 1白, 2橙)
  灯环状态: 1 (0关, 1蓝, 2红)
[2025-08-26 19:53:28.134] [INFO] 结果: PASS | 用时: 2.322s
[2025-08-26 19:53:28.139] [INFO] ==== 执行用例 #2 ====
[2025-08-26 19:53:28.152] [INFO] 参数: {'screen_on': 1, 'brightness': 3, 'digital': 0, 'logo': 1, 'rim_state': 1, 'rdygo': 1, 'turn_left': 1, 'turn_right': 0, 'ring': 1} | 备注: 最大点亮测试
[2025-08-26 19:53:28.180] [DEBUG] 修改后的LED显示信息:
[2025-08-26 19:53:28.193] [INFO]   屏幕状态: 开
  亮度级别: 3
  数字显示: 0
  LOGO状态: 1 (0关, 1白, 2红)
  护盾状态: 1 (0关, 1白, 2绿)
  ReadyGo状态: 1 (0关, 1白, 2红)
  左转向灯: 1 (0关, 1白, 2橙)
  右转向灯: 0 (0关, 1白, 2橙)
  灯环状态: 1 (0关, 1蓝, 2红)
[2025-08-26 19:53:28.207] [DEBUG] 组包成功，数据长度: 21 字节
[2025-08-26 19:53:28.216] [DEBUG] 发送数据: A5 60 9F A5 03 0D 3B 3A 33 33 33 B3 5D 35 33 33 33 33 33 F8 55
[2025-08-26 19:53:29.240] [DEBUG] 接收数据: A5 60 9F A5 83 55 33 93 7F 63 64 33 33 33 33 33 33 33 33 33 33 33 33 33 33 33 33 33 33 33 33 33 33 33 33 33 33 33 33 33 33 33 33 89 66 69 66 65 85 64 63 64 76 63 64 92 75 A7 63 65 33 33 33 33 33 37 33 37 33 33 33 3A 33 33 33 B3 5D 35 33 33 33 33 33 33 33 33 33 33 33 33 33 27 55
[2025-08-26 19:53:29.288] [DEBUG] 数据解析成功:
[2025-08-26 19:53:29.299] [INFO]   ID: 0x60
  命令: 0x83 (读)
  寄存器地址: 0x00
  寄存器数量: 0
[2025-08-26 19:53:29.318] [DEBUG] 组包成功，数据长度: 21 字节
[2025-08-26 19:53:29.333] [DEBUG] 发送数据: A5 60 9F A5 01 0D 3B 3A 33 33 33 B3 5D 35 33 33 33 33 33 BF 55
[2025-08-26 19:53:30.361] [DEBUG] 接收数据: A5 60 9F A5 81 0D 3B 3A 33 33 33 B3 5D 35 33 33 33 33 33 88 55
[2025-08-26 19:53:30.398] [DEBUG] 数据解析成功:
[2025-08-26 19:53:30.417] [INFO]   ID: 0x60
  命令: 0x81 (读)
  寄存器地址: 0x08
  寄存器数量: 0
[2025-08-26 19:53:30.435] [INFO] 
全局变量中的LED显示信息已更新:
[2025-08-26 19:53:30.455] [INFO]   屏幕状态: 开
  亮度级别: 3
  数字显示: 0
  LOGO状态: 1 (0关, 1白, 2红)
  护盾状态: 1 (0关, 1白, 2绿)
  ReadyGo状态: 1 (0关, 1白, 2红)
  左转向灯: 1 (0关, 1白, 2橙)
  右转向灯: 0 (0关, 1白, 2橙)
  灯环状态: 1 (0关, 1蓝, 2红)
[2025-08-26 19:53:30.470] [INFO] 结果: FAIL | 用时: 2.330s
[2025-08-26 19:53:30.480] [INFO] 开始压力循环: 次数=1, 间隔=0.5s, 参数={'screen_on': 1, 'brightness': 7, 'digital': 0, 'logo': 1, 'rim_state': 0, 'rdygo': 0, 'turn_left': 0, 'turn_right': 0, 'ring': 1}
[2025-08-26 19:53:30.506] [DEBUG] 修改后的LED显示信息:
[2025-08-26 19:53:30.519] [INFO]   屏幕状态: 开
  亮度级别: 7
  数字显示: 0
  LOGO状态: 1 (0关, 1白, 2红)
  护盾状态: 0 (0关, 1白, 2绿)
  ReadyGo状态: 0 (0关, 1白, 2红)
  左转向灯: 0 (0关, 1白, 2橙)
  右转向灯: 0 (0关, 1白, 2橙)
  灯环状态: 1 (0关, 1蓝, 2红)
[2025-08-26 19:53:30.534] [DEBUG] 组包成功，数据长度: 21 字节
[2025-08-26 19:53:30.543] [DEBUG] 发送数据: A5 60 9F A5 03 0D 3B 42 33 33 33 B3 33 35 33 33 33 33 33 57 55
[2025-08-26 19:53:31.569] [DEBUG] 接收数据: A5 60 9F A5 83 55 33 93 7F 63 64 33 33 33 33 33 33 33 33 33 33 33 33 33 33 33 33 33 33 33 33 33 33 33 33 33 33 33 33 33 33 33 33 89 66 69 66 65 85 64 63 64 76 63 64 92 75 A7 63 65 33 33 33 33 33 37 33 36 33 33 33 42 33 33 33 B3 33 35 33 33 33 33 33 33 33 33 33 33 33 33 33 F3 55
[2025-08-26 19:53:31.612] [DEBUG] 数据解析成功:
[2025-08-26 19:53:31.622] [INFO]   ID: 0x60
  命令: 0x83 (读)
  寄存器地址: 0x00
  寄存器数量: 0
[2025-08-26 19:53:31.641] [INFO] [循环 1/1] 发送 OK
[2025-08-26 19:53:32.169] [INFO] 已保存结果: reports\2025-08-26_19-53-25\results.csv
[2025-08-26 19:53:32.242] [INFO] 已生成报告: reports\2025-08-26_19-53-25\report.html
[2025-08-26 19:53:32.270] [DEBUG] 串口已关闭
[2025-08-26 19:53:32.291] [INFO] 程序结束
