[2025-08-27 16:19:40.224] [INFO] 初始化 BLE 协议通信...
[2025-08-27 16:19:40.408] [INFO] 加载用例 5 条 来自: testcases.xlsx
[2025-08-27 16:19:40.408] [INFO] ==== 执行用例 #1 ====
[2025-08-27 16:19:40.408] [INFO] 参数: {'screen_on': 1, 'brightness': 7, 'digital': 88, 'logo': 1, 'rim_state': 1, 'rdygo': 1, 'turn_left': 2, 'turn_right': 2, 'ring': 2} | 备注: 基本点亮 + 白LOGO + 左右转向橙
[2025-08-27 16:19:40.408] [DEBUG] 修改后的LED显示信息:
[2025-08-27 16:19:40.408] [INFO]   屏幕状态: 开
  亮度级别: 7
  数字显示: 88
  LOGO状态: 1 (0关, 1白, 2红)
  护盾状态: 1 (0关, 1白, 2绿)
  ReadyGo状态: 1 (0关, 1白, 2红)
  左转向灯: 2 (0关, 1白, 2橙)
  右转向灯: 2 (0关, 1白, 2橙)
  灯环状态: 2 (0关, 1蓝, 2红)
[2025-08-27 16:19:40.408] [DEBUG] 组包成功，数据长度: 21 字节
[2025-08-27 16:19:40.415] [DEBUG] 发送数据: A5 60 9F A5 03 0D 3B 42 33 33 33 0B 7D 38 33 33 33 33 33 BA 55
[2025-08-27 16:19:41.417] [DEBUG] 接收数据: A5 60 9F A5 83 55 33 93 7F 63 64 33 33 33 33 33 33 33 33 33 33 33 33 33 33 33 33 33 33 33 33 33 33 33 33 33 33 33 33 33 33 33 33 89 66 69 66 65 85 64 63 64 76 63 64 92 75 A7 63 65 33 33 33 33 33 37 33 37 33 33 33 42 33 33 33 0B 7D 38 33 33 33 33 33 33 33 33 33 33 33 33 33 26 55
[2025-08-27 16:19:41.417] [DEBUG] 数据解析成功:
[2025-08-27 16:19:41.417] [INFO]   ID: 0x60
  命令: 0x83 (读)
  寄存器地址: 0x00
  寄存器数量: 0
[2025-08-27 16:19:41.417] [DEBUG] 组包成功，数据长度: 21 字节
[2025-08-27 16:19:41.417] [DEBUG] 发送数据: A5 60 9F A5 01 0D 3B 42 33 33 33 0B 7D 38 33 33 33 33 33 FD 55
[2025-08-27 16:19:42.419] [DEBUG] 接收数据: A5 60 9F A5 81 0D 3B 42 33 33 33 0B 7D 38 33 33 33 33 33 CA 55
[2025-08-27 16:19:42.419] [DEBUG] 数据解析成功:
[2025-08-27 16:19:42.419] [INFO]   ID: 0x60
  命令: 0x81 (读)
  寄存器地址: 0x08
  寄存器数量: 0
[2025-08-27 16:19:42.419] [INFO] 
全局变量中的LED显示信息已更新:
[2025-08-27 16:19:42.419] [INFO]   屏幕状态: 开
  亮度级别: 7
  数字显示: 88
  LOGO状态: 1 (0关, 1白, 2红)
  护盾状态: 1 (0关, 1白, 2绿)
  ReadyGo状态: 1 (0关, 1白, 2红)
  左转向灯: 2 (0关, 1白, 2橙)
  右转向灯: 2 (0关, 1白, 2橙)
  灯环状态: 2 (0关, 1蓝, 2红)
[2025-08-27 16:19:42.419] [INFO] 结果: PASS | 用时: 2.011s
[2025-08-27 16:19:42.632] [INFO] ==== 执行用例 #2 ====
[2025-08-27 16:19:42.632] [INFO] 参数: {'screen_on': 0, 'brightness': 3, 'digital': 0, 'logo': 0, 'rim_state': 0, 'rdygo': 0, 'turn_left': 0, 'turn_right': 0, 'ring': 0} | 备注: 关闭显示，校验全部为0（除 brightness）
[2025-08-27 16:19:42.632] [DEBUG] 修改后的LED显示信息:
[2025-08-27 16:19:42.632] [INFO]   屏幕状态: 关
  亮度级别: 3
  数字显示: 0
  LOGO状态: 0 (0关, 1白, 2红)
  护盾状态: 0 (0关, 1白, 2绿)
  ReadyGo状态: 0 (0关, 1白, 2红)
  左转向灯: 0 (0关, 1白, 2橙)
  右转向灯: 0 (0关, 1白, 2橙)
  灯环状态: 0 (0关, 1蓝, 2红)
[2025-08-27 16:19:42.632] [DEBUG] 组包成功，数据长度: 21 字节
[2025-08-27 16:19:42.632] [DEBUG] 发送数据: A5 60 9F A5 03 0D 3B 39 33 33 33 33 33 33 33 33 33 33 33 12 55
[2025-08-27 16:19:43.636] [DEBUG] 接收数据: A5 60 9F A5 83 55 33 93 7F 63 64 33 33 33 33 33 33 33 33 33 33 33 33 33 33 33 33 33 33 33 33 33 33 33 33 33 33 33 33 33 33 33 33 89 66 69 66 65 85 64 63 64 76 63 64 92 75 A7 63 65 33 33 33 33 33 37 33 37 33 33 33 39 33 33 33 33 33 33 33 33 33 33 33 33 33 33 33 33 33 33 33 4B 55
[2025-08-27 16:19:43.636] [DEBUG] 数据解析成功:
[2025-08-27 16:19:43.636] [INFO]   ID: 0x60
  命令: 0x83 (读)
  寄存器地址: 0x00
  寄存器数量: 0
[2025-08-27 16:19:43.636] [DEBUG] 组包成功，数据长度: 21 字节
[2025-08-27 16:19:43.636] [DEBUG] 发送数据: A5 60 9F A5 01 0D 3B 39 33 33 33 33 33 33 33 33 33 33 33 55 55
[2025-08-27 16:19:44.638] [DEBUG] 接收数据: A5 60 9F A5 81 0D 3B 39 33 33 33 33 33 33 33 33 33 33 33 62 55
[2025-08-27 16:19:44.638] [DEBUG] 数据解析成功:
[2025-08-27 16:19:44.638] [INFO]   ID: 0x60
  命令: 0x81 (读)
  寄存器地址: 0x08
  寄存器数量: 0
[2025-08-27 16:19:44.638] [INFO] 
全局变量中的LED显示信息已更新:
[2025-08-27 16:19:44.638] [INFO]   屏幕状态: 关
  亮度级别: 3
  数字显示: 0
  LOGO状态: 0 (0关, 1白, 2红)
  护盾状态: 0 (0关, 1白, 2绿)
  ReadyGo状态: 0 (0关, 1白, 2红)
  左转向灯: 0 (0关, 1白, 2橙)
  右转向灯: 0 (0关, 1白, 2橙)
  灯环状态: 0 (0关, 1蓝, 2红)
[2025-08-27 16:19:44.638] [INFO] 结果: PASS | 用时: 2.006s
[2025-08-27 16:19:44.845] [INFO] ==== 执行用例 #3 ====
[2025-08-27 16:19:44.845] [INFO] 参数: {'screen_on': 1, 'brightness': 7, 'digital': 11, 'logo': 1, 'rim_state': 0, 'rdygo': 0, 'turn_left': 0, 'turn_right': 0, 'ring': 0} | 备注: 关闭显示，校验全部为0（除 brightness）
[2025-08-27 16:19:44.849] [DEBUG] 修改后的LED显示信息:
[2025-08-27 16:19:44.849] [INFO]   屏幕状态: 开
  亮度级别: 7
  数字显示: 11
  LOGO状态: 1 (0关, 1白, 2红)
  护盾状态: 0 (0关, 1白, 2绿)
  ReadyGo状态: 0 (0关, 1白, 2红)
  左转向灯: 0 (0关, 1白, 2橙)
  右转向灯: 0 (0关, 1白, 2橙)
  灯环状态: 0 (0关, 1蓝, 2红)
[2025-08-27 16:19:44.849] [DEBUG] 组包成功，数据长度: 21 字节
[2025-08-27 16:19:44.849] [DEBUG] 发送数据: A5 60 9F A5 03 0D 3B 42 33 33 33 BE 33 33 33 33 33 33 33 B8 55
[2025-08-27 16:19:45.852] [DEBUG] 接收数据: A5 60 9F A5 83 55 33 93 7F 63 64 33 33 33 33 33 33 33 33 33 33 33 33 33 33 33 33 33 33 33 33 33 33 33 33 33 33 33 33 33 33 33 33 89 66 69 66 65 85 64 63 64 76 63 64 92 75 A7 63 65 33 33 33 33 33 37 33 39 33 33 33 42 33 33 33 BE 33 33 33 33 33 33 33 33 33 33 33 33 33 33 33 16 55
[2025-08-27 16:19:45.852] [DEBUG] 数据解析成功:
[2025-08-27 16:19:45.854] [INFO]   ID: 0x60
  命令: 0x83 (读)
  寄存器地址: 0x00
  寄存器数量: 0
[2025-08-27 16:19:45.854] [DEBUG] 组包成功，数据长度: 21 字节
[2025-08-27 16:19:45.854] [DEBUG] 发送数据: A5 60 9F A5 01 0D 3B 42 33 33 33 BE 33 33 33 33 33 33 33 FF 55
[2025-08-27 16:19:46.855] [DEBUG] 接收数据: A5 60 9F A5 81 0D 3B 42 33 33 33 BE 33 33 33 33 33 33 33 C8 55
[2025-08-27 16:19:46.857] [DEBUG] 数据解析成功:
[2025-08-27 16:19:46.858] [INFO]   ID: 0x60
  命令: 0x81 (读)
  寄存器地址: 0x08
  寄存器数量: 0
[2025-08-27 16:19:46.859] [INFO] 
全局变量中的LED显示信息已更新:
[2025-08-27 16:19:46.861] [INFO]   屏幕状态: 开
  亮度级别: 7
  数字显示: 11
  LOGO状态: 1 (0关, 1白, 2红)
  护盾状态: 0 (0关, 1白, 2绿)
  ReadyGo状态: 0 (0关, 1白, 2红)
  左转向灯: 0 (0关, 1白, 2橙)
  右转向灯: 0 (0关, 1白, 2橙)
  灯环状态: 0 (0关, 1蓝, 2红)
[2025-08-27 16:19:46.862] [INFO] 结果: PASS | 用时: 2.018s
[2025-08-27 16:19:47.064] [INFO] ==== 执行用例 #4 ====
[2025-08-27 16:19:47.064] [INFO] 参数: {'screen_on': 1, 'brightness': 7, 'digital': 22, 'logo': 1, 'rim_state': 0, 'rdygo': 0, 'turn_left': 0, 'turn_right': 0, 'ring': 0} | 备注: 关闭显示，校验全部为0（除 brightness）
[2025-08-27 16:19:47.064] [DEBUG] 修改后的LED显示信息:
[2025-08-27 16:19:47.064] [INFO]   屏幕状态: 开
  亮度级别: 7
  数字显示: 22
  LOGO状态: 1 (0关, 1白, 2红)
  护盾状态: 0 (0关, 1白, 2绿)
  ReadyGo状态: 0 (0关, 1白, 2红)
  左转向灯: 0 (0关, 1白, 2橙)
  右转向灯: 0 (0关, 1白, 2橙)
  灯环状态: 0 (0关, 1蓝, 2红)
[2025-08-27 16:19:47.064] [DEBUG] 组包成功，数据长度: 21 字节
[2025-08-27 16:19:47.071] [DEBUG] 发送数据: A5 60 9F A5 03 0D 3B 42 33 33 33 C9 33 33 33 33 33 33 33 45 55
[2025-08-27 16:19:48.075] [DEBUG] 接收数据: A5 60 9F A5 83 55 33 93 7F 63 64 33 33 33 33 33 33 33 33 33 33 33 33 33 33 33 33 33 33 33 33 33 33 33 33 33 33 33 33 33 33 33 33 89 66 69 66 65 85 64 63 64 76 63 64 92 75 A7 63 65 33 33 33 33 33 37 33 38 33 33 33 42 33 33 33 C9 33 33 33 33 33 33 33 33 33 33 33 33 33 33 33 68 55
[2025-08-27 16:19:48.075] [DEBUG] 数据解析成功:
[2025-08-27 16:19:48.075] [INFO]   ID: 0x60
  命令: 0x83 (读)
  寄存器地址: 0x00
  寄存器数量: 0
[2025-08-27 16:19:48.075] [DEBUG] 组包成功，数据长度: 21 字节
[2025-08-27 16:19:48.075] [DEBUG] 发送数据: A5 60 9F A5 01 0D 3B 42 33 33 33 C9 33 33 33 33 33 33 33 02 55
[2025-08-27 16:19:49.084] [DEBUG] 接收数据: A5 60 9F A5 81 0D 3B 42 33 33 33 C9 33 33 33 33 33 33 33 35 55
[2025-08-27 16:19:49.084] [DEBUG] 数据解析成功:
[2025-08-27 16:19:49.084] [INFO]   ID: 0x60
  命令: 0x81 (读)
  寄存器地址: 0x08
  寄存器数量: 0
[2025-08-27 16:19:49.084] [INFO] 
全局变量中的LED显示信息已更新:
[2025-08-27 16:19:49.092] [INFO]   屏幕状态: 开
  亮度级别: 7
  数字显示: 22
  LOGO状态: 1 (0关, 1白, 2红)
  护盾状态: 0 (0关, 1白, 2绿)
  ReadyGo状态: 0 (0关, 1白, 2红)
  左转向灯: 0 (0关, 1白, 2橙)
  右转向灯: 0 (0关, 1白, 2橙)
  灯环状态: 0 (0关, 1蓝, 2红)
[2025-08-27 16:19:49.094] [INFO] 结果: PASS | 用时: 2.030s
[2025-08-27 16:19:49.296] [INFO] ==== 执行用例 #5 ====
[2025-08-27 16:19:49.296] [INFO] 参数: {'screen_on': 1, 'brightness': 7, 'digital': 101, 'logo': 1, 'rim_state': 0, 'rdygo': 0, 'turn_left': 0, 'turn_right': 0, 'ring': 0} | 备注: 关闭显示，校验全部为0（除 brightness）
[2025-08-27 16:19:49.296] [DEBUG] 修改后的LED显示信息:
[2025-08-27 16:19:49.301] [INFO]   屏幕状态: 开
  亮度级别: 7
  数字显示: 101
  LOGO状态: 1 (0关, 1白, 2红)
  护盾状态: 0 (0关, 1白, 2绿)
  ReadyGo状态: 0 (0关, 1白, 2红)
  左转向灯: 0 (0关, 1白, 2橙)
  右转向灯: 0 (0关, 1白, 2橙)
  灯环状态: 0 (0关, 1蓝, 2红)
[2025-08-27 16:19:49.301] [DEBUG] 组包成功，数据长度: 21 字节
[2025-08-27 16:19:49.301] [DEBUG] 发送数据: A5 60 9F A5 03 0D 3B 42 33 33 33 18 33 33 33 33 33 33 33 42 55
[2025-08-27 16:19:50.307] [DEBUG] 接收数据: A5 60 9F A5 83 55 33 93 7F 63 64 33 33 33 33 33 33 33 33 33 33 33 33 33 33 33 33 33 33 33 33 33 33 33 33 33 33 33 33 33 33 33 33 89 66 69 66 65 85 64 63 64 76 63 64 92 75 A7 63 65 33 33 33 33 33 37 33 38 33 33 33 42 33 33 33 18 33 33 33 33 33 33 33 33 33 33 33 33 33 33 33 96 55
[2025-08-27 16:19:50.309] [DEBUG] 数据解析成功:
[2025-08-27 16:19:50.309] [INFO]   ID: 0x60
  命令: 0x83 (读)
  寄存器地址: 0x00
  寄存器数量: 0
[2025-08-27 16:19:50.309] [DEBUG] 组包成功，数据长度: 21 字节
[2025-08-27 16:19:50.309] [DEBUG] 发送数据: A5 60 9F A5 01 0D 3B 42 33 33 33 18 33 33 33 33 33 33 33 05 55
[2025-08-27 16:19:51.314] [DEBUG] 接收数据: A5 60 9F A5 81 0D 3B 42 33 33 33 18 33 33 33 33 33 33 33 32 55
[2025-08-27 16:19:51.314] [DEBUG] 数据解析成功:
[2025-08-27 16:19:51.314] [INFO]   ID: 0x60
  命令: 0x81 (读)
  寄存器地址: 0x08
  寄存器数量: 0
[2025-08-27 16:19:51.314] [INFO] 
全局变量中的LED显示信息已更新:
[2025-08-27 16:19:51.314] [INFO]   屏幕状态: 开
  亮度级别: 7
  数字显示: 101
  LOGO状态: 1 (0关, 1白, 2红)
  护盾状态: 0 (0关, 1白, 2绿)
  ReadyGo状态: 0 (0关, 1白, 2红)
  左转向灯: 0 (0关, 1白, 2橙)
  右转向灯: 0 (0关, 1白, 2橙)
  灯环状态: 0 (0关, 1蓝, 2红)
[2025-08-27 16:19:51.314] [INFO] 结果: PASS | 用时: 2.018s
[2025-08-27 16:19:51.525] [INFO] 开始压力循环: 次数=1, 间隔=0.5s, 参数={'screen_on': 1, 'brightness': 7, 'digital': 88, 'logo': 1, 'rim_state': 1, 'rdygo': 1, 'turn_left': 2, 'turn_right': 2, 'ring': 2}
[2025-08-27 16:19:51.527] [DEBUG] 修改后的LED显示信息:
[2025-08-27 16:19:51.528] [INFO]   屏幕状态: 开
  亮度级别: 7
  数字显示: 88
  LOGO状态: 1 (0关, 1白, 2红)
  护盾状态: 1 (0关, 1白, 2绿)
  ReadyGo状态: 1 (0关, 1白, 2红)
  左转向灯: 2 (0关, 1白, 2橙)
  右转向灯: 2 (0关, 1白, 2橙)
  灯环状态: 2 (0关, 1蓝, 2红)
[2025-08-27 16:19:51.529] [DEBUG] 组包成功，数据长度: 21 字节
[2025-08-27 16:19:51.531] [DEBUG] 发送数据: A5 60 9F A5 03 0D 3B 42 33 33 33 0B 7D 38 33 33 33 33 33 BA 55
[2025-08-27 16:19:52.536] [DEBUG] 接收数据: A5 60 9F A5 83 55 33 93 7F 63 64 33 33 33 33 33 33 33 33 33 33 33 33 33 33 33 33 33 33 33 33 33 33 33 33 33 33 33 33 33 33 33 33 89 66 69 66 65 85 64 63 64 76 63 64 92 75 A7 63 65 33 33 33 33 33 37 33 36 33 33 33 42 33 33 33 0B 7D 38 33 33 33 33 33 33 33 33 33 33 33 33 33 D3 55
[2025-08-27 16:19:52.540] [DEBUG] 数据解析成功:
[2025-08-27 16:19:52.541] [INFO]   ID: 0x60
  命令: 0x83 (读)
  寄存器地址: 0x00
  寄存器数量: 0
[2025-08-27 16:19:52.544] [INFO] [循环 1/1] 发送 OK
[2025-08-27 16:19:53.052] [INFO] 已保存结果: reports\2025-08-27_16-19-40\results.csv
[2025-08-27 16:19:53.052] [INFO] 已生成报告: reports\2025-08-27_16-19-40\report.html
[2025-08-27 16:19:53.052] [DEBUG] 串口已关闭
[2025-08-27 16:19:53.052] [INFO] 程序结束
