[2025-08-26 19:59:27.573] [INFO] 初始化 BLE 协议通信...
[2025-08-26 19:59:27.755] [INFO] 加载用例 2 条 来自: testcases.xlsx
[2025-08-26 19:59:27.760] [INFO] ==== 执行用例 #1 ====
[2025-08-26 19:59:27.762] [INFO] 参数: {'screen_on': 1, 'brightness': 7, 'digital': 88, 'logo': 1, 'rim_state': 1, 'rdygo': 1, 'turn_left': 2, 'turn_right': 2, 'ring': 2} | 备注: 基本点亮 + 白LOGO + 左右转向橙
[2025-08-26 19:59:27.781] [DEBUG] 修改后的LED显示信息:
[2025-08-26 19:59:27.786] [INFO]   屏幕状态: 开
  亮度级别: 7
  数字显示: 88
  LOGO状态: 1 (0关, 1白, 2红)
  护盾状态: 1 (0关, 1白, 2绿)
  ReadyGo状态: 1 (0关, 1白, 2红)
  左转向灯: 2 (0关, 1白, 2橙)
  右转向灯: 2 (0关, 1白, 2橙)
  灯环状态: 2 (0关, 1蓝, 2红)
[2025-08-26 19:59:27.808] [DEBUG] 组包成功，数据长度: 21 字节
[2025-08-26 19:59:27.814] [DEBUG] 发送数据: A5 60 9F A5 03 0D 3B 42 33 33 33 0B 7D 38 33 33 33 33 33 BA 55
[2025-08-26 19:59:28.840] [DEBUG] 接收数据: A5 60 9F A5 83 55 33 93 7F 63 64 33 33 33 33 33 33 33 33 33 33 33 33 33 33 33 33 33 33 33 33 33 33 33 33 33 33 33 33 33 33 33 33 89 66 69 66 65 85 64 63 64 76 63 64 92 75 A7 63 65 33 33 33 33 33 37 33 37 33 33 33 42 33 33 33 0B 7D 38 33 33 33 33 33 33 33 33 33 33 33 33 33 26 55
[2025-08-26 19:59:28.884] [DEBUG] 数据解析成功:
[2025-08-26 19:59:28.895] [INFO]   ID: 0x60
  命令: 0x83 (读)
  寄存器地址: 0x00
  寄存器数量: 0
[2025-08-26 19:59:28.938] [DEBUG] 组包成功，数据长度: 21 字节
[2025-08-26 19:59:28.948] [DEBUG] 发送数据: A5 60 9F A5 01 0D 3B 42 33 33 33 0B 7D 38 33 33 33 33 33 FD 55
[2025-08-26 19:59:29.980] [DEBUG] 接收数据: A5 60 9F A5 81 0D 3B 42 33 33 33 0B 7D 38 33 33 33 33 33 CA 55
[2025-08-26 19:59:30.031] [DEBUG] 数据解析成功:
[2025-08-26 19:59:30.047] [INFO]   ID: 0x60
  命令: 0x81 (读)
  寄存器地址: 0x08
  寄存器数量: 0
[2025-08-26 19:59:30.067] [INFO] 
全局变量中的LED显示信息已更新:
[2025-08-26 19:59:30.082] [INFO]   屏幕状态: 开
  亮度级别: 7
  数字显示: 88
  LOGO状态: 1 (0关, 1白, 2红)
  护盾状态: 1 (0关, 1白, 2绿)
  ReadyGo状态: 1 (0关, 1白, 2红)
  左转向灯: 2 (0关, 1白, 2橙)
  右转向灯: 2 (0关, 1白, 2橙)
  灯环状态: 2 (0关, 1蓝, 2红)
[2025-08-26 19:59:30.106] [INFO] 结果: PASS | 用时: 2.346s
[2025-08-26 19:59:30.316] [INFO] ==== 执行用例 #2 ====
[2025-08-26 19:59:30.367] [INFO] 参数: {'screen_on': 0, 'brightness': 3, 'digital': 0, 'logo': 0, 'rim_state': 0, 'rdygo': 0, 'turn_left': 0, 'turn_right': 0, 'ring': 0} | 备注: 关闭显示，校验全部为0（除 brightness）
[2025-08-26 19:59:30.401] [DEBUG] 修改后的LED显示信息:
[2025-08-26 19:59:30.411] [INFO]   屏幕状态: 关
  亮度级别: 3
  数字显示: 0
  LOGO状态: 0 (0关, 1白, 2红)
  护盾状态: 0 (0关, 1白, 2绿)
  ReadyGo状态: 0 (0关, 1白, 2红)
  左转向灯: 0 (0关, 1白, 2橙)
  右转向灯: 0 (0关, 1白, 2橙)
  灯环状态: 0 (0关, 1蓝, 2红)
[2025-08-26 19:59:30.427] [DEBUG] 组包成功，数据长度: 21 字节
[2025-08-26 19:59:30.437] [DEBUG] 发送数据: A5 60 9F A5 03 0D 3B 39 33 33 33 33 33 33 33 33 33 33 33 12 55
[2025-08-26 19:59:31.465] [DEBUG] 接收数据: A5 60 9F A5 83 55 33 93 7F 63 64 33 33 33 33 33 33 33 33 33 33 33 33 33 33 33 33 33 33 33 33 33 33 33 33 33 33 33 33 33 33 33 33 89 66 69 66 65 85 64 63 64 76 63 64 92 75 A7 63 65 33 33 33 33 33 37 33 36 33 33 33 39 33 33 33 33 33 33 33 33 33 33 33 33 33 33 33 33 33 33 33 BE 55
[2025-08-26 19:59:31.511] [DEBUG] 数据解析成功:
[2025-08-26 19:59:31.523] [INFO]   ID: 0x60
  命令: 0x83 (读)
  寄存器地址: 0x00
  寄存器数量: 0
[2025-08-26 19:59:31.546] [DEBUG] 组包成功，数据长度: 21 字节
[2025-08-26 19:59:31.558] [DEBUG] 发送数据: A5 60 9F A5 01 0D 3B 39 33 33 33 33 33 33 33 33 33 33 33 55 55
[2025-08-26 19:59:32.589] [DEBUG] 接收数据: A5 60 9F A5 81 0D 3B 39 33 33 33 33 33 33 33 33 33 33 33 62 55
[2025-08-26 19:59:32.623] [DEBUG] 数据解析成功:
[2025-08-26 19:59:32.640] [INFO]   ID: 0x60
  命令: 0x81 (读)
  寄存器地址: 0x08
  寄存器数量: 0
[2025-08-26 19:59:32.660] [INFO] 
全局变量中的LED显示信息已更新:
[2025-08-26 19:59:32.680] [INFO]   屏幕状态: 关
  亮度级别: 3
  数字显示: 0
  LOGO状态: 0 (0关, 1白, 2红)
  护盾状态: 0 (0关, 1白, 2绿)
  ReadyGo状态: 0 (0关, 1白, 2红)
  左转向灯: 0 (0关, 1白, 2橙)
  右转向灯: 0 (0关, 1白, 2橙)
  灯环状态: 0 (0关, 1蓝, 2红)
[2025-08-26 19:59:32.697] [INFO] 结果: PASS | 用时: 2.381s
[2025-08-26 19:59:32.906] [INFO] 开始压力循环: 次数=1, 间隔=0.5s, 参数={'screen_on': 1, 'brightness': 7, 'digital': 88, 'logo': 1, 'rim_state': 1, 'rdygo': 1, 'turn_left': 2, 'turn_right': 2, 'ring': 2}
[2025-08-26 19:59:32.964] [DEBUG] 修改后的LED显示信息:
[2025-08-26 19:59:32.976] [INFO]   屏幕状态: 开
  亮度级别: 7
  数字显示: 88
  LOGO状态: 1 (0关, 1白, 2红)
  护盾状态: 1 (0关, 1白, 2绿)
  ReadyGo状态: 1 (0关, 1白, 2红)
  左转向灯: 2 (0关, 1白, 2橙)
  右转向灯: 2 (0关, 1白, 2橙)
  灯环状态: 2 (0关, 1蓝, 2红)
[2025-08-26 19:59:32.989] [DEBUG] 组包成功，数据长度: 21 字节
[2025-08-26 19:59:33.001] [DEBUG] 发送数据: A5 60 9F A5 03 0D 3B 42 33 33 33 0B 7D 38 33 33 33 33 33 BA 55
[2025-08-26 19:59:34.025] [DEBUG] 接收数据: A5 60 9F A5 83 55 33 93 7F 63 64 33 33 33 33 33 33 33 33 33 33 33 33 33 33 33 33 33 33 33 33 33 33 33 33 33 33 33 33 33 33 33 33 89 66 69 66 65 85 64 63 64 76 63 64 92 75 A7 63 65 33 33 33 33 33 37 33 39 33 33 33 42 33 33 33 0B 7D 38 33 33 33 33 33 33 33 33 33 33 33 33 33 97 55
[2025-08-26 19:59:34.071] [DEBUG] 数据解析成功:
[2025-08-26 19:59:34.082] [INFO]   ID: 0x60
  命令: 0x83 (读)
  寄存器地址: 0x00
  寄存器数量: 0
[2025-08-26 19:59:34.102] [INFO] [循环 1/1] 发送 OK
[2025-08-26 19:59:34.628] [INFO] 已保存结果: reports\2025-08-26_19-59-27\results.csv
[2025-08-26 19:59:34.653] [INFO] 已生成报告: reports\2025-08-26_19-59-27\report.html
[2025-08-26 19:59:34.686] [DEBUG] 串口已关闭
[2025-08-26 19:59:34.703] [INFO] 程序结束
