[2025-08-27 11:56:32.687] [INFO] 初始化 BLE 协议通信...
[2025-08-27 11:56:32.874] [INFO] 加载用例 3 条 来自: testcases.xlsx
[2025-08-27 11:56:32.921] [INFO] ==== 执行用例 #1 ====
[2025-08-27 11:56:32.926] [INFO] 参数: {'screen_on': 1, 'brightness': 7, 'digital': 88, 'logo': 1, 'rim_state': 1, 'rdygo': 1, 'turn_left': 2, 'turn_right': 2, 'ring': 2} | 备注: 基本点亮 + 白LOGO + 左右转向橙
[2025-08-27 11:56:32.944] [DEBUG] 修改后的LED显示信息:
[2025-08-27 11:56:32.952] [INFO]   屏幕状态: 开
  亮度级别: 7
  数字显示: 88
  LOGO状态: 1 (0关, 1白, 2红)
  护盾状态: 1 (0关, 1白, 2绿)
  ReadyGo状态: 1 (0关, 1白, 2红)
  左转向灯: 2 (0关, 1白, 2橙)
  右转向灯: 2 (0关, 1白, 2橙)
  灯环状态: 2 (0关, 1蓝, 2红)
[2025-08-27 11:56:32.973] [DEBUG] 组包成功，数据长度: 21 字节
[2025-08-27 11:56:32.978] [DEBUG] 发送数据: A5 60 9F A5 03 0D 3B 42 33 33 33 0B 7D 38 33 33 33 33 33 BA 55
[2025-08-27 11:56:34.001] [DEBUG] 接收数据: A5 60 9F A5 83 55 33 93 7F 63 64 33 33 33 33 33 33 33 33 33 33 33 33 33 33 33 33 33 33 33 33 33 33 33 33 33 33 33 33 33 33 33 33 89 66 69 66 65 85 64 63 64 76 63 64 92 75 A7 63 65 33 33 33 33 33 37 33 37 33 33 33 42 33 33 33 0B 7D 38 33 33 33 33 33 33 33 33 33 33 33 33 33 26 55
[2025-08-27 11:56:34.047] [DEBUG] 数据解析成功:
[2025-08-27 11:56:34.059] [INFO]   ID: 0x60
  命令: 0x83 (读)
  寄存器地址: 0x00
  寄存器数量: 0
[2025-08-27 11:56:34.082] [DEBUG] 组包成功，数据长度: 21 字节
[2025-08-27 11:56:34.096] [DEBUG] 发送数据: A5 60 9F A5 01 0D 3B 42 33 33 33 0B 7D 38 33 33 33 33 33 FD 55
[2025-08-27 11:56:35.128] [DEBUG] 接收数据: A5 60 9F A5 81 0D 3B 42 33 33 33 0B 7D 38 33 33 33 33 33 CA 55
[2025-08-27 11:56:35.159] [DEBUG] 数据解析成功:
[2025-08-27 11:56:35.178] [INFO]   ID: 0x60
  命令: 0x81 (读)
  寄存器地址: 0x08
  寄存器数量: 0
[2025-08-27 11:56:35.195] [INFO] 
全局变量中的LED显示信息已更新:
[2025-08-27 11:56:35.214] [INFO]   屏幕状态: 开
  亮度级别: 7
  数字显示: 88
  LOGO状态: 1 (0关, 1白, 2红)
  护盾状态: 1 (0关, 1白, 2绿)
  ReadyGo状态: 1 (0关, 1白, 2红)
  左转向灯: 2 (0关, 1白, 2橙)
  右转向灯: 2 (0关, 1白, 2橙)
  灯环状态: 2 (0关, 1蓝, 2红)
[2025-08-27 11:56:35.229] [INFO] 结果: PASS | 用时: 2.308s
[2025-08-27 11:56:35.237] [DEBUG] 回填结果: 发送OK=PASS, 读取OK=PASS, 写入响应=A5 60 9F A5 83 55 33 93 7F 63 64 33 33 33 33 33 33 33 33 33 33 33 33 33 33 33 33 33 33 33 33 33 33 33 33 33 33 33 33 33 33 33 33 89 66 69 66 65 85 64 63 64 76 63 64 92 75 A7 63 65 33 33 33 33 33 37 33 37 33 33 33 42 33 33 33 0B 7D 38 33 33 33 33 33 33 33 33 33 33 33 33 33 26 55, 读取响应=A5 60 9F A5 81 0D 3B 42 33 33 33 0B 7D 38 33 33 33 33 33 CA 55, 结论=PASS, 校验详情=<__main__.ppx_led_msg_t object at 0x000002A507BAAA50>, 耗时=2.308
[2025-08-27 11:56:35.501] [INFO] ==== 执行用例 #2 ====
[2025-08-27 11:56:35.540] [INFO] 参数: {'screen_on': 0, 'brightness': 3, 'digital': 0, 'logo': 0, 'rim_state': 0, 'rdygo': 0, 'turn_left': 0, 'turn_right': 0, 'ring': 0} | 备注: 关闭显示，校验全部为0（除 brightness）
[2025-08-27 11:56:35.591] [DEBUG] 修改后的LED显示信息:
[2025-08-27 11:56:35.608] [INFO]   屏幕状态: 关
  亮度级别: 3
  数字显示: 0
  LOGO状态: 0 (0关, 1白, 2红)
  护盾状态: 0 (0关, 1白, 2绿)
  ReadyGo状态: 0 (0关, 1白, 2红)
  左转向灯: 0 (0关, 1白, 2橙)
  右转向灯: 0 (0关, 1白, 2橙)
  灯环状态: 0 (0关, 1蓝, 2红)
[2025-08-27 11:56:35.630] [DEBUG] 组包成功，数据长度: 21 字节
[2025-08-27 11:56:35.641] [DEBUG] 发送数据: A5 60 9F A5 03 0D 3B 39 33 33 33 33 33 33 33 33 33 33 33 12 55
[2025-08-27 11:56:36.673] [DEBUG] 接收数据: A5 60 9F A5 83 55 33 93 7F 63 64 33 33 33 33 33 33 33 33 33 33 33 33 33 33 33 33 33 33 33 33 33 33 33 33 33 33 33 33 33 33 33 33 89 66 69 66 65 85 64 63 64 76 63 64 92 75 A7 63 65 33 33 33 33 33 37 33 37 33 33 33 39 33 33 33 33 33 33 33 33 33 33 33 33 33 33 33 33 33 33 33 4B 55
[2025-08-27 11:56:36.728] [DEBUG] 数据解析成功:
[2025-08-27 11:56:36.749] [INFO]   ID: 0x60
  命令: 0x83 (读)
  寄存器地址: 0x00
  寄存器数量: 0
[2025-08-27 11:56:36.776] [DEBUG] 组包成功，数据长度: 21 字节
[2025-08-27 11:56:36.786] [DEBUG] 发送数据: A5 60 9F A5 01 0D 3B 39 33 33 33 33 33 33 33 33 33 33 33 55 55
[2025-08-27 11:56:37.828] [DEBUG] 接收数据: A5 60 9F A5 81 0D 3B 39 33 33 33 33 33 33 33 33 33 33 33 62 55
[2025-08-27 11:56:37.876] [DEBUG] 数据解析成功:
[2025-08-27 11:56:37.896] [INFO]   ID: 0x60
  命令: 0x81 (读)
  寄存器地址: 0x08
  寄存器数量: 0
[2025-08-27 11:56:37.927] [INFO] 
全局变量中的LED显示信息已更新:
[2025-08-27 11:56:37.953] [INFO]   屏幕状态: 关
  亮度级别: 3
  数字显示: 0
  LOGO状态: 0 (0关, 1白, 2红)
  护盾状态: 0 (0关, 1白, 2绿)
  ReadyGo状态: 0 (0关, 1白, 2红)
  左转向灯: 0 (0关, 1白, 2橙)
  右转向灯: 0 (0关, 1白, 2橙)
  灯环状态: 0 (0关, 1蓝, 2红)
[2025-08-27 11:56:37.968] [INFO] 结果: PASS | 用时: 2.467s
[2025-08-27 11:56:37.979] [DEBUG] 回填结果: 发送OK=PASS, 读取OK=PASS, 写入响应=A5 60 9F A5 83 55 33 93 7F 63 64 33 33 33 33 33 33 33 33 33 33 33 33 33 33 33 33 33 33 33 33 33 33 33 33 33 33 33 33 33 33 33 33 89 66 69 66 65 85 64 63 64 76 63 64 92 75 A7 63 65 33 33 33 33 33 37 33 37 33 33 33 39 33 33 33 33 33 33 33 33 33 33 33 33 33 33 33 33 33 33 33 4B 55, 读取响应=A5 60 9F A5 81 0D 3B 39 33 33 33 33 33 33 33 33 33 33 33 62 55, 结论=PASS, 校验详情=<__main__.ppx_led_msg_t object at 0x000002A507BAA4D0>, 耗时=2.467
[2025-08-27 11:56:38.242] [INFO] ==== 执行用例 #3 ====
[2025-08-27 11:56:38.288] [INFO] 参数: {'screen_on': 1, 'brightness': 7, 'digital': 11, 'logo': 1, 'rim_state': 0, 'rdygo': 0, 'turn_left': 0, 'turn_right': 0, 'ring': 0} | 备注: 关闭显示，校验全部为0（除 brightness）
[2025-08-27 11:56:38.342] [DEBUG] 修改后的LED显示信息:
[2025-08-27 11:56:38.358] [INFO]   屏幕状态: 开
  亮度级别: 7
  数字显示: 11
  LOGO状态: 1 (0关, 1白, 2红)
  护盾状态: 0 (0关, 1白, 2绿)
  ReadyGo状态: 0 (0关, 1白, 2红)
  左转向灯: 0 (0关, 1白, 2橙)
  右转向灯: 0 (0关, 1白, 2橙)
  灯环状态: 0 (0关, 1蓝, 2红)
[2025-08-27 11:56:38.384] [DEBUG] 组包成功，数据长度: 21 字节
[2025-08-27 11:56:38.394] [DEBUG] 发送数据: A5 60 9F A5 03 0D 3B 42 33 33 33 BE 33 33 33 33 33 33 33 B8 55
[2025-08-27 11:56:39.427] [DEBUG] 接收数据: A5 60 9F A5 83 55 33 93 7F 63 64 33 33 33 33 33 33 33 33 33 33 33 33 33 33 33 33 33 33 33 33 33 33 33 33 33 33 33 33 33 33 33 33 89 66 69 66 65 85 64 63 64 76 63 64 92 75 A7 63 65 33 33 33 33 33 37 33 39 33 33 33 42 33 33 33 BE 33 33 33 33 33 33 33 33 33 33 33 33 33 33 33 16 55
[2025-08-27 11:56:39.478] [DEBUG] 数据解析成功:
[2025-08-27 11:56:39.494] [INFO]   ID: 0x60
  命令: 0x83 (读)
  寄存器地址: 0x00
  寄存器数量: 0
[2025-08-27 11:56:39.521] [DEBUG] 组包成功，数据长度: 21 字节
[2025-08-27 11:56:39.536] [DEBUG] 发送数据: A5 60 9F A5 01 0D 3B 42 33 33 33 BE 33 33 33 33 33 33 33 FF 55
[2025-08-27 11:56:40.572] [DEBUG] 接收数据: A5 60 9F A5 81 0D 3B 42 33 33 33 BE 33 33 33 33 33 33 33 C8 55
[2025-08-27 11:56:40.629] [DEBUG] 数据解析成功:
[2025-08-27 11:56:40.651] [INFO]   ID: 0x60
  命令: 0x81 (读)
  寄存器地址: 0x08
  寄存器数量: 0
[2025-08-27 11:56:40.682] [INFO] 
全局变量中的LED显示信息已更新:
[2025-08-27 11:56:40.710] [INFO]   屏幕状态: 开
  亮度级别: 7
  数字显示: 11
  LOGO状态: 1 (0关, 1白, 2红)
  护盾状态: 0 (0关, 1白, 2绿)
  ReadyGo状态: 0 (0关, 1白, 2红)
  左转向灯: 0 (0关, 1白, 2橙)
  右转向灯: 0 (0关, 1白, 2橙)
  灯环状态: 0 (0关, 1蓝, 2红)
[2025-08-27 11:56:40.730] [INFO] 结果: PASS | 用时: 2.488s
[2025-08-27 11:56:40.739] [DEBUG] 回填结果: 发送OK=PASS, 读取OK=PASS, 写入响应=A5 60 9F A5 83 55 33 93 7F 63 64 33 33 33 33 33 33 33 33 33 33 33 33 33 33 33 33 33 33 33 33 33 33 33 33 33 33 33 33 33 33 33 33 89 66 69 66 65 85 64 63 64 76 63 64 92 75 A7 63 65 33 33 33 33 33 37 33 39 33 33 33 42 33 33 33 BE 33 33 33 33 33 33 33 33 33 33 33 33 33 33 33 16 55, 读取响应=A5 60 9F A5 81 0D 3B 42 33 33 33 BE 33 33 33 33 33 33 33 C8 55, 结论=PASS, 校验详情=<__main__.ppx_led_msg_t object at 0x000002A507BAAA50>, 耗时=2.488
[2025-08-27 11:56:41.003] [INFO] 开始压力循环: 次数=1, 间隔=0.5s, 参数={'screen_on': 1, 'brightness': 7, 'digital': 88, 'logo': 1, 'rim_state': 1, 'rdygo': 1, 'turn_left': 2, 'turn_right': 2, 'ring': 2}
[2025-08-27 11:56:41.070] [DEBUG] 修改后的LED显示信息:
[2025-08-27 11:56:41.088] [INFO]   屏幕状态: 开
  亮度级别: 7
  数字显示: 88
  LOGO状态: 1 (0关, 1白, 2红)
  护盾状态: 1 (0关, 1白, 2绿)
  ReadyGo状态: 1 (0关, 1白, 2红)
  左转向灯: 2 (0关, 1白, 2橙)
  右转向灯: 2 (0关, 1白, 2橙)
  灯环状态: 2 (0关, 1蓝, 2红)
[2025-08-27 11:56:41.119] [DEBUG] 组包成功，数据长度: 21 字节
[2025-08-27 11:56:41.132] [DEBUG] 发送数据: A5 60 9F A5 03 0D 3B 42 33 33 33 0B 7D 38 33 33 33 33 33 BA 55
[2025-08-27 11:56:42.160] [DEBUG] 接收数据: A5 60 9F A5 83 55 33 93 7F 63 64 33 33 33 33 33 33 33 33 33 33 33 33 33 33 33 33 33 33 33 33 33 33 33 33 33 33 33 33 33 33 33 33 89 66 69 66 65 85 64 63 64 76 63 64 92 75 A7 63 65 33 33 33 33 33 37 33 36 33 33 33 42 33 33 33 0B 7D 38 33 33 33 33 33 33 33 33 33 33 33 33 33 D3 55
[2025-08-27 11:56:42.227] [DEBUG] 数据解析成功:
[2025-08-27 11:56:42.245] [INFO]   ID: 0x60
  命令: 0x83 (读)
  寄存器地址: 0x00
  寄存器数量: 0
[2025-08-27 11:56:42.271] [INFO] [循环 1/1] 发送 OK
[2025-08-27 11:56:42.789] [INFO] 已保存结果: reports\2025-08-27_11-56-32\results.csv
[2025-08-27 11:56:42.855] [INFO] 已生成报告: reports\2025-08-27_11-56-32\report.html
[2025-08-27 11:56:42.891] [DEBUG] 串口已关闭
[2025-08-27 11:56:42.916] [INFO] 程序结束
