[2025-09-09 19:42:29.780] [INFO] 初始化 BLE 协议通信...
[2025-09-09 19:42:29.968] [INFO] 加载用例 29 条 来自: testcases.xlsx
[2025-09-09 19:42:30.023] [INFO] ==== 执行用例 #3000 ====
[2025-09-09 19:42:30.025] [INFO] 参数: {'screen_on': 1, 'brightness': 1, 'digital': 50, 'logo': 0, 'rim_state': 1, 'rdygo': 0, 'turn_left': 0, 'turn_right': 0, 'ring': 2} | 备注: nan
[2025-09-09 19:42:30.044] [DEBUG] 修改后的LED显示信息:
[2025-09-09 19:42:30.053] [INFO]   屏幕状态: 开
  亮度级别: 1
  数字显示: 50
  LOGO状态: 0 (0关, 1白, 2红)
  护盾状态: 1 (0关, 1白, 2绿)
  ReadyGo状态: 0 (0关, 1白, 2红)
  左转向灯: 0 (0关, 1白, 2橙)
  右转向灯: 0 (0关, 1白, 2橙)
  灯环状态: 2 (0关, 1蓝, 2红)
[2025-09-09 19:42:30.070] [DEBUG] 组包成功，数据长度: 21 字节
[2025-09-09 19:42:30.078] [DEBUG] 发送数据: A5 60 9F A5 03 0D 3B 36 33 33 33 65 35 37 33 33 33 33 33 6A 55
[2025-09-09 19:42:30.098] [DEBUG] 接收数据超时
[2025-09-09 19:42:30.106] [DEBUG] 组包成功，数据长度: 21 字节
[2025-09-09 19:42:30.110] [DEBUG] 发送数据: A5 60 9F A5 01 0D 3B 36 33 33 33 65 35 37 33 33 33 33 33 2D 55
[2025-09-09 19:42:30.134] [DEBUG] 接收数据超时
[2025-09-09 19:42:30.139] [INFO] 结果: FAIL | 用时: 0.116s
[2025-09-09 19:42:30.148] [INFO] ==== 执行用例 #5106 ====
[2025-09-09 19:42:30.157] [INFO] 参数: {'screen_on': 1, 'brightness': 2, 'digital': 50, 'logo': 0, 'rim_state': 0, 'rdygo': 0, 'turn_left': 0, 'turn_right': 0, 'ring': 2} | 备注: nan
[2025-09-09 19:42:30.188] [DEBUG] 修改后的LED显示信息:
[2025-09-09 19:42:30.200] [INFO]   屏幕状态: 开
  亮度级别: 2
  数字显示: 50
  LOGO状态: 0 (0关, 1白, 2红)
  护盾状态: 0 (0关, 1白, 2绿)
  ReadyGo状态: 0 (0关, 1白, 2红)
  左转向灯: 0 (0关, 1白, 2橙)
  右转向灯: 0 (0关, 1白, 2橙)
  灯环状态: 2 (0关, 1蓝, 2红)
[2025-09-09 19:42:30.220] [DEBUG] 组包成功，数据长度: 21 字节
[2025-09-09 19:42:30.234] [DEBUG] 发送数据: A5 60 9F A5 03 0D 3B 38 33 33 33 65 33 37 33 33 33 33 33 FC 55
[2025-09-09 19:42:30.258] [DEBUG] 接收数据超时
[2025-09-09 19:42:30.269] [DEBUG] 组包成功，数据长度: 21 字节
[2025-09-09 19:42:30.279] [DEBUG] 发送数据: A5 60 9F A5 01 0D 3B 38 33 33 33 65 33 37 33 33 33 33 33 BB 55
[2025-09-09 19:42:30.304] [DEBUG] 接收数据超时
[2025-09-09 19:42:30.313] [INFO] 结果: FAIL | 用时: 0.164s
[2025-09-09 19:42:30.325] [INFO] ==== 执行用例 #6739 ====
[2025-09-09 19:42:30.338] [INFO] 参数: {'screen_on': 1, 'brightness': 3, 'digital': 0, 'logo': 0, 'rim_state': 2, 'rdygo': 0, 'turn_left': 1, 'turn_right': 2, 'ring': 0} | 备注: nan
[2025-09-09 19:42:30.368] [DEBUG] 修改后的LED显示信息:
[2025-09-09 19:42:30.381] [INFO]   屏幕状态: 开
  亮度级别: 3
  数字显示: 0
  LOGO状态: 0 (0关, 1白, 2红)
  护盾状态: 2 (0关, 1白, 2绿)
  ReadyGo状态: 0 (0关, 1白, 2红)
  左转向灯: 1 (0关, 1白, 2橙)
  右转向灯: 2 (0关, 1白, 2橙)
  灯环状态: 0 (0关, 1蓝, 2红)
[2025-09-09 19:42:30.398] [DEBUG] 组包成功，数据长度: 21 字节
[2025-09-09 19:42:30.411] [DEBUG] 发送数据: A5 60 9F A5 03 0D 3B 3A 33 33 33 33 57 34 33 33 33 33 33 E2 55
[2025-09-09 19:42:30.436] [DEBUG] 接收数据超时
[2025-09-09 19:42:30.444] [DEBUG] 组包成功，数据长度: 21 字节
[2025-09-09 19:42:30.457] [DEBUG] 发送数据: A5 60 9F A5 01 0D 3B 3A 33 33 33 33 57 34 33 33 33 33 33 A5 55
[2025-09-09 19:42:30.480] [DEBUG] 接收数据超时
[2025-09-09 19:42:30.490] [INFO] 结果: FAIL | 用时: 0.165s
[2025-09-09 19:42:30.502] [INFO] ==== 执行用例 #6924 ====
[2025-09-09 19:42:30.511] [INFO] 参数: {'screen_on': 1, 'brightness': 3, 'digital': 0, 'logo': 1, 'rim_state': 1, 'rdygo': 1, 'turn_left': 1, 'turn_right': 0, 'ring': 2} | 备注: nan
[2025-09-09 19:42:30.540] [DEBUG] 修改后的LED显示信息:
[2025-09-09 19:42:30.553] [INFO]   屏幕状态: 开
  亮度级别: 3
  数字显示: 0
  LOGO状态: 1 (0关, 1白, 2红)
  护盾状态: 1 (0关, 1白, 2绿)
  ReadyGo状态: 1 (0关, 1白, 2红)
  左转向灯: 1 (0关, 1白, 2橙)
  右转向灯: 0 (0关, 1白, 2橙)
  灯环状态: 2 (0关, 1蓝, 2红)
[2025-09-09 19:42:30.570] [DEBUG] 组包成功，数据长度: 21 字节
[2025-09-09 19:42:30.583] [DEBUG] 发送数据: A5 60 9F A5 03 0D 3B 3A 33 33 33 B3 5D 37 33 33 33 33 33 5C 55
[2025-09-09 19:42:30.605] [DEBUG] 接收数据超时
[2025-09-09 19:42:30.617] [DEBUG] 组包成功，数据长度: 21 字节
[2025-09-09 19:42:30.625] [DEBUG] 发送数据: A5 60 9F A5 01 0D 3B 3A 33 33 33 B3 5D 37 33 33 33 33 33 1B 55
[2025-09-09 19:42:30.650] [DEBUG] 接收数据超时
[2025-09-09 19:42:30.659] [INFO] 结果: FAIL | 用时: 0.157s
[2025-09-09 19:42:30.671] [INFO] ==== 执行用例 #7347 ====
[2025-09-09 19:42:30.679] [INFO] 参数: {'screen_on': 1, 'brightness': 3, 'digital': 50, 'logo': 0, 'rim_state': 0, 'rdygo': 2, 'turn_left': 0, 'turn_right': 0, 'ring': 2} | 备注: nan
[2025-09-09 19:42:30.708] [DEBUG] 修改后的LED显示信息:
[2025-09-09 19:42:30.722] [INFO]   屏幕状态: 开
  亮度级别: 3
  数字显示: 50
  LOGO状态: 0 (0关, 1白, 2红)
  护盾状态: 0 (0关, 1白, 2绿)
  ReadyGo状态: 2 (0关, 1白, 2红)
  左转向灯: 0 (0关, 1白, 2橙)
  右转向灯: 0 (0关, 1白, 2橙)
  灯环状态: 2 (0关, 1蓝, 2红)
[2025-09-09 19:42:30.739] [DEBUG] 组包成功，数据长度: 21 字节
[2025-09-09 19:42:30.752] [DEBUG] 发送数据: A5 60 9F A5 03 0D 3B 3A 33 33 33 65 43 37 33 33 33 33 33 4C 55
[2025-09-09 19:42:30.780] [DEBUG] 接收数据超时
[2025-09-09 19:42:30.794] [DEBUG] 组包成功，数据长度: 21 字节
[2025-09-09 19:42:30.803] [DEBUG] 发送数据: A5 60 9F A5 01 0D 3B 3A 33 33 33 65 43 37 33 33 33 33 33 0B 55
[2025-09-09 19:42:30.832] [DEBUG] 接收数据超时
[2025-09-09 19:42:30.840] [INFO] 结果: FAIL | 用时: 0.169s
[2025-09-09 19:42:30.852] [INFO] ==== 执行用例 #7548 ====
[2025-09-09 19:42:30.865] [INFO] 参数: {'screen_on': 1, 'brightness': 3, 'digital': 50, 'logo': 1, 'rim_state': 0, 'rdygo': 0, 'turn_left': 1, 'turn_right': 1, 'ring': 2} | 备注: nan
[2025-09-09 19:42:30.896] [DEBUG] 修改后的LED显示信息:
[2025-09-09 19:42:30.907] [INFO]   屏幕状态: 开
  亮度级别: 3
  数字显示: 50
  LOGO状态: 1 (0关, 1白, 2红)
  护盾状态: 0 (0关, 1白, 2绿)
  ReadyGo状态: 0 (0关, 1白, 2红)
  左转向灯: 1 (0关, 1白, 2橙)
  右转向灯: 1 (0关, 1白, 2橙)
  灯环状态: 2 (0关, 1蓝, 2红)
[2025-09-09 19:42:30.929] [DEBUG] 组包成功，数据长度: 21 字节
[2025-09-09 19:42:30.940] [DEBUG] 发送数据: A5 60 9F A5 03 0D 3B 3A 33 33 33 E5 D3 37 33 33 33 33 33 C8 55
[2025-09-09 19:42:30.966] [DEBUG] 接收数据超时
[2025-09-09 19:42:30.974] [DEBUG] 组包成功，数据长度: 21 字节
[2025-09-09 19:42:30.987] [DEBUG] 发送数据: A5 60 9F A5 01 0D 3B 3A 33 33 33 E5 D3 37 33 33 33 33 33 8F 55
[2025-09-09 19:42:31.007] [DEBUG] 接收数据超时
[2025-09-09 19:42:31.021] [INFO] 结果: FAIL | 用时: 0.169s
[2025-09-09 19:42:31.029] [INFO] ==== 执行用例 #7975 ====
[2025-09-09 19:42:31.037] [INFO] 参数: {'screen_on': 1, 'brightness': 3, 'digital': 50, 'logo': 2, 'rim_state': 2, 'rdygo': 1, 'turn_left': 1, 'turn_right': 0, 'ring': 0} | 备注: nan
[2025-09-09 19:42:31.071] [DEBUG] 修改后的LED显示信息:
[2025-09-09 19:42:31.083] [INFO]   屏幕状态: 开
  亮度级别: 3
  数字显示: 50
  LOGO状态: 2 (0关, 1白, 2红)
  护盾状态: 2 (0关, 1白, 2绿)
  ReadyGo状态: 1 (0关, 1白, 2红)
  左转向灯: 1 (0关, 1白, 2橙)
  右转向灯: 0 (0关, 1白, 2橙)
  灯环状态: 0 (0关, 1蓝, 2红)
[2025-09-09 19:42:31.100] [DEBUG] 组包成功，数据长度: 21 字节
[2025-09-09 19:42:31.112] [DEBUG] 发送数据: A5 60 9F A5 03 0D 3B 3A 33 33 33 65 60 33 33 33 33 33 33 D7 55
[2025-09-09 19:42:31.135] [DEBUG] 接收数据超时
[2025-09-09 19:42:31.146] [DEBUG] 组包成功，数据长度: 21 字节
[2025-09-09 19:42:31.155] [DEBUG] 发送数据: A5 60 9F A5 01 0D 3B 3A 33 33 33 65 60 33 33 33 33 33 33 90 55
[2025-09-09 19:42:31.180] [DEBUG] 接收数据超时
[2025-09-09 19:42:31.192] [INFO] 结果: FAIL | 用时: 0.164s
[2025-09-09 19:42:31.201] [INFO] ==== 执行用例 #8146 ====
[2025-09-09 19:42:31.209] [INFO] 参数: {'screen_on': 1, 'brightness': 3, 'digital': 100, 'logo': 0, 'rim_state': 1, 'rdygo': 1, 'turn_left': 2, 'turn_right': 0, 'ring': 0} | 备注: nan
[2025-09-09 19:42:31.243] [DEBUG] 修改后的LED显示信息:
[2025-09-09 19:42:31.257] [INFO]   屏幕状态: 开
  亮度级别: 3
  数字显示: 100
  LOGO状态: 0 (0关, 1白, 2红)
  护盾状态: 1 (0关, 1白, 2绿)
  ReadyGo状态: 1 (0关, 1白, 2红)
  左转向灯: 2 (0关, 1白, 2橙)
  右转向灯: 0 (0关, 1白, 2橙)
  灯环状态: 0 (0关, 1蓝, 2红)
[2025-09-09 19:42:31.275] [DEBUG] 组包成功，数据长度: 21 字节
[2025-09-09 19:42:31.288] [DEBUG] 发送数据: A5 60 9F A5 03 0D 3B 3A 33 33 33 97 7D 33 33 33 33 33 33 04 55
[2025-09-09 19:42:31.312] [DEBUG] 接收数据超时
[2025-09-09 19:42:31.325] [DEBUG] 组包成功，数据长度: 21 字节
[2025-09-09 19:42:31.338] [DEBUG] 发送数据: A5 60 9F A5 01 0D 3B 3A 33 33 33 97 7D 33 33 33 33 33 33 43 55
[2025-09-09 19:42:31.360] [DEBUG] 接收数据超时
[2025-09-09 19:42:31.370] [INFO] 结果: FAIL | 用时: 0.169s
[2025-09-09 19:42:31.382] [INFO] ==== 执行用例 #9520 ====
[2025-09-09 19:42:31.391] [INFO] 参数: {'screen_on': 1, 'brightness': 4, 'digital': 50, 'logo': 0, 'rim_state': 0, 'rdygo': 1, 'turn_left': 1, 'turn_right': 2, 'ring': 0} | 备注: nan
[2025-09-09 19:42:31.423] [DEBUG] 修改后的LED显示信息:
[2025-09-09 19:42:31.438] [INFO]   屏幕状态: 开
  亮度级别: 4
  数字显示: 50
  LOGO状态: 0 (0关, 1白, 2红)
  护盾状态: 0 (0关, 1白, 2绿)
  ReadyGo状态: 1 (0关, 1白, 2红)
  左转向灯: 1 (0关, 1白, 2橙)
  右转向灯: 2 (0关, 1白, 2橙)
  灯环状态: 0 (0关, 1蓝, 2红)
[2025-09-09 19:42:31.457] [DEBUG] 组包成功，数据长度: 21 字节
[2025-09-09 19:42:31.465] [DEBUG] 发送数据: A5 60 9F A5 03 0D 3B 3C 33 33 33 65 5B 34 33 33 33 33 33 67 55
[2025-09-09 19:42:31.491] [DEBUG] 接收数据超时
[2025-09-09 19:42:31.500] [DEBUG] 组包成功，数据长度: 21 字节
[2025-09-09 19:42:31.512] [DEBUG] 发送数据: A5 60 9F A5 01 0D 3B 3C 33 33 33 65 5B 34 33 33 33 33 33 20 55
[2025-09-09 19:42:31.533] [DEBUG] 接收数据超时
[2025-09-09 19:42:31.544] [INFO] 结果: FAIL | 用时: 0.161s
[2025-09-09 19:42:31.554] [INFO] ==== 执行用例 #9922 ====
[2025-09-09 19:42:31.563] [INFO] 参数: {'screen_on': 1, 'brightness': 4, 'digital': 50, 'logo': 1, 'rim_state': 2, 'rdygo': 1, 'turn_left': 1, 'turn_right': 1, 'ring': 0} | 备注: nan
[2025-09-09 19:42:31.596] [DEBUG] 修改后的LED显示信息:
[2025-09-09 19:42:31.608] [INFO]   屏幕状态: 开
  亮度级别: 4
  数字显示: 50
  LOGO状态: 1 (0关, 1白, 2红)
  护盾状态: 2 (0关, 1白, 2绿)
  ReadyGo状态: 1 (0关, 1白, 2红)
  左转向灯: 1 (0关, 1白, 2橙)
  右转向灯: 1 (0关, 1白, 2橙)
  灯环状态: 0 (0关, 1蓝, 2红)
[2025-09-09 19:42:31.624] [DEBUG] 组包成功，数据长度: 21 字节
[2025-09-09 19:42:31.637] [DEBUG] 发送数据: A5 60 9F A5 03 0D 3B 3C 33 33 33 E5 DF 33 33 33 33 33 33 1A 55
[2025-09-09 19:42:31.661] [DEBUG] 接收数据超时
[2025-09-09 19:42:31.674] [DEBUG] 组包成功，数据长度: 21 字节
[2025-09-09 19:42:31.686] [DEBUG] 发送数据: A5 60 9F A5 01 0D 3B 3C 33 33 33 E5 DF 33 33 33 33 33 33 5D 55
[2025-09-09 19:42:31.710] [DEBUG] 接收数据超时
[2025-09-09 19:42:31.721] [INFO] 结果: FAIL | 用时: 0.167s
[2025-09-09 19:42:31.731] [INFO] ==== 执行用例 #10023 ====
[2025-09-09 19:42:31.740] [INFO] 参数: {'screen_on': 1, 'brightness': 4, 'digital': 50, 'logo': 2, 'rim_state': 0, 'rdygo': 2, 'turn_left': 0, 'turn_right': 1, 'ring': 2} | 备注: nan
[2025-09-09 19:42:31.773] [DEBUG] 修改后的LED显示信息:
[2025-09-09 19:42:31.790] [INFO]   屏幕状态: 开
  亮度级别: 4
  数字显示: 50
  LOGO状态: 2 (0关, 1白, 2红)
  护盾状态: 0 (0关, 1白, 2绿)
  ReadyGo状态: 2 (0关, 1白, 2红)
  左转向灯: 0 (0关, 1白, 2橙)
  右转向灯: 1 (0关, 1白, 2橙)
  灯环状态: 2 (0关, 1蓝, 2红)
[2025-09-09 19:42:31.807] [DEBUG] 组包成功，数据长度: 21 字节
[2025-09-09 19:42:31.821] [DEBUG] 发送数据: A5 60 9F A5 03 0D 3B 3C 33 33 33 65 C4 37 33 33 33 33 33 85 55
[2025-09-09 19:42:31.845] [DEBUG] 接收数据超时
[2025-09-09 19:42:31.859] [DEBUG] 组包成功，数据长度: 21 字节
[2025-09-09 19:42:31.870] [DEBUG] 发送数据: A5 60 9F A5 01 0D 3B 3C 33 33 33 65 C4 37 33 33 33 33 33 C2 55
[2025-09-09 19:42:31.893] [DEBUG] 接收数据超时
[2025-09-09 19:42:31.905] [INFO] 结果: FAIL | 用时: 0.174s
[2025-09-09 19:42:31.913] [INFO] ==== 执行用例 #10068 ====
[2025-09-09 19:42:31.921] [INFO] 参数: {'screen_on': 1, 'brightness': 4, 'digital': 50, 'logo': 2, 'rim_state': 1, 'rdygo': 0, 'turn_left': 2, 'turn_right': 1, 'ring': 2} | 备注: nan
[2025-09-09 19:42:31.955] [DEBUG] 修改后的LED显示信息:
[2025-09-09 19:42:31.969] [INFO]   屏幕状态: 开
  亮度级别: 4
  数字显示: 50
  LOGO状态: 2 (0关, 1白, 2红)
  护盾状态: 1 (0关, 1白, 2绿)
  ReadyGo状态: 0 (0关, 1白, 2红)
  左转向灯: 2 (0关, 1白, 2橙)
  右转向灯: 1 (0关, 1白, 2橙)
  灯环状态: 2 (0关, 1蓝, 2红)
[2025-09-09 19:42:31.991] [DEBUG] 组包成功，数据长度: 21 字节
[2025-09-09 19:42:32.006] [DEBUG] 发送数据: A5 60 9F A5 03 0D 3B 3C 33 33 33 65 F6 37 33 33 33 33 33 C9 55
[2025-09-09 19:42:32.029] [DEBUG] 接收数据超时
[2025-09-09 19:42:32.042] [DEBUG] 组包成功，数据长度: 21 字节
[2025-09-09 19:42:32.054] [DEBUG] 发送数据: A5 60 9F A5 01 0D 3B 3C 33 33 33 65 F6 37 33 33 33 33 33 8E 55
[2025-09-09 19:42:32.075] [DEBUG] 接收数据超时
[2025-09-09 19:42:32.088] [INFO] 结果: FAIL | 用时: 0.175s
[2025-09-09 19:42:32.100] [INFO] ==== 执行用例 #10282 ====
[2025-09-09 19:42:32.109] [INFO] 参数: {'screen_on': 1, 'brightness': 4, 'digital': 100, 'logo': 0, 'rim_state': 0, 'rdygo': 2, 'turn_left': 2, 'turn_right': 1, 'ring': 0} | 备注: nan
[2025-09-09 19:42:32.142] [DEBUG] 修改后的LED显示信息:
[2025-09-09 19:42:32.155] [INFO]   屏幕状态: 开
  亮度级别: 4
  数字显示: 100
  LOGO状态: 0 (0关, 1白, 2红)
  护盾状态: 0 (0关, 1白, 2绿)
  ReadyGo状态: 2 (0关, 1白, 2红)
  左转向灯: 2 (0关, 1白, 2橙)
  右转向灯: 1 (0关, 1白, 2橙)
  灯环状态: 0 (0关, 1蓝, 2红)
[2025-09-09 19:42:32.174] [DEBUG] 组包成功，数据长度: 21 字节
[2025-09-09 19:42:32.185] [DEBUG] 发送数据: A5 60 9F A5 03 0D 3B 3C 33 33 33 97 03 33 33 33 33 33 33 D5 55
[2025-09-09 19:42:32.212] [DEBUG] 接收数据超时
[2025-09-09 19:42:32.223] [DEBUG] 组包成功，数据长度: 21 字节
[2025-09-09 19:42:32.235] [DEBUG] 发送数据: A5 60 9F A5 01 0D 3B 3C 33 33 33 97 03 33 33 33 33 33 33 92 55
[2025-09-09 19:42:32.256] [DEBUG] 接收数据超时
[2025-09-09 19:42:32.264] [INFO] 结果: FAIL | 用时: 0.164s
[2025-09-09 19:42:32.276] [INFO] ==== 执行用例 #10509 ====
[2025-09-09 19:42:32.285] [INFO] 参数: {'screen_on': 1, 'brightness': 4, 'digital': 100, 'logo': 1, 'rim_state': 0, 'rdygo': 2, 'turn_left': 0, 'turn_right': 1, 'ring': 2} | 备注: nan
[2025-09-09 19:42:32.318] [DEBUG] 修改后的LED显示信息:
[2025-09-09 19:42:32.330] [INFO]   屏幕状态: 开
  亮度级别: 4
  数字显示: 100
  LOGO状态: 1 (0关, 1白, 2红)
  护盾状态: 0 (0关, 1白, 2绿)
  ReadyGo状态: 2 (0关, 1白, 2红)
  左转向灯: 0 (0关, 1白, 2橙)
  右转向灯: 1 (0关, 1白, 2橙)
  灯环状态: 2 (0关, 1蓝, 2红)
[2025-09-09 19:42:32.351] [DEBUG] 组包成功，数据长度: 21 字节
[2025-09-09 19:42:32.362] [DEBUG] 发送数据: A5 60 9F A5 03 0D 3B 3C 33 33 33 17 C3 37 33 33 33 33 33 56 55
[2025-09-09 19:42:32.387] [DEBUG] 接收数据超时
[2025-09-09 19:42:32.399] [DEBUG] 组包成功，数据长度: 21 字节
[2025-09-09 19:42:32.408] [DEBUG] 发送数据: A5 60 9F A5 01 0D 3B 3C 33 33 33 17 C3 37 33 33 33 33 33 11 55
[2025-09-09 19:42:32.432] [DEBUG] 接收数据超时
[2025-09-09 19:42:32.442] [INFO] 结果: FAIL | 用时: 0.166s
[2025-09-09 19:42:32.452] [INFO] ==== 执行用例 #11108 ====
[2025-09-09 19:42:32.461] [INFO] 参数: {'screen_on': 1, 'brightness': 5, 'digital': 0, 'logo': 0, 'rim_state': 2, 'rdygo': 0, 'turn_left': 1, 'turn_right': 0, 'ring': 1} | 备注: nan
[2025-09-09 19:42:32.490] [DEBUG] 修改后的LED显示信息:
[2025-09-09 19:42:32.502] [INFO]   屏幕状态: 开
  亮度级别: 5
  数字显示: 0
  LOGO状态: 0 (0关, 1白, 2红)
  护盾状态: 2 (0关, 1白, 2绿)
  ReadyGo状态: 0 (0关, 1白, 2红)
  左转向灯: 1 (0关, 1白, 2橙)
  右转向灯: 0 (0关, 1白, 2橙)
  灯环状态: 1 (0关, 1蓝, 2红)
[2025-09-09 19:42:32.524] [DEBUG] 组包成功，数据长度: 21 字节
[2025-09-09 19:42:32.532] [DEBUG] 发送数据: A5 60 9F A5 03 0D 3B 3E 33 33 33 33 57 35 33 33 33 33 33 6E 55
[2025-09-09 19:42:32.558] [DEBUG] 接收数据超时
[2025-09-09 19:42:32.566] [DEBUG] 组包成功，数据长度: 21 字节
[2025-09-09 19:42:32.577] [DEBUG] 发送数据: A5 60 9F A5 01 0D 3B 3E 33 33 33 33 57 35 33 33 33 33 33 29 55
[2025-09-09 19:42:32.599] [DEBUG] 接收数据超时
[2025-09-09 19:42:32.611] [INFO] 结果: FAIL | 用时: 0.158s
[2025-09-09 19:42:32.621] [INFO] ==== 执行用例 #11309 ====
[2025-09-09 19:42:32.629] [INFO] 参数: {'screen_on': 1, 'brightness': 5, 'digital': 0, 'logo': 1, 'rim_state': 1, 'rdygo': 1, 'turn_left': 2, 'turn_right': 1, 'ring': 1} | 备注: nan
[2025-09-09 19:42:32.663] [DEBUG] 修改后的LED显示信息:
[2025-09-09 19:42:32.671] [INFO]   屏幕状态: 开
  亮度级别: 5
  数字显示: 0
  LOGO状态: 1 (0关, 1白, 2红)
  护盾状态: 1 (0关, 1白, 2绿)
  ReadyGo状态: 1 (0关, 1白, 2红)
  左转向灯: 2 (0关, 1白, 2橙)
  右转向灯: 1 (0关, 1白, 2橙)
  灯环状态: 1 (0关, 1蓝, 2红)
[2025-09-09 19:42:32.692] [DEBUG] 组包成功，数据长度: 21 字节
[2025-09-09 19:42:32.707] [DEBUG] 发送数据: A5 60 9F A5 03 0D 3B 3E 33 33 33 B3 FD 35 33 33 33 33 33 82 55
[2025-09-09 19:42:32.729] [DEBUG] 接收数据超时
[2025-09-09 19:42:32.744] [DEBUG] 组包成功，数据长度: 21 字节
[2025-09-09 19:42:32.753] [DEBUG] 发送数据: A5 60 9F A5 01 0D 3B 3E 33 33 33 B3 FD 35 33 33 33 33 33 C5 55
[2025-09-09 19:42:32.776] [DEBUG] 接收数据超时
[2025-09-09 19:42:32.788] [INFO] 结果: FAIL | 用时: 0.168s
[2025-09-09 19:42:32.796] [INFO] ==== 执行用例 #11460 ====
[2025-09-09 19:42:32.809] [INFO] 参数: {'screen_on': 1, 'brightness': 5, 'digital': 0, 'logo': 2, 'rim_state': 0, 'rdygo': 1, 'turn_left': 1, 'turn_right': 0, 'ring': 2} | 备注: nan
[2025-09-09 19:42:32.841] [DEBUG] 修改后的LED显示信息:
[2025-09-09 19:42:32.857] [INFO]   屏幕状态: 开
  亮度级别: 5
  数字显示: 0
  LOGO状态: 2 (0关, 1白, 2红)
  护盾状态: 0 (0关, 1白, 2绿)
  ReadyGo状态: 1 (0关, 1白, 2红)
  左转向灯: 1 (0关, 1白, 2橙)
  右转向灯: 0 (0关, 1白, 2橙)
  灯环状态: 2 (0关, 1蓝, 2红)
[2025-09-09 19:42:32.877] [DEBUG] 组包成功，数据长度: 21 字节
[2025-09-09 19:42:32.887] [DEBUG] 发送数据: A5 60 9F A5 03 0D 3B 3E 33 33 33 33 5C 37 33 33 33 33 33 AD 55
[2025-09-09 19:42:32.912] [DEBUG] 接收数据超时
[2025-09-09 19:42:32.920] [DEBUG] 组包成功，数据长度: 21 字节
[2025-09-09 19:42:32.934] [DEBUG] 发送数据: A5 60 9F A5 01 0D 3B 3E 33 33 33 33 5C 37 33 33 33 33 33 EA 55
[2025-09-09 19:42:32.958] [DEBUG] 接收数据超时
[2025-09-09 19:42:32.965] [INFO] 结果: FAIL | 用时: 0.169s
[2025-09-09 19:42:32.974] [INFO] ==== 执行用例 #12960 ====
[2025-09-09 19:42:32.986] [INFO] 参数: {'screen_on': 1, 'brightness': 5, 'digital': 100, 'logo': 2, 'rim_state': 0, 'rdygo': 2, 'turn_left': 2, 'turn_right': 2, 'ring': 2} | 备注: nan
[2025-09-09 19:42:33.018] [DEBUG] 修改后的LED显示信息:
[2025-09-09 19:42:33.032] [INFO]   屏幕状态: 开
  亮度级别: 5
  数字显示: 100
  LOGO状态: 2 (0关, 1白, 2红)
  护盾状态: 0 (0关, 1白, 2绿)
  ReadyGo状态: 2 (0关, 1白, 2红)
  左转向灯: 2 (0关, 1白, 2橙)
  右转向灯: 2 (0关, 1白, 2橙)
  灯环状态: 2 (0关, 1蓝, 2红)
[2025-09-09 19:42:33.049] [DEBUG] 组包成功，数据长度: 21 字节
[2025-09-09 19:42:33.061] [DEBUG] 发送数据: A5 60 9F A5 03 0D 3B 3E 33 33 33 97 84 38 33 33 33 33 33 9E 55
[2025-09-09 19:42:33.084] [DEBUG] 接收数据超时
[2025-09-09 19:42:33.095] [DEBUG] 组包成功，数据长度: 21 字节
[2025-09-09 19:42:33.107] [DEBUG] 发送数据: A5 60 9F A5 01 0D 3B 3E 33 33 33 97 84 38 33 33 33 33 33 D9 55
[2025-09-09 19:42:33.131] [DEBUG] 接收数据超时
[2025-09-09 19:42:33.141] [INFO] 结果: FAIL | 用时: 0.167s
[2025-09-09 19:42:33.152] [INFO] ==== 执行用例 #13191 ====
[2025-09-09 19:42:33.162] [INFO] 参数: {'screen_on': 1, 'brightness': 6, 'digital': 0, 'logo': 0, 'rim_state': 0, 'rdygo': 2, 'turn_left': 1, 'turn_right': 1, 'ring': 2} | 备注: nan
[2025-09-09 19:42:33.193] [DEBUG] 修改后的LED显示信息:
[2025-09-09 19:42:33.209] [INFO]   屏幕状态: 开
  亮度级别: 6
  数字显示: 0
  LOGO状态: 0 (0关, 1白, 2红)
  护盾状态: 0 (0关, 1白, 2绿)
  ReadyGo状态: 2 (0关, 1白, 2红)
  左转向灯: 1 (0关, 1白, 2橙)
  右转向灯: 1 (0关, 1白, 2橙)
  灯环状态: 2 (0关, 1蓝, 2红)
[2025-09-09 19:42:33.230] [DEBUG] 组包成功，数据长度: 21 字节
[2025-09-09 19:42:33.242] [DEBUG] 发送数据: A5 60 9F A5 03 0D 3B 40 33 33 33 33 E3 37 33 33 33 33 33 02 55
[2025-09-09 19:42:33.267] [DEBUG] 接收数据超时
[2025-09-09 19:42:33.280] [DEBUG] 组包成功，数据长度: 21 字节
[2025-09-09 19:42:33.290] [DEBUG] 发送数据: A5 60 9F A5 01 0D 3B 40 33 33 33 33 E3 37 33 33 33 33 33 45 55
[2025-09-09 19:42:33.313] [DEBUG] 接收数据超时
[2025-09-09 19:42:33.321] [INFO] 结果: FAIL | 用时: 0.169s
[2025-09-09 19:42:33.333] [INFO] ==== 执行用例 #13602 ====
[2025-09-09 19:42:33.343] [INFO] 参数: {'screen_on': 1, 'brightness': 6, 'digital': 0, 'logo': 1, 'rim_state': 2, 'rdygo': 2, 'turn_left': 2, 'turn_right': 0, 'ring': 2} | 备注: nan
[2025-09-09 19:42:33.375] [DEBUG] 修改后的LED显示信息:
[2025-09-09 19:42:33.387] [INFO]   屏幕状态: 开
  亮度级别: 6
  数字显示: 0
  LOGO状态: 1 (0关, 1白, 2红)
  护盾状态: 2 (0关, 1白, 2绿)
  ReadyGo状态: 2 (0关, 1白, 2红)
  左转向灯: 2 (0关, 1白, 2橙)
  右转向灯: 0 (0关, 1白, 2橙)
  灯环状态: 2 (0关, 1蓝, 2红)
[2025-09-09 19:42:33.408] [DEBUG] 组包成功，数据长度: 21 字节
[2025-09-09 19:42:33.420] [DEBUG] 发送数据: A5 60 9F A5 03 0D 3B 40 33 33 33 B3 87 37 33 33 33 33 33 62 55
[2025-09-09 19:42:33.447] [DEBUG] 接收数据超时
[2025-09-09 19:42:33.455] [DEBUG] 组包成功，数据长度: 21 字节
[2025-09-09 19:42:33.468] [DEBUG] 发送数据: A5 60 9F A5 01 0D 3B 40 33 33 33 B3 87 37 33 33 33 33 33 25 55
[2025-09-09 19:42:33.489] [DEBUG] 接收数据超时
[2025-09-09 19:42:33.499] [INFO] 结果: FAIL | 用时: 0.166s
[2025-09-09 19:42:33.510] [INFO] ==== 执行用例 #14453 ====
[2025-09-09 19:42:33.518] [INFO] 参数: {'screen_on': 1, 'brightness': 6, 'digital': 50, 'logo': 2, 'rim_state': 1, 'rdygo': 1, 'turn_left': 0, 'turn_right': 2, 'ring': 1} | 备注: nan
[2025-09-09 19:42:33.551] [DEBUG] 修改后的LED显示信息:
[2025-09-09 19:42:33.563] [INFO]   屏幕状态: 开
  亮度级别: 6
  数字显示: 50
  LOGO状态: 2 (0关, 1白, 2红)
  护盾状态: 1 (0关, 1白, 2绿)
  ReadyGo状态: 1 (0关, 1白, 2红)
  左转向灯: 0 (0关, 1白, 2橙)
  右转向灯: 2 (0关, 1白, 2橙)
  灯环状态: 1 (0关, 1蓝, 2红)
[2025-09-09 19:42:33.579] [DEBUG] 组包成功，数据长度: 21 字节
[2025-09-09 19:42:33.596] [DEBUG] 发送数据: A5 60 9F A5 03 0D 3B 40 33 33 33 65 3E 36 33 33 33 33 33 D5 55
[2025-09-09 19:42:33.621] [DEBUG] 接收数据超时
[2025-09-09 19:42:33.634] [DEBUG] 组包成功，数据长度: 21 字节
[2025-09-09 19:42:33.645] [DEBUG] 发送数据: A5 60 9F A5 01 0D 3B 40 33 33 33 65 3E 36 33 33 33 33 33 92 55
[2025-09-09 19:42:33.669] [DEBUG] 接收数据超时
[2025-09-09 19:42:33.681] [INFO] 结果: FAIL | 用时: 0.171s
[2025-09-09 19:42:33.694] [INFO] ==== 执行用例 #14934 ====
[2025-09-09 19:42:33.702] [INFO] 参数: {'screen_on': 1, 'brightness': 6, 'digital': 100, 'logo': 1, 'rim_state': 1, 'rdygo': 1, 'turn_left': 0, 'turn_right': 0, 'ring': 2} | 备注: nan
[2025-09-09 19:42:33.735] [DEBUG] 修改后的LED显示信息:
[2025-09-09 19:42:33.748] [INFO]   屏幕状态: 开
  亮度级别: 6
  数字显示: 100
  LOGO状态: 1 (0关, 1白, 2红)
  护盾状态: 1 (0关, 1白, 2绿)
  ReadyGo状态: 1 (0关, 1白, 2红)
  左转向灯: 0 (0关, 1白, 2橙)
  右转向灯: 0 (0关, 1白, 2橙)
  灯环状态: 2 (0关, 1蓝, 2红)
[2025-09-09 19:42:33.765] [DEBUG] 组包成功，数据长度: 21 字节
[2025-09-09 19:42:33.779] [DEBUG] 发送数据: A5 60 9F A5 03 0D 3B 40 33 33 33 17 3D 37 33 33 33 33 33 46 55
[2025-09-09 19:42:33.806] [DEBUG] 接收数据超时
[2025-09-09 19:42:33.815] [DEBUG] 组包成功，数据长度: 21 字节
[2025-09-09 19:42:33.823] [DEBUG] 发送数据: A5 60 9F A5 01 0D 3B 40 33 33 33 17 3D 37 33 33 33 33 33 01 55
[2025-09-09 19:42:33.848] [DEBUG] 接收数据超时
[2025-09-09 19:42:33.856] [INFO] 结果: FAIL | 用时: 0.163s
[2025-09-09 19:42:33.865] [INFO] ==== 执行用例 #15192 ====
[2025-09-09 19:42:33.874] [INFO] 参数: {'screen_on': 1, 'brightness': 6, 'digital': 100, 'logo': 2, 'rim_state': 1, 'rdygo': 1, 'turn_left': 1, 'turn_right': 2, 'ring': 2} | 备注: nan
[2025-09-09 19:42:33.904] [DEBUG] 修改后的LED显示信息:
[2025-09-09 19:42:33.916] [INFO]   屏幕状态: 开
  亮度级别: 6
  数字显示: 100
  LOGO状态: 2 (0关, 1白, 2红)
  护盾状态: 1 (0关, 1白, 2绿)
  ReadyGo状态: 1 (0关, 1白, 2红)
  左转向灯: 1 (0关, 1白, 2橙)
  右转向灯: 2 (0关, 1白, 2橙)
  灯环状态: 2 (0关, 1蓝, 2红)
[2025-09-09 19:42:33.937] [DEBUG] 组包成功，数据长度: 21 字节
[2025-09-09 19:42:33.948] [DEBUG] 发送数据: A5 60 9F A5 03 0D 3B 40 33 33 33 97 5E 38 33 33 33 33 33 7E 55
[2025-09-09 19:42:33.972] [DEBUG] 接收数据超时
[2025-09-09 19:42:33.984] [DEBUG] 组包成功，数据长度: 21 字节
[2025-09-09 19:42:33.996] [DEBUG] 发送数据: A5 60 9F A5 01 0D 3B 40 33 33 33 97 5E 38 33 33 33 33 33 39 55
[2025-09-09 19:42:34.017] [DEBUG] 接收数据超时
[2025-09-09 19:42:34.025] [INFO] 结果: FAIL | 用时: 0.160s
[2025-09-09 19:42:34.037] [INFO] ==== 执行用例 #15583 ====
[2025-09-09 19:42:34.046] [INFO] 参数: {'screen_on': 1, 'brightness': 7, 'digital': 0, 'logo': 1, 'rim_state': 0, 'rdygo': 1, 'turn_left': 0, 'turn_right': 1, 'ring': 0} | 备注: nan
[2025-09-09 19:42:34.076] [DEBUG] 修改后的LED显示信息:
[2025-09-09 19:42:34.088] [INFO]   屏幕状态: 开
  亮度级别: 7
  数字显示: 0
  LOGO状态: 1 (0关, 1白, 2红)
  护盾状态: 0 (0关, 1白, 2绿)
  ReadyGo状态: 1 (0关, 1白, 2红)
  左转向灯: 0 (0关, 1白, 2橙)
  右转向灯: 1 (0关, 1白, 2橙)
  灯环状态: 0 (0关, 1蓝, 2红)
[2025-09-09 19:42:34.107] [DEBUG] 组包成功，数据长度: 21 字节
[2025-09-09 19:42:34.119] [DEBUG] 发送数据: A5 60 9F A5 03 0D 3B 42 33 33 33 B3 BB 33 33 33 33 33 33 AB 55
[2025-09-09 19:42:34.144] [DEBUG] 接收数据超时
[2025-09-09 19:42:34.152] [DEBUG] 组包成功，数据长度: 21 字节
[2025-09-09 19:42:34.164] [DEBUG] 发送数据: A5 60 9F A5 01 0D 3B 42 33 33 33 B3 BB 33 33 33 33 33 33 EC 55
[2025-09-09 19:42:34.189] [DEBUG] 接收数据超时
[2025-09-09 19:42:34.197] [INFO] 结果: FAIL | 用时: 0.160s
[2025-09-09 19:42:34.205] [INFO] ==== 执行用例 #16100 ====
[2025-09-09 19:42:34.214] [INFO] 参数: {'screen_on': 1, 'brightness': 7, 'digital': 50, 'logo': 0, 'rim_state': 0, 'rdygo': 2, 'turn_left': 0, 'turn_right': 2, 'ring': 1} | 备注: nan
[2025-09-09 19:42:34.245] [DEBUG] 修改后的LED显示信息:
[2025-09-09 19:42:34.261] [INFO]   屏幕状态: 开
  亮度级别: 7
  数字显示: 50
  LOGO状态: 0 (0关, 1白, 2红)
  护盾状态: 0 (0关, 1白, 2绿)
  ReadyGo状态: 2 (0关, 1白, 2红)
  左转向灯: 0 (0关, 1白, 2橙)
  右转向灯: 2 (0关, 1白, 2橙)
  灯环状态: 1 (0关, 1蓝, 2红)
[2025-09-09 19:42:34.278] [DEBUG] 组包成功，数据长度: 21 字节
[2025-09-09 19:42:34.286] [DEBUG] 发送数据: A5 60 9F A5 03 0D 3B 42 33 33 33 65 43 36 33 33 33 33 33 99 55
[2025-09-09 19:42:34.315] [DEBUG] 接收数据超时
[2025-09-09 19:42:34.328] [DEBUG] 组包成功，数据长度: 21 字节
[2025-09-09 19:42:34.336] [DEBUG] 发送数据: A5 60 9F A5 01 0D 3B 42 33 33 33 65 43 36 33 33 33 33 33 DE 55
[2025-09-09 19:42:34.358] [DEBUG] 接收数据超时
[2025-09-09 19:42:34.367] [INFO] 结果: FAIL | 用时: 0.161s
[2025-09-09 19:42:34.376] [INFO] ==== 执行用例 #16418 ====
[2025-09-09 19:42:34.384] [INFO] 参数: {'screen_on': 1, 'brightness': 7, 'digital': 50, 'logo': 1, 'rim_state': 1, 'rdygo': 2, 'turn_left': 0, 'turn_right': 0, 'ring': 1} | 备注: nan
[2025-09-09 19:42:34.418] [DEBUG] 修改后的LED显示信息:
[2025-09-09 19:42:34.430] [INFO]   屏幕状态: 开
  亮度级别: 7
  数字显示: 50
  LOGO状态: 1 (0关, 1白, 2红)
  护盾状态: 1 (0关, 1白, 2绿)
  ReadyGo状态: 2 (0关, 1白, 2红)
  左转向灯: 0 (0关, 1白, 2橙)
  右转向灯: 0 (0关, 1白, 2橙)
  灯环状态: 1 (0关, 1蓝, 2红)
[2025-09-09 19:42:34.447] [DEBUG] 组包成功，数据长度: 21 字节
[2025-09-09 19:42:34.455] [DEBUG] 发送数据: A5 60 9F A5 03 0D 3B 42 33 33 33 E5 45 35 33 33 33 33 33 11 55
[2025-09-09 19:42:34.481] [DEBUG] 接收数据超时
[2025-09-09 19:42:34.494] [DEBUG] 组包成功，数据长度: 21 字节
[2025-09-09 19:42:34.505] [DEBUG] 发送数据: A5 60 9F A5 01 0D 3B 42 33 33 33 E5 45 35 33 33 33 33 33 56 55
[2025-09-09 19:42:34.528] [DEBUG] 接收数据超时
[2025-09-09 19:42:34.538] [INFO] 结果: FAIL | 用时: 0.162s
[2025-09-09 19:42:34.552] [INFO] ==== 执行用例 #16485 ====
[2025-09-09 19:42:34.563] [INFO] 参数: {'screen_on': 1, 'brightness': 7, 'digital': 50, 'logo': 1, 'rim_state': 2, 'rdygo': 1, 'turn_left': 1, 'turn_right': 1, 'ring': 2} | 备注: nan
[2025-09-09 19:42:34.601] [DEBUG] 修改后的LED显示信息:
[2025-09-09 19:42:34.614] [INFO]   屏幕状态: 开
  亮度级别: 7
  数字显示: 50
  LOGO状态: 1 (0关, 1白, 2红)
  护盾状态: 2 (0关, 1白, 2绿)
  ReadyGo状态: 1 (0关, 1白, 2红)
  左转向灯: 1 (0关, 1白, 2橙)
  右转向灯: 1 (0关, 1白, 2橙)
  灯环状态: 2 (0关, 1蓝, 2红)
[2025-09-09 19:42:34.631] [DEBUG] 组包成功，数据长度: 21 字节
[2025-09-09 19:42:34.644] [DEBUG] 发送数据: A5 60 9F A5 03 0D 3B 42 33 33 33 E5 DF 37 33 33 33 33 33 79 55
[2025-09-09 19:42:34.669] [DEBUG] 接收数据超时
[2025-09-09 19:42:34.678] [DEBUG] 组包成功，数据长度: 21 字节
[2025-09-09 19:42:34.691] [DEBUG] 发送数据: A5 60 9F A5 01 0D 3B 42 33 33 33 E5 DF 37 33 33 33 33 33 3E 55
[2025-09-09 19:42:34.716] [DEBUG] 接收数据超时
[2025-09-09 19:42:34.725] [INFO] 结果: FAIL | 用时: 0.174s
[2025-09-09 19:42:34.733] [INFO] ==== 执行用例 #16555 ====
[2025-09-09 19:42:34.747] [INFO] 参数: {'screen_on': 1, 'brightness': 7, 'digital': 50, 'logo': 2, 'rim_state': 0, 'rdygo': 1, 'turn_left': 0, 'turn_right': 1, 'ring': 0} | 备注: nan
[2025-09-09 19:42:34.778] [DEBUG] 修改后的LED显示信息:
[2025-09-09 19:42:34.791] [INFO]   屏幕状态: 开
  亮度级别: 7
  数字显示: 50
  LOGO状态: 2 (0关, 1白, 2红)
  护盾状态: 0 (0关, 1白, 2绿)
  ReadyGo状态: 1 (0关, 1白, 2红)
  左转向灯: 0 (0关, 1白, 2橙)
  右转向灯: 1 (0关, 1白, 2橙)
  灯环状态: 0 (0关, 1蓝, 2红)
[2025-09-09 19:42:34.811] [DEBUG] 组包成功，数据长度: 21 字节
[2025-09-09 19:42:34.825] [DEBUG] 发送数据: A5 60 9F A5 03 0D 3B 42 33 33 33 65 BC 33 33 33 33 33 33 1D 55
[2025-09-09 19:42:34.849] [DEBUG] 接收数据超时
[2025-09-09 19:42:34.858] [DEBUG] 组包成功，数据长度: 21 字节
[2025-09-09 19:42:34.870] [DEBUG] 发送数据: A5 60 9F A5 01 0D 3B 42 33 33 33 65 BC 33 33 33 33 33 33 5A 55
[2025-09-09 19:42:34.895] [DEBUG] 接收数据超时
[2025-09-09 19:42:34.906] [INFO] 结果: FAIL | 用时: 0.173s
[2025-09-09 19:42:34.916] [INFO] ==== 执行用例 #20000 ====
[2025-09-09 19:42:34.924] [INFO] 参数: {'screen_on': 1, 'brightness': 1, 'digital': 1, 'logo': 1, 'rim_state': 1, 'rdygo': 1, 'turn_left': 1, 'turn_right': 1, 'ring': 1} | 备注: nan
[2025-09-09 19:42:34.958] [DEBUG] 修改后的LED显示信息:
[2025-09-09 19:42:34.971] [INFO]   屏幕状态: 开
  亮度级别: 1
  数字显示: 1
  LOGO状态: 1 (0关, 1白, 2红)
  护盾状态: 1 (0关, 1白, 2绿)
  ReadyGo状态: 1 (0关, 1白, 2红)
  左转向灯: 1 (0关, 1白, 2橙)
  右转向灯: 1 (0关, 1白, 2橙)
  灯环状态: 1 (0关, 1蓝, 2红)
[2025-09-09 19:42:34.995] [DEBUG] 组包成功，数据长度: 21 字节
[2025-09-09 19:42:35.003] [DEBUG] 发送数据: A5 60 9F A5 03 0D 3B 36 33 33 33 B4 DD 35 33 33 33 33 33 53 55
[2025-09-09 19:42:35.030] [DEBUG] 接收数据超时
[2025-09-09 19:42:35.042] [DEBUG] 组包成功，数据长度: 21 字节
[2025-09-09 19:42:35.054] [DEBUG] 发送数据: A5 60 9F A5 01 0D 3B 36 33 33 33 B4 DD 35 33 33 33 33 33 14 55
[2025-09-09 19:42:35.076] [DEBUG] 接收数据超时
[2025-09-09 19:42:35.088] [INFO] 结果: FAIL | 用时: 0.172s
[2025-09-09 19:42:35.096] [INFO] 开始压力循环: 次数=1, 间隔=0.5s, 参数={'screen_on': 1, 'brightness': 1, 'digital': 50, 'logo': 0, 'rim_state': 1, 'rdygo': 0, 'turn_left': 0, 'turn_right': 0, 'ring': 2}
[2025-09-09 19:42:35.126] [DEBUG] 修改后的LED显示信息:
[2025-09-09 19:42:35.139] [INFO]   屏幕状态: 开
  亮度级别: 1
  数字显示: 50
  LOGO状态: 0 (0关, 1白, 2红)
  护盾状态: 1 (0关, 1白, 2绿)
  ReadyGo状态: 0 (0关, 1白, 2红)
  左转向灯: 0 (0关, 1白, 2橙)
  右转向灯: 0 (0关, 1白, 2橙)
  灯环状态: 2 (0关, 1蓝, 2红)
[2025-09-09 19:42:35.156] [DEBUG] 组包成功，数据长度: 21 字节
[2025-09-09 19:42:35.169] [DEBUG] 发送数据: A5 60 9F A5 03 0D 3B 36 33 33 33 65 35 37 33 33 33 33 33 6A 55
[2025-09-09 19:42:35.194] [DEBUG] 接收数据: A5 60 9F A5 83 55 33 93 7F 63 64 33 33 33 33 33 33 33 33 33 33 33 33 33 33 33 33 33 33 33 33 33 33 33 33 33 33 33 33 33 33 33 33 89 66 69 66 65 85 64 63 64 76 63 64 92 75 A7 63 65 33 33 33 33 33 37 33 38 33 33 33 36 33 33 33 65 35 37 33 33 33 33 33 33 33 33 33 33 33 33 33 42 55 A5 60 9F A5 81 0D 3B 36 33 33 33 65 35 37 33 33 33 33 33 1A 55 A5 60 9F A5 83 55 33 93 7F 63 64 33 33 33 33 33 33 33 33 33 33 33 33 33 33 33 33 33 33 33 33 33 33 33 33 33 33 33 33 33 33 33 33 89 66 69 66 65 85 64 63 64 76 63 64 92 75 A7 63 65 33 33 33 33 33 37 33 38 33 33 33 38 33 33 33 65 33 37 33 33 33 33 33 33 33 33 33 33 33 33 33 EE 55 A5 60 9F A5 81 0D 3B 38 33 33 33 65 33 37 33 33 33 33 33 8C 55 A5 60 9F A5 83 55 33 93 7F 63 64 33 33 33 33 33 33 33 33 33 33 33 33 33 33 33 33 33 33 33 33 33 33 33 33 33 33 33 33 33 33 33 33 89 66 69 66 65 85 64 63 64 76 63 64 92 75 A7 63 65 33 33 33 33 33 37 33 38 33 33 33 3A 33 33 33 33 57 34 33 33 33 33 33 33 33 33 33 33 33 33 33 53 55 A5 60 9F A5 81 0D 3B 3A 33 33 33 33 57 34 33 33 33 33 33 92 55 A5 60 9F A5 83 55 33 93 7F 63 64 33 33 33 33 33 33 33 33 33 33 33 33 33 33 33 33 33 33 33 33 33 33 33 33 33 33 33 33 33 33 33 33 89 66 69 66 65 85 64 63 64 76 63 64 92 75 A7 63 65 33 33 33 33 33 37 33 38 33 33 33 3A 33 33 33 B3 5D 37 33 33 33 33 33 33 33 33 33 33 33 33 33 A2 55 A5 60 9F A5 81 0D 3B 3A 33 33 33 B3 5D 37 33 33 33 33 33 2C 55 A5 60 9F A5 83 55 33 93 7F 63 64 33 33 33 33 33 33 33 33 33 33 33 33 33 33 33 33 33 33 33 33 33 33 33 33 33 33 33 33 33 33 33 33 89 66 69 66 65 85 64 63 64 76 63 64 92 75 A7 63 65 33 33 33 33 33 37 33 37 33 33 33 3A 33 33 33 65 43 37 33 33 33 33 33 33 33 33 33 33 33 33 33 10 55 A5 60 9F A5 81 0D 3B 3A 33 33 33 65 43 37 33 33 33 33 33 3C 55 A5 60 9F A5 83 55 33 93 7F 63 64 33 33 33 33 33 33 33 33 33 33 33 33 33 33 33 33 33 33 33 33 33 33 33 33 33 33 33 33 33 33 33 33 89 66 69 66 65 85 64 63 64 76 63 64 92 75 A7 63 65 33 33 33 33 33 37 33 37 33 33 33 3A 33 33 33 E5 D3 37 33 33 33 33 33 33 33 33 33 33 33 33 33 3D 55 A5 60 9F A5 81 0D 3B 3A 33 33 33 E5 D3 37 33 33 33 33 33 B8 55 A5 60 9F A5 83 55 33 93 7F 63 64 33 33 33 33 33 33 33 33 33 33 33 33 33 33 33 33 33 33 33 33 33 33 33 33 33 33 33 33 33 33 33 33 89 66 69 66 65 85 64 63 64 76 63 64 92 75 A7 63 65 33 33 33 33 33 37 33 37 33 33 33 3A 33 33 33 65 60 33 33 33 33 33 33 33 33 33 33 33 33 33 33 E1 55 A5 60 9F A5 81 0D 3B 3A 33 33 33 65 60 33 33 33 33 33 33 A7 55 A5 60 9F A5 83 55 33 93 7F 63 64 33 33 33 33 33 33 33 33 33 33 33 33 33 33 33 33 33 33 33 33 33 33 33 33 33 33 33 33 33 33 33 33 89 66 69 66 65 85 64 63 64 76 63 64 92 75 A7 63 65 33 33 33 33 33 37 33 37 33 33 33 3A 33 33 33 97 7D 33 33 33 33 33 33 33 33 33 33 33 33 33 33 42 55 A5 60 9F A5 81 0D 3B 3A 33 33 33 97 7D 33 33 33 33 33 33 74 55 A5 60 9F A5 83 55 33 93 7F 63 64 33 33 33 33 33 33 33 33 33 33 33 33 33 33 33 33 33 33 33 33 33 33 33 33 33 33 33 33 33 33 33 33 89 66 69 66 65 85 64 63 64 76 63 64 92 75 A7 63 65 33 33 33 33 33 37 33 37 33 33 33 3C 33 33 33 65 5B 34 33 33 33 33 33 33 33 33 33 33 33 33 33 5A 55 A5 60 9F A5 81 0D 3B 3C 33 33 33 65 5B 34 33 33 33 33 33 17 55 A5 60 9F A5 83 55 33 93 7F 63 64 33 33 33 33 33 33 33 33 33 33 33 33 33 33 33 33 33 33 33 33 33 33 33 33 33 33 33 33 33 33 33 33 89 66 69 66 65 85 64 63 64 76 63 64 92 75 A7 63 65 33 33 33 33 33 37 33 37 33 33 33 3C 33 33 33 E5 DF 33 33 33 33 33 33 33 33 33 33 33 33 33 33 CB 55 A5 60 9F A5 81 0D 3B 3C 33 33 33 E5 DF 33 33 33 33 33 33 6A 55 A5 60 9F A5 83 55 33 93 7F 63 64 33 33 33 33 33 33 33 33 33 33 33 33 33 33 33 33 33 33 33 33 33 33 33 33 33 33 33 33 33 33 33 33 89 66 69 66 65 85 64 63 64 76 63 64 92 75 A7 63 65 33 33 33 33 33 37 33 37 33 33 33 3C 33 33 33 65 C4 37 33 33 33 33 33 33 33 33 33 33 33 33 33 25 55 A5 60 9F A5 81 0D 3B 3C 33 33 33 65 C4 37 33 33 33 33 33 F5 55 A5 60 9F A5 83 55 33 93 7F 63 64 33 33 33 33 33 33 33 33 33 33 33 33 33 33 33 33 33 33 33 33 33 33 33 33 33 33 33 33 33 33 33 33 89 66 69 66 65 85 64 63 64 76 63 64 92 75 A7 63 65 33 33 33 33 33 37 33 37 33 33 33 3C 33 33 33 65 F6 37 33 33 33 33 33 33 33 33 33 33 33 33 33 64 55 A5 60 9F A5 81 0D 3B 3C 33 33 33 65 F6 37 33 33 33 33 33 B9 55 A5 60 9F A5 83 55 33 93 7F 63 64 33 33 33 33 33 33 33 33 33 33 33 33 33 33 33 33 33 33 33 33 33 33 33 33 33 33 33 33 33 33 33 33 89 66 69 66 65 85 64 63 64 76 63 64 92 75 A7 63 65 33 33 33 33 33 37 33 36 33 33 33 3C 33 33 33 97 03 33 33 33 33 33 33 33 33 33 33 33 33 33 33 8A 55 A5 60 9F A5 81 0D 3B 3C 33 33 33 97 03 33 33 33 33 33 33 A5 55 A5 60 9F A5 83 55 33 93 7F 63 64 33 33 33 33 33 33 33 33 33 33 33 33 33 33 33 33 33 33 33 33 33 33 33 33 33 33 33 33 33 33 33 33 89 66 69 66 65 85 64 63 64 76 63 64 92 75 A7 63 65 33 33 33 33 33 37 33 38 33 33 33 3C 33 33 33 17 C3 37 33 33 33 33 33 33 33 33 33 33 33 33 33 9E 55 A5 60 9F A5 81 0D 3B 3C 33 33 33 17 C3 37 33 33 33 33 33 26 55 A5 60 9F A5 83 55 33 93 7F 63 64 33 33 33 33 33 33 33 33 33 33 33 33 33 33 33 33 33 33 33 33 33 33 33 33 33 33 33 33 33 33 33 33 89 66 69 66 65 85 64 63 64 76 63 64 92 75 A7 63 65 33 33 33 33 33 37 33 36 33 33 33 3E 33 33 33 33 57 35 33 33 33 33 33 33 33 33 33 33 33 33 33 C3 55 A5 60 9F A5 81 0D 3B 3E 33 33 33 33 57 35 33 33 33 33 33 1E 55 A5 60 9F A5 83 55 33 93 7F 63 64 33 33 33 33 33 33 33 33 33 33 33 33 33 33 33 33 33 33 33 33 33 33 33 33 33 33 33 33 33 33 33 33 89 66 69 66 65 85 64 63 64 76 63 64 92 75 A7 63 65 33 33 33 33 33 37 33 38 33 33 33 3E 33 33 33 B3 FD 35 33 33 33 33 33 33 33 33 33 33 33 33 33 1F 55 A5 60 9F A5 81 0D 3B 3E 33 33 33 B3 FD 35 33 33 33 33 33 F2 55 A5 60 9F A5 83 55 33 93 7F 63 64 33 33 33 33 33 33 33 33 33 33 33 33 33 33 33 33 33 33 33 33 33 33 33 33 33 33 33 33 33 33 33 33 89 66 69 66 65 85 64 63 64 76 63 64 92 75 A7 63 65 33 33 33 33 33 37 33 36 33 33 33 3E 33 33 33 33 5C 37 33 33 33 33 33 33 33 33 33 33 33 33 33 69 55 A5 60 9F A5 81 0D 3B 3E 33 33 33 33 5C 37 33 33 33 33 33 DD 55 A5 60 9F A5 83 55 33 93 7F 63 64 33 33 33 33 33 33 33 33 33 33 33 33 33 33 33 33 33 33 33 33 33 33 33 33 33 33 33 33 33 33 33 33 89 66 69 66 65 85 64 63 64 76 63 64 92 75 A7 63 65 33 33 33 34 33 37 33 37 33 33 33 3E 33 33 33 97 84 38 33 33 33 33 33 33 33 33 33 33 33 33 33 F5 55 A5 60 9F A5 81 0D 3B 3E 33 33 33 97 84 38 33 33 33 33 33 EE 55 A5 60 9F A5 83 55 33 93 7F 63 64 33 33 33 33 33 33 33 33 33 33 33 33 33 33 33 33 33 33 33 33 33 33 33 33 33 33 33 33 33 33 33 33 89 66 69 66 65 85 64 63 64 76 63 64 92 75 A7 63 65 33 33 33 34 33 37 33 37 33 33 33 40 33 33 33 33 E3 37 33 33 33 33 33 33 33 33 33 33 33 33 33 37 55 A5 60 9F A5 81 0D 3B 40 33 33 33 33 E3 37 33 33 33 33 33 72 55 A5 60 9F A5 83 55 33 93 7F 63 64 33 33 33 33 33 33 33 33 33 33 33 33 33 33 33 33 33 33 33 33 33 33 33 33 33 33 33 33 33 33 33 33 89 66 69 66 65 85 64 63 64 76 63 64 92 75 A7 63 65 33 33 33 34 33 37 33 37 33 33 33 40 33 33 33 B3 87 37 33 33 33 33 33 33 33 33 33 33 33 33 33 B0 55 A5 60 9F A5 81 0D 3B 40 33 33 33 B3 87 37 33 33 33 33 33 12 55 A5 60 9F A5 83 55 33 93 7F 63 64 33 33 33 33 33 33 33 33 33 33 33 33 33 33 33 33 33 33 33 33 33 33 33 33 33 33 33 33 33 33 33 33 89 66 69 66 65 85 64 63 64 76 63 64 92 75 A7 63 65 33 33 33 33 33 37 33 38 33 33 33 40 33 33 33 65 3E 36 33 33 33 33 33 33 33 33 33 33 33 33 33 DA 55 A5 60 9F A5 81 0D 3B 40 33 33 33 65 3E 36 33 33 33 33 33 A5 55 A5 60 9F A5 83 55 33 93 7F 63 64 33 33 33 33 33 33 33 33 33 33 33 33 33 33 33 33 33 33 33 33 33 33 33 33 33 33 33 33 33 33 33 33 89 66 69 66 65 85 64 63 64 76 63 64 92 75 A7 63 65 33 33 33 33 33 37 33 37 33 33 33 40 33 33 33 17 3D 37 33 33 33 33 33 33 33 33 33 33 33 33 33 81 55 A5 60 9F A5 81 0D 3B 40 33 33 33 17 3D 37 33 33 33 33 33 36 55 A5 60 9F A5 83 55 33 93 7F 63 64 33 33 33 33 33 33 33 33 33 33 33 33 33 33 33 33 33 33 33 33 33 33 33 33 33 33 33 33 33 33 33 33 89 66 69 66 65 85 64 63 64 76 63 64 92 75 A7 63 65 33 33 33 33 33 37 33 36 33 33 33 40 33 33 33 97 5E 38 33 33 33 33 33 33 33 33 33 33 33 33 33 19 55 A5 60 9F A5 81 0D 3B 40 33 33 33 97 5E 38 33 33 33 33 33 0E 55 A5 60 9F A5 83 55 33 93 7F 63 64 33 33 33 33 33 33 33 33 33 33 33 33 33 33 33 33 33 33 33 33 33 33 33 33 33 33 33 33 33 33 33 33 89 66 69 66 65 85 64 63 64 76 63 64 92 75 A7 63 65 33 33 33 33 33 37 33 37 33 33 33 42 33 33 33 B3 BB 33 33 33 33 33 33 33 33 33 33 33 33 33 33 6E 55 A5 60 9F A5 81 0D 3B 42 33 33 33 B3 BB 33 33 33 33 33 33 DB 55 A5 60 9F A5 83 55 33 93 7F 63 64 33 33 33 33 33 33 33 33 33 33 33 33 33 33 33 33 33 33 33 33 33 33 33 33 33 33 33 33 33 33 33 33 89 66 69 66 65 85 64 63 64 76 63 64 92 75 A7 63 65 33 33 33 33 33 37 33 37 33 33 33 42 33 33 33 65 43 36 33 33 33 33 33 33 33 33 33 33 33 33 33 86 55 A5 60 9F A5 81 0D 3B 42 33 33 33 65 43 36 33 33 33 33 33 E9 55 A5 60 9F A5 83 55 33 93 7F 63 64 33 33 33 33 33 33 33 33 33 33 33 33 33 33 33 33 33 33 33 33 33 33 33 33 33 33 33 33 33 33 33 33 89 66 69 66 65 85 64 63 64 76 63 64 92 75 A7 63 65 33 33 33 33 33 37 33 37 33 33 33 42 33 33 33 E5 45 35 33 33 33 33 33 33 33 33 33 33 33 33 33 F8 55 A5 60 9F A5 81 0D 3B 42 33 33 33 E5 45 35 33 33 33 33 33 61 55 A5 60 9F A5 83 55 33 93 7F 63 64 33 33 33 33 33 33 33 33 33 33 33 33 33 33 33 33 33 33 33 33 33 33 33 33 33 33 33 33 33 33 33 33 89 66 69 66 65 85 64 63 64 76 63 64 92 75 A7 63 65 33 33 33 33 33 37 33 38 33 33 33 42 33 33 33 E5 DF 37 33 33 33 33 33 33 33 33 33 33 33 33 33 0E 55 A5 60 9F A5 81 0D 3B 42 33 33 33 E5 DF 37 33 33 33 33 33 09 55 A5 60 9F A5 83 55 33 93 7F 63 64 33 33 33 33 33 33 33 33 33 33 33 33 33 33 33 33 33 33 33 33 33 33 33 33 33 33 33 33 33 33 33 33 89 66 69 66 65 85 64 63 64 76 63 64 92 75 A7 63 65 33 33 33 33 33 37 33 37 33 33 33 42 33 33 33 65 BC 33 33 33 33 33 33 33 33 33 33 33 33 33 33 B6 55 A5 60 9F A5 81 0D 3B 42 33 33 33 65 BC 33 33 33 33 33 33 6D 55 A5 60 9F A5 83 55 33 93 7F 63 64 33 33 33 33 33 33 33 33 33 33 33 33 33 33 33 33 33 33 33 33 33 33 33 33 33 33 33 33 33 33 33 33 89 66 69 66 65 85 64 63 64 76 63 64 92 75 A7 63 65 33 33 33 33 33 37 33 36 33 33 33 36 33 33 33 B4 DD 35 33 33 33 33 33 33 33 33 33 33 33 33 33 EB 55 A5 60 9F A5 81 0D 3B 36 33 33 33 B4 DD 35 33 33 33 33 33 23 55
[2025-09-09 19:42:35.270] [DEBUG] 数据解析成功:
[2025-09-09 19:42:35.280] [INFO]   ID: 0x60
  命令: 0x83 (读)
  寄存器地址: 0x00
  寄存器数量: 0
[2025-09-09 19:42:35.324] [INFO] [循环 1/1] 发送 OK
[2025-09-09 19:42:35.844] [INFO] 已保存结果: reports\2025-09-09_19-42-29\results.csv
[2025-09-09 19:42:35.913] [INFO] 已生成报告: reports\2025-09-09_19-42-29\report.html
[2025-09-09 19:42:35.949] [DEBUG] 串口已关闭
[2025-09-09 19:42:35.961] [INFO] 程序结束
