[2025-08-25 20:12:25.917] [INFO] 初始化 BLE 协议通信...
[2025-08-25 20:12:26.109] [INFO] 加载用例 1 条 来自: testcases.xlsx
[2025-08-25 20:12:26.163] [INFO] ==== 执行用例 #1 ====
[2025-08-25 20:12:26.167] [INFO] 参数: {'screen_on': 1, 'brightness': 7, 'digital': 0, 'logo': 0, 'rim_state': 0, 'rdygo': 0, 'turn_left': 0, 'turn_right': 0, 'ring': 1} | 备注: 最小点亮测试
[2025-08-25 20:12:26.193] [DEBUG] 修改后的LED显示信息:
[2025-08-25 20:12:26.203] [INFO]   屏幕状态: 开
  亮度级别: 7
  数字显示: 0
  LOGO状态: 0 (0关, 1白, 2红)
  护盾状态: 0 (0关, 1白, 2绿)
  ReadyGo状态: 0 (0关, 1白, 2红)
  左转向灯: 0 (0关, 1白, 2橙)
  右转向灯: 0 (0关, 1白, 2橙)
  灯环状态: 1 (0关, 1蓝, 2红)
[2025-08-25 20:12:26.223] [DEBUG] 组包成功，数据长度: 21 字节
[2025-08-25 20:12:26.232] [DEBUG] 发送数据: A5 60 9F A5 03 0D 3B 42 33 33 33 33 33 35 33 33 33 33 33 B2 55
[2025-08-25 20:12:27.257] [DEBUG] 接收数据: A5 60 9F A5 83 55 33 93 7F 63 64 33 33 33 33 33 33 33 33 33 33 33 33 33 33 33 33 33 33 33 33 33 33 33 33 33 33 33 33 33 33 33 33 89 66 69 66 65 85 64 63 64 76 63 64 92 75 A7 63 65 33 33 33 33 33 37 33 36 33 33 33 42 33 33 33 33 33 35 33 33 33 33 33 33 33 33 33 33 33 33 33 EB 55
[2025-08-25 20:12:27.302] [DEBUG] 数据解析成功:
[2025-08-25 20:12:27.314] [INFO]   ID: 0x60
  命令: 0x83 (读)
  寄存器地址: 0x00
  寄存器数量: 0
[2025-08-25 20:12:27.338] [DEBUG] 组包成功，数据长度: 21 字节
[2025-08-25 20:12:27.350] [DEBUG] 发送数据: A5 60 9F A5 01 0D 3B 42 33 33 33 33 33 35 33 33 33 33 33 F5 55
[2025-08-25 20:12:28.383] [DEBUG] 接收数据: A5 60 9F A5 81 0D 3B 42 33 33 33 33 33 35 33 33 33 33 33 C2 55
[2025-08-25 20:12:28.419] [DEBUG] 数据解析成功:
[2025-08-25 20:12:28.435] [INFO]   ID: 0x60
  命令: 0x81 (读)
  寄存器地址: 0x08
  寄存器数量: 0
[2025-08-25 20:12:28.454] [INFO] 
全局变量中的LED显示信息已更新:
[2025-08-25 20:12:28.474] [INFO]   屏幕状态: 开
  亮度级别: 7
  数字显示: 0
  LOGO状态: 0 (0关, 1白, 2红)
  护盾状态: 0 (0关, 1白, 2绿)
  ReadyGo状态: 0 (0关, 1白, 2红)
  左转向灯: 0 (0关, 1白, 2橙)
  右转向灯: 0 (0关, 1白, 2橙)
  灯环状态: 1 (0关, 1蓝, 2红)
[2025-08-25 20:12:28.492] [INFO] 结果: FAIL | 用时: 2.329s
[2025-08-25 20:12:28.502] [INFO] 开始压力循环: 次数=10, 间隔=0.5s, 参数={'screen_on': 1, 'brightness': 7, 'digital': 0, 'logo': 0, 'rim_state': 0, 'rdygo': 0, 'turn_left': 0, 'turn_right': 0, 'ring': 1}
[2025-08-25 20:12:28.528] [DEBUG] 修改后的LED显示信息:
[2025-08-25 20:12:28.544] [INFO]   屏幕状态: 开
  亮度级别: 7
  数字显示: 0
  LOGO状态: 0 (0关, 1白, 2红)
  护盾状态: 0 (0关, 1白, 2绿)
  ReadyGo状态: 0 (0关, 1白, 2红)
  左转向灯: 0 (0关, 1白, 2橙)
  右转向灯: 0 (0关, 1白, 2橙)
  灯环状态: 1 (0关, 1蓝, 2红)
[2025-08-25 20:12:28.554] [DEBUG] 组包成功，数据长度: 21 字节
[2025-08-25 20:12:28.566] [DEBUG] 发送数据: A5 60 9F A5 03 0D 3B 42 33 33 33 33 33 35 33 33 33 33 33 B2 55
[2025-08-25 20:12:29.592] [DEBUG] 接收数据: A5 60 9F A5 83 55 33 93 7F 63 64 33 33 33 33 33 33 33 33 33 33 33 33 33 33 33 33 33 33 33 33 33 33 33 33 33 33 33 33 33 33 33 33 89 66 69 66 65 85 64 63 64 76 63 64 92 75 A7 63 65 33 33 33 33 33 37 33 38 33 33 33 42 33 33 33 33 33 35 33 33 33 33 33 33 33 33 33 33 33 33 33 5A 55
[2025-08-25 20:12:29.649] [DEBUG] 数据解析成功:
[2025-08-25 20:12:29.666] [INFO]   ID: 0x60
  命令: 0x83 (读)
  寄存器地址: 0x00
  寄存器数量: 0
[2025-08-25 20:12:29.688] [INFO] [循环 1/10] 发送 OK
[2025-08-25 20:12:30.202] [DEBUG] 修改后的LED显示信息:
[2025-08-25 20:12:30.269] [INFO]   屏幕状态: 开
  亮度级别: 7
  数字显示: 0
  LOGO状态: 0 (0关, 1白, 2红)
  护盾状态: 0 (0关, 1白, 2绿)
  ReadyGo状态: 0 (0关, 1白, 2红)
  左转向灯: 0 (0关, 1白, 2橙)
  右转向灯: 0 (0关, 1白, 2橙)
  灯环状态: 1 (0关, 1蓝, 2红)
[2025-08-25 20:12:30.287] [DEBUG] 组包成功，数据长度: 21 字节
[2025-08-25 20:12:30.298] [DEBUG] 发送数据: A5 60 9F A5 03 0D 3B 42 33 33 33 33 33 35 33 33 33 33 33 B2 55
[2025-08-25 20:12:31.324] [DEBUG] 接收数据: A5 60 9F A5 83 55 33 93 7F 63 64 33 33 33 33 33 33 33 33 33 33 33 33 33 33 33 33 33 33 33 33 33 33 33 33 33 33 33 33 33 33 33 33 89 66 69 66 65 85 64 63 64 76 63 64 92 75 A7 63 65 33 33 33 33 33 37 33 37 33 33 33 42 33 33 33 33 33 35 33 33 33 33 33 33 33 33 33 33 33 33 33 1E 55
[2025-08-25 20:12:31.369] [DEBUG] 数据解析成功:
[2025-08-25 20:12:31.382] [INFO]   ID: 0x60
  命令: 0x83 (读)
  寄存器地址: 0x00
  寄存器数量: 0
[2025-08-25 20:12:31.408] [INFO] [循环 2/10] 发送 OK
[2025-08-25 20:12:31.924] [DEBUG] 修改后的LED显示信息:
[2025-08-25 20:12:32.000] [INFO]   屏幕状态: 开
  亮度级别: 7
  数字显示: 0
  LOGO状态: 0 (0关, 1白, 2红)
  护盾状态: 0 (0关, 1白, 2绿)
  ReadyGo状态: 0 (0关, 1白, 2红)
  左转向灯: 0 (0关, 1白, 2橙)
  右转向灯: 0 (0关, 1白, 2橙)
  灯环状态: 1 (0关, 1蓝, 2红)
[2025-08-25 20:12:32.014] [DEBUG] 组包成功，数据长度: 21 字节
[2025-08-25 20:12:32.024] [DEBUG] 发送数据: A5 60 9F A5 03 0D 3B 42 33 33 33 33 33 35 33 33 33 33 33 B2 55
[2025-08-25 20:12:33.045] [DEBUG] 接收数据: A5 60 9F A5 83 55 33 93 7F 63 64 33 33 33 33 33 33 33 33 33 33 33 33 33 33 33 33 33 33 33 33 33 33 33 33 33 33 33 33 33 33 33 33 89 66 69 66 65 85 64 63 64 76 63 64 92 75 A7 63 65 33 33 33 33 33 37 33 36 33 33 33 42 33 33 33 33 33 35 33 33 33 33 33 33 33 33 33 33 33 33 33 EB 55
[2025-08-25 20:12:33.115] [DEBUG] 数据解析成功:
[2025-08-25 20:12:33.132] [INFO]   ID: 0x60
  命令: 0x83 (读)
  寄存器地址: 0x00
  寄存器数量: 0
[2025-08-25 20:12:33.155] [INFO] [循环 3/10] 发送 OK
[2025-08-25 20:12:33.670] [DEBUG] 修改后的LED显示信息:
[2025-08-25 20:12:33.686] [INFO]   屏幕状态: 开
  亮度级别: 7
  数字显示: 0
  LOGO状态: 0 (0关, 1白, 2红)
  护盾状态: 0 (0关, 1白, 2绿)
  ReadyGo状态: 0 (0关, 1白, 2红)
  左转向灯: 0 (0关, 1白, 2橙)
  右转向灯: 0 (0关, 1白, 2橙)
  灯环状态: 1 (0关, 1蓝, 2红)
[2025-08-25 20:12:33.702] [DEBUG] 组包成功，数据长度: 21 字节
[2025-08-25 20:12:33.713] [DEBUG] 发送数据: A5 60 9F A5 03 0D 3B 42 33 33 33 33 33 35 33 33 33 33 33 B2 55
[2025-08-25 20:12:34.734] [DEBUG] 接收数据: A5 60 9F A5 83 55 33 93 7F 63 64 33 33 33 33 33 33 33 33 33 33 33 33 33 33 33 33 33 33 33 33 33 33 33 33 33 33 33 33 33 33 33 33 89 66 69 66 65 85 64 63 64 76 63 64 92 75 A7 63 65 33 33 33 34 33 37 33 37 33 33 33 42 33 33 33 33 33 35 33 33 33 33 33 33 33 33 33 33 33 33 33 7F 55
[2025-08-25 20:12:34.779] [DEBUG] 数据解析成功:
[2025-08-25 20:12:34.795] [INFO]   ID: 0x60
  命令: 0x83 (读)
  寄存器地址: 0x00
  寄存器数量: 0
[2025-08-25 20:12:34.821] [INFO] [循环 4/10] 发送 OK
[2025-08-25 20:12:35.337] [DEBUG] 修改后的LED显示信息:
[2025-08-25 20:12:35.353] [INFO]   屏幕状态: 开
  亮度级别: 7
  数字显示: 0
  LOGO状态: 0 (0关, 1白, 2红)
  护盾状态: 0 (0关, 1白, 2绿)
  ReadyGo状态: 0 (0关, 1白, 2红)
  左转向灯: 0 (0关, 1白, 2橙)
  右转向灯: 0 (0关, 1白, 2橙)
  灯环状态: 1 (0关, 1蓝, 2红)
[2025-08-25 20:12:35.367] [DEBUG] 组包成功，数据长度: 21 字节
[2025-08-25 20:12:35.377] [DEBUG] 发送数据: A5 60 9F A5 03 0D 3B 42 33 33 33 33 33 35 33 33 33 33 33 B2 55
[2025-08-25 20:12:36.400] [DEBUG] 接收数据: A5 60 9F A5 83 55 33 93 7F 63 64 33 33 33 33 33 33 33 33 33 33 33 33 33 33 33 33 33 33 33 33 33 33 33 33 33 33 33 33 33 33 33 33 89 66 69 66 65 85 64 63 64 76 63 64 92 75 A7 63 65 33 33 33 33 33 37 33 37 33 33 33 42 33 33 33 33 33 35 33 33 33 33 33 33 33 33 33 33 33 33 33 1E 55
[2025-08-25 20:12:36.458] [DEBUG] 数据解析成功:
[2025-08-25 20:12:36.471] [INFO]   ID: 0x60
  命令: 0x83 (读)
  寄存器地址: 0x00
  寄存器数量: 0
[2025-08-25 20:12:36.489] [INFO] [循环 5/10] 发送 OK
