[2025-08-25 20:05:49.722] [INFO] 初始化 BLE 协议通信...
[2025-08-25 20:05:49.907] [INFO] 加载用例 2 条 来自: testcases.xlsx
[2025-08-25 20:05:49.954] [INFO] ==== 执行用例 #1 ====
[2025-08-25 20:05:49.959] [INFO] 参数: {'screen_on': 1, 'brightness': 7, 'digital': 1, 'logo': 1, 'rim_state': 1, 'rdygo': 1, 'turn_left': 1, 'turn_right': 1, 'ring': 1} | 备注: 最小点亮测试
[2025-08-25 20:05:49.981] [DEBUG] 修改后的LED显示信息:
[2025-08-25 20:05:49.986] [INFO]   屏幕状态: 开
  亮度级别: 7
  数字显示: 1
  LOGO状态: 1 (0关, 1白, 2红)
  护盾状态: 1 (0关, 1白, 2绿)
  ReadyGo状态: 1 (0关, 1白, 2红)
  左转向灯: 1 (0关, 1白, 2橙)
  右转向灯: 1 (0关, 1白, 2橙)
  灯环状态: 1 (0关, 1蓝, 2红)
[2025-08-25 20:05:50.011] [DEBUG] 组包成功，数据长度: 21 字节
[2025-08-25 20:05:50.017] [DEBUG] 发送数据: A5 60 9F A5 03 0D 3B 42 33 33 33 B4 DD 35 33 33 33 33 33 B6 55
[2025-08-25 20:05:51.044] [DEBUG] 接收数据: A5 60 9F A5 83 55 33 93 7F 63 64 33 33 33 33 33 33 33 33 33 33 33 33 33 33 33 33 33 33 33 33 33 33 33 33 33 33 33 33 33 33 33 33 89 66 69 66 65 85 64 63 64 76 63 64 92 75 A7 63 65 33 33 33 33 33 37 33 37 33 33 33 42 33 33 33 B4 DD 35 33 33 33 33 33 33 33 33 33 33 33 33 33 2A 55
[2025-08-25 20:05:51.083] [DEBUG] 数据解析成功:
[2025-08-25 20:05:51.099] [INFO]   ID: 0x60
  命令: 0x83 (读)
  寄存器地址: 0x00
  寄存器数量: 0
[2025-08-25 20:05:51.121] [DEBUG] 组包成功，数据长度: 21 字节
[2025-08-25 20:05:51.136] [DEBUG] 发送数据: A5 60 9F A5 01 0D 3B 42 33 33 33 B4 DD 35 33 33 33 33 33 F1 55
[2025-08-25 20:05:52.164] [DEBUG] 接收数据: A5 60 9F A5 81 0D 3B 42 33 33 33 B4 DD 35 33 33 33 33 33 C6 55
[2025-08-25 20:05:52.205] [DEBUG] 数据解析成功:
[2025-08-25 20:05:52.225] [INFO]   ID: 0x60
  命令: 0x81 (读)
  寄存器地址: 0x08
  寄存器数量: 0
[2025-08-25 20:05:52.243] [INFO] 
全局变量中的LED显示信息已更新:
[2025-08-25 20:05:52.263] [INFO]   屏幕状态: 开
  亮度级别: 7
  数字显示: 1
  LOGO状态: 1 (0关, 1白, 2红)
  护盾状态: 1 (0关, 1白, 2绿)
  ReadyGo状态: 1 (0关, 1白, 2红)
  左转向灯: 1 (0关, 1白, 2橙)
  右转向灯: 1 (0关, 1白, 2橙)
  灯环状态: 1 (0关, 1蓝, 2红)
[2025-08-25 20:05:52.278] [INFO] 结果: PASS | 用时: 2.324s
[2025-08-25 20:05:52.288] [INFO] ==== 执行用例 #2 ====
[2025-08-25 20:05:52.297] [INFO] 参数: {'screen_on': 1, 'brightness': 7, 'digital': 1, 'logo': 1, 'rim_state': 1, 'rdygo': 1, 'turn_left': 1, 'turn_right': 1, 'ring': 1} | 备注: 最小点亮测试
[2025-08-25 20:05:52.323] [DEBUG] 修改后的LED显示信息:
[2025-08-25 20:05:52.336] [INFO]   屏幕状态: 开
  亮度级别: 7
  数字显示: 1
  LOGO状态: 1 (0关, 1白, 2红)
  护盾状态: 1 (0关, 1白, 2绿)
  ReadyGo状态: 1 (0关, 1白, 2红)
  左转向灯: 1 (0关, 1白, 2橙)
  右转向灯: 1 (0关, 1白, 2橙)
  灯环状态: 1 (0关, 1蓝, 2红)
[2025-08-25 20:05:52.350] [DEBUG] 组包成功，数据长度: 21 字节
[2025-08-25 20:05:52.361] [DEBUG] 发送数据: A5 60 9F A5 03 0D 3B 42 33 33 33 B4 DD 35 33 33 33 33 33 B6 55
[2025-08-25 20:05:53.385] [DEBUG] 接收数据: A5 60 9F A5 83 55 33 93 7F 63 64 33 33 33 33 33 33 33 33 33 33 33 33 33 33 33 33 33 33 33 33 33 33 33 33 33 33 33 33 33 33 33 33 89 66 69 66 65 85 64 63 64 76 63 64 92 75 A7 63 65 33 33 33 33 33 37 33 36 33 33 33 42 33 33 33 B4 DD 35 33 33 33 33 33 33 33 33 33 33 33 33 33 DF 55
[2025-08-25 20:05:53.449] [DEBUG] 数据解析成功:
[2025-08-25 20:05:53.462] [INFO]   ID: 0x60
  命令: 0x83 (读)
  寄存器地址: 0x00
  寄存器数量: 0
[2025-08-25 20:05:53.484] [DEBUG] 组包成功，数据长度: 21 字节
[2025-08-25 20:05:53.491] [DEBUG] 发送数据: A5 60 9F A5 01 0D 3B 42 33 33 33 B4 DD 35 33 33 33 33 33 F1 55
[2025-08-25 20:05:54.522] [DEBUG] 接收数据: A5 60 9F A5 81 0D 3B 42 33 33 33 B4 DD 35 33 33 33 33 33 C6 55
[2025-08-25 20:05:54.571] [DEBUG] 数据解析成功:
[2025-08-25 20:05:54.591] [INFO]   ID: 0x60
  命令: 0x81 (读)
  寄存器地址: 0x08
  寄存器数量: 0
[2025-08-25 20:05:54.612] [INFO] 
全局变量中的LED显示信息已更新:
[2025-08-25 20:05:54.632] [INFO]   屏幕状态: 开
  亮度级别: 7
  数字显示: 1
  LOGO状态: 1 (0关, 1白, 2红)
  护盾状态: 1 (0关, 1白, 2绿)
  ReadyGo状态: 1 (0关, 1白, 2红)
  左转向灯: 1 (0关, 1白, 2橙)
  右转向灯: 1 (0关, 1白, 2橙)
  灯环状态: 1 (0关, 1蓝, 2红)
[2025-08-25 20:05:54.647] [INFO] 结果: PASS | 用时: 2.360s
[2025-08-25 20:05:54.658] [INFO] 开始压力循环: 次数=1, 间隔=0.5s, 参数={'screen_on': 1, 'brightness': 7, 'digital': 1, 'logo': 1, 'rim_state': 1, 'rdygo': 1, 'turn_left': 1, 'turn_right': 1, 'ring': 1}
[2025-08-25 20:05:54.684] [DEBUG] 修改后的LED显示信息:
[2025-08-25 20:05:54.700] [INFO]   屏幕状态: 开
  亮度级别: 7
  数字显示: 1
  LOGO状态: 1 (0关, 1白, 2红)
  护盾状态: 1 (0关, 1白, 2绿)
  ReadyGo状态: 1 (0关, 1白, 2红)
  左转向灯: 1 (0关, 1白, 2橙)
  右转向灯: 1 (0关, 1白, 2橙)
  灯环状态: 1 (0关, 1蓝, 2红)
[2025-08-25 20:05:54.716] [DEBUG] 组包成功，数据长度: 21 字节
[2025-08-25 20:05:54.726] [DEBUG] 发送数据: A5 60 9F A5 03 0D 3B 42 33 33 33 B4 DD 35 33 33 33 33 33 B6 55
[2025-08-25 20:05:55.753] [DEBUG] 接收数据: A5 60 9F A5 83 55 33 93 7F 63 64 33 33 33 33 33 33 33 33 33 33 33 33 33 33 33 33 33 33 33 33 33 33 33 33 33 33 33 33 33 33 33 33 89 66 69 66 65 85 64 63 64 76 63 64 92 75 A7 63 65 33 33 33 33 33 37 33 37 33 33 33 42 33 33 33 B4 DD 35 33 33 33 33 33 33 33 33 33 33 33 33 33 2A 55
[2025-08-25 20:05:55.812] [DEBUG] 数据解析成功:
[2025-08-25 20:05:55.822] [INFO]   ID: 0x60
  命令: 0x83 (读)
  寄存器地址: 0x00
  寄存器数量: 0
[2025-08-25 20:05:55.845] [INFO] [循环 1/1] 发送 OK
[2025-08-25 20:05:56.364] [INFO] 已保存结果: reports\2025-08-25_20-05-49\results.csv
[2025-08-25 20:05:56.426] [INFO] 已生成报告: reports\2025-08-25_20-05-49\report.html
[2025-08-25 20:05:56.460] [DEBUG] 串口已关闭
[2025-08-25 20:05:56.475] [INFO] 程序结束
