[2025-08-28 19:13:24.344] [INFO] 初始化 BLE 协议通信...
[2025-08-28 19:13:24.531] [INFO] 加载用例 2 条 来自: testcases.xlsx
[2025-08-28 19:13:24.573] [INFO] ==== 执行用例 #1 ====
[2025-08-28 19:13:24.575] [INFO] 参数: {'screen_on': 1, 'brightness': 7, 'digital': 22, 'logo': 1, 'rim_state': 0, 'rdygo': 0, 'turn_left': 0, 'turn_right': 0, 'ring': 0} | 备注: 关闭显示，校验全部为0（除 brightness）
[2025-08-28 19:13:24.593] [DEBUG] 修改后的LED显示信息:
[2025-08-28 19:13:24.599] [INFO]   屏幕状态: 开
  亮度级别: 7
  数字显示: 22
  LOGO状态: 1 (0关, 1白, 2红)
  护盾状态: 0 (0关, 1白, 2绿)
  ReadyGo状态: 0 (0关, 1白, 2红)
  左转向灯: 0 (0关, 1白, 2橙)
  右转向灯: 0 (0关, 1白, 2橙)
  灯环状态: 0 (0关, 1蓝, 2红)
[2025-08-28 19:13:24.623] [DEBUG] 组包成功，数据长度: 21 字节
[2025-08-28 19:13:24.630] [DEBUG] 发送数据: A5 60 9F A5 03 0D 3B 42 33 33 33 C9 33 33 33 33 33 33 33 45 55
[2025-08-28 19:13:25.654] [DEBUG] 接收数据: A5 60 9F A5 83 55 33 93 7F 63 64 33 33 33 33 33 33 33 33 33 33 33 33 33 33 33 33 33 33 33 33 33 33 33 33 33 33 33 33 33 33 33 33 89 66 69 66 65 85 64 63 64 76 63 64 92 75 A7 63 65 33 33 33 33 33 37 33 36 33 33 33 42 33 33 33 C9 33 33 33 33 33 33 33 33 33 33 33 33 33 33 33 D9 55
[2025-08-28 19:13:25.697] [DEBUG] 数据解析成功:
[2025-08-28 19:13:25.709] [INFO]   ID: 0x60
  命令: 0x83 (读)
  寄存器地址: 0x00
  寄存器数量: 0
[2025-08-28 19:13:25.733] [DEBUG] 组包成功，数据长度: 21 字节
[2025-08-28 19:13:25.743] [DEBUG] 发送数据: A5 60 9F A5 01 0D 3B 42 33 33 33 C9 33 33 33 33 33 33 33 02 55
[2025-08-28 19:13:26.774] [DEBUG] 接收数据: A5 60 9F A5 81 0D 3B 42 33 33 33 C9 33 33 33 33 33 33 33 35 55
[2025-08-28 19:13:26.812] [DEBUG] 数据解析成功:
[2025-08-28 19:13:26.834] [INFO]   ID: 0x60
  命令: 0x81 (读)
  寄存器地址: 0x08
  寄存器数量: 0
[2025-08-28 19:13:26.863] [INFO] 
全局变量中的LED显示信息已更新:
[2025-08-28 19:13:26.889] [INFO]   屏幕状态: 开
  亮度级别: 7
  数字显示: 22
  LOGO状态: 1 (0关, 1白, 2红)
  护盾状态: 0 (0关, 1白, 2绿)
  ReadyGo状态: 0 (0关, 1白, 2红)
  左转向灯: 0 (0关, 1白, 2橙)
  右转向灯: 0 (0关, 1白, 2橙)
  灯环状态: 0 (0关, 1蓝, 2红)
[2025-08-28 19:13:26.906] [INFO] 结果: PASS | 用时: 2.333s
[2025-08-28 19:13:27.121] [INFO] ==== 执行用例 #2 ====
[2025-08-28 19:13:27.156] [INFO] 参数: {'screen_on': 1, 'brightness': 4, 'digital': 11, 'logo': 1, 'rim_state': 0, 'rdygo': 0, 'turn_left': 0, 'turn_right': 0, 'ring': 0} | 备注: 关闭显示，校验全部为0（除 brightness）
[2025-08-28 19:13:27.196] [DEBUG] 修改后的LED显示信息:
[2025-08-28 19:13:27.210] [INFO]   屏幕状态: 开
  亮度级别: 4
  数字显示: 11
  LOGO状态: 1 (0关, 1白, 2红)
  护盾状态: 0 (0关, 1白, 2绿)
  ReadyGo状态: 0 (0关, 1白, 2红)
  左转向灯: 0 (0关, 1白, 2橙)
  右转向灯: 0 (0关, 1白, 2橙)
  灯环状态: 0 (0关, 1蓝, 2红)
[2025-08-28 19:13:27.228] [DEBUG] 组包成功，数据长度: 21 字节
[2025-08-28 19:13:27.240] [DEBUG] 发送数据: A5 60 9F A5 03 0D 3B 3C 33 33 33 BE 33 33 33 33 33 33 33 8E 55
[2025-08-28 19:13:28.268] [DEBUG] 接收数据: A5 60 9F A5 83 55 33 93 7F 63 64 33 33 33 33 33 33 33 33 33 33 33 33 33 33 33 33 33 33 33 33 33 33 33 33 33 33 33 33 33 33 33 33 89 66 69 66 65 85 64 63 64 76 63 64 92 75 A7 63 65 33 33 33 33 33 37 33 36 33 33 33 3C 33 33 33 BE 33 33 33 33 33 33 33 33 33 33 33 33 33 33 33 4C 55
[2025-08-28 19:13:28.324] [DEBUG] 数据解析成功:
[2025-08-28 19:13:28.334] [INFO]   ID: 0x60
  命令: 0x83 (读)
  寄存器地址: 0x00
  寄存器数量: 0
[2025-08-28 19:13:28.356] [DEBUG] 组包成功，数据长度: 21 字节
[2025-08-28 19:13:28.370] [DEBUG] 发送数据: A5 60 9F A5 01 0D 3B 3C 33 33 33 BE 33 33 33 33 33 33 33 C9 55
[2025-08-28 19:13:29.397] [DEBUG] 接收数据: A5 60 9F A5 81 0D 3B 3C 33 33 33 BE 33 33 33 33 33 33 33 FE 55
[2025-08-28 19:13:29.445] [DEBUG] 数据解析成功:
[2025-08-28 19:13:29.463] [INFO]   ID: 0x60
  命令: 0x81 (读)
  寄存器地址: 0x08
  寄存器数量: 0
[2025-08-28 19:13:29.480] [INFO] 
全局变量中的LED显示信息已更新:
[2025-08-28 19:13:29.499] [INFO]   屏幕状态: 开
  亮度级别: 4
  数字显示: 11
  LOGO状态: 1 (0关, 1白, 2红)
  护盾状态: 0 (0关, 1白, 2绿)
  ReadyGo状态: 0 (0关, 1白, 2红)
  左转向灯: 0 (0关, 1白, 2橙)
  右转向灯: 0 (0关, 1白, 2橙)
  灯环状态: 0 (0关, 1蓝, 2红)
[2025-08-28 19:13:29.517] [INFO] 结果: PASS | 用时: 2.396s
[2025-08-28 19:13:29.727] [INFO] 开始压力循环: 次数=1, 间隔=0.5s, 参数={'screen_on': 1, 'brightness': 7, 'digital': 22, 'logo': 1, 'rim_state': 0, 'rdygo': 0, 'turn_left': 0, 'turn_right': 0, 'ring': 0}
[2025-08-28 19:13:29.770] [DEBUG] 修改后的LED显示信息:
[2025-08-28 19:13:29.782] [INFO]   屏幕状态: 开
  亮度级别: 7
  数字显示: 22
  LOGO状态: 1 (0关, 1白, 2红)
  护盾状态: 0 (0关, 1白, 2绿)
  ReadyGo状态: 0 (0关, 1白, 2红)
  左转向灯: 0 (0关, 1白, 2橙)
  右转向灯: 0 (0关, 1白, 2橙)
  灯环状态: 0 (0关, 1蓝, 2红)
[2025-08-28 19:13:29.796] [DEBUG] 组包成功，数据长度: 21 字节
[2025-08-28 19:13:29.807] [DEBUG] 发送数据: A5 60 9F A5 03 0D 3B 42 33 33 33 C9 33 33 33 33 33 33 33 45 55
[2025-08-28 19:13:30.835] [DEBUG] 接收数据: A5 60 9F A5 83 55 33 93 7F 63 64 33 33 33 33 33 33 33 33 33 33 33 33 33 33 33 33 33 33 33 33 33 33 33 33 33 33 33 33 33 33 33 33 89 66 69 66 65 85 64 63 64 76 63 64 92 75 A7 63 65 33 33 33 33 33 37 33 37 33 33 33 42 33 33 33 C9 33 33 33 33 33 33 33 33 33 33 33 33 33 33 33 2C 55
[2025-08-28 19:13:30.884] [DEBUG] 数据解析成功:
[2025-08-28 19:13:30.894] [INFO]   ID: 0x60
  命令: 0x83 (读)
  寄存器地址: 0x00
  寄存器数量: 0
[2025-08-28 19:13:30.915] [DEBUG] 串口已关闭
[2025-08-28 19:13:30.930] [INFO] 程序结束
