[2025-08-26 15:32:38.124] [INFO] 初始化 BLE 协议通信...
[2025-08-26 15:32:38.316] [INFO] 加载用例 2 条 来自: testcases.xlsx
[2025-08-26 15:32:38.321] [INFO] ==== 执行用例 #1 ====
[2025-08-26 15:32:38.325] [INFO] 参数: {'screen_on': 1, 'brightness': 7, 'digital': 0, 'logo': 1, 'rim_state': 0, 'rdygo': 0, 'turn_left': 0, 'turn_right': 0, 'ring': 1} | 备注: 最小点亮测试
[2025-08-26 15:32:38.348] [DEBUG] 修改后的LED显示信息:
[2025-08-26 15:32:38.358] [INFO]   屏幕状态: 开
  亮度级别: 7
  数字显示: 0
  LOGO状态: 1 (0关, 1白, 2红)
  护盾状态: 0 (0关, 1白, 2绿)
  ReadyGo状态: 0 (0关, 1白, 2红)
  左转向灯: 0 (0关, 1白, 2橙)
  右转向灯: 0 (0关, 1白, 2橙)
  灯环状态: 1 (0关, 1蓝, 2红)
[2025-08-26 15:32:38.380] [DEBUG] 组包成功，数据长度: 21 字节
[2025-08-26 15:32:38.388] [DEBUG] 发送数据: A5 60 9F A5 03 0D 3B 42 33 33 33 B3 33 35 33 33 33 33 33 57 55
[2025-08-26 15:32:39.411] [DEBUG] 接收数据: A5 60 9F A5 83 55 33 93 7F 63 64 33 33 33 33 33 33 33 33 33 33 33 33 33 33 33 33 33 33 33 33 33 33 33 33 33 33 33 33 33 33 33 33 89 66 69 66 65 85 64 63 64 76 63 64 92 75 A7 63 65 33 33 33 33 33 37 33 36 33 33 33 42 33 33 33 B3 33 35 33 33 33 33 33 33 33 33 33 33 33 33 33 F3 55
[2025-08-26 15:32:39.517] [DEBUG] 数据解析成功:
[2025-08-26 15:32:39.530] [INFO]   ID: 0x60
  命令: 0x83 (读)
  寄存器地址: 0x00
  寄存器数量: 0
[2025-08-26 15:32:39.554] [DEBUG] 组包成功，数据长度: 21 字节
[2025-08-26 15:32:39.566] [DEBUG] 发送数据: A5 60 9F A5 01 0D 3B 42 33 33 33 B3 33 35 33 33 33 33 33 10 55
[2025-08-26 15:32:40.597] [DEBUG] 接收数据: A5 60 9F A5 81 0D 3B 42 33 33 33 B3 33 35 33 33 33 33 33 27 55
[2025-08-26 15:32:40.676] [DEBUG] 数据解析成功:
[2025-08-26 15:32:40.694] [INFO]   ID: 0x60
  命令: 0x81 (读)
  寄存器地址: 0x08
  寄存器数量: 0
[2025-08-26 15:32:40.714] [INFO] 
全局变量中的LED显示信息已更新:
[2025-08-26 15:32:40.736] [INFO]   屏幕状态: 开
  亮度级别: 7
  数字显示: 0
  LOGO状态: 1 (0关, 1白, 2红)
  护盾状态: 0 (0关, 1白, 2绿)
  ReadyGo状态: 0 (0关, 1白, 2红)
  左转向灯: 0 (0关, 1白, 2橙)
  右转向灯: 0 (0关, 1白, 2橙)
  灯环状态: 1 (0关, 1蓝, 2红)
[2025-08-26 15:32:40.755] [INFO] 结果: PASS | 用时: 2.434s
[2025-08-26 15:32:40.766] [INFO] ==== 执行用例 #2 ====
[2025-08-26 15:32:40.776] [INFO] 参数: {'screen_on': 1, 'brightness': 3, 'digital': 0, 'logo': 1, 'rim_state': 1, 'rdygo': 1, 'turn_left': 1, 'turn_right': 0, 'ring': 1} | 备注: 最大点亮测试
[2025-08-26 15:32:40.808] [DEBUG] 修改后的LED显示信息:
[2025-08-26 15:32:40.820] [INFO]   屏幕状态: 开
  亮度级别: 3
  数字显示: 0
  LOGO状态: 1 (0关, 1白, 2红)
  护盾状态: 1 (0关, 1白, 2绿)
  ReadyGo状态: 1 (0关, 1白, 2红)
  左转向灯: 1 (0关, 1白, 2橙)
  右转向灯: 0 (0关, 1白, 2橙)
  灯环状态: 1 (0关, 1蓝, 2红)
[2025-08-26 15:32:40.836] [DEBUG] 组包成功，数据长度: 21 字节
[2025-08-26 15:32:40.847] [DEBUG] 发送数据: A5 60 9F A5 03 0D 3B 3A 33 33 33 B3 5D 35 33 33 33 33 33 F8 55
[2025-08-26 15:32:41.876] [DEBUG] 接收数据: A5 60 9F A5 83 55 33 93 7F 63 64 33 33 33 33 33 33 33 33 33 33 33 33 33 33 33 33 33 33 33 33 33 33 33 33 33 33 33 33 33 33 33 33 89 66 69 66 65 85 64 63 64 76 63 64 92 75 A7 63 65 33 33 33 33 33 37 33 37 33 33 33 3A 33 33 33 B3 5D 35 33 33 33 33 33 33 33 33 33 33 33 33 33 27 55
[2025-08-26 15:32:41.925] [DEBUG] 数据解析成功:
[2025-08-26 15:32:41.938] [INFO]   ID: 0x60
  命令: 0x83 (读)
  寄存器地址: 0x00
  寄存器数量: 0
[2025-08-26 15:32:41.959] [DEBUG] 组包成功，数据长度: 21 字节
[2025-08-26 15:32:41.971] [DEBUG] 发送数据: A5 60 9F A5 01 0D 3B 3A 33 33 33 B3 5D 35 33 33 33 33 33 BF 55
[2025-08-26 15:32:43.009] [DEBUG] 接收数据: A5 60 9F A5 81 0D 3B 3A 33 33 33 B3 5D 35 33 33 33 33 33 88 55
[2025-08-26 15:32:43.084] [DEBUG] 数据解析成功:
[2025-08-26 15:32:43.103] [INFO]   ID: 0x60
  命令: 0x81 (读)
  寄存器地址: 0x08
  寄存器数量: 0
[2025-08-26 15:32:43.125] [INFO] 
全局变量中的LED显示信息已更新:
[2025-08-26 15:32:43.146] [INFO]   屏幕状态: 开
  亮度级别: 3
  数字显示: 0
  LOGO状态: 1 (0关, 1白, 2红)
  护盾状态: 1 (0关, 1白, 2绿)
  ReadyGo状态: 1 (0关, 1白, 2红)
  左转向灯: 1 (0关, 1白, 2橙)
  右转向灯: 0 (0关, 1白, 2橙)
  灯环状态: 1 (0关, 1蓝, 2红)
[2025-08-26 15:32:43.164] [INFO] 结果: FAIL | 用时: 2.398s
[2025-08-26 15:32:43.176] [INFO] 开始压力循环: 次数=1, 间隔=0.5s, 参数={'screen_on': 1, 'brightness': 7, 'digital': 0, 'logo': 1, 'rim_state': 0, 'rdygo': 0, 'turn_left': 0, 'turn_right': 0, 'ring': 1}
[2025-08-26 15:32:43.206] [DEBUG] 修改后的LED显示信息:
[2025-08-26 15:32:43.217] [INFO]   屏幕状态: 开
  亮度级别: 7
  数字显示: 0
  LOGO状态: 1 (0关, 1白, 2红)
  护盾状态: 0 (0关, 1白, 2绿)
  ReadyGo状态: 0 (0关, 1白, 2红)
  左转向灯: 0 (0关, 1白, 2橙)
  右转向灯: 0 (0关, 1白, 2橙)
  灯环状态: 1 (0关, 1蓝, 2红)
[2025-08-26 15:32:43.233] [DEBUG] 组包成功，数据长度: 21 字节
[2025-08-26 15:32:43.243] [DEBUG] 发送数据: A5 60 9F A5 03 0D 3B 42 33 33 33 B3 33 35 33 33 33 33 33 57 55
[2025-08-26 15:32:44.271] [DEBUG] 接收数据: A5 60 9F A5 83 55 33 93 7F 63 64 33 33 33 33 33 33 33 33 33 33 33 33 33 33 33 33 33 33 33 33 33 33 33 33 33 33 33 33 33 33 33 33 89 66 69 66 65 85 64 63 64 76 63 64 92 75 A7 63 65 33 33 33 33 33 37 33 37 33 33 33 42 33 33 33 B3 33 35 33 33 33 33 33 33 33 33 33 33 33 33 33 06 55
[2025-08-26 15:32:44.377] [DEBUG] 数据解析成功:
[2025-08-26 15:32:44.391] [INFO]   ID: 0x60
  命令: 0x83 (读)
  寄存器地址: 0x00
  寄存器数量: 0
[2025-08-26 15:32:44.414] [INFO] [循环 1/1] 发送 OK
[2025-08-26 15:32:44.930] [INFO] 已保存结果: reports\2025-08-26_15-32-38\results.csv
[2025-08-26 15:32:44.960] [INFO] 已生成报告: reports\2025-08-26_15-32-38\report.html
[2025-08-26 15:32:44.995] [DEBUG] 串口已关闭
[2025-08-26 15:32:45.011] [INFO] 程序结束
