[2025-08-25 15:13:38.493] [INFO] 初始化 BLE 协议通信...
[2025-08-25 15:13:38.502] [INFO] 加载用例 1 条 来自: testcases.csv
[2025-08-25 15:13:38.503] [INFO] ==== 执行用例 #1 ====
[2025-08-25 15:13:38.503] [INFO] 参数: {'screen_on': 1, 'brightness': 7, 'digital': 0, 'logo': 1, 'rim_state': 0, 'rdygo': 0, 'turn_left': 0, 'turn_right': 0, 'ring': 1} | 备注: 最小点亮测试
[2025-08-25 15:13:38.504] [DEBUG] 修改后的LED显示信息:
[2025-08-25 15:13:38.504] [INFO]   屏幕状态: 开
  亮度级别: 7
  数字显示: 0
  LOGO状态: 1 (0关, 1白, 2红)
  护盾状态: 0 (0关, 1白, 2绿)
  ReadyGo状态: 0 (0关, 1白, 2红)
  左转向灯: 0 (0关, 1白, 2橙)
  右转向灯: 0 (0关, 1白, 2橙)
  灯环状态: 1 (0关, 1蓝, 2红)
[2025-08-25 15:13:38.505] [DEBUG] 组包成功，数据长度: 21 字节
[2025-08-25 15:13:38.505] [DEBUG] 发送数据: A5 60 9F A5 03 0D 3B 42 33 33 33 B3 33 35 33 33 33 33 33 57 55
[2025-08-25 15:13:39.507] [DEBUG] 接收数据: A5 60 9F A5 83 55 33 93 7F 63 64 33 33 33 33 33 33 33 33 33 33 33 33 33 33 33 33 33 33 33 33 33 33 33 33 33 33 33 33 33 33 33 33 89 66 69 66 65 85 64 63 64 76 63 64 92 75 A7 63 65 33 33 33 33 33 37 33 37 33 33 33 42 33 33 33 B3 33 35 33 33 33 33 33 33 33 33 33 33 33 33 33 06 55
[2025-08-25 15:13:39.508] [DEBUG] 数据解析成功:
[2025-08-25 15:13:39.509] [INFO]   ID: 0x60
  命令: 0x83 (读)
  寄存器地址: 0x00
  寄存器数量: 0
[2025-08-25 15:13:39.509] [DEBUG] 组包成功，数据长度: 21 字节
[2025-08-25 15:13:39.509] [DEBUG] 发送数据: A5 60 9F A5 01 0D 3B 42 33 33 33 B3 33 35 33 33 33 33 33 10 55
[2025-08-25 15:13:40.516] [DEBUG] 接收数据: A5 60 9F A5 81 0D 3B 42 33 33 33 B3 33 35 33 33 33 33 33 27 55
[2025-08-25 15:13:40.518] [DEBUG] 数据解析成功:
[2025-08-25 15:13:40.519] [INFO]   ID: 0x60
  命令: 0x81 (读)
  寄存器地址: 0x08
  寄存器数量: 0
[2025-08-25 15:13:40.519] [INFO] 
全局变量中的LED显示信息已更新:
[2025-08-25 15:13:40.520] [INFO]   屏幕状态: 开
  亮度级别: 7
  数字显示: 0
  LOGO状态: 1 (0关, 1白, 2红)
  护盾状态: 0 (0关, 1白, 2绿)
  ReadyGo状态: 0 (0关, 1白, 2红)
  左转向灯: 0 (0关, 1白, 2橙)
  右转向灯: 0 (0关, 1白, 2橙)
  灯环状态: 1 (0关, 1蓝, 2红)
[2025-08-25 15:13:40.521] [INFO] 结果: PASS | 用时: 2.018s
[2025-08-25 15:13:40.522] [INFO] 开始压力循环: 次数=1, 间隔=0.5s, 参数={'screen_on': 1, 'brightness': 7, 'digital': 0, 'logo': 1, 'rim_state': 0, 'rdygo': 0, 'turn_left': 0, 'turn_right': 0, 'ring': 1}
[2025-08-25 15:13:40.523] [DEBUG] 修改后的LED显示信息:
[2025-08-25 15:13:40.523] [INFO]   屏幕状态: 开
  亮度级别: 7
  数字显示: 0
  LOGO状态: 1 (0关, 1白, 2红)
  护盾状态: 0 (0关, 1白, 2绿)
  ReadyGo状态: 0 (0关, 1白, 2红)
  左转向灯: 0 (0关, 1白, 2橙)
  右转向灯: 0 (0关, 1白, 2橙)
  灯环状态: 1 (0关, 1蓝, 2红)
[2025-08-25 15:13:40.524] [DEBUG] 组包成功，数据长度: 21 字节
[2025-08-25 15:13:40.524] [DEBUG] 发送数据: A5 60 9F A5 03 0D 3B 42 33 33 33 B3 33 35 33 33 33 33 33 57 55
[2025-08-25 15:13:41.530] [DEBUG] 接收数据: A5 60 9F A5 83 55 33 93 7F 63 64 33 33 33 33 33 33 33 33 33 33 33 33 33 33 33 33 33 33 33 33 33 33 33 33 33 33 33 33 33 33 33 33 89 66 69 66 65 85 64 63 64 76 63 64 92 75 A7 63 65 33 33 33 33 33 37 33 36 33 33 33 42 33 33 33 B3 33 35 33 33 33 33 33 33 33 33 33 33 33 33 33 F3 55
[2025-08-25 15:13:41.532] [DEBUG] 数据解析成功:
[2025-08-25 15:13:41.533] [INFO]   ID: 0x60
  命令: 0x83 (读)
  寄存器地址: 0x00
  寄存器数量: 0
[2025-08-25 15:13:41.533] [INFO] [循环 1/1] 发送 OK
[2025-08-25 15:13:42.039] [INFO] 已保存结果: reports\2025-08-25_15-13-38\results.csv
[2025-08-25 15:13:42.039] [INFO] 已生成报告: reports\2025-08-25_15-13-38\report.html
[2025-08-25 15:13:42.041] [DEBUG] 串口已关闭
[2025-08-25 15:13:42.041] [INFO] 程序结束
