[2025-08-25 19:52:12.244] [INFO] 初始化 BLE 协议通信...
[2025-08-25 19:52:12.265] [INFO] 生成排列组合用例 6561 条
[2025-08-25 19:52:12.265] [INFO] ==== 执行用例 #1 ====
[2025-08-25 19:52:12.266] [INFO] 参数: {'screen_on': 1, 'brightness': 5, 'digital': 0, 'logo': 0, 'rim_state': 0, 'rdygo': 0, 'turn_left': 0, 'turn_right': 0, 'ring': 0} | 备注: 
[2025-08-25 19:52:12.266] [DEBUG] 修改后的LED显示信息:
[2025-08-25 19:52:12.266] [INFO]   屏幕状态: 开
  亮度级别: 5
  数字显示: 0
  LOGO状态: 0 (0关, 1白, 2红)
  护盾状态: 0 (0关, 1白, 2绿)
  ReadyGo状态: 0 (0关, 1白, 2红)
  左转向灯: 0 (0关, 1白, 2橙)
  右转向灯: 0 (0关, 1白, 2橙)
  灯环状态: 0 (0关, 1蓝, 2红)
[2025-08-25 19:52:12.267] [DEBUG] 组包成功，数据长度: 21 字节
[2025-08-25 19:52:12.268] [DEBUG] 发送数据: A5 60 9F A5 03 0D 3B 3E 33 33 33 33 33 33 33 33 33 33 33 1A 55
[2025-08-25 19:52:13.274] [DEBUG] 接收数据: A5 60 9F A5 83 55 33 93 7F 63 64 33 33 33 33 33 33 33 33 33 33 33 33 33 33 33 33 33 33 33 33 33 33 33 33 33 33 33 33 33 33 33 33 89 66 69 66 65 85 64 63 64 76 63 64 92 75 A7 63 65 33 33 33 33 33 37 33 37 33 33 33 3E 33 33 33 33 33 33 33 33 33 33 33 33 33 33 33 33 33 33 33 F7 55
[2025-08-25 19:52:13.276] [DEBUG] 数据解析成功:
[2025-08-25 19:52:13.278] [INFO]   ID: 0x60
  命令: 0x83 (读)
  寄存器地址: 0x00
  寄存器数量: 0
[2025-08-25 19:52:13.278] [DEBUG] 组包成功，数据长度: 21 字节
[2025-08-25 19:52:13.279] [DEBUG] 发送数据: A5 60 9F A5 01 0D 3B 3E 33 33 33 33 33 33 33 33 33 33 33 5D 55
[2025-08-25 19:52:14.285] [DEBUG] 接收数据: A5 60 9F A5 81 0D 3B 3E 33 33 33 33 33 33 33 33 33 33 33 6A 55
[2025-08-25 19:52:14.286] [DEBUG] 数据解析成功:
[2025-08-25 19:52:14.286] [INFO]   ID: 0x60
  命令: 0x81 (读)
  寄存器地址: 0x08
  寄存器数量: 0
[2025-08-25 19:52:14.287] [INFO] 
全局变量中的LED显示信息已更新:
[2025-08-25 19:52:14.288] [INFO]   屏幕状态: 开
  亮度级别: 5
  数字显示: 0
  LOGO状态: 0 (0关, 1白, 2红)
  护盾状态: 0 (0关, 1白, 2绿)
  ReadyGo状态: 0 (0关, 1白, 2红)
  左转向灯: 0 (0关, 1白, 2橙)
  右转向灯: 0 (0关, 1白, 2橙)
  灯环状态: 0 (0关, 1蓝, 2红)
[2025-08-25 19:52:14.288] [INFO] 结果: PASS | 用时: 2.023s
[2025-08-25 19:52:14.288] [INFO] ==== 执行用例 #2 ====
[2025-08-25 19:52:14.289] [INFO] 参数: {'screen_on': 1, 'brightness': 5, 'digital': 0, 'logo': 0, 'rim_state': 0, 'rdygo': 0, 'turn_left': 0, 'turn_right': 0, 'ring': 1} | 备注: 
[2025-08-25 19:52:14.289] [DEBUG] 修改后的LED显示信息:
[2025-08-25 19:52:14.289] [INFO]   屏幕状态: 开
  亮度级别: 5
  数字显示: 0
  LOGO状态: 0 (0关, 1白, 2红)
  护盾状态: 0 (0关, 1白, 2绿)
  ReadyGo状态: 0 (0关, 1白, 2红)
  左转向灯: 0 (0关, 1白, 2橙)
  右转向灯: 0 (0关, 1白, 2橙)
  灯环状态: 1 (0关, 1蓝, 2红)
[2025-08-25 19:52:14.290] [DEBUG] 组包成功，数据长度: 21 字节
[2025-08-25 19:52:14.290] [DEBUG] 发送数据: A5 60 9F A5 03 0D 3B 3E 33 33 33 33 33 35 33 33 33 33 33 EB 55
[2025-08-25 19:52:15.293] [DEBUG] 接收数据: A5 60 9F A5 83 55 33 93 7F 63 64 33 33 33 33 33 33 33 33 33 33 33 33 33 33 33 33 33 33 33 33 33 33 33 33 33 33 33 33 33 33 33 33 89 66 69 66 65 85 64 63 64 76 63 64 92 75 A7 63 65 33 33 33 33 33 37 33 37 33 33 33 3E 33 33 33 33 33 35 33 33 33 33 33 33 33 33 33 33 33 33 33 A9 55
[2025-08-25 19:52:15.293] [DEBUG] 数据解析成功:
[2025-08-25 19:52:15.294] [INFO]   ID: 0x60
  命令: 0x83 (读)
  寄存器地址: 0x00
  寄存器数量: 0
[2025-08-25 19:52:15.294] [DEBUG] 组包成功，数据长度: 21 字节
[2025-08-25 19:52:15.294] [DEBUG] 发送数据: A5 60 9F A5 01 0D 3B 3E 33 33 33 33 33 35 33 33 33 33 33 AC 55
[2025-08-25 19:52:16.298] [DEBUG] 接收数据: A5 60 9F A5 81 0D 3B 3E 33 33 33 33 33 35 33 33 33 33 33 9B 55
[2025-08-25 19:52:16.300] [DEBUG] 数据解析成功:
[2025-08-25 19:52:16.302] [INFO]   ID: 0x60
  命令: 0x81 (读)
  寄存器地址: 0x08
  寄存器数量: 0
[2025-08-25 19:52:16.303] [INFO] 
全局变量中的LED显示信息已更新:
[2025-08-25 19:52:16.304] [INFO]   屏幕状态: 开
  亮度级别: 5
  数字显示: 0
  LOGO状态: 0 (0关, 1白, 2红)
  护盾状态: 0 (0关, 1白, 2绿)
  ReadyGo状态: 0 (0关, 1白, 2红)
  左转向灯: 0 (0关, 1白, 2橙)
  右转向灯: 0 (0关, 1白, 2橙)
  灯环状态: 1 (0关, 1蓝, 2红)
[2025-08-25 19:52:16.305] [INFO] 结果: PASS | 用时: 2.017s
[2025-08-25 19:52:16.306] [INFO] ==== 执行用例 #3 ====
[2025-08-25 19:52:16.307] [INFO] 参数: {'screen_on': 1, 'brightness': 5, 'digital': 0, 'logo': 0, 'rim_state': 0, 'rdygo': 0, 'turn_left': 0, 'turn_right': 0, 'ring': 2} | 备注: 
[2025-08-25 19:52:16.307] [DEBUG] 修改后的LED显示信息:
[2025-08-25 19:52:16.308] [INFO]   屏幕状态: 开
  亮度级别: 5
  数字显示: 0
  LOGO状态: 0 (0关, 1白, 2红)
  护盾状态: 0 (0关, 1白, 2绿)
  ReadyGo状态: 0 (0关, 1白, 2红)
  左转向灯: 0 (0关, 1白, 2橙)
  右转向灯: 0 (0关, 1白, 2橙)
  灯环状态: 2 (0关, 1蓝, 2红)
[2025-08-25 19:52:16.309] [DEBUG] 组包成功，数据长度: 21 字节
[2025-08-25 19:52:16.310] [DEBUG] 发送数据: A5 60 9F A5 03 0D 3B 3E 33 33 33 33 33 37 33 33 33 33 33 4F 55
[2025-08-25 19:52:17.312] [DEBUG] 接收数据: A5 60 9F A5 83 55 33 93 7F 63 64 33 33 33 33 33 33 33 33 33 33 33 33 33 33 33 33 33 33 33 33 33 33 33 33 33 33 33 33 33 33 33 33 89 66 69 66 65 85 64 63 64 76 63 64 92 75 A7 63 65 33 33 33 33 33 37 33 38 33 33 33 3E 33 33 33 33 33 37 33 33 33 33 33 33 33 33 33 33 33 33 33 2C 55
[2025-08-25 19:52:17.314] [DEBUG] 数据解析成功:
[2025-08-25 19:52:17.315] [INFO]   ID: 0x60
  命令: 0x83 (读)
  寄存器地址: 0x00
  寄存器数量: 0
[2025-08-25 19:52:17.316] [DEBUG] 组包成功，数据长度: 21 字节
[2025-08-25 19:52:17.316] [DEBUG] 发送数据: A5 60 9F A5 01 0D 3B 3E 33 33 33 33 33 37 33 33 33 33 33 08 55
[2025-08-25 19:52:18.321] [DEBUG] 接收数据: A5 60 9F A5 81 0D 3B 3E 33 33 33 33 33 37 33 33 33 33 33 3F 55
[2025-08-25 19:52:18.321] [DEBUG] 数据解析成功:
[2025-08-25 19:52:18.321] [INFO]   ID: 0x60
  命令: 0x81 (读)
  寄存器地址: 0x08
  寄存器数量: 0
[2025-08-25 19:52:18.325] [INFO] 
全局变量中的LED显示信息已更新:
[2025-08-25 19:52:18.325] [INFO]   屏幕状态: 开
  亮度级别: 5
  数字显示: 0
  LOGO状态: 0 (0关, 1白, 2红)
  护盾状态: 0 (0关, 1白, 2绿)
  ReadyGo状态: 0 (0关, 1白, 2红)
  左转向灯: 0 (0关, 1白, 2橙)
  右转向灯: 0 (0关, 1白, 2橙)
  灯环状态: 2 (0关, 1蓝, 2红)
[2025-08-25 19:52:18.327] [INFO] 结果: PASS | 用时: 2.021s
[2025-08-25 19:52:18.327] [INFO] ==== 执行用例 #4 ====
[2025-08-25 19:52:18.327] [INFO] 参数: {'screen_on': 1, 'brightness': 5, 'digital': 0, 'logo': 0, 'rim_state': 0, 'rdygo': 0, 'turn_left': 0, 'turn_right': 1, 'ring': 0} | 备注: 
[2025-08-25 19:52:18.327] [DEBUG] 修改后的LED显示信息:
[2025-08-25 19:52:18.327] [INFO]   屏幕状态: 开
  亮度级别: 5
  数字显示: 0
  LOGO状态: 0 (0关, 1白, 2红)
  护盾状态: 0 (0关, 1白, 2绿)
  ReadyGo状态: 0 (0关, 1白, 2红)
  左转向灯: 0 (0关, 1白, 2橙)
  右转向灯: 1 (0关, 1白, 2橙)
  灯环状态: 0 (0关, 1蓝, 2红)
[2025-08-25 19:52:18.327] [DEBUG] 组包成功，数据长度: 21 字节
[2025-08-25 19:52:18.327] [DEBUG] 发送数据: A5 60 9F A5 03 0D 3B 3E 33 33 33 33 B3 33 33 33 33 33 33 33 55
[2025-08-25 19:52:19.333] [DEBUG] 接收数据: A5 60 9F A5 83 55 33 93 7F 63 64 33 33 33 33 33 33 33 33 33 33 33 33 33 33 33 33 33 33 33 33 33 33 33 33 33 33 33 33 33 33 33 33 89 66 69 66 65 85 64 63 64 76 63 64 92 75 A7 63 65 33 33 33 34 33 37 33 38 33 33 33 3E 33 33 33 33 B3 33 33 33 33 33 33 33 33 33 33 33 33 33 33 E5 55
[2025-08-25 19:52:19.333] [DEBUG] 数据解析成功:
[2025-08-25 19:52:19.333] [INFO]   ID: 0x60
  命令: 0x83 (读)
  寄存器地址: 0x00
  寄存器数量: 0
[2025-08-25 19:52:19.337] [DEBUG] 组包成功，数据长度: 21 字节
[2025-08-25 19:52:19.338] [DEBUG] 发送数据: A5 60 9F A5 01 0D 3B 3E 33 33 33 33 B3 33 33 33 33 33 33 74 55
[2025-08-25 19:52:20.340] [DEBUG] 接收数据: A5 60 9F A5 81 0D 3B 3E 33 33 33 33 B3 33 33 33 33 33 33 43 55
[2025-08-25 19:52:20.341] [DEBUG] 数据解析成功:
[2025-08-25 19:52:20.342] [INFO]   ID: 0x60
  命令: 0x81 (读)
  寄存器地址: 0x08
  寄存器数量: 0
[2025-08-25 19:52:20.343] [INFO] 
全局变量中的LED显示信息已更新:
[2025-08-25 19:52:20.343] [INFO]   屏幕状态: 开
  亮度级别: 5
  数字显示: 0
  LOGO状态: 0 (0关, 1白, 2红)
  护盾状态: 0 (0关, 1白, 2绿)
  ReadyGo状态: 0 (0关, 1白, 2红)
  左转向灯: 0 (0关, 1白, 2橙)
  右转向灯: 1 (0关, 1白, 2橙)
  灯环状态: 0 (0关, 1蓝, 2红)
[2025-08-25 19:52:20.345] [INFO] 结果: PASS | 用时: 2.018s
[2025-08-25 19:52:20.346] [INFO] ==== 执行用例 #5 ====
[2025-08-25 19:52:20.346] [INFO] 参数: {'screen_on': 1, 'brightness': 5, 'digital': 0, 'logo': 0, 'rim_state': 0, 'rdygo': 0, 'turn_left': 0, 'turn_right': 1, 'ring': 1} | 备注: 
[2025-08-25 19:52:20.346] [DEBUG] 修改后的LED显示信息:
[2025-08-25 19:52:20.348] [INFO]   屏幕状态: 开
  亮度级别: 5
  数字显示: 0
  LOGO状态: 0 (0关, 1白, 2红)
  护盾状态: 0 (0关, 1白, 2绿)
  ReadyGo状态: 0 (0关, 1白, 2红)
  左转向灯: 0 (0关, 1白, 2橙)
  右转向灯: 1 (0关, 1白, 2橙)
  灯环状态: 1 (0关, 1蓝, 2红)
[2025-08-25 19:52:20.349] [DEBUG] 组包成功，数据长度: 21 字节
[2025-08-25 19:52:20.349] [DEBUG] 发送数据: A5 60 9F A5 03 0D 3B 3E 33 33 33 33 B3 35 33 33 33 33 33 C2 55
[2025-08-25 19:52:21.352] [DEBUG] 接收数据: A5 60 9F A5 83 55 33 93 7F 63 64 33 33 33 33 33 33 33 33 33 33 33 33 33 33 33 33 33 33 33 33 33 33 33 33 33 33 33 33 33 33 33 33 89 66 69 66 65 85 64 63 64 76 63 64 92 75 A7 63 65 33 33 33 33 33 37 33 38 33 33 33 3E 33 33 33 33 B3 35 33 33 33 33 33 33 33 33 33 33 33 33 33 DA 55
[2025-08-25 19:52:21.352] [DEBUG] 数据解析成功:
[2025-08-25 19:52:21.352] [INFO]   ID: 0x60
  命令: 0x83 (读)
  寄存器地址: 0x00
  寄存器数量: 0
[2025-08-25 19:52:21.354] [DEBUG] 组包成功，数据长度: 21 字节
[2025-08-25 19:52:21.354] [DEBUG] 发送数据: A5 60 9F A5 01 0D 3B 3E 33 33 33 33 B3 35 33 33 33 33 33 85 55
[2025-08-25 19:52:22.360] [DEBUG] 接收数据: A5 60 9F A5 81 0D 3B 3E 33 33 33 33 B3 35 33 33 33 33 33 B2 55
[2025-08-25 19:52:22.360] [DEBUG] 数据解析成功:
[2025-08-25 19:52:22.361] [INFO]   ID: 0x60
  命令: 0x81 (读)
  寄存器地址: 0x08
  寄存器数量: 0
[2025-08-25 19:52:22.362] [INFO] 
全局变量中的LED显示信息已更新:
[2025-08-25 19:52:22.362] [INFO]   屏幕状态: 开
  亮度级别: 5
  数字显示: 0
  LOGO状态: 0 (0关, 1白, 2红)
  护盾状态: 0 (0关, 1白, 2绿)
  ReadyGo状态: 0 (0关, 1白, 2红)
  左转向灯: 0 (0关, 1白, 2橙)
  右转向灯: 1 (0关, 1白, 2橙)
  灯环状态: 1 (0关, 1蓝, 2红)
[2025-08-25 19:52:22.363] [INFO] 结果: PASS | 用时: 2.018s
[2025-08-25 19:52:22.363] [INFO] ==== 执行用例 #6 ====
[2025-08-25 19:52:22.363] [INFO] 参数: {'screen_on': 1, 'brightness': 5, 'digital': 0, 'logo': 0, 'rim_state': 0, 'rdygo': 0, 'turn_left': 0, 'turn_right': 1, 'ring': 2} | 备注: 
[2025-08-25 19:52:22.364] [DEBUG] 修改后的LED显示信息:
[2025-08-25 19:52:22.364] [INFO]   屏幕状态: 开
  亮度级别: 5
  数字显示: 0
  LOGO状态: 0 (0关, 1白, 2红)
  护盾状态: 0 (0关, 1白, 2绿)
  ReadyGo状态: 0 (0关, 1白, 2红)
  左转向灯: 0 (0关, 1白, 2橙)
  右转向灯: 1 (0关, 1白, 2橙)
  灯环状态: 2 (0关, 1蓝, 2红)
[2025-08-25 19:52:22.364] [DEBUG] 组包成功，数据长度: 21 字节
[2025-08-25 19:52:22.365] [DEBUG] 发送数据: A5 60 9F A5 03 0D 3B 3E 33 33 33 33 B3 37 33 33 33 33 33 66 55
[2025-08-25 19:52:23.372] [DEBUG] 接收数据: A5 60 9F A5 83 55 33 93 7F 63 64 33 33 33 33 33 33 33 33 33 33 33 33 33 33 33 33 33 33 33 33 33 33 33 33 33 33 33 33 33 33 33 33 89 66 69 66 65 85 64 63 64 76 63 64 92 75 A7 63 65 33 33 33 33 33 37 33 38 33 33 33 3E 33 33 33 33 B3 37 33 33 33 33 33 33 33 33 33 33 33 33 33 1B 55
[2025-08-25 19:52:23.372] [DEBUG] 数据解析成功:
[2025-08-25 19:52:23.373] [INFO]   ID: 0x60
  命令: 0x83 (读)
  寄存器地址: 0x00
  寄存器数量: 0
[2025-08-25 19:52:23.373] [DEBUG] 组包成功，数据长度: 21 字节
[2025-08-25 19:52:23.373] [DEBUG] 发送数据: A5 60 9F A5 01 0D 3B 3E 33 33 33 33 B3 37 33 33 33 33 33 21 55
[2025-08-25 19:52:24.378] [DEBUG] 接收数据: A5 60 9F A5 81 0D 3B 3E 33 33 33 33 B3 37 33 33 33 33 33 16 55
[2025-08-25 19:52:24.378] [DEBUG] 数据解析成功:
[2025-08-25 19:52:24.379] [INFO]   ID: 0x60
  命令: 0x81 (读)
  寄存器地址: 0x08
  寄存器数量: 0
[2025-08-25 19:52:24.379] [INFO] 
全局变量中的LED显示信息已更新:
[2025-08-25 19:52:24.380] [INFO]   屏幕状态: 开
  亮度级别: 5
  数字显示: 0
  LOGO状态: 0 (0关, 1白, 2红)
  护盾状态: 0 (0关, 1白, 2绿)
  ReadyGo状态: 0 (0关, 1白, 2红)
  左转向灯: 0 (0关, 1白, 2橙)
  右转向灯: 1 (0关, 1白, 2橙)
  灯环状态: 2 (0关, 1蓝, 2红)
[2025-08-25 19:52:24.381] [INFO] 结果: PASS | 用时: 2.017s
[2025-08-25 19:52:24.381] [INFO] ==== 执行用例 #7 ====
[2025-08-25 19:52:24.381] [INFO] 参数: {'screen_on': 1, 'brightness': 5, 'digital': 0, 'logo': 0, 'rim_state': 0, 'rdygo': 0, 'turn_left': 0, 'turn_right': 2, 'ring': 0} | 备注: 
[2025-08-25 19:52:24.382] [DEBUG] 修改后的LED显示信息:
[2025-08-25 19:52:24.382] [INFO]   屏幕状态: 开
  亮度级别: 5
  数字显示: 0
  LOGO状态: 0 (0关, 1白, 2红)
  护盾状态: 0 (0关, 1白, 2绿)
  ReadyGo状态: 0 (0关, 1白, 2红)
  左转向灯: 0 (0关, 1白, 2橙)
  右转向灯: 2 (0关, 1白, 2橙)
  灯环状态: 0 (0关, 1蓝, 2红)
[2025-08-25 19:52:24.383] [DEBUG] 组包成功，数据长度: 21 字节
[2025-08-25 19:52:24.383] [DEBUG] 发送数据: A5 60 9F A5 03 0D 3B 3E 33 33 33 33 33 34 33 33 33 33 33 B9 55
[2025-08-25 19:52:25.386] [DEBUG] 接收数据: A5 60 9F A5 83 55 33 93 7F 63 64 33 33 33 33 33 33 33 33 33 33 33 33 33 33 33 33 33 33 33 33 33 33 33 33 33 33 33 33 33 33 33 33 89 66 69 66 65 85 64 63 64 76 63 64 92 75 A7 63 65 33 33 33 33 33 37 33 38 33 33 33 3E 33 33 33 33 33 34 33 33 33 33 33 33 33 33 33 33 33 33 33 83 55
[2025-08-25 19:52:25.386] [DEBUG] 数据解析成功:
[2025-08-25 19:52:25.386] [INFO]   ID: 0x60
  命令: 0x83 (读)
  寄存器地址: 0x00
  寄存器数量: 0
[2025-08-25 19:52:25.386] [DEBUG] 组包成功，数据长度: 21 字节
[2025-08-25 19:52:25.386] [DEBUG] 发送数据: A5 60 9F A5 01 0D 3B 3E 33 33 33 33 33 34 33 33 33 33 33 FE 55
[2025-08-25 19:52:26.389] [DEBUG] 接收数据: A5 60 9F A5 81 0D 3B 3E 33 33 33 33 33 34 33 33 33 33 33 C9 55
[2025-08-25 19:52:26.391] [DEBUG] 数据解析成功:
[2025-08-25 19:52:26.391] [INFO]   ID: 0x60
  命令: 0x81 (读)
  寄存器地址: 0x08
  寄存器数量: 0
[2025-08-25 19:52:26.392] [INFO] 
全局变量中的LED显示信息已更新:
[2025-08-25 19:52:26.393] [INFO]   屏幕状态: 开
  亮度级别: 5
  数字显示: 0
  LOGO状态: 0 (0关, 1白, 2红)
  护盾状态: 0 (0关, 1白, 2绿)
  ReadyGo状态: 0 (0关, 1白, 2红)
  左转向灯: 0 (0关, 1白, 2橙)
  右转向灯: 2 (0关, 1白, 2橙)
  灯环状态: 0 (0关, 1蓝, 2红)
[2025-08-25 19:52:26.393] [INFO] 结果: PASS | 用时: 2.012s
[2025-08-25 19:52:26.393] [INFO] ==== 执行用例 #8 ====
[2025-08-25 19:52:26.394] [INFO] 参数: {'screen_on': 1, 'brightness': 5, 'digital': 0, 'logo': 0, 'rim_state': 0, 'rdygo': 0, 'turn_left': 0, 'turn_right': 2, 'ring': 1} | 备注: 
[2025-08-25 19:52:26.394] [DEBUG] 修改后的LED显示信息:
[2025-08-25 19:52:26.394] [INFO]   屏幕状态: 开
  亮度级别: 5
  数字显示: 0
  LOGO状态: 0 (0关, 1白, 2红)
  护盾状态: 0 (0关, 1白, 2绿)
  ReadyGo状态: 0 (0关, 1白, 2红)
  左转向灯: 0 (0关, 1白, 2橙)
  右转向灯: 2 (0关, 1白, 2橙)
  灯环状态: 1 (0关, 1蓝, 2红)
[2025-08-25 19:52:26.395] [DEBUG] 组包成功，数据长度: 21 字节
[2025-08-25 19:52:26.396] [DEBUG] 发送数据: A5 60 9F A5 03 0D 3B 3E 33 33 33 33 33 36 33 33 33 33 33 1D 55
[2025-08-25 19:52:27.399] [DEBUG] 接收数据: A5 60 9F A5 83 55 33 93 7F 63 64 33 33 33 33 33 33 33 33 33 33 33 33 33 33 33 33 33 33 33 33 33 33 33 33 33 33 33 33 33 33 33 33 89 66 69 66 65 85 64 63 64 76 63 64 92 75 A7 63 65 33 33 33 33 33 37 33 38 33 33 33 3E 33 33 33 33 33 36 33 33 33 33 33 33 33 33 33 33 33 33 33 42 55
[2025-08-25 19:52:27.399] [DEBUG] 数据解析成功:
[2025-08-25 19:52:27.400] [INFO]   ID: 0x60
  命令: 0x83 (读)
  寄存器地址: 0x00
  寄存器数量: 0
[2025-08-25 19:52:27.401] [DEBUG] 组包成功，数据长度: 21 字节
[2025-08-25 19:52:27.401] [DEBUG] 发送数据: A5 60 9F A5 01 0D 3B 3E 33 33 33 33 33 36 33 33 33 33 33 5A 55
[2025-08-25 19:52:28.404] [DEBUG] 接收数据: A5 60 9F A5 81 0D 3B 3E 33 33 33 33 33 36 33 33 33 33 33 6D 55
[2025-08-25 19:52:28.404] [DEBUG] 数据解析成功:
[2025-08-25 19:52:28.404] [INFO]   ID: 0x60
  命令: 0x81 (读)
  寄存器地址: 0x08
  寄存器数量: 0
[2025-08-25 19:52:28.404] [INFO] 
全局变量中的LED显示信息已更新:
[2025-08-25 19:52:28.407] [INFO]   屏幕状态: 开
  亮度级别: 5
  数字显示: 0
  LOGO状态: 0 (0关, 1白, 2红)
  护盾状态: 0 (0关, 1白, 2绿)
  ReadyGo状态: 0 (0关, 1白, 2红)
  左转向灯: 0 (0关, 1白, 2橙)
  右转向灯: 2 (0关, 1白, 2橙)
  灯环状态: 1 (0关, 1蓝, 2红)
[2025-08-25 19:52:28.407] [INFO] 结果: PASS | 用时: 2.014s
[2025-08-25 19:52:28.408] [INFO] ==== 执行用例 #9 ====
[2025-08-25 19:52:28.408] [INFO] 参数: {'screen_on': 1, 'brightness': 5, 'digital': 0, 'logo': 0, 'rim_state': 0, 'rdygo': 0, 'turn_left': 0, 'turn_right': 2, 'ring': 2} | 备注: 
[2025-08-25 19:52:28.408] [DEBUG] 修改后的LED显示信息:
[2025-08-25 19:52:28.408] [INFO]   屏幕状态: 开
  亮度级别: 5
  数字显示: 0
  LOGO状态: 0 (0关, 1白, 2红)
  护盾状态: 0 (0关, 1白, 2绿)
  ReadyGo状态: 0 (0关, 1白, 2红)
  左转向灯: 0 (0关, 1白, 2橙)
  右转向灯: 2 (0关, 1白, 2橙)
  灯环状态: 2 (0关, 1蓝, 2红)
[2025-08-25 19:52:28.410] [DEBUG] 组包成功，数据长度: 21 字节
[2025-08-25 19:52:28.410] [DEBUG] 发送数据: A5 60 9F A5 03 0D 3B 3E 33 33 33 33 33 38 33 33 33 33 33 46 55
