[2025-08-26 16:36:30.356] [INFO] 初始化 BLE 协议通信...
[2025-08-26 16:36:30.549] [INFO] 加载用例 2 条 来自: testcases.xlsx
[2025-08-26 16:36:30.556] [INFO] ==== 执行用例 #1 ====
[2025-08-26 16:36:30.560] [INFO] 参数: {'screen_on': 1, 'brightness': 7, 'digital': 0, 'logo': 1, 'rim_state': 0, 'rdygo': 0, 'turn_left': 0, 'turn_right': 0, 'ring': 1} | 备注: 最小点亮测试
[2025-08-26 16:36:30.580] [DEBUG] 修改后的LED显示信息:
[2025-08-26 16:36:30.587] [INFO]   屏幕状态: 开
  亮度级别: 7
  数字显示: 0
  LOGO状态: 1 (0关, 1白, 2红)
  护盾状态: 0 (0关, 1白, 2绿)
  ReadyGo状态: 0 (0关, 1白, 2红)
  左转向灯: 0 (0关, 1白, 2橙)
  右转向灯: 0 (0关, 1白, 2橙)
  灯环状态: 1 (0关, 1蓝, 2红)
[2025-08-26 16:36:30.601] [DEBUG] 组包成功，数据长度: 21 字节
[2025-08-26 16:36:30.609] [DEBUG] 发送数据: A5 60 9F A5 03 0D 3B 42 33 33 33 B3 33 35 33 33 33 33 33 57 55
[2025-08-26 16:36:31.633] [DEBUG] 接收数据: A5 60 9F A5 83 55 33 93 7F 63 64 33 33 33 33 33 33 33 33 33 33 33 33 33 33 33 33 33 33 33 33 33 33 33 33 33 33 33 33 33 33 33 33 89 66 69 66 65 85 64 63 64 76 63 64 92 75 A7 63 65 33 33 33 33 33 37 33 37 33 33 33 42 33 33 33 B3 33 35 33 33 33 33 33 33 33 33 33 33 33 33 33 06 55
[2025-08-26 16:36:31.695] [DEBUG] 数据解析成功:
[2025-08-26 16:36:31.713] [INFO]   ID: 0x60
  命令: 0x83 (读)
  寄存器地址: 0x00
  寄存器数量: 0
[2025-08-26 16:36:31.740] [DEBUG] 组包成功，数据长度: 21 字节
[2025-08-26 16:36:31.753] [DEBUG] 发送数据: A5 60 9F A5 01 0D 3B 42 33 33 33 B3 33 35 33 33 33 33 33 10 55
[2025-08-26 16:36:32.787] [DEBUG] 接收数据: A5 60 9F A5 81 0D 3B 42 33 33 33 B3 33 35 33 33 33 33 33 27 55
[2025-08-26 16:36:32.824] [DEBUG] 数据解析成功:
[2025-08-26 16:36:32.845] [INFO]   ID: 0x60
  命令: 0x81 (读)
  寄存器地址: 0x08
  寄存器数量: 0
[2025-08-26 16:36:32.868] [INFO] 
全局变量中的LED显示信息已更新:
[2025-08-26 16:36:32.888] [INFO]   屏幕状态: 开
  亮度级别: 7
  数字显示: 0
  LOGO状态: 1 (0关, 1白, 2红)
  护盾状态: 0 (0关, 1白, 2绿)
  ReadyGo状态: 0 (0关, 1白, 2红)
  左转向灯: 0 (0关, 1白, 2橙)
  右转向灯: 0 (0关, 1白, 2橙)
  灯环状态: 1 (0关, 1蓝, 2红)
[2025-08-26 16:36:32.904] [INFO] 结果: PASS | 用时: 2.348s
[2025-08-26 16:36:32.915] [INFO] ==== 执行用例 #2 ====
[2025-08-26 16:36:32.925] [INFO] 参数: {'screen_on': 1, 'brightness': 3, 'digital': 0, 'logo': 1, 'rim_state': 1, 'rdygo': 1, 'turn_left': 1, 'turn_right': 0, 'ring': 1} | 备注: 最大点亮测试
[2025-08-26 16:36:32.960] [DEBUG] 修改后的LED显示信息:
[2025-08-26 16:36:32.972] [INFO]   屏幕状态: 开
  亮度级别: 3
  数字显示: 0
  LOGO状态: 1 (0关, 1白, 2红)
  护盾状态: 1 (0关, 1白, 2绿)
  ReadyGo状态: 1 (0关, 1白, 2红)
  左转向灯: 1 (0关, 1白, 2橙)
  右转向灯: 0 (0关, 1白, 2橙)
  灯环状态: 1 (0关, 1蓝, 2红)
[2025-08-26 16:36:32.987] [DEBUG] 组包成功，数据长度: 21 字节
[2025-08-26 16:36:32.998] [DEBUG] 发送数据: A5 60 9F A5 03 0D 3B 3A 33 33 33 B3 5D 35 33 33 33 33 33 F8 55
[2025-08-26 16:36:34.021] [DEBUG] 接收数据: A5 60 9F A5 83 55 33 93 7F 63 64 33 33 33 33 33 33 33 33 33 33 33 33 33 33 33 33 33 33 33 33 33 33 33 33 33 33 33 33 33 33 33 33 89 66 69 66 65 85 64 63 64 76 63 64 92 75 A7 63 65 33 33 33 34 33 37 33 37 33 33 33 3A 33 33 33 B3 5D 35 33 33 33 33 33 33 33 33 33 33 33 33 33 46 55
[2025-08-26 16:36:34.106] [DEBUG] 数据解析成功:
[2025-08-26 16:36:34.122] [INFO]   ID: 0x60
  命令: 0x83 (读)
  寄存器地址: 0x00
  寄存器数量: 0
[2025-08-26 16:36:34.144] [DEBUG] 组包成功，数据长度: 21 字节
[2025-08-26 16:36:34.159] [DEBUG] 发送数据: A5 60 9F A5 01 0D 3B 3A 33 33 33 B3 5D 35 33 33 33 33 33 BF 55
[2025-08-26 16:36:35.193] [DEBUG] 接收数据: A5 60 9F A5 81 0D 3B 3A 33 33 33 B3 5D 35 33 33 33 33 33 88 55
[2025-08-26 16:36:35.227] [DEBUG] 数据解析成功:
[2025-08-26 16:36:35.244] [INFO]   ID: 0x60
  命令: 0x81 (读)
  寄存器地址: 0x08
  寄存器数量: 0
[2025-08-26 16:36:35.266] [INFO] 
全局变量中的LED显示信息已更新:
[2025-08-26 16:36:35.287] [INFO]   屏幕状态: 开
  亮度级别: 3
  数字显示: 0
  LOGO状态: 1 (0关, 1白, 2红)
  护盾状态: 1 (0关, 1白, 2绿)
  ReadyGo状态: 1 (0关, 1白, 2红)
  左转向灯: 1 (0关, 1白, 2橙)
  右转向灯: 0 (0关, 1白, 2橙)
  灯环状态: 1 (0关, 1蓝, 2红)
[2025-08-26 16:36:35.304] [INFO] 结果: PASS | 用时: 2.389s
[2025-08-26 16:36:35.314] [DEBUG] 串口已关闭
[2025-08-26 16:36:35.323] [INFO] 程序结束
