[2025-09-09 20:09:29.697] [INFO] 初始化 BLE 协议通信...
[2025-09-09 20:09:29.885] [INFO] 加载用例 30 条 来自: testcases.xlsx
[2025-09-09 20:09:29.938] [INFO] ==== 执行用例 #3000 ====
[2025-09-09 20:09:29.940] [INFO] 参数: {'screen_on': 1, 'brightness': 1, 'digital': 50, 'logo': 0, 'rim_state': 1, 'rdygo': 0, 'turn_left': 0, 'turn_right': 0, 'ring': 2} | 备注: nan
[2025-09-09 20:09:29.960] [DEBUG] 修改后的LED显示信息:
[2025-09-09 20:09:29.971] [INFO]   屏幕状态: 开
  亮度级别: 1
  数字显示: 50
  LOGO状态: 0 (0关, 1白, 2红)
  护盾状态: 1 (0关, 1白, 2绿)
  ReadyGo状态: 0 (0关, 1白, 2红)
  左转向灯: 0 (0关, 1白, 2橙)
  右转向灯: 0 (0关, 1白, 2橙)
  灯环状态: 2 (0关, 1蓝, 2红)
[2025-09-09 20:09:29.993] [DEBUG] 组包成功，数据长度: 21 字节
[2025-09-09 20:09:30.000] [DEBUG] 发送数据: A5 60 9F A5 03 0D 3B 36 33 33 33 65 35 37 33 33 33 33 33 6A 55
[2025-09-09 20:09:30.022] [DEBUG] 接收数据超时
[2025-09-09 20:09:30.030] [DEBUG] 组包成功，数据长度: 21 字节
[2025-09-09 20:09:30.038] [DEBUG] 发送数据: A5 60 9F A5 01 0D 3B 36 33 33 33 65 35 37 33 33 33 33 33 2D 55
[2025-09-09 20:09:30.061] [DEBUG] 接收数据超时
[2025-09-09 20:09:30.068] [INFO] 结果: FAIL | 用时: 0.130s
[2025-09-09 20:09:30.076] [INFO] ==== 执行用例 #5106 ====
[2025-09-09 20:09:30.084] [INFO] 参数: {'screen_on': 1, 'brightness': 2, 'digital': 50, 'logo': 0, 'rim_state': 0, 'rdygo': 0, 'turn_left': 0, 'turn_right': 0, 'ring': 2} | 备注: nan
[2025-09-09 20:09:30.113] [DEBUG] 修改后的LED显示信息:
[2025-09-09 20:09:30.126] [INFO]   屏幕状态: 开
  亮度级别: 2
  数字显示: 50
  LOGO状态: 0 (0关, 1白, 2红)
  护盾状态: 0 (0关, 1白, 2绿)
  ReadyGo状态: 0 (0关, 1白, 2红)
  左转向灯: 0 (0关, 1白, 2橙)
  右转向灯: 0 (0关, 1白, 2橙)
  灯环状态: 2 (0关, 1蓝, 2红)
[2025-09-09 20:09:30.142] [DEBUG] 组包成功，数据长度: 21 字节
[2025-09-09 20:09:30.155] [DEBUG] 发送数据: A5 60 9F A5 03 0D 3B 38 33 33 33 65 33 37 33 33 33 33 33 FC 55
[2025-09-09 20:09:30.185] [DEBUG] 接收数据超时
[2025-09-09 20:09:30.197] [DEBUG] 组包成功，数据长度: 21 字节
[2025-09-09 20:09:30.205] [DEBUG] 发送数据: A5 60 9F A5 01 0D 3B 38 33 33 33 65 33 37 33 33 33 33 33 BB 55
[2025-09-09 20:09:30.233] [DEBUG] 接收数据超时
[2025-09-09 20:09:30.243] [INFO] 结果: FAIL | 用时: 0.167s
[2025-09-09 20:09:30.251] [INFO] ==== 执行用例 #6739 ====
[2025-09-09 20:09:30.264] [INFO] 参数: {'screen_on': 1, 'brightness': 3, 'digital': 0, 'logo': 0, 'rim_state': 2, 'rdygo': 0, 'turn_left': 1, 'turn_right': 2, 'ring': 0} | 备注: nan
[2025-09-09 20:09:30.298] [DEBUG] 修改后的LED显示信息:
[2025-09-09 20:09:30.310] [INFO]   屏幕状态: 开
  亮度级别: 3
  数字显示: 0
  LOGO状态: 0 (0关, 1白, 2红)
  护盾状态: 2 (0关, 1白, 2绿)
  ReadyGo状态: 0 (0关, 1白, 2红)
  左转向灯: 1 (0关, 1白, 2橙)
  右转向灯: 2 (0关, 1白, 2橙)
  灯环状态: 0 (0关, 1蓝, 2红)
[2025-09-09 20:09:30.331] [DEBUG] 组包成功，数据长度: 21 字节
[2025-09-09 20:09:30.339] [DEBUG] 发送数据: A5 60 9F A5 03 0D 3B 3A 33 33 33 33 57 34 33 33 33 33 33 E2 55
[2025-09-09 20:09:30.364] [DEBUG] 接收数据超时
[2025-09-09 20:09:30.378] [DEBUG] 组包成功，数据长度: 21 字节
[2025-09-09 20:09:30.390] [DEBUG] 发送数据: A5 60 9F A5 01 0D 3B 3A 33 33 33 33 57 34 33 33 33 33 33 A5 55
[2025-09-09 20:09:30.410] [DEBUG] 接收数据超时
[2025-09-09 20:09:30.422] [INFO] 结果: FAIL | 用时: 0.172s
[2025-09-09 20:09:30.435] [INFO] ==== 执行用例 #6924 ====
[2025-09-09 20:09:30.443] [INFO] 参数: {'screen_on': 1, 'brightness': 3, 'digital': 0, 'logo': 1, 'rim_state': 1, 'rdygo': 1, 'turn_left': 1, 'turn_right': 0, 'ring': 2} | 备注: nan
[2025-09-09 20:09:30.480] [DEBUG] 修改后的LED显示信息:
[2025-09-09 20:09:30.492] [INFO]   屏幕状态: 开
  亮度级别: 3
  数字显示: 0
  LOGO状态: 1 (0关, 1白, 2红)
  护盾状态: 1 (0关, 1白, 2绿)
  ReadyGo状态: 1 (0关, 1白, 2红)
  左转向灯: 1 (0关, 1白, 2橙)
  右转向灯: 0 (0关, 1白, 2橙)
  灯环状态: 2 (0关, 1蓝, 2红)
[2025-09-09 20:09:30.511] [DEBUG] 组包成功，数据长度: 21 字节
[2025-09-09 20:09:30.523] [DEBUG] 发送数据: A5 60 9F A5 03 0D 3B 3A 33 33 33 B3 5D 37 33 33 33 33 33 5C 55
[2025-09-09 20:09:30.546] [DEBUG] 接收数据超时
[2025-09-09 20:09:30.558] [DEBUG] 组包成功，数据长度: 21 字节
[2025-09-09 20:09:30.566] [DEBUG] 发送数据: A5 60 9F A5 01 0D 3B 3A 33 33 33 B3 5D 37 33 33 33 33 33 1B 55
[2025-09-09 20:09:30.591] [DEBUG] 接收数据超时
[2025-09-09 20:09:30.604] [INFO] 结果: FAIL | 用时: 0.170s
[2025-09-09 20:09:30.615] [INFO] ==== 执行用例 #7347 ====
[2025-09-09 20:09:30.621] [INFO] 参数: {'screen_on': 1, 'brightness': 3, 'digital': 50, 'logo': 0, 'rim_state': 0, 'rdygo': 2, 'turn_left': 0, 'turn_right': 0, 'ring': 2} | 备注: nan
[2025-09-09 20:09:30.655] [DEBUG] 修改后的LED显示信息:
[2025-09-09 20:09:30.668] [INFO]   屏幕状态: 开
  亮度级别: 3
  数字显示: 50
  LOGO状态: 0 (0关, 1白, 2红)
  护盾状态: 0 (0关, 1白, 2绿)
  ReadyGo状态: 2 (0关, 1白, 2红)
  左转向灯: 0 (0关, 1白, 2橙)
  右转向灯: 0 (0关, 1白, 2橙)
  灯环状态: 2 (0关, 1蓝, 2红)
[2025-09-09 20:09:30.689] [DEBUG] 组包成功，数据长度: 21 字节
[2025-09-09 20:09:30.703] [DEBUG] 发送数据: A5 60 9F A5 03 0D 3B 3A 33 33 33 65 43 37 33 33 33 33 33 4C 55
[2025-09-09 20:09:30.727] [DEBUG] 接收数据超时
[2025-09-09 20:09:30.740] [DEBUG] 组包成功，数据长度: 21 字节
[2025-09-09 20:09:30.750] [DEBUG] 发送数据: A5 60 9F A5 01 0D 3B 3A 33 33 33 65 43 37 33 33 33 33 33 0B 55
[2025-09-09 20:09:30.773] [DEBUG] 接收数据超时
[2025-09-09 20:09:30.784] [INFO] 结果: FAIL | 用时: 0.169s
[2025-09-09 20:09:30.792] [INFO] ==== 执行用例 #7548 ====
[2025-09-09 20:09:30.804] [INFO] 参数: {'screen_on': 1, 'brightness': 3, 'digital': 50, 'logo': 1, 'rim_state': 0, 'rdygo': 0, 'turn_left': 1, 'turn_right': 1, 'ring': 2} | 备注: nan
[2025-09-09 20:09:30.838] [DEBUG] 修改后的LED显示信息:
[2025-09-09 20:09:30.853] [INFO]   屏幕状态: 开
  亮度级别: 3
  数字显示: 50
  LOGO状态: 1 (0关, 1白, 2红)
  护盾状态: 0 (0关, 1白, 2绿)
  ReadyGo状态: 0 (0关, 1白, 2红)
  左转向灯: 1 (0关, 1白, 2橙)
  右转向灯: 1 (0关, 1白, 2橙)
  灯环状态: 2 (0关, 1蓝, 2红)
[2025-09-09 20:09:30.871] [DEBUG] 组包成功，数据长度: 21 字节
[2025-09-09 20:09:30.880] [DEBUG] 发送数据: A5 60 9F A5 03 0D 3B 3A 33 33 33 E5 D3 37 33 33 33 33 33 C8 55
[2025-09-09 20:09:30.905] [DEBUG] 接收数据超时
[2025-09-09 20:09:30.920] [DEBUG] 组包成功，数据长度: 21 字节
[2025-09-09 20:09:30.932] [DEBUG] 发送数据: A5 60 9F A5 01 0D 3B 3A 33 33 33 E5 D3 37 33 33 33 33 33 8F 55
[2025-09-09 20:09:30.954] [DEBUG] 接收数据超时
[2025-09-09 20:09:30.962] [INFO] 结果: FAIL | 用时: 0.170s
[2025-09-09 20:09:30.975] [INFO] ==== 执行用例 #7975 ====
[2025-09-09 20:09:30.984] [INFO] 参数: {'screen_on': 1, 'brightness': 3, 'digital': 50, 'logo': 2, 'rim_state': 2, 'rdygo': 1, 'turn_left': 1, 'turn_right': 0, 'ring': 0} | 备注: nan
[2025-09-09 20:09:31.021] [DEBUG] 修改后的LED显示信息:
[2025-09-09 20:09:31.034] [INFO]   屏幕状态: 开
  亮度级别: 3
  数字显示: 50
  LOGO状态: 2 (0关, 1白, 2红)
  护盾状态: 2 (0关, 1白, 2绿)
  ReadyGo状态: 1 (0关, 1白, 2红)
  左转向灯: 1 (0关, 1白, 2橙)
  右转向灯: 0 (0关, 1白, 2橙)
  灯环状态: 0 (0关, 1蓝, 2红)
[2025-09-09 20:09:31.055] [DEBUG] 组包成功，数据长度: 21 字节
[2025-09-09 20:09:31.067] [DEBUG] 发送数据: A5 60 9F A5 03 0D 3B 3A 33 33 33 65 60 33 33 33 33 33 33 D7 55
[2025-09-09 20:09:31.088] [DEBUG] 接收数据超时
[2025-09-09 20:09:31.101] [DEBUG] 组包成功，数据长度: 21 字节
[2025-09-09 20:09:31.114] [DEBUG] 发送数据: A5 60 9F A5 01 0D 3B 3A 33 33 33 65 60 33 33 33 33 33 33 90 55
[2025-09-09 20:09:31.135] [DEBUG] 接收数据超时
[2025-09-09 20:09:31.148] [INFO] 结果: FAIL | 用时: 0.172s
[2025-09-09 20:09:31.156] [INFO] ==== 执行用例 #8146 ====
[2025-09-09 20:09:31.167] [INFO] 参数: {'screen_on': 1, 'brightness': 3, 'digital': 100, 'logo': 0, 'rim_state': 1, 'rdygo': 1, 'turn_left': 2, 'turn_right': 0, 'ring': 0} | 备注: nan
[2025-09-09 20:09:31.197] [DEBUG] 修改后的LED显示信息:
[2025-09-09 20:09:31.215] [INFO]   屏幕状态: 开
  亮度级别: 3
  数字显示: 100
  LOGO状态: 0 (0关, 1白, 2红)
  护盾状态: 1 (0关, 1白, 2绿)
  ReadyGo状态: 1 (0关, 1白, 2红)
  左转向灯: 2 (0关, 1白, 2橙)
  右转向灯: 0 (0关, 1白, 2橙)
  灯环状态: 0 (0关, 1蓝, 2红)
[2025-09-09 20:09:31.231] [DEBUG] 组包成功，数据长度: 21 字节
[2025-09-09 20:09:31.246] [DEBUG] 发送数据: A5 60 9F A5 03 0D 3B 3A 33 33 33 97 7D 33 33 33 33 33 33 04 55
[2025-09-09 20:09:31.274] [DEBUG] 接收数据超时
[2025-09-09 20:09:31.282] [DEBUG] 组包成功，数据长度: 21 字节
[2025-09-09 20:09:31.295] [DEBUG] 发送数据: A5 60 9F A5 01 0D 3B 3A 33 33 33 97 7D 33 33 33 33 33 33 43 55
[2025-09-09 20:09:31.320] [DEBUG] 接收数据超时
[2025-09-09 20:09:31.328] [INFO] 结果: FAIL | 用时: 0.172s
[2025-09-09 20:09:31.337] [INFO] ==== 执行用例 #9520 ====
[2025-09-09 20:09:31.348] [INFO] 参数: {'screen_on': 1, 'brightness': 4, 'digital': 50, 'logo': 0, 'rim_state': 0, 'rdygo': 1, 'turn_left': 1, 'turn_right': 2, 'ring': 0} | 备注: nan
[2025-09-09 20:09:31.384] [DEBUG] 修改后的LED显示信息:
[2025-09-09 20:09:31.397] [INFO]   屏幕状态: 开
  亮度级别: 4
  数字显示: 50
  LOGO状态: 0 (0关, 1白, 2红)
  护盾状态: 0 (0关, 1白, 2绿)
  ReadyGo状态: 1 (0关, 1白, 2红)
  左转向灯: 1 (0关, 1白, 2橙)
  右转向灯: 2 (0关, 1白, 2橙)
  灯环状态: 0 (0关, 1蓝, 2红)
[2025-09-09 20:09:31.416] [DEBUG] 组包成功，数据长度: 21 字节
[2025-09-09 20:09:31.426] [DEBUG] 发送数据: A5 60 9F A5 03 0D 3B 3C 33 33 33 65 5B 34 33 33 33 33 33 67 55
[2025-09-09 20:09:31.452] [DEBUG] 接收数据超时
[2025-09-09 20:09:31.464] [DEBUG] 组包成功，数据长度: 21 字节
[2025-09-09 20:09:31.477] [DEBUG] 发送数据: A5 60 9F A5 01 0D 3B 3C 33 33 33 65 5B 34 33 33 33 33 33 20 55
[2025-09-09 20:09:31.496] [DEBUG] 接收数据超时
[2025-09-09 20:09:31.510] [INFO] 结果: FAIL | 用时: 0.173s
[2025-09-09 20:09:31.517] [INFO] ==== 执行用例 #9922 ====
[2025-09-09 20:09:31.530] [INFO] 参数: {'screen_on': 1, 'brightness': 4, 'digital': 50, 'logo': 1, 'rim_state': 2, 'rdygo': 1, 'turn_left': 1, 'turn_right': 1, 'ring': 0} | 备注: nan
[2025-09-09 20:09:31.558] [DEBUG] 修改后的LED显示信息:
[2025-09-09 20:09:31.574] [INFO]   屏幕状态: 开
  亮度级别: 4
  数字显示: 50
  LOGO状态: 1 (0关, 1白, 2红)
  护盾状态: 2 (0关, 1白, 2绿)
  ReadyGo状态: 1 (0关, 1白, 2红)
  左转向灯: 1 (0关, 1白, 2橙)
  右转向灯: 1 (0关, 1白, 2橙)
  灯环状态: 0 (0关, 1蓝, 2红)
[2025-09-09 20:09:31.593] [DEBUG] 组包成功，数据长度: 21 字节
[2025-09-09 20:09:31.605] [DEBUG] 发送数据: A5 60 9F A5 03 0D 3B 3C 33 33 33 E5 DF 33 33 33 33 33 33 1A 55
[2025-09-09 20:09:31.630] [DEBUG] 接收数据超时
[2025-09-09 20:09:31.643] [DEBUG] 组包成功，数据长度: 21 字节
[2025-09-09 20:09:31.655] [DEBUG] 发送数据: A5 60 9F A5 01 0D 3B 3C 33 33 33 E5 DF 33 33 33 33 33 33 5D 55
[2025-09-09 20:09:31.677] [DEBUG] 接收数据超时
[2025-09-09 20:09:31.690] [INFO] 结果: FAIL | 用时: 0.173s
[2025-09-09 20:09:31.700] [INFO] ==== 执行用例 #10023 ====
[2025-09-09 20:09:31.708] [INFO] 参数: {'screen_on': 1, 'brightness': 4, 'digital': 50, 'logo': 2, 'rim_state': 0, 'rdygo': 2, 'turn_left': 0, 'turn_right': 1, 'ring': 2} | 备注: nan
[2025-09-09 20:09:31.741] [DEBUG] 修改后的LED显示信息:
[2025-09-09 20:09:31.750] [INFO]   屏幕状态: 开
  亮度级别: 4
  数字显示: 50
  LOGO状态: 2 (0关, 1白, 2红)
  护盾状态: 0 (0关, 1白, 2绿)
  ReadyGo状态: 2 (0关, 1白, 2红)
  左转向灯: 0 (0关, 1白, 2橙)
  右转向灯: 1 (0关, 1白, 2橙)
  灯环状态: 2 (0关, 1蓝, 2红)
[2025-09-09 20:09:31.773] [DEBUG] 组包成功，数据长度: 21 字节
[2025-09-09 20:09:31.787] [DEBUG] 发送数据: A5 60 9F A5 03 0D 3B 3C 33 33 33 65 C4 37 33 33 33 33 33 85 55
[2025-09-09 20:09:31.808] [DEBUG] 接收数据超时
[2025-09-09 20:09:31.821] [DEBUG] 组包成功，数据长度: 21 字节
[2025-09-09 20:09:31.830] [DEBUG] 发送数据: A5 60 9F A5 01 0D 3B 3C 33 33 33 65 C4 37 33 33 33 33 33 C2 55
[2025-09-09 20:09:31.855] [DEBUG] 接收数据超时
[2025-09-09 20:09:31.864] [INFO] 结果: FAIL | 用时: 0.165s
[2025-09-09 20:09:31.877] [INFO] ==== 执行用例 #10068 ====
[2025-09-09 20:09:31.885] [INFO] 参数: {'screen_on': 1, 'brightness': 4, 'digital': 50, 'logo': 2, 'rim_state': 1, 'rdygo': 0, 'turn_left': 2, 'turn_right': 1, 'ring': 2} | 备注: nan
[2025-09-09 20:09:31.918] [DEBUG] 修改后的LED显示信息:
[2025-09-09 20:09:31.930] [INFO]   屏幕状态: 开
  亮度级别: 4
  数字显示: 50
  LOGO状态: 2 (0关, 1白, 2红)
  护盾状态: 1 (0关, 1白, 2绿)
  ReadyGo状态: 0 (0关, 1白, 2红)
  左转向灯: 2 (0关, 1白, 2橙)
  右转向灯: 1 (0关, 1白, 2橙)
  灯环状态: 2 (0关, 1蓝, 2红)
[2025-09-09 20:09:31.951] [DEBUG] 组包成功，数据长度: 21 字节
[2025-09-09 20:09:31.964] [DEBUG] 发送数据: A5 60 9F A5 03 0D 3B 3C 33 33 33 65 F6 37 33 33 33 33 33 C9 55
[2025-09-09 20:09:31.990] [DEBUG] 接收数据超时
[2025-09-09 20:09:32.001] [DEBUG] 组包成功，数据长度: 21 字节
[2025-09-09 20:09:32.013] [DEBUG] 发送数据: A5 60 9F A5 01 0D 3B 3C 33 33 33 65 F6 37 33 33 33 33 33 8E 55
[2025-09-09 20:09:32.037] [DEBUG] 接收数据超时
[2025-09-09 20:09:32.045] [INFO] 结果: FAIL | 用时: 0.167s
[2025-09-09 20:09:32.057] [INFO] ==== 执行用例 #10282 ====
[2025-09-09 20:09:32.066] [INFO] 参数: {'screen_on': 1, 'brightness': 4, 'digital': 100, 'logo': 0, 'rim_state': 0, 'rdygo': 2, 'turn_left': 2, 'turn_right': 1, 'ring': 0} | 备注: nan
[2025-09-09 20:09:32.099] [DEBUG] 修改后的LED显示信息:
[2025-09-09 20:09:32.112] [INFO]   屏幕状态: 开
  亮度级别: 4
  数字显示: 100
  LOGO状态: 0 (0关, 1白, 2红)
  护盾状态: 0 (0关, 1白, 2绿)
  ReadyGo状态: 2 (0关, 1白, 2红)
  左转向灯: 2 (0关, 1白, 2橙)
  右转向灯: 1 (0关, 1白, 2橙)
  灯环状态: 0 (0关, 1蓝, 2红)
[2025-09-09 20:09:32.132] [DEBUG] 组包成功，数据长度: 21 字节
[2025-09-09 20:09:32.140] [DEBUG] 发送数据: A5 60 9F A5 03 0D 3B 3C 33 33 33 97 03 33 33 33 33 33 33 D5 55
[2025-09-09 20:09:32.170] [DEBUG] 接收数据超时
[2025-09-09 20:09:32.183] [DEBUG] 组包成功，数据长度: 21 字节
[2025-09-09 20:09:32.192] [DEBUG] 发送数据: A5 60 9F A5 01 0D 3B 3C 33 33 33 97 03 33 33 33 33 33 33 92 55
[2025-09-09 20:09:32.217] [DEBUG] 接收数据超时
[2025-09-09 20:09:32.230] [INFO] 结果: FAIL | 用时: 0.173s
[2025-09-09 20:09:32.241] [INFO] ==== 执行用例 #10509 ====
[2025-09-09 20:09:32.252] [INFO] 参数: {'screen_on': 1, 'brightness': 4, 'digital': 100, 'logo': 1, 'rim_state': 0, 'rdygo': 2, 'turn_left': 0, 'turn_right': 1, 'ring': 2} | 备注: nan
[2025-09-09 20:09:32.287] [DEBUG] 修改后的LED显示信息:
[2025-09-09 20:09:32.300] [INFO]   屏幕状态: 开
  亮度级别: 4
  数字显示: 100
  LOGO状态: 1 (0关, 1白, 2红)
  护盾状态: 0 (0关, 1白, 2绿)
  ReadyGo状态: 2 (0关, 1白, 2红)
  左转向灯: 0 (0关, 1白, 2橙)
  右转向灯: 1 (0关, 1白, 2橙)
  灯环状态: 2 (0关, 1蓝, 2红)
[2025-09-09 20:09:32.317] [DEBUG] 组包成功，数据长度: 21 字节
[2025-09-09 20:09:32.330] [DEBUG] 发送数据: A5 60 9F A5 03 0D 3B 3C 33 33 33 17 C3 37 33 33 33 33 33 56 55
[2025-09-09 20:09:32.356] [DEBUG] 接收数据超时
[2025-09-09 20:09:32.369] [DEBUG] 组包成功，数据长度: 21 字节
[2025-09-09 20:09:32.378] [DEBUG] 发送数据: A5 60 9F A5 01 0D 3B 3C 33 33 33 17 C3 37 33 33 33 33 33 11 55
[2025-09-09 20:09:32.403] [DEBUG] 接收数据超时
[2025-09-09 20:09:32.412] [INFO] 结果: FAIL | 用时: 0.171s
[2025-09-09 20:09:32.420] [INFO] ==== 执行用例 #11108 ====
[2025-09-09 20:09:32.436] [INFO] 参数: {'screen_on': 1, 'brightness': 5, 'digital': 0, 'logo': 0, 'rim_state': 2, 'rdygo': 0, 'turn_left': 1, 'turn_right': 0, 'ring': 1} | 备注: nan
[2025-09-09 20:09:32.465] [DEBUG] 修改后的LED显示信息:
[2025-09-09 20:09:32.478] [INFO]   屏幕状态: 开
  亮度级别: 5
  数字显示: 0
  LOGO状态: 0 (0关, 1白, 2红)
  护盾状态: 2 (0关, 1白, 2绿)
  ReadyGo状态: 0 (0关, 1白, 2红)
  左转向灯: 1 (0关, 1白, 2橙)
  右转向灯: 0 (0关, 1白, 2橙)
  灯环状态: 1 (0关, 1蓝, 2红)
[2025-09-09 20:09:32.499] [DEBUG] 组包成功，数据长度: 21 字节
[2025-09-09 20:09:32.508] [DEBUG] 发送数据: A5 60 9F A5 03 0D 3B 3E 33 33 33 33 57 35 33 33 33 33 33 6E 55
[2025-09-09 20:09:32.534] [DEBUG] 接收数据超时
[2025-09-09 20:09:32.547] [DEBUG] 组包成功，数据长度: 21 字节
[2025-09-09 20:09:32.558] [DEBUG] 发送数据: A5 60 9F A5 01 0D 3B 3E 33 33 33 33 57 35 33 33 33 33 33 29 55
[2025-09-09 20:09:32.579] [DEBUG] 接收数据超时
[2025-09-09 20:09:32.593] [INFO] 结果: FAIL | 用时: 0.173s
[2025-09-09 20:09:32.601] [INFO] ==== 执行用例 #11309 ====
[2025-09-09 20:09:32.614] [INFO] 参数: {'screen_on': 1, 'brightness': 5, 'digital': 0, 'logo': 1, 'rim_state': 1, 'rdygo': 1, 'turn_left': 2, 'turn_right': 1, 'ring': 1} | 备注: nan
[2025-09-09 20:09:32.647] [DEBUG] 修改后的LED显示信息:
[2025-09-09 20:09:32.659] [INFO]   屏幕状态: 开
  亮度级别: 5
  数字显示: 0
  LOGO状态: 1 (0关, 1白, 2红)
  护盾状态: 1 (0关, 1白, 2绿)
  ReadyGo状态: 1 (0关, 1白, 2红)
  左转向灯: 2 (0关, 1白, 2橙)
  右转向灯: 1 (0关, 1白, 2橙)
  灯环状态: 1 (0关, 1蓝, 2红)
[2025-09-09 20:09:32.682] [DEBUG] 组包成功，数据长度: 21 字节
[2025-09-09 20:09:32.693] [DEBUG] 发送数据: A5 60 9F A5 03 0D 3B 3E 33 33 33 B3 FD 35 33 33 33 33 33 82 55
[2025-09-09 20:09:32.723] [DEBUG] 接收数据超时
[2025-09-09 20:09:32.734] [DEBUG] 组包成功，数据长度: 21 字节
[2025-09-09 20:09:32.743] [DEBUG] 发送数据: A5 60 9F A5 01 0D 3B 3E 33 33 33 B3 FD 35 33 33 33 33 33 C5 55
[2025-09-09 20:09:32.765] [DEBUG] 接收数据超时
[2025-09-09 20:09:32.778] [INFO] 结果: FAIL | 用时: 0.178s
[2025-09-09 20:09:32.787] [INFO] ==== 执行用例 #11460 ====
[2025-09-09 20:09:32.795] [INFO] 参数: {'screen_on': 1, 'brightness': 5, 'digital': 0, 'logo': 2, 'rim_state': 0, 'rdygo': 1, 'turn_left': 1, 'turn_right': 0, 'ring': 2} | 备注: nan
[2025-09-09 20:09:32.829] [DEBUG] 修改后的LED显示信息:
[2025-09-09 20:09:32.841] [INFO]   屏幕状态: 开
  亮度级别: 5
  数字显示: 0
  LOGO状态: 2 (0关, 1白, 2红)
  护盾状态: 0 (0关, 1白, 2绿)
  ReadyGo状态: 1 (0关, 1白, 2红)
  左转向灯: 1 (0关, 1白, 2橙)
  右转向灯: 0 (0关, 1白, 2橙)
  灯环状态: 2 (0关, 1蓝, 2红)
[2025-09-09 20:09:32.863] [DEBUG] 组包成功，数据长度: 21 字节
[2025-09-09 20:09:32.871] [DEBUG] 发送数据: A5 60 9F A5 03 0D 3B 3E 33 33 33 33 5C 37 33 33 33 33 33 AD 55
[2025-09-09 20:09:32.896] [DEBUG] 接收数据超时
[2025-09-09 20:09:32.909] [DEBUG] 组包成功，数据长度: 21 字节
[2025-09-09 20:09:32.919] [DEBUG] 发送数据: A5 60 9F A5 01 0D 3B 3E 33 33 33 33 5C 37 33 33 33 33 33 EA 55
[2025-09-09 20:09:32.941] [DEBUG] 接收数据超时
[2025-09-09 20:09:32.951] [INFO] 结果: FAIL | 用时: 0.164s
[2025-09-09 20:09:32.960] [INFO] ==== 执行用例 #12960 ====
[2025-09-09 20:09:32.969] [INFO] 参数: {'screen_on': 1, 'brightness': 5, 'digital': 100, 'logo': 2, 'rim_state': 0, 'rdygo': 2, 'turn_left': 2, 'turn_right': 2, 'ring': 2} | 备注: nan
[2025-09-09 20:09:33.001] [DEBUG] 修改后的LED显示信息:
[2025-09-09 20:09:33.012] [INFO]   屏幕状态: 开
  亮度级别: 5
  数字显示: 100
  LOGO状态: 2 (0关, 1白, 2红)
  护盾状态: 0 (0关, 1白, 2绿)
  ReadyGo状态: 2 (0关, 1白, 2红)
  左转向灯: 2 (0关, 1白, 2橙)
  右转向灯: 2 (0关, 1白, 2橙)
  灯环状态: 2 (0关, 1蓝, 2红)
[2025-09-09 20:09:33.030] [DEBUG] 组包成功，数据长度: 21 字节
[2025-09-09 20:09:33.043] [DEBUG] 发送数据: A5 60 9F A5 03 0D 3B 3E 33 33 33 97 84 38 33 33 33 33 33 9E 55
[2025-09-09 20:09:33.070] [DEBUG] 接收数据超时
[2025-09-09 20:09:33.080] [DEBUG] 组包成功，数据长度: 21 字节
[2025-09-09 20:09:33.093] [DEBUG] 发送数据: A5 60 9F A5 01 0D 3B 3E 33 33 33 97 84 38 33 33 33 33 33 D9 55
[2025-09-09 20:09:33.115] [DEBUG] 接收数据超时
[2025-09-09 20:09:33.127] [INFO] 结果: FAIL | 用时: 0.167s
[2025-09-09 20:09:33.135] [INFO] ==== 执行用例 #13191 ====
[2025-09-09 20:09:33.144] [INFO] 参数: {'screen_on': 1, 'brightness': 6, 'digital': 0, 'logo': 0, 'rim_state': 0, 'rdygo': 2, 'turn_left': 1, 'turn_right': 1, 'ring': 2} | 备注: nan
[2025-09-09 20:09:33.178] [DEBUG] 修改后的LED显示信息:
[2025-09-09 20:09:33.190] [INFO]   屏幕状态: 开
  亮度级别: 6
  数字显示: 0
  LOGO状态: 0 (0关, 1白, 2红)
  护盾状态: 0 (0关, 1白, 2绿)
  ReadyGo状态: 2 (0关, 1白, 2红)
  左转向灯: 1 (0关, 1白, 2橙)
  右转向灯: 1 (0关, 1白, 2橙)
  灯环状态: 2 (0关, 1蓝, 2红)
[2025-09-09 20:09:33.207] [DEBUG] 组包成功，数据长度: 21 字节
[2025-09-09 20:09:33.220] [DEBUG] 发送数据: A5 60 9F A5 03 0D 3B 40 33 33 33 33 E3 37 33 33 33 33 33 02 55
[2025-09-09 20:09:33.246] [DEBUG] 接收数据超时
[2025-09-09 20:09:33.258] [DEBUG] 组包成功，数据长度: 21 字节
[2025-09-09 20:09:33.271] [DEBUG] 发送数据: A5 60 9F A5 01 0D 3B 40 33 33 33 33 E3 37 33 33 33 33 33 45 55
[2025-09-09 20:09:33.292] [DEBUG] 接收数据超时
[2025-09-09 20:09:33.304] [INFO] 结果: FAIL | 用时: 0.169s
[2025-09-09 20:09:33.314] [INFO] ==== 执行用例 #13602 ====
[2025-09-09 20:09:33.325] [INFO] 参数: {'screen_on': 1, 'brightness': 6, 'digital': 0, 'logo': 1, 'rim_state': 2, 'rdygo': 2, 'turn_left': 2, 'turn_right': 0, 'ring': 2} | 备注: nan
[2025-09-09 20:09:33.354] [DEBUG] 修改后的LED显示信息:
[2025-09-09 20:09:33.371] [INFO]   屏幕状态: 开
  亮度级别: 6
  数字显示: 0
  LOGO状态: 1 (0关, 1白, 2红)
  护盾状态: 2 (0关, 1白, 2绿)
  ReadyGo状态: 2 (0关, 1白, 2红)
  左转向灯: 2 (0关, 1白, 2橙)
  右转向灯: 0 (0关, 1白, 2橙)
  灯环状态: 2 (0关, 1蓝, 2红)
[2025-09-09 20:09:33.389] [DEBUG] 组包成功，数据长度: 21 字节
[2025-09-09 20:09:33.402] [DEBUG] 发送数据: A5 60 9F A5 03 0D 3B 40 33 33 33 B3 87 37 33 33 33 33 33 62 55
[2025-09-09 20:09:33.428] [DEBUG] 接收数据超时
[2025-09-09 20:09:33.438] [DEBUG] 组包成功，数据长度: 21 字节
[2025-09-09 20:09:33.449] [DEBUG] 发送数据: A5 60 9F A5 01 0D 3B 40 33 33 33 B3 87 37 33 33 33 33 33 25 55
[2025-09-09 20:09:33.471] [DEBUG] 接收数据超时
[2025-09-09 20:09:33.480] [INFO] 结果: FAIL | 用时: 0.165s
[2025-09-09 20:09:33.491] [INFO] ==== 执行用例 #14453 ====
[2025-09-09 20:09:33.501] [INFO] 参数: {'screen_on': 1, 'brightness': 6, 'digital': 50, 'logo': 2, 'rim_state': 1, 'rdygo': 1, 'turn_left': 0, 'turn_right': 2, 'ring': 1} | 备注: nan
[2025-09-09 20:09:33.531] [DEBUG] 修改后的LED显示信息:
[2025-09-09 20:09:33.544] [INFO]   屏幕状态: 开
  亮度级别: 6
  数字显示: 50
  LOGO状态: 2 (0关, 1白, 2红)
  护盾状态: 1 (0关, 1白, 2绿)
  ReadyGo状态: 1 (0关, 1白, 2红)
  左转向灯: 0 (0关, 1白, 2橙)
  右转向灯: 2 (0关, 1白, 2橙)
  灯环状态: 1 (0关, 1蓝, 2红)
[2025-09-09 20:09:33.561] [DEBUG] 组包成功，数据长度: 21 字节
[2025-09-09 20:09:33.573] [DEBUG] 发送数据: A5 60 9F A5 03 0D 3B 40 33 33 33 65 3E 36 33 33 33 33 33 D5 55
[2025-09-09 20:09:33.599] [DEBUG] 接收数据超时
[2025-09-09 20:09:33.613] [DEBUG] 组包成功，数据长度: 21 字节
[2025-09-09 20:09:33.623] [DEBUG] 发送数据: A5 60 9F A5 01 0D 3B 40 33 33 33 65 3E 36 33 33 33 33 33 92 55
[2025-09-09 20:09:33.649] [DEBUG] 接收数据超时
[2025-09-09 20:09:33.657] [INFO] 结果: FAIL | 用时: 0.166s
[2025-09-09 20:09:33.670] [INFO] ==== 执行用例 #14934 ====
[2025-09-09 20:09:33.678] [INFO] 参数: {'screen_on': 1, 'brightness': 6, 'digital': 100, 'logo': 1, 'rim_state': 1, 'rdygo': 1, 'turn_left': 0, 'turn_right': 0, 'ring': 2} | 备注: nan
[2025-09-09 20:09:33.716] [DEBUG] 修改后的LED显示信息:
[2025-09-09 20:09:33.728] [INFO]   屏幕状态: 开
  亮度级别: 6
  数字显示: 100
  LOGO状态: 1 (0关, 1白, 2红)
  护盾状态: 1 (0关, 1白, 2绿)
  ReadyGo状态: 1 (0关, 1白, 2红)
  左转向灯: 0 (0关, 1白, 2橙)
  右转向灯: 0 (0关, 1白, 2橙)
  灯环状态: 2 (0关, 1蓝, 2红)
[2025-09-09 20:09:33.749] [DEBUG] 组包成功，数据长度: 21 字节
[2025-09-09 20:09:33.763] [DEBUG] 发送数据: A5 60 9F A5 03 0D 3B 40 33 33 33 17 3D 37 33 33 33 33 33 46 55
[2025-09-09 20:09:33.789] [DEBUG] 接收数据超时
[2025-09-09 20:09:33.800] [DEBUG] 组包成功，数据长度: 21 字节
[2025-09-09 20:09:33.813] [DEBUG] 发送数据: A5 60 9F A5 01 0D 3B 40 33 33 33 17 3D 37 33 33 33 33 33 01 55
[2025-09-09 20:09:33.838] [DEBUG] 接收数据超时
[2025-09-09 20:09:33.846] [INFO] 结果: FAIL | 用时: 0.176s
[2025-09-09 20:09:33.856] [INFO] ==== 执行用例 #15192 ====
[2025-09-09 20:09:33.866] [INFO] 参数: {'screen_on': 1, 'brightness': 6, 'digital': 100, 'logo': 2, 'rim_state': 1, 'rdygo': 1, 'turn_left': 1, 'turn_right': 2, 'ring': 2} | 备注: nan
[2025-09-09 20:09:33.899] [DEBUG] 修改后的LED显示信息:
[2025-09-09 20:09:33.908] [INFO]   屏幕状态: 开
  亮度级别: 6
  数字显示: 100
  LOGO状态: 2 (0关, 1白, 2红)
  护盾状态: 1 (0关, 1白, 2绿)
  ReadyGo状态: 1 (0关, 1白, 2红)
  左转向灯: 1 (0关, 1白, 2橙)
  右转向灯: 2 (0关, 1白, 2橙)
  灯环状态: 2 (0关, 1蓝, 2红)
[2025-09-09 20:09:33.929] [DEBUG] 组包成功，数据长度: 21 字节
[2025-09-09 20:09:33.941] [DEBUG] 发送数据: A5 60 9F A5 03 0D 3B 40 33 33 33 97 5E 38 33 33 33 33 33 7E 55
[2025-09-09 20:09:33.966] [DEBUG] 接收数据超时
[2025-09-09 20:09:33.973] [DEBUG] 组包成功，数据长度: 21 字节
[2025-09-09 20:09:33.986] [DEBUG] 发送数据: A5 60 9F A5 01 0D 3B 40 33 33 33 97 5E 38 33 33 33 33 33 39 55
[2025-09-09 20:09:34.011] [DEBUG] 接收数据超时
[2025-09-09 20:09:34.019] [INFO] 结果: FAIL | 用时: 0.163s
[2025-09-09 20:09:34.028] [INFO] ==== 执行用例 #15583 ====
[2025-09-09 20:09:34.040] [INFO] 参数: {'screen_on': 1, 'brightness': 7, 'digital': 0, 'logo': 1, 'rim_state': 0, 'rdygo': 1, 'turn_left': 0, 'turn_right': 1, 'ring': 0} | 备注: nan
[2025-09-09 20:09:34.074] [DEBUG] 修改后的LED显示信息:
[2025-09-09 20:09:34.087] [INFO]   屏幕状态: 开
  亮度级别: 7
  数字显示: 0
  LOGO状态: 1 (0关, 1白, 2红)
  护盾状态: 0 (0关, 1白, 2绿)
  ReadyGo状态: 1 (0关, 1白, 2红)
  左转向灯: 0 (0关, 1白, 2橙)
  右转向灯: 1 (0关, 1白, 2橙)
  灯环状态: 0 (0关, 1蓝, 2红)
[2025-09-09 20:09:34.104] [DEBUG] 组包成功，数据长度: 21 字节
[2025-09-09 20:09:34.117] [DEBUG] 发送数据: A5 60 9F A5 03 0D 3B 42 33 33 33 B3 BB 33 33 33 33 33 33 AB 55
[2025-09-09 20:09:34.144] [DEBUG] 接收数据超时
[2025-09-09 20:09:34.154] [DEBUG] 组包成功，数据长度: 21 字节
[2025-09-09 20:09:34.165] [DEBUG] 发送数据: A5 60 9F A5 01 0D 3B 42 33 33 33 B3 BB 33 33 33 33 33 33 EC 55
[2025-09-09 20:09:34.185] [DEBUG] 接收数据超时
[2025-09-09 20:09:34.198] [INFO] 结果: FAIL | 用时: 0.169s
[2025-09-09 20:09:34.206] [INFO] ==== 执行用例 #16100 ====
[2025-09-09 20:09:34.215] [INFO] 参数: {'screen_on': 1, 'brightness': 7, 'digital': 50, 'logo': 0, 'rim_state': 0, 'rdygo': 2, 'turn_left': 0, 'turn_right': 2, 'ring': 1} | 备注: nan
[2025-09-09 20:09:34.252] [DEBUG] 修改后的LED显示信息:
[2025-09-09 20:09:34.265] [INFO]   屏幕状态: 开
  亮度级别: 7
  数字显示: 50
  LOGO状态: 0 (0关, 1白, 2红)
  护盾状态: 0 (0关, 1白, 2绿)
  ReadyGo状态: 2 (0关, 1白, 2红)
  左转向灯: 0 (0关, 1白, 2橙)
  右转向灯: 2 (0关, 1白, 2橙)
  灯环状态: 1 (0关, 1蓝, 2红)
[2025-09-09 20:09:34.285] [DEBUG] 组包成功，数据长度: 21 字节
[2025-09-09 20:09:34.293] [DEBUG] 发送数据: A5 60 9F A5 03 0D 3B 42 33 33 33 65 43 36 33 33 33 33 33 99 55
[2025-09-09 20:09:34.319] [DEBUG] 接收数据超时
[2025-09-09 20:09:34.331] [DEBUG] 组包成功，数据长度: 21 字节
[2025-09-09 20:09:34.343] [DEBUG] 发送数据: A5 60 9F A5 01 0D 3B 42 33 33 33 65 43 36 33 33 33 33 33 DE 55
[2025-09-09 20:09:34.364] [DEBUG] 接收数据超时
[2025-09-09 20:09:34.378] [INFO] 结果: FAIL | 用时: 0.171s
[2025-09-09 20:09:34.386] [INFO] ==== 执行用例 #16418 ====
[2025-09-09 20:09:34.395] [INFO] 参数: {'screen_on': 1, 'brightness': 7, 'digital': 50, 'logo': 1, 'rim_state': 1, 'rdygo': 2, 'turn_left': 0, 'turn_right': 0, 'ring': 1} | 备注: nan
[2025-09-09 20:09:34.427] [DEBUG] 修改后的LED显示信息:
[2025-09-09 20:09:34.438] [INFO]   屏幕状态: 开
  亮度级别: 7
  数字显示: 50
  LOGO状态: 1 (0关, 1白, 2红)
  护盾状态: 1 (0关, 1白, 2绿)
  ReadyGo状态: 2 (0关, 1白, 2红)
  左转向灯: 0 (0关, 1白, 2橙)
  右转向灯: 0 (0关, 1白, 2橙)
  灯环状态: 1 (0关, 1蓝, 2红)
[2025-09-09 20:09:34.458] [DEBUG] 组包成功，数据长度: 21 字节
[2025-09-09 20:09:34.471] [DEBUG] 发送数据: A5 60 9F A5 03 0D 3B 42 33 33 33 E5 45 35 33 33 33 33 33 11 55
[2025-09-09 20:09:34.496] [DEBUG] 接收数据超时
[2025-09-09 20:09:34.509] [DEBUG] 组包成功，数据长度: 21 字节
[2025-09-09 20:09:34.518] [DEBUG] 发送数据: A5 60 9F A5 01 0D 3B 42 33 33 33 E5 45 35 33 33 33 33 33 56 55
[2025-09-09 20:09:34.543] [DEBUG] 接收数据超时
[2025-09-09 20:09:34.551] [INFO] 结果: FAIL | 用时: 0.164s
[2025-09-09 20:09:34.564] [INFO] ==== 执行用例 #16485 ====
[2025-09-09 20:09:34.572] [INFO] 参数: {'screen_on': 1, 'brightness': 7, 'digital': 50, 'logo': 1, 'rim_state': 2, 'rdygo': 1, 'turn_left': 1, 'turn_right': 1, 'ring': 2} | 备注: nan
[2025-09-09 20:09:34.606] [DEBUG] 修改后的LED显示信息:
[2025-09-09 20:09:34.617] [INFO]   屏幕状态: 开
  亮度级别: 7
  数字显示: 50
  LOGO状态: 1 (0关, 1白, 2红)
  护盾状态: 2 (0关, 1白, 2绿)
  ReadyGo状态: 1 (0关, 1白, 2红)
  左转向灯: 1 (0关, 1白, 2橙)
  右转向灯: 1 (0关, 1白, 2橙)
  灯环状态: 2 (0关, 1蓝, 2红)
[2025-09-09 20:09:34.633] [DEBUG] 组包成功，数据长度: 21 字节
[2025-09-09 20:09:34.647] [DEBUG] 发送数据: A5 60 9F A5 03 0D 3B 42 33 33 33 E5 DF 37 33 33 33 33 33 79 55
[2025-09-09 20:09:34.673] [DEBUG] 接收数据超时
[2025-09-09 20:09:34.685] [DEBUG] 组包成功，数据长度: 21 字节
[2025-09-09 20:09:34.696] [DEBUG] 发送数据: A5 60 9F A5 01 0D 3B 42 33 33 33 E5 DF 37 33 33 33 33 33 3E 55
[2025-09-09 20:09:34.716] [DEBUG] 接收数据超时
[2025-09-09 20:09:34.729] [INFO] 结果: FAIL | 用时: 0.164s
[2025-09-09 20:09:34.739] [INFO] ==== 执行用例 #16555 ====
[2025-09-09 20:09:34.749] [INFO] 参数: {'screen_on': 1, 'brightness': 7, 'digital': 50, 'logo': 2, 'rim_state': 0, 'rdygo': 1, 'turn_left': 0, 'turn_right': 1, 'ring': 0} | 备注: nan
[2025-09-09 20:09:34.783] [DEBUG] 修改后的LED显示信息:
[2025-09-09 20:09:34.796] [INFO]   屏幕状态: 开
  亮度级别: 7
  数字显示: 50
  LOGO状态: 2 (0关, 1白, 2红)
  护盾状态: 0 (0关, 1白, 2绿)
  ReadyGo状态: 1 (0关, 1白, 2红)
  左转向灯: 0 (0关, 1白, 2橙)
  右转向灯: 1 (0关, 1白, 2橙)
  灯环状态: 0 (0关, 1蓝, 2红)
[2025-09-09 20:09:34.816] [DEBUG] 组包成功，数据长度: 21 字节
[2025-09-09 20:09:34.825] [DEBUG] 发送数据: A5 60 9F A5 03 0D 3B 42 33 33 33 65 BC 33 33 33 33 33 33 1D 55
[2025-09-09 20:09:34.853] [DEBUG] 接收数据超时
[2025-09-09 20:09:34.861] [DEBUG] 组包成功，数据长度: 21 字节
[2025-09-09 20:09:34.874] [DEBUG] 发送数据: A5 60 9F A5 01 0D 3B 42 33 33 33 65 BC 33 33 33 33 33 33 5A 55
[2025-09-09 20:09:34.899] [DEBUG] 接收数据超时
[2025-09-09 20:09:34.911] [INFO] 结果: FAIL | 用时: 0.172s
[2025-09-09 20:09:34.921] [INFO] ==== 执行用例 #20000 ====
[2025-09-09 20:09:34.930] [INFO] 参数: {'screen_on': 1, 'brightness': 5, 'digital': 11, 'logo': 0, 'rim_state': 0, 'rdygo': 1, 'turn_left': 0, 'turn_right': 1, 'ring': 0} | 备注: nan
[2025-09-09 20:09:34.962] [DEBUG] 修改后的LED显示信息:
[2025-09-09 20:09:34.975] [INFO]   屏幕状态: 开
  亮度级别: 5
  数字显示: 11
  LOGO状态: 0 (0关, 1白, 2红)
  护盾状态: 0 (0关, 1白, 2绿)
  ReadyGo状态: 1 (0关, 1白, 2红)
  左转向灯: 0 (0关, 1白, 2橙)
  右转向灯: 1 (0关, 1白, 2橙)
  灯环状态: 0 (0关, 1蓝, 2红)
[2025-09-09 20:09:34.999] [DEBUG] 组包成功，数据长度: 21 字节
[2025-09-09 20:09:35.009] [DEBUG] 发送数据: A5 60 9F A5 03 0D 3B 3E 33 33 33 3E BB 33 33 33 33 33 33 09 55
[2025-09-09 20:09:35.035] [DEBUG] 接收数据超时
[2025-09-09 20:09:35.046] [DEBUG] 组包成功，数据长度: 21 字节
[2025-09-09 20:09:35.056] [DEBUG] 发送数据: A5 60 9F A5 01 0D 3B 3E 33 33 33 3E BB 33 33 33 33 33 33 4E 55
[2025-09-09 20:09:35.077] [DEBUG] 接收数据超时
[2025-09-09 20:09:35.088] [INFO] 结果: FAIL | 用时: 0.167s
[2025-09-09 20:09:35.099] [INFO] ==== 执行用例 #16555 ====
[2025-09-09 20:09:35.108] [INFO] 参数: {'screen_on': 1, 'brightness': 7, 'digital': 50, 'logo': 2, 'rim_state': 0, 'rdygo': 1, 'turn_left': 0, 'turn_right': 1, 'ring': 0} | 备注: nan
[2025-09-09 20:09:35.139] [DEBUG] 修改后的LED显示信息:
[2025-09-09 20:09:35.154] [INFO]   屏幕状态: 开
  亮度级别: 7
  数字显示: 50
  LOGO状态: 2 (0关, 1白, 2红)
  护盾状态: 0 (0关, 1白, 2绿)
  ReadyGo状态: 1 (0关, 1白, 2红)
  左转向灯: 0 (0关, 1白, 2橙)
  右转向灯: 1 (0关, 1白, 2橙)
  灯环状态: 0 (0关, 1蓝, 2红)
[2025-09-09 20:09:35.174] [DEBUG] 组包成功，数据长度: 21 字节
[2025-09-09 20:09:35.186] [DEBUG] 发送数据: A5 60 9F A5 03 0D 3B 42 33 33 33 65 BC 33 33 33 33 33 33 1D 55
[2025-09-09 20:09:35.211] [DEBUG] 接收数据: A5 60 9F A5 83 55 33 93 7F 63 64 33 33 33 33 33 33 33 33 33 33 33 33 33 33 33 33 33 33 33 33 33 33 33 33 33 33 33 33 33 33 33 33 89 66 69 66 65 85 64 63 64 76 63 64 92 75 A7 63 65 33 33 33 33 33 37 33 38 33 33 33 36 33 33 33 65 35 37 33 33 33 33 33 33 33 33 33 33 33 33 33 42 55 A5 60 9F A5 81 0D 3B 36 33 33 33 65 35 37 33 33 33 33 33 1A 55 A5 60 9F A5 83 55 33 93 7F 63 64 33 33 33 33 33 33 33 33 33 33 33 33 33 33 33 33 33 33 33 33 33 33 33 33 33 33 33 33 33 33 33 33 89 66 69 66 65 85 64 63 64 76 63 64 92 75 A7 63 65 33 33 33 33 33 37 33 38 33 33 33 38 33 33 33 65 33 37 33 33 33 33 33 33 33 33 33 33 33 33 33 EE 55 A5 60 9F A5 81 0D 3B 38 33 33 33 65 33 37 33 33 33 33 33 8C 55 A5 60 9F A5 83 55 33 93 7F 63 64 33 33 33 33 33 33 33 33 33 33 33 33 33 33 33 33 33 33 33 33 33 33 33 33 33 33 33 33 33 33 33 33 89 66 69 66 65 85 64 63 64 76 63 64 92 75 A7 63 65 33 33 33 33 33 37 33 38 33 33 33 3A 33 33 33 33 57 34 33 33 33 33 33 33 33 33 33 33 33 33 33 53 55 A5 60 9F A5 81 0D 3B 3A 33 33 33 33 57 34 33 33 33 33 33 92 55 A5 60 9F A5 83 55 33 93 7F 63 64 33 33 33 33 33 33 33 33 33 33 33 33 33 33 33 33 33 33 33 33 33 33 33 33 33 33 33 33 33 33 33 33 89 66 69 66 65 85 64 63 64 76 63 64 92 75 A7 63 65 33 33 33 33 33 37 33 38 33 33 33 3A 33 33 33 B3 5D 37 33 33 33 33 33 33 33 33 33 33 33 33 33 A2 55 A5 60 9F A5 81 0D 3B 3A 33 33 33 B3 5D 37 33 33 33 33 33 2C 55 A5 60 9F A5 83 55 33 93 7F 63 64 33 33 33 33 33 33 33 33 33 33 33 33 33 33 33 33 33 33 33 33 33 33 33 33 33 33 33 33 33 33 33 33 89 66 69 66 65 85 64 63 64 76 63 64 92 75 A7 63 65 33 33 33 33 33 37 33 37 33 33 33 3A 33 33 33 65 43 37 33 33 33 33 33 33 33 33 33 33 33 33 33 10 55 A5 60 9F A5 81 0D 3B 3A 33 33 33 65 43 37 33 33 33 33 33 3C 55 A5 60 9F A5 83 55 33 93 7F 63 64 33 33 33 33 33 33 33 33 33 33 33 33 33 33 33 33 33 33 33 33 33 33 33 33 33 33 33 33 33 33 33 33 89 66 69 66 65 85 64 63 64 76 63 64 92 75 A7 63 65 33 33 33 33 33 37 33 37 33 33 33 3A 33 33 33 E5 D3 37 33 33 33 33 33 33 33 33 33 33 33 33 33 3D 55 A5 60 9F A5 81 0D 3B 3A 33 33 33 E5 D3 37 33 33 33 33 33 B8 55 A5 60 9F A5 83 55 33 93 7F 63 64 33 33 33 33 33 33 33 33 33 33 33 33 33 33 33 33 33 33 33 33 33 33 33 33 33 33 33 33 33 33 33 33 89 66 69 66 65 85 64 63 64 76 63 64 92 75 A7 63 65 33 33 33 33 33 37 33 37 33 33 33 3A 33 33 33 65 60 33 33 33 33 33 33 33 33 33 33 33 33 33 33 E1 55 A5 60 9F A5 81 0D 3B 3A 33 33 33 65 60 33 33 33 33 33 33 A7 55 A5 60 9F A5 83 55 33 93 7F 63 64 33 33 33 33 33 33 33 33 33 33 33 33 33 33 33 33 33 33 33 33 33 33 33 33 33 33 33 33 33 33 33 33 89 66 69 66 65 85 64 63 64 76 63 64 92 75 A7 63 65 33 33 33 34 33 37 33 37 33 33 33 3A 33 33 33 97 7D 33 33 33 33 33 33 33 33 33 33 33 33 33 33 23 55 A5 60 9F A5 81 0D 3B 3A 33 33 33 97 7D 33 33 33 33 33 33 74 55 A5 60 9F A5 83 55 33 93 7F 63 64 33 33 33 33 33 33 33 33 33 33 33 33 33 33 33 33 33 33 33 33 33 33 33 33 33 33 33 33 33 33 33 33 89 66 69 66 65 85 64 63 64 76 63 64 92 75 A7 63 65 33 33 33 34 33 37 33 3A 33 33 33 3C 33 33 33 65 5B 34 33 33 33 33 33 33 33 33 33 33 33 33 33 95 55 A5 60 9F A5 81 0D 3B 3C 33 33 33 65 5B 34 33 33 33 33 33 17 55 A5 60 9F A5 83 55 33 93 7F 63 64 33 33 33 33 33 33 33 33 33 33 33 33 33 33 33 33 33 33 33 33 33 33 33 33 33 33 33 33 33 33 33 33 89 66 69 66 65 85 64 63 64 76 63 64 92 75 A7 63 65 33 33 33 33 33 37 33 38 33 33 33 3C 33 33 33 E5 DF 33 33 33 33 33 33 33 33 33 33 33 33 33 33 8F 55 A5 60 9F A5 81 0D 3B 3C 33 33 33 E5 DF 33 33 33 33 33 33 6A 55 A5 60 9F A5 83 55 33 93 7F 63 64 33 33 33 33 33 33 33 33 33 33 33 33 33 33 33 33 33 33 33 33 33 33 33 33 33 33 33 33 33 33 33 33 89 66 69 66 65 85 64 63 64 76 63 64 92 75 A7 63 65 33 33 33 33 33 37 33 37 33 33 33 3C 33 33 33 65 C4 37 33 33 33 33 33 33 33 33 33 33 33 33 33 25 55 A5 60 9F A5 81 0D 3B 3C 33 33 33 65 C4 37 33 33 33 33 33 F5 55 A5 60 9F A5 83 55 33 93 7F 63 64 33 33 33 33 33 33 33 33 33 33 33 33 33 33 33 33 33 33 33 33 33 33 33 33 33 33 33 33 33 33 33 33 89 66 69 66 65 85 64 63 64 76 63 64 92 75 A7 63 65 33 33 33 33 33 37 33 36 33 33 33 3C 33 33 33 65 F6 37 33 33 33 33 33 33 33 33 33 33 33 33 33 91 55 A5 60 9F A5 81 0D 3B 3C 33 33 33 65 F6 37 33 33 33 33 33 B9 55 A5 60 9F A5 83 55 33 93 7F 63 64 33 33 33 33 33 33 33 33 33 33 33 33 33 33 33 33 33 33 33 33 33 33 33 33 33 33 33 33 33 33 33 33 89 66 69 66 65 85 64 63 64 76 63 64 92 75 A7 63 65 33 33 33 33 33 37 33 37 33 33 33 3C 33 33 33 97 03 33 33 33 33 33 33 33 33 33 33 33 33 33 33 7F 55 A5 60 9F A5 81 0D 3B 3C 33 33 33 97 03 33 33 33 33 33 33 A5 55 A5 60 9F A5 83 55 33 93 7F 63 64 33 33 33 33 33 33 33 33 33 33 33 33 33 33 33 33 33 33 33 33 33 33 33 33 33 33 33 33 33 33 33 33 89 66 69 66 65 85 64 63 64 76 63 64 92 75 A7 63 65 33 33 33 33 33 37 33 37 33 33 33 3C 33 33 33 17 C3 37 33 33 33 33 33 33 33 33 33 33 33 33 33 DA 55 A5 60 9F A5 81 0D 3B 3C 33 33 33 17 C3 37 33 33 33 33 33 26 55 A5 60 9F A5 83 55 33 93 7F 63 64 33 33 33 33 33 33 33 33 33 33 33 33 33 33 33 33 33 33 33 33 33 33 33 33 33 33 33 33 33 33 33 33 89 66 69 66 65 85 64 63 64 76 63 64 92 75 A7 63 65 33 33 33 33 33 37 33 37 33 33 33 3E 33 33 33 33 57 35 33 33 33 33 33 33 33 33 33 33 33 33 33 36 55 A5 60 9F A5 81 0D 3B 3E 33 33 33 33 57 35 33 33 33 33 33 1E 55 A5 60 9F A5 83 55 33 93 7F 63 64 33 33 33 33 33 33 33 33 33 33 33 33 33 33 33 33 33 33 33 33 33 33 33 33 33 33 33 33 33 33 33 33 89 66 69 66 65 85 64 63 64 76 63 64 92 75 A7 63 65 33 33 33 33 33 37 33 37 33 33 33 3E 33 33 33 B3 FD 35 33 33 33 33 33 33 33 33 33 33 33 33 33 5B 55 A5 60 9F A5 81 0D 3B 3E 33 33 33 B3 FD 35 33 33 33 33 33 F2 55 A5 60 9F A5 83 55 33 93 7F 63 64 33 33 33 33 33 33 33 33 33 33 33 33 33 33 33 33 33 33 33 33 33 33 33 33 33 33 33 33 33 33 33 33 89 66 69 66 65 85 64 63 64 76 63 64 92 75 A7 63 65 33 33 33 33 33 37 33 37 33 33 33 3E 33 33 33 33 5C 37 33 33 33 33 33 33 33 33 33 33 33 33 33 9C 55 A5 60 9F A5 81 0D 3B 3E 33 33 33 33 5C 37 33 33 33 33 33 DD 55 A5 60 9F A5 83 55 33 93 7F 63 64 33 33 33 33 33 33 33 33 33 33 33 33 33 33 33 33 33 33 33 33 33 33 33 33 33 33 33 33 33 33 33 33 89 66 69 66 65 85 64 63 64 76 63 64 92 75 A7 63 65 33 33 33 33 33 37 33 37 33 33 33 3E 33 33 33 97 84 38 33 33 33 33 33 33 33 33 33 33 33 33 33 94 55 A5 60 9F A5 81 0D 3B 3E 33 33 33 97 84 38 33 33 33 33 33 EE 55 A5 60 9F A5 83 55 33 93 7F 63 64 33 33 33 33 33 33 33 33 33 33 33 33 33 33 33 33 33 33 33 33 33 33 33 33 33 33 33 33 33 33 33 33 89 66 69 66 65 85 64 63 64 76 63 64 92 75 A7 63 65 33 33 33 33 33 37 33 37 33 33 33 40 33 33 33 33 E3 37 33 33 33 33 33 33 33 33 33 33 33 33 33 56 55 A5 60 9F A5 81 0D 3B 40 33 33 33 33 E3 37 33 33 33 33 33 72 55 A5 60 9F A5 83 55 33 93 7F 63 64 33 33 33 33 33 33 33 33 33 33 33 33 33 33 33 33 33 33 33 33 33 33 33 33 33 33 33 33 33 33 33 33 89 66 69 66 65 85 64 63 64 76 63 64 92 75 A7 63 65 33 33 33 34 33 37 33 38 33 33 33 40 33 33 33 B3 87 37 33 33 33 33 33 33 33 33 33 33 33 33 33 F4 55 A5 60 9F A5 81 0D 3B 40 33 33 33 B3 87 37 33 33 33 33 33 12 55 A5 60 9F A5 83 55 33 93 7F 63 64 33 33 33 33 33 33 33 33 33 33 33 33 33 33 33 33 33 33 33 33 33 33 33 33 33 33 33 33 33 33 33 33 89 66 69 66 65 85 64 63 64 76 63 64 92 75 A7 63 65 33 33 33 34 33 37 33 39 33 33 33 40 33 33 33 65 3E 36 33 33 33 33 33 33 33 33 33 33 33 33 33 4E 55 A5 60 9F A5 81 0D 3B 40 33 33 33 65 3E 36 33 33 33 33 33 A5 55 A5 60 9F A5 83 55 33 93 7F 63 64 33 33 33 33 33 33 33 33 33 33 33 33 33 33 33 33 33 33 33 33 33 33 33 33 33 33 33 33 33 33 33 33 89 66 69 66 65 85 64 63 64 76 63 64 92 75 A7 63 65 33 33 33 33 33 37 33 38 33 33 33 40 33 33 33 17 3D 37 33 33 33 33 33 33 33 33 33 33 33 33 33 C5 55 A5 60 9F A5 81 0D 3B 40 33 33 33 17 3D 37 33 33 33 33 33 36 55 A5 60 9F A5 83 55 33 93 7F 63 64 33 33 33 33 33 33 33 33 33 33 33 33 33 33 33 33 33 33 33 33 33 33 33 33 33 33 33 33 33 33 33 33 89 66 69 66 65 85 64 63 64 76 63 64 92 75 A7 63 65 33 33 33 33 33 37 33 38 33 33 33 40 33 33 33 97 5E 38 33 33 33 33 33 33 33 33 33 33 33 33 33 A8 55 A5 60 9F A5 81 0D 3B 40 33 33 33 97 5E 38 33 33 33 33 33 0E 55 A5 60 9F A5 83 55 33 93 7F 63 64 33 33 33 33 33 33 33 33 33 33 33 33 33 33 33 33 33 33 33 33 33 33 33 33 33 33 33 33 33 33 33 33 89 66 69 66 65 85 64 63 64 76 63 64 92 75 A7 63 65 33 33 33 33 33 37 33 37 33 33 33 42 33 33 33 B3 BB 33 33 33 33 33 33 33 33 33 33 33 33 33 33 6E 55 A5 60 9F A5 81 0D 3B 42 33 33 33 B3 BB 33 33 33 33 33 33 DB 55 A5 60 9F A5 83 55 33 93 7F 63 64 33 33 33 33 33 33 33 33 33 33 33 33 33 33 33 33 33 33 33 33 33 33 33 33 33 33 33 33 33 33 33 33 89 66 69 66 65 85 64 63 64 76 63 64 92 75 A7 63 65 33 33 33 33 33 37 33 36 33 33 33 42 33 33 33 65 43 36 33 33 33 33 33 33 33 33 33 33 33 33 33 73 55 A5 60 9F A5 81 0D 3B 42 33 33 33 65 43 36 33 33 33 33 33 E9 55 A5 60 9F A5 83 55 33 93 7F 63 64 33 33 33 33 33 33 33 33 33 33 33 33 33 33 33 33 33 33 33 33 33 33 33 33 33 33 33 33 33 33 33 33 89 66 69 66 65 85 64 63 64 76 63 64 92 75 A7 63 65 33 33 33 33 33 37 33 38 33 33 33 42 33 33 33 E5 45 35 33 33 33 33 33 33 33 33 33 33 33 33 33 BC 55 A5 60 9F A5 81 0D 3B 42 33 33 33 E5 45 35 33 33 33 33 33 61 55 A5 60 9F A5 83 55 33 93 7F 63 64 33 33 33 33 33 33 33 33 33 33 33 33 33 33 33 33 33 33 33 33 33 33 33 33 33 33 33 33 33 33 33 33 89 66 69 66 65 85 64 63 64 76 63 64 92 75 A7 63 65 33 33 33 33 33 37 33 36 33 33 33 42 33 33 33 E5 DF 37 33 33 33 33 33 33 33 33 33 33 33 33 33 BF 55 A5 60 9F A5 81 0D 3B 42 33 33 33 E5 DF 37 33 33 33 33 33 09 55 A5 60 9F A5 83 55 33 93 7F 63 64 33 33 33 33 33 33 33 33 33 33 33 33 33 33 33 33 33 33 33 33 33 33 33 33 33 33 33 33 33 33 33 33 89 66 69 66 65 85 64 63 64 76 63 64 92 75 A7 63 65 33 33 33 33 33 37 33 37 33 33 33 42 33 33 33 65 BC 33 33 33 33 33 33 33 33 33 33 33 33 33 33 B6 55 A5 60 9F A5 81 0D 3B 42 33 33 33 65 BC 33 33 33 33 33 33 6D 55 A5 60 9F A5 83 55 33 93 7F 63 64 33 33 33 33 33 33 33 33 33 33 33 33 33 33 33 33 33 33 33 33 33 33 33 33 33 33 33 33 33 33 33 33 89 66 69 66 65 85 64 63 64 76 63 64 92 75 A7 63 65 33 33 33 33 33 37 33 37 33 33 33 3E 33 33 33 3E BB 33 33 33 33 33 33 33 33 33 33 33 33 33 33 3E 55 A5 60 9F A5 81 0D 3B 3E 33 33 33 3E BB 33 33 33 33 33 33 79 55
[2025-09-09 20:09:35.291] [DEBUG] 数据解析成功:
[2025-09-09 20:09:35.307] [INFO]   ID: 0x60
  命令: 0x83 (读)
  寄存器地址: 0x00
  寄存器数量: 0
[2025-09-09 20:09:35.326] [DEBUG] 组包成功，数据长度: 21 字节
[2025-09-09 20:09:35.338] [DEBUG] 发送数据: A5 60 9F A5 01 0D 3B 36 33 33 33 65 35 37 33 33 33 33 33 2D 55
[2025-09-09 20:09:36.368] [DEBUG] 接收数据: A5 60 9F A5 83 55 33 93 7F 63 64 33 33 33 33 33 33 33 33 33 33 33 33 33 33 33 33 33 33 33 33 33 33 33 33 33 33 33 33 33 33 33 33 89 66 69 66 65 85 64 63 64 76 63 64 92 75 A7 63 65 33 33 33 33 33 37 33 38 33 33 33 42 33 33 33 65 BC 33 33 33 33 33 33 33 33 33 33 33 33 33 33 F2 55 A5 60 9F A5 81 0D 3B 42 33 33 33 65 BC 33 33 33 33 33 33 6D 55
[2025-09-09 20:09:36.428] [DEBUG] 数据解析成功:
[2025-09-09 20:09:36.445] [INFO]   ID: 0x60
  命令: 0x83 (读)
  寄存器地址: 0x00
  寄存器数量: 0
[2025-09-09 20:09:36.476] [INFO] 结果: PASS | 用时: 1.377s
[2025-09-09 20:09:38.921] [INFO] 开始压力循环: 次数=1, 间隔=0.5s, 参数={'screen_on': 1, 'brightness': 1, 'digital': 50, 'logo': 0, 'rim_state': 1, 'rdygo': 0, 'turn_left': 0, 'turn_right': 0, 'ring': 2}
[2025-09-09 20:09:39.004] [DEBUG] 修改后的LED显示信息:
[2025-09-09 20:09:39.019] [INFO]   屏幕状态: 开
  亮度级别: 1
  数字显示: 50
  LOGO状态: 0 (0关, 1白, 2红)
  护盾状态: 1 (0关, 1白, 2绿)
  ReadyGo状态: 0 (0关, 1白, 2红)
  左转向灯: 0 (0关, 1白, 2橙)
  右转向灯: 0 (0关, 1白, 2橙)
  灯环状态: 2 (0关, 1蓝, 2红)
[2025-09-09 20:09:39.046] [DEBUG] 组包成功，数据长度: 21 字节
[2025-09-09 20:09:39.060] [DEBUG] 发送数据: A5 60 9F A5 03 0D 3B 36 33 33 33 65 35 37 33 33 33 33 33 6A 55
[2025-09-09 20:09:40.098] [DEBUG] 接收数据: A5 60 9F A5 83 55 33 93 7F 63 64 33 33 33 33 33 33 33 33 33 33 33 33 33 33 33 33 33 33 33 33 33 33 33 33 33 33 33 33 33 33 33 33 89 66 69 66 65 85 64 63 64 76 63 64 92 75 A7 63 65 33 33 33 33 33 37 33 36 33 33 33 36 33 33 33 65 35 37 33 33 33 33 33 33 33 33 33 33 33 33 33 F3 55
[2025-09-09 20:09:40.145] [DEBUG] 数据解析成功:
[2025-09-09 20:09:40.162] [INFO]   ID: 0x60
  命令: 0x83 (读)
  寄存器地址: 0x00
  寄存器数量: 0
[2025-09-09 20:09:40.237] [INFO] [循环 1/1] 发送 OK
[2025-09-09 20:09:40.755] [INFO] 已保存结果: reports\2025-09-09_20-09-29\results.csv
[2025-09-09 20:09:40.801] [INFO] 已生成报告: reports\2025-09-09_20-09-29\report.html
[2025-09-09 20:09:40.845] [DEBUG] 串口已关闭
[2025-09-09 20:09:40.856] [INFO] 程序结束
