[2025-09-01 10:03:25.172] [INFO] 初始化 BLE 协议通信...
[2025-09-01 10:03:26.670] [INFO] 加载用例 31 条 来自: testcases.xlsx
[2025-09-01 10:03:26.729] [INFO] ==== 执行用例 #2302 ====
[2025-09-01 10:03:26.729] [INFO] 参数: {'screen_on': 1, 'brightness': 1, 'digital': 0, 'logo': 0, 'rim_state': 1, 'rdygo': 1, 'turn_left': 0, 'turn_right': 2, 'ring': 0} | 备注: nan
[2025-09-01 10:03:26.744] [DEBUG] 修改后的LED显示信息:
[2025-09-01 10:03:26.760] [INFO]   屏幕状态: 开
  亮度级别: 1
  数字显示: 0
  LOGO状态: 0 (0关, 1白, 2红)
  护盾状态: 1 (0关, 1白, 2绿)
  ReadyGo状态: 1 (0关, 1白, 2红)
  左转向灯: 0 (0关, 1白, 2橙)
  右转向灯: 2 (0关, 1白, 2橙)
  灯环状态: 0 (0关, 1蓝, 2红)
[2025-09-01 10:03:26.773] [DEBUG] 组包成功，数据长度: 21 字节
[2025-09-01 10:03:26.780] [DEBUG] 发送数据: A5 60 9F A5 03 0D 3B 36 33 33 33 33 3D 34 33 33 33 33 33 BA 55
[2025-09-01 10:03:27.804] [DEBUG] 接收数据: A5 60 9F A5 83 55 33 93 7F 63 64 33 33 33 33 33 33 33 33 33 33 33 33 33 33 33 33 33 33 33 33 33 33 33 33 33 33 33 33 33 33 33 33 89 66 69 66 65 85 64 63 64 76 63 64 92 75 A7 63 65 33 33 33 33 33 37 33 38 33 33 33 36 33 33 33 33 3D 34 33 33 33 33 33 33 33 33 33 33 33 33 33 C8 55
[2025-09-01 10:03:27.846] [DEBUG] 数据解析成功:
[2025-09-01 10:03:27.858] [INFO]   ID: 0x60
  命令: 0x83 (读)
  寄存器地址: 0x00
  寄存器数量: 0
[2025-09-01 10:03:27.878] [DEBUG] 组包成功，数据长度: 21 字节
[2025-09-01 10:03:27.894] [DEBUG] 发送数据: A5 60 9F A5 01 0D 3B 36 33 33 33 33 3D 34 33 33 33 33 33 FD 55
[2025-09-01 10:03:28.911] [DEBUG] 接收数据: A5 60 9F A5 81 0D 3B 36 33 33 33 33 3D 34 33 33 33 33 33 CA 55
[2025-09-01 10:03:28.956] [DEBUG] 数据解析成功:
[2025-09-01 10:03:28.972] [INFO]   ID: 0x60
  命令: 0x81 (读)
  寄存器地址: 0x08
  寄存器数量: 0
[2025-09-01 10:03:28.988] [INFO] 
全局变量中的LED显示信息已更新:
[2025-09-01 10:03:29.006] [INFO]   屏幕状态: 开
  亮度级别: 1
  数字显示: 0
  LOGO状态: 0 (0关, 1白, 2红)
  护盾状态: 1 (0关, 1白, 2绿)
  ReadyGo状态: 1 (0关, 1白, 2红)
  左转向灯: 0 (0关, 1白, 2橙)
  右转向灯: 2 (0关, 1白, 2橙)
  灯环状态: 0 (0关, 1蓝, 2红)
[2025-09-01 10:03:29.019] [INFO] 结果: PASS | 用时: 2.290s
[2025-09-01 10:03:29.240] [INFO] ==== 执行用例 #2638 ====
[2025-09-01 10:03:29.298] [INFO] 参数: {'screen_on': 1, 'brightness': 1, 'digital': 0, 'logo': 1, 'rim_state': 2, 'rdygo': 1, 'turn_left': 2, 'turn_right': 0, 'ring': 0} | 备注: nan
[2025-09-01 10:03:29.329] [DEBUG] 修改后的LED显示信息:
[2025-09-01 10:03:29.342] [INFO]   屏幕状态: 开
  亮度级别: 1
  数字显示: 0
  LOGO状态: 1 (0关, 1白, 2红)
  护盾状态: 2 (0关, 1白, 2绿)
  ReadyGo状态: 1 (0关, 1白, 2红)
  左转向灯: 2 (0关, 1白, 2橙)
  右转向灯: 0 (0关, 1白, 2橙)
  灯环状态: 0 (0关, 1蓝, 2红)
[2025-09-01 10:03:29.356] [DEBUG] 组包成功，数据长度: 21 字节
[2025-09-01 10:03:29.371] [DEBUG] 发送数据: A5 60 9F A5 03 0D 3B 36 33 33 33 B3 7F 33 33 33 33 33 33 6F 55
[2025-09-01 10:03:30.390] [DEBUG] 接收数据: A5 60 9F A5 83 55 33 93 7F 63 64 33 33 33 33 33 33 33 33 33 33 33 33 33 33 33 33 33 33 33 33 33 33 33 33 33 33 33 33 33 33 33 33 89 66 69 66 65 85 64 63 64 76 63 64 92 75 A7 63 65 33 33 33 33 33 37 33 38 33 33 33 36 33 33 33 B3 7F 33 33 33 33 33 33 33 33 33 33 33 33 33 33 B2 55
[2025-09-01 10:03:30.421] [DEBUG] 数据解析成功:
[2025-09-01 10:03:30.437] [INFO]   ID: 0x60
  命令: 0x83 (读)
  寄存器地址: 0x00
  寄存器数量: 0
[2025-09-01 10:03:30.463] [DEBUG] 组包成功，数据长度: 21 字节
[2025-09-01 10:03:30.469] [DEBUG] 发送数据: A5 60 9F A5 01 0D 3B 36 33 33 33 B3 7F 33 33 33 33 33 33 28 55
[2025-09-01 10:03:31.503] [DEBUG] 接收数据: A5 60 9F A5 81 0D 3B 36 33 33 33 B3 7F 33 33 33 33 33 33 1F 55
[2025-09-01 10:03:31.534] [DEBUG] 数据解析成功:
[2025-09-01 10:03:31.550] [INFO]   ID: 0x60
  命令: 0x81 (读)
  寄存器地址: 0x08
  寄存器数量: 0
[2025-09-01 10:03:31.566] [INFO] 
全局变量中的LED显示信息已更新:
[2025-09-01 10:03:31.591] [INFO]   屏幕状态: 开
  亮度级别: 1
  数字显示: 0
  LOGO状态: 1 (0关, 1白, 2红)
  护盾状态: 2 (0关, 1白, 2绿)
  ReadyGo状态: 1 (0关, 1白, 2红)
  左转向灯: 2 (0关, 1白, 2橙)
  右转向灯: 0 (0关, 1白, 2橙)
  灯环状态: 0 (0关, 1蓝, 2红)
[2025-09-01 10:03:31.610] [INFO] 结果: PASS | 用时: 2.370s
[2025-09-01 10:03:31.822] [INFO] ==== 执行用例 #2677 ====
[2025-09-01 10:03:31.883] [INFO] 参数: {'screen_on': 1, 'brightness': 1, 'digital': 0, 'logo': 2, 'rim_state': 0, 'rdygo': 0, 'turn_left': 0, 'turn_right': 1, 'ring': 0} | 备注: nan
[2025-09-01 10:03:31.902] [DEBUG] 修改后的LED显示信息:
[2025-09-01 10:03:31.918] [INFO]   屏幕状态: 开
  亮度级别: 1
  数字显示: 0
  LOGO状态: 2 (0关, 1白, 2红)
  护盾状态: 0 (0关, 1白, 2绿)
  ReadyGo状态: 0 (0关, 1白, 2红)
  左转向灯: 0 (0关, 1白, 2橙)
  右转向灯: 1 (0关, 1白, 2橙)
  灯环状态: 0 (0关, 1蓝, 2红)
[2025-09-01 10:03:31.941] [DEBUG] 组包成功，数据长度: 21 字节
[2025-09-01 10:03:31.952] [DEBUG] 发送数据: A5 60 9F A5 03 0D 3B 36 33 33 33 33 B4 33 33 33 33 33 33 DE 55
[2025-09-01 10:03:32.976] [DEBUG] 接收数据: A5 60 9F A5 83 55 33 93 7F 63 64 33 33 33 33 33 33 33 33 33 33 33 33 33 33 33 33 33 33 33 33 33 33 33 33 33 33 33 33 33 33 33 33 89 66 69 66 65 85 64 63 64 76 63 64 92 75 A7 63 65 33 33 33 33 33 37 33 38 33 33 33 36 33 33 33 33 B4 33 33 33 33 33 33 33 33 33 33 33 33 33 33 E3 55
[2025-09-01 10:03:33.019] [DEBUG] 数据解析成功:
[2025-09-01 10:03:33.019] [INFO]   ID: 0x60
  命令: 0x83 (读)
  寄存器地址: 0x00
  寄存器数量: 0
[2025-09-01 10:03:33.051] [DEBUG] 组包成功，数据长度: 21 字节
[2025-09-01 10:03:33.063] [DEBUG] 发送数据: A5 60 9F A5 01 0D 3B 36 33 33 33 33 B4 33 33 33 33 33 33 99 55
[2025-09-01 10:03:34.086] [DEBUG] 接收数据: A5 60 9F A5 81 0D 3B 36 33 33 33 33 B4 33 33 33 33 33 33 AE 55
[2025-09-01 10:03:34.121] [DEBUG] 数据解析成功:
[2025-09-01 10:03:34.133] [INFO]   ID: 0x60
  命令: 0x81 (读)
  寄存器地址: 0x08
  寄存器数量: 0
[2025-09-01 10:03:34.149] [INFO] 
全局变量中的LED显示信息已更新:
[2025-09-01 10:03:34.181] [INFO]   屏幕状态: 开
  亮度级别: 1
  数字显示: 0
  LOGO状态: 2 (0关, 1白, 2红)
  护盾状态: 0 (0关, 1白, 2绿)
  ReadyGo状态: 0 (0关, 1白, 2红)
  左转向灯: 0 (0关, 1白, 2橙)
  右转向灯: 1 (0关, 1白, 2橙)
  灯环状态: 0 (0关, 1蓝, 2红)
[2025-09-01 10:03:34.197] [INFO] 结果: PASS | 用时: 2.375s
[2025-09-01 10:03:34.409] [INFO] ==== 执行用例 #3000 ====
[2025-09-01 10:03:34.451] [INFO] 参数: {'screen_on': 1, 'brightness': 1, 'digital': 50, 'logo': 0, 'rim_state': 1, 'rdygo': 0, 'turn_left': 0, 'turn_right': 0, 'ring': 2} | 备注: nan
[2025-09-01 10:03:34.483] [DEBUG] 修改后的LED显示信息:
[2025-09-01 10:03:34.498] [INFO]   屏幕状态: 开
  亮度级别: 1
  数字显示: 50
  LOGO状态: 0 (0关, 1白, 2红)
  护盾状态: 1 (0关, 1白, 2绿)
  ReadyGo状态: 0 (0关, 1白, 2红)
  左转向灯: 0 (0关, 1白, 2橙)
  右转向灯: 0 (0关, 1白, 2橙)
  灯环状态: 2 (0关, 1蓝, 2红)
[2025-09-01 10:03:34.514] [DEBUG] 组包成功，数据长度: 21 字节
[2025-09-01 10:03:34.530] [DEBUG] 发送数据: A5 60 9F A5 03 0D 3B 36 33 33 33 65 35 37 33 33 33 33 33 6A 55
[2025-09-01 10:03:34.546] [DEBUG] 接收数据超时
[2025-09-01 10:03:34.562] [DEBUG] 组包成功，数据长度: 21 字节
[2025-09-01 10:03:34.567] [DEBUG] 发送数据: A5 60 9F A5 01 0D 3B 36 33 33 33 65 35 37 33 33 33 33 33 2D 55
[2025-09-01 10:03:34.594] [DEBUG] 接收数据超时
[2025-09-01 10:03:34.594] [INFO] 结果: FAIL | 用时: 0.184s
[2025-09-01 10:03:34.610] [INFO] ==== 执行用例 #5106 ====
[2025-09-01 10:03:34.610] [INFO] 参数: {'screen_on': 1, 'brightness': 2, 'digital': 50, 'logo': 0, 'rim_state': 0, 'rdygo': 0, 'turn_left': 0, 'turn_right': 0, 'ring': 2} | 备注: nan
[2025-09-01 10:03:34.642] [DEBUG] 修改后的LED显示信息:
[2025-09-01 10:03:34.658] [INFO]   屏幕状态: 开
  亮度级别: 2
  数字显示: 50
  LOGO状态: 0 (0关, 1白, 2红)
  护盾状态: 0 (0关, 1白, 2绿)
  ReadyGo状态: 0 (0关, 1白, 2红)
  左转向灯: 0 (0关, 1白, 2橙)
  右转向灯: 0 (0关, 1白, 2橙)
  灯环状态: 2 (0关, 1蓝, 2红)
[2025-09-01 10:03:34.674] [DEBUG] 组包成功，数据长度: 21 字节
[2025-09-01 10:03:34.674] [DEBUG] 发送数据: A5 60 9F A5 03 0D 3B 38 33 33 33 65 33 37 33 33 33 33 33 FC 55
[2025-09-01 10:03:34.706] [DEBUG] 接收数据超时
[2025-09-01 10:03:34.721] [DEBUG] 组包成功，数据长度: 21 字节
[2025-09-01 10:03:34.721] [DEBUG] 发送数据: A5 60 9F A5 01 0D 3B 38 33 33 33 65 33 37 33 33 33 33 33 BB 55
[2025-09-01 10:03:34.753] [DEBUG] 接收数据超时
[2025-09-01 10:03:34.753] [INFO] 结果: FAIL | 用时: 0.144s
[2025-09-01 10:03:34.769] [INFO] ==== 执行用例 #6739 ====
[2025-09-01 10:03:34.769] [INFO] 参数: {'screen_on': 1, 'brightness': 3, 'digital': 0, 'logo': 0, 'rim_state': 2, 'rdygo': 0, 'turn_left': 1, 'turn_right': 2, 'ring': 0} | 备注: nan
[2025-09-01 10:03:34.801] [DEBUG] 修改后的LED显示信息:
[2025-09-01 10:03:34.816] [INFO]   屏幕状态: 开
  亮度级别: 3
  数字显示: 0
  LOGO状态: 0 (0关, 1白, 2红)
  护盾状态: 2 (0关, 1白, 2绿)
  ReadyGo状态: 0 (0关, 1白, 2红)
  左转向灯: 1 (0关, 1白, 2橙)
  右转向灯: 2 (0关, 1白, 2橙)
  灯环状态: 0 (0关, 1蓝, 2红)
[2025-09-01 10:03:34.848] [DEBUG] 组包成功，数据长度: 21 字节
[2025-09-01 10:03:34.848] [DEBUG] 发送数据: A5 60 9F A5 03 0D 3B 3A 33 33 33 33 57 34 33 33 33 33 33 E2 55
[2025-09-01 10:03:34.880] [DEBUG] 接收数据超时
[2025-09-01 10:03:34.896] [DEBUG] 组包成功，数据长度: 21 字节
[2025-09-01 10:03:34.896] [DEBUG] 发送数据: A5 60 9F A5 01 0D 3B 3A 33 33 33 33 57 34 33 33 33 33 33 A5 55
[2025-09-01 10:03:34.928] [DEBUG] 接收数据超时
[2025-09-01 10:03:34.928] [INFO] 结果: FAIL | 用时: 0.159s
[2025-09-01 10:03:34.944] [INFO] ==== 执行用例 #6924 ====
[2025-09-01 10:03:34.960] [INFO] 参数: {'screen_on': 1, 'brightness': 3, 'digital': 0, 'logo': 1, 'rim_state': 1, 'rdygo': 1, 'turn_left': 1, 'turn_right': 0, 'ring': 2} | 备注: nan
[2025-09-01 10:03:34.992] [DEBUG] 修改后的LED显示信息:
[2025-09-01 10:03:34.992] [INFO]   屏幕状态: 开
  亮度级别: 3
  数字显示: 0
  LOGO状态: 1 (0关, 1白, 2红)
  护盾状态: 1 (0关, 1白, 2绿)
  ReadyGo状态: 1 (0关, 1白, 2红)
  左转向灯: 1 (0关, 1白, 2橙)
  右转向灯: 0 (0关, 1白, 2橙)
  灯环状态: 2 (0关, 1蓝, 2红)
[2025-09-01 10:03:35.024] [DEBUG] 组包成功，数据长度: 21 字节
[2025-09-01 10:03:35.024] [DEBUG] 发送数据: A5 60 9F A5 03 0D 3B 3A 33 33 33 B3 5D 37 33 33 33 33 33 5C 55
[2025-09-01 10:03:35.056] [DEBUG] 接收数据超时
[2025-09-01 10:03:35.071] [DEBUG] 组包成功，数据长度: 21 字节
[2025-09-01 10:03:35.071] [DEBUG] 发送数据: A5 60 9F A5 01 0D 3B 3A 33 33 33 B3 5D 37 33 33 33 33 33 1B 55
[2025-09-01 10:03:35.104] [DEBUG] 接收数据超时
[2025-09-01 10:03:35.119] [INFO] 结果: FAIL | 用时: 0.175s
[2025-09-01 10:03:35.119] [INFO] ==== 执行用例 #7347 ====
[2025-09-01 10:03:35.135] [INFO] 参数: {'screen_on': 1, 'brightness': 3, 'digital': 50, 'logo': 0, 'rim_state': 0, 'rdygo': 2, 'turn_left': 0, 'turn_right': 0, 'ring': 2} | 备注: nan
[2025-09-01 10:03:35.169] [DEBUG] 修改后的LED显示信息:
[2025-09-01 10:03:35.169] [INFO]   屏幕状态: 开
  亮度级别: 3
  数字显示: 50
  LOGO状态: 0 (0关, 1白, 2红)
  护盾状态: 0 (0关, 1白, 2绿)
  ReadyGo状态: 2 (0关, 1白, 2红)
  左转向灯: 0 (0关, 1白, 2橙)
  右转向灯: 0 (0关, 1白, 2橙)
  灯环状态: 2 (0关, 1蓝, 2红)
[2025-09-01 10:03:35.199] [DEBUG] 组包成功，数据长度: 21 字节
[2025-09-01 10:03:35.199] [DEBUG] 发送数据: A5 60 9F A5 03 0D 3B 3A 33 33 33 65 43 37 33 33 33 33 33 4C 55
[2025-09-01 10:03:35.231] [DEBUG] 接收数据超时
[2025-09-01 10:03:35.246] [DEBUG] 组包成功，数据长度: 21 字节
[2025-09-01 10:03:35.246] [DEBUG] 发送数据: A5 60 9F A5 01 0D 3B 3A 33 33 33 65 43 37 33 33 33 33 33 0B 55
[2025-09-01 10:03:35.279] [DEBUG] 接收数据超时
[2025-09-01 10:03:35.295] [INFO] 结果: FAIL | 用时: 0.175s
[2025-09-01 10:03:35.295] [INFO] ==== 执行用例 #7548 ====
[2025-09-01 10:03:35.311] [INFO] 参数: {'screen_on': 1, 'brightness': 3, 'digital': 50, 'logo': 1, 'rim_state': 0, 'rdygo': 0, 'turn_left': 1, 'turn_right': 1, 'ring': 2} | 备注: nan
[2025-09-01 10:03:35.342] [DEBUG] 修改后的LED显示信息:
[2025-09-01 10:03:35.359] [INFO]   屏幕状态: 开
  亮度级别: 3
  数字显示: 50
  LOGO状态: 1 (0关, 1白, 2红)
  护盾状态: 0 (0关, 1白, 2绿)
  ReadyGo状态: 0 (0关, 1白, 2红)
  左转向灯: 1 (0关, 1白, 2橙)
  右转向灯: 1 (0关, 1白, 2橙)
  灯环状态: 2 (0关, 1蓝, 2红)
[2025-09-01 10:03:35.374] [DEBUG] 组包成功，数据长度: 21 字节
[2025-09-01 10:03:35.391] [DEBUG] 发送数据: A5 60 9F A5 03 0D 3B 3A 33 33 33 E5 D3 37 33 33 33 33 33 C8 55
[2025-09-01 10:03:35.407] [DEBUG] 接收数据超时
[2025-09-01 10:03:35.422] [DEBUG] 组包成功，数据长度: 21 字节
[2025-09-01 10:03:35.422] [DEBUG] 发送数据: A5 60 9F A5 01 0D 3B 3A 33 33 33 E5 D3 37 33 33 33 33 33 8F 55
[2025-09-01 10:03:35.454] [DEBUG] 接收数据超时
[2025-09-01 10:03:35.469] [INFO] 结果: FAIL | 用时: 0.175s
[2025-09-01 10:03:35.469] [INFO] ==== 执行用例 #7975 ====
[2025-09-01 10:03:35.489] [INFO] 参数: {'screen_on': 1, 'brightness': 3, 'digital': 50, 'logo': 2, 'rim_state': 2, 'rdygo': 1, 'turn_left': 1, 'turn_right': 0, 'ring': 0} | 备注: nan
[2025-09-01 10:03:35.517] [DEBUG] 修改后的LED显示信息:
[2025-09-01 10:03:35.533] [INFO]   屏幕状态: 开
  亮度级别: 3
  数字显示: 50
  LOGO状态: 2 (0关, 1白, 2红)
  护盾状态: 2 (0关, 1白, 2绿)
  ReadyGo状态: 1 (0关, 1白, 2红)
  左转向灯: 1 (0关, 1白, 2橙)
  右转向灯: 0 (0关, 1白, 2橙)
  灯环状态: 0 (0关, 1蓝, 2红)
[2025-09-01 10:03:35.548] [DEBUG] 组包成功，数据长度: 21 字节
[2025-09-01 10:03:35.564] [DEBUG] 发送数据: A5 60 9F A5 03 0D 3B 3A 33 33 33 65 60 33 33 33 33 33 33 D7 55
[2025-09-01 10:03:35.580] [DEBUG] 接收数据超时
[2025-09-01 10:03:35.597] [DEBUG] 组包成功，数据长度: 21 字节
[2025-09-01 10:03:35.597] [DEBUG] 发送数据: A5 60 9F A5 01 0D 3B 3A 33 33 33 65 60 33 33 33 33 33 33 90 55
[2025-09-01 10:03:35.627] [DEBUG] 接收数据超时
[2025-09-01 10:03:35.627] [INFO] 结果: FAIL | 用时: 0.158s
[2025-09-01 10:03:35.643] [INFO] ==== 执行用例 #8146 ====
[2025-09-01 10:03:35.659] [INFO] 参数: {'screen_on': 1, 'brightness': 3, 'digital': 100, 'logo': 0, 'rim_state': 1, 'rdygo': 1, 'turn_left': 2, 'turn_right': 0, 'ring': 0} | 备注: nan
[2025-09-01 10:03:35.691] [DEBUG] 修改后的LED显示信息:
[2025-09-01 10:03:35.707] [INFO]   屏幕状态: 开
  亮度级别: 3
  数字显示: 100
  LOGO状态: 0 (0关, 1白, 2红)
  护盾状态: 1 (0关, 1白, 2绿)
  ReadyGo状态: 1 (0关, 1白, 2红)
  左转向灯: 2 (0关, 1白, 2橙)
  右转向灯: 0 (0关, 1白, 2橙)
  灯环状态: 0 (0关, 1蓝, 2红)
[2025-09-01 10:03:35.723] [DEBUG] 组包成功，数据长度: 21 字节
[2025-09-01 10:03:35.739] [DEBUG] 发送数据: A5 60 9F A5 03 0D 3B 3A 33 33 33 97 7D 33 33 33 33 33 33 04 55
[2025-09-01 10:03:35.755] [DEBUG] 接收数据超时
[2025-09-01 10:03:35.771] [DEBUG] 组包成功，数据长度: 21 字节
[2025-09-01 10:03:35.771] [DEBUG] 发送数据: A5 60 9F A5 01 0D 3B 3A 33 33 33 97 7D 33 33 33 33 33 33 43 55
[2025-09-01 10:03:35.803] [DEBUG] 接收数据超时
[2025-09-01 10:03:35.803] [INFO] 结果: FAIL | 用时: 0.160s
[2025-09-01 10:03:35.821] [INFO] ==== 执行用例 #9520 ====
[2025-09-01 10:03:35.835] [INFO] 参数: {'screen_on': 1, 'brightness': 4, 'digital': 50, 'logo': 0, 'rim_state': 0, 'rdygo': 1, 'turn_left': 1, 'turn_right': 2, 'ring': 0} | 备注: nan
[2025-09-01 10:03:35.866] [DEBUG] 修改后的LED显示信息:
[2025-09-01 10:03:35.869] [INFO]   屏幕状态: 开
  亮度级别: 4
  数字显示: 50
  LOGO状态: 0 (0关, 1白, 2红)
  护盾状态: 0 (0关, 1白, 2绿)
  ReadyGo状态: 1 (0关, 1白, 2红)
  左转向灯: 1 (0关, 1白, 2橙)
  右转向灯: 2 (0关, 1白, 2橙)
  灯环状态: 0 (0关, 1蓝, 2红)
[2025-09-01 10:03:35.883] [DEBUG] 组包成功，数据长度: 21 字节
[2025-09-01 10:03:35.899] [DEBUG] 发送数据: A5 60 9F A5 03 0D 3B 3C 33 33 33 65 5B 34 33 33 33 33 33 67 55
[2025-09-01 10:03:35.930] [DEBUG] 接收数据超时
[2025-09-01 10:03:35.930] [DEBUG] 组包成功，数据长度: 21 字节
[2025-09-01 10:03:35.950] [DEBUG] 发送数据: A5 60 9F A5 01 0D 3B 3C 33 33 33 65 5B 34 33 33 33 33 33 20 55
[2025-09-01 10:03:35.969] [DEBUG] 接收数据超时
[2025-09-01 10:03:35.978] [INFO] 结果: FAIL | 用时: 0.157s
[2025-09-01 10:03:35.978] [INFO] ==== 执行用例 #9922 ====
[2025-09-01 10:03:35.994] [INFO] 参数: {'screen_on': 1, 'brightness': 4, 'digital': 50, 'logo': 1, 'rim_state': 2, 'rdygo': 1, 'turn_left': 1, 'turn_right': 1, 'ring': 0} | 备注: nan
[2025-09-01 10:03:36.028] [DEBUG] 修改后的LED显示信息:
[2025-09-01 10:03:36.028] [INFO]   屏幕状态: 开
  亮度级别: 4
  数字显示: 50
  LOGO状态: 1 (0关, 1白, 2红)
  护盾状态: 2 (0关, 1白, 2绿)
  ReadyGo状态: 1 (0关, 1白, 2红)
  左转向灯: 1 (0关, 1白, 2橙)
  右转向灯: 1 (0关, 1白, 2橙)
  灯环状态: 0 (0关, 1蓝, 2红)
[2025-09-01 10:03:36.058] [DEBUG] 组包成功，数据长度: 21 字节
[2025-09-01 10:03:36.069] [DEBUG] 发送数据: A5 60 9F A5 03 0D 3B 3C 33 33 33 E5 DF 33 33 33 33 33 33 1A 55
[2025-09-01 10:03:36.090] [DEBUG] 接收数据超时
[2025-09-01 10:03:36.106] [DEBUG] 组包成功，数据长度: 21 字节
[2025-09-01 10:03:36.106] [DEBUG] 发送数据: A5 60 9F A5 01 0D 3B 3C 33 33 33 E5 DF 33 33 33 33 33 33 5D 55
[2025-09-01 10:03:36.138] [DEBUG] 接收数据超时
[2025-09-01 10:03:36.138] [INFO] 结果: FAIL | 用时: 0.160s
[2025-09-01 10:03:36.154] [INFO] ==== 执行用例 #10023 ====
[2025-09-01 10:03:36.154] [INFO] 参数: {'screen_on': 1, 'brightness': 4, 'digital': 50, 'logo': 2, 'rim_state': 0, 'rdygo': 2, 'turn_left': 0, 'turn_right': 1, 'ring': 2} | 备注: nan
[2025-09-01 10:03:36.185] [DEBUG] 修改后的LED显示信息:
[2025-09-01 10:03:36.201] [INFO]   屏幕状态: 开
  亮度级别: 4
  数字显示: 50
  LOGO状态: 2 (0关, 1白, 2红)
  护盾状态: 0 (0关, 1白, 2绿)
  ReadyGo状态: 2 (0关, 1白, 2红)
  左转向灯: 0 (0关, 1白, 2橙)
  右转向灯: 1 (0关, 1白, 2橙)
  灯环状态: 2 (0关, 1蓝, 2红)
[2025-09-01 10:03:36.217] [DEBUG] 组包成功，数据长度: 21 字节
[2025-09-01 10:03:36.232] [DEBUG] 发送数据: A5 60 9F A5 03 0D 3B 3C 33 33 33 65 C4 37 33 33 33 33 33 85 55
[2025-09-01 10:03:36.249] [DEBUG] 接收数据超时
[2025-09-01 10:03:36.269] [DEBUG] 组包成功，数据长度: 21 字节
[2025-09-01 10:03:36.280] [DEBUG] 发送数据: A5 60 9F A5 01 0D 3B 3C 33 33 33 65 C4 37 33 33 33 33 33 C2 55
[2025-09-01 10:03:36.296] [DEBUG] 接收数据超时
[2025-09-01 10:03:36.312] [INFO] 结果: FAIL | 用时: 0.158s
[2025-09-01 10:03:36.328] [INFO] ==== 执行用例 #10068 ====
[2025-09-01 10:03:36.328] [INFO] 参数: {'screen_on': 1, 'brightness': 4, 'digital': 50, 'logo': 2, 'rim_state': 1, 'rdygo': 0, 'turn_left': 2, 'turn_right': 1, 'ring': 2} | 备注: nan
[2025-09-01 10:03:36.370] [DEBUG] 修改后的LED显示信息:
[2025-09-01 10:03:36.376] [INFO]   屏幕状态: 开
  亮度级别: 4
  数字显示: 50
  LOGO状态: 2 (0关, 1白, 2红)
  护盾状态: 1 (0关, 1白, 2绿)
  ReadyGo状态: 0 (0关, 1白, 2红)
  左转向灯: 2 (0关, 1白, 2橙)
  右转向灯: 1 (0关, 1白, 2橙)
  灯环状态: 2 (0关, 1蓝, 2红)
[2025-09-01 10:03:36.392] [DEBUG] 组包成功，数据长度: 21 字节
[2025-09-01 10:03:36.407] [DEBUG] 发送数据: A5 60 9F A5 03 0D 3B 3C 33 33 33 65 F6 37 33 33 33 33 33 C9 55
[2025-09-01 10:03:36.423] [DEBUG] 接收数据超时
[2025-09-01 10:03:36.439] [DEBUG] 组包成功，数据长度: 21 字节
[2025-09-01 10:03:36.439] [DEBUG] 发送数据: A5 60 9F A5 01 0D 3B 3C 33 33 33 65 F6 37 33 33 33 33 33 8E 55
[2025-09-01 10:03:36.471] [DEBUG] 接收数据超时
[2025-09-01 10:03:36.471] [INFO] 结果: FAIL | 用时: 0.143s
[2025-09-01 10:03:36.487] [INFO] ==== 执行用例 #10282 ====
[2025-09-01 10:03:36.503] [INFO] 参数: {'screen_on': 1, 'brightness': 4, 'digital': 100, 'logo': 0, 'rim_state': 0, 'rdygo': 2, 'turn_left': 2, 'turn_right': 1, 'ring': 0} | 备注: nan
[2025-09-01 10:03:36.534] [DEBUG] 修改后的LED显示信息:
[2025-09-01 10:03:36.550] [INFO]   屏幕状态: 开
  亮度级别: 4
  数字显示: 100
  LOGO状态: 0 (0关, 1白, 2红)
  护盾状态: 0 (0关, 1白, 2绿)
  ReadyGo状态: 2 (0关, 1白, 2红)
  左转向灯: 2 (0关, 1白, 2橙)
  右转向灯: 1 (0关, 1白, 2橙)
  灯环状态: 0 (0关, 1蓝, 2红)
[2025-09-01 10:03:36.570] [DEBUG] 组包成功，数据长度: 21 字节
[2025-09-01 10:03:36.570] [DEBUG] 发送数据: A5 60 9F A5 03 0D 3B 3C 33 33 33 97 03 33 33 33 33 33 33 D5 55
[2025-09-01 10:03:36.597] [DEBUG] 接收数据超时
[2025-09-01 10:03:36.613] [DEBUG] 组包成功，数据长度: 21 字节
[2025-09-01 10:03:36.613] [DEBUG] 发送数据: A5 60 9F A5 01 0D 3B 3C 33 33 33 97 03 33 33 33 33 33 33 92 55
[2025-09-01 10:03:36.645] [DEBUG] 接收数据超时
[2025-09-01 10:03:36.661] [INFO] 结果: FAIL | 用时: 0.174s
[2025-09-01 10:03:36.670] [INFO] ==== 执行用例 #10509 ====
[2025-09-01 10:03:36.677] [INFO] 参数: {'screen_on': 1, 'brightness': 4, 'digital': 100, 'logo': 1, 'rim_state': 0, 'rdygo': 2, 'turn_left': 0, 'turn_right': 1, 'ring': 2} | 备注: nan
[2025-09-01 10:03:36.709] [DEBUG] 修改后的LED显示信息:
[2025-09-01 10:03:36.724] [INFO]   屏幕状态: 开
  亮度级别: 4
  数字显示: 100
  LOGO状态: 1 (0关, 1白, 2红)
  护盾状态: 0 (0关, 1白, 2绿)
  ReadyGo状态: 2 (0关, 1白, 2红)
  左转向灯: 0 (0关, 1白, 2橙)
  右转向灯: 1 (0关, 1白, 2橙)
  灯环状态: 2 (0关, 1蓝, 2红)
[2025-09-01 10:03:36.740] [DEBUG] 组包成功，数据长度: 21 字节
[2025-09-01 10:03:36.756] [DEBUG] 发送数据: A5 60 9F A5 03 0D 3B 3C 33 33 33 17 C3 37 33 33 33 33 33 56 55
[2025-09-01 10:03:36.772] [DEBUG] 接收数据超时
[2025-09-01 10:03:36.790] [DEBUG] 组包成功，数据长度: 21 字节
[2025-09-01 10:03:36.790] [DEBUG] 发送数据: A5 60 9F A5 01 0D 3B 3C 33 33 33 17 C3 37 33 33 33 33 33 11 55
[2025-09-01 10:03:36.820] [DEBUG] 接收数据超时
[2025-09-01 10:03:36.820] [INFO] 结果: FAIL | 用时: 0.150s
[2025-09-01 10:03:36.836] [INFO] ==== 执行用例 #11108 ====
[2025-09-01 10:03:36.852] [INFO] 参数: {'screen_on': 1, 'brightness': 5, 'digital': 0, 'logo': 0, 'rim_state': 2, 'rdygo': 0, 'turn_left': 1, 'turn_right': 0, 'ring': 1} | 备注: nan
[2025-09-01 10:03:36.871] [DEBUG] 修改后的LED显示信息:
[2025-09-01 10:03:36.884] [INFO]   屏幕状态: 开
  亮度级别: 5
  数字显示: 0
  LOGO状态: 0 (0关, 1白, 2红)
  护盾状态: 2 (0关, 1白, 2绿)
  ReadyGo状态: 0 (0关, 1白, 2红)
  左转向灯: 1 (0关, 1白, 2橙)
  右转向灯: 0 (0关, 1白, 2橙)
  灯环状态: 1 (0关, 1蓝, 2红)
[2025-09-01 10:03:36.900] [DEBUG] 组包成功，数据长度: 21 字节
[2025-09-01 10:03:36.916] [DEBUG] 发送数据: A5 60 9F A5 03 0D 3B 3E 33 33 33 33 57 35 33 33 33 33 33 6E 55
[2025-09-01 10:03:36.948] [DEBUG] 接收数据超时
[2025-09-01 10:03:36.951] [DEBUG] 组包成功，数据长度: 21 字节
[2025-09-01 10:03:36.964] [DEBUG] 发送数据: A5 60 9F A5 01 0D 3B 3E 33 33 33 33 57 35 33 33 33 33 33 29 55
[2025-09-01 10:03:36.979] [DEBUG] 接收数据超时
[2025-09-01 10:03:36.995] [INFO] 结果: FAIL | 用时: 0.159s
[2025-09-01 10:03:37.011] [INFO] ==== 执行用例 #11309 ====
[2025-09-01 10:03:37.011] [INFO] 参数: {'screen_on': 1, 'brightness': 5, 'digital': 0, 'logo': 1, 'rim_state': 1, 'rdygo': 1, 'turn_left': 2, 'turn_right': 1, 'ring': 1} | 备注: nan
[2025-09-01 10:03:37.043] [DEBUG] 修改后的LED显示信息:
[2025-09-01 10:03:37.059] [INFO]   屏幕状态: 开
  亮度级别: 5
  数字显示: 0
  LOGO状态: 1 (0关, 1白, 2红)
  护盾状态: 1 (0关, 1白, 2绿)
  ReadyGo状态: 1 (0关, 1白, 2红)
  左转向灯: 2 (0关, 1白, 2橙)
  右转向灯: 1 (0关, 1白, 2橙)
  灯环状态: 1 (0关, 1蓝, 2红)
[2025-09-01 10:03:37.075] [DEBUG] 组包成功，数据长度: 21 字节
[2025-09-01 10:03:37.090] [DEBUG] 发送数据: A5 60 9F A5 03 0D 3B 3E 33 33 33 B3 FD 35 33 33 33 33 33 82 55
[2025-09-01 10:03:37.106] [DEBUG] 接收数据超时
[2025-09-01 10:03:37.122] [DEBUG] 组包成功，数据长度: 21 字节
[2025-09-01 10:03:37.138] [DEBUG] 发送数据: A5 60 9F A5 01 0D 3B 3E 33 33 33 B3 FD 35 33 33 33 33 33 C5 55
[2025-09-01 10:03:37.154] [DEBUG] 接收数据超时
[2025-09-01 10:03:37.171] [INFO] 结果: FAIL | 用时: 0.160s
[2025-09-01 10:03:37.171] [INFO] ==== 执行用例 #11460 ====
[2025-09-01 10:03:37.186] [INFO] 参数: {'screen_on': 1, 'brightness': 5, 'digital': 0, 'logo': 2, 'rim_state': 0, 'rdygo': 1, 'turn_left': 1, 'turn_right': 0, 'ring': 2} | 备注: nan
[2025-09-01 10:03:37.217] [DEBUG] 修改后的LED显示信息:
[2025-09-01 10:03:37.233] [INFO]   屏幕状态: 开
  亮度级别: 5
  数字显示: 0
  LOGO状态: 2 (0关, 1白, 2红)
  护盾状态: 0 (0关, 1白, 2绿)
  ReadyGo状态: 1 (0关, 1白, 2红)
  左转向灯: 1 (0关, 1白, 2橙)
  右转向灯: 0 (0关, 1白, 2橙)
  灯环状态: 2 (0关, 1蓝, 2红)
[2025-09-01 10:03:37.249] [DEBUG] 组包成功，数据长度: 21 字节
[2025-09-01 10:03:37.265] [DEBUG] 发送数据: A5 60 9F A5 03 0D 3B 3E 33 33 33 33 5C 37 33 33 33 33 33 AD 55
[2025-09-01 10:03:37.281] [DEBUG] 接收数据超时
[2025-09-01 10:03:37.297] [DEBUG] 组包成功，数据长度: 21 字节
[2025-09-01 10:03:37.313] [DEBUG] 发送数据: A5 60 9F A5 01 0D 3B 3E 33 33 33 33 5C 37 33 33 33 33 33 EA 55
[2025-09-01 10:03:37.329] [DEBUG] 接收数据超时
[2025-09-01 10:03:37.344] [INFO] 结果: FAIL | 用时: 0.173s
[2025-09-01 10:03:37.344] [INFO] ==== 执行用例 #12960 ====
[2025-09-01 10:03:37.360] [INFO] 参数: {'screen_on': 1, 'brightness': 5, 'digital': 100, 'logo': 2, 'rim_state': 0, 'rdygo': 2, 'turn_left': 2, 'turn_right': 2, 'ring': 2} | 备注: nan
[2025-09-01 10:03:37.392] [DEBUG] 修改后的LED显示信息:
[2025-09-01 10:03:37.407] [INFO]   屏幕状态: 开
  亮度级别: 5
  数字显示: 100
  LOGO状态: 2 (0关, 1白, 2红)
  护盾状态: 0 (0关, 1白, 2绿)
  ReadyGo状态: 2 (0关, 1白, 2红)
  左转向灯: 2 (0关, 1白, 2橙)
  右转向灯: 2 (0关, 1白, 2橙)
  灯环状态: 2 (0关, 1蓝, 2红)
[2025-09-01 10:03:37.423] [DEBUG] 组包成功，数据长度: 21 字节
[2025-09-01 10:03:37.440] [DEBUG] 发送数据: A5 60 9F A5 03 0D 3B 3E 33 33 33 97 84 38 33 33 33 33 33 9E 55
[2025-09-01 10:03:37.455] [DEBUG] 接收数据超时
[2025-09-01 10:03:37.471] [DEBUG] 组包成功，数据长度: 21 字节
[2025-09-01 10:03:37.471] [DEBUG] 发送数据: A5 60 9F A5 01 0D 3B 3E 33 33 33 97 84 38 33 33 33 33 33 D9 55
[2025-09-01 10:03:37.503] [DEBUG] 接收数据超时
[2025-09-01 10:03:37.503] [INFO] 结果: FAIL | 用时: 0.159s
[2025-09-01 10:03:37.519] [INFO] ==== 执行用例 #13191 ====
[2025-09-01 10:03:37.535] [INFO] 参数: {'screen_on': 1, 'brightness': 6, 'digital': 0, 'logo': 0, 'rim_state': 0, 'rdygo': 2, 'turn_left': 1, 'turn_right': 1, 'ring': 2} | 备注: nan
[2025-09-01 10:03:37.551] [DEBUG] 修改后的LED显示信息:
[2025-09-01 10:03:37.571] [INFO]   屏幕状态: 开
  亮度级别: 6
  数字显示: 0
  LOGO状态: 0 (0关, 1白, 2红)
  护盾状态: 0 (0关, 1白, 2绿)
  ReadyGo状态: 2 (0关, 1白, 2红)
  左转向灯: 1 (0关, 1白, 2橙)
  右转向灯: 1 (0关, 1白, 2橙)
  灯环状态: 2 (0关, 1蓝, 2红)
[2025-09-01 10:03:37.582] [DEBUG] 组包成功，数据长度: 21 字节
[2025-09-01 10:03:37.598] [DEBUG] 发送数据: A5 60 9F A5 03 0D 3B 40 33 33 33 33 E3 37 33 33 33 33 33 02 55
[2025-09-01 10:03:37.630] [DEBUG] 接收数据超时
[2025-09-01 10:03:37.646] [DEBUG] 组包成功，数据长度: 21 字节
[2025-09-01 10:03:37.662] [DEBUG] 发送数据: A5 60 9F A5 01 0D 3B 40 33 33 33 33 E3 37 33 33 33 33 33 45 55
[2025-09-01 10:03:37.678] [DEBUG] 接收数据超时
[2025-09-01 10:03:37.694] [INFO] 结果: FAIL | 用时: 0.175s
[2025-09-01 10:03:37.694] [INFO] ==== 执行用例 #13602 ====
[2025-09-01 10:03:37.710] [INFO] 参数: {'screen_on': 1, 'brightness': 6, 'digital': 0, 'logo': 1, 'rim_state': 2, 'rdygo': 2, 'turn_left': 2, 'turn_right': 0, 'ring': 2} | 备注: nan
[2025-09-01 10:03:37.741] [DEBUG] 修改后的LED显示信息:
[2025-09-01 10:03:37.757] [INFO]   屏幕状态: 开
  亮度级别: 6
  数字显示: 0
  LOGO状态: 1 (0关, 1白, 2红)
  护盾状态: 2 (0关, 1白, 2绿)
  ReadyGo状态: 2 (0关, 1白, 2红)
  左转向灯: 2 (0关, 1白, 2橙)
  右转向灯: 0 (0关, 1白, 2橙)
  灯环状态: 2 (0关, 1蓝, 2红)
[2025-09-01 10:03:37.773] [DEBUG] 组包成功，数据长度: 21 字节
[2025-09-01 10:03:37.773] [DEBUG] 发送数据: A5 60 9F A5 03 0D 3B 40 33 33 33 B3 87 37 33 33 33 33 33 62 55
[2025-09-01 10:03:37.805] [DEBUG] 接收数据超时
[2025-09-01 10:03:37.805] [DEBUG] 组包成功，数据长度: 21 字节
[2025-09-01 10:03:37.821] [DEBUG] 发送数据: A5 60 9F A5 01 0D 3B 40 33 33 33 B3 87 37 33 33 33 33 33 25 55
[2025-09-01 10:03:37.839] [DEBUG] 接收数据超时
[2025-09-01 10:03:37.853] [INFO] 结果: FAIL | 用时: 0.159s
[2025-09-01 10:03:37.853] [INFO] ==== 执行用例 #14453 ====
[2025-09-01 10:03:37.872] [INFO] 参数: {'screen_on': 1, 'brightness': 6, 'digital': 50, 'logo': 2, 'rim_state': 1, 'rdygo': 1, 'turn_left': 0, 'turn_right': 2, 'ring': 1} | 备注: nan
[2025-09-01 10:03:37.900] [DEBUG] 修改后的LED显示信息:
[2025-09-01 10:03:37.916] [INFO]   屏幕状态: 开
  亮度级别: 6
  数字显示: 50
  LOGO状态: 2 (0关, 1白, 2红)
  护盾状态: 1 (0关, 1白, 2绿)
  ReadyGo状态: 1 (0关, 1白, 2红)
  左转向灯: 0 (0关, 1白, 2橙)
  右转向灯: 2 (0关, 1白, 2橙)
  灯环状态: 1 (0关, 1蓝, 2红)
[2025-09-01 10:03:37.932] [DEBUG] 组包成功，数据长度: 21 字节
[2025-09-01 10:03:37.952] [DEBUG] 发送数据: A5 60 9F A5 03 0D 3B 40 33 33 33 65 3E 36 33 33 33 33 33 D5 55
[2025-09-01 10:03:37.972] [DEBUG] 接收数据超时
[2025-09-01 10:03:37.979] [DEBUG] 组包成功，数据长度: 21 字节
[2025-09-01 10:03:37.995] [DEBUG] 发送数据: A5 60 9F A5 01 0D 3B 40 33 33 33 65 3E 36 33 33 33 33 33 92 55
[2025-09-01 10:03:38.011] [DEBUG] 接收数据超时
[2025-09-01 10:03:38.027] [INFO] 结果: FAIL | 用时: 0.174s
[2025-09-01 10:03:38.027] [INFO] ==== 执行用例 #14934 ====
[2025-09-01 10:03:38.043] [INFO] 参数: {'screen_on': 1, 'brightness': 6, 'digital': 100, 'logo': 1, 'rim_state': 1, 'rdygo': 1, 'turn_left': 0, 'turn_right': 0, 'ring': 2} | 备注: nan
[2025-09-01 10:03:38.075] [DEBUG] 修改后的LED显示信息:
[2025-09-01 10:03:38.091] [INFO]   屏幕状态: 开
  亮度级别: 6
  数字显示: 100
  LOGO状态: 1 (0关, 1白, 2红)
  护盾状态: 1 (0关, 1白, 2绿)
  ReadyGo状态: 1 (0关, 1白, 2红)
  左转向灯: 0 (0关, 1白, 2橙)
  右转向灯: 0 (0关, 1白, 2橙)
  灯环状态: 2 (0关, 1蓝, 2红)
[2025-09-01 10:03:38.107] [DEBUG] 组包成功，数据长度: 21 字节
[2025-09-01 10:03:38.107] [DEBUG] 发送数据: A5 60 9F A5 03 0D 3B 40 33 33 33 17 3D 37 33 33 33 33 33 46 55
[2025-09-01 10:03:38.138] [DEBUG] 接收数据超时
[2025-09-01 10:03:38.154] [DEBUG] 组包成功，数据长度: 21 字节
[2025-09-01 10:03:38.154] [DEBUG] 发送数据: A5 60 9F A5 01 0D 3B 40 33 33 33 17 3D 37 33 33 33 33 33 01 55
[2025-09-01 10:03:38.186] [DEBUG] 接收数据超时
[2025-09-01 10:03:38.201] [INFO] 结果: FAIL | 用时: 0.175s
[2025-09-01 10:03:38.201] [INFO] ==== 执行用例 #15192 ====
[2025-09-01 10:03:38.217] [INFO] 参数: {'screen_on': 1, 'brightness': 6, 'digital': 100, 'logo': 2, 'rim_state': 1, 'rdygo': 1, 'turn_left': 1, 'turn_right': 2, 'ring': 2} | 备注: nan
[2025-09-01 10:03:38.249] [DEBUG] 修改后的LED显示信息:
[2025-09-01 10:03:38.265] [INFO]   屏幕状态: 开
  亮度级别: 6
  数字显示: 100
  LOGO状态: 2 (0关, 1白, 2红)
  护盾状态: 1 (0关, 1白, 2绿)
  ReadyGo状态: 1 (0关, 1白, 2红)
  左转向灯: 1 (0关, 1白, 2橙)
  右转向灯: 2 (0关, 1白, 2橙)
  灯环状态: 2 (0关, 1蓝, 2红)
[2025-09-01 10:03:38.281] [DEBUG] 组包成功，数据长度: 21 字节
[2025-09-01 10:03:38.298] [DEBUG] 发送数据: A5 60 9F A5 03 0D 3B 40 33 33 33 97 5E 38 33 33 33 33 33 7E 55
[2025-09-01 10:03:38.314] [DEBUG] 接收数据超时
[2025-09-01 10:03:38.328] [DEBUG] 组包成功，数据长度: 21 字节
[2025-09-01 10:03:38.344] [DEBUG] 发送数据: A5 60 9F A5 01 0D 3B 40 33 33 33 97 5E 38 33 33 33 33 33 39 55
[2025-09-01 10:03:38.366] [DEBUG] 接收数据超时
[2025-09-01 10:03:38.376] [INFO] 结果: FAIL | 用时: 0.174s
[2025-09-01 10:03:38.376] [INFO] ==== 执行用例 #15583 ====
[2025-09-01 10:03:38.392] [INFO] 参数: {'screen_on': 1, 'brightness': 7, 'digital': 0, 'logo': 1, 'rim_state': 0, 'rdygo': 1, 'turn_left': 0, 'turn_right': 1, 'ring': 0} | 备注: nan
[2025-09-01 10:03:38.424] [DEBUG] 修改后的LED显示信息:
[2025-09-01 10:03:38.439] [INFO]   屏幕状态: 开
  亮度级别: 7
  数字显示: 0
  LOGO状态: 1 (0关, 1白, 2红)
  护盾状态: 0 (0关, 1白, 2绿)
  ReadyGo状态: 1 (0关, 1白, 2红)
  左转向灯: 0 (0关, 1白, 2橙)
  右转向灯: 1 (0关, 1白, 2橙)
  灯环状态: 0 (0关, 1蓝, 2红)
[2025-09-01 10:03:38.455] [DEBUG] 组包成功，数据长度: 21 字节
[2025-09-01 10:03:38.473] [DEBUG] 发送数据: A5 60 9F A5 03 0D 3B 42 33 33 33 B3 BB 33 33 33 33 33 33 AB 55
[2025-09-01 10:03:38.487] [DEBUG] 接收数据超时
[2025-09-01 10:03:38.503] [DEBUG] 组包成功，数据长度: 21 字节
[2025-09-01 10:03:38.519] [DEBUG] 发送数据: A5 60 9F A5 01 0D 3B 42 33 33 33 B3 BB 33 33 33 33 33 33 EC 55
[2025-09-01 10:03:38.535] [DEBUG] 接收数据超时
[2025-09-01 10:03:38.553] [INFO] 结果: FAIL | 用时: 0.177s
[2025-09-01 10:03:38.567] [INFO] ==== 执行用例 #16100 ====
[2025-09-01 10:03:38.573] [INFO] 参数: {'screen_on': 1, 'brightness': 7, 'digital': 50, 'logo': 0, 'rim_state': 0, 'rdygo': 2, 'turn_left': 0, 'turn_right': 2, 'ring': 1} | 备注: nan
[2025-09-01 10:03:38.598] [DEBUG] 修改后的LED显示信息:
[2025-09-01 10:03:38.614] [INFO]   屏幕状态: 开
  亮度级别: 7
  数字显示: 50
  LOGO状态: 0 (0关, 1白, 2红)
  护盾状态: 0 (0关, 1白, 2绿)
  ReadyGo状态: 2 (0关, 1白, 2红)
  左转向灯: 0 (0关, 1白, 2橙)
  右转向灯: 2 (0关, 1白, 2橙)
  灯环状态: 1 (0关, 1蓝, 2红)
[2025-09-01 10:03:38.630] [DEBUG] 组包成功，数据长度: 21 字节
[2025-09-01 10:03:38.646] [DEBUG] 发送数据: A5 60 9F A5 03 0D 3B 42 33 33 33 65 43 36 33 33 33 33 33 99 55
[2025-09-01 10:03:38.673] [DEBUG] 接收数据超时
[2025-09-01 10:03:38.678] [DEBUG] 组包成功，数据长度: 21 字节
[2025-09-01 10:03:38.693] [DEBUG] 发送数据: A5 60 9F A5 01 0D 3B 42 33 33 33 65 43 36 33 33 33 33 33 DE 55
[2025-09-01 10:03:38.709] [DEBUG] 接收数据超时
[2025-09-01 10:03:38.725] [INFO] 结果: FAIL | 用时: 0.158s
[2025-09-01 10:03:38.725] [INFO] ==== 执行用例 #16418 ====
[2025-09-01 10:03:38.741] [INFO] 参数: {'screen_on': 1, 'brightness': 7, 'digital': 50, 'logo': 1, 'rim_state': 1, 'rdygo': 2, 'turn_left': 0, 'turn_right': 0, 'ring': 1} | 备注: nan
[2025-09-01 10:03:38.773] [DEBUG] 修改后的LED显示信息:
[2025-09-01 10:03:38.773] [INFO]   屏幕状态: 开
  亮度级别: 7
  数字显示: 50
  LOGO状态: 1 (0关, 1白, 2红)
  护盾状态: 1 (0关, 1白, 2绿)
  ReadyGo状态: 2 (0关, 1白, 2红)
  左转向灯: 0 (0关, 1白, 2橙)
  右转向灯: 0 (0关, 1白, 2橙)
  灯环状态: 1 (0关, 1蓝, 2红)
[2025-09-01 10:03:38.807] [DEBUG] 组包成功，数据长度: 21 字节
[2025-09-01 10:03:38.807] [DEBUG] 发送数据: A5 60 9F A5 03 0D 3B 42 33 33 33 E5 45 35 33 33 33 33 33 11 55
[2025-09-01 10:03:38.838] [DEBUG] 接收数据超时
[2025-09-01 10:03:38.852] [DEBUG] 组包成功，数据长度: 21 字节
[2025-09-01 10:03:38.852] [DEBUG] 发送数据: A5 60 9F A5 01 0D 3B 42 33 33 33 E5 45 35 33 33 33 33 33 56 55
[2025-09-01 10:03:38.873] [DEBUG] 接收数据超时
[2025-09-01 10:03:38.884] [INFO] 结果: FAIL | 用时: 0.159s
[2025-09-01 10:03:38.900] [INFO] ==== 执行用例 #16485 ====
[2025-09-01 10:03:38.900] [INFO] 参数: {'screen_on': 1, 'brightness': 7, 'digital': 50, 'logo': 1, 'rim_state': 2, 'rdygo': 1, 'turn_left': 1, 'turn_right': 1, 'ring': 2} | 备注: nan
[2025-09-01 10:03:38.932] [DEBUG] 修改后的LED显示信息:
[2025-09-01 10:03:38.952] [INFO]   屏幕状态: 开
  亮度级别: 7
  数字显示: 50
  LOGO状态: 1 (0关, 1白, 2红)
  护盾状态: 2 (0关, 1白, 2绿)
  ReadyGo状态: 1 (0关, 1白, 2红)
  左转向灯: 1 (0关, 1白, 2橙)
  右转向灯: 1 (0关, 1白, 2橙)
  灯环状态: 2 (0关, 1蓝, 2红)
[2025-09-01 10:03:38.973] [DEBUG] 组包成功，数据长度: 21 字节
[2025-09-01 10:03:38.980] [DEBUG] 发送数据: A5 60 9F A5 03 0D 3B 42 33 33 33 E5 DF 37 33 33 33 33 33 79 55
[2025-09-01 10:03:39.012] [DEBUG] 接收数据超时
[2025-09-01 10:03:39.012] [DEBUG] 组包成功，数据长度: 21 字节
[2025-09-01 10:03:39.027] [DEBUG] 发送数据: A5 60 9F A5 01 0D 3B 42 33 33 33 E5 DF 37 33 33 33 33 33 3E 55
[2025-09-01 10:03:39.043] [DEBUG] 接收数据超时
[2025-09-01 10:03:39.063] [INFO] 结果: FAIL | 用时: 0.163s
[2025-09-01 10:03:39.075] [INFO] ==== 执行用例 #16555 ====
[2025-09-01 10:03:39.075] [INFO] 参数: {'screen_on': 1, 'brightness': 7, 'digital': 50, 'logo': 2, 'rim_state': 0, 'rdygo': 1, 'turn_left': 0, 'turn_right': 1, 'ring': 0} | 备注: nan
[2025-09-01 10:03:39.107] [DEBUG] 修改后的LED显示信息:
[2025-09-01 10:03:39.125] [INFO]   屏幕状态: 开
  亮度级别: 7
  数字显示: 50
  LOGO状态: 2 (0关, 1白, 2红)
  护盾状态: 0 (0关, 1白, 2绿)
  ReadyGo状态: 1 (0关, 1白, 2红)
  左转向灯: 0 (0关, 1白, 2橙)
  右转向灯: 1 (0关, 1白, 2橙)
  灯环状态: 0 (0关, 1蓝, 2红)
[2025-09-01 10:03:39.139] [DEBUG] 组包成功，数据长度: 21 字节
[2025-09-01 10:03:39.155] [DEBUG] 发送数据: A5 60 9F A5 03 0D 3B 42 33 33 33 65 BC 33 33 33 33 33 33 1D 55
[2025-09-01 10:03:39.174] [DEBUG] 接收数据超时
[2025-09-01 10:03:39.187] [DEBUG] 组包成功，数据长度: 21 字节
[2025-09-01 10:03:39.187] [DEBUG] 发送数据: A5 60 9F A5 01 0D 3B 42 33 33 33 65 BC 33 33 33 33 33 33 5A 55
[2025-09-01 10:03:39.218] [DEBUG] 接收数据超时
[2025-09-01 10:03:39.218] [INFO] 结果: FAIL | 用时: 0.143s
[2025-09-01 10:03:39.250] [INFO] 开始压力循环: 次数=1, 间隔=0.5s, 参数={'screen_on': 1, 'brightness': 1, 'digital': 0, 'logo': 0, 'rim_state': 1, 'rdygo': 1, 'turn_left': 0, 'turn_right': 2, 'ring': 0}
[2025-09-01 10:03:39.274] [DEBUG] 修改后的LED显示信息:
[2025-09-01 10:03:39.282] [INFO]   屏幕状态: 开
  亮度级别: 1
  数字显示: 0
  LOGO状态: 0 (0关, 1白, 2红)
  护盾状态: 1 (0关, 1白, 2绿)
  ReadyGo状态: 1 (0关, 1白, 2红)
  左转向灯: 0 (0关, 1白, 2橙)
  右转向灯: 2 (0关, 1白, 2橙)
  灯环状态: 0 (0关, 1蓝, 2红)
[2025-09-01 10:03:39.298] [DEBUG] 组包成功，数据长度: 21 字节
[2025-09-01 10:03:39.318] [DEBUG] 发送数据: A5 60 9F A5 03 0D 3B 36 33 33 33 33 3D 34 33 33 33 33 33 BA 55
[2025-09-01 10:03:39.345] [DEBUG] 接收数据: A5 60 9F A5 83 55 33 93 7F 63 64 33 33 33 33 33 33 33 33 33 33 33 33 33 33 33 33 33 33 33 33 33 33 33 33 33 33 33 33 33 33 33 33 89 66 69 66 65 85 64 63 64 76 63 64 92 75 A7 63 65 33 33 33 33 33 37 33 38 33 33 33 36 33 33 33 65 35 37 33 33 33 33 33 33 33 33 33 33 33 33 33 42 55 A5 60 9F A5 81 0D 3B 36 33 33 33 65 35 37 33 33 33 33 33 1A 55 A5 60 9F A5 83 55 33 93 7F 63 64 33 33 33 33 33 33 33 33 33 33 33 33 33 33 33 33 33 33 33 33 33 33 33 33 33 33 33 33 33 33 33 33 89 66 69 66 65 85 64 63 64 76 63 64 92 75 A7 63 65 33 33 33 33 33 37 33 37 33 33 33 38 33 33 33 65 33 37 33 33 33 33 33 33 33 33 33 33 33 33 33 AA 55 A5 60 9F A5 81 0D 3B 38 33 33 33 65 33 37 33 33 33 33 33 8C 55 A5 60 9F A5 83 55 33 93 7F 63 64 33 33 33 33 33 33 33 33 33 33 33 33 33 33 33 33 33 33 33 33 33 33 33 33 33 33 33 33 33 33 33 33 89 66 69 66 65 85 64 63 64 76 63 64 92 75 A7 63 65 33 33 33 33 33 37 33 38 33 33 33 3A 33 33 33 33 57 34 33 33 33 33 33 33 33 33 33 33 33 33 33 53 55 A5 60 9F A5 81 0D 3B 3A 33 33 33 33 57 34 33 33 33 33 33 92 55 A5 60 9F A5 83 55 33 93 7F 63 64 33 33 33 33 33 33 33 33 33 33 33 33 33 33 33 33 33 33 33 33 33 33 33 33 33 33 33 33 33 33 33 33 89 66 69 66 65 85 64 63 64 76 63 64 92 75 A7 63 65 33 33 33 33 33 37 33 37 33 33 33 3A 33 33 33 B3 5D 37 33 33 33 33 33 33 33 33 33 33 33 33 33 E6 55 A5 60 9F A5 81 0D 3B 3A 33 33 33 B3 5D 37 33 33 33 33 33 2C 55 A5 60 9F A5 83 55 33 93 7F 63 64 33 33 33 33 33 33 33 33 33 33 33 33 33 33 33 33 33 33 33 33 33 33 33 33 33 33 33 33 33 33 33 33 89 66 69 66 65 85 64 63 64 76 63 64 92 75 A7 63 65 33 33 33 33 33 37 33 38 33 33 33 3A 33 33 33 65 43 37 33 33 33 33 33 33 33 33 33 33 33 33 33 54 55 A5 60 9F A5 81 0D 3B 3A 33 33 33 65 43 37 33 33 33 33 33 3C 55 A5 60 9F A5 83 55 33 93 7F 63 64 33 33 33 33 33 33 33 33 33 33 33 33 33 33 33 33 33 33 33 33 33 33 33 33 33 33 33 33 33 33 33 33 89 66 69 66 65 85 64 63 64 76 63 64 92 75 A7 63 65 33 33 33 33 33 37 33 38 33 33 33 3A 33 33 33 E5 D3 37 33 33 33 33 33 33 33 33 33 33 33 33 33 79 55 A5 60 9F A5 81 0D 3B 3A 33 33 33 E5 D3 37 33 33 33 33 33 B8 55 A5 60 9F A5 83 55 33 93 7F 63 64 33 33 33 33 33 33 33 33 33 33 33 33 33 33 33 33 33 33 33 33 33 33 33 33 33 33 33 33 33 33 33 33 89 66 69 66 65 85 64 63 64 76 63 64 92 75 A7 63 65 33 33 33 33 33 37 33 36 33 33 33 3A 33 33 33 65 60 33 33 33 33 33 33 33 33 33 33 33 33 33 33 14 55 A5 60 9F A5 81 0D 3B 3A 33 33 33 65 60 33 33 33 33 33 33 A7 55 A5 60 9F A5 83 55 33 93 7F 63 64 33 33 33 33 33 33 33 33 33 33 33 33 33 33 33 33 33 33 33 33 33 33 33 33 33 33 33 33 33 33 33 33 89 66 69 66 65 85 64 63 64 76 63 64 92 75 A7 63 65 33 33 33 33 33 37 33 37 33 33 33 3A 33 33 33 97 7D 33 33 33 33 33 33 33 33 33 33 33 33 33 33 42 55 A5 60 9F A5 81 0D 3B 3A 33 33 33 97 7D 33 33 33 33 33 33 74 55 A5 60 9F A5 83 55 33 93 7F 63 64 33 33 33 33 33 33 33 33 33 33 33 33 33 33 33 33 33 33 33 33 33 33 33 33 33 33 33 33 33 33 33 33 89 66 69 66 65 85 64 63 64 76 63 64 92 75 A7 63 65 33 33 33 33 33 37 33 38 33 33 33 3C 33 33 33 65 5B 34 33 33 33 33 33 33 33 33 33 33 33 33 33 1E 55 A5 60 9F A5 81 0D 3B 3C 33 33 33 65 5B 34 33 33 33 33 33 17 55 A5 60 9F A5 83 55 33 93 7F 63 64 33 33 33 33 33 33 33 33 33 33 33 33 33 33 33 33 33 33 33 33 33 33 33 33 33 33 33 33 33 33 33 33 89 66 69 66 65 85 64 63 64 76 63 64 92 75 A7 63 65 33 33 33 33 33 37 33 38 33 33 33 3C 33 33 33 E5 DF 33 33 33 33 33 33 33 33 33 33 33 33 33 33 8F 55 A5 60 9F A5 81 0D 3B 3C 33 33 33 E5 DF 33 33 33 33 33 33 6A 55 A5 60 9F A5 83 55 33 93 7F 63 64 33 33 33 33 33 33 33 33 33 33 33 33 33 33 33 33 33 33 33 33 33 33 33 33 33 33 33 33 33 33 33 33 89 66 69 66 65 85 64 63 64 76 63 64 92 75 A7 63 65 33 33 33 33 33 37 33 37 33 33 33 3C 33 33 33 65 C4 37 33 33 33 33 33 33 33 33 33 33 33 33 33 25 55 A5 60 9F A5 81 0D 3B 3C 33 33 33 65 C4 37 33 33 33 33 33 F5 55 A5 60 9F A5 83 55 33 93 7F 63 64 33 33 33 33 33 33 33 33 33 33 33 33 33 33 33 33 33 33 33 33 33 33 33 33 33 33 33 33 33 33 33 33 89 66 69 66 65 85 64 63 64 76 63 64 92 75 A7 63 65 33 33 33 33 33 37 33 36 33 33 33 3C 33 33 33 65 F6 37 33 33 33 33 33 33 33 33 33 33 33 33 33 91 55 A5 60 9F A5 81 0D 3B 3C 33 33 33 65 F6 37 33 33 33 33 33 B9 55 A5 60 9F A5 83 55 33 93 7F 63 64 33 33 33 33 33 33 33 33 33 33 33 33 33 33 33 33 33 33 33 33 33 33 33 33 33 33 33 33 33 33 33 33 89 66 69 66 65 85 64 63 64 76 63 64 92 75 A7 63 65 33 33 33 33 33 37 33 37 33 33 33 3C 33 33 33 97 03 33 33 33 33 33 33 33 33 33 33 33 33 33 33 7F 55 A5 60 9F A5 81 0D 3B 3C 33 33 33 97 03 33 33 33 33 33 33 A5 55 A5 60 9F A5 83 55 33 93 7F 63 64 33 33 33 33 33 33 33 33 33 33 33 33 33 33 33 33 33 33 33 33 33 33 33 33 33 33 33 33 33 33 33 33 89 66 69 66 65 85 64 63 64 76 63 64 92 75 A7 63 65 33 33 33 34 33 37 33 3A 33 33 33 3C 33 33 33 17 C3 37 33 33 33 33 33 33 33 33 33 33 33 33 33 15 55 A5 60 9F A5 81 0D 3B 3C 33 33 33 17 C3 37 33 33 33 33 33 26 55 A5 60 9F A5 83 55 33 93 7F 63 64 33 33 33 33 33 33 33 33 33 33 33 33 33 33 33 33 33 33 33 33 33 33 33 33 33 33 33 33 33 33 33 33 89 66 69 66 65 85 64 63 64 76 63 64 92 75 A7 63 65 33 33 33 34 33 37 33 38 33 33 33 3E 33 33 33 33 57 35 33 33 33 33 33 33 33 33 33 33 33 33 33 13 55 A5 60 9F A5 81 0D 3B 3E 33 33 33 33 57 35 33 33 33 33 33 1E 55 A5 60 9F A5 83 55 33 93 7F 63 64 33 33 33 33 33 33 33 33 33 33 33 33 33 33 33 33 33 33 33 33 33 33 33 33 33 33 33 33 33 33 33 33 89 66 69 66 65 85 64 63 64 76 63 64 92 75 A7 63 65 33 33 33 33 33 37 33 38 33 33 33 3E 33 33 33 B3 FD 35 33 33 33 33 33 33 33 33 33 33 33 33 33 1F 55 A5 60 9F A5 81 0D 3B 3E 33 33 33 B3 FD 35 33 33 33 33 33 F2 55 A5 60 9F A5 83 55 33 93 7F 63 64 33 33 33 33 33 33 33 33 33 33 33 33 33 33 33 33 33 33 33 33 33 33 33 33 33 33 33 33 33 33 33 33 89 66 69 66 65 85 64 63 64 76 63 64 92 75 A7 63 65 33 33 33 33 33 37 33 37 33 33 33 3E 33 33 33 33 5C 37 33 33 33 33 33 33 33 33 33 33 33 33 33 9C 55 A5 60 9F A5 81 0D 3B 3E 33 33 33 33 5C 37 33 33 33 33 33 DD 55 A5 60 9F A5 83 55 33 93 7F 63 64 33 33 33 33 33 33 33 33 33 33 33 33 33 33 33 33 33 33 33 33 33 33 33 33 33 33 33 33 33 33 33 33 89 66 69 66 65 85 64 63 64 76 63 64 92 75 A7 63 65 33 33 33 33 33 37 33 37 33 33 33 3E 33 33 33 97 84 38 33 33 33 33 33 33 33 33 33 33 33 33 33 94 55 A5 60 9F A5 81 0D 3B 3E 33 33 33 97 84 38 33 33 33 33 33 EE 55 A5 60 9F A5 83 55 33 93 7F 63 64 33 33 33 33 33 33 33 33 33 33 33 33 33 33 33 33 33 33 33 33 33 33 33 33 33 33 33 33 33 33 33 33 89 66 69 66 65 85 64 63 64 76 63 64 92 75 A7 63 65 33 33 33 33 33 37 33 37 33 33 33 40 33 33 33 33 E3 37 33 33 33 33 33 33 33 33 33 33 33 33 33 56 55 A5 60 9F A5 81 0D 3B 40 33 33 33 33 E3 37 33 33 33 33 33 72 55 A5 60 9F A5 83 55 33 93 7F 63 64 33 33 33 33 33 33 33 33 33 33 33 33 33 33 33 33 33 33 33 33 33 33 33 33 33 33 33 33 33 33 33 33 89 66 69 66 65 85 64 63 64 76 63 64 92 75 A7 63 65 33 33 33 33 33 37 33 38 33 33 33 40 33 33 33 B3 87 37 33 33 33 33 33 33 33 33 33 33 33 33 33 95 55 A5 60 9F A5 81 0D 3B 40 33 33 33 B3 87 37 33 33 33 33 33 12 55 A5 60 9F A5 83 55 33 93 7F 63 64 33 33 33 33 33 33 33 33 33 33 33 33 33 33 33 33 33 33 33 33 33 33 33 33 33 33 33 33 33 33 33 33 89 66 69 66 65 85 64 63 64 76 63 64 92 75 A7 63 65 33 33 33 33 33 37 33 37 33 33 33 40 33 33 33 65 3E 36 33 33 33 33 33 33 33 33 33 33 33 33 33 9E 55 A5 60 9F A5 81 0D 3B 40 33 33 33 65 3E 36 33 33 33 33 33 A5 55 A5 60 9F A5 83 55 33 93 7F 63 64 33 33 33 33 33 33 33 33 33 33 33 33 33 33 33 33 33 33 33 33 33 33 33 33 33 33 33 33 33 33 33 33 89 66 69 66 65 85 64 63 64 76 63 64 92 75 A7 63 65 33 33 33 33 33 37 33 37 33 33 33 40 33 33 33 17 3D 37 33 33 33 33 33 33 33 33 33 33 33 33 33 81 55 A5 60 9F A5 81 0D 3B 40 33 33 33 17 3D 37 33 33 33 33 33 36 55 A5 60 9F A5 83 55 33 93 7F 63 64 33 33 33 33 33 33 33 33 33 33 33 33 33 33 33 33 33 33 33 33 33 33 33 33 33 33 33 33 33 33 33 33 89 66 69 66 65 85 64 63 64 76 63 64 92 75 A7 63 65 33 33 33 33 33 37 33 37 33 33 33 40 33 33 33 97 5E 38 33 33 33 33 33 33 33 33 33 33 33 33 33 EC 55 A5 60 9F A5 81 0D 3B 40 33 33 33 97 5E 38 33 33 33 33 33 0E 55 A5 60 9F A5 83 55 33 93 7F 63 64 33 33 33 33 33 33 33 33 33 33 33 33 33 33 33 33 33 33 33 33 33 33 33 33 33 33 33 33 33 33 33 33 89 66 69 66 65 85 64 63 64 76 63 64 92 75 A7 63 65 33 33 33 33 33 37 33 36 33 33 33 42 33 33 33 B3 BB 33 33 33 33 33 33 33 33 33 33 33 33 33 33 9B 55 A5 60 9F A5 81 0D 3B 42 33 33 33 B3 BB 33 33 33 33 33 33 DB 55 A5 60 9F A5 83 55 33 93 7F 63 64 33 33 33 33 33 33 33 33 33 33 33 33 33 33 33 33 33 33 33 33 33 33 33 33 33 33 33 33 33 33 33 33 89 66 69 66 65 85 64 63 64 76 63 64 92 75 A7 63 65 33 33 33 33 33 37 33 37 33 33 33 42 33 33 33 65 43 36 33 33 33 33 33 33 33 33 33 33 33 33 33 86 55 A5 60 9F A5 81 0D 3B 42 33 33 33 65 43 36 33 33 33 33 33 E9 55 A5 60 9F A5 83 55 33 93 7F 63 64 33 33 33 33 33 33 33 33 33 33 33 33 33 33 33 33 33 33 33 33 33 33 33 33 33 33 33 33 33 33 33 33 89 66 69 66 65 85 64 63 64 76 63 64 92 75 A7 63 65 33 33 33 33 33 37 33 37 33 33 33 42 33 33 33 E5 45 35 33 33 33 33 33 33 33 33 33 33 33 33 33 F8 55 A5 60 9F A5 81 0D 3B 42 33 33 33 E5 45 35 33 33 33 33 33 61 55 A5 60 9F A5 83 55 33 93 7F 63 64 33 33 33 33 33 33 33 33 33 33 33 33 33 33 33 33 33 33 33 33 33 33 33 33 33 33 33 33 33 33 33 33 89 66 69 66 65 85 64 63 64 76 63 64 92 75 A7 63 65 33 33 33 33 33 37 33 37 33 33 33 42 33 33 33 E5 DF 37 33 33 33 33 33 33 33 33 33 33 33 33 33 4A 55 A5 60 9F A5 81 0D 3B 42 33 33 33 E5 DF 37 33 33 33 33 33 09 55 A5 60 9F A5 83 55 33 93 7F 63 64 33 33 33 33 33 33 33 33 33 33 33 33 33 33 33 33 33 33 33 33 33 33 33 33 33 33 33 33 33 33 33 33 89 66 69 66 65 85 64 63 64 76 63 64 92 75 A7 63 65 33 33 33 33 33 37 33 37 33 33 33 42 33 33 33 65 BC 33 33 33 33 33 33 33 33 33 33 33 33 33 33 B6 55 A5 60 9F A5 81 0D 3B 42 33 33 33 65 BC 33 33 33 33 33 33 6D 55
[2025-09-01 10:03:39.424] [DEBUG] 数据解析成功:
[2025-09-01 10:03:39.424] [INFO]   ID: 0x60
  命令: 0x83 (读)
  寄存器地址: 0x00
  寄存器数量: 0
[2025-09-01 10:03:39.474] [INFO] [循环 1/1] 发送 OK
[2025-09-01 10:03:39.994] [INFO] 已保存结果: reports\2025-09-01_10-03-25\results.csv
[2025-09-01 10:03:40.017] [INFO] 已生成报告: reports\2025-09-01_10-03-25\report.html
[2025-09-01 10:03:40.049] [DEBUG] 串口已关闭
[2025-09-01 10:03:40.065] [INFO] 程序结束
