[2025-09-03 11:02:55.981] [INFO] 初始化 BLE 协议通信...
[2025-09-03 11:02:57.615] [INFO] 加载用例 31 条 来自: testcases.xlsx
[2025-09-03 11:02:57.663] [INFO] ==== 执行用例 #2302 ====
[2025-09-03 11:02:57.663] [INFO] 参数: {'screen_on': 1, 'brightness': 1, 'digital': 0, 'logo': 0, 'rim_state': 1, 'rdygo': 1, 'turn_left': 0, 'turn_right': 2, 'ring': 0} | 备注: nan
[2025-09-03 11:02:57.679] [DEBUG] 修改后的LED显示信息:
[2025-09-03 11:02:57.695] [INFO]   屏幕状态: 开
  亮度级别: 1
  数字显示: 0
  LOGO状态: 0 (0关, 1白, 2红)
  护盾状态: 1 (0关, 1白, 2绿)
  ReadyGo状态: 1 (0关, 1白, 2红)
  左转向灯: 0 (0关, 1白, 2橙)
  右转向灯: 2 (0关, 1白, 2橙)
  灯环状态: 0 (0关, 1蓝, 2红)
[2025-09-03 11:02:57.711] [DEBUG] 组包成功，数据长度: 21 字节
[2025-09-03 11:02:57.711] [DEBUG] 发送数据: A5 60 9F A5 03 0D 3B 36 33 33 33 33 3D 34 33 33 33 33 33 BA 55
[2025-09-03 11:02:58.746] [DEBUG] 接收数据: A5 60 9F A5 83 55 33 93 7F 63 64 33 33 33 33 33 33 33 33 33 33 33 33 33 33 33 33 33 33 33 33 33 33 33 33 33 33 33 33 33 33 33 33 89 66 69 66 65 85 64 63 64 76 63 64 92 75 A7 63 65 33 33 33 33 33 33 33 38 33 33 33 36 33 33 33 33 3D 34 33 33 33 33 33 33 33 33 33 33 33 33 33 90 55
[2025-09-03 11:02:58.807] [DEBUG] 数据解析成功:
[2025-09-03 11:02:58.823] [INFO]   ID: 0x60
  命令: 0x83 (读)
  寄存器地址: 0x00
  寄存器数量: 0
[2025-09-03 11:02:58.839] [DEBUG] 组包成功，数据长度: 21 字节
[2025-09-03 11:02:58.855] [DEBUG] 发送数据: A5 60 9F A5 01 0D 3B 36 33 33 33 33 3D 34 33 33 33 33 33 FD 55
[2025-09-03 11:02:59.893] [DEBUG] 接收数据: A5 60 9F A5 81 0D 3B 36 33 33 33 33 3D 34 33 33 33 33 33 CA 55
[2025-09-03 11:03:00.004] [DEBUG] 数据解析成功:
[2025-09-03 11:03:00.020] [INFO]   ID: 0x60
  命令: 0x81 (读)
  寄存器地址: 0x08
  寄存器数量: 0
[2025-09-03 11:03:00.052] [INFO] 
全局变量中的LED显示信息已更新:
[2025-09-03 11:03:00.083] [INFO]   屏幕状态: 开
  亮度级别: 1
  数字显示: 0
  LOGO状态: 0 (0关, 1白, 2红)
  护盾状态: 1 (0关, 1白, 2绿)
  ReadyGo状态: 1 (0关, 1白, 2红)
  左转向灯: 0 (0关, 1白, 2橙)
  右转向灯: 2 (0关, 1白, 2橙)
  灯环状态: 0 (0关, 1蓝, 2红)
[2025-09-03 11:03:00.116] [INFO] 结果: PASS | 用时: 2.453s
[2025-09-03 11:03:00.342] [INFO] ==== 执行用例 #2638 ====
[2025-09-03 11:03:00.405] [INFO] 参数: {'screen_on': 1, 'brightness': 1, 'digital': 0, 'logo': 1, 'rim_state': 2, 'rdygo': 1, 'turn_left': 2, 'turn_right': 0, 'ring': 0} | 备注: nan
[2025-09-03 11:03:00.453] [DEBUG] 修改后的LED显示信息:
[2025-09-03 11:03:00.468] [INFO]   屏幕状态: 开
  亮度级别: 1
  数字显示: 0
  LOGO状态: 1 (0关, 1白, 2红)
  护盾状态: 2 (0关, 1白, 2绿)
  ReadyGo状态: 1 (0关, 1白, 2红)
  左转向灯: 2 (0关, 1白, 2橙)
  右转向灯: 0 (0关, 1白, 2橙)
  灯环状态: 0 (0关, 1蓝, 2红)
[2025-09-03 11:03:00.487] [DEBUG] 组包成功，数据长度: 21 字节
[2025-09-03 11:03:00.500] [DEBUG] 发送数据: A5 60 9F A5 03 0D 3B 36 33 33 33 B3 7F 33 33 33 33 33 33 6F 55
[2025-09-03 11:03:01.521] [DEBUG] 接收数据: A5 60 9F A5 83 55 33 93 7F 63 64 33 33 33 33 33 33 33 33 33 33 33 33 33 33 33 33 33 33 33 33 33 33 33 33 33 33 33 33 33 33 33 33 89 66 69 66 65 85 64 63 64 76 63 64 92 75 A7 63 65 33 33 33 33 33 33 33 38 33 33 33 36 33 33 33 B3 7F 33 33 33 33 33 33 33 33 33 33 33 33 33 33 EA 55
[2025-09-03 11:03:01.573] [DEBUG] 数据解析成功:
[2025-09-03 11:03:01.589] [INFO]   ID: 0x60
  命令: 0x83 (读)
  寄存器地址: 0x00
  寄存器数量: 0
[2025-09-03 11:03:01.620] [DEBUG] 组包成功，数据长度: 21 字节
[2025-09-03 11:03:01.636] [DEBUG] 发送数据: A5 60 9F A5 01 0D 3B 36 33 33 33 B3 7F 33 33 33 33 33 33 28 55
[2025-09-03 11:03:02.672] [DEBUG] 接收数据: A5 60 9F A5 81 0D 3B 36 33 33 33 B3 7F 33 33 33 33 33 33 1F 55
[2025-09-03 11:03:02.721] [DEBUG] 数据解析成功:
[2025-09-03 11:03:02.737] [INFO]   ID: 0x60
  命令: 0x81 (读)
  寄存器地址: 0x08
  寄存器数量: 0
[2025-09-03 11:03:02.769] [INFO] 
全局变量中的LED显示信息已更新:
[2025-09-03 11:03:02.794] [INFO]   屏幕状态: 开
  亮度级别: 1
  数字显示: 0
  LOGO状态: 1 (0关, 1白, 2红)
  护盾状态: 2 (0关, 1白, 2绿)
  ReadyGo状态: 1 (0关, 1白, 2红)
  左转向灯: 2 (0关, 1白, 2橙)
  右转向灯: 0 (0关, 1白, 2橙)
  灯环状态: 0 (0关, 1蓝, 2红)
[2025-09-03 11:03:02.817] [INFO] 结果: PASS | 用时: 2.475s
[2025-09-03 11:03:03.027] [INFO] ==== 执行用例 #2677 ====
[2025-09-03 11:03:03.073] [INFO] 参数: {'screen_on': 1, 'brightness': 1, 'digital': 0, 'logo': 2, 'rim_state': 0, 'rdygo': 0, 'turn_left': 0, 'turn_right': 1, 'ring': 0} | 备注: nan
[2025-09-03 11:03:03.105] [DEBUG] 修改后的LED显示信息:
[2025-09-03 11:03:03.121] [INFO]   屏幕状态: 开
  亮度级别: 1
  数字显示: 0
  LOGO状态: 2 (0关, 1白, 2红)
  护盾状态: 0 (0关, 1白, 2绿)
  ReadyGo状态: 0 (0关, 1白, 2红)
  左转向灯: 0 (0关, 1白, 2橙)
  右转向灯: 1 (0关, 1白, 2橙)
  灯环状态: 0 (0关, 1蓝, 2红)
[2025-09-03 11:03:03.137] [DEBUG] 组包成功，数据长度: 21 字节
[2025-09-03 11:03:03.153] [DEBUG] 发送数据: A5 60 9F A5 03 0D 3B 36 33 33 33 33 B4 33 33 33 33 33 33 DE 55
[2025-09-03 11:03:04.172] [DEBUG] 接收数据: A5 60 9F A5 83 55 33 93 7F 63 64 33 33 33 33 33 33 33 33 33 33 33 33 33 33 33 33 33 33 33 33 33 33 33 33 33 33 33 33 33 33 33 33 89 66 69 66 65 85 64 63 64 76 63 64 92 75 A7 63 65 33 33 33 33 33 33 33 38 33 33 33 36 33 33 33 33 B4 33 33 33 33 33 33 33 33 33 33 33 33 33 33 BB 55
[2025-09-03 11:03:04.222] [DEBUG] 数据解析成功:
[2025-09-03 11:03:04.238] [INFO]   ID: 0x60
  命令: 0x83 (读)
  寄存器地址: 0x00
  寄存器数量: 0
[2025-09-03 11:03:04.254] [DEBUG] 组包成功，数据长度: 21 字节
[2025-09-03 11:03:04.269] [DEBUG] 发送数据: A5 60 9F A5 01 0D 3B 36 33 33 33 33 B4 33 33 33 33 33 33 99 55
[2025-09-03 11:03:05.312] [DEBUG] 接收数据: A5 60 9F A5 81 0D 3B 36 33 33 33 33 B4 33 33 33 33 33 33 AE 55
[2025-09-03 11:03:05.358] [DEBUG] 数据解析成功:
[2025-09-03 11:03:05.378] [INFO]   ID: 0x60
  命令: 0x81 (读)
  寄存器地址: 0x08
  寄存器数量: 0
[2025-09-03 11:03:05.404] [INFO] 
全局变量中的LED显示信息已更新:
[2025-09-03 11:03:05.419] [INFO]   屏幕状态: 开
  亮度级别: 1
  数字显示: 0
  LOGO状态: 2 (0关, 1白, 2红)
  护盾状态: 0 (0关, 1白, 2绿)
  ReadyGo状态: 0 (0关, 1白, 2红)
  左转向灯: 0 (0关, 1白, 2橙)
  右转向灯: 1 (0关, 1白, 2橙)
  灯环状态: 0 (0关, 1蓝, 2红)
[2025-09-03 11:03:05.441] [INFO] 结果: PASS | 用时: 2.414s
[2025-09-03 11:03:05.658] [INFO] ==== 执行用例 #3000 ====
[2025-09-03 11:03:05.709] [INFO] 参数: {'screen_on': 1, 'brightness': 1, 'digital': 50, 'logo': 0, 'rim_state': 1, 'rdygo': 0, 'turn_left': 0, 'turn_right': 0, 'ring': 2} | 备注: nan
[2025-09-03 11:03:05.741] [DEBUG] 修改后的LED显示信息:
[2025-09-03 11:03:05.757] [INFO]   屏幕状态: 开
  亮度级别: 1
  数字显示: 50
  LOGO状态: 0 (0关, 1白, 2红)
  护盾状态: 1 (0关, 1白, 2绿)
  ReadyGo状态: 0 (0关, 1白, 2红)
  左转向灯: 0 (0关, 1白, 2橙)
  右转向灯: 0 (0关, 1白, 2橙)
  灯环状态: 2 (0关, 1蓝, 2红)
[2025-09-03 11:03:05.775] [DEBUG] 组包成功，数据长度: 21 字节
[2025-09-03 11:03:05.785] [DEBUG] 发送数据: A5 60 9F A5 03 0D 3B 36 33 33 33 65 35 37 33 33 33 33 33 6A 55
[2025-09-03 11:03:05.805] [DEBUG] 接收数据超时
[2025-09-03 11:03:05.822] [DEBUG] 组包成功，数据长度: 21 字节
[2025-09-03 11:03:05.829] [DEBUG] 发送数据: A5 60 9F A5 01 0D 3B 36 33 33 33 65 35 37 33 33 33 33 33 2D 55
[2025-09-03 11:03:05.852] [DEBUG] 接收数据超时
[2025-09-03 11:03:05.860] [INFO] 结果: FAIL | 用时: 0.202s
[2025-09-03 11:03:05.871] [INFO] ==== 执行用例 #5106 ====
[2025-09-03 11:03:05.879] [INFO] 参数: {'screen_on': 1, 'brightness': 2, 'digital': 50, 'logo': 0, 'rim_state': 0, 'rdygo': 0, 'turn_left': 0, 'turn_right': 0, 'ring': 2} | 备注: nan
[2025-09-03 11:03:05.911] [DEBUG] 修改后的LED显示信息:
[2025-09-03 11:03:05.924] [INFO]   屏幕状态: 开
  亮度级别: 2
  数字显示: 50
  LOGO状态: 0 (0关, 1白, 2红)
  护盾状态: 0 (0关, 1白, 2绿)
  ReadyGo状态: 0 (0关, 1白, 2红)
  左转向灯: 0 (0关, 1白, 2橙)
  右转向灯: 0 (0关, 1白, 2橙)
  灯环状态: 2 (0关, 1蓝, 2红)
[2025-09-03 11:03:05.948] [DEBUG] 组包成功，数据长度: 21 字节
[2025-09-03 11:03:05.957] [DEBUG] 发送数据: A5 60 9F A5 03 0D 3B 38 33 33 33 65 33 37 33 33 33 33 33 FC 55
[2025-09-03 11:03:05.984] [DEBUG] 接收数据超时
[2025-09-03 11:03:05.997] [DEBUG] 组包成功，数据长度: 21 字节
[2025-09-03 11:03:06.011] [DEBUG] 发送数据: A5 60 9F A5 01 0D 3B 38 33 33 33 65 33 37 33 33 33 33 33 BB 55
[2025-09-03 11:03:06.032] [DEBUG] 接收数据超时
[2025-09-03 11:03:06.043] [INFO] 结果: FAIL | 用时: 0.172s
[2025-09-03 11:03:06.050] [INFO] ==== 执行用例 #6739 ====
[2025-09-03 11:03:06.061] [INFO] 参数: {'screen_on': 1, 'brightness': 3, 'digital': 0, 'logo': 0, 'rim_state': 2, 'rdygo': 0, 'turn_left': 1, 'turn_right': 2, 'ring': 0} | 备注: nan
[2025-09-03 11:03:06.095] [DEBUG] 修改后的LED显示信息:
[2025-09-03 11:03:06.106] [INFO]   屏幕状态: 开
  亮度级别: 3
  数字显示: 0
  LOGO状态: 0 (0关, 1白, 2红)
  护盾状态: 2 (0关, 1白, 2绿)
  ReadyGo状态: 0 (0关, 1白, 2红)
  左转向灯: 1 (0关, 1白, 2橙)
  右转向灯: 2 (0关, 1白, 2橙)
  灯环状态: 0 (0关, 1蓝, 2红)
[2025-09-03 11:03:06.123] [DEBUG] 组包成功，数据长度: 21 字节
[2025-09-03 11:03:06.135] [DEBUG] 发送数据: A5 60 9F A5 03 0D 3B 3A 33 33 33 33 57 34 33 33 33 33 33 E2 55
[2025-09-03 11:03:06.154] [DEBUG] 接收数据超时
[2025-09-03 11:03:06.177] [DEBUG] 组包成功，数据长度: 21 字节
[2025-09-03 11:03:06.185] [DEBUG] 发送数据: A5 60 9F A5 01 0D 3B 3A 33 33 33 33 57 34 33 33 33 33 33 A5 55
[2025-09-03 11:03:06.206] [DEBUG] 接收数据超时
[2025-09-03 11:03:06.217] [INFO] 结果: FAIL | 用时: 0.167s
[2025-09-03 11:03:06.228] [INFO] ==== 执行用例 #6924 ====
[2025-09-03 11:03:06.233] [INFO] 参数: {'screen_on': 1, 'brightness': 3, 'digital': 0, 'logo': 1, 'rim_state': 1, 'rdygo': 1, 'turn_left': 1, 'turn_right': 0, 'ring': 2} | 备注: nan
[2025-09-03 11:03:06.270] [DEBUG] 修改后的LED显示信息:
[2025-09-03 11:03:06.281] [INFO]   屏幕状态: 开
  亮度级别: 3
  数字显示: 0
  LOGO状态: 1 (0关, 1白, 2红)
  护盾状态: 1 (0关, 1白, 2绿)
  ReadyGo状态: 1 (0关, 1白, 2红)
  左转向灯: 1 (0关, 1白, 2橙)
  右转向灯: 0 (0关, 1白, 2橙)
  灯环状态: 2 (0关, 1蓝, 2红)
[2025-09-03 11:03:06.300] [DEBUG] 组包成功，数据长度: 21 字节
[2025-09-03 11:03:06.312] [DEBUG] 发送数据: A5 60 9F A5 03 0D 3B 3A 33 33 33 B3 5D 37 33 33 33 33 33 5C 55
[2025-09-03 11:03:06.328] [DEBUG] 接收数据超时
[2025-09-03 11:03:06.344] [DEBUG] 组包成功，数据长度: 21 字节
[2025-09-03 11:03:06.364] [DEBUG] 发送数据: A5 60 9F A5 01 0D 3B 3A 33 33 33 B3 5D 37 33 33 33 33 33 1B 55
[2025-09-03 11:03:06.385] [DEBUG] 接收数据超时
[2025-09-03 11:03:06.392] [INFO] 结果: FAIL | 用时: 0.164s
[2025-09-03 11:03:06.410] [INFO] ==== 执行用例 #7347 ====
[2025-09-03 11:03:06.426] [INFO] 参数: {'screen_on': 1, 'brightness': 3, 'digital': 50, 'logo': 0, 'rim_state': 0, 'rdygo': 2, 'turn_left': 0, 'turn_right': 0, 'ring': 2} | 备注: nan
[2025-09-03 11:03:06.459] [DEBUG] 修改后的LED显示信息:
[2025-09-03 11:03:06.471] [INFO]   屏幕状态: 开
  亮度级别: 3
  数字显示: 50
  LOGO状态: 0 (0关, 1白, 2红)
  护盾状态: 0 (0关, 1白, 2绿)
  ReadyGo状态: 2 (0关, 1白, 2红)
  左转向灯: 0 (0关, 1白, 2橙)
  右转向灯: 0 (0关, 1白, 2橙)
  灯环状态: 2 (0关, 1蓝, 2红)
[2025-09-03 11:03:06.491] [DEBUG] 组包成功，数据长度: 21 字节
[2025-09-03 11:03:06.504] [DEBUG] 发送数据: A5 60 9F A5 03 0D 3B 3A 33 33 33 65 43 37 33 33 33 33 33 4C 55
[2025-09-03 11:03:06.527] [DEBUG] 接收数据超时
[2025-09-03 11:03:06.534] [DEBUG] 组包成功，数据长度: 21 字节
[2025-09-03 11:03:06.553] [DEBUG] 发送数据: A5 60 9F A5 01 0D 3B 3A 33 33 33 65 43 37 33 33 33 33 33 0B 55
[2025-09-03 11:03:06.566] [DEBUG] 接收数据超时
[2025-09-03 11:03:06.582] [INFO] 结果: FAIL | 用时: 0.172s
[2025-09-03 11:03:06.582] [INFO] ==== 执行用例 #7548 ====
[2025-09-03 11:03:06.606] [INFO] 参数: {'screen_on': 1, 'brightness': 3, 'digital': 50, 'logo': 1, 'rim_state': 0, 'rdygo': 0, 'turn_left': 1, 'turn_right': 1, 'ring': 2} | 备注: nan
[2025-09-03 11:03:06.630] [DEBUG] 修改后的LED显示信息:
[2025-09-03 11:03:06.652] [INFO]   屏幕状态: 开
  亮度级别: 3
  数字显示: 50
  LOGO状态: 1 (0关, 1白, 2红)
  护盾状态: 0 (0关, 1白, 2绿)
  ReadyGo状态: 0 (0关, 1白, 2红)
  左转向灯: 1 (0关, 1白, 2橙)
  右转向灯: 1 (0关, 1白, 2橙)
  灯环状态: 2 (0关, 1蓝, 2红)
[2025-09-03 11:03:06.678] [DEBUG] 组包成功，数据长度: 21 字节
[2025-09-03 11:03:06.689] [DEBUG] 发送数据: A5 60 9F A5 03 0D 3B 3A 33 33 33 E5 D3 37 33 33 33 33 33 C8 55
[2025-09-03 11:03:06.710] [DEBUG] 接收数据超时
[2025-09-03 11:03:06.728] [DEBUG] 组包成功，数据长度: 21 字节
[2025-09-03 11:03:06.738] [DEBUG] 发送数据: A5 60 9F A5 01 0D 3B 3A 33 33 33 E5 D3 37 33 33 33 33 33 8F 55
[2025-09-03 11:03:06.757] [DEBUG] 接收数据超时
[2025-09-03 11:03:06.773] [INFO] 结果: FAIL | 用时: 0.191s
[2025-09-03 11:03:06.785] [INFO] ==== 执行用例 #7975 ====
[2025-09-03 11:03:06.793] [INFO] 参数: {'screen_on': 1, 'brightness': 3, 'digital': 50, 'logo': 2, 'rim_state': 2, 'rdygo': 1, 'turn_left': 1, 'turn_right': 0, 'ring': 0} | 备注: nan
[2025-09-03 11:03:06.824] [DEBUG] 修改后的LED显示信息:
[2025-09-03 11:03:06.836] [INFO]   屏幕状态: 开
  亮度级别: 3
  数字显示: 50
  LOGO状态: 2 (0关, 1白, 2红)
  护盾状态: 2 (0关, 1白, 2绿)
  ReadyGo状态: 1 (0关, 1白, 2红)
  左转向灯: 1 (0关, 1白, 2橙)
  右转向灯: 0 (0关, 1白, 2橙)
  灯环状态: 0 (0关, 1蓝, 2红)
[2025-09-03 11:03:06.867] [DEBUG] 组包成功，数据长度: 21 字节
[2025-09-03 11:03:06.867] [DEBUG] 发送数据: A5 60 9F A5 03 0D 3B 3A 33 33 33 65 60 33 33 33 33 33 33 D7 55
[2025-09-03 11:03:06.904] [DEBUG] 接收数据超时
[2025-09-03 11:03:06.916] [DEBUG] 组包成功，数据长度: 21 字节
[2025-09-03 11:03:06.926] [DEBUG] 发送数据: A5 60 9F A5 01 0D 3B 3A 33 33 33 65 60 33 33 33 33 33 33 90 55
[2025-09-03 11:03:06.947] [DEBUG] 接收数据超时
[2025-09-03 11:03:06.957] [INFO] 结果: FAIL | 用时: 0.173s
[2025-09-03 11:03:06.963] [INFO] ==== 执行用例 #8146 ====
[2025-09-03 11:03:06.979] [INFO] 参数: {'screen_on': 1, 'brightness': 3, 'digital': 100, 'logo': 0, 'rim_state': 1, 'rdygo': 1, 'turn_left': 2, 'turn_right': 0, 'ring': 0} | 备注: nan
[2025-09-03 11:03:07.010] [DEBUG] 修改后的LED显示信息:
[2025-09-03 11:03:07.022] [INFO]   屏幕状态: 开
  亮度级别: 3
  数字显示: 100
  LOGO状态: 0 (0关, 1白, 2红)
  护盾状态: 1 (0关, 1白, 2绿)
  ReadyGo状态: 1 (0关, 1白, 2红)
  左转向灯: 2 (0关, 1白, 2橙)
  右转向灯: 0 (0关, 1白, 2橙)
  灯环状态: 0 (0关, 1蓝, 2红)
[2025-09-03 11:03:07.042] [DEBUG] 组包成功，数据长度: 21 字节
[2025-09-03 11:03:07.052] [DEBUG] 发送数据: A5 60 9F A5 03 0D 3B 3A 33 33 33 97 7D 33 33 33 33 33 33 04 55
[2025-09-03 11:03:07.074] [DEBUG] 接收数据超时
[2025-09-03 11:03:07.090] [DEBUG] 组包成功，数据长度: 21 字节
[2025-09-03 11:03:07.098] [DEBUG] 发送数据: A5 60 9F A5 01 0D 3B 3A 33 33 33 97 7D 33 33 33 33 33 33 43 55
[2025-09-03 11:03:07.121] [DEBUG] 接收数据超时
[2025-09-03 11:03:07.132] [INFO] 结果: FAIL | 用时: 0.170s
[2025-09-03 11:03:07.141] [INFO] ==== 执行用例 #9520 ====
[2025-09-03 11:03:07.153] [INFO] 参数: {'screen_on': 1, 'brightness': 4, 'digital': 50, 'logo': 0, 'rim_state': 0, 'rdygo': 1, 'turn_left': 1, 'turn_right': 2, 'ring': 0} | 备注: nan
[2025-09-03 11:03:07.184] [DEBUG] 修改后的LED显示信息:
[2025-09-03 11:03:07.196] [INFO]   屏幕状态: 开
  亮度级别: 4
  数字显示: 50
  LOGO状态: 0 (0关, 1白, 2红)
  护盾状态: 0 (0关, 1白, 2绿)
  ReadyGo状态: 1 (0关, 1白, 2红)
  左转向灯: 1 (0关, 1白, 2橙)
  右转向灯: 2 (0关, 1白, 2橙)
  灯环状态: 0 (0关, 1蓝, 2红)
[2025-09-03 11:03:07.216] [DEBUG] 组包成功，数据长度: 21 字节
[2025-09-03 11:03:07.221] [DEBUG] 发送数据: A5 60 9F A5 03 0D 3B 3C 33 33 33 65 5B 34 33 33 33 33 33 67 55
[2025-09-03 11:03:07.248] [DEBUG] 接收数据超时
[2025-09-03 11:03:07.264] [DEBUG] 组包成功，数据长度: 21 字节
[2025-09-03 11:03:07.264] [DEBUG] 发送数据: A5 60 9F A5 01 0D 3B 3C 33 33 33 65 5B 34 33 33 33 33 33 20 55
[2025-09-03 11:03:07.297] [DEBUG] 接收数据超时
[2025-09-03 11:03:07.305] [INFO] 结果: FAIL | 用时: 0.164s
[2025-09-03 11:03:07.317] [INFO] ==== 执行用例 #9922 ====
[2025-09-03 11:03:07.326] [INFO] 参数: {'screen_on': 1, 'brightness': 4, 'digital': 50, 'logo': 1, 'rim_state': 2, 'rdygo': 1, 'turn_left': 1, 'turn_right': 1, 'ring': 0} | 备注: nan
[2025-09-03 11:03:07.359] [DEBUG] 修改后的LED显示信息:
[2025-09-03 11:03:07.370] [INFO]   屏幕状态: 开
  亮度级别: 4
  数字显示: 50
  LOGO状态: 1 (0关, 1白, 2红)
  护盾状态: 2 (0关, 1白, 2绿)
  ReadyGo状态: 1 (0关, 1白, 2红)
  左转向灯: 1 (0关, 1白, 2橙)
  右转向灯: 1 (0关, 1白, 2橙)
  灯环状态: 0 (0关, 1蓝, 2红)
[2025-09-03 11:03:07.389] [DEBUG] 组包成功，数据长度: 21 字节
[2025-09-03 11:03:07.400] [DEBUG] 发送数据: A5 60 9F A5 03 0D 3B 3C 33 33 33 E5 DF 33 33 33 33 33 33 1A 55
[2025-09-03 11:03:07.421] [DEBUG] 接收数据超时
[2025-09-03 11:03:07.437] [DEBUG] 组包成功，数据长度: 21 字节
[2025-09-03 11:03:07.448] [DEBUG] 发送数据: A5 60 9F A5 01 0D 3B 3C 33 33 33 E5 DF 33 33 33 33 33 33 5D 55
[2025-09-03 11:03:07.470] [DEBUG] 接收数据超时
[2025-09-03 11:03:07.479] [INFO] 结果: FAIL | 用时: 0.162s
[2025-09-03 11:03:07.488] [INFO] ==== 执行用例 #10023 ====
[2025-09-03 11:03:07.495] [INFO] 参数: {'screen_on': 1, 'brightness': 4, 'digital': 50, 'logo': 2, 'rim_state': 0, 'rdygo': 2, 'turn_left': 0, 'turn_right': 1, 'ring': 2} | 备注: nan
[2025-09-03 11:03:07.532] [DEBUG] 修改后的LED显示信息:
[2025-09-03 11:03:07.541] [INFO]   屏幕状态: 开
  亮度级别: 4
  数字显示: 50
  LOGO状态: 2 (0关, 1白, 2红)
  护盾状态: 0 (0关, 1白, 2绿)
  ReadyGo状态: 2 (0关, 1白, 2红)
  左转向灯: 0 (0关, 1白, 2橙)
  右转向灯: 1 (0关, 1白, 2橙)
  灯环状态: 2 (0关, 1蓝, 2红)
[2025-09-03 11:03:07.559] [DEBUG] 组包成功，数据长度: 21 字节
[2025-09-03 11:03:07.564] [DEBUG] 发送数据: A5 60 9F A5 03 0D 3B 3C 33 33 33 65 C4 37 33 33 33 33 33 85 55
[2025-09-03 11:03:07.596] [DEBUG] 接收数据超时
[2025-09-03 11:03:07.605] [DEBUG] 组包成功，数据长度: 21 字节
[2025-09-03 11:03:07.619] [DEBUG] 发送数据: A5 60 9F A5 01 0D 3B 3C 33 33 33 65 C4 37 33 33 33 33 33 C2 55
[2025-09-03 11:03:07.639] [DEBUG] 接收数据超时
[2025-09-03 11:03:07.650] [INFO] 结果: FAIL | 用时: 0.161s
[2025-09-03 11:03:07.659] [INFO] ==== 执行用例 #10068 ====
[2025-09-03 11:03:07.668] [INFO] 参数: {'screen_on': 1, 'brightness': 4, 'digital': 50, 'logo': 2, 'rim_state': 1, 'rdygo': 0, 'turn_left': 2, 'turn_right': 1, 'ring': 2} | 备注: nan
[2025-09-03 11:03:07.700] [DEBUG] 修改后的LED显示信息:
[2025-09-03 11:03:07.711] [INFO]   屏幕状态: 开
  亮度级别: 4
  数字显示: 50
  LOGO状态: 2 (0关, 1白, 2红)
  护盾状态: 1 (0关, 1白, 2绿)
  ReadyGo状态: 0 (0关, 1白, 2红)
  左转向灯: 2 (0关, 1白, 2橙)
  右转向灯: 1 (0关, 1白, 2橙)
  灯环状态: 2 (0关, 1蓝, 2红)
[2025-09-03 11:03:07.729] [DEBUG] 组包成功，数据长度: 21 字节
[2025-09-03 11:03:07.739] [DEBUG] 发送数据: A5 60 9F A5 03 0D 3B 3C 33 33 33 65 F6 37 33 33 33 33 33 C9 55
[2025-09-03 11:03:07.756] [DEBUG] 接收数据超时
[2025-09-03 11:03:07.770] [DEBUG] 组包成功，数据长度: 21 字节
[2025-09-03 11:03:07.786] [DEBUG] 发送数据: A5 60 9F A5 01 0D 3B 3C 33 33 33 65 F6 37 33 33 33 33 33 8E 55
[2025-09-03 11:03:07.806] [DEBUG] 接收数据超时
[2025-09-03 11:03:07.822] [INFO] 结果: FAIL | 用时: 0.163s
[2025-09-03 11:03:07.834] [INFO] ==== 执行用例 #10282 ====
[2025-09-03 11:03:07.852] [INFO] 参数: {'screen_on': 1, 'brightness': 4, 'digital': 100, 'logo': 0, 'rim_state': 0, 'rdygo': 2, 'turn_left': 2, 'turn_right': 1, 'ring': 0} | 备注: nan
[2025-09-03 11:03:07.883] [DEBUG] 修改后的LED显示信息:
[2025-09-03 11:03:07.897] [INFO]   屏幕状态: 开
  亮度级别: 4
  数字显示: 100
  LOGO状态: 0 (0关, 1白, 2红)
  护盾状态: 0 (0关, 1白, 2绿)
  ReadyGo状态: 2 (0关, 1白, 2红)
  左转向灯: 2 (0关, 1白, 2橙)
  右转向灯: 1 (0关, 1白, 2橙)
  灯环状态: 0 (0关, 1蓝, 2红)
[2025-09-03 11:03:07.913] [DEBUG] 组包成功，数据长度: 21 字节
[2025-09-03 11:03:07.913] [DEBUG] 发送数据: A5 60 9F A5 03 0D 3B 3C 33 33 33 97 03 33 33 33 33 33 33 D5 55
[2025-09-03 11:03:07.949] [DEBUG] 接收数据超时
[2025-09-03 11:03:07.961] [DEBUG] 组包成功，数据长度: 21 字节
[2025-09-03 11:03:07.977] [DEBUG] 发送数据: A5 60 9F A5 01 0D 3B 3C 33 33 33 97 03 33 33 33 33 33 33 92 55
[2025-09-03 11:03:07.992] [DEBUG] 接收数据超时
[2025-09-03 11:03:08.010] [INFO] 结果: FAIL | 用时: 0.176s
[2025-09-03 11:03:08.016] [INFO] ==== 执行用例 #10509 ====
[2025-09-03 11:03:08.031] [INFO] 参数: {'screen_on': 1, 'brightness': 4, 'digital': 100, 'logo': 1, 'rim_state': 0, 'rdygo': 2, 'turn_left': 0, 'turn_right': 1, 'ring': 2} | 备注: nan
[2025-09-03 11:03:08.066] [DEBUG] 修改后的LED显示信息:
[2025-09-03 11:03:08.071] [INFO]   屏幕状态: 开
  亮度级别: 4
  数字显示: 100
  LOGO状态: 1 (0关, 1白, 2红)
  护盾状态: 0 (0关, 1白, 2绿)
  ReadyGo状态: 2 (0关, 1白, 2红)
  左转向灯: 0 (0关, 1白, 2橙)
  右转向灯: 1 (0关, 1白, 2橙)
  灯环状态: 2 (0关, 1蓝, 2红)
[2025-09-03 11:03:08.090] [DEBUG] 组包成功，数据长度: 21 字节
[2025-09-03 11:03:08.110] [DEBUG] 发送数据: A5 60 9F A5 03 0D 3B 3C 33 33 33 17 C3 37 33 33 33 33 33 56 55
[2025-09-03 11:03:08.135] [DEBUG] 接收数据超时
[2025-09-03 11:03:08.146] [DEBUG] 组包成功，数据长度: 21 字节
[2025-09-03 11:03:08.151] [DEBUG] 发送数据: A5 60 9F A5 01 0D 3B 3C 33 33 33 17 C3 37 33 33 33 33 33 11 55
[2025-09-03 11:03:08.183] [DEBUG] 接收数据超时
[2025-09-03 11:03:08.193] [INFO] 结果: FAIL | 用时: 0.177s
[2025-09-03 11:03:08.203] [INFO] ==== 执行用例 #11108 ====
[2025-09-03 11:03:08.207] [INFO] 参数: {'screen_on': 1, 'brightness': 5, 'digital': 0, 'logo': 0, 'rim_state': 2, 'rdygo': 0, 'turn_left': 1, 'turn_right': 0, 'ring': 1} | 备注: nan
[2025-09-03 11:03:08.244] [DEBUG] 修改后的LED显示信息:
[2025-09-03 11:03:08.256] [INFO]   屏幕状态: 开
  亮度级别: 5
  数字显示: 0
  LOGO状态: 0 (0关, 1白, 2红)
  护盾状态: 2 (0关, 1白, 2绿)
  ReadyGo状态: 0 (0关, 1白, 2红)
  左转向灯: 1 (0关, 1白, 2橙)
  右转向灯: 0 (0关, 1白, 2橙)
  灯环状态: 1 (0关, 1蓝, 2红)
[2025-09-03 11:03:08.271] [DEBUG] 组包成功，数据长度: 21 字节
[2025-09-03 11:03:08.287] [DEBUG] 发送数据: A5 60 9F A5 03 0D 3B 3E 33 33 33 33 57 35 33 33 33 33 33 6E 55
[2025-09-03 11:03:08.310] [DEBUG] 接收数据超时
[2025-09-03 11:03:08.325] [DEBUG] 组包成功，数据长度: 21 字节
[2025-09-03 11:03:08.325] [DEBUG] 发送数据: A5 60 9F A5 01 0D 3B 3E 33 33 33 33 57 35 33 33 33 33 33 29 55
[2025-09-03 11:03:08.359] [DEBUG] 接收数据超时
[2025-09-03 11:03:08.369] [INFO] 结果: FAIL | 用时: 0.167s
[2025-09-03 11:03:08.373] [INFO] ==== 执行用例 #11309 ====
[2025-09-03 11:03:08.389] [INFO] 参数: {'screen_on': 1, 'brightness': 5, 'digital': 0, 'logo': 1, 'rim_state': 1, 'rdygo': 1, 'turn_left': 2, 'turn_right': 1, 'ring': 1} | 备注: nan
[2025-09-03 11:03:08.421] [DEBUG] 修改后的LED显示信息:
[2025-09-03 11:03:08.437] [INFO]   屏幕状态: 开
  亮度级别: 5
  数字显示: 0
  LOGO状态: 1 (0关, 1白, 2红)
  护盾状态: 1 (0关, 1白, 2绿)
  ReadyGo状态: 1 (0关, 1白, 2红)
  左转向灯: 2 (0关, 1白, 2橙)
  右转向灯: 1 (0关, 1白, 2橙)
  灯环状态: 1 (0关, 1蓝, 2红)
[2025-09-03 11:03:08.453] [DEBUG] 组包成功，数据长度: 21 字节
[2025-09-03 11:03:08.468] [DEBUG] 发送数据: A5 60 9F A5 03 0D 3B 3E 33 33 33 B3 FD 35 33 33 33 33 33 82 55
[2025-09-03 11:03:08.492] [DEBUG] 接收数据超时
[2025-09-03 11:03:08.507] [DEBUG] 组包成功，数据长度: 21 字节
[2025-09-03 11:03:08.515] [DEBUG] 发送数据: A5 60 9F A5 01 0D 3B 3E 33 33 33 B3 FD 35 33 33 33 33 33 C5 55
[2025-09-03 11:03:08.532] [DEBUG] 接收数据超时
[2025-09-03 11:03:08.549] [INFO] 结果: FAIL | 用时: 0.176s
[2025-09-03 11:03:08.562] [INFO] ==== 执行用例 #11460 ====
[2025-09-03 11:03:08.562] [INFO] 参数: {'screen_on': 1, 'brightness': 5, 'digital': 0, 'logo': 2, 'rim_state': 0, 'rdygo': 1, 'turn_left': 1, 'turn_right': 0, 'ring': 2} | 备注: nan
[2025-09-03 11:03:08.600] [DEBUG] 修改后的LED显示信息:
[2025-09-03 11:03:08.614] [INFO]   屏幕状态: 开
  亮度级别: 5
  数字显示: 0
  LOGO状态: 2 (0关, 1白, 2红)
  护盾状态: 0 (0关, 1白, 2绿)
  ReadyGo状态: 1 (0关, 1白, 2红)
  左转向灯: 1 (0关, 1白, 2橙)
  右转向灯: 0 (0关, 1白, 2橙)
  灯环状态: 2 (0关, 1蓝, 2红)
[2025-09-03 11:03:08.635] [DEBUG] 组包成功，数据长度: 21 字节
[2025-09-03 11:03:08.645] [DEBUG] 发送数据: A5 60 9F A5 03 0D 3B 3E 33 33 33 33 5C 37 33 33 33 33 33 AD 55
[2025-09-03 11:03:08.674] [DEBUG] 接收数据超时
[2025-09-03 11:03:08.682] [DEBUG] 组包成功，数据长度: 21 字节
[2025-09-03 11:03:08.694] [DEBUG] 发送数据: A5 60 9F A5 01 0D 3B 3E 33 33 33 33 5C 37 33 33 33 33 33 EA 55
[2025-09-03 11:03:08.714] [DEBUG] 接收数据超时
[2025-09-03 11:03:08.722] [INFO] 结果: FAIL | 用时: 0.159s
[2025-09-03 11:03:08.737] [INFO] ==== 执行用例 #12960 ====
[2025-09-03 11:03:08.745] [INFO] 参数: {'screen_on': 1, 'brightness': 5, 'digital': 100, 'logo': 2, 'rim_state': 0, 'rdygo': 2, 'turn_left': 2, 'turn_right': 2, 'ring': 2} | 备注: nan
[2025-09-03 11:03:08.769] [DEBUG] 修改后的LED显示信息:
[2025-09-03 11:03:08.791] [INFO]   屏幕状态: 开
  亮度级别: 5
  数字显示: 100
  LOGO状态: 2 (0关, 1白, 2红)
  护盾状态: 0 (0关, 1白, 2绿)
  ReadyGo状态: 2 (0关, 1白, 2红)
  左转向灯: 2 (0关, 1白, 2橙)
  右转向灯: 2 (0关, 1白, 2橙)
  灯环状态: 2 (0关, 1蓝, 2红)
[2025-09-03 11:03:08.809] [DEBUG] 组包成功，数据长度: 21 字节
[2025-09-03 11:03:08.820] [DEBUG] 发送数据: A5 60 9F A5 03 0D 3B 3E 33 33 33 97 84 38 33 33 33 33 33 9E 55
[2025-09-03 11:03:08.847] [DEBUG] 接收数据超时
[2025-09-03 11:03:08.856] [DEBUG] 组包成功，数据长度: 21 字节
[2025-09-03 11:03:08.869] [DEBUG] 发送数据: A5 60 9F A5 01 0D 3B 3E 33 33 33 97 84 38 33 33 33 33 33 D9 55
[2025-09-03 11:03:08.879] [DEBUG] 接收数据超时
[2025-09-03 11:03:08.900] [INFO] 结果: FAIL | 用时: 0.163s
[2025-09-03 11:03:08.912] [INFO] ==== 执行用例 #13191 ====
[2025-09-03 11:03:08.919] [INFO] 参数: {'screen_on': 1, 'brightness': 6, 'digital': 0, 'logo': 0, 'rim_state': 0, 'rdygo': 2, 'turn_left': 1, 'turn_right': 1, 'ring': 2} | 备注: nan
[2025-09-03 11:03:08.952] [DEBUG] 修改后的LED显示信息:
[2025-09-03 11:03:08.959] [INFO]   屏幕状态: 开
  亮度级别: 6
  数字显示: 0
  LOGO状态: 0 (0关, 1白, 2红)
  护盾状态: 0 (0关, 1白, 2绿)
  ReadyGo状态: 2 (0关, 1白, 2红)
  左转向灯: 1 (0关, 1白, 2橙)
  右转向灯: 1 (0关, 1白, 2橙)
  灯环状态: 2 (0关, 1蓝, 2红)
[2025-09-03 11:03:08.984] [DEBUG] 组包成功，数据长度: 21 字节
[2025-09-03 11:03:08.992] [DEBUG] 发送数据: A5 60 9F A5 03 0D 3B 40 33 33 33 33 E3 37 33 33 33 33 33 02 55
[2025-09-03 11:03:09.022] [DEBUG] 接收数据超时
[2025-09-03 11:03:09.031] [DEBUG] 组包成功，数据长度: 21 字节
[2025-09-03 11:03:09.038] [DEBUG] 发送数据: A5 60 9F A5 01 0D 3B 40 33 33 33 33 E3 37 33 33 33 33 33 45 55
[2025-09-03 11:03:09.070] [DEBUG] 接收数据超时
[2025-09-03 11:03:09.070] [INFO] 结果: FAIL | 用时: 0.157s
[2025-09-03 11:03:09.087] [INFO] ==== 执行用例 #13602 ====
[2025-09-03 11:03:09.087] [INFO] 参数: {'screen_on': 1, 'brightness': 6, 'digital': 0, 'logo': 1, 'rim_state': 2, 'rdygo': 2, 'turn_left': 2, 'turn_right': 0, 'ring': 2} | 备注: nan
[2025-09-03 11:03:09.127] [DEBUG] 修改后的LED显示信息:
[2025-09-03 11:03:09.137] [INFO]   屏幕状态: 开
  亮度级别: 6
  数字显示: 0
  LOGO状态: 1 (0关, 1白, 2红)
  护盾状态: 2 (0关, 1白, 2绿)
  ReadyGo状态: 2 (0关, 1白, 2红)
  左转向灯: 2 (0关, 1白, 2橙)
  右转向灯: 0 (0关, 1白, 2橙)
  灯环状态: 2 (0关, 1蓝, 2红)
[2025-09-03 11:03:09.149] [DEBUG] 组包成功，数据长度: 21 字节
[2025-09-03 11:03:09.165] [DEBUG] 发送数据: A5 60 9F A5 03 0D 3B 40 33 33 33 B3 87 37 33 33 33 33 33 62 55
[2025-09-03 11:03:09.193] [DEBUG] 接收数据超时
[2025-09-03 11:03:09.197] [DEBUG] 组包成功，数据长度: 21 字节
[2025-09-03 11:03:09.215] [DEBUG] 发送数据: A5 60 9F A5 01 0D 3B 40 33 33 33 B3 87 37 33 33 33 33 33 25 55
[2025-09-03 11:03:09.236] [DEBUG] 接收数据超时
[2025-09-03 11:03:09.245] [INFO] 结果: FAIL | 用时: 0.158s
[2025-09-03 11:03:09.266] [INFO] ==== 执行用例 #14453 ====
[2025-09-03 11:03:09.272] [INFO] 参数: {'screen_on': 1, 'brightness': 6, 'digital': 50, 'logo': 2, 'rim_state': 1, 'rdygo': 1, 'turn_left': 0, 'turn_right': 2, 'ring': 1} | 备注: nan
[2025-09-03 11:03:09.304] [DEBUG] 修改后的LED显示信息:
[2025-09-03 11:03:09.317] [INFO]   屏幕状态: 开
  亮度级别: 6
  数字显示: 50
  LOGO状态: 2 (0关, 1白, 2红)
  护盾状态: 1 (0关, 1白, 2绿)
  ReadyGo状态: 1 (0关, 1白, 2红)
  左转向灯: 0 (0关, 1白, 2橙)
  右转向灯: 2 (0关, 1白, 2橙)
  灯环状态: 1 (0关, 1蓝, 2红)
[2025-09-03 11:03:09.335] [DEBUG] 组包成功，数据长度: 21 字节
[2025-09-03 11:03:09.340] [DEBUG] 发送数据: A5 60 9F A5 03 0D 3B 40 33 33 33 65 3E 36 33 33 33 33 33 D5 55
[2025-09-03 11:03:09.372] [DEBUG] 接收数据超时
[2025-09-03 11:03:09.383] [DEBUG] 组包成功，数据长度: 21 字节
[2025-09-03 11:03:09.395] [DEBUG] 发送数据: A5 60 9F A5 01 0D 3B 40 33 33 33 65 3E 36 33 33 33 33 33 92 55
[2025-09-03 11:03:09.414] [DEBUG] 接收数据超时
[2025-09-03 11:03:09.424] [INFO] 结果: FAIL | 用时: 0.158s
[2025-09-03 11:03:09.435] [INFO] ==== 执行用例 #14934 ====
[2025-09-03 11:03:09.443] [INFO] 参数: {'screen_on': 1, 'brightness': 6, 'digital': 100, 'logo': 1, 'rim_state': 1, 'rdygo': 1, 'turn_left': 0, 'turn_right': 0, 'ring': 2} | 备注: nan
[2025-09-03 11:03:09.467] [DEBUG] 修改后的LED显示信息:
[2025-09-03 11:03:09.488] [INFO]   屏幕状态: 开
  亮度级别: 6
  数字显示: 100
  LOGO状态: 1 (0关, 1白, 2红)
  护盾状态: 1 (0关, 1白, 2绿)
  ReadyGo状态: 1 (0关, 1白, 2红)
  左转向灯: 0 (0关, 1白, 2橙)
  右转向灯: 0 (0关, 1白, 2橙)
  灯环状态: 2 (0关, 1蓝, 2红)
[2025-09-03 11:03:09.508] [DEBUG] 组包成功，数据长度: 21 字节
[2025-09-03 11:03:09.519] [DEBUG] 发送数据: A5 60 9F A5 03 0D 3B 40 33 33 33 17 3D 37 33 33 33 33 33 46 55
[2025-09-03 11:03:09.547] [DEBUG] 接收数据超时
[2025-09-03 11:03:09.547] [DEBUG] 组包成功，数据长度: 21 字节
[2025-09-03 11:03:09.569] [DEBUG] 发送数据: A5 60 9F A5 01 0D 3B 40 33 33 33 17 3D 37 33 33 33 33 33 01 55
[2025-09-03 11:03:09.582] [DEBUG] 接收数据超时
[2025-09-03 11:03:09.600] [INFO] 结果: FAIL | 用时: 0.165s
[2025-09-03 11:03:09.610] [INFO] ==== 执行用例 #15192 ====
[2025-09-03 11:03:09.619] [INFO] 参数: {'screen_on': 1, 'brightness': 6, 'digital': 100, 'logo': 2, 'rim_state': 1, 'rdygo': 1, 'turn_left': 1, 'turn_right': 2, 'ring': 2} | 备注: nan
[2025-09-03 11:03:09.652] [DEBUG] 修改后的LED显示信息:
[2025-09-03 11:03:09.669] [INFO]   屏幕状态: 开
  亮度级别: 6
  数字显示: 100
  LOGO状态: 2 (0关, 1白, 2红)
  护盾状态: 1 (0关, 1白, 2绿)
  ReadyGo状态: 1 (0关, 1白, 2红)
  左转向灯: 1 (0关, 1白, 2橙)
  右转向灯: 2 (0关, 1白, 2橙)
  灯环状态: 2 (0关, 1蓝, 2红)
[2025-09-03 11:03:09.690] [DEBUG] 组包成功，数据长度: 21 字节
[2025-09-03 11:03:09.699] [DEBUG] 发送数据: A5 60 9F A5 03 0D 3B 40 33 33 33 97 5E 38 33 33 33 33 33 7E 55
[2025-09-03 11:03:09.723] [DEBUG] 接收数据超时
[2025-09-03 11:03:09.737] [DEBUG] 组包成功，数据长度: 21 字节
[2025-09-03 11:03:09.740] [DEBUG] 发送数据: A5 60 9F A5 01 0D 3B 40 33 33 33 97 5E 38 33 33 33 33 33 39 55
[2025-09-03 11:03:09.773] [DEBUG] 接收数据超时
[2025-09-03 11:03:09.784] [INFO] 结果: FAIL | 用时: 0.174s
[2025-09-03 11:03:09.784] [INFO] ==== 执行用例 #15583 ====
[2025-09-03 11:03:09.801] [INFO] 参数: {'screen_on': 1, 'brightness': 7, 'digital': 0, 'logo': 1, 'rim_state': 0, 'rdygo': 1, 'turn_left': 0, 'turn_right': 1, 'ring': 0} | 备注: nan
[2025-09-03 11:03:09.832] [DEBUG] 修改后的LED显示信息:
[2025-09-03 11:03:09.846] [INFO]   屏幕状态: 开
  亮度级别: 7
  数字显示: 0
  LOGO状态: 1 (0关, 1白, 2红)
  护盾状态: 0 (0关, 1白, 2绿)
  ReadyGo状态: 1 (0关, 1白, 2红)
  左转向灯: 0 (0关, 1白, 2橙)
  右转向灯: 1 (0关, 1白, 2橙)
  灯环状态: 0 (0关, 1蓝, 2红)
[2025-09-03 11:03:09.864] [DEBUG] 组包成功，数据长度: 21 字节
[2025-09-03 11:03:09.875] [DEBUG] 发送数据: A5 60 9F A5 03 0D 3B 42 33 33 33 B3 BB 33 33 33 33 33 33 AB 55
[2025-09-03 11:03:09.900] [DEBUG] 接收数据超时
[2025-09-03 11:03:09.912] [DEBUG] 组包成功，数据长度: 21 字节
[2025-09-03 11:03:09.912] [DEBUG] 发送数据: A5 60 9F A5 01 0D 3B 42 33 33 33 B3 BB 33 33 33 33 33 33 EC 55
[2025-09-03 11:03:09.945] [DEBUG] 接收数据超时
[2025-09-03 11:03:09.945] [INFO] 结果: FAIL | 用时: 0.160s
[2025-09-03 11:03:09.965] [INFO] ==== 执行用例 #16100 ====
[2025-09-03 11:03:09.977] [INFO] 参数: {'screen_on': 1, 'brightness': 7, 'digital': 50, 'logo': 0, 'rim_state': 0, 'rdygo': 2, 'turn_left': 0, 'turn_right': 2, 'ring': 1} | 备注: nan
[2025-09-03 11:03:10.009] [DEBUG] 修改后的LED显示信息:
[2025-09-03 11:03:10.025] [INFO]   屏幕状态: 开
  亮度级别: 7
  数字显示: 50
  LOGO状态: 0 (0关, 1白, 2红)
  护盾状态: 0 (0关, 1白, 2绿)
  ReadyGo状态: 2 (0关, 1白, 2红)
  左转向灯: 0 (0关, 1白, 2橙)
  右转向灯: 2 (0关, 1白, 2橙)
  灯环状态: 1 (0关, 1蓝, 2红)
[2025-09-03 11:03:10.045] [DEBUG] 组包成功，数据长度: 21 字节
[2025-09-03 11:03:10.054] [DEBUG] 发送数据: A5 60 9F A5 03 0D 3B 42 33 33 33 65 43 36 33 33 33 33 33 99 55
[2025-09-03 11:03:10.086] [DEBUG] 接收数据超时
[2025-09-03 11:03:10.094] [DEBUG] 组包成功，数据长度: 21 字节
[2025-09-03 11:03:10.101] [DEBUG] 发送数据: A5 60 9F A5 01 0D 3B 42 33 33 33 65 43 36 33 33 33 33 33 DE 55
[2025-09-03 11:03:10.128] [DEBUG] 接收数据超时
[2025-09-03 11:03:10.133] [INFO] 结果: FAIL | 用时: 0.168s
[2025-09-03 11:03:10.149] [INFO] ==== 执行用例 #16418 ====
[2025-09-03 11:03:10.149] [INFO] 参数: {'screen_on': 1, 'brightness': 7, 'digital': 50, 'logo': 1, 'rim_state': 1, 'rdygo': 2, 'turn_left': 0, 'turn_right': 0, 'ring': 1} | 备注: nan
[2025-09-03 11:03:10.181] [DEBUG] 修改后的LED显示信息:
[2025-09-03 11:03:10.200] [INFO]   屏幕状态: 开
  亮度级别: 7
  数字显示: 50
  LOGO状态: 1 (0关, 1白, 2红)
  护盾状态: 1 (0关, 1白, 2绿)
  ReadyGo状态: 2 (0关, 1白, 2红)
  左转向灯: 0 (0关, 1白, 2橙)
  右转向灯: 0 (0关, 1白, 2橙)
  灯环状态: 1 (0关, 1蓝, 2红)
[2025-09-03 11:03:10.220] [DEBUG] 组包成功，数据长度: 21 字节
[2025-09-03 11:03:10.232] [DEBUG] 发送数据: A5 60 9F A5 03 0D 3B 42 33 33 33 E5 45 35 33 33 33 33 33 11 55
[2025-09-03 11:03:10.260] [DEBUG] 接收数据超时
[2025-09-03 11:03:10.264] [DEBUG] 组包成功，数据长度: 21 字节
[2025-09-03 11:03:10.276] [DEBUG] 发送数据: A5 60 9F A5 01 0D 3B 42 33 33 33 E5 45 35 33 33 33 33 33 56 55
[2025-09-03 11:03:10.298] [DEBUG] 接收数据超时
[2025-09-03 11:03:10.313] [INFO] 结果: FAIL | 用时: 0.164s
[2025-09-03 11:03:10.324] [INFO] ==== 执行用例 #16485 ====
[2025-09-03 11:03:10.324] [INFO] 参数: {'screen_on': 1, 'brightness': 7, 'digital': 50, 'logo': 1, 'rim_state': 2, 'rdygo': 1, 'turn_left': 1, 'turn_right': 1, 'ring': 2} | 备注: nan
[2025-09-03 11:03:10.368] [DEBUG] 修改后的LED显示信息:
[2025-09-03 11:03:10.380] [INFO]   屏幕状态: 开
  亮度级别: 7
  数字显示: 50
  LOGO状态: 1 (0关, 1白, 2红)
  护盾状态: 2 (0关, 1白, 2绿)
  ReadyGo状态: 1 (0关, 1白, 2红)
  左转向灯: 1 (0关, 1白, 2橙)
  右转向灯: 1 (0关, 1白, 2橙)
  灯环状态: 2 (0关, 1蓝, 2红)
[2025-09-03 11:03:10.396] [DEBUG] 组包成功，数据长度: 21 字节
[2025-09-03 11:03:10.409] [DEBUG] 发送数据: A5 60 9F A5 03 0D 3B 42 33 33 33 E5 DF 37 33 33 33 33 33 79 55
[2025-09-03 11:03:10.435] [DEBUG] 接收数据超时
[2025-09-03 11:03:10.447] [DEBUG] 组包成功，数据长度: 21 字节
[2025-09-03 11:03:10.458] [DEBUG] 发送数据: A5 60 9F A5 01 0D 3B 42 33 33 33 E5 DF 37 33 33 33 33 33 3E 55
[2025-09-03 11:03:10.477] [DEBUG] 接收数据超时
[2025-09-03 11:03:10.486] [INFO] 结果: FAIL | 用时: 0.163s
[2025-09-03 11:03:10.498] [INFO] ==== 执行用例 #16555 ====
[2025-09-03 11:03:10.507] [INFO] 参数: {'screen_on': 1, 'brightness': 7, 'digital': 50, 'logo': 2, 'rim_state': 0, 'rdygo': 1, 'turn_left': 0, 'turn_right': 1, 'ring': 0} | 备注: nan
[2025-09-03 11:03:10.532] [DEBUG] 修改后的LED显示信息:
[2025-09-03 11:03:10.548] [INFO]   屏幕状态: 开
  亮度级别: 7
  数字显示: 50
  LOGO状态: 2 (0关, 1白, 2红)
  护盾状态: 0 (0关, 1白, 2绿)
  ReadyGo状态: 1 (0关, 1白, 2红)
  左转向灯: 0 (0关, 1白, 2橙)
  右转向灯: 1 (0关, 1白, 2橙)
  灯环状态: 0 (0关, 1蓝, 2红)
[2025-09-03 11:03:10.565] [DEBUG] 组包成功，数据长度: 21 字节
[2025-09-03 11:03:10.578] [DEBUG] 发送数据: A5 60 9F A5 03 0D 3B 42 33 33 33 65 BC 33 33 33 33 33 33 1D 55
[2025-09-03 11:03:10.609] [DEBUG] 接收数据超时
[2025-09-03 11:03:10.609] [DEBUG] 组包成功，数据长度: 21 字节
[2025-09-03 11:03:10.635] [DEBUG] 发送数据: A5 60 9F A5 01 0D 3B 42 33 33 33 65 BC 33 33 33 33 33 33 5A 55
[2025-09-03 11:03:10.659] [DEBUG] 接收数据超时
[2025-09-03 11:03:10.672] [INFO] 结果: FAIL | 用时: 0.173s
[2025-09-03 11:03:10.672] [INFO] 开始压力循环: 次数=1, 间隔=0.5s, 参数={'screen_on': 1, 'brightness': 1, 'digital': 0, 'logo': 0, 'rim_state': 1, 'rdygo': 1, 'turn_left': 0, 'turn_right': 2, 'ring': 0}
[2025-09-03 11:03:10.710] [DEBUG] 修改后的LED显示信息:
[2025-09-03 11:03:10.719] [INFO]   屏幕状态: 开
  亮度级别: 1
  数字显示: 0
  LOGO状态: 0 (0关, 1白, 2红)
  护盾状态: 1 (0关, 1白, 2绿)
  ReadyGo状态: 1 (0关, 1白, 2红)
  左转向灯: 0 (0关, 1白, 2橙)
  右转向灯: 2 (0关, 1白, 2橙)
  灯环状态: 0 (0关, 1蓝, 2红)
[2025-09-03 11:03:10.744] [DEBUG] 组包成功，数据长度: 21 字节
[2025-09-03 11:03:10.757] [DEBUG] 发送数据: A5 60 9F A5 03 0D 3B 36 33 33 33 33 3D 34 33 33 33 33 33 BA 55
[2025-09-03 11:03:10.784] [DEBUG] 接收数据: A5 60 9F A5 83 55 33 93 7F 63 64 33 33 33 33 33 33 33 33 33 33 33 33 33 33 33 33 33 33 33 33 33 33 33 33 33 33 33 33 33 33 33 33 89 66 69 66 65 85 64 63 64 76 63 64 92 75 A7 63 65 33 33 33 33 33 33 33 38 33 33 33 36 33 33 33 65 35 37 33 33 33 33 33 33 33 33 33 33 33 33 33 1A 55 A5 60 9F A5 81 0D 3B 36 33 33 33 65 35 37 33 33 33 33 33 1A 55 A5 60 9F A5 83 55 33 93 7F 63 64 33 33 33 33 33 33 33 33 33 33 33 33 33 33 33 33 33 33 33 33 33 33 33 33 33 33 33 33 33 33 33 33 89 66 69 66 65 85 64 63 64 76 63 64 92 75 A7 63 65 33 33 33 33 33 33 33 38 33 33 33 38 33 33 33 65 33 37 33 33 33 33 33 33 33 33 33 33 33 33 33 B6 55 A5 60 9F A5 81 0D 3B 38 33 33 33 65 33 37 33 33 33 33 33 8C 55 A5 60 9F A5 83 55 33 93 7F 63 64 33 33 33 33 33 33 33 33 33 33 33 33 33 33 33 33 33 33 33 33 33 33 33 33 33 33 33 33 33 33 33 33 89 66 69 66 65 85 64 63 64 76 63 64 92 75 A7 63 65 33 33 33 33 33 33 33 38 33 33 33 3A 33 33 33 33 57 34 33 33 33 33 33 33 33 33 33 33 33 33 33 0B 55 A5 60 9F A5 81 0D 3B 3A 33 33 33 33 57 34 33 33 33 33 33 92 55 A5 60 9F A5 83 55 33 93 7F 63 64 33 33 33 33 33 33 33 33 33 33 33 33 33 33 33 33 33 33 33 33 33 33 33 33 33 33 33 33 33 33 33 33 89 66 69 66 65 85 64 63 64 76 63 64 92 75 A7 63 65 33 33 33 33 33 33 33 37 33 33 33 3A 33 33 33 B3 5D 37 33 33 33 33 33 33 33 33 33 33 33 33 33 BE 55 A5 60 9F A5 81 0D 3B 3A 33 33 33 B3 5D 37 33 33 33 33 33 2C 55 A5 60 9F A5 83 55 33 93 7F 63 64 33 33 33 33 33 33 33 33 33 33 33 33 33 33 33 33 33 33 33 33 33 33 33 33 33 33 33 33 33 33 33 33 89 66 69 66 65 85 64 63 64 76 63 64 92 75 A7 63 65 33 33 33 33 33 33 33 37 33 33 33 3A 33 33 33 65 43 37 33 33 33 33 33 33 33 33 33 33 33 33 33 48 55 A5 60 9F A5 81 0D 3B 3A 33 33 33 65 43 37 33 33 33 33 33 3C 55 A5 60 9F A5 83 55 33 93 7F 63 64 33 33 33 33 33 33 33 33 33 33 33 33 33 33 33 33 33 33 33 33 33 33 33 33 33 33 33 33 33 33 33 33 89 66 69 66 65 85 64 63 64 76 63 64 92 75 A7 63 65 33 33 33 33 33 33 33 37 33 33 33 3A 33 33 33 E5 D3 37 33 33 33 33 33 33 33 33 33 33 33 33 33 65 55 A5 60 9F A5 81 0D 3B 3A 33 33 33 E5 D3 37 33 33 33 33 33 B8 55 A5 60 9F A5 83 55 33 93 7F 63 64 33 33 33 33 33 33 33 33 33 33 33 33 33 33 33 33 33 33 33 33 33 33 33 33 33 33 33 33 33 33 33 33 89 66 69 66 65 85 64 63 64 76 63 64 92 75 A7 63 65 33 33 33 33 33 33 33 37 33 33 33 3A 33 33 33 65 60 33 33 33 33 33 33 33 33 33 33 33 33 33 33 B9 55 A5 60 9F A5 81 0D 3B 3A 33 33 33 65 60 33 33 33 33 33 33 A7 55 A5 60 9F A5 83 55 33 93 7F 63 64 33 33 33 33 33 33 33 33 33 33 33 33 33 33 33 33 33 33 33 33 33 33 33 33 33 33 33 33 33 33 33 33 89 66 69 66 65 85 64 63 64 76 63 64 92 75 A7 63 65 33 33 33 33 33 33 33 37 33 33 33 3A 33 33 33 97 7D 33 33 33 33 33 33 33 33 33 33 33 33 33 33 1A 55 A5 60 9F A5 81 0D 3B 3A 33 33 33 97 7D 33 33 33 33 33 33 74 55 A5 60 9F A5 83 55 33 93 7F 63 64 33 33 33 33 33 33 33 33 33 33 33 33 33 33 33 33 33 33 33 33 33 33 33 33 33 33 33 33 33 33 33 33 89 66 69 66 65 85 64 63 64 76 63 64 92 75 A7 63 65 33 33 33 33 33 33 33 38 33 33 33 3C 33 33 33 65 5B 34 33 33 33 33 33 33 33 33 33 33 33 33 33 46 55 A5 60 9F A5 81 0D 3B 3C 33 33 33 65 5B 34 33 33 33 33 33 17 55 A5 60 9F A5 83 55 33 93 7F 63 64 33 33 33 33 33 33 33 33 33 33 33 33 33 33 33 33 33 33 33 33 33 33 33 33 33 33 33 33 33 33 33 33 89 66 69 66 65 85 64 63 64 76 63 64 92 75 A7 63 65 33 33 33 33 33 33 33 38 33 33 33 3C 33 33 33 E5 DF 33 33 33 33 33 33 33 33 33 33 33 33 33 33 D7 55 A5 60 9F A5 81 0D 3B 3C 33 33 33 E5 DF 33 33 33 33 33 33 6A 55 A5 60 9F A5 83 55 33 93 7F 63 64 33 33 33 33 33 33 33 33 33 33 33 33 33 33 33 33 33 33 33 33 33 33 33 33 33 33 33 33 33 33 33 33 89 66 69 66 65 85 64 63 64 76 63 64 92 75 A7 63 65 33 33 33 33 33 33 33 36 33 33 33 3C 33 33 33 65 C4 37 33 33 33 33 33 33 33 33 33 33 33 33 33 88 55 A5 60 9F A5 81 0D 3B 3C 33 33 33 65 C4 37 33 33 33 33 33 F5 55 A5 60 9F A5 83 55 33 93 7F 63 64 33 33 33 33 33 33 33 33 33 33 33 33 33 33 33 33 33 33 33 33 33 33 33 33 33 33 33 33 33 33 33 33 89 66 69 66 65 85 64 63 64 76 63 64 92 75 A7 63 65 33 33 33 34 33 37 33 38 33 33 33 3C 33 33 33 65 F6 37 33 33 33 33 33 33 33 33 33 33 33 33 33 41 55 A5 60 9F A5 81 0D 3B 3C 33 33 33 65 F6 37 33 33 33 33 33 B9 55 A5 60 9F A5 83 55 33 93 7F 63 64 33 33 33 33 33 33 33 33 33 33 33 33 33 33 33 33 33 33 33 33 33 33 33 33 33 33 33 33 33 33 33 33 89 66 69 66 65 85 64 63 64 76 63 64 92 75 A7 63 65 33 33 33 34 33 37 33 37 33 33 33 3C 33 33 33 97 03 33 33 33 33 33 33 33 33 33 33 33 33 33 33 1E 55 A5 60 9F A5 81 0D 3B 3C 33 33 33 97 03 33 33 33 33 33 33 A5 55 A5 60 9F A5 83 55 33 93 7F 63 64 33 33 33 33 33 33 33 33 33 33 33 33 33 33 33 33 33 33 33 33 33 33 33 33 33 33 33 33 33 33 33 33 89 66 69 66 65 85 64 63 64 76 63 64 92 75 A7 63 65 33 33 33 34 33 37 33 37 33 33 33 3C 33 33 33 17 C3 37 33 33 33 33 33 33 33 33 33 33 33 33 33 BB 55 A5 60 9F A5 81 0D 3B 3C 33 33 33 17 C3 37 33 33 33 33 33 26 55 A5 60 9F A5 83 55 33 93 7F 63 64 33 33 33 33 33 33 33 33 33 33 33 33 33 33 33 33 33 33 33 33 33 33 33 33 33 33 33 33 33 33 33 33 89 66 69 66 65 85 64 63 64 76 63 64 92 75 A7 63 65 33 33 33 33 33 37 33 37 33 33 33 3E 33 33 33 33 57 35 33 33 33 33 33 33 33 33 33 33 33 33 33 36 55 A5 60 9F A5 81 0D 3B 3E 33 33 33 33 57 35 33 33 33 33 33 1E 55 A5 60 9F A5 83 55 33 93 7F 63 64 33 33 33 33 33 33 33 33 33 33 33 33 33 33 33 33 33 33 33 33 33 33 33 33 33 33 33 33 33 33 33 33 89 66 69 66 65 85 64 63 64 76 63 64 92 75 A7 63 65 33 33 33 33 33 37 33 37 33 33 33 3E 33 33 33 B3 FD 35 33 33 33 33 33 33 33 33 33 33 33 33 33 5B 55 A5 60 9F A5 81 0D 3B 3E 33 33 33 B3 FD 35 33 33 33 33 33 F2 55 A5 60 9F A5 83 55 33 93 7F 63 64 33 33 33 33 33 33 33 33 33 33 33 33 33 33 33 33 33 33 33 33 33 33 33 33 33 33 33 33 33 33 33 33 89 66 69 66 65 85 64 63 64 76 63 64 92 75 A7 63 65 33 33 33 33 33 37 33 37 33 33 33 3E 33 33 33 33 5C 37 33 33 33 33 33 33 33 33 33 33 33 33 33 9C 55 A5 60 9F A5 81 0D 3B 3E 33 33 33 33 5C 37 33 33 33 33 33 DD 55 A5 60 9F A5 83 55 33 93 7F 63 64 33 33 33 33 33 33 33 33 33 33 33 33 33 33 33 33 33 33 33 33 33 33 33 33 33 33 33 33 33 33 33 33 89 66 69 66 65 85 64 63 64 76 63 64 92 75 A7 63 65 33 33 33 33 33 37 33 37 33 33 33 3E 33 33 33 97 84 38 33 33 33 33 33 33 33 33 33 33 33 33 33 94 55 A5 60 9F A5 81 0D 3B 3E 33 33 33 97 84 38 33 33 33 33 33 EE 55 A5 60 9F A5 83 55 33 93 7F 63 64 33 33 33 33 33 33 33 33 33 33 33 33 33 33 33 33 33 33 33 33 33 33 33 33 33 33 33 33 33 33 33 33 89 66 69 66 65 85 64 63 64 76 63 64 92 75 A7 63 65 33 33 33 33 33 37 33 36 33 33 33 40 33 33 33 33 E3 37 33 33 33 33 33 33 33 33 33 33 33 33 33 A3 55 A5 60 9F A5 81 0D 3B 40 33 33 33 33 E3 37 33 33 33 33 33 72 55 A5 60 9F A5 83 55 33 93 7F 63 64 33 33 33 33 33 33 33 33 33 33 33 33 33 33 33 33 33 33 33 33 33 33 33 33 33 33 33 33 33 33 33 33 89 66 69 66 65 85 64 63 64 76 63 64 92 75 A7 63 65 33 33 33 33 33 37 33 37 33 33 33 40 33 33 33 B3 87 37 33 33 33 33 33 33 33 33 33 33 33 33 33 D1 55 A5 60 9F A5 81 0D 3B 40 33 33 33 B3 87 37 33 33 33 33 33 12 55 A5 60 9F A5 83 55 33 93 7F 63 64 33 33 33 33 33 33 33 33 33 33 33 33 33 33 33 33 33 33 33 33 33 33 33 33 33 33 33 33 33 33 33 33 89 66 69 66 65 85 64 63 64 76 63 64 92 75 A7 63 65 33 33 33 33 33 37 33 38 33 33 33 40 33 33 33 65 3E 36 33 33 33 33 33 33 33 33 33 33 33 33 33 DA 55 A5 60 9F A5 81 0D 3B 40 33 33 33 65 3E 36 33 33 33 33 33 A5 55 A5 60 9F A5 83 55 33 93 7F 63 64 33 33 33 33 33 33 33 33 33 33 33 33 33 33 33 33 33 33 33 33 33 33 33 33 33 33 33 33 33 33 33 33 89 66 69 66 65 85 64 63 64 76 63 64 92 75 A7 63 65 33 33 33 33 33 37 33 37 33 33 33 40 33 33 33 17 3D 37 33 33 33 33 33 33 33 33 33 33 33 33 33 81 55 A5 60 9F A5 81 0D 3B 40 33 33 33 17 3D 37 33 33 33 33 33 36 55 A5 60 9F A5 83 55 33 93 7F 63 64 33 33 33 33 33 33 33 33 33 33 33 33 33 33 33 33 33 33 33 33 33 33 33 33 33 33 33 33 33 33 33 33 89 66 69 66 65 85 64 63 64 76 63 64 92 75 A7 63 65 33 33 33 33 33 37 33 37 33 33 33 40 33 33 33 97 5E 38 33 33 33 33 33 33 33 33 33 33 33 33 33 EC 55 A5 60 9F A5 81 0D 3B 40 33 33 33 97 5E 38 33 33 33 33 33 0E 55 A5 60 9F A5 83 55 33 93 7F 63 64 33 33 33 33 33 33 33 33 33 33 33 33 33 33 33 33 33 33 33 33 33 33 33 33 33 33 33 33 33 33 33 33 89 66 69 66 65 85 64 63 64 76 63 64 92 75 A7 63 65 33 33 33 33 33 37 33 37 33 33 33 42 33 33 33 B3 BB 33 33 33 33 33 33 33 33 33 33 33 33 33 33 6E 55 A5 60 9F A5 81 0D 3B 42 33 33 33 B3 BB 33 33 33 33 33 33 DB 55 A5 60 9F A5 83 55 33 93 7F 63 64 33 33 33 33 33 33 33 33 33 33 33 33 33 33 33 33 33 33 33 33 33 33 33 33 33 33 33 33 33 33 33 33 89 66 69 66 65 85 64 63 64 76 63 64 92 75 A7 63 65 33 33 33 33 33 37 33 37 33 33 33 42 33 33 33 65 43 36 33 33 33 33 33 33 33 33 33 33 33 33 33 86 55 A5 60 9F A5 81 0D 3B 42 33 33 33 65 43 36 33 33 33 33 33 E9 55 A5 60 9F A5 83 55 33 93 7F 63 64 33 33 33 33 33 33 33 33 33 33 33 33 33 33 33 33 33 33 33 33 33 33 33 33 33 33 33 33 33 33 33 33 89 66 69 66 65 85 64 63 64 76 63 64 92 75 A7 63 65 33 33 33 33 33 37 33 37 33 33 33 42 33 33 33 E5 45 35 33 33 33 33 33 33 33 33 33 33 33 33 33 F8 55 A5 60 9F A5 81 0D 3B 42 33 33 33 E5 45 35 33 33 33 33 33 61 55 A5 60 9F A5 83 55 33 93 7F 63 64 33 33 33 33 33 33 33 33 33 33 33 33 33 33 33 33 33 33 33 33 33 33 33 33 33 33 33 33 33 33 33 33 89 66 69 66 65 85 64 63 64 76 63 64 92 75 A7 63 65 33 33 33 33 33 37 33 36 33 33 33 42 33 33 33 E5 DF 37 33 33 33 33 33 33 33 33 33 33 33 33 33 BF 55 A5 60 9F A5 81 0D 3B 42 33 33 33 E5 DF 37 33 33 33 33 33 09 55 A5 60 9F A5 83 55 33 93 7F 63 64 33 33 33 33 33 33 33 33 33 33 33 33 33 33 33 33 33 33 33 33 33 33 33 33 33 33 33 33 33 33 33 33 89 66 69 66 65 85 64 63 64 76 63 64 92 75 A7 63 65 33 33 33 34 33 37 33 37 33 33 33 42 33 33 33 65 BC 33 33 33 33 33 33 33 33 33 33 33 33 33 33 D7 55 A5 60 9F A5 81 0D 3B 42 33 33 33 65 BC 33 33 33 33 33 33 6D 55
[2025-09-03 11:03:10.860] [DEBUG] 数据解析成功:
[2025-09-03 11:03:10.871] [INFO]   ID: 0x60
  命令: 0x83 (读)
  寄存器地址: 0x00
  寄存器数量: 0
[2025-09-03 11:03:10.924] [INFO] [循环 1/1] 发送 OK
[2025-09-03 11:03:11.438] [INFO] 已保存结果: reports\2025-09-03_11-02-55\results.csv
[2025-09-03 11:03:11.470] [INFO] 已生成报告: reports\2025-09-03_11-02-55\report.html
[2025-09-03 11:03:11.512] [DEBUG] 串口已关闭
[2025-09-03 11:03:11.517] [INFO] 程序结束
