[2025-08-26 20:03:22.510] [INFO] 初始化 BLE 协议通信...
[2025-08-26 20:03:22.685] [INFO] 加载用例 2 条 来自: testcases.xlsx
[2025-08-26 20:03:22.689] [INFO] ==== 执行用例 #1 ====
[2025-08-26 20:03:22.692] [INFO] 参数: {'screen_on': 1, 'brightness': 7, 'digital': 88, 'logo': 1, 'rim_state': 1, 'rdygo': 1, 'turn_left': 2, 'turn_right': 2, 'ring': 2} | 备注: 基本点亮 + 白LOGO + 左右转向橙
[2025-08-26 20:03:22.712] [DEBUG] 修改后的LED显示信息:
[2025-08-26 20:03:22.719] [INFO]   屏幕状态: 开
  亮度级别: 7
  数字显示: 88
  LOGO状态: 1 (0关, 1白, 2红)
  护盾状态: 1 (0关, 1白, 2绿)
  ReadyGo状态: 1 (0关, 1白, 2红)
  左转向灯: 2 (0关, 1白, 2橙)
  右转向灯: 2 (0关, 1白, 2橙)
  灯环状态: 2 (0关, 1蓝, 2红)
[2025-08-26 20:03:22.737] [DEBUG] 组包成功，数据长度: 21 字节
[2025-08-26 20:03:22.745] [DEBUG] 发送数据: A5 60 9F A5 03 0D 3B 42 33 33 33 0B 7D 38 33 33 33 33 33 BA 55
[2025-08-26 20:03:23.770] [DEBUG] 接收数据: A5 60 9F A5 83 55 33 93 7F 63 64 33 33 33 33 33 33 33 33 33 33 33 33 33 33 33 33 33 33 33 33 33 33 33 33 33 33 33 33 33 33 33 33 89 66 69 66 65 85 64 63 64 76 63 64 92 75 A7 63 65 33 33 33 33 33 37 33 39 33 33 33 42 33 33 33 0B 7D 38 33 33 33 33 33 33 33 33 33 33 33 33 33 97 55
[2025-08-26 20:03:23.813] [DEBUG] 数据解析成功:
[2025-08-26 20:03:23.828] [INFO]   ID: 0x60
  命令: 0x83 (读)
  寄存器地址: 0x00
  寄存器数量: 0
[2025-08-26 20:03:23.849] [DEBUG] 组包成功，数据长度: 21 字节
[2025-08-26 20:03:23.861] [DEBUG] 发送数据: A5 60 9F A5 01 0D 3B 42 33 33 33 0B 7D 38 33 33 33 33 33 FD 55
[2025-08-26 20:03:24.892] [DEBUG] 接收数据: A5 60 9F A5 81 0D 3B 42 33 33 33 0B 7D 38 33 33 33 33 33 CA 55
[2025-08-26 20:03:24.925] [DEBUG] 数据解析成功:
[2025-08-26 20:03:24.937] [INFO]   ID: 0x60
  命令: 0x81 (读)
  寄存器地址: 0x08
  寄存器数量: 0
[2025-08-26 20:03:24.957] [INFO] 
全局变量中的LED显示信息已更新:
[2025-08-26 20:03:24.977] [INFO]   屏幕状态: 开
  亮度级别: 7
  数字显示: 88
  LOGO状态: 1 (0关, 1白, 2红)
  护盾状态: 1 (0关, 1白, 2绿)
  ReadyGo状态: 1 (0关, 1白, 2红)
  左转向灯: 2 (0关, 1白, 2橙)
  右转向灯: 2 (0关, 1白, 2橙)
  灯环状态: 2 (0关, 1蓝, 2红)
[2025-08-26 20:03:24.991] [INFO] 结果: PASS | 用时: 2.302s
[2025-08-26 20:03:25.203] [INFO] ==== 执行用例 #2 ====
[2025-08-26 20:03:25.219] [INFO] 参数: {'screen_on': 0, 'brightness': 3, 'digital': 0, 'logo': 0, 'rim_state': 0, 'rdygo': 0, 'turn_left': 0, 'turn_right': 0, 'ring': 0} | 备注: 关闭显示，校验全部为0（除 brightness）
[2025-08-26 20:03:25.252] [DEBUG] 修改后的LED显示信息:
[2025-08-26 20:03:25.265] [INFO]   屏幕状态: 关
  亮度级别: 3
  数字显示: 0
  LOGO状态: 0 (0关, 1白, 2红)
  护盾状态: 0 (0关, 1白, 2绿)
  ReadyGo状态: 0 (0关, 1白, 2红)
  左转向灯: 0 (0关, 1白, 2橙)
  右转向灯: 0 (0关, 1白, 2橙)
  灯环状态: 0 (0关, 1蓝, 2红)
[2025-08-26 20:03:25.281] [DEBUG] 组包成功，数据长度: 21 字节
[2025-08-26 20:03:25.287] [DEBUG] 发送数据: A5 60 9F A5 03 0D 3B 39 33 33 33 33 33 33 33 33 33 33 33 12 55
[2025-08-26 20:03:26.316] [DEBUG] 接收数据: A5 60 9F A5 83 55 33 93 7F 63 64 33 33 33 33 33 33 33 33 33 33 33 33 33 33 33 33 33 33 33 33 33 33 33 33 33 33 33 33 33 33 33 33 89 66 69 66 65 85 64 63 64 76 63 64 92 75 A7 63 65 33 33 33 33 33 37 33 37 33 33 33 39 33 33 33 33 33 33 33 33 33 33 33 33 33 33 33 33 33 33 33 4B 55
[2025-08-26 20:03:26.369] [DEBUG] 数据解析成功:
[2025-08-26 20:03:26.382] [INFO]   ID: 0x60
  命令: 0x83 (读)
  寄存器地址: 0x00
  寄存器数量: 0
[2025-08-26 20:03:26.400] [DEBUG] 组包成功，数据长度: 21 字节
[2025-08-26 20:03:26.416] [DEBUG] 发送数据: A5 60 9F A5 01 0D 3B 39 33 33 33 33 33 33 33 33 33 33 33 55 55
[2025-08-26 20:03:27.444] [DEBUG] 接收数据: A5 60 9F A5 81 0D 3B 39 33 33 33 33 33 33 33 33 33 33 33 62 55
[2025-08-26 20:03:27.475] [DEBUG] 数据解析成功:
[2025-08-26 20:03:27.501] [INFO]   ID: 0x60
  命令: 0x81 (读)
  寄存器地址: 0x08
  寄存器数量: 0
[2025-08-26 20:03:27.521] [INFO] 
全局变量中的LED显示信息已更新:
[2025-08-26 20:03:27.540] [INFO]   屏幕状态: 关
  亮度级别: 3
  数字显示: 0
  LOGO状态: 0 (0关, 1白, 2红)
  护盾状态: 0 (0关, 1白, 2绿)
  ReadyGo状态: 0 (0关, 1白, 2红)
  左转向灯: 0 (0关, 1白, 2橙)
  右转向灯: 0 (0关, 1白, 2橙)
  灯环状态: 0 (0关, 1蓝, 2红)
[2025-08-26 20:03:27.552] [INFO] 结果: PASS | 用时: 2.349s
[2025-08-26 20:03:27.777] [INFO] 开始压力循环: 次数=1, 间隔=0.5s, 参数={'screen_on': 1, 'brightness': 7, 'digital': 88, 'logo': 1, 'rim_state': 1, 'rdygo': 1, 'turn_left': 2, 'turn_right': 2, 'ring': 2}
[2025-08-26 20:03:27.812] [DEBUG] 修改后的LED显示信息:
[2025-08-26 20:03:27.826] [INFO]   屏幕状态: 开
  亮度级别: 7
  数字显示: 88
  LOGO状态: 1 (0关, 1白, 2红)
  护盾状态: 1 (0关, 1白, 2绿)
  ReadyGo状态: 1 (0关, 1白, 2红)
  左转向灯: 2 (0关, 1白, 2橙)
  右转向灯: 2 (0关, 1白, 2橙)
  灯环状态: 2 (0关, 1蓝, 2红)
[2025-08-26 20:03:27.838] [DEBUG] 组包成功，数据长度: 21 字节
[2025-08-26 20:03:27.850] [DEBUG] 发送数据: A5 60 9F A5 03 0D 3B 42 33 33 33 0B 7D 38 33 33 33 33 33 BA 55
[2025-08-26 20:03:28.871] [DEBUG] 接收数据: A5 60 9F A5 83 55 33 93 7F 63 64 33 33 33 33 33 33 33 33 33 33 33 33 33 33 33 33 33 33 33 33 33 33 33 33 33 33 33 33 33 33 33 33 89 66 69 66 65 85 64 63 64 76 63 64 92 75 A7 63 65 33 33 33 33 33 37 33 39 33 33 33 42 33 33 33 0B 7D 38 33 33 33 33 33 33 33 33 33 33 33 33 33 97 55
[2025-08-26 20:03:28.913] [DEBUG] 数据解析成功:
[2025-08-26 20:03:28.922] [INFO]   ID: 0x60
  命令: 0x83 (读)
  寄存器地址: 0x00
  寄存器数量: 0
[2025-08-26 20:03:28.943] [INFO] [循环 1/1] 发送 OK
[2025-08-26 20:03:29.465] [INFO] 已保存结果: reports\2025-08-26_20-03-22\results.csv
[2025-08-26 20:03:29.490] [INFO] 已生成报告: reports\2025-08-26_20-03-22\report.html
[2025-08-26 20:03:29.528] [DEBUG] 串口已关闭
[2025-08-26 20:03:29.545] [INFO] 程序结束
