[2025-09-09 19:44:44.521] [INFO] 初始化 BLE 协议通信...
[2025-09-09 19:44:44.718] [INFO] 加载用例 29 条 来自: testcases.xlsx
[2025-09-09 19:44:44.723] [INFO] ==== 执行用例 #3000 ====
[2025-09-09 19:44:44.727] [INFO] 参数: {'screen_on': 1, 'brightness': 1, 'digital': 50, 'logo': 0, 'rim_state': 1, 'rdygo': 0, 'turn_left': 0, 'turn_right': 0, 'ring': 2} | 备注: nan
[2025-09-09 19:44:44.743] [DEBUG] 修改后的LED显示信息:
[2025-09-09 19:44:44.751] [INFO]   屏幕状态: 开
  亮度级别: 1
  数字显示: 50
  LOGO状态: 0 (0关, 1白, 2红)
  护盾状态: 1 (0关, 1白, 2绿)
  ReadyGo状态: 0 (0关, 1白, 2红)
  左转向灯: 0 (0关, 1白, 2橙)
  右转向灯: 0 (0关, 1白, 2橙)
  灯环状态: 2 (0关, 1蓝, 2红)
[2025-09-09 19:44:44.765] [DEBUG] 组包成功，数据长度: 21 字节
[2025-09-09 19:44:44.775] [DEBUG] 发送数据: A5 60 9F A5 03 0D 3B 36 33 33 33 65 35 37 33 33 33 33 33 6A 55
[2025-09-09 19:44:44.794] [DEBUG] 接收数据超时
[2025-09-09 19:44:44.805] [DEBUG] 组包成功，数据长度: 21 字节
[2025-09-09 19:44:44.812] [DEBUG] 发送数据: A5 60 9F A5 01 0D 3B 36 33 33 33 65 35 37 33 33 33 33 33 2D 55
[2025-09-09 19:44:44.833] [DEBUG] 接收数据超时
[2025-09-09 19:44:44.842] [INFO] 结果: FAIL | 用时: 0.119s
[2025-09-09 19:44:44.855] [INFO] ==== 执行用例 #5106 ====
[2025-09-09 19:44:44.863] [INFO] 参数: {'screen_on': 1, 'brightness': 2, 'digital': 50, 'logo': 0, 'rim_state': 0, 'rdygo': 0, 'turn_left': 0, 'turn_right': 0, 'ring': 2} | 备注: nan
[2025-09-09 19:44:44.892] [DEBUG] 修改后的LED显示信息:
[2025-09-09 19:44:44.905] [INFO]   屏幕状态: 开
  亮度级别: 2
  数字显示: 50
  LOGO状态: 0 (0关, 1白, 2红)
  护盾状态: 0 (0关, 1白, 2绿)
  ReadyGo状态: 0 (0关, 1白, 2红)
  左转向灯: 0 (0关, 1白, 2橙)
  右转向灯: 0 (0关, 1白, 2橙)
  灯环状态: 2 (0关, 1蓝, 2红)
[2025-09-09 19:44:44.925] [DEBUG] 组包成功，数据长度: 21 字节
[2025-09-09 19:44:44.936] [DEBUG] 发送数据: A5 60 9F A5 03 0D 3B 38 33 33 33 65 33 37 33 33 33 33 33 FC 55
[2025-09-09 19:44:44.962] [DEBUG] 接收数据超时
[2025-09-09 19:44:44.975] [DEBUG] 组包成功，数据长度: 21 字节
[2025-09-09 19:44:44.985] [DEBUG] 发送数据: A5 60 9F A5 01 0D 3B 38 33 33 33 65 33 37 33 33 33 33 33 BB 55
[2025-09-09 19:44:45.007] [DEBUG] 接收数据超时
[2025-09-09 19:44:45.019] [INFO] 结果: FAIL | 用时: 0.164s
[2025-09-09 19:44:45.027] [INFO] ==== 执行用例 #6739 ====
[2025-09-09 19:44:45.036] [INFO] 参数: {'screen_on': 1, 'brightness': 3, 'digital': 0, 'logo': 0, 'rim_state': 2, 'rdygo': 0, 'turn_left': 1, 'turn_right': 2, 'ring': 0} | 备注: nan
[2025-09-09 19:44:45.070] [DEBUG] 修改后的LED显示信息:
[2025-09-09 19:44:45.082] [INFO]   屏幕状态: 开
  亮度级别: 3
  数字显示: 0
  LOGO状态: 0 (0关, 1白, 2红)
  护盾状态: 2 (0关, 1白, 2绿)
  ReadyGo状态: 0 (0关, 1白, 2红)
  左转向灯: 1 (0关, 1白, 2橙)
  右转向灯: 2 (0关, 1白, 2橙)
  灯环状态: 0 (0关, 1蓝, 2红)
[2025-09-09 19:44:45.104] [DEBUG] 组包成功，数据长度: 21 字节
[2025-09-09 19:44:45.112] [DEBUG] 发送数据: A5 60 9F A5 03 0D 3B 3A 33 33 33 33 57 34 33 33 33 33 33 E2 55
[2025-09-09 19:44:45.137] [DEBUG] 接收数据超时
[2025-09-09 19:44:45.150] [DEBUG] 组包成功，数据长度: 21 字节
[2025-09-09 19:44:45.164] [DEBUG] 发送数据: A5 60 9F A5 01 0D 3B 3A 33 33 33 33 57 34 33 33 33 33 33 A5 55
[2025-09-09 19:44:45.188] [DEBUG] 接收数据超时
[2025-09-09 19:44:45.196] [INFO] 结果: FAIL | 用时: 0.169s
[2025-09-09 19:44:45.209] [INFO] ==== 执行用例 #6924 ====
[2025-09-09 19:44:45.220] [INFO] 参数: {'screen_on': 1, 'brightness': 3, 'digital': 0, 'logo': 1, 'rim_state': 1, 'rdygo': 1, 'turn_left': 1, 'turn_right': 0, 'ring': 2} | 备注: nan
[2025-09-09 19:44:45.250] [DEBUG] 修改后的LED显示信息:
[2025-09-09 19:44:45.263] [INFO]   屏幕状态: 开
  亮度级别: 3
  数字显示: 0
  LOGO状态: 1 (0关, 1白, 2红)
  护盾状态: 1 (0关, 1白, 2绿)
  ReadyGo状态: 1 (0关, 1白, 2红)
  左转向灯: 1 (0关, 1白, 2橙)
  右转向灯: 0 (0关, 1白, 2橙)
  灯环状态: 2 (0关, 1蓝, 2红)
[2025-09-09 19:44:45.285] [DEBUG] 组包成功，数据长度: 21 字节
[2025-09-09 19:44:45.295] [DEBUG] 发送数据: A5 60 9F A5 03 0D 3B 3A 33 33 33 B3 5D 37 33 33 33 33 33 5C 55
[2025-09-09 19:44:45.324] [DEBUG] 接收数据超时
[2025-09-09 19:44:45.337] [DEBUG] 组包成功，数据长度: 21 字节
[2025-09-09 19:44:45.345] [DEBUG] 发送数据: A5 60 9F A5 01 0D 3B 3A 33 33 33 B3 5D 37 33 33 33 33 33 1B 55
[2025-09-09 19:44:45.370] [DEBUG] 接收数据超时
[2025-09-09 19:44:45.378] [INFO] 结果: FAIL | 用时: 0.170s
[2025-09-09 19:44:45.387] [INFO] ==== 执行用例 #7347 ====
[2025-09-09 19:44:45.396] [INFO] 参数: {'screen_on': 1, 'brightness': 3, 'digital': 50, 'logo': 0, 'rim_state': 0, 'rdygo': 2, 'turn_left': 0, 'turn_right': 0, 'ring': 2} | 备注: nan
[2025-09-09 19:44:45.434] [DEBUG] 修改后的LED显示信息:
[2025-09-09 19:44:45.448] [INFO]   屏幕状态: 开
  亮度级别: 3
  数字显示: 50
  LOGO状态: 0 (0关, 1白, 2红)
  护盾状态: 0 (0关, 1白, 2绿)
  ReadyGo状态: 2 (0关, 1白, 2红)
  左转向灯: 0 (0关, 1白, 2橙)
  右转向灯: 0 (0关, 1白, 2橙)
  灯环状态: 2 (0关, 1蓝, 2红)
[2025-09-09 19:44:45.465] [DEBUG] 组包成功，数据长度: 21 字节
[2025-09-09 19:44:45.477] [DEBUG] 发送数据: A5 60 9F A5 03 0D 3B 3A 33 33 33 65 43 37 33 33 33 33 33 4C 55
[2025-09-09 19:44:45.502] [DEBUG] 接收数据超时
[2025-09-09 19:44:45.515] [DEBUG] 组包成功，数据长度: 21 字节
[2025-09-09 19:44:45.526] [DEBUG] 发送数据: A5 60 9F A5 01 0D 3B 3A 33 33 33 65 43 37 33 33 33 33 33 0B 55
[2025-09-09 19:44:45.547] [DEBUG] 接收数据超时
[2025-09-09 19:44:45.559] [INFO] 结果: FAIL | 用时: 0.172s
[2025-09-09 19:44:45.572] [INFO] ==== 执行用例 #7548 ====
[2025-09-09 19:44:45.580] [INFO] 参数: {'screen_on': 1, 'brightness': 3, 'digital': 50, 'logo': 1, 'rim_state': 0, 'rdygo': 0, 'turn_left': 1, 'turn_right': 1, 'ring': 2} | 备注: nan
[2025-09-09 19:44:45.614] [DEBUG] 修改后的LED显示信息:
[2025-09-09 19:44:45.626] [INFO]   屏幕状态: 开
  亮度级别: 3
  数字显示: 50
  LOGO状态: 1 (0关, 1白, 2红)
  护盾状态: 0 (0关, 1白, 2绿)
  ReadyGo状态: 0 (0关, 1白, 2红)
  左转向灯: 1 (0关, 1白, 2橙)
  右转向灯: 1 (0关, 1白, 2橙)
  灯环状态: 2 (0关, 1蓝, 2红)
[2025-09-09 19:44:45.647] [DEBUG] 组包成功，数据长度: 21 字节
[2025-09-09 19:44:45.656] [DEBUG] 发送数据: A5 60 9F A5 03 0D 3B 3A 33 33 33 E5 D3 37 33 33 33 33 33 C8 55
[2025-09-09 19:44:45.681] [DEBUG] 接收数据超时
[2025-09-09 19:44:45.690] [DEBUG] 组包成功，数据长度: 21 字节
[2025-09-09 19:44:45.703] [DEBUG] 发送数据: A5 60 9F A5 01 0D 3B 3A 33 33 33 E5 D3 37 33 33 33 33 33 8F 55
[2025-09-09 19:44:45.726] [DEBUG] 接收数据超时
[2025-09-09 19:44:45.733] [INFO] 结果: FAIL | 用时: 0.161s
[2025-09-09 19:44:45.745] [INFO] ==== 执行用例 #7975 ====
[2025-09-09 19:44:45.754] [INFO] 参数: {'screen_on': 1, 'brightness': 3, 'digital': 50, 'logo': 2, 'rim_state': 2, 'rdygo': 1, 'turn_left': 1, 'turn_right': 0, 'ring': 0} | 备注: nan
[2025-09-09 19:44:45.784] [DEBUG] 修改后的LED显示信息:
[2025-09-09 19:44:45.797] [INFO]   屏幕状态: 开
  亮度级别: 3
  数字显示: 50
  LOGO状态: 2 (0关, 1白, 2红)
  护盾状态: 2 (0关, 1白, 2绿)
  ReadyGo状态: 1 (0关, 1白, 2红)
  左转向灯: 1 (0关, 1白, 2橙)
  右转向灯: 0 (0关, 1白, 2橙)
  灯环状态: 0 (0关, 1蓝, 2红)
[2025-09-09 19:44:45.819] [DEBUG] 组包成功，数据长度: 21 字节
[2025-09-09 19:44:45.827] [DEBUG] 发送数据: A5 60 9F A5 03 0D 3B 3A 33 33 33 65 60 33 33 33 33 33 33 D7 55
[2025-09-09 19:44:45.852] [DEBUG] 接收数据超时
[2025-09-09 19:44:45.866] [DEBUG] 组包成功，数据长度: 21 字节
[2025-09-09 19:44:45.878] [DEBUG] 发送数据: A5 60 9F A5 01 0D 3B 3A 33 33 33 65 60 33 33 33 33 33 33 90 55
[2025-09-09 19:44:45.903] [DEBUG] 接收数据超时
[2025-09-09 19:44:45.911] [INFO] 结果: FAIL | 用时: 0.166s
[2025-09-09 19:44:45.920] [INFO] ==== 执行用例 #8146 ====
[2025-09-09 19:44:45.929] [INFO] 参数: {'screen_on': 1, 'brightness': 3, 'digital': 100, 'logo': 0, 'rim_state': 1, 'rdygo': 1, 'turn_left': 2, 'turn_right': 0, 'ring': 0} | 备注: nan
[2025-09-09 19:44:45.963] [DEBUG] 修改后的LED显示信息:
[2025-09-09 19:44:45.975] [INFO]   屏幕状态: 开
  亮度级别: 3
  数字显示: 100
  LOGO状态: 0 (0关, 1白, 2红)
  护盾状态: 1 (0关, 1白, 2绿)
  ReadyGo状态: 1 (0关, 1白, 2红)
  左转向灯: 2 (0关, 1白, 2橙)
  右转向灯: 0 (0关, 1白, 2橙)
  灯环状态: 0 (0关, 1蓝, 2红)
[2025-09-09 19:44:45.995] [DEBUG] 组包成功，数据长度: 21 字节
[2025-09-09 19:44:46.012] [DEBUG] 发送数据: A5 60 9F A5 03 0D 3B 3A 33 33 33 97 7D 33 33 33 33 33 33 04 55
[2025-09-09 19:44:46.033] [DEBUG] 接收数据超时
[2025-09-09 19:44:46.046] [DEBUG] 组包成功，数据长度: 21 字节
[2025-09-09 19:44:46.058] [DEBUG] 发送数据: A5 60 9F A5 01 0D 3B 3A 33 33 33 97 7D 33 33 33 33 33 33 43 55
[2025-09-09 19:44:46.083] [DEBUG] 接收数据超时
[2025-09-09 19:44:46.091] [INFO] 结果: FAIL | 用时: 0.171s
[2025-09-09 19:44:46.104] [INFO] ==== 执行用例 #9520 ====
[2025-09-09 19:44:46.112] [INFO] 参数: {'screen_on': 1, 'brightness': 4, 'digital': 50, 'logo': 0, 'rim_state': 0, 'rdygo': 1, 'turn_left': 1, 'turn_right': 2, 'ring': 0} | 备注: nan
[2025-09-09 19:44:46.142] [DEBUG] 修改后的LED显示信息:
[2025-09-09 19:44:46.154] [INFO]   屏幕状态: 开
  亮度级别: 4
  数字显示: 50
  LOGO状态: 0 (0关, 1白, 2红)
  护盾状态: 0 (0关, 1白, 2绿)
  ReadyGo状态: 1 (0关, 1白, 2红)
  左转向灯: 1 (0关, 1白, 2橙)
  右转向灯: 2 (0关, 1白, 2橙)
  灯环状态: 0 (0关, 1蓝, 2红)
[2025-09-09 19:44:46.175] [DEBUG] 组包成功，数据长度: 21 字节
[2025-09-09 19:44:46.184] [DEBUG] 发送数据: A5 60 9F A5 03 0D 3B 3C 33 33 33 65 5B 34 33 33 33 33 33 67 55
[2025-09-09 19:44:46.209] [DEBUG] 接收数据超时
[2025-09-09 19:44:46.222] [DEBUG] 组包成功，数据长度: 21 字节
[2025-09-09 19:44:46.229] [DEBUG] 发送数据: A5 60 9F A5 01 0D 3B 3C 33 33 33 65 5B 34 33 33 33 33 33 20 55
[2025-09-09 19:44:46.254] [DEBUG] 接收数据超时
[2025-09-09 19:44:46.263] [INFO] 结果: FAIL | 用时: 0.160s
[2025-09-09 19:44:46.272] [INFO] ==== 执行用例 #9922 ====
[2025-09-09 19:44:46.280] [INFO] 参数: {'screen_on': 1, 'brightness': 4, 'digital': 50, 'logo': 1, 'rim_state': 2, 'rdygo': 1, 'turn_left': 1, 'turn_right': 1, 'ring': 0} | 备注: nan
[2025-09-09 19:44:46.313] [DEBUG] 修改后的LED显示信息:
[2025-09-09 19:44:46.326] [INFO]   屏幕状态: 开
  亮度级别: 4
  数字显示: 50
  LOGO状态: 1 (0关, 1白, 2红)
  护盾状态: 2 (0关, 1白, 2绿)
  ReadyGo状态: 1 (0关, 1白, 2红)
  左转向灯: 1 (0关, 1白, 2橙)
  右转向灯: 1 (0关, 1白, 2橙)
  灯环状态: 0 (0关, 1蓝, 2红)
[2025-09-09 19:44:46.347] [DEBUG] 组包成功，数据长度: 21 字节
[2025-09-09 19:44:46.359] [DEBUG] 发送数据: A5 60 9F A5 03 0D 3B 3C 33 33 33 E5 DF 33 33 33 33 33 33 1A 55
[2025-09-09 19:44:46.381] [DEBUG] 接收数据超时
[2025-09-09 19:44:46.394] [DEBUG] 组包成功，数据长度: 21 字节
[2025-09-09 19:44:46.402] [DEBUG] 发送数据: A5 60 9F A5 01 0D 3B 3C 33 33 33 E5 DF 33 33 33 33 33 33 5D 55
[2025-09-09 19:44:46.424] [DEBUG] 接收数据超时
[2025-09-09 19:44:46.437] [INFO] 结果: FAIL | 用时: 0.165s
[2025-09-09 19:44:46.447] [INFO] ==== 执行用例 #10023 ====
[2025-09-09 19:44:46.453] [INFO] 参数: {'screen_on': 1, 'brightness': 4, 'digital': 50, 'logo': 2, 'rim_state': 0, 'rdygo': 2, 'turn_left': 0, 'turn_right': 1, 'ring': 2} | 备注: nan
[2025-09-09 19:44:46.489] [DEBUG] 修改后的LED显示信息:
[2025-09-09 19:44:46.502] [INFO]   屏幕状态: 开
  亮度级别: 4
  数字显示: 50
  LOGO状态: 2 (0关, 1白, 2红)
  护盾状态: 0 (0关, 1白, 2绿)
  ReadyGo状态: 2 (0关, 1白, 2红)
  左转向灯: 0 (0关, 1白, 2橙)
  右转向灯: 1 (0关, 1白, 2橙)
  灯环状态: 2 (0关, 1蓝, 2红)
[2025-09-09 19:44:46.529] [DEBUG] 组包成功，数据长度: 21 字节
[2025-09-09 19:44:46.542] [DEBUG] 发送数据: A5 60 9F A5 03 0D 3B 3C 33 33 33 65 C4 37 33 33 33 33 33 85 55
[2025-09-09 19:44:46.563] [DEBUG] 接收数据超时
[2025-09-09 19:44:46.577] [DEBUG] 组包成功，数据长度: 21 字节
[2025-09-09 19:44:46.587] [DEBUG] 发送数据: A5 60 9F A5 01 0D 3B 3C 33 33 33 65 C4 37 33 33 33 33 33 C2 55
[2025-09-09 19:44:46.608] [DEBUG] 接收数据超时
[2025-09-09 19:44:46.621] [INFO] 结果: FAIL | 用时: 0.174s
[2025-09-09 19:44:46.632] [INFO] ==== 执行用例 #10068 ====
[2025-09-09 19:44:46.642] [INFO] 参数: {'screen_on': 1, 'brightness': 4, 'digital': 50, 'logo': 2, 'rim_state': 1, 'rdygo': 0, 'turn_left': 2, 'turn_right': 1, 'ring': 2} | 备注: nan
[2025-09-09 19:44:46.672] [DEBUG] 修改后的LED显示信息:
[2025-09-09 19:44:46.684] [INFO]   屏幕状态: 开
  亮度级别: 4
  数字显示: 50
  LOGO状态: 2 (0关, 1白, 2红)
  护盾状态: 1 (0关, 1白, 2绿)
  ReadyGo状态: 0 (0关, 1白, 2红)
  左转向灯: 2 (0关, 1白, 2橙)
  右转向灯: 1 (0关, 1白, 2橙)
  灯环状态: 2 (0关, 1蓝, 2红)
[2025-09-09 19:44:46.705] [DEBUG] 组包成功，数据长度: 21 字节
[2025-09-09 19:44:46.715] [DEBUG] 发送数据: A5 60 9F A5 03 0D 3B 3C 33 33 33 65 F6 37 33 33 33 33 33 C9 55
[2025-09-09 19:44:46.738] [DEBUG] 接收数据超时
[2025-09-09 19:44:46.753] [DEBUG] 组包成功，数据长度: 21 字节
[2025-09-09 19:44:46.764] [DEBUG] 发送数据: A5 60 9F A5 01 0D 3B 3C 33 33 33 65 F6 37 33 33 33 33 33 8E 55
[2025-09-09 19:44:46.789] [DEBUG] 接收数据超时
[2025-09-09 19:44:46.797] [INFO] 结果: FAIL | 用时: 0.165s
[2025-09-09 19:44:46.807] [INFO] ==== 执行用例 #10282 ====
[2025-09-09 19:44:46.818] [INFO] 参数: {'screen_on': 1, 'brightness': 4, 'digital': 100, 'logo': 0, 'rim_state': 0, 'rdygo': 2, 'turn_left': 2, 'turn_right': 1, 'ring': 0} | 备注: nan
[2025-09-09 19:44:46.846] [DEBUG] 修改后的LED显示信息:
[2025-09-09 19:44:46.860] [INFO]   屏幕状态: 开
  亮度级别: 4
  数字显示: 100
  LOGO状态: 0 (0关, 1白, 2红)
  护盾状态: 0 (0关, 1白, 2绿)
  ReadyGo状态: 2 (0关, 1白, 2红)
  左转向灯: 2 (0关, 1白, 2橙)
  右转向灯: 1 (0关, 1白, 2橙)
  灯环状态: 0 (0关, 1蓝, 2红)
[2025-09-09 19:44:46.879] [DEBUG] 组包成功，数据长度: 21 字节
[2025-09-09 19:44:46.887] [DEBUG] 发送数据: A5 60 9F A5 03 0D 3B 3C 33 33 33 97 03 33 33 33 33 33 33 D5 55
[2025-09-09 19:44:46.915] [DEBUG] 接收数据超时
[2025-09-09 19:44:46.922] [DEBUG] 组包成功，数据长度: 21 字节
[2025-09-09 19:44:46.935] [DEBUG] 发送数据: A5 60 9F A5 01 0D 3B 3C 33 33 33 97 03 33 33 33 33 33 33 92 55
[2025-09-09 19:44:46.958] [DEBUG] 接收数据超时
[2025-09-09 19:44:46.969] [INFO] 结果: FAIL | 用时: 0.161s
[2025-09-09 19:44:46.982] [INFO] ==== 执行用例 #10509 ====
[2025-09-09 19:44:46.993] [INFO] 参数: {'screen_on': 1, 'brightness': 4, 'digital': 100, 'logo': 1, 'rim_state': 0, 'rdygo': 2, 'turn_left': 0, 'turn_right': 1, 'ring': 2} | 备注: nan
[2025-09-09 19:44:47.022] [DEBUG] 修改后的LED显示信息:
[2025-09-09 19:44:47.039] [INFO]   屏幕状态: 开
  亮度级别: 4
  数字显示: 100
  LOGO状态: 1 (0关, 1白, 2红)
  护盾状态: 0 (0关, 1白, 2绿)
  ReadyGo状态: 2 (0关, 1白, 2红)
  左转向灯: 0 (0关, 1白, 2橙)
  右转向灯: 1 (0关, 1白, 2橙)
  灯环状态: 2 (0关, 1蓝, 2红)
[2025-09-09 19:44:47.061] [DEBUG] 组包成功，数据长度: 21 字节
[2025-09-09 19:44:47.071] [DEBUG] 发送数据: A5 60 9F A5 03 0D 3B 3C 33 33 33 17 C3 37 33 33 33 33 33 56 55
[2025-09-09 19:44:47.101] [DEBUG] 接收数据超时
[2025-09-09 19:44:47.113] [DEBUG] 组包成功，数据长度: 21 字节
[2025-09-09 19:44:47.121] [DEBUG] 发送数据: A5 60 9F A5 01 0D 3B 3C 33 33 33 17 C3 37 33 33 33 33 33 11 55
[2025-09-09 19:44:47.144] [DEBUG] 接收数据超时
[2025-09-09 19:44:47.154] [INFO] 结果: FAIL | 用时: 0.172s
[2025-09-09 19:44:47.163] [INFO] ==== 执行用例 #11108 ====
[2025-09-09 19:44:47.171] [INFO] 参数: {'screen_on': 1, 'brightness': 5, 'digital': 0, 'logo': 0, 'rim_state': 2, 'rdygo': 0, 'turn_left': 1, 'turn_right': 0, 'ring': 1} | 备注: nan
[2025-09-09 19:44:47.204] [DEBUG] 修改后的LED显示信息:
[2025-09-09 19:44:47.219] [INFO]   屏幕状态: 开
  亮度级别: 5
  数字显示: 0
  LOGO状态: 0 (0关, 1白, 2红)
  护盾状态: 2 (0关, 1白, 2绿)
  ReadyGo状态: 0 (0关, 1白, 2红)
  左转向灯: 1 (0关, 1白, 2橙)
  右转向灯: 0 (0关, 1白, 2橙)
  灯环状态: 1 (0关, 1蓝, 2红)
[2025-09-09 19:44:47.237] [DEBUG] 组包成功，数据长度: 21 字节
[2025-09-09 19:44:47.248] [DEBUG] 发送数据: A5 60 9F A5 03 0D 3B 3E 33 33 33 33 57 35 33 33 33 33 33 6E 55
[2025-09-09 19:44:47.269] [DEBUG] 接收数据超时
[2025-09-09 19:44:47.283] [DEBUG] 组包成功，数据长度: 21 字节
[2025-09-09 19:44:47.295] [DEBUG] 发送数据: A5 60 9F A5 01 0D 3B 3E 33 33 33 33 57 35 33 33 33 33 33 29 55
[2025-09-09 19:44:47.316] [DEBUG] 接收数据超时
[2025-09-09 19:44:47.326] [INFO] 结果: FAIL | 用时: 0.163s
[2025-09-09 19:44:47.337] [INFO] ==== 执行用例 #11309 ====
[2025-09-09 19:44:47.345] [INFO] 参数: {'screen_on': 1, 'brightness': 5, 'digital': 0, 'logo': 1, 'rim_state': 1, 'rdygo': 1, 'turn_left': 2, 'turn_right': 1, 'ring': 1} | 备注: nan
[2025-09-09 19:44:47.379] [DEBUG] 修改后的LED显示信息:
[2025-09-09 19:44:47.393] [INFO]   屏幕状态: 开
  亮度级别: 5
  数字显示: 0
  LOGO状态: 1 (0关, 1白, 2红)
  护盾状态: 1 (0关, 1白, 2绿)
  ReadyGo状态: 1 (0关, 1白, 2红)
  左转向灯: 2 (0关, 1白, 2橙)
  右转向灯: 1 (0关, 1白, 2橙)
  灯环状态: 1 (0关, 1蓝, 2红)
[2025-09-09 19:44:47.413] [DEBUG] 组包成功，数据长度: 21 字节
[2025-09-09 19:44:47.424] [DEBUG] 发送数据: A5 60 9F A5 03 0D 3B 3E 33 33 33 B3 FD 35 33 33 33 33 33 82 55
[2025-09-09 19:44:47.450] [DEBUG] 接收数据超时
[2025-09-09 19:44:47.458] [DEBUG] 组包成功，数据长度: 21 字节
[2025-09-09 19:44:47.470] [DEBUG] 发送数据: A5 60 9F A5 01 0D 3B 3E 33 33 33 B3 FD 35 33 33 33 33 33 C5 55
[2025-09-09 19:44:47.492] [DEBUG] 接收数据超时
[2025-09-09 19:44:47.503] [INFO] 结果: FAIL | 用时: 0.166s
[2025-09-09 19:44:47.512] [INFO] ==== 执行用例 #11460 ====
[2025-09-09 19:44:47.519] [INFO] 参数: {'screen_on': 1, 'brightness': 5, 'digital': 0, 'logo': 2, 'rim_state': 0, 'rdygo': 1, 'turn_left': 1, 'turn_right': 0, 'ring': 2} | 备注: nan
[2025-09-09 19:44:47.552] [DEBUG] 修改后的LED显示信息:
[2025-09-09 19:44:47.566] [INFO]   屏幕状态: 开
  亮度级别: 5
  数字显示: 0
  LOGO状态: 2 (0关, 1白, 2红)
  护盾状态: 0 (0关, 1白, 2绿)
  ReadyGo状态: 1 (0关, 1白, 2红)
  左转向灯: 1 (0关, 1白, 2橙)
  右转向灯: 0 (0关, 1白, 2橙)
  灯环状态: 2 (0关, 1蓝, 2红)
[2025-09-09 19:44:47.586] [DEBUG] 组包成功，数据长度: 21 字节
[2025-09-09 19:44:47.598] [DEBUG] 发送数据: A5 60 9F A5 03 0D 3B 3E 33 33 33 33 5C 37 33 33 33 33 33 AD 55
[2025-09-09 19:44:47.624] [DEBUG] 接收数据超时
[2025-09-09 19:44:47.635] [DEBUG] 组包成功，数据长度: 21 字节
[2025-09-09 19:44:47.644] [DEBUG] 发送数据: A5 60 9F A5 01 0D 3B 3E 33 33 33 33 5C 37 33 33 33 33 33 EA 55
[2025-09-09 19:44:47.665] [DEBUG] 接收数据超时
[2025-09-09 19:44:47.677] [INFO] 结果: FAIL | 用时: 0.165s
[2025-09-09 19:44:47.690] [INFO] ==== 执行用例 #12960 ====
[2025-09-09 19:44:47.698] [INFO] 参数: {'screen_on': 1, 'brightness': 5, 'digital': 100, 'logo': 2, 'rim_state': 0, 'rdygo': 2, 'turn_left': 2, 'turn_right': 2, 'ring': 2} | 备注: nan
[2025-09-09 19:44:47.731] [DEBUG] 修改后的LED显示信息:
[2025-09-09 19:44:47.741] [INFO]   屏幕状态: 开
  亮度级别: 5
  数字显示: 100
  LOGO状态: 2 (0关, 1白, 2红)
  护盾状态: 0 (0关, 1白, 2绿)
  ReadyGo状态: 2 (0关, 1白, 2红)
  左转向灯: 2 (0关, 1白, 2橙)
  右转向灯: 2 (0关, 1白, 2橙)
  灯环状态: 2 (0关, 1蓝, 2红)
[2025-09-09 19:44:47.761] [DEBUG] 组包成功，数据长度: 21 字节
[2025-09-09 19:44:47.770] [DEBUG] 发送数据: A5 60 9F A5 03 0D 3B 3E 33 33 33 97 84 38 33 33 33 33 33 9E 55
[2025-09-09 19:44:47.791] [DEBUG] 接收数据超时
[2025-09-09 19:44:47.803] [DEBUG] 组包成功，数据长度: 21 字节
[2025-09-09 19:44:47.816] [DEBUG] 发送数据: A5 60 9F A5 01 0D 3B 3E 33 33 33 97 84 38 33 33 33 33 33 D9 55
[2025-09-09 19:44:47.838] [DEBUG] 接收数据超时
[2025-09-09 19:44:47.845] [INFO] 结果: FAIL | 用时: 0.155s
[2025-09-09 19:44:47.855] [INFO] ==== 执行用例 #13191 ====
[2025-09-09 19:44:47.866] [INFO] 参数: {'screen_on': 1, 'brightness': 6, 'digital': 0, 'logo': 0, 'rim_state': 0, 'rdygo': 2, 'turn_left': 1, 'turn_right': 1, 'ring': 2} | 备注: nan
[2025-09-09 19:44:47.896] [DEBUG] 修改后的LED显示信息:
[2025-09-09 19:44:47.909] [INFO]   屏幕状态: 开
  亮度级别: 6
  数字显示: 0
  LOGO状态: 0 (0关, 1白, 2红)
  护盾状态: 0 (0关, 1白, 2绿)
  ReadyGo状态: 2 (0关, 1白, 2红)
  左转向灯: 1 (0关, 1白, 2橙)
  右转向灯: 1 (0关, 1白, 2橙)
  灯环状态: 2 (0关, 1蓝, 2红)
[2025-09-09 19:44:47.933] [DEBUG] 组包成功，数据长度: 21 字节
[2025-09-09 19:44:47.942] [DEBUG] 发送数据: A5 60 9F A5 03 0D 3B 40 33 33 33 33 E3 37 33 33 33 33 33 02 55
[2025-09-09 19:44:47.972] [DEBUG] 接收数据超时
[2025-09-09 19:44:47.984] [DEBUG] 组包成功，数据长度: 21 字节
[2025-09-09 19:44:47.997] [DEBUG] 发送数据: A5 60 9F A5 01 0D 3B 40 33 33 33 33 E3 37 33 33 33 33 33 45 55
[2025-09-09 19:44:48.017] [DEBUG] 接收数据超时
[2025-09-09 19:44:48.027] [INFO] 结果: FAIL | 用时: 0.172s
[2025-09-09 19:44:48.039] [INFO] ==== 执行用例 #13602 ====
[2025-09-09 19:44:48.047] [INFO] 参数: {'screen_on': 1, 'brightness': 6, 'digital': 0, 'logo': 1, 'rim_state': 2, 'rdygo': 2, 'turn_left': 2, 'turn_right': 0, 'ring': 2} | 备注: nan
[2025-09-09 19:44:48.080] [DEBUG] 修改后的LED显示信息:
[2025-09-09 19:44:48.093] [INFO]   屏幕状态: 开
  亮度级别: 6
  数字显示: 0
  LOGO状态: 1 (0关, 1白, 2红)
  护盾状态: 2 (0关, 1白, 2绿)
  ReadyGo状态: 2 (0关, 1白, 2红)
  左转向灯: 2 (0关, 1白, 2橙)
  右转向灯: 0 (0关, 1白, 2橙)
  灯环状态: 2 (0关, 1蓝, 2红)
[2025-09-09 19:44:48.114] [DEBUG] 组包成功，数据长度: 21 字节
[2025-09-09 19:44:48.126] [DEBUG] 发送数据: A5 60 9F A5 03 0D 3B 40 33 33 33 B3 87 37 33 33 33 33 33 62 55
[2025-09-09 19:44:48.150] [DEBUG] 接收数据超时
[2025-09-09 19:44:48.158] [DEBUG] 组包成功，数据长度: 21 字节
[2025-09-09 19:44:48.171] [DEBUG] 发送数据: A5 60 9F A5 01 0D 3B 40 33 33 33 B3 87 37 33 33 33 33 33 25 55
[2025-09-09 19:44:48.193] [DEBUG] 接收数据超时
[2025-09-09 19:44:48.201] [INFO] 结果: FAIL | 用时: 0.163s
[2025-09-09 19:44:48.212] [INFO] ==== 执行用例 #14453 ====
[2025-09-09 19:44:48.220] [INFO] 参数: {'screen_on': 1, 'brightness': 6, 'digital': 50, 'logo': 2, 'rim_state': 1, 'rdygo': 1, 'turn_left': 0, 'turn_right': 2, 'ring': 1} | 备注: nan
[2025-09-09 19:44:48.255] [DEBUG] 修改后的LED显示信息:
[2025-09-09 19:44:48.266] [INFO]   屏幕状态: 开
  亮度级别: 6
  数字显示: 50
  LOGO状态: 2 (0关, 1白, 2红)
  护盾状态: 1 (0关, 1白, 2绿)
  ReadyGo状态: 1 (0关, 1白, 2红)
  左转向灯: 0 (0关, 1白, 2橙)
  右转向灯: 2 (0关, 1白, 2橙)
  灯环状态: 1 (0关, 1蓝, 2红)
[2025-09-09 19:44:48.287] [DEBUG] 组包成功，数据长度: 21 字节
[2025-09-09 19:44:48.297] [DEBUG] 发送数据: A5 60 9F A5 03 0D 3B 40 33 33 33 65 3E 36 33 33 33 33 33 D5 55
[2025-09-09 19:44:48.324] [DEBUG] 接收数据超时
[2025-09-09 19:44:48.337] [DEBUG] 组包成功，数据长度: 21 字节
[2025-09-09 19:44:48.346] [DEBUG] 发送数据: A5 60 9F A5 01 0D 3B 40 33 33 33 65 3E 36 33 33 33 33 33 92 55
[2025-09-09 19:44:48.366] [DEBUG] 接收数据超时
[2025-09-09 19:44:48.378] [INFO] 结果: FAIL | 用时: 0.166s
[2025-09-09 19:44:48.386] [INFO] ==== 执行用例 #14934 ====
[2025-09-09 19:44:48.395] [INFO] 参数: {'screen_on': 1, 'brightness': 6, 'digital': 100, 'logo': 1, 'rim_state': 1, 'rdygo': 1, 'turn_left': 0, 'turn_right': 0, 'ring': 2} | 备注: nan
[2025-09-09 19:44:48.430] [DEBUG] 修改后的LED显示信息:
[2025-09-09 19:44:48.441] [INFO]   屏幕状态: 开
  亮度级别: 6
  数字显示: 100
  LOGO状态: 1 (0关, 1白, 2红)
  护盾状态: 1 (0关, 1白, 2绿)
  ReadyGo状态: 1 (0关, 1白, 2红)
  左转向灯: 0 (0关, 1白, 2橙)
  右转向灯: 0 (0关, 1白, 2橙)
  灯环状态: 2 (0关, 1蓝, 2红)
[2025-09-09 19:44:48.462] [DEBUG] 组包成功，数据长度: 21 字节
[2025-09-09 19:44:48.470] [DEBUG] 发送数据: A5 60 9F A5 03 0D 3B 40 33 33 33 17 3D 37 33 33 33 33 33 46 55
[2025-09-09 19:44:48.497] [DEBUG] 接收数据超时
[2025-09-09 19:44:48.504] [DEBUG] 组包成功，数据长度: 21 字节
[2025-09-09 19:44:48.521] [DEBUG] 发送数据: A5 60 9F A5 01 0D 3B 40 33 33 33 17 3D 37 33 33 33 33 33 01 55
[2025-09-09 19:44:48.542] [DEBUG] 接收数据超时
[2025-09-09 19:44:48.550] [INFO] 结果: FAIL | 用时: 0.164s
[2025-09-09 19:44:48.563] [INFO] ==== 执行用例 #15192 ====
[2025-09-09 19:44:48.571] [INFO] 参数: {'screen_on': 1, 'brightness': 6, 'digital': 100, 'logo': 2, 'rim_state': 1, 'rdygo': 1, 'turn_left': 1, 'turn_right': 2, 'ring': 2} | 备注: nan
[2025-09-09 19:44:48.601] [DEBUG] 修改后的LED显示信息:
[2025-09-09 19:44:48.615] [INFO]   屏幕状态: 开
  亮度级别: 6
  数字显示: 100
  LOGO状态: 2 (0关, 1白, 2红)
  护盾状态: 1 (0关, 1白, 2绿)
  ReadyGo状态: 1 (0关, 1白, 2红)
  左转向灯: 1 (0关, 1白, 2橙)
  右转向灯: 2 (0关, 1白, 2橙)
  灯环状态: 2 (0关, 1蓝, 2红)
[2025-09-09 19:44:48.637] [DEBUG] 组包成功，数据长度: 21 字节
[2025-09-09 19:44:48.646] [DEBUG] 发送数据: A5 60 9F A5 03 0D 3B 40 33 33 33 97 5E 38 33 33 33 33 33 7E 55
[2025-09-09 19:44:48.670] [DEBUG] 接收数据超时
[2025-09-09 19:44:48.680] [DEBUG] 组包成功，数据长度: 21 字节
[2025-09-09 19:44:48.690] [DEBUG] 发送数据: A5 60 9F A5 01 0D 3B 40 33 33 33 97 5E 38 33 33 33 33 33 39 55
[2025-09-09 19:44:48.709] [DEBUG] 接收数据超时
[2025-09-09 19:44:48.722] [INFO] 结果: FAIL | 用时: 0.159s
[2025-09-09 19:44:48.731] [INFO] ==== 执行用例 #15583 ====
[2025-09-09 19:44:48.739] [INFO] 参数: {'screen_on': 1, 'brightness': 7, 'digital': 0, 'logo': 1, 'rim_state': 0, 'rdygo': 1, 'turn_left': 0, 'turn_right': 1, 'ring': 0} | 备注: nan
[2025-09-09 19:44:48.773] [DEBUG] 修改后的LED显示信息:
[2025-09-09 19:44:48.785] [INFO]   屏幕状态: 开
  亮度级别: 7
  数字显示: 0
  LOGO状态: 1 (0关, 1白, 2红)
  护盾状态: 0 (0关, 1白, 2绿)
  ReadyGo状态: 1 (0关, 1白, 2红)
  左转向灯: 0 (0关, 1白, 2橙)
  右转向灯: 1 (0关, 1白, 2橙)
  灯环状态: 0 (0关, 1蓝, 2红)
[2025-09-09 19:44:48.806] [DEBUG] 组包成功，数据长度: 21 字节
[2025-09-09 19:44:48.814] [DEBUG] 发送数据: A5 60 9F A5 03 0D 3B 42 33 33 33 B3 BB 33 33 33 33 33 33 AB 55
[2025-09-09 19:44:48.839] [DEBUG] 接收数据超时
[2025-09-09 19:44:48.852] [DEBUG] 组包成功，数据长度: 21 字节
[2025-09-09 19:44:48.864] [DEBUG] 发送数据: A5 60 9F A5 01 0D 3B 42 33 33 33 B3 BB 33 33 33 33 33 33 EC 55
[2025-09-09 19:44:48.885] [DEBUG] 接收数据超时
[2025-09-09 19:44:48.897] [INFO] 结果: FAIL | 用时: 0.167s
[2025-09-09 19:44:48.906] [INFO] ==== 执行用例 #16100 ====
[2025-09-09 19:44:48.914] [INFO] 参数: {'screen_on': 1, 'brightness': 7, 'digital': 50, 'logo': 0, 'rim_state': 0, 'rdygo': 2, 'turn_left': 0, 'turn_right': 2, 'ring': 1} | 备注: nan
[2025-09-09 19:44:48.949] [DEBUG] 修改后的LED显示信息:
[2025-09-09 19:44:48.961] [INFO]   屏幕状态: 开
  亮度级别: 7
  数字显示: 50
  LOGO状态: 0 (0关, 1白, 2红)
  护盾状态: 0 (0关, 1白, 2绿)
  ReadyGo状态: 2 (0关, 1白, 2红)
  左转向灯: 0 (0关, 1白, 2橙)
  右转向灯: 2 (0关, 1白, 2橙)
  灯环状态: 1 (0关, 1蓝, 2红)
[2025-09-09 19:44:48.983] [DEBUG] 组包成功，数据长度: 21 字节
[2025-09-09 19:44:48.993] [DEBUG] 发送数据: A5 60 9F A5 03 0D 3B 42 33 33 33 65 43 36 33 33 33 33 33 99 55
[2025-09-09 19:44:49.018] [DEBUG] 接收数据超时
[2025-09-09 19:44:49.031] [DEBUG] 组包成功，数据长度: 21 字节
[2025-09-09 19:44:49.042] [DEBUG] 发送数据: A5 60 9F A5 01 0D 3B 42 33 33 33 65 43 36 33 33 33 33 33 DE 55
[2025-09-09 19:44:49.064] [DEBUG] 接收数据超时
[2025-09-09 19:44:49.074] [INFO] 结果: FAIL | 用时: 0.169s
[2025-09-09 19:44:49.086] [INFO] ==== 执行用例 #16418 ====
[2025-09-09 19:44:49.096] [INFO] 参数: {'screen_on': 1, 'brightness': 7, 'digital': 50, 'logo': 1, 'rim_state': 1, 'rdygo': 2, 'turn_left': 0, 'turn_right': 0, 'ring': 1} | 备注: nan
[2025-09-09 19:44:49.125] [DEBUG] 修改后的LED显示信息:
[2025-09-09 19:44:49.138] [INFO]   屏幕状态: 开
  亮度级别: 7
  数字显示: 50
  LOGO状态: 1 (0关, 1白, 2红)
  护盾状态: 1 (0关, 1白, 2绿)
  ReadyGo状态: 2 (0关, 1白, 2红)
  左转向灯: 0 (0关, 1白, 2橙)
  右转向灯: 0 (0关, 1白, 2橙)
  灯环状态: 1 (0关, 1蓝, 2红)
[2025-09-09 19:44:49.159] [DEBUG] 组包成功，数据长度: 21 字节
[2025-09-09 19:44:49.167] [DEBUG] 发送数据: A5 60 9F A5 03 0D 3B 42 33 33 33 E5 45 35 33 33 33 33 33 11 55
[2025-09-09 19:44:49.192] [DEBUG] 接收数据超时
[2025-09-09 19:44:49.203] [DEBUG] 组包成功，数据长度: 21 字节
[2025-09-09 19:44:49.214] [DEBUG] 发送数据: A5 60 9F A5 01 0D 3B 42 33 33 33 E5 45 35 33 33 33 33 33 56 55
[2025-09-09 19:44:49.234] [DEBUG] 接收数据超时
[2025-09-09 19:44:49.246] [INFO] 结果: FAIL | 用时: 0.161s
[2025-09-09 19:44:49.255] [INFO] ==== 执行用例 #16485 ====
[2025-09-09 19:44:49.265] [INFO] 参数: {'screen_on': 1, 'brightness': 7, 'digital': 50, 'logo': 1, 'rim_state': 2, 'rdygo': 1, 'turn_left': 1, 'turn_right': 1, 'ring': 2} | 备注: nan
[2025-09-09 19:44:49.296] [DEBUG] 修改后的LED显示信息:
[2025-09-09 19:44:49.309] [INFO]   屏幕状态: 开
  亮度级别: 7
  数字显示: 50
  LOGO状态: 1 (0关, 1白, 2红)
  护盾状态: 2 (0关, 1白, 2绿)
  ReadyGo状态: 1 (0关, 1白, 2红)
  左转向灯: 1 (0关, 1白, 2橙)
  右转向灯: 1 (0关, 1白, 2橙)
  灯环状态: 2 (0关, 1蓝, 2红)
[2025-09-09 19:44:49.325] [DEBUG] 组包成功，数据长度: 21 字节
[2025-09-09 19:44:49.338] [DEBUG] 发送数据: A5 60 9F A5 03 0D 3B 42 33 33 33 E5 DF 37 33 33 33 33 33 79 55
[2025-09-09 19:44:49.362] [DEBUG] 接收数据超时
[2025-09-09 19:44:49.372] [DEBUG] 组包成功，数据长度: 21 字节
[2025-09-09 19:44:49.380] [DEBUG] 发送数据: A5 60 9F A5 01 0D 3B 42 33 33 33 E5 DF 37 33 33 33 33 33 3E 55
[2025-09-09 19:44:49.406] [DEBUG] 接收数据超时
[2025-09-09 19:44:49.414] [INFO] 结果: FAIL | 用时: 0.159s
[2025-09-09 19:44:49.423] [INFO] ==== 执行用例 #16555 ====
[2025-09-09 19:44:49.435] [INFO] 参数: {'screen_on': 1, 'brightness': 7, 'digital': 50, 'logo': 2, 'rim_state': 0, 'rdygo': 1, 'turn_left': 0, 'turn_right': 1, 'ring': 0} | 备注: nan
[2025-09-09 19:44:49.468] [DEBUG] 修改后的LED显示信息:
[2025-09-09 19:44:49.480] [INFO]   屏幕状态: 开
  亮度级别: 7
  数字显示: 50
  LOGO状态: 2 (0关, 1白, 2红)
  护盾状态: 0 (0关, 1白, 2绿)
  ReadyGo状态: 1 (0关, 1白, 2红)
  左转向灯: 0 (0关, 1白, 2橙)
  右转向灯: 1 (0关, 1白, 2橙)
  灯环状态: 0 (0关, 1蓝, 2红)
[2025-09-09 19:44:49.498] [DEBUG] 组包成功，数据长度: 21 字节
[2025-09-09 19:44:49.509] [DEBUG] 发送数据: A5 60 9F A5 03 0D 3B 42 33 33 33 65 BC 33 33 33 33 33 33 1D 55
[2025-09-09 19:44:49.535] [DEBUG] 接收数据超时
[2025-09-09 19:44:49.550] [DEBUG] 组包成功，数据长度: 21 字节
[2025-09-09 19:44:49.560] [DEBUG] 发送数据: A5 60 9F A5 01 0D 3B 42 33 33 33 65 BC 33 33 33 33 33 33 5A 55
[2025-09-09 19:44:49.585] [DEBUG] 接收数据超时
[2025-09-09 19:44:49.597] [INFO] 结果: FAIL | 用时: 0.175s
[2025-09-09 19:44:49.605] [INFO] ==== 执行用例 #20000 ====
[2025-09-09 19:44:49.618] [INFO] 参数: {'screen_on': 1, 'brightness': 5, 'digital': 11, 'logo': 0, 'rim_state': 0, 'rdygo': 1, 'turn_left': 0, 'turn_right': 1, 'ring': 0} | 备注: nan
[2025-09-09 19:44:49.649] [DEBUG] 修改后的LED显示信息:
[2025-09-09 19:44:49.659] [INFO]   屏幕状态: 开
  亮度级别: 5
  数字显示: 11
  LOGO状态: 0 (0关, 1白, 2红)
  护盾状态: 0 (0关, 1白, 2绿)
  ReadyGo状态: 1 (0关, 1白, 2红)
  左转向灯: 0 (0关, 1白, 2橙)
  右转向灯: 1 (0关, 1白, 2橙)
  灯环状态: 0 (0关, 1蓝, 2红)
[2025-09-09 19:44:49.681] [DEBUG] 组包成功，数据长度: 21 字节
[2025-09-09 19:44:49.695] [DEBUG] 发送数据: A5 60 9F A5 03 0D 3B 3E 33 33 33 3E BB 33 33 33 33 33 33 09 55
[2025-09-09 19:44:49.718] [DEBUG] 接收数据超时
[2025-09-09 19:44:49.730] [DEBUG] 组包成功，数据长度: 21 字节
[2025-09-09 19:44:49.743] [DEBUG] 发送数据: A5 60 9F A5 01 0D 3B 3E 33 33 33 3E BB 33 33 33 33 33 33 4E 55
[2025-09-09 19:44:49.764] [DEBUG] 接收数据超时
[2025-09-09 19:44:49.775] [INFO] 结果: FAIL | 用时: 0.170s
[2025-09-09 19:44:49.787] [INFO] 开始压力循环: 次数=1, 间隔=0.5s, 参数={'screen_on': 1, 'brightness': 1, 'digital': 50, 'logo': 0, 'rim_state': 1, 'rdygo': 0, 'turn_left': 0, 'turn_right': 0, 'ring': 2}
[2025-09-09 19:44:49.813] [DEBUG] 修改后的LED显示信息:
[2025-09-09 19:44:49.829] [INFO]   屏幕状态: 开
  亮度级别: 1
  数字显示: 50
  LOGO状态: 0 (0关, 1白, 2红)
  护盾状态: 1 (0关, 1白, 2绿)
  ReadyGo状态: 0 (0关, 1白, 2红)
  左转向灯: 0 (0关, 1白, 2橙)
  右转向灯: 0 (0关, 1白, 2橙)
  灯环状态: 2 (0关, 1蓝, 2红)
[2025-09-09 19:44:49.846] [DEBUG] 组包成功，数据长度: 21 字节
[2025-09-09 19:44:49.859] [DEBUG] 发送数据: A5 60 9F A5 03 0D 3B 36 33 33 33 65 35 37 33 33 33 33 33 6A 55
[2025-09-09 19:44:49.880] [DEBUG] 接收数据: A5 60 9F A5 83 55 33 93 7F 63 64 33 33 33 33 33 33 33 33 33 33 33 33 33 33 33 33 33 33 33 33 33 33 33 33 33 33 33 33 33 33 33 33 89 66 69 66 65 85 64 63 64 76 63 64 92 75 A7 63 65 33 33 33 33 33 37 33 38 33 33 33 36 33 33 33 65 35 37 33 33 33 33 33 33 33 33 33 33 33 33 33 42 55 A5 60 9F A5 81 0D 3B 36 33 33 33 65 35 37 33 33 33 33 33 1A 55 A5 60 9F A5 83 55 33 93 7F 63 64 33 33 33 33 33 33 33 33 33 33 33 33 33 33 33 33 33 33 33 33 33 33 33 33 33 33 33 33 33 33 33 33 89 66 69 66 65 85 64 63 64 76 63 64 92 75 A7 63 65 33 33 33 33 33 37 33 38 33 33 33 38 33 33 33 65 33 37 33 33 33 33 33 33 33 33 33 33 33 33 33 EE 55 A5 60 9F A5 81 0D 3B 38 33 33 33 65 33 37 33 33 33 33 33 8C 55 A5 60 9F A5 83 55 33 93 7F 63 64 33 33 33 33 33 33 33 33 33 33 33 33 33 33 33 33 33 33 33 33 33 33 33 33 33 33 33 33 33 33 33 33 89 66 69 66 65 85 64 63 64 76 63 64 92 75 A7 63 65 33 33 33 33 33 37 33 38 33 33 33 3A 33 33 33 33 57 34 33 33 33 33 33 33 33 33 33 33 33 33 33 53 55 A5 60 9F A5 81 0D 3B 3A 33 33 33 33 57 34 33 33 33 33 33 92 55 A5 60 9F A5 83 55 33 93 7F 63 64 33 33 33 33 33 33 33 33 33 33 33 33 33 33 33 33 33 33 33 33 33 33 33 33 33 33 33 33 33 33 33 33 89 66 69 66 65 85 64 63 64 76 63 64 92 75 A7 63 65 33 33 33 33 33 37 33 38 33 33 33 3A 33 33 33 B3 5D 37 33 33 33 33 33 33 33 33 33 33 33 33 33 A2 55 A5 60 9F A5 81 0D 3B 3A 33 33 33 B3 5D 37 33 33 33 33 33 2C 55 A5 60 9F A5 83 55 33 93 7F 63 64 33 33 33 33 33 33 33 33 33 33 33 33 33 33 33 33 33 33 33 33 33 33 33 33 33 33 33 33 33 33 33 33 89 66 69 66 65 85 64 63 64 76 63 64 92 75 A7 63 65 33 33 33 33 33 37 33 37 33 33 33 3A 33 33 33 65 43 37 33 33 33 33 33 33 33 33 33 33 33 33 33 10 55 A5 60 9F A5 81 0D 3B 3A 33 33 33 65 43 37 33 33 33 33 33 3C 55 A5 60 9F A5 83 55 33 93 7F 63 64 33 33 33 33 33 33 33 33 33 33 33 33 33 33 33 33 33 33 33 33 33 33 33 33 33 33 33 33 33 33 33 33 89 66 69 66 65 85 64 63 64 76 63 64 92 75 A7 63 65 33 33 33 33 33 37 33 37 33 33 33 3A 33 33 33 E5 D3 37 33 33 33 33 33 33 33 33 33 33 33 33 33 3D 55 A5 60 9F A5 81 0D 3B 3A 33 33 33 E5 D3 37 33 33 33 33 33 B8 55 A5 60 9F A5 83 55 33 93 7F 63 64 33 33 33 33 33 33 33 33 33 33 33 33 33 33 33 33 33 33 33 33 33 33 33 33 33 33 33 33 33 33 33 33 89 66 69 66 65 85 64 63 64 76 63 64 92 75 A7 63 65 33 33 33 33 33 37 33 37 33 33 33 3A 33 33 33 65 60 33 33 33 33 33 33 33 33 33 33 33 33 33 33 E1 55 A5 60 9F A5 81 0D 3B 3A 33 33 33 65 60 33 33 33 33 33 33 A7 55 A5 60 9F A5 83 55 33 93 7F 63 64 33 33 33 33 33 33 33 33 33 33 33 33 33 33 33 33 33 33 33 33 33 33 33 33 33 33 33 33 33 33 33 33 89 66 69 66 65 85 64 63 64 76 63 64 92 75 A7 63 65 33 33 33 33 33 37 33 37 33 33 33 3A 33 33 33 97 7D 33 33 33 33 33 33 33 33 33 33 33 33 33 33 42 55 A5 60 9F A5 81 0D 3B 3A 33 33 33 97 7D 33 33 33 33 33 33 74 55 A5 60 9F A5 83 55 33 93 7F 63 64 33 33 33 33 33 33 33 33 33 33 33 33 33 33 33 33 33 33 33 33 33 33 33 33 33 33 33 33 33 33 33 33 89 66 69 66 65 85 64 63 64 76 63 64 92 75 A7 63 65 33 33 33 33 33 37 33 38 33 33 33 3C 33 33 33 65 5B 34 33 33 33 33 33 33 33 33 33 33 33 33 33 1E 55 A5 60 9F A5 81 0D 3B 3C 33 33 33 65 5B 34 33 33 33 33 33 17 55 A5 60 9F A5 83 55 33 93 7F 63 64 33 33 33 33 33 33 33 33 33 33 33 33 33 33 33 33 33 33 33 33 33 33 33 33 33 33 33 33 33 33 33 33 89 66 69 66 65 85 64 63 64 76 63 64 92 75 A7 63 65 33 33 33 33 33 37 33 37 33 33 33 3C 33 33 33 E5 DF 33 33 33 33 33 33 33 33 33 33 33 33 33 33 CB 55 A5 60 9F A5 81 0D 3B 3C 33 33 33 E5 DF 33 33 33 33 33 33 6A 55 A5 60 9F A5 83 55 33 93 7F 63 64 33 33 33 33 33 33 33 33 33 33 33 33 33 33 33 33 33 33 33 33 33 33 33 33 33 33 33 33 33 33 33 33 89 66 69 66 65 85 64 63 64 76 63 64 92 75 A7 63 65 33 33 33 33 33 37 33 37 33 33 33 3C 33 33 33 65 C4 37 33 33 33 33 33 33 33 33 33 33 33 33 33 25 55 A5 60 9F A5 81 0D 3B 3C 33 33 33 65 C4 37 33 33 33 33 33 F5 55 A5 60 9F A5 83 55 33 93 7F 63 64 33 33 33 33 33 33 33 33 33 33 33 33 33 33 33 33 33 33 33 33 33 33 33 33 33 33 33 33 33 33 33 33 89 66 69 66 65 85 64 63 64 76 63 64 92 75 A7 63 65 33 33 33 33 33 37 33 37 33 33 33 3C 33 33 33 65 F6 37 33 33 33 33 33 33 33 33 33 33 33 33 33 64 55 A5 60 9F A5 81 0D 3B 3C 33 33 33 65 F6 37 33 33 33 33 33 B9 55 A5 60 9F A5 83 55 33 93 7F 63 64 33 33 33 33 33 33 33 33 33 33 33 33 33 33 33 33 33 33 33 33 33 33 33 33 33 33 33 33 33 33 33 33 89 66 69 66 65 85 64 63 64 76 63 64 92 75 A7 63 65 33 33 33 33 33 37 33 38 33 33 33 3C 33 33 33 97 03 33 33 33 33 33 33 33 33 33 33 33 33 33 33 3B 55 A5 60 9F A5 81 0D 3B 3C 33 33 33 97 03 33 33 33 33 33 33 A5 55 A5 60 9F A5 83 55 33 93 7F 63 64 33 33 33 33 33 33 33 33 33 33 33 33 33 33 33 33 33 33 33 33 33 33 33 33 33 33 33 33 33 33 33 33 89 66 69 66 65 85 64 63 64 76 63 64 92 75 A7 63 65 33 33 33 33 33 37 33 37 33 33 33 3C 33 33 33 17 C3 37 33 33 33 33 33 33 33 33 33 33 33 33 33 DA 55 A5 60 9F A5 81 0D 3B 3C 33 33 33 17 C3 37 33 33 33 33 33 26 55 A5 60 9F A5 83 55 33 93 7F 63 64 33 33 33 33 33 33 33 33 33 33 33 33 33 33 33 33 33 33 33 33 33 33 33 33 33 33 33 33 33 33 33 33 89 66 69 66 65 85 64 63 64 76 63 64 92 75 A7 63 65 33 33 33 33 33 37 33 36 33 33 33 3E 33 33 33 33 57 35 33 33 33 33 33 33 33 33 33 33 33 33 33 C3 55 A5 60 9F A5 81 0D 3B 3E 33 33 33 33 57 35 33 33 33 33 33 1E 55 A5 60 9F A5 83 55 33 93 7F 63 64 33 33 33 33 33 33 33 33 33 33 33 33 33 33 33 33 33 33 33 33 33 33 33 33 33 33 33 33 33 33 33 33 89 66 69 66 65 85 64 63 64 76 63 64 92 75 A7 63 65 33 33 33 33 33 37 33 38 33 33 33 3E 33 33 33 B3 FD 35 33 33 33 33 33 33 33 33 33 33 33 33 33 1F 55 A5 60 9F A5 81 0D 3B 3E 33 33 33 B3 FD 35 33 33 33 33 33 F2 55 A5 60 9F A5 83 55 33 93 7F 63 64 33 33 33 33 33 33 33 33 33 33 33 33 33 33 33 33 33 33 33 33 33 33 33 33 33 33 33 33 33 33 33 33 89 66 69 66 65 85 64 63 64 76 63 64 92 75 A7 63 65 33 33 33 33 33 37 33 37 33 33 33 3E 33 33 33 33 5C 37 33 33 33 33 33 33 33 33 33 33 33 33 33 9C 55 A5 60 9F A5 81 0D 3B 3E 33 33 33 33 5C 37 33 33 33 33 33 DD 55 A5 60 9F A5 83 55 33 93 7F 63 64 33 33 33 33 33 33 33 33 33 33 33 33 33 33 33 33 33 33 33 33 33 33 33 33 33 33 33 33 33 33 33 33 89 66 69 66 65 85 64 63 64 76 63 64 92 75 A7 63 65 33 33 33 33 33 37 33 37 33 33 33 3E 33 33 33 97 84 38 33 33 33 33 33 33 33 33 33 33 33 33 33 94 55 A5 60 9F A5 81 0D 3B 3E 33 33 33 97 84 38 33 33 33 33 33 EE 55 A5 60 9F A5 83 55 33 93 7F 63 64 33 33 33 33 33 33 33 33 33 33 33 33 33 33 33 33 33 33 33 33 33 33 33 33 33 33 33 33 33 33 33 33 89 66 69 66 65 85 64 63 64 76 63 64 92 75 A7 63 65 33 33 33 33 33 37 33 37 33 33 33 40 33 33 33 33 E3 37 33 33 33 33 33 33 33 33 33 33 33 33 33 56 55 A5 60 9F A5 81 0D 3B 40 33 33 33 33 E3 37 33 33 33 33 33 72 55 A5 60 9F A5 83 55 33 93 7F 63 64 33 33 33 33 33 33 33 33 33 33 33 33 33 33 33 33 33 33 33 33 33 33 33 33 33 33 33 33 33 33 33 33 89 66 69 66 65 85 64 63 64 76 63 64 92 75 A7 63 65 33 33 33 34 33 37 33 36 33 33 33 40 33 33 33 B3 87 37 33 33 33 33 33 33 33 33 33 33 33 33 33 45 55 A5 60 9F A5 81 0D 3B 40 33 33 33 B3 87 37 33 33 33 33 33 12 55 A5 60 9F A5 83 55 33 93 7F 63 64 33 33 33 33 33 33 33 33 33 33 33 33 33 33 33 33 33 33 33 33 33 33 33 33 33 33 33 33 33 33 33 33 89 66 69 66 65 85 64 63 64 76 63 64 92 75 A7 63 65 33 33 33 34 33 37 33 36 33 33 33 40 33 33 33 65 3E 36 33 33 33 33 33 33 33 33 33 33 33 33 33 0A 55 A5 60 9F A5 81 0D 3B 40 33 33 33 65 3E 36 33 33 33 33 33 A5 55 A5 60 9F A5 83 55 33 93 7F 63 64 33 33 33 33 33 33 33 33 33 33 33 33 33 33 33 33 33 33 33 33 33 33 33 33 33 33 33 33 33 33 33 33 89 66 69 66 65 85 64 63 64 76 63 64 92 75 A7 63 65 33 33 33 34 33 37 33 37 33 33 33 40 33 33 33 17 3D 37 33 33 33 33 33 33 33 33 33 33 33 33 33 E0 55 A5 60 9F A5 81 0D 3B 40 33 33 33 17 3D 37 33 33 33 33 33 36 55 A5 60 9F A5 83 55 33 93 7F 63 64 33 33 33 33 33 33 33 33 33 33 33 33 33 33 33 33 33 33 33 33 33 33 33 33 33 33 33 33 33 33 33 33 89 66 69 66 65 85 64 63 64 76 63 64 92 75 A7 63 65 33 33 33 33 33 37 33 38 33 33 33 40 33 33 33 97 5E 38 33 33 33 33 33 33 33 33 33 33 33 33 33 A8 55 A5 60 9F A5 81 0D 3B 40 33 33 33 97 5E 38 33 33 33 33 33 0E 55 A5 60 9F A5 83 55 33 93 7F 63 64 33 33 33 33 33 33 33 33 33 33 33 33 33 33 33 33 33 33 33 33 33 33 33 33 33 33 33 33 33 33 33 33 89 66 69 66 65 85 64 63 64 76 63 64 92 75 A7 63 65 33 33 33 33 33 37 33 37 33 33 33 42 33 33 33 B3 BB 33 33 33 33 33 33 33 33 33 33 33 33 33 33 6E 55 A5 60 9F A5 81 0D 3B 42 33 33 33 B3 BB 33 33 33 33 33 33 DB 55 A5 60 9F A5 83 55 33 93 7F 63 64 33 33 33 33 33 33 33 33 33 33 33 33 33 33 33 33 33 33 33 33 33 33 33 33 33 33 33 33 33 33 33 33 89 66 69 66 65 85 64 63 64 76 63 64 92 75 A7 63 65 33 33 33 33 33 37 33 37 33 33 33 42 33 33 33 65 43 36 33 33 33 33 33 33 33 33 33 33 33 33 33 86 55 A5 60 9F A5 81 0D 3B 42 33 33 33 65 43 36 33 33 33 33 33 E9 55 A5 60 9F A5 83 55 33 93 7F 63 64 33 33 33 33 33 33 33 33 33 33 33 33 33 33 33 33 33 33 33 33 33 33 33 33 33 33 33 33 33 33 33 33 89 66 69 66 65 85 64 63 64 76 63 64 92 75 A7 63 65 33 33 33 33 33 37 33 37 33 33 33 42 33 33 33 E5 45 35 33 33 33 33 33 33 33 33 33 33 33 33 33 F8 55 A5 60 9F A5 81 0D 3B 42 33 33 33 E5 45 35 33 33 33 33 33 61 55 A5 60 9F A5 83 55 33 93 7F 63 64 33 33 33 33 33 33 33 33 33 33 33 33 33 33 33 33 33 33 33 33 33 33 33 33 33 33 33 33 33 33 33 33 89 66 69 66 65 85 64 63 64 76 63 64 92 75 A7 63 65 33 33 33 33 33 37 33 36 33 33 33 42 33 33 33 E5 DF 37 33 33 33 33 33 33 33 33 33 33 33 33 33 BF 55 A5 60 9F A5 81 0D 3B 42 33 33 33 E5 DF 37 33 33 33 33 33 09 55 A5 60 9F A5 83 55 33 93 7F 63 64 33 33 33 33 33 33 33 33 33 33 33 33 33 33 33 33 33 33 33 33 33 33 33 33 33 33 33 33 33 33 33 33 89 66 69 66 65 85 64 63 64 76 63 64 92 75 A7 63 65 33 33 33 33 33 37 33 36 33 33 33 42 33 33 33 65 BC 33 33 33 33 33 33 33 33 33 33 33 33 33 33 43 55 A5 60 9F A5 81 0D 3B 42 33 33 33 65 BC 33 33 33 33 33 33 6D 55 A5 60 9F A5 83 55 33 93 7F 63 64 33 33 33 33 33 33 33 33 33 33 33 33 33 33 33 33 33 33 33 33 33 33 33 33 33 33 33 33 33 33 33 33 89 66 69 66 65 85 64 63 64 76 63 64 92 75 A7 63 65 33 33 33 33 33 37 33 36 33 33 33 3E 33 33 33 3E BB 33 33 33 33 33 33 33 33 33 33 33 33 33 33 CB 55 A5 60 9F A5 81 0D 3B 3E 33 33 33 3E BB 33 33 33 33 33 33 79 55
[2025-09-09 19:44:49.965] [DEBUG] 数据解析成功:
[2025-09-09 19:44:49.974] [INFO]   ID: 0x60
  命令: 0x83 (读)
  寄存器地址: 0x00
  寄存器数量: 0
[2025-09-09 19:44:50.020] [INFO] [循环 1/1] 发送 OK
[2025-09-09 19:44:50.544] [INFO] 已保存结果: reports\2025-09-09_19-44-44\results.csv
[2025-09-09 19:44:50.595] [INFO] 已生成报告: reports\2025-09-09_19-44-44\report.html
[2025-09-09 19:44:50.633] [DEBUG] 串口已关闭
[2025-09-09 19:44:50.646] [INFO] 程序结束
