[2025-08-29 15:12:35.126] [INFO] 初始化 BLE 协议通信...
[2025-08-29 15:12:35.322] [INFO] 加载用例 14 条 来自: testcases.xlsx
[2025-08-29 15:12:35.377] [INFO] ==== 执行用例 #1 ====
[2025-08-29 15:12:35.381] [INFO] 参数: {'screen_on': 1, 'brightness': 5, 'digital': 50, 'logo': 1, 'rim_state': 0, 'rdygo': 1, 'turn_left': 1, 'turn_right': 1, 'ring': 0} | 备注: nan
[2025-08-29 15:12:35.401] [DEBUG] 修改后的LED显示信息:
[2025-08-29 15:12:35.410] [INFO]   屏幕状态: 开
  亮度级别: 5
  数字显示: 50
  LOGO状态: 1 (0关, 1白, 2红)
  护盾状态: 0 (0关, 1白, 2绿)
  ReadyGo状态: 1 (0关, 1白, 2红)
  左转向灯: 1 (0关, 1白, 2橙)
  右转向灯: 1 (0关, 1白, 2橙)
  灯环状态: 0 (0关, 1蓝, 2红)
[2025-08-29 15:12:35.431] [DEBUG] 组包成功，数据长度: 21 字节
[2025-08-29 15:12:35.439] [DEBUG] 发送数据: A5 60 9F A5 03 0D 3B 3E 33 33 33 E5 DB 33 33 33 33 33 33 67 55
[2025-08-29 15:12:35.464] [DEBUG] 接收数据超时
[2025-08-29 15:12:35.472] [DEBUG] 组包成功，数据长度: 21 字节
[2025-08-29 15:12:35.481] [DEBUG] 发送数据: A5 60 9F A5 01 0D 3B 3E 33 33 33 E5 DB 33 33 33 33 33 33 20 55
[2025-08-29 15:12:35.499] [DEBUG] 接收数据超时
[2025-08-29 15:12:35.506] [INFO] 结果: FAIL | 用时: 0.129s
[2025-08-29 15:12:35.515] [INFO] ==== 执行用例 #2 ====
[2025-08-29 15:12:35.524] [INFO] 参数: {'screen_on': 1, 'brightness': 6, 'digital': 50, 'logo': 1, 'rim_state': 1, 'rdygo': 1, 'turn_left': 1, 'turn_right': 0, 'ring': 0} | 备注: nan
[2025-08-29 15:12:35.552] [DEBUG] 修改后的LED显示信息:
[2025-08-29 15:12:35.565] [INFO]   屏幕状态: 开
  亮度级别: 6
  数字显示: 50
  LOGO状态: 1 (0关, 1白, 2红)
  护盾状态: 1 (0关, 1白, 2绿)
  ReadyGo状态: 1 (0关, 1白, 2红)
  左转向灯: 1 (0关, 1白, 2橙)
  右转向灯: 0 (0关, 1白, 2橙)
  灯环状态: 0 (0关, 1蓝, 2红)
[2025-08-29 15:12:35.590] [DEBUG] 组包成功，数据长度: 21 字节
[2025-08-29 15:12:35.604] [DEBUG] 发送数据: A5 60 9F A5 03 0D 3B 40 33 33 33 E5 5D 33 33 33 33 33 33 E3 55
[2025-08-29 15:12:35.637] [DEBUG] 接收数据超时
[2025-08-29 15:12:35.651] [DEBUG] 组包成功，数据长度: 21 字节
[2025-08-29 15:12:35.666] [DEBUG] 发送数据: A5 60 9F A5 01 0D 3B 40 33 33 33 E5 5D 33 33 33 33 33 33 A4 55
[2025-08-29 15:12:35.692] [DEBUG] 接收数据超时
[2025-08-29 15:12:35.703] [INFO] 结果: FAIL | 用时: 0.189s
[2025-08-29 15:12:35.714] [INFO] ==== 执行用例 #3 ====
[2025-08-29 15:12:35.725] [INFO] 参数: {'screen_on': 1, 'brightness': 6, 'digital': 50, 'logo': 2, 'rim_state': 2, 'rdygo': 2, 'turn_left': 1, 'turn_right': 2, 'ring': 0} | 备注: nan
[2025-08-29 15:12:35.769] [DEBUG] 修改后的LED显示信息:
[2025-08-29 15:12:35.783] [INFO]   屏幕状态: 开
  亮度级别: 6
  数字显示: 50
  LOGO状态: 2 (0关, 1白, 2红)
  护盾状态: 2 (0关, 1白, 2绿)
  ReadyGo状态: 2 (0关, 1白, 2红)
  左转向灯: 1 (0关, 1白, 2橙)
  右转向灯: 2 (0关, 1白, 2橙)
  灯环状态: 0 (0关, 1蓝, 2红)
[2025-08-29 15:12:35.805] [DEBUG] 组包成功，数据长度: 21 字节
[2025-08-29 15:12:35.816] [DEBUG] 发送数据: A5 60 9F A5 03 0D 3B 40 33 33 33 65 68 34 33 33 33 33 33 B8 55
[2025-08-29 15:12:35.840] [DEBUG] 接收数据超时
[2025-08-29 15:12:35.854] [DEBUG] 组包成功，数据长度: 21 字节
[2025-08-29 15:12:35.867] [DEBUG] 发送数据: A5 60 9F A5 01 0D 3B 40 33 33 33 65 68 34 33 33 33 33 33 FF 55
[2025-08-29 15:12:35.888] [DEBUG] 接收数据超时
[2025-08-29 15:12:35.897] [INFO] 结果: FAIL | 用时: 0.183s
[2025-08-29 15:12:35.907] [INFO] ==== 执行用例 #4 ====
[2025-08-29 15:12:35.916] [INFO] 参数: {'screen_on': 1, 'brightness': 6, 'digital': 100, 'logo': 0, 'rim_state': 1, 'rdygo': 2, 'turn_left': 1, 'turn_right': 0, 'ring': 2} | 备注: nan
[2025-08-29 15:12:35.949] [DEBUG] 修改后的LED显示信息:
[2025-08-29 15:12:35.963] [INFO]   屏幕状态: 开
  亮度级别: 6
  数字显示: 100
  LOGO状态: 0 (0关, 1白, 2红)
  护盾状态: 1 (0关, 1白, 2绿)
  ReadyGo状态: 2 (0关, 1白, 2红)
  左转向灯: 1 (0关, 1白, 2橙)
  右转向灯: 0 (0关, 1白, 2橙)
  灯环状态: 2 (0关, 1蓝, 2红)
[2025-08-29 15:12:35.989] [DEBUG] 组包成功，数据长度: 21 字节
[2025-08-29 15:12:36.002] [DEBUG] 发送数据: A5 60 9F A5 03 0D 3B 40 33 33 33 97 65 37 33 33 33 33 33 D5 55
[2025-08-29 15:12:36.031] [DEBUG] 接收数据超时
[2025-08-29 15:12:36.047] [DEBUG] 组包成功，数据长度: 21 字节
[2025-08-29 15:12:36.058] [DEBUG] 发送数据: A5 60 9F A5 01 0D 3B 40 33 33 33 97 65 37 33 33 33 33 33 92 55
[2025-08-29 15:12:36.089] [DEBUG] 接收数据超时
[2025-08-29 15:12:36.099] [INFO] 结果: FAIL | 用时: 0.192s
[2025-08-29 15:12:36.108] [INFO] ==== 执行用例 #5 ====
[2025-08-29 15:12:36.120] [INFO] 参数: {'screen_on': 1, 'brightness': 6, 'digital': 100, 'logo': 1, 'rim_state': 0, 'rdygo': 2, 'turn_left': 0, 'turn_right': 0, 'ring': 2} | 备注: nan
[2025-08-29 15:12:36.159] [DEBUG] 修改后的LED显示信息:
[2025-08-29 15:12:36.182] [INFO]   屏幕状态: 开
  亮度级别: 6
  数字显示: 100
  LOGO状态: 1 (0关, 1白, 2红)
  护盾状态: 0 (0关, 1白, 2绿)
  ReadyGo状态: 2 (0关, 1白, 2红)
  左转向灯: 0 (0关, 1白, 2橙)
  右转向灯: 0 (0关, 1白, 2橙)
  灯环状态: 2 (0关, 1蓝, 2红)
[2025-08-29 15:12:36.215] [DEBUG] 组包成功，数据长度: 21 字节
[2025-08-29 15:12:36.226] [DEBUG] 发送数据: A5 60 9F A5 03 0D 3B 40 33 33 33 17 43 37 33 33 33 33 33 26 55
[2025-08-29 15:12:36.252] [DEBUG] 接收数据超时
[2025-08-29 15:12:36.264] [DEBUG] 组包成功，数据长度: 21 字节
[2025-08-29 15:12:36.278] [DEBUG] 发送数据: A5 60 9F A5 01 0D 3B 40 33 33 33 17 43 37 33 33 33 33 33 61 55
[2025-08-29 15:12:36.302] [DEBUG] 接收数据超时
[2025-08-29 15:12:36.312] [INFO] 结果: FAIL | 用时: 0.204s
[2025-08-29 15:12:36.322] [INFO] ==== 执行用例 #6 ====
[2025-08-29 15:12:36.332] [INFO] 参数: {'screen_on': 1, 'brightness': 6, 'digital': 100, 'logo': 2, 'rim_state': 0, 'rdygo': 2, 'turn_left': 2, 'turn_right': 0, 'ring': 2} | 备注: nan
[2025-08-29 15:12:36.367] [DEBUG] 修改后的LED显示信息:
[2025-08-29 15:12:36.385] [INFO]   屏幕状态: 开
  亮度级别: 6
  数字显示: 100
  LOGO状态: 2 (0关, 1白, 2红)
  护盾状态: 0 (0关, 1白, 2绿)
  ReadyGo状态: 2 (0关, 1白, 2红)
  左转向灯: 2 (0关, 1白, 2橙)
  右转向灯: 0 (0关, 1白, 2橙)
  灯环状态: 2 (0关, 1蓝, 2红)
[2025-08-29 15:12:36.409] [DEBUG] 组包成功，数据长度: 21 字节
[2025-08-29 15:12:36.422] [DEBUG] 发送数据: A5 60 9F A5 03 0D 3B 40 33 33 33 97 84 37 33 33 33 33 33 A1 55
[2025-08-29 15:12:36.454] [DEBUG] 接收数据超时
[2025-08-29 15:12:36.470] [DEBUG] 组包成功，数据长度: 21 字节
[2025-08-29 15:12:36.486] [DEBUG] 发送数据: A5 60 9F A5 01 0D 3B 40 33 33 33 97 84 37 33 33 33 33 33 E6 55
[2025-08-29 15:12:36.513] [DEBUG] 接收数据超时
[2025-08-29 15:12:36.523] [INFO] 结果: FAIL | 用时: 0.202s
[2025-08-29 15:12:36.533] [INFO] ==== 执行用例 #7 ====
[2025-08-29 15:12:36.542] [INFO] 参数: {'screen_on': 1, 'brightness': 7, 'digital': 50, 'logo': 0, 'rim_state': 0, 'rdygo': 1, 'turn_left': 2, 'turn_right': 0, 'ring': 2} | 备注: nan
[2025-08-29 15:12:36.583] [DEBUG] 修改后的LED显示信息:
[2025-08-29 15:12:36.596] [INFO]   屏幕状态: 开
  亮度级别: 7
  数字显示: 50
  LOGO状态: 0 (0关, 1白, 2红)
  护盾状态: 0 (0关, 1白, 2绿)
  ReadyGo状态: 1 (0关, 1白, 2红)
  左转向灯: 2 (0关, 1白, 2橙)
  右转向灯: 0 (0关, 1白, 2橙)
  灯环状态: 2 (0关, 1蓝, 2红)
[2025-08-29 15:12:36.618] [DEBUG] 组包成功，数据长度: 21 字节
[2025-08-29 15:12:36.631] [DEBUG] 发送数据: A5 60 9F A5 03 0D 3B 42 33 33 33 65 7B 37 33 33 33 33 33 2A 55
[2025-08-29 15:12:36.656] [DEBUG] 接收数据超时
[2025-08-29 15:12:36.668] [DEBUG] 组包成功，数据长度: 21 字节
[2025-08-29 15:12:36.681] [DEBUG] 发送数据: A5 60 9F A5 01 0D 3B 42 33 33 33 65 7B 37 33 33 33 33 33 6D 55
[2025-08-29 15:12:36.699] [DEBUG] 接收数据超时
[2025-08-29 15:12:36.711] [INFO] 结果: FAIL | 用时: 0.178s
[2025-08-29 15:12:36.720] [INFO] ==== 执行用例 #8 ====
[2025-08-29 15:12:36.729] [INFO] 参数: {'screen_on': 1, 'brightness': 7, 'digital': 50, 'logo': 0, 'rim_state': 1, 'rdygo': 1, 'turn_left': 1, 'turn_right': 1, 'ring': 1} | 备注: nan
[2025-08-29 15:12:36.766] [DEBUG] 修改后的LED显示信息:
[2025-08-29 15:12:36.780] [INFO]   屏幕状态: 开
  亮度级别: 7
  数字显示: 50
  LOGO状态: 0 (0关, 1白, 2红)
  护盾状态: 1 (0关, 1白, 2绿)
  ReadyGo状态: 1 (0关, 1白, 2红)
  左转向灯: 1 (0关, 1白, 2橙)
  右转向灯: 1 (0关, 1白, 2橙)
  灯环状态: 1 (0关, 1蓝, 2红)
[2025-08-29 15:12:36.804] [DEBUG] 组包成功，数据长度: 21 字节
[2025-08-29 15:12:36.817] [DEBUG] 发送数据: A5 60 9F A5 03 0D 3B 42 33 33 33 65 DD 35 33 33 33 33 33 B1 55
[2025-08-29 15:12:36.849] [DEBUG] 接收数据超时
[2025-08-29 15:12:36.864] [DEBUG] 组包成功，数据长度: 21 字节
[2025-08-29 15:12:36.878] [DEBUG] 发送数据: A5 60 9F A5 01 0D 3B 42 33 33 33 65 DD 35 33 33 33 33 33 F6 55
[2025-08-29 15:12:36.902] [DEBUG] 接收数据超时
[2025-08-29 15:12:36.912] [INFO] 结果: FAIL | 用时: 0.192s
[2025-08-29 15:12:36.923] [INFO] ==== 执行用例 #9 ====
[2025-08-29 15:12:36.932] [INFO] 参数: {'screen_on': 1, 'brightness': 7, 'digital': 50, 'logo': 1, 'rim_state': 1, 'rdygo': 2, 'turn_left': 0, 'turn_right': 0, 'ring': 1} | 备注: nan
[2025-08-29 15:12:36.966] [DEBUG] 修改后的LED显示信息:
[2025-08-29 15:12:36.978] [INFO]   屏幕状态: 开
  亮度级别: 7
  数字显示: 50
  LOGO状态: 1 (0关, 1白, 2红)
  护盾状态: 1 (0关, 1白, 2绿)
  ReadyGo状态: 2 (0关, 1白, 2红)
  左转向灯: 0 (0关, 1白, 2橙)
  右转向灯: 0 (0关, 1白, 2橙)
  灯环状态: 1 (0关, 1蓝, 2红)
[2025-08-29 15:12:36.998] [DEBUG] 组包成功，数据长度: 21 字节
[2025-08-29 15:12:37.010] [DEBUG] 发送数据: A5 60 9F A5 03 0D 3B 42 33 33 33 E5 45 35 33 33 33 33 33 11 55
[2025-08-29 15:12:37.038] [DEBUG] 接收数据超时
[2025-08-29 15:12:37.053] [DEBUG] 组包成功，数据长度: 21 字节
[2025-08-29 15:12:37.068] [DEBUG] 发送数据: A5 60 9F A5 01 0D 3B 42 33 33 33 E5 45 35 33 33 33 33 33 56 55
[2025-08-29 15:12:37.095] [DEBUG] 接收数据超时
[2025-08-29 15:12:37.107] [INFO] 结果: FAIL | 用时: 0.184s
[2025-08-29 15:12:37.121] [INFO] ==== 执行用例 #10 ====
[2025-08-29 15:12:37.131] [INFO] 参数: {'screen_on': 1, 'brightness': 7, 'digital': 50, 'logo': 2, 'rim_state': 0, 'rdygo': 1, 'turn_left': 0, 'turn_right': 1, 'ring': 0} | 备注: nan
[2025-08-29 15:12:37.172] [DEBUG] 修改后的LED显示信息:
[2025-08-29 15:12:37.184] [INFO]   屏幕状态: 开
  亮度级别: 7
  数字显示: 50
  LOGO状态: 2 (0关, 1白, 2红)
  护盾状态: 0 (0关, 1白, 2绿)
  ReadyGo状态: 1 (0关, 1白, 2红)
  左转向灯: 0 (0关, 1白, 2橙)
  右转向灯: 1 (0关, 1白, 2橙)
  灯环状态: 0 (0关, 1蓝, 2红)
[2025-08-29 15:12:37.209] [DEBUG] 组包成功，数据长度: 21 字节
[2025-08-29 15:12:37.222] [DEBUG] 发送数据: A5 60 9F A5 03 0D 3B 42 33 33 33 65 BC 33 33 33 33 33 33 1D 55
[2025-08-29 15:12:37.243] [DEBUG] 接收数据超时
[2025-08-29 15:12:37.260] [DEBUG] 组包成功，数据长度: 21 字节
[2025-08-29 15:12:37.273] [DEBUG] 发送数据: A5 60 9F A5 01 0D 3B 42 33 33 33 65 BC 33 33 33 33 33 33 5A 55
[2025-08-29 15:12:37.298] [DEBUG] 接收数据超时
[2025-08-29 15:12:37.309] [INFO] 结果: FAIL | 用时: 0.188s
[2025-08-29 15:12:37.317] [INFO] ==== 执行用例 #11 ====
[2025-08-29 15:12:37.326] [INFO] 参数: {'screen_on': 1, 'brightness': 7, 'digital': 100, 'logo': 1, 'rim_state': 0, 'rdygo': 1, 'turn_left': 0, 'turn_right': 2, 'ring': 2} | 备注: nan
[2025-08-29 15:12:37.367] [DEBUG] 修改后的LED显示信息:
[2025-08-29 15:12:37.381] [INFO]   屏幕状态: 开
  亮度级别: 7
  数字显示: 100
  LOGO状态: 1 (0关, 1白, 2红)
  护盾状态: 0 (0关, 1白, 2绿)
  ReadyGo状态: 1 (0关, 1白, 2红)
  左转向灯: 0 (0关, 1白, 2橙)
  右转向灯: 2 (0关, 1白, 2橙)
  灯环状态: 2 (0关, 1蓝, 2红)
[2025-08-29 15:12:37.404] [DEBUG] 组包成功，数据长度: 21 字节
[2025-08-29 15:12:37.418] [DEBUG] 发送数据: A5 60 9F A5 03 0D 3B 42 33 33 33 17 3B 38 33 33 33 33 33 BB 55
[2025-08-29 15:12:37.447] [DEBUG] 接收数据超时
[2025-08-29 15:12:37.461] [DEBUG] 组包成功，数据长度: 21 字节
[2025-08-29 15:12:37.476] [DEBUG] 发送数据: A5 60 9F A5 01 0D 3B 42 33 33 33 17 3B 38 33 33 33 33 33 FC 55
[2025-08-29 15:12:37.502] [DEBUG] 接收数据超时
[2025-08-29 15:12:37.512] [INFO] 结果: FAIL | 用时: 0.195s
[2025-08-29 15:12:37.523] [INFO] ==== 执行用例 #12 ====
[2025-08-29 15:12:37.532] [INFO] 参数: {'screen_on': 1, 'brightness': 7, 'digital': 100, 'logo': 1, 'rim_state': 0, 'rdygo': 2, 'turn_left': 1, 'turn_right': 0, 'ring': 0} | 备注: nan
[2025-08-29 15:12:37.564] [DEBUG] 修改后的LED显示信息:
[2025-08-29 15:12:37.577] [INFO]   屏幕状态: 开
  亮度级别: 7
  数字显示: 100
  LOGO状态: 1 (0关, 1白, 2红)
  护盾状态: 0 (0关, 1白, 2绿)
  ReadyGo状态: 2 (0关, 1白, 2红)
  左转向灯: 1 (0关, 1白, 2橙)
  右转向灯: 0 (0关, 1白, 2橙)
  灯环状态: 0 (0关, 1蓝, 2红)
[2025-08-29 15:12:37.597] [DEBUG] 组包成功，数据长度: 21 字节
[2025-08-29 15:12:37.608] [DEBUG] 发送数据: A5 60 9F A5 03 0D 3B 42 33 33 33 17 63 33 33 33 33 33 33 91 55
[2025-08-29 15:12:37.634] [DEBUG] 接收数据超时
[2025-08-29 15:12:37.647] [DEBUG] 组包成功，数据长度: 21 字节
[2025-08-29 15:12:37.659] [DEBUG] 发送数据: A5 60 9F A5 01 0D 3B 42 33 33 33 17 63 33 33 33 33 33 33 D6 55
[2025-08-29 15:12:37.685] [DEBUG] 接收数据超时
[2025-08-29 15:12:37.696] [INFO] 结果: FAIL | 用时: 0.173s
[2025-08-29 15:12:37.707] [INFO] ==== 执行用例 #13 ====
[2025-08-29 15:12:37.717] [INFO] 参数: {'screen_on': 1, 'brightness': 7, 'digital': 100, 'logo': 1, 'rim_state': 0, 'rdygo': 2, 'turn_left': 1, 'turn_right': 0, 'ring': 2} | 备注: nan
[2025-08-29 15:12:37.760] [DEBUG] 修改后的LED显示信息:
[2025-08-29 15:12:37.775] [INFO]   屏幕状态: 开
  亮度级别: 7
  数字显示: 100
  LOGO状态: 1 (0关, 1白, 2红)
  护盾状态: 0 (0关, 1白, 2绿)
  ReadyGo状态: 2 (0关, 1白, 2红)
  左转向灯: 1 (0关, 1白, 2橙)
  右转向灯: 0 (0关, 1白, 2橙)
  灯环状态: 2 (0关, 1蓝, 2红)
[2025-08-29 15:12:37.798] [DEBUG] 组包成功，数据长度: 21 字节
[2025-08-29 15:12:37.809] [DEBUG] 发送数据: A5 60 9F A5 03 0D 3B 42 33 33 33 17 63 37 33 33 33 33 33 C4 55
[2025-08-29 15:12:37.839] [DEBUG] 接收数据超时
[2025-08-29 15:12:37.854] [DEBUG] 组包成功，数据长度: 21 字节
[2025-08-29 15:12:37.865] [DEBUG] 发送数据: A5 60 9F A5 01 0D 3B 42 33 33 33 17 63 37 33 33 33 33 33 83 55
[2025-08-29 15:12:37.886] [DEBUG] 接收数据超时
[2025-08-29 15:12:37.899] [INFO] 结果: FAIL | 用时: 0.192s
[2025-08-29 15:12:37.908] [INFO] ==== 执行用例 #14 ====
[2025-08-29 15:12:37.916] [INFO] 参数: {'screen_on': 1, 'brightness': 7, 'digital': 100, 'logo': 1, 'rim_state': 2, 'rdygo': 1, 'turn_left': 1, 'turn_right': 0, 'ring': 2} | 备注: nan
[2025-08-29 15:12:37.951] [DEBUG] 修改后的LED显示信息:
[2025-08-29 15:12:37.960] [INFO]   屏幕状态: 开
  亮度级别: 7
  数字显示: 100
  LOGO状态: 1 (0关, 1白, 2红)
  护盾状态: 2 (0关, 1白, 2绿)
  ReadyGo状态: 1 (0关, 1白, 2红)
  左转向灯: 1 (0关, 1白, 2橙)
  右转向灯: 0 (0关, 1白, 2橙)
  灯环状态: 2 (0关, 1蓝, 2红)
[2025-08-29 15:12:37.985] [DEBUG] 组包成功，数据长度: 21 字节
[2025-08-29 15:12:37.996] [DEBUG] 发送数据: A5 60 9F A5 03 0D 3B 42 33 33 33 17 5F 37 33 33 33 33 33 37 55
[2025-08-29 15:12:38.023] [DEBUG] 接收数据超时
[2025-08-29 15:12:38.038] [DEBUG] 组包成功，数据长度: 21 字节
[2025-08-29 15:12:38.054] [DEBUG] 发送数据: A5 60 9F A5 01 0D 3B 42 33 33 33 17 5F 37 33 33 33 33 33 70 55
[2025-08-29 15:12:38.080] [DEBUG] 接收数据超时
[2025-08-29 15:12:38.092] [INFO] 结果: FAIL | 用时: 0.184s
[2025-08-29 15:12:38.103] [INFO] 开始压力循环: 次数=1, 间隔=0.5s, 参数={'screen_on': 1, 'brightness': 5, 'digital': 50, 'logo': 1, 'rim_state': 0, 'rdygo': 1, 'turn_left': 1, 'turn_right': 1, 'ring': 0}
[2025-08-29 15:12:38.142] [DEBUG] 修改后的LED显示信息:
[2025-08-29 15:12:38.156] [INFO]   屏幕状态: 开
  亮度级别: 5
  数字显示: 50
  LOGO状态: 1 (0关, 1白, 2红)
  护盾状态: 0 (0关, 1白, 2绿)
  ReadyGo状态: 1 (0关, 1白, 2红)
  左转向灯: 1 (0关, 1白, 2橙)
  右转向灯: 1 (0关, 1白, 2橙)
  灯环状态: 0 (0关, 1蓝, 2红)
[2025-08-29 15:12:38.180] [DEBUG] 组包成功，数据长度: 21 字节
[2025-08-29 15:12:38.194] [DEBUG] 发送数据: A5 60 9F A5 03 0D 3B 3E 33 33 33 E5 DB 33 33 33 33 33 33 67 55
[2025-08-29 15:12:38.225] [DEBUG] 接收数据: A5 60 9F A5 83 55 33 93 7F 63 64 33 33 33 33 33 33 33 33 33 33 33 33 33 33 33 33 33 33 33 33 33 33 33 33 33 33 33 33 33 33 33 33 89 66 69 66 65 85 64 63 64 76 63 64 92 75 A7 63 65 33 33 33 33 33 37 33 37 33 33 33 3E 33 33 33 E5 DB 33 33 33 33 33 33 33 33 33 33 33 33 33 33 EC 55 A5 60 9F A5 81 0D 3B 3E 33 33 33 E5 DB 33 33 33 33 33 33 17 55 A5 60 9F A5 83 55 33 93 7F 63 64 33 33 33 33 33 33 33 33 33 33 33 33 33 33 33 33 33 33 33 33 33 33 33 33 33 33 33 33 33 33 33 33 89 66 69 66 65 85 64 63 64 76 63 64 92 75 A7 63 65 33 33 33 33 33 37 33 37 33 33 33 40 33 33 33 E5 5D 33 33 33 33 33 33 33 33 33 33 33 33 33 33 0C 55 A5 60 9F A5 81 0D 3B 40 33 33 33 E5 5D 33 33 33 33 33 33 93 55 A5 60 9F A5 83 55 33 93 7F 63 64 33 33 33 33 33 33 33 33 33 33 33 33 33 33 33 33 33 33 33 33 33 33 33 33 33 33 33 33 33 33 33 33 89 66 69 66 65 85 64 63 64 76 63 64 92 75 A7 63 65 33 33 33 33 33 37 33 37 33 33 33 40 33 33 33 65 68 34 33 33 33 33 33 33 33 33 33 33 33 33 33 81 55 A5 60 9F A5 81 0D 3B 40 33 33 33 65 68 34 33 33 33 33 33 C8 55 A5 60 9F A5 83 55 33 93 7F 63 64 33 33 33 33 33 33 33 33 33 33 33 33 33 33 33 33 33 33 33 33 33 33 33 33 33 33 33 33 33 33 33 33 89 66 69 66 65 85 64 63 64 76 63 64 92 75 A7 63 65 33 33 33 33 33 37 33 36 33 33 33 40 33 33 33 97 65 37 33 33 33 33 33 33 33 33 33 33 33 33 33 7A 55 A5 60 9F A5 81 0D 3B 40 33 33 33 97 65 37 33 33 33 33 33 A5 55 A5 60 9F A5 83 55 33 93 7F 63 64 33 33 33 33 33 33 33 33 33 33 33 33 33 33 33 33 33 33 33 33 33 33 33 33 33 33 33 33 33 33 33 33 89 66 69 66 65 85 64 63 64 76 63 64 92 75 A7 63 65 33 33 33 34 33 37 33 37 33 33 33 40 33 33 33 17 43 37 33 33 33 33 33 33 33 33 33 33 33 33 33 3B 55 A5 60 9F A5 81 0D 3B 40 33 33 33 17 43 37 33 33 33 33 33 56 55 A5 60 9F A5 83 55 33 93 7F 63 64 33 33 33 33 33 33 33 33 33 33 33 33 33 33 33 33 33 33 33 33 33 33 33 33 33 33 33 33 33 33 33 33 89 66 69 66 65 85 64 63 64 76 63 64 92 75 A7 63 65 33 33 33 34 33 37 33 37 33 33 33 40 33 33 33 97 84 37 33 33 33 33 33 33 33 33 33 33 33 33 33 E5 55 A5 60 9F A5 81 0D 3B 40 33 33 33 97 84 37 33 33 33 33 33 D1 55 A5 60 9F A5 83 55 33 93 7F 63 64 33 33 33 33 33 33 33 33 33 33 33 33 33 33 33 33 33 33 33 33 33 33 33 33 33 33 33 33 33 33 33 33 89 66 69 66 65 85 64 63 64 76 63 64 92 75 A7 63 65 33 33 33 34 33 37 33 36 33 33 33 42 33 33 33 65 7B 37 33 33 33 33 33 33 33 33 33 33 33 33 33 7B 55 A5 60 9F A5 81 0D 3B 42 33 33 33 65 7B 37 33 33 33 33 33 5A 55 A5 60 9F A5 83 55 33 93 7F 63 64 33 33 33 33 33 33 33 33 33 33 33 33 33 33 33 33 33 33 33 33 33 33 33 33 33 33 33 33 33 33 33 33 89 66 69 66 65 85 64 63 64 76 63 64 92 75 A7 63 65 33 33 33 33 33 37 33 37 33 33 33 42 33 33 33 65 DD 35 33 33 33 33 33 33 33 33 33 33 33 33 33 D4 55 A5 60 9F A5 81 0D 3B 42 33 33 33 65 DD 35 33 33 33 33 33 C1 55 A5 60 9F A5 83 55 33 93 7F 63 64 33 33 33 33 33 33 33 33 33 33 33 33 33 33 33 33 33 33 33 33 33 33 33 33 33 33 33 33 33 33 33 33 89 66 69 66 65 85 64 63 64 76 63 64 92 75 A7 63 65 33 33 33 33 33 37 33 38 33 33 33 42 33 33 33 E5 45 35 33 33 33 33 33 33 33 33 33 33 33 33 33 BC 55 A5 60 9F A5 81 0D 3B 42 33 33 33 E5 45 35 33 33 33 33 33 61 55 A5 60 9F A5 83 55 33 93 7F 63 64 33 33 33 33 33 33 33 33 33 33 33 33 33 33 33 33 33 33 33 33 33 33 33 33 33 33 33 33 33 33 33 33 89 66 69 66 65 85 64 63 64 76 63 64 92 75 A7 63 65 33 33 33 33 33 37 33 37 33 33 33 42 33 33 33 65 BC 33 33 33 33 33 33 33 33 33 33 33 33 33 33 B6 55 A5 60 9F A5 81 0D 3B 42 33 33 33 65 BC 33 33 33 33 33 33 6D 55 A5 60 9F A5 83 55 33 93 7F 63 64 33 33 33 33 33 33 33 33 33 33 33 33 33 33 33 33 33 33 33 33 33 33 33 33 33 33 33 33 33 33 33 33 89 66 69 66 65 85 64 63 64 76 63 64 92 75 A7 63 65 33 33 33 33 33 37 33 37 33 33 33 42 33 33 33 17 3B 38 33 33 33 33 33 33 33 33 33 33 33 33 33 EF 55 A5 60 9F A5 81 0D 3B 42 33 33 33 17 3B 38 33 33 33 33 33 CB 55 A5 60 9F A5 83 55 33 93 7F 63 64 33 33 33 33 33 33 33 33 33 33 33 33 33 33 33 33 33 33 33 33 33 33 33 33 33 33 33 33 33 33 33 33 89 66 69 66 65 85 64 63 64 76 63 64 92 75 A7 63 65 33 33 33 33 33 37 33 36 33 33 33 42 33 33 33 17 63 33 33 33 33 33 33 33 33 33 33 33 33 33 33 9D 55 A5 60 9F A5 81 0D 3B 42 33 33 33 17 63 33 33 33 33 33 33 E1 55 A5 60 9F A5 83 55 33 93 7F 63 64 33 33 33 33 33 33 33 33 33 33 33 33 33 33 33 33 33 33 33 33 33 33 33 33 33 33 33 33 33 33 33 33 89 66 69 66 65 85 64 63 64 76 63 64 92 75 A7 63 65 33 33 33 33 33 37 33 36 33 33 33 42 33 33 33 17 63 37 33 33 33 33 33 33 33 33 33 33 33 33 33 02 55 A5 60 9F A5 81 0D 3B 42 33 33 33 17 63 37 33 33 33 33 33 B4 55 A5 60 9F A5 83 55 33 93 7F 63 64 33 33 33 33 33 33 33 33 33 33 33 33 33 33 33 33 33 33 33 33 33 33 33 33 33 33 33 33 33 33 33 33 89 66 69 66 65 85 64 63 64 76 63 64 92 75 A7 63 65 33 33 33 33 33 37 33 37 33 33 33 42 33 33 33 17 5F 37 33 33 33 33 33 33 33 33 33 33 33 33 33 7E 55 A5 60 9F A5 81 0D 3B 42 33 33 33 17 5F 37 33 33 33 33 33 47 55
[2025-08-29 15:12:38.259] [ERROR] 数据解析失败，返回码: 0
[2025-08-29 15:12:38.813] [INFO] [循环 1/1] 发送 OK
[2025-08-29 15:12:39.392] [INFO] 已保存结果: reports\2025-08-29_15-12-35\results.csv
[2025-08-29 15:12:39.540] [INFO] 已生成报告: reports\2025-08-29_15-12-35\report.html
[2025-08-29 15:12:39.668] [DEBUG] 串口已关闭
[2025-08-29 15:12:39.747] [INFO] 程序结束
