[2025-08-28 19:37:51.776] [INFO] 初始化 BLE 协议通信...
[2025-08-28 19:37:51.957] [INFO] 加载用例 2 条 来自: testcases.xlsx
[2025-08-28 19:37:51.963] [INFO] ==== 执行用例 #1 ====
[2025-08-28 19:37:51.966] [INFO] 参数: {'screen_on': 1, 'brightness': 7, 'digital': 22, 'logo': 1, 'rim_state': 0, 'rdygo': 0, 'turn_left': 0, 'turn_right': 0, 'ring': 0} | 备注: 关闭显示，校验全部为0（除 brightness）
[2025-08-28 19:37:51.982] [DEBUG] 修改后的LED显示信息:
[2025-08-28 19:37:51.989] [INFO]   屏幕状态: 开
  亮度级别: 7
  数字显示: 22
  LOGO状态: 1 (0关, 1白, 2红)
  护盾状态: 0 (0关, 1白, 2绿)
  ReadyGo状态: 0 (0关, 1白, 2红)
  左转向灯: 0 (0关, 1白, 2橙)
  右转向灯: 0 (0关, 1白, 2橙)
  灯环状态: 0 (0关, 1蓝, 2红)
[2025-08-28 19:37:52.005] [DEBUG] 组包成功，数据长度: 21 字节
[2025-08-28 19:37:52.013] [DEBUG] 发送数据: A5 60 9F A5 03 0D 3B 42 33 33 33 C9 33 33 33 33 33 33 33 45 55
[2025-08-28 19:37:53.027] [DEBUG] 接收数据: A5 60 9F A5 83 55 33 93 7F 63 64 33 33 33 33 33 33 33 33 33 33 33 33 33 33 33 33 33 33 33 33 33 33 33 33 33 33 33 33 33 33 33 33 89 66 69 66 65 85 64 63 64 76 63 64 92 75 A7 63 65 33 33 33 33 33 37 33 36 33 33 33 42 33 33 33 C9 33 33 33 33 33 33 33 33 33 33 33 33 33 33 33 D9 55
[2025-08-28 19:37:53.067] [DEBUG] 数据解析成功:
[2025-08-28 19:37:53.067] [INFO]   ID: 0x60
  命令: 0x83 (读)
  寄存器地址: 0x00
  寄存器数量: 0
[2025-08-28 19:37:53.102] [DEBUG] 组包成功，数据长度: 21 字节
[2025-08-28 19:37:53.114] [DEBUG] 发送数据: A5 60 9F A5 01 0D 3B 42 33 33 33 C9 33 33 33 33 33 33 33 02 55
[2025-08-28 19:37:54.146] [DEBUG] 接收数据: A5 60 9F A5 81 0D 3B 42 33 33 33 C9 33 33 33 33 33 33 33 35 55
[2025-08-28 19:37:54.194] [DEBUG] 数据解析成功:
[2025-08-28 19:37:54.218] [INFO]   ID: 0x60
  命令: 0x81 (读)
  寄存器地址: 0x08
  寄存器数量: 0
[2025-08-28 19:37:54.224] [INFO] 
全局变量中的LED显示信息已更新:
[2025-08-28 19:37:54.256] [INFO]   屏幕状态: 开
  亮度级别: 7
  数字显示: 22
  LOGO状态: 1 (0关, 1白, 2红)
  护盾状态: 0 (0关, 1白, 2绿)
  ReadyGo状态: 0 (0关, 1白, 2红)
  左转向灯: 0 (0关, 1白, 2橙)
  右转向灯: 0 (0关, 1白, 2橙)
  灯环状态: 0 (0关, 1蓝, 2红)
[2025-08-28 19:37:54.272] [INFO] 结果: PASS | 用时: 2.309s
[2025-08-28 19:37:54.483] [INFO] ==== 执行用例 #2 ====
[2025-08-28 19:37:54.506] [INFO] 参数: {'screen_on': 1, 'brightness': 4, 'digital': 11, 'logo': 1, 'rim_state': 0, 'rdygo': 0, 'turn_left': 0, 'turn_right': 0, 'ring': 0} | 备注: 关闭显示，校验全部为0（除 brightness）
[2025-08-28 19:37:54.538] [DEBUG] 修改后的LED显示信息:
[2025-08-28 19:37:54.550] [INFO]   屏幕状态: 开
  亮度级别: 4
  数字显示: 11
  LOGO状态: 1 (0关, 1白, 2红)
  护盾状态: 0 (0关, 1白, 2绿)
  ReadyGo状态: 0 (0关, 1白, 2红)
  左转向灯: 0 (0关, 1白, 2橙)
  右转向灯: 0 (0关, 1白, 2橙)
  灯环状态: 0 (0关, 1蓝, 2红)
[2025-08-28 19:37:54.566] [DEBUG] 组包成功，数据长度: 21 字节
[2025-08-28 19:37:54.574] [DEBUG] 发送数据: A5 60 9F A5 03 0D 3B 3C 33 33 33 BE 33 33 33 33 33 33 33 8E 55
[2025-08-28 19:37:55.596] [DEBUG] 接收数据: A5 60 9F A5 83 55 33 93 7F 63 64 33 33 33 33 33 33 33 33 33 33 33 33 33 33 33 33 33 33 33 33 33 33 33 33 33 33 33 33 33 33 33 33 89 66 69 66 65 85 64 63 64 76 63 64 92 75 A7 63 65 33 33 33 33 33 37 33 37 33 33 33 3C 33 33 33 BE 33 33 33 33 33 33 33 33 33 33 33 33 33 33 33 B9 55
[2025-08-28 19:37:55.692] [DEBUG] 数据解析成功:
[2025-08-28 19:37:55.715] [INFO]   ID: 0x60
  命令: 0x83 (读)
  寄存器地址: 0x00
  寄存器数量: 0
[2025-08-28 19:37:55.734] [DEBUG] 组包成功，数据长度: 21 字节
[2025-08-28 19:37:55.740] [DEBUG] 发送数据: A5 60 9F A5 01 0D 3B 3C 33 33 33 BE 33 33 33 33 33 33 33 C9 55
[2025-08-28 19:37:56.776] [DEBUG] 接收数据: A5 60 9F A5 81 0D 3B 3C 33 33 33 BE 33 33 33 33 33 33 33 FE 55
[2025-08-28 19:37:56.885] [DEBUG] 数据解析成功:
[2025-08-28 19:37:56.901] [INFO]   ID: 0x60
  命令: 0x81 (读)
  寄存器地址: 0x08
  寄存器数量: 0
[2025-08-28 19:37:56.911] [INFO] 
全局变量中的LED显示信息已更新:
[2025-08-28 19:37:56.941] [INFO]   屏幕状态: 开
  亮度级别: 4
  数字显示: 11
  LOGO状态: 1 (0关, 1白, 2红)
  护盾状态: 0 (0关, 1白, 2绿)
  ReadyGo状态: 0 (0关, 1白, 2红)
  左转向灯: 0 (0关, 1白, 2橙)
  右转向灯: 0 (0关, 1白, 2橙)
  灯环状态: 0 (0关, 1蓝, 2红)
[2025-08-28 19:37:56.954] [INFO] 结果: PASS | 用时: 2.471s
[2025-08-28 19:37:57.166] [INFO] 开始压力循环: 次数=1, 间隔=0.5s, 参数={'screen_on': 1, 'brightness': 7, 'digital': 22, 'logo': 1, 'rim_state': 0, 'rdygo': 0, 'turn_left': 0, 'turn_right': 0, 'ring': 0}
[2025-08-28 19:37:57.243] [DEBUG] 修改后的LED显示信息:
[2025-08-28 19:37:57.244] [INFO]   屏幕状态: 开
  亮度级别: 7
  数字显示: 22
  LOGO状态: 1 (0关, 1白, 2红)
  护盾状态: 0 (0关, 1白, 2绿)
  ReadyGo状态: 0 (0关, 1白, 2红)
  左转向灯: 0 (0关, 1白, 2橙)
  右转向灯: 0 (0关, 1白, 2橙)
  灯环状态: 0 (0关, 1蓝, 2红)
[2025-08-28 19:37:57.270] [DEBUG] 组包成功，数据长度: 21 字节
[2025-08-28 19:37:57.270] [DEBUG] 发送数据: A5 60 9F A5 03 0D 3B 42 33 33 33 C9 33 33 33 33 33 33 33 45 55
[2025-08-28 19:37:58.302] [DEBUG] 接收数据: A5 60 9F A5 83 55 33 93 7F 63 64 33 33 33 33 33 33 33 33 33 33 33 33 33 33 33 33 33 33 33 33 33 33 33 33 33 33 33 33 33 33 33 33 89 66 69 66 65 85 64 63 64 76 63 64 92 75 A7 63 65 33 33 33 33 33 37 33 37 33 33 33 42 33 33 33 C9 33 33 33 33 33 33 33 33 33 33 33 33 33 33 33 2C 55
[2025-08-28 19:37:58.366] [DEBUG] 数据解析成功:
[2025-08-28 19:37:58.382] [INFO]   ID: 0x60
  命令: 0x83 (读)
  寄存器地址: 0x00
  寄存器数量: 0
[2025-08-28 19:37:58.427] [INFO] [循环 1/1] 发送 OK
[2025-08-28 19:37:58.961] [INFO] 已保存结果: reports\2025-08-28_19-37-51\results.csv
[2025-08-28 19:37:59.034] [INFO] 已生成报告: reports\2025-08-28_19-37-51\report.html
[2025-08-28 19:37:59.069] [DEBUG] 串口已关闭
[2025-08-28 19:37:59.086] [INFO] 程序结束
