[2025-08-27 16:20:27.839] [INFO] 初始化 BLE 协议通信...
[2025-08-27 16:20:28.013] [INFO] 加载用例 5 条 来自: testcases.xlsx
[2025-08-27 16:20:28.024] [INFO] ==== 执行用例 #1 ====
[2025-08-27 16:20:28.024] [INFO] 参数: {'screen_on': 1, 'brightness': 7, 'digital': 88, 'logo': 1, 'rim_state': 1, 'rdygo': 1, 'turn_left': 2, 'turn_right': 2, 'ring': 2} | 备注: 基本点亮 + 白LOGO + 左右转向橙
[2025-08-27 16:20:28.024] [DEBUG] 修改后的LED显示信息:
[2025-08-27 16:20:28.024] [INFO]   屏幕状态: 开
  亮度级别: 7
  数字显示: 88
  LOGO状态: 1 (0关, 1白, 2红)
  护盾状态: 1 (0关, 1白, 2绿)
  ReadyGo状态: 1 (0关, 1白, 2红)
  左转向灯: 2 (0关, 1白, 2橙)
  右转向灯: 2 (0关, 1白, 2橙)
  灯环状态: 2 (0关, 1蓝, 2红)
[2025-08-27 16:20:28.024] [DEBUG] 组包成功，数据长度: 21 字节
[2025-08-27 16:20:28.024] [DEBUG] 发送数据: A5 60 9F A5 03 0D 3B 42 33 33 33 0B 7D 38 33 33 33 33 33 BA 55
[2025-08-27 16:20:29.034] [DEBUG] 接收数据: A5 60 9F A5 83 55 33 93 7F 63 64 33 33 33 33 33 33 33 33 33 33 33 33 33 33 33 33 33 33 33 33 33 33 33 33 33 33 33 33 33 33 33 33 89 66 69 66 65 85 64 63 64 76 63 64 92 75 A7 63 65 33 33 33 33 33 37 33 37 33 33 33 42 33 33 33 0B 7D 38 33 33 33 33 33 33 33 33 33 33 33 33 33 26 55
[2025-08-27 16:20:29.034] [DEBUG] 数据解析成功:
[2025-08-27 16:20:29.034] [INFO]   ID: 0x60
  命令: 0x83 (读)
  寄存器地址: 0x00
  寄存器数量: 0
[2025-08-27 16:20:29.034] [DEBUG] 组包成功，数据长度: 21 字节
[2025-08-27 16:20:29.034] [DEBUG] 发送数据: A5 60 9F A5 01 0D 3B 42 33 33 33 0B 7D 38 33 33 33 33 33 FD 55
[2025-08-27 16:20:30.035] [DEBUG] 接收数据: A5 60 9F A5 81 0D 3B 42 33 33 33 0B 7D 38 33 33 33 33 33 CA 55
[2025-08-27 16:20:30.038] [DEBUG] 数据解析成功:
[2025-08-27 16:20:30.038] [INFO]   ID: 0x60
  命令: 0x81 (读)
  寄存器地址: 0x08
  寄存器数量: 0
[2025-08-27 16:20:30.038] [INFO] 
全局变量中的LED显示信息已更新:
[2025-08-27 16:20:30.038] [INFO]   屏幕状态: 开
  亮度级别: 7
  数字显示: 88
  LOGO状态: 1 (0关, 1白, 2红)
  护盾状态: 1 (0关, 1白, 2绿)
  ReadyGo状态: 1 (0关, 1白, 2红)
  左转向灯: 2 (0关, 1白, 2橙)
  右转向灯: 2 (0关, 1白, 2橙)
  灯环状态: 2 (0关, 1蓝, 2红)
[2025-08-27 16:20:30.045] [INFO] 结果: PASS | 用时: 2.022s
[2025-08-27 16:20:30.246] [INFO] ==== 执行用例 #2 ====
[2025-08-27 16:20:30.246] [INFO] 参数: {'screen_on': 0, 'brightness': 3, 'digital': 0, 'logo': 0, 'rim_state': 0, 'rdygo': 0, 'turn_left': 0, 'turn_right': 0, 'ring': 0} | 备注: 关闭显示，校验全部为0（除 brightness）
[2025-08-27 16:20:30.249] [DEBUG] 修改后的LED显示信息:
[2025-08-27 16:20:30.251] [INFO]   屏幕状态: 关
  亮度级别: 3
  数字显示: 0
  LOGO状态: 0 (0关, 1白, 2红)
  护盾状态: 0 (0关, 1白, 2绿)
  ReadyGo状态: 0 (0关, 1白, 2红)
  左转向灯: 0 (0关, 1白, 2橙)
  右转向灯: 0 (0关, 1白, 2橙)
  灯环状态: 0 (0关, 1蓝, 2红)
[2025-08-27 16:20:30.251] [DEBUG] 组包成功，数据长度: 21 字节
[2025-08-27 16:20:30.251] [DEBUG] 发送数据: A5 60 9F A5 03 0D 3B 39 33 33 33 33 33 33 33 33 33 33 33 12 55
[2025-08-27 16:20:31.253] [DEBUG] 接收数据: A5 60 9F A5 83 55 33 93 7F 63 64 33 33 33 33 33 33 33 33 33 33 33 33 33 33 33 33 33 33 33 33 33 33 33 33 33 33 33 33 33 33 33 33 89 66 69 66 65 85 64 63 64 76 63 64 92 75 A7 63 65 33 33 33 33 33 37 33 37 33 33 33 39 33 33 33 33 33 33 33 33 33 33 33 33 33 33 33 33 33 33 33 4B 55
[2025-08-27 16:20:31.253] [DEBUG] 数据解析成功:
[2025-08-27 16:20:31.253] [INFO]   ID: 0x60
  命令: 0x83 (读)
  寄存器地址: 0x00
  寄存器数量: 0
[2025-08-27 16:20:31.253] [DEBUG] 组包成功，数据长度: 21 字节
[2025-08-27 16:20:31.253] [DEBUG] 发送数据: A5 60 9F A5 01 0D 3B 39 33 33 33 33 33 33 33 33 33 33 33 55 55
[2025-08-27 16:20:32.257] [DEBUG] 接收数据: A5 60 9F A5 81 0D 3B 39 33 33 33 33 33 33 33 33 33 33 33 62 55
[2025-08-27 16:20:32.257] [DEBUG] 数据解析成功:
[2025-08-27 16:20:32.260] [INFO]   ID: 0x60
  命令: 0x81 (读)
  寄存器地址: 0x08
  寄存器数量: 0
[2025-08-27 16:20:32.262] [INFO] 
全局变量中的LED显示信息已更新:
[2025-08-27 16:20:32.262] [INFO]   屏幕状态: 关
  亮度级别: 3
  数字显示: 0
  LOGO状态: 0 (0关, 1白, 2红)
  护盾状态: 0 (0关, 1白, 2绿)
  ReadyGo状态: 0 (0关, 1白, 2红)
  左转向灯: 0 (0关, 1白, 2橙)
  右转向灯: 0 (0关, 1白, 2橙)
  灯环状态: 0 (0关, 1蓝, 2红)
[2025-08-27 16:20:32.262] [INFO] 结果: PASS | 用时: 2.016s
[2025-08-27 16:20:32.464] [INFO] ==== 执行用例 #3 ====
[2025-08-27 16:20:32.464] [INFO] 参数: {'screen_on': 1, 'brightness': 7, 'digital': 11, 'logo': 1, 'rim_state': 0, 'rdygo': 0, 'turn_left': 0, 'turn_right': 0, 'ring': 0} | 备注: 关闭显示，校验全部为0（除 brightness）
[2025-08-27 16:20:32.464] [DEBUG] 修改后的LED显示信息:
[2025-08-27 16:20:32.464] [INFO]   屏幕状态: 开
  亮度级别: 7
  数字显示: 11
  LOGO状态: 1 (0关, 1白, 2红)
  护盾状态: 0 (0关, 1白, 2绿)
  ReadyGo状态: 0 (0关, 1白, 2红)
  左转向灯: 0 (0关, 1白, 2橙)
  右转向灯: 0 (0关, 1白, 2橙)
  灯环状态: 0 (0关, 1蓝, 2红)
[2025-08-27 16:20:32.464] [DEBUG] 组包成功，数据长度: 21 字节
[2025-08-27 16:20:32.464] [DEBUG] 发送数据: A5 60 9F A5 03 0D 3B 42 33 33 33 BE 33 33 33 33 33 33 33 B8 55
[2025-08-27 16:20:33.465] [DEBUG] 接收数据: A5 60 9F A5 83 55 33 93 7F 63 64 33 33 33 33 33 33 33 33 33 33 33 33 33 33 33 33 33 33 33 33 33 33 33 33 33 33 33 33 33 33 33 33 89 66 69 66 65 85 64 63 64 76 63 64 92 75 A7 63 65 33 33 33 33 33 37 33 39 33 33 33 42 33 33 33 BE 33 33 33 33 33 33 33 33 33 33 33 33 33 33 33 16 55
[2025-08-27 16:20:33.465] [DEBUG] 数据解析成功:
[2025-08-27 16:20:33.465] [INFO]   ID: 0x60
  命令: 0x83 (读)
  寄存器地址: 0x00
  寄存器数量: 0
[2025-08-27 16:20:33.465] [DEBUG] 组包成功，数据长度: 21 字节
[2025-08-27 16:20:33.465] [DEBUG] 发送数据: A5 60 9F A5 01 0D 3B 42 33 33 33 BE 33 33 33 33 33 33 33 FF 55
[2025-08-27 16:20:34.468] [DEBUG] 接收数据: A5 60 9F A5 81 0D 3B 42 33 33 33 BE 33 33 33 33 33 33 33 C8 55
[2025-08-27 16:20:34.470] [DEBUG] 数据解析成功:
[2025-08-27 16:20:34.470] [INFO]   ID: 0x60
  命令: 0x81 (读)
  寄存器地址: 0x08
  寄存器数量: 0
[2025-08-27 16:20:34.470] [INFO] 
全局变量中的LED显示信息已更新:
[2025-08-27 16:20:34.470] [INFO]   屏幕状态: 开
  亮度级别: 7
  数字显示: 11
  LOGO状态: 1 (0关, 1白, 2红)
  护盾状态: 0 (0关, 1白, 2绿)
  ReadyGo状态: 0 (0关, 1白, 2红)
  左转向灯: 0 (0关, 1白, 2橙)
  右转向灯: 0 (0关, 1白, 2橙)
  灯环状态: 0 (0关, 1蓝, 2红)
[2025-08-27 16:20:34.470] [INFO] 结果: PASS | 用时: 2.005s
[2025-08-27 16:20:34.676] [INFO] ==== 执行用例 #4 ====
[2025-08-27 16:20:34.676] [INFO] 参数: {'screen_on': 1, 'brightness': 7, 'digital': 22, 'logo': 1, 'rim_state': 0, 'rdygo': 0, 'turn_left': 0, 'turn_right': 0, 'ring': 0} | 备注: 关闭显示，校验全部为0（除 brightness）
[2025-08-27 16:20:34.676] [DEBUG] 修改后的LED显示信息:
[2025-08-27 16:20:34.681] [INFO]   屏幕状态: 开
  亮度级别: 7
  数字显示: 22
  LOGO状态: 1 (0关, 1白, 2红)
  护盾状态: 0 (0关, 1白, 2绿)
  ReadyGo状态: 0 (0关, 1白, 2红)
  左转向灯: 0 (0关, 1白, 2橙)
  右转向灯: 0 (0关, 1白, 2橙)
  灯环状态: 0 (0关, 1蓝, 2红)
[2025-08-27 16:20:34.682] [DEBUG] 组包成功，数据长度: 21 字节
[2025-08-27 16:20:34.683] [DEBUG] 发送数据: A5 60 9F A5 03 0D 3B 42 33 33 33 C9 33 33 33 33 33 33 33 45 55
[2025-08-27 16:20:35.687] [DEBUG] 接收数据: A5 60 9F A5 83 55 33 93 7F 63 64 33 33 33 33 33 33 33 33 33 33 33 33 33 33 33 33 33 33 33 33 33 33 33 33 33 33 33 33 33 33 33 33 89 66 69 66 65 85 64 63 64 76 63 64 92 75 A7 63 65 33 33 33 33 33 37 33 37 33 33 33 42 33 33 33 C9 33 33 33 33 33 33 33 33 33 33 33 33 33 33 33 2C 55
[2025-08-27 16:20:35.687] [DEBUG] 数据解析成功:
[2025-08-27 16:20:35.690] [INFO]   ID: 0x60
  命令: 0x83 (读)
  寄存器地址: 0x00
  寄存器数量: 0
[2025-08-27 16:20:35.690] [DEBUG] 组包成功，数据长度: 21 字节
[2025-08-27 16:20:35.690] [DEBUG] 发送数据: A5 60 9F A5 01 0D 3B 42 33 33 33 C9 33 33 33 33 33 33 33 02 55
[2025-08-27 16:20:36.694] [DEBUG] 接收数据: A5 60 9F A5 81 0D 3B 42 33 33 33 C9 33 33 33 33 33 33 33 35 55
[2025-08-27 16:20:36.697] [DEBUG] 数据解析成功:
[2025-08-27 16:20:36.698] [INFO]   ID: 0x60
  命令: 0x81 (读)
  寄存器地址: 0x08
  寄存器数量: 0
[2025-08-27 16:20:36.700] [INFO] 
全局变量中的LED显示信息已更新:
[2025-08-27 16:20:36.700] [INFO]   屏幕状态: 开
  亮度级别: 7
  数字显示: 22
  LOGO状态: 1 (0关, 1白, 2红)
  护盾状态: 0 (0关, 1白, 2绿)
  ReadyGo状态: 0 (0关, 1白, 2红)
  左转向灯: 0 (0关, 1白, 2橙)
  右转向灯: 0 (0关, 1白, 2橙)
  灯环状态: 0 (0关, 1蓝, 2红)
[2025-08-27 16:20:36.700] [INFO] 结果: PASS | 用时: 2.024s
[2025-08-27 16:20:36.907] [INFO] ==== 执行用例 #5 ====
[2025-08-27 16:20:36.907] [INFO] 参数: {'screen_on': 1, 'brightness': 9, 'digital': 99, 'logo': 1, 'rim_state': 0, 'rdygo': 0, 'turn_left': 0, 'turn_right': 0, 'ring': 0} | 备注: 关闭显示，校验全部为0（除 brightness）
[2025-08-27 16:20:36.911] [DEBUG] 修改后的LED显示信息:
[2025-08-27 16:20:36.911] [INFO]   屏幕状态: 开
  亮度级别: 1
  数字显示: 99
  LOGO状态: 1 (0关, 1白, 2红)
  护盾状态: 0 (0关, 1白, 2绿)
  ReadyGo状态: 0 (0关, 1白, 2红)
  左转向灯: 0 (0关, 1白, 2橙)
  右转向灯: 0 (0关, 1白, 2橙)
  灯环状态: 0 (0关, 1蓝, 2红)
[2025-08-27 16:20:36.911] [DEBUG] 组包成功，数据长度: 21 字节
[2025-08-27 16:20:36.911] [DEBUG] 发送数据: A5 60 9F A5 03 0D 3B 36 33 33 33 16 33 33 33 33 33 33 33 67 55
[2025-08-27 16:20:37.916] [DEBUG] 接收数据: A5 60 9F A5 83 55 33 93 7F 63 64 33 33 33 33 33 33 33 33 33 33 33 33 33 33 33 33 33 33 33 33 33 33 33 33 33 33 33 33 33 33 33 33 89 66 69 66 65 85 64 63 64 76 63 64 92 75 A7 63 65 33 33 33 33 33 37 33 36 33 33 33 36 33 33 33 16 33 33 33 33 33 33 33 33 33 33 33 33 33 33 33 97 55
[2025-08-27 16:20:37.916] [DEBUG] 数据解析成功:
[2025-08-27 16:20:37.922] [INFO]   ID: 0x60
  命令: 0x83 (读)
  寄存器地址: 0x00
  寄存器数量: 0
[2025-08-27 16:20:37.922] [DEBUG] 组包成功，数据长度: 21 字节
[2025-08-27 16:20:37.924] [DEBUG] 发送数据: A5 60 9F A5 01 0D 3B 36 33 33 33 16 33 33 33 33 33 33 33 20 55
[2025-08-27 16:20:38.931] [DEBUG] 接收数据: A5 60 9F A5 81 0D 3B 36 33 33 33 16 33 33 33 33 33 33 33 17 55
[2025-08-27 16:20:38.931] [DEBUG] 数据解析成功:
[2025-08-27 16:20:38.934] [INFO]   ID: 0x60
  命令: 0x81 (读)
  寄存器地址: 0x08
  寄存器数量: 0
[2025-08-27 16:20:38.934] [INFO] 
全局变量中的LED显示信息已更新:
[2025-08-27 16:20:38.934] [INFO]   屏幕状态: 开
  亮度级别: 1
  数字显示: 99
  LOGO状态: 1 (0关, 1白, 2红)
  护盾状态: 0 (0关, 1白, 2绿)
  ReadyGo状态: 0 (0关, 1白, 2红)
  左转向灯: 0 (0关, 1白, 2橙)
  右转向灯: 0 (0关, 1白, 2橙)
  灯环状态: 0 (0关, 1蓝, 2红)
[2025-08-27 16:20:38.934] [INFO] 结果: PASS | 用时: 2.027s
[2025-08-27 16:20:39.140] [INFO] 开始压力循环: 次数=1, 间隔=0.5s, 参数={'screen_on': 1, 'brightness': 7, 'digital': 88, 'logo': 1, 'rim_state': 1, 'rdygo': 1, 'turn_left': 2, 'turn_right': 2, 'ring': 2}
[2025-08-27 16:20:39.144] [DEBUG] 修改后的LED显示信息:
[2025-08-27 16:20:39.144] [INFO]   屏幕状态: 开
  亮度级别: 7
  数字显示: 88
  LOGO状态: 1 (0关, 1白, 2红)
  护盾状态: 1 (0关, 1白, 2绿)
  ReadyGo状态: 1 (0关, 1白, 2红)
  左转向灯: 2 (0关, 1白, 2橙)
  右转向灯: 2 (0关, 1白, 2橙)
  灯环状态: 2 (0关, 1蓝, 2红)
[2025-08-27 16:20:39.144] [DEBUG] 组包成功，数据长度: 21 字节
[2025-08-27 16:20:39.144] [DEBUG] 发送数据: A5 60 9F A5 03 0D 3B 42 33 33 33 0B 7D 38 33 33 33 33 33 BA 55
[2025-08-27 16:20:40.153] [DEBUG] 接收数据: A5 60 9F A5 83 55 33 93 7F 63 64 33 33 33 33 33 33 33 33 33 33 33 33 33 33 33 33 33 33 33 33 33 33 33 33 33 33 33 33 33 33 33 33 89 66 69 66 65 85 64 63 64 76 63 64 92 75 A7 63 65 33 33 33 33 33 37 33 38 33 33 33 42 33 33 33 0B 7D 38 33 33 33 33 33 33 33 33 33 33 33 33 33 62 55
[2025-08-27 16:20:40.155] [DEBUG] 数据解析成功:
[2025-08-27 16:20:40.155] [INFO]   ID: 0x60
  命令: 0x83 (读)
  寄存器地址: 0x00
  寄存器数量: 0
[2025-08-27 16:20:40.155] [INFO] [循环 1/1] 发送 OK
[2025-08-27 16:20:40.667] [INFO] 已保存结果: reports\2025-08-27_16-20-27\results.csv
[2025-08-27 16:20:40.669] [INFO] 已生成报告: reports\2025-08-27_16-20-27\report.html
[2025-08-27 16:20:40.671] [DEBUG] 串口已关闭
[2025-08-27 16:20:40.673] [INFO] 程序结束
