[2025-08-29 15:13:31.226] [INFO] 初始化 BLE 协议通信...
[2025-08-29 15:13:31.509] [INFO] 加载用例 14 条 来自: testcases.xlsx
[2025-08-29 15:13:31.513] [INFO] ==== 执行用例 #1 ====
[2025-08-29 15:13:31.514] [INFO] 参数: {'screen_on': 1, 'brightness': 5, 'digital': 50, 'logo': 1, 'rim_state': 0, 'rdygo': 1, 'turn_left': 1, 'turn_right': 1, 'ring': 0} | 备注: nan
[2025-08-29 15:13:31.514] [DEBUG] 修改后的LED显示信息:
[2025-08-29 15:13:31.515] [INFO]   屏幕状态: 开
  亮度级别: 5
  数字显示: 50
  LOGO状态: 1 (0关, 1白, 2红)
  护盾状态: 0 (0关, 1白, 2绿)
  ReadyGo状态: 1 (0关, 1白, 2红)
  左转向灯: 1 (0关, 1白, 2橙)
  右转向灯: 1 (0关, 1白, 2橙)
  灯环状态: 0 (0关, 1蓝, 2红)
[2025-08-29 15:13:31.519] [DEBUG] 组包成功，数据长度: 21 字节
[2025-08-29 15:13:31.519] [DEBUG] 发送数据: A5 60 9F A5 03 0D 3B 3E 33 33 33 E5 DB 33 33 33 33 33 33 67 55
[2025-08-29 15:13:31.520] [DEBUG] 接收数据超时
[2025-08-29 15:13:31.521] [DEBUG] 组包成功，数据长度: 21 字节
[2025-08-29 15:13:31.522] [DEBUG] 发送数据: A5 60 9F A5 01 0D 3B 3E 33 33 33 E5 DB 33 33 33 33 33 33 20 55
[2025-08-29 15:13:31.523] [DEBUG] 接收数据超时
[2025-08-29 15:13:31.523] [INFO] 结果: FAIL | 用时: 0.010s
[2025-08-29 15:13:31.524] [INFO] ==== 执行用例 #2 ====
[2025-08-29 15:13:31.524] [INFO] 参数: {'screen_on': 1, 'brightness': 6, 'digital': 50, 'logo': 1, 'rim_state': 1, 'rdygo': 1, 'turn_left': 1, 'turn_right': 0, 'ring': 0} | 备注: nan
[2025-08-29 15:13:31.525] [DEBUG] 修改后的LED显示信息:
[2025-08-29 15:13:31.525] [INFO]   屏幕状态: 开
  亮度级别: 6
  数字显示: 50
  LOGO状态: 1 (0关, 1白, 2红)
  护盾状态: 1 (0关, 1白, 2绿)
  ReadyGo状态: 1 (0关, 1白, 2红)
  左转向灯: 1 (0关, 1白, 2橙)
  右转向灯: 0 (0关, 1白, 2橙)
  灯环状态: 0 (0关, 1蓝, 2红)
[2025-08-29 15:13:31.526] [DEBUG] 组包成功，数据长度: 21 字节
[2025-08-29 15:13:31.527] [DEBUG] 发送数据: A5 60 9F A5 03 0D 3B 40 33 33 33 E5 5D 33 33 33 33 33 33 E3 55
[2025-08-29 15:13:31.528] [DEBUG] 接收数据超时
[2025-08-29 15:13:31.528] [DEBUG] 组包成功，数据长度: 21 字节
[2025-08-29 15:13:31.529] [DEBUG] 发送数据: A5 60 9F A5 01 0D 3B 40 33 33 33 E5 5D 33 33 33 33 33 33 A4 55
[2025-08-29 15:13:31.530] [DEBUG] 接收数据超时
[2025-08-29 15:13:31.531] [INFO] 结果: FAIL | 用时: 0.007s
[2025-08-29 15:13:31.531] [INFO] ==== 执行用例 #3 ====
[2025-08-29 15:13:31.532] [INFO] 参数: {'screen_on': 1, 'brightness': 6, 'digital': 50, 'logo': 2, 'rim_state': 2, 'rdygo': 2, 'turn_left': 1, 'turn_right': 2, 'ring': 0} | 备注: nan
[2025-08-29 15:13:31.532] [DEBUG] 修改后的LED显示信息:
[2025-08-29 15:13:31.533] [INFO]   屏幕状态: 开
  亮度级别: 6
  数字显示: 50
  LOGO状态: 2 (0关, 1白, 2红)
  护盾状态: 2 (0关, 1白, 2绿)
  ReadyGo状态: 2 (0关, 1白, 2红)
  左转向灯: 1 (0关, 1白, 2橙)
  右转向灯: 2 (0关, 1白, 2橙)
  灯环状态: 0 (0关, 1蓝, 2红)
[2025-08-29 15:13:31.534] [DEBUG] 组包成功，数据长度: 21 字节
[2025-08-29 15:13:31.534] [DEBUG] 发送数据: A5 60 9F A5 03 0D 3B 40 33 33 33 65 68 34 33 33 33 33 33 B8 55
[2025-08-29 15:13:31.536] [DEBUG] 接收数据超时
[2025-08-29 15:13:31.537] [DEBUG] 组包成功，数据长度: 21 字节
[2025-08-29 15:13:31.537] [DEBUG] 发送数据: A5 60 9F A5 01 0D 3B 40 33 33 33 65 68 34 33 33 33 33 33 FF 55
[2025-08-29 15:13:31.538] [DEBUG] 接收数据超时
[2025-08-29 15:13:31.539] [INFO] 结果: FAIL | 用时: 0.007s
[2025-08-29 15:13:31.539] [INFO] ==== 执行用例 #4 ====
[2025-08-29 15:13:31.540] [INFO] 参数: {'screen_on': 1, 'brightness': 6, 'digital': 100, 'logo': 0, 'rim_state': 1, 'rdygo': 2, 'turn_left': 1, 'turn_right': 0, 'ring': 2} | 备注: nan
[2025-08-29 15:13:31.541] [DEBUG] 修改后的LED显示信息:
[2025-08-29 15:13:31.541] [INFO]   屏幕状态: 开
  亮度级别: 6
  数字显示: 100
  LOGO状态: 0 (0关, 1白, 2红)
  护盾状态: 1 (0关, 1白, 2绿)
  ReadyGo状态: 2 (0关, 1白, 2红)
  左转向灯: 1 (0关, 1白, 2橙)
  右转向灯: 0 (0关, 1白, 2橙)
  灯环状态: 2 (0关, 1蓝, 2红)
[2025-08-29 15:13:31.542] [DEBUG] 组包成功，数据长度: 21 字节
[2025-08-29 15:13:31.543] [DEBUG] 发送数据: A5 60 9F A5 03 0D 3B 40 33 33 33 97 65 37 33 33 33 33 33 D5 55
[2025-08-29 15:13:31.543] [DEBUG] 接收数据超时
[2025-08-29 15:13:31.544] [DEBUG] 组包成功，数据长度: 21 字节
[2025-08-29 15:13:31.544] [DEBUG] 发送数据: A5 60 9F A5 01 0D 3B 40 33 33 33 97 65 37 33 33 33 33 33 92 55
[2025-08-29 15:13:31.546] [DEBUG] 接收数据超时
[2025-08-29 15:13:31.546] [INFO] 结果: FAIL | 用时: 0.007s
[2025-08-29 15:13:31.547] [INFO] ==== 执行用例 #5 ====
[2025-08-29 15:13:31.548] [INFO] 参数: {'screen_on': 1, 'brightness': 6, 'digital': 100, 'logo': 1, 'rim_state': 0, 'rdygo': 2, 'turn_left': 0, 'turn_right': 0, 'ring': 2} | 备注: nan
[2025-08-29 15:13:31.548] [DEBUG] 修改后的LED显示信息:
[2025-08-29 15:13:31.549] [INFO]   屏幕状态: 开
  亮度级别: 6
  数字显示: 100
  LOGO状态: 1 (0关, 1白, 2红)
  护盾状态: 0 (0关, 1白, 2绿)
  ReadyGo状态: 2 (0关, 1白, 2红)
  左转向灯: 0 (0关, 1白, 2橙)
  右转向灯: 0 (0关, 1白, 2橙)
  灯环状态: 2 (0关, 1蓝, 2红)
[2025-08-29 15:13:31.549] [DEBUG] 组包成功，数据长度: 21 字节
[2025-08-29 15:13:31.550] [DEBUG] 发送数据: A5 60 9F A5 03 0D 3B 40 33 33 33 17 43 37 33 33 33 33 33 26 55
[2025-08-29 15:13:31.551] [DEBUG] 接收数据超时
[2025-08-29 15:13:31.551] [DEBUG] 组包成功，数据长度: 21 字节
[2025-08-29 15:13:31.552] [DEBUG] 发送数据: A5 60 9F A5 01 0D 3B 40 33 33 33 17 43 37 33 33 33 33 33 61 55
[2025-08-29 15:13:31.553] [DEBUG] 接收数据超时
[2025-08-29 15:13:31.554] [INFO] 结果: FAIL | 用时: 0.007s
[2025-08-29 15:13:31.554] [INFO] ==== 执行用例 #6 ====
[2025-08-29 15:13:31.555] [INFO] 参数: {'screen_on': 1, 'brightness': 6, 'digital': 100, 'logo': 2, 'rim_state': 0, 'rdygo': 2, 'turn_left': 2, 'turn_right': 0, 'ring': 2} | 备注: nan
[2025-08-29 15:13:31.556] [DEBUG] 修改后的LED显示信息:
[2025-08-29 15:13:31.556] [INFO]   屏幕状态: 开
  亮度级别: 6
  数字显示: 100
  LOGO状态: 2 (0关, 1白, 2红)
  护盾状态: 0 (0关, 1白, 2绿)
  ReadyGo状态: 2 (0关, 1白, 2红)
  左转向灯: 2 (0关, 1白, 2橙)
  右转向灯: 0 (0关, 1白, 2橙)
  灯环状态: 2 (0关, 1蓝, 2红)
[2025-08-29 15:13:31.557] [DEBUG] 组包成功，数据长度: 21 字节
[2025-08-29 15:13:31.557] [DEBUG] 发送数据: A5 60 9F A5 03 0D 3B 40 33 33 33 97 84 37 33 33 33 33 33 A1 55
[2025-08-29 15:13:31.558] [DEBUG] 接收数据超时
[2025-08-29 15:13:31.558] [DEBUG] 组包成功，数据长度: 21 字节
[2025-08-29 15:13:31.559] [DEBUG] 发送数据: A5 60 9F A5 01 0D 3B 40 33 33 33 97 84 37 33 33 33 33 33 E6 55
[2025-08-29 15:13:31.560] [DEBUG] 接收数据超时
[2025-08-29 15:13:31.560] [INFO] 结果: FAIL | 用时: 0.006s
[2025-08-29 15:13:31.561] [INFO] ==== 执行用例 #7 ====
[2025-08-29 15:13:31.561] [INFO] 参数: {'screen_on': 1, 'brightness': 7, 'digital': 50, 'logo': 0, 'rim_state': 0, 'rdygo': 1, 'turn_left': 2, 'turn_right': 0, 'ring': 2} | 备注: nan
[2025-08-29 15:13:31.562] [DEBUG] 修改后的LED显示信息:
[2025-08-29 15:13:31.563] [INFO]   屏幕状态: 开
  亮度级别: 7
  数字显示: 50
  LOGO状态: 0 (0关, 1白, 2红)
  护盾状态: 0 (0关, 1白, 2绿)
  ReadyGo状态: 1 (0关, 1白, 2红)
  左转向灯: 2 (0关, 1白, 2橙)
  右转向灯: 0 (0关, 1白, 2橙)
  灯环状态: 2 (0关, 1蓝, 2红)
[2025-08-29 15:13:31.563] [DEBUG] 组包成功，数据长度: 21 字节
[2025-08-29 15:13:31.564] [DEBUG] 发送数据: A5 60 9F A5 03 0D 3B 42 33 33 33 65 7B 37 33 33 33 33 33 2A 55
[2025-08-29 15:13:31.565] [DEBUG] 接收数据超时
[2025-08-29 15:13:31.565] [DEBUG] 组包成功，数据长度: 21 字节
[2025-08-29 15:13:31.566] [DEBUG] 发送数据: A5 60 9F A5 01 0D 3B 42 33 33 33 65 7B 37 33 33 33 33 33 6D 55
[2025-08-29 15:13:31.567] [DEBUG] 接收数据超时
[2025-08-29 15:13:31.568] [INFO] 结果: FAIL | 用时: 0.007s
[2025-08-29 15:13:31.569] [INFO] ==== 执行用例 #8 ====
[2025-08-29 15:13:31.569] [INFO] 参数: {'screen_on': 1, 'brightness': 7, 'digital': 50, 'logo': 0, 'rim_state': 1, 'rdygo': 1, 'turn_left': 1, 'turn_right': 1, 'ring': 1} | 备注: nan
[2025-08-29 15:13:31.569] [DEBUG] 修改后的LED显示信息:
[2025-08-29 15:13:31.570] [INFO]   屏幕状态: 开
  亮度级别: 7
  数字显示: 50
  LOGO状态: 0 (0关, 1白, 2红)
  护盾状态: 1 (0关, 1白, 2绿)
  ReadyGo状态: 1 (0关, 1白, 2红)
  左转向灯: 1 (0关, 1白, 2橙)
  右转向灯: 1 (0关, 1白, 2橙)
  灯环状态: 1 (0关, 1蓝, 2红)
[2025-08-29 15:13:31.571] [DEBUG] 组包成功，数据长度: 21 字节
[2025-08-29 15:13:31.571] [DEBUG] 发送数据: A5 60 9F A5 03 0D 3B 42 33 33 33 65 DD 35 33 33 33 33 33 B1 55
[2025-08-29 15:13:31.572] [DEBUG] 接收数据超时
[2025-08-29 15:13:31.573] [DEBUG] 组包成功，数据长度: 21 字节
[2025-08-29 15:13:31.573] [DEBUG] 发送数据: A5 60 9F A5 01 0D 3B 42 33 33 33 65 DD 35 33 33 33 33 33 F6 55
[2025-08-29 15:13:31.574] [DEBUG] 接收数据超时
[2025-08-29 15:13:31.574] [INFO] 结果: FAIL | 用时: 0.005s
[2025-08-29 15:13:31.575] [INFO] ==== 执行用例 #9 ====
[2025-08-29 15:13:31.576] [INFO] 参数: {'screen_on': 1, 'brightness': 7, 'digital': 50, 'logo': 1, 'rim_state': 1, 'rdygo': 2, 'turn_left': 0, 'turn_right': 0, 'ring': 1} | 备注: nan
[2025-08-29 15:13:31.577] [DEBUG] 修改后的LED显示信息:
[2025-08-29 15:13:31.577] [INFO]   屏幕状态: 开
  亮度级别: 7
  数字显示: 50
  LOGO状态: 1 (0关, 1白, 2红)
  护盾状态: 1 (0关, 1白, 2绿)
  ReadyGo状态: 2 (0关, 1白, 2红)
  左转向灯: 0 (0关, 1白, 2橙)
  右转向灯: 0 (0关, 1白, 2橙)
  灯环状态: 1 (0关, 1蓝, 2红)
[2025-08-29 15:13:31.578] [DEBUG] 组包成功，数据长度: 21 字节
[2025-08-29 15:13:31.579] [DEBUG] 发送数据: A5 60 9F A5 03 0D 3B 42 33 33 33 E5 45 35 33 33 33 33 33 11 55
[2025-08-29 15:13:31.580] [DEBUG] 接收数据超时
[2025-08-29 15:13:31.580] [DEBUG] 组包成功，数据长度: 21 字节
[2025-08-29 15:13:31.581] [DEBUG] 发送数据: A5 60 9F A5 01 0D 3B 42 33 33 33 E5 45 35 33 33 33 33 33 56 55
[2025-08-29 15:13:31.582] [DEBUG] 接收数据超时
[2025-08-29 15:13:31.582] [INFO] 结果: FAIL | 用时: 0.007s
[2025-08-29 15:13:31.583] [INFO] ==== 执行用例 #10 ====
[2025-08-29 15:13:31.584] [INFO] 参数: {'screen_on': 1, 'brightness': 7, 'digital': 50, 'logo': 2, 'rim_state': 0, 'rdygo': 1, 'turn_left': 0, 'turn_right': 1, 'ring': 0} | 备注: nan
[2025-08-29 15:13:31.586] [DEBUG] 修改后的LED显示信息:
[2025-08-29 15:13:31.586] [INFO]   屏幕状态: 开
  亮度级别: 7
  数字显示: 50
  LOGO状态: 2 (0关, 1白, 2红)
  护盾状态: 0 (0关, 1白, 2绿)
  ReadyGo状态: 1 (0关, 1白, 2红)
  左转向灯: 0 (0关, 1白, 2橙)
  右转向灯: 1 (0关, 1白, 2橙)
  灯环状态: 0 (0关, 1蓝, 2红)
[2025-08-29 15:13:31.587] [DEBUG] 组包成功，数据长度: 21 字节
[2025-08-29 15:13:31.588] [DEBUG] 发送数据: A5 60 9F A5 03 0D 3B 42 33 33 33 65 BC 33 33 33 33 33 33 1D 55
[2025-08-29 15:13:31.588] [DEBUG] 接收数据超时
[2025-08-29 15:13:31.589] [DEBUG] 组包成功，数据长度: 21 字节
[2025-08-29 15:13:31.590] [DEBUG] 发送数据: A5 60 9F A5 01 0D 3B 42 33 33 33 65 BC 33 33 33 33 33 33 5A 55
[2025-08-29 15:13:31.591] [DEBUG] 接收数据超时
[2025-08-29 15:13:31.592] [INFO] 结果: FAIL | 用时: 0.009s
[2025-08-29 15:13:31.592] [INFO] ==== 执行用例 #11 ====
[2025-08-29 15:13:31.593] [INFO] 参数: {'screen_on': 1, 'brightness': 7, 'digital': 100, 'logo': 1, 'rim_state': 0, 'rdygo': 1, 'turn_left': 0, 'turn_right': 2, 'ring': 2} | 备注: nan
[2025-08-29 15:13:31.593] [DEBUG] 修改后的LED显示信息:
[2025-08-29 15:13:31.594] [INFO]   屏幕状态: 开
  亮度级别: 7
  数字显示: 100
  LOGO状态: 1 (0关, 1白, 2红)
  护盾状态: 0 (0关, 1白, 2绿)
  ReadyGo状态: 1 (0关, 1白, 2红)
  左转向灯: 0 (0关, 1白, 2橙)
  右转向灯: 2 (0关, 1白, 2橙)
  灯环状态: 2 (0关, 1蓝, 2红)
[2025-08-29 15:13:31.594] [DEBUG] 组包成功，数据长度: 21 字节
[2025-08-29 15:13:31.595] [DEBUG] 发送数据: A5 60 9F A5 03 0D 3B 42 33 33 33 17 3B 38 33 33 33 33 33 BB 55
[2025-08-29 15:13:31.596] [DEBUG] 接收数据超时
[2025-08-29 15:13:31.596] [DEBUG] 组包成功，数据长度: 21 字节
[2025-08-29 15:13:31.597] [DEBUG] 发送数据: A5 60 9F A5 01 0D 3B 42 33 33 33 17 3B 38 33 33 33 33 33 FC 55
[2025-08-29 15:13:31.598] [DEBUG] 接收数据超时
[2025-08-29 15:13:31.598] [INFO] 结果: FAIL | 用时: 0.007s
[2025-08-29 15:13:31.599] [INFO] ==== 执行用例 #12 ====
[2025-08-29 15:13:31.599] [INFO] 参数: {'screen_on': 1, 'brightness': 7, 'digital': 100, 'logo': 1, 'rim_state': 0, 'rdygo': 2, 'turn_left': 1, 'turn_right': 0, 'ring': 0} | 备注: nan
[2025-08-29 15:13:31.600] [DEBUG] 修改后的LED显示信息:
[2025-08-29 15:13:31.602] [INFO]   屏幕状态: 开
  亮度级别: 7
  数字显示: 100
  LOGO状态: 1 (0关, 1白, 2红)
  护盾状态: 0 (0关, 1白, 2绿)
  ReadyGo状态: 2 (0关, 1白, 2红)
  左转向灯: 1 (0关, 1白, 2橙)
  右转向灯: 0 (0关, 1白, 2橙)
  灯环状态: 0 (0关, 1蓝, 2红)
[2025-08-29 15:13:31.602] [DEBUG] 组包成功，数据长度: 21 字节
[2025-08-29 15:13:31.603] [DEBUG] 发送数据: A5 60 9F A5 03 0D 3B 42 33 33 33 17 63 33 33 33 33 33 33 91 55
[2025-08-29 15:13:31.604] [DEBUG] 接收数据超时
[2025-08-29 15:13:31.605] [DEBUG] 组包成功，数据长度: 21 字节
[2025-08-29 15:13:31.605] [DEBUG] 发送数据: A5 60 9F A5 01 0D 3B 42 33 33 33 17 63 33 33 33 33 33 33 D6 55
[2025-08-29 15:13:31.606] [DEBUG] 接收数据超时
[2025-08-29 15:13:31.607] [INFO] 结果: FAIL | 用时: 0.008s
[2025-08-29 15:13:31.607] [INFO] ==== 执行用例 #13 ====
[2025-08-29 15:13:31.608] [INFO] 参数: {'screen_on': 1, 'brightness': 7, 'digital': 100, 'logo': 1, 'rim_state': 0, 'rdygo': 2, 'turn_left': 1, 'turn_right': 0, 'ring': 2} | 备注: nan
[2025-08-29 15:13:31.608] [DEBUG] 修改后的LED显示信息:
[2025-08-29 15:13:31.609] [INFO]   屏幕状态: 开
  亮度级别: 7
  数字显示: 100
  LOGO状态: 1 (0关, 1白, 2红)
  护盾状态: 0 (0关, 1白, 2绿)
  ReadyGo状态: 2 (0关, 1白, 2红)
  左转向灯: 1 (0关, 1白, 2橙)
  右转向灯: 0 (0关, 1白, 2橙)
  灯环状态: 2 (0关, 1蓝, 2红)
[2025-08-29 15:13:31.610] [DEBUG] 组包成功，数据长度: 21 字节
[2025-08-29 15:13:31.611] [DEBUG] 发送数据: A5 60 9F A5 03 0D 3B 42 33 33 33 17 63 37 33 33 33 33 33 C4 55
[2025-08-29 15:13:31.611] [DEBUG] 接收数据超时
[2025-08-29 15:13:31.612] [DEBUG] 组包成功，数据长度: 21 字节
[2025-08-29 15:13:31.612] [DEBUG] 发送数据: A5 60 9F A5 01 0D 3B 42 33 33 33 17 63 37 33 33 33 33 33 83 55
[2025-08-29 15:13:31.614] [DEBUG] 接收数据超时
[2025-08-29 15:13:31.615] [INFO] 结果: FAIL | 用时: 0.008s
[2025-08-29 15:13:31.616] [INFO] ==== 执行用例 #14 ====
[2025-08-29 15:13:31.617] [INFO] 参数: {'screen_on': 1, 'brightness': 7, 'digital': 100, 'logo': 1, 'rim_state': 2, 'rdygo': 1, 'turn_left': 1, 'turn_right': 0, 'ring': 2} | 备注: nan
[2025-08-29 15:13:31.617] [DEBUG] 修改后的LED显示信息:
[2025-08-29 15:13:31.618] [INFO]   屏幕状态: 开
  亮度级别: 7
  数字显示: 100
  LOGO状态: 1 (0关, 1白, 2红)
  护盾状态: 2 (0关, 1白, 2绿)
  ReadyGo状态: 1 (0关, 1白, 2红)
  左转向灯: 1 (0关, 1白, 2橙)
  右转向灯: 0 (0关, 1白, 2橙)
  灯环状态: 2 (0关, 1蓝, 2红)
[2025-08-29 15:13:31.619] [DEBUG] 组包成功，数据长度: 21 字节
[2025-08-29 15:13:31.619] [DEBUG] 发送数据: A5 60 9F A5 03 0D 3B 42 33 33 33 17 5F 37 33 33 33 33 33 37 55
[2025-08-29 15:13:31.621] [DEBUG] 接收数据超时
[2025-08-29 15:13:31.621] [DEBUG] 组包成功，数据长度: 21 字节
[2025-08-29 15:13:31.622] [DEBUG] 发送数据: A5 60 9F A5 01 0D 3B 42 33 33 33 17 5F 37 33 33 33 33 33 70 55
[2025-08-29 15:13:31.623] [DEBUG] 接收数据超时
[2025-08-29 15:13:31.623] [INFO] 结果: FAIL | 用时: 0.006s
[2025-08-29 15:13:31.624] [INFO] 开始压力循环: 次数=1, 间隔=0.5s, 参数={'screen_on': 1, 'brightness': 5, 'digital': 50, 'logo': 1, 'rim_state': 0, 'rdygo': 1, 'turn_left': 1, 'turn_right': 1, 'ring': 0}
[2025-08-29 15:13:31.625] [DEBUG] 修改后的LED显示信息:
[2025-08-29 15:13:31.626] [INFO]   屏幕状态: 开
  亮度级别: 5
  数字显示: 50
  LOGO状态: 1 (0关, 1白, 2红)
  护盾状态: 0 (0关, 1白, 2绿)
  ReadyGo状态: 1 (0关, 1白, 2红)
  左转向灯: 1 (0关, 1白, 2橙)
  右转向灯: 1 (0关, 1白, 2橙)
  灯环状态: 0 (0关, 1蓝, 2红)
[2025-08-29 15:13:31.626] [DEBUG] 组包成功，数据长度: 21 字节
[2025-08-29 15:13:31.627] [DEBUG] 发送数据: A5 60 9F A5 03 0D 3B 3E 33 33 33 E5 DB 33 33 33 33 33 33 67 55
[2025-08-29 15:13:31.628] [DEBUG] 接收数据: A5 60 9F A5 83 55 33 93 7F 63 64 33 33 33 33 33 33 33 33 33 33 33 33 33 33 33 33 33 33 33 33 33 33 33 33 33 33 33 33 33 33 33 33 89 66 69 66 65 85 64 63 64 76 63 64 92 75 A7 63 65 33 33 33 33 33 37 33 36 33 33 33 3E 33 33 33 E5 DB 33 33 33 33 33 33 33 33 33 33 33 33 33 33 19 55 A5 60 9F A5 81 0D 3B 3E 33 33 33 E5 DB 33 33 33 33 33 33 17 55 A5 60 9F A5 83 55 33 93 7F 63 64 33 33 33 33 33 33 33 33 33 33 33 33 33 33 33 33 33 33 33 33 33 33 33 33 33 33 33 33 33 33 33 33 89 66 69 66 65 85 64 63 64 76 63 64 92 75 A7 63 65 33 33 33 33 33 37 33 36 33 33 33 40 33 33 33 E5 5D 33 33 33 33 33 33 33 33 33 33 33 33 33 33 F9 55 A5 60 9F A5 81 0D 3B 40 33 33 33 E5 5D 33 33 33 33 33 33 93 55 A5 60 9F A5 83 55 33 93 7F 63 64 33 33 33 33 33 33 33 33 33 33 33 33 33 33 33 33 33 33 33 33 33 33 33 33 33 33 33 33 33 33 33 33 89 66 69 66 65 85 64 63 64 76 63 64 92 75 A7 63 65 33 33 33 33 33 37 33 36 33 33 33 40 33 33 33 65 68 34 33 33 33 33 33 33 33 33 33 33 33 33 33 74 55 A5 60 9F A5 81 0D 3B 40 33 33 33 65 68 34 33 33 33 33 33 C8 55 A5 60 9F A5 83 55 33 93 7F 63 64 33 33 33 33 33 33 33 33 33 33 33 33 33 33 33 33 33 33 33 33 33 33 33 33 33 33 33 33 33 33 33 33 89 66 69 66 65 85 64 63 64 76 63 64 92 75 A7 63 65 33 33 33 33 33 37 33 36 33 33 33 40 33 33 33 97 65 37 33 33 33 33 33 33 33 33 33 33 33 33 33 7A 55 A5 60 9F A5 81 0D 3B 40 33 33 33 97 65 37 33 33 33 33 33 A5 55 A5 60 9F A5 83 55 33 93 7F 63 64 33 33 33 33 33 33 33 33 33 33 33 33 33 33 33 33 33 33 33 33 33 33 33 33 33 33 33 33 33 33 33 33 89 66 69 66 65 85 64 63 64 76 63 64 92 75 A7 63 65 33 33 33 33 33 37 33 36 33 33 33 40 33 33 33 17 43 37 33 33 33 33 33 33 33 33 33 33 33 33 33 AF 55 A5 60 9F A5 81 0D 3B 40 33 33 33 17 43 37 33 33 33 33 33 56 55 A5 60 9F A5 83 55 33 93 7F 63 64 33 33 33 33 33 33 33 33 33 33 33 33 33 33 33 33 33 33 33 33 33 33 33 33 33 33 33 33 33 33 33 33 89 66 69 66 65 85 64 63 64 76 63 64 92 75 A7 63 65 33 33 33 33 33 37 33 36 33 33 33 40 33 33 33 97 84 37 33 33 33 33 33 33 33 33 33 33 33 33 33 71 55 A5 60 9F A5 81 0D 3B 40 33 33 33 97 84 37 33 33 33 33 33 D1 55 A5 60 9F A5 83 55 33 93 7F 63 64 33 33 33 33 33 33 33 33 33 33 33 33 33 33 33 33 33 33 33 33 33 33 33 33 33 33 33 33 33 33 33 33 89 66 69 66 65 85 64 63 64 76 63 64 92 75 A7 63 65 33 33 33 33 33 37 33 36 33 33 33 42 33 33 33 65 7B 37 33 33 33 33 33 33 33 33 33 33 33 33 33 1A 55 A5 60 9F A5 81 0D 3B 42 33 33 33 65 7B 37 33 33 33 33 33 5A 55 A5 60 9F A5 83 55 33 93 7F 63 64 33 33 33 33 33 33 33 33 33 33 33 33 33 33 33 33 33 33 33 33 33 33 33 33 33 33 33 33 33 33 33 33 89 66 69 66 65 85 64 63 64 76 63 64 92 75 A7 63 65 33 33 33 33 33 37 33 36 33 33 33 42 33 33 33 65 DD 35 33 33 33 33 33 33 33 33 33 33 33 33 33 21 55 A5 60 9F A5 81 0D 3B 42 33 33 33 65 DD 35 33 33 33 33 33 C1 55 A5 60 9F A5 83 55 33 93 7F 63 64 33 33 33 33 33 33 33 33 33 33 33 33 33 33 33 33 33 33 33 33 33 33 33 33 33 33 33 33 33 33 33 33 89 66 69 66 65 85 64 63 64 76 63 64 92 75 A7 63 65 33 33 33 33 33 37 33 38 33 33 33 42 33 33 33 E5 45 35 33 33 33 33 33 33 33 33 33 33 33 33 33 BC 55 A5 60 9F A5 81 0D 3B 42 33 33 33 E5 45 35 33 33 33 33 33 61 55 A5 60 9F A5 83 55 33 93 7F 63 64 33 33 33 33 33 33 33 33 33 33 33 33 33 33 33 33 33 33 33 33 33 33 33 33 33 33 33 33 33 33 33 33 89 66 69 66 65 85 64 63 64 76 63 64 92 75 A7 63 65 33 33 33 33 33 37 33 38 33 33 33 42 33 33 33 65 BC 33 33 33 33 33 33 33 33 33 33 33 33 33 33 F2 55 A5 60 9F A5 81 0D 3B 42 33 33 33 65 BC 33 33 33 33 33 33 6D 55 A5 60 9F A5 83 55 33 93 7F 63 64 33 33 33 33 33 33 33 33 33 33 33 33 33 33 33 33 33 33 33 33 33 33 33 33 33 33 33 33 33 33 33 33 89 66 69 66 65 85 64 63 64 76 63 64 92 75 A7 63 65 33 33 33 33 33 37 33 38 33 33 33 42 33 33 33 17 3B 38 33 33 33 33 33 33 33 33 33 33 33 33 33 AB 55 A5 60 9F A5 81 0D 3B 42 33 33 33 17 3B 38 33 33 33 33 33 CB 55 A5 60 9F A5 83 55 33 93 7F 63 64 33 33 33 33 33 33 33 33 33 33 33 33 33 33 33 33 33 33 33 33 33 33 33 33 33 33 33 33 33 33 33 33 89 66 69 66 65 85 64 63 64 76 63 64 92 75 A7 63 65 33 33 33 33 33 37 33 38 33 33 33 42 33 33 33 17 63 33 33 33 33 33 33 33 33 33 33 33 33 33 33 2C 55 A5 60 9F A5 81 0D 3B 42 33 33 33 17 63 33 33 33 33 33 33 E1 55 A5 60 9F A5 83 55 33 93 7F 63 64 33 33 33 33 33 33 33 33 33 33 33 33 33 33 33 33 33 33 33 33 33 33 33 33 33 33 33 33 33 33 33 33 89 66 69 66 65 85 64 63 64 76 63 64 92 75 A7 63 65 33 33 33 33 33 37 33 38 33 33 33 42 33 33 33 17 63 37 33 33 33 33 33 33 33 33 33 33 33 33 33 B3 55 A5 60 9F A5 81 0D 3B 42 33 33 33 17 63 37 33 33 33 33 33 B4 55 A5 60 9F A5 83 55 33 93 7F 63 64 33 33 33 33 33 33 33 33 33 33 33 33 33 33 33 33 33 33 33 33 33 33 33 33 33 33 33 33 33 33 33 33 89 66 69 66 65 85 64 63 64 76 63 64 92 75 A7 63 65 33 33 33 33 33 37 33 38 33 33 33 42 33 33 33 17 5F 37 33 33 33 33 33 33 33 33 33 33 33 33 33 3A 55 A5 60 9F A5 81 0D 3B 42 33 33 33 17 5F 37 33 33 33 33 33 47 55
[2025-08-29 15:13:31.630] [ERROR] 数据解析失败，返回码: 0
[2025-08-29 15:13:31.630] [INFO] [循环 1/1] 发送 OK
[2025-08-29 15:13:32.133] [INFO] 已保存结果: reports\2025-08-29_15-13-31\results.csv
[2025-08-29 15:13:32.134] [INFO] 已生成报告: reports\2025-08-29_15-13-31\report.html
[2025-08-29 15:13:32.136] [DEBUG] 串口已关闭
[2025-08-29 15:13:32.136] [INFO] 程序结束
