[2025-08-28 19:30:53.365] [INFO] 初始化 BLE 协议通信...
[2025-08-28 19:30:53.552] [INFO] 加载用例 2 条 来自: testcases.xlsx
[2025-08-28 19:30:53.614] [INFO] ==== 执行用例 #1 ====
[2025-08-28 19:30:53.620] [INFO] 参数: {'screen_on': 1, 'brightness': 7, 'digital': 22, 'logo': 1, 'rim_state': 0, 'rdygo': 0, 'turn_left': 0, 'turn_right': 0, 'ring': 0} | 备注: 关闭显示，校验全部为0（除 brightness）
[2025-08-28 19:30:53.630] [DEBUG] 修改后的LED显示信息:
[2025-08-28 19:30:53.646] [INFO]   屏幕状态: 开
  亮度级别: 7
  数字显示: 22
  LOGO状态: 1 (0关, 1白, 2红)
  护盾状态: 0 (0关, 1白, 2绿)
  ReadyGo状态: 0 (0关, 1白, 2红)
  左转向灯: 0 (0关, 1白, 2橙)
  右转向灯: 0 (0关, 1白, 2橙)
  灯环状态: 0 (0关, 1蓝, 2红)
[2025-08-28 19:30:53.662] [DEBUG] 组包成功，数据长度: 21 字节
[2025-08-28 19:30:53.662] [DEBUG] 发送数据: A5 60 9F A5 03 0D 3B 42 33 33 33 C9 33 33 33 33 33 33 33 45 55
[2025-08-28 19:30:54.698] [DEBUG] 接收数据: A5 60 9F A5 83 55 33 93 7F 63 64 33 33 33 33 33 33 33 33 33 33 33 33 33 33 33 33 33 33 33 33 33 33 33 33 33 33 33 33 33 33 33 33 89 66 69 66 65 85 64 63 64 76 63 64 92 75 A7 63 65 33 33 33 33 33 37 33 37 33 33 33 42 33 33 33 C9 33 33 33 33 33 33 33 33 33 33 33 33 33 33 33 2C 55
[2025-08-28 19:30:54.740] [DEBUG] 数据解析成功:
[2025-08-28 19:30:54.754] [INFO]   ID: 0x60
  命令: 0x83 (读)
  寄存器地址: 0x00
  寄存器数量: 0
[2025-08-28 19:30:54.775] [DEBUG] 组包成功，数据长度: 21 字节
[2025-08-28 19:30:54.788] [DEBUG] 发送数据: A5 60 9F A5 01 0D 3B 42 33 33 33 C9 33 33 33 33 33 33 33 02 55
[2025-08-28 19:30:55.821] [DEBUG] 接收数据: A5 60 9F A5 81 0D 3B 42 33 33 33 C9 33 33 33 33 33 33 33 35 55
[2025-08-28 19:30:55.854] [DEBUG] 数据解析成功:
[2025-08-28 19:30:55.870] [INFO]   ID: 0x60
  命令: 0x81 (读)
  寄存器地址: 0x08
  寄存器数量: 0
[2025-08-28 19:30:55.890] [INFO] 
全局变量中的LED显示信息已更新:
[2025-08-28 19:30:55.910] [INFO]   屏幕状态: 开
  亮度级别: 7
  数字显示: 22
  LOGO状态: 1 (0关, 1白, 2红)
  护盾状态: 0 (0关, 1白, 2绿)
  ReadyGo状态: 0 (0关, 1白, 2红)
  左转向灯: 0 (0关, 1白, 2橙)
  右转向灯: 0 (0关, 1白, 2橙)
  灯环状态: 0 (0关, 1蓝, 2红)
[2025-08-28 19:30:55.928] [INFO] 结果: PASS | 用时: 2.314s
[2025-08-28 19:30:56.142] [INFO] ==== 执行用例 #2 ====
[2025-08-28 19:30:56.192] [INFO] 参数: {'screen_on': 1, 'brightness': 4, 'digital': 11, 'logo': 1, 'rim_state': 0, 'rdygo': 0, 'turn_left': 0, 'turn_right': 0, 'ring': 0} | 备注: 关闭显示，校验全部为0（除 brightness）
[2025-08-28 19:30:56.220] [DEBUG] 修改后的LED显示信息:
[2025-08-28 19:30:56.233] [INFO]   屏幕状态: 开
  亮度级别: 4
  数字显示: 11
  LOGO状态: 1 (0关, 1白, 2红)
  护盾状态: 0 (0关, 1白, 2绿)
  ReadyGo状态: 0 (0关, 1白, 2红)
  左转向灯: 0 (0关, 1白, 2橙)
  右转向灯: 0 (0关, 1白, 2橙)
  灯环状态: 0 (0关, 1蓝, 2红)
[2025-08-28 19:30:56.247] [DEBUG] 组包成功，数据长度: 21 字节
[2025-08-28 19:30:56.256] [DEBUG] 发送数据: A5 60 9F A5 03 0D 3B 3C 33 33 33 BE 33 33 33 33 33 33 33 8E 55
[2025-08-28 19:30:57.279] [DEBUG] 接收数据: A5 60 9F A5 83 55 33 93 7F 63 64 33 33 33 33 33 33 33 33 33 33 33 33 33 33 33 33 33 33 33 33 33 33 33 33 33 33 33 33 33 33 33 33 89 66 69 66 65 85 64 63 64 76 63 64 92 75 A7 63 65 33 33 33 33 33 37 33 37 33 33 33 3C 33 33 33 BE 33 33 33 33 33 33 33 33 33 33 33 33 33 33 33 B9 55
[2025-08-28 19:30:57.323] [DEBUG] 数据解析成功:
[2025-08-28 19:30:57.333] [INFO]   ID: 0x60
  命令: 0x83 (读)
  寄存器地址: 0x00
  寄存器数量: 0
[2025-08-28 19:30:57.357] [DEBUG] 组包成功，数据长度: 21 字节
[2025-08-28 19:30:57.368] [DEBUG] 发送数据: A5 60 9F A5 01 0D 3B 3C 33 33 33 BE 33 33 33 33 33 33 33 C9 55
[2025-08-28 19:30:58.396] [DEBUG] 接收数据: A5 60 9F A5 81 0D 3B 3C 33 33 33 BE 33 33 33 33 33 33 33 FE 55
[2025-08-28 19:30:58.426] [DEBUG] 数据解析成功:
[2025-08-28 19:30:58.447] [INFO]   ID: 0x60
  命令: 0x81 (读)
  寄存器地址: 0x08
  寄存器数量: 0
[2025-08-28 19:30:58.467] [INFO] 
全局变量中的LED显示信息已更新:
[2025-08-28 19:30:58.490] [INFO]   屏幕状态: 开
  亮度级别: 4
  数字显示: 11
  LOGO状态: 1 (0关, 1白, 2红)
  护盾状态: 0 (0关, 1白, 2绿)
  ReadyGo状态: 0 (0关, 1白, 2红)
  左转向灯: 0 (0关, 1白, 2橙)
  右转向灯: 0 (0关, 1白, 2橙)
  灯环状态: 0 (0关, 1蓝, 2红)
[2025-08-28 19:30:58.503] [INFO] 结果: PASS | 用时: 2.361s
[2025-08-28 19:30:58.716] [INFO] 开始压力循环: 次数=1, 间隔=0.5s, 参数={'screen_on': 1, 'brightness': 7, 'digital': 22, 'logo': 1, 'rim_state': 0, 'rdygo': 0, 'turn_left': 0, 'turn_right': 0, 'ring': 0}
[2025-08-28 19:30:58.786] [DEBUG] 修改后的LED显示信息:
[2025-08-28 19:30:58.797] [INFO]   屏幕状态: 开
  亮度级别: 7
  数字显示: 22
  LOGO状态: 1 (0关, 1白, 2红)
  护盾状态: 0 (0关, 1白, 2绿)
  ReadyGo状态: 0 (0关, 1白, 2红)
  左转向灯: 0 (0关, 1白, 2橙)
  右转向灯: 0 (0关, 1白, 2橙)
  灯环状态: 0 (0关, 1蓝, 2红)
[2025-08-28 19:30:58.802] [DEBUG] 组包成功，数据长度: 21 字节
[2025-08-28 19:30:58.818] [DEBUG] 发送数据: A5 60 9F A5 03 0D 3B 42 33 33 33 C9 33 33 33 33 33 33 33 45 55
[2025-08-28 19:30:59.837] [DEBUG] 接收数据: A5 60 9F A5 83 55 33 93 7F 63 64 33 33 33 33 33 33 33 33 33 33 33 33 33 33 33 33 33 33 33 33 33 33 33 33 33 33 33 33 33 33 33 33 89 66 69 66 65 85 64 63 64 76 63 64 92 75 A7 63 65 33 33 33 33 33 37 33 38 33 33 33 42 33 33 33 C9 33 33 33 33 33 33 33 33 33 33 33 33 33 33 33 68 55
[2025-08-28 19:30:59.942] [DEBUG] 数据解析成功:
[2025-08-28 19:30:59.954] [INFO]   ID: 0x60
  命令: 0x83 (读)
  寄存器地址: 0x00
  寄存器数量: 0
[2025-08-28 19:31:00.000] [INFO] [循环 1/1] 发送 OK
[2025-08-28 19:31:00.519] [INFO] 已保存结果: reports\2025-08-28_19-30-53\results.csv
[2025-08-28 19:31:00.558] [INFO] 已生成报告: reports\2025-08-28_19-30-53\report.html
[2025-08-28 19:31:00.603] [DEBUG] 串口已关闭
[2025-08-28 19:31:00.614] [INFO] 程序结束
