[2025-09-09 20:01:48.223] [INFO] 初始化 BLE 协议通信...
[2025-09-09 20:01:48.426] [INFO] 加载用例 29 条 来自: testcases.xlsx
[2025-09-09 20:01:48.478] [INFO] ==== 执行用例 #3000 ====
[2025-09-09 20:01:48.484] [INFO] 参数: {'screen_on': 1, 'brightness': 1, 'digital': 50, 'logo': 0, 'rim_state': 1, 'rdygo': 0, 'turn_left': 0, 'turn_right': 0, 'ring': 2} | 备注: nan
[2025-09-09 20:01:48.504] [DEBUG] 修改后的LED显示信息:
[2025-09-09 20:01:48.512] [INFO]   屏幕状态: 开
  亮度级别: 1
  数字显示: 50
  LOGO状态: 0 (0关, 1白, 2红)
  护盾状态: 1 (0关, 1白, 2绿)
  ReadyGo状态: 0 (0关, 1白, 2红)
  左转向灯: 0 (0关, 1白, 2橙)
  右转向灯: 0 (0关, 1白, 2橙)
  灯环状态: 2 (0关, 1蓝, 2红)
[2025-09-09 20:01:48.536] [DEBUG] 组包成功，数据长度: 21 字节
[2025-09-09 20:01:48.549] [DEBUG] 发送数据: A5 60 9F A5 03 0D 3B 36 33 33 33 65 35 37 33 33 33 33 33 6A 55
[2025-09-09 20:01:48.587] [DEBUG] 接收数据超时
[2025-09-09 20:01:48.604] [DEBUG] 组包成功，数据长度: 21 字节
[2025-09-09 20:01:48.616] [DEBUG] 发送数据: A5 60 9F A5 01 0D 3B 36 33 33 33 65 35 37 33 33 33 33 33 2D 55
[2025-09-09 20:01:48.648] [DEBUG] 接收数据超时
[2025-09-09 20:01:48.658] [INFO] 结果: FAIL | 用时: 0.180s
[2025-09-09 20:01:48.671] [INFO] ==== 执行用例 #5106 ====
[2025-09-09 20:01:48.679] [INFO] 参数: {'screen_on': 1, 'brightness': 2, 'digital': 50, 'logo': 0, 'rim_state': 0, 'rdygo': 0, 'turn_left': 0, 'turn_right': 0, 'ring': 2} | 备注: nan
[2025-09-09 20:01:48.734] [DEBUG] 修改后的LED显示信息:
[2025-09-09 20:01:48.751] [INFO]   屏幕状态: 开
  亮度级别: 2
  数字显示: 50
  LOGO状态: 0 (0关, 1白, 2红)
  护盾状态: 0 (0关, 1白, 2绿)
  ReadyGo状态: 0 (0关, 1白, 2红)
  左转向灯: 0 (0关, 1白, 2橙)
  右转向灯: 0 (0关, 1白, 2橙)
  灯环状态: 2 (0关, 1蓝, 2红)
[2025-09-09 20:01:48.776] [DEBUG] 组包成功，数据长度: 21 字节
[2025-09-09 20:01:48.795] [DEBUG] 发送数据: A5 60 9F A5 03 0D 3B 38 33 33 33 65 33 37 33 33 33 33 33 FC 55
[2025-09-09 20:01:48.831] [DEBUG] 接收数据超时
[2025-09-09 20:01:48.853] [DEBUG] 组包成功，数据长度: 21 字节
[2025-09-09 20:01:48.866] [DEBUG] 发送数据: A5 60 9F A5 01 0D 3B 38 33 33 33 65 33 37 33 33 33 33 33 BB 55
[2025-09-09 20:01:48.917] [DEBUG] 接收数据超时
[2025-09-09 20:01:48.944] [INFO] 结果: FAIL | 用时: 0.273s
[2025-09-09 20:01:48.972] [INFO] ==== 执行用例 #6739 ====
[2025-09-09 20:01:48.988] [INFO] 参数: {'screen_on': 1, 'brightness': 3, 'digital': 0, 'logo': 0, 'rim_state': 2, 'rdygo': 0, 'turn_left': 1, 'turn_right': 2, 'ring': 0} | 备注: nan
[2025-09-09 20:01:49.034] [DEBUG] 修改后的LED显示信息:
[2025-09-09 20:01:49.051] [INFO]   屏幕状态: 开
  亮度级别: 3
  数字显示: 0
  LOGO状态: 0 (0关, 1白, 2红)
  护盾状态: 2 (0关, 1白, 2绿)
  ReadyGo状态: 0 (0关, 1白, 2红)
  左转向灯: 1 (0关, 1白, 2橙)
  右转向灯: 2 (0关, 1白, 2橙)
  灯环状态: 0 (0关, 1蓝, 2红)
[2025-09-09 20:01:49.076] [DEBUG] 组包成功，数据长度: 21 字节
[2025-09-09 20:01:49.093] [DEBUG] 发送数据: A5 60 9F A5 03 0D 3B 3A 33 33 33 33 57 34 33 33 33 33 33 E2 55
[2025-09-09 20:01:49.136] [DEBUG] 接收数据超时
[2025-09-09 20:01:49.153] [DEBUG] 组包成功，数据长度: 21 字节
[2025-09-09 20:01:49.169] [DEBUG] 发送数据: A5 60 9F A5 01 0D 3B 3A 33 33 33 33 57 34 33 33 33 33 33 A5 55
[2025-09-09 20:01:49.213] [DEBUG] 接收数据超时
[2025-09-09 20:01:49.232] [INFO] 结果: FAIL | 用时: 0.260s
[2025-09-09 20:01:49.251] [INFO] ==== 执行用例 #6924 ====
[2025-09-09 20:01:49.264] [INFO] 参数: {'screen_on': 1, 'brightness': 3, 'digital': 0, 'logo': 1, 'rim_state': 1, 'rdygo': 1, 'turn_left': 1, 'turn_right': 0, 'ring': 2} | 备注: nan
[2025-09-09 20:01:49.326] [DEBUG] 修改后的LED显示信息:
[2025-09-09 20:01:49.351] [INFO]   屏幕状态: 开
  亮度级别: 3
  数字显示: 0
  LOGO状态: 1 (0关, 1白, 2红)
  护盾状态: 1 (0关, 1白, 2绿)
  ReadyGo状态: 1 (0关, 1白, 2红)
  左转向灯: 1 (0关, 1白, 2橙)
  右转向灯: 0 (0关, 1白, 2橙)
  灯环状态: 2 (0关, 1蓝, 2红)
[2025-09-09 20:01:49.393] [DEBUG] 组包成功，数据长度: 21 字节
[2025-09-09 20:01:49.448] [DEBUG] 发送数据: A5 60 9F A5 03 0D 3B 3A 33 33 33 B3 5D 37 33 33 33 33 33 5C 55
[2025-09-09 20:01:49.493] [DEBUG] 接收数据超时
[2025-09-09 20:01:49.507] [DEBUG] 组包成功，数据长度: 21 字节
[2025-09-09 20:01:49.518] [DEBUG] 发送数据: A5 60 9F A5 01 0D 3B 3A 33 33 33 B3 5D 37 33 33 33 33 33 1B 55
[2025-09-09 20:01:49.544] [DEBUG] 接收数据超时
[2025-09-09 20:01:49.559] [INFO] 结果: FAIL | 用时: 0.308s
[2025-09-09 20:01:49.574] [INFO] ==== 执行用例 #7347 ====
[2025-09-09 20:01:49.591] [INFO] 参数: {'screen_on': 1, 'brightness': 3, 'digital': 50, 'logo': 0, 'rim_state': 0, 'rdygo': 2, 'turn_left': 0, 'turn_right': 0, 'ring': 2} | 备注: nan
[2025-09-09 20:01:49.630] [DEBUG] 修改后的LED显示信息:
[2025-09-09 20:01:49.644] [INFO]   屏幕状态: 开
  亮度级别: 3
  数字显示: 50
  LOGO状态: 0 (0关, 1白, 2红)
  护盾状态: 0 (0关, 1白, 2绿)
  ReadyGo状态: 2 (0关, 1白, 2红)
  左转向灯: 0 (0关, 1白, 2橙)
  右转向灯: 0 (0关, 1白, 2橙)
  灯环状态: 2 (0关, 1蓝, 2红)
[2025-09-09 20:01:49.671] [DEBUG] 组包成功，数据长度: 21 字节
[2025-09-09 20:01:49.681] [DEBUG] 发送数据: A5 60 9F A5 03 0D 3B 3A 33 33 33 65 43 37 33 33 33 33 33 4C 55
[2025-09-09 20:01:49.711] [DEBUG] 接收数据超时
[2025-09-09 20:01:49.723] [DEBUG] 组包成功，数据长度: 21 字节
[2025-09-09 20:01:49.736] [DEBUG] 发送数据: A5 60 9F A5 01 0D 3B 3A 33 33 33 65 43 37 33 33 33 33 33 0B 55
[2025-09-09 20:01:49.761] [DEBUG] 接收数据超时
[2025-09-09 20:01:49.774] [INFO] 结果: FAIL | 用时: 0.200s
[2025-09-09 20:01:49.782] [INFO] ==== 执行用例 #7548 ====
[2025-09-09 20:01:49.795] [INFO] 参数: {'screen_on': 1, 'brightness': 3, 'digital': 50, 'logo': 1, 'rim_state': 0, 'rdygo': 0, 'turn_left': 1, 'turn_right': 1, 'ring': 2} | 备注: nan
[2025-09-09 20:01:49.835] [DEBUG] 修改后的LED显示信息:
[2025-09-09 20:01:49.845] [INFO]   屏幕状态: 开
  亮度级别: 3
  数字显示: 50
  LOGO状态: 1 (0关, 1白, 2红)
  护盾状态: 0 (0关, 1白, 2绿)
  ReadyGo状态: 0 (0关, 1白, 2红)
  左转向灯: 1 (0关, 1白, 2橙)
  右转向灯: 1 (0关, 1白, 2橙)
  灯环状态: 2 (0关, 1蓝, 2红)
[2025-09-09 20:01:49.870] [DEBUG] 组包成功，数据长度: 21 字节
[2025-09-09 20:01:49.878] [DEBUG] 发送数据: A5 60 9F A5 03 0D 3B 3A 33 33 33 E5 D3 37 33 33 33 33 33 C8 55
[2025-09-09 20:01:49.908] [DEBUG] 接收数据超时
[2025-09-09 20:01:49.921] [DEBUG] 组包成功，数据长度: 21 字节
[2025-09-09 20:01:49.929] [DEBUG] 发送数据: A5 60 9F A5 01 0D 3B 3A 33 33 33 E5 D3 37 33 33 33 33 33 8F 55
[2025-09-09 20:01:49.954] [DEBUG] 接收数据超时
[2025-09-09 20:01:49.963] [INFO] 结果: FAIL | 用时: 0.181s
[2025-09-09 20:01:49.971] [INFO] ==== 执行用例 #7975 ====
[2025-09-09 20:01:49.985] [INFO] 参数: {'screen_on': 1, 'brightness': 3, 'digital': 50, 'logo': 2, 'rim_state': 2, 'rdygo': 1, 'turn_left': 1, 'turn_right': 0, 'ring': 0} | 备注: nan
[2025-09-09 20:01:50.018] [DEBUG] 修改后的LED显示信息:
[2025-09-09 20:01:50.031] [INFO]   屏幕状态: 开
  亮度级别: 3
  数字显示: 50
  LOGO状态: 2 (0关, 1白, 2红)
  护盾状态: 2 (0关, 1白, 2绿)
  ReadyGo状态: 1 (0关, 1白, 2红)
  左转向灯: 1 (0关, 1白, 2橙)
  右转向灯: 0 (0关, 1白, 2橙)
  灯环状态: 0 (0关, 1蓝, 2红)
[2025-09-09 20:01:50.052] [DEBUG] 组包成功，数据长度: 21 字节
[2025-09-09 20:01:50.060] [DEBUG] 发送数据: A5 60 9F A5 03 0D 3B 3A 33 33 33 65 60 33 33 33 33 33 33 D7 55
[2025-09-09 20:01:50.086] [DEBUG] 接收数据超时
[2025-09-09 20:01:50.098] [DEBUG] 组包成功，数据长度: 21 字节
[2025-09-09 20:01:50.107] [DEBUG] 发送数据: A5 60 9F A5 01 0D 3B 3A 33 33 33 65 60 33 33 33 33 33 33 90 55
[2025-09-09 20:01:50.131] [DEBUG] 接收数据超时
[2025-09-09 20:01:50.141] [INFO] 结果: FAIL | 用时: 0.170s
[2025-09-09 20:01:50.149] [INFO] ==== 执行用例 #8146 ====
[2025-09-09 20:01:50.158] [INFO] 参数: {'screen_on': 1, 'brightness': 3, 'digital': 100, 'logo': 0, 'rim_state': 1, 'rdygo': 1, 'turn_left': 2, 'turn_right': 0, 'ring': 0} | 备注: nan
[2025-09-09 20:01:50.192] [DEBUG] 修改后的LED显示信息:
[2025-09-09 20:01:50.205] [INFO]   屏幕状态: 开
  亮度级别: 3
  数字显示: 100
  LOGO状态: 0 (0关, 1白, 2红)
  护盾状态: 1 (0关, 1白, 2绿)
  ReadyGo状态: 1 (0关, 1白, 2红)
  左转向灯: 2 (0关, 1白, 2橙)
  右转向灯: 0 (0关, 1白, 2橙)
  灯环状态: 0 (0关, 1蓝, 2红)
[2025-09-09 20:01:50.222] [DEBUG] 组包成功，数据长度: 21 字节
[2025-09-09 20:01:50.235] [DEBUG] 发送数据: A5 60 9F A5 03 0D 3B 3A 33 33 33 97 7D 33 33 33 33 33 33 04 55
[2025-09-09 20:01:50.260] [DEBUG] 接收数据超时
[2025-09-09 20:01:50.273] [DEBUG] 组包成功，数据长度: 21 字节
[2025-09-09 20:01:50.286] [DEBUG] 发送数据: A5 60 9F A5 01 0D 3B 3A 33 33 33 97 7D 33 33 33 33 33 33 43 55
[2025-09-09 20:01:50.307] [DEBUG] 接收数据超时
[2025-09-09 20:01:50.319] [INFO] 结果: FAIL | 用时: 0.170s
[2025-09-09 20:01:50.327] [INFO] ==== 执行用例 #9520 ====
[2025-09-09 20:01:50.339] [INFO] 参数: {'screen_on': 1, 'brightness': 4, 'digital': 50, 'logo': 0, 'rim_state': 0, 'rdygo': 1, 'turn_left': 1, 'turn_right': 2, 'ring': 0} | 备注: nan
[2025-09-09 20:01:50.370] [DEBUG] 修改后的LED显示信息:
[2025-09-09 20:01:50.385] [INFO]   屏幕状态: 开
  亮度级别: 4
  数字显示: 50
  LOGO状态: 0 (0关, 1白, 2红)
  护盾状态: 0 (0关, 1白, 2绿)
  ReadyGo状态: 1 (0关, 1白, 2红)
  左转向灯: 1 (0关, 1白, 2橙)
  右转向灯: 2 (0关, 1白, 2橙)
  灯环状态: 0 (0关, 1蓝, 2红)
[2025-09-09 20:01:50.402] [DEBUG] 组包成功，数据长度: 21 字节
[2025-09-09 20:01:50.410] [DEBUG] 发送数据: A5 60 9F A5 03 0D 3B 3C 33 33 33 65 5B 34 33 33 33 33 33 67 55
[2025-09-09 20:01:50.436] [DEBUG] 接收数据超时
[2025-09-09 20:01:50.448] [DEBUG] 组包成功，数据长度: 21 字节
[2025-09-09 20:01:50.457] [DEBUG] 发送数据: A5 60 9F A5 01 0D 3B 3C 33 33 33 65 5B 34 33 33 33 33 33 20 55
[2025-09-09 20:01:50.477] [DEBUG] 接收数据超时
[2025-09-09 20:01:50.490] [INFO] 结果: FAIL | 用时: 0.163s
[2025-09-09 20:01:50.499] [INFO] ==== 执行用例 #9922 ====
[2025-09-09 20:01:50.507] [INFO] 参数: {'screen_on': 1, 'brightness': 4, 'digital': 50, 'logo': 1, 'rim_state': 2, 'rdygo': 1, 'turn_left': 1, 'turn_right': 1, 'ring': 0} | 备注: nan
[2025-09-09 20:01:50.540] [DEBUG] 修改后的LED显示信息:
[2025-09-09 20:01:50.554] [INFO]   屏幕状态: 开
  亮度级别: 4
  数字显示: 50
  LOGO状态: 1 (0关, 1白, 2红)
  护盾状态: 2 (0关, 1白, 2绿)
  ReadyGo状态: 1 (0关, 1白, 2红)
  左转向灯: 1 (0关, 1白, 2橙)
  右转向灯: 1 (0关, 1白, 2橙)
  灯环状态: 0 (0关, 1蓝, 2红)
[2025-09-09 20:01:50.579] [DEBUG] 组包成功，数据长度: 21 字节
[2025-09-09 20:01:50.591] [DEBUG] 发送数据: A5 60 9F A5 03 0D 3B 3C 33 33 33 E5 DF 33 33 33 33 33 33 1A 55
[2025-09-09 20:01:50.612] [DEBUG] 接收数据超时
[2025-09-09 20:01:50.624] [DEBUG] 组包成功，数据长度: 21 字节
[2025-09-09 20:01:50.635] [DEBUG] 发送数据: A5 60 9F A5 01 0D 3B 3C 33 33 33 E5 DF 33 33 33 33 33 33 5D 55
[2025-09-09 20:01:50.657] [DEBUG] 接收数据超时
[2025-09-09 20:01:50.662] [INFO] 结果: FAIL | 用时: 0.164s
[2025-09-09 20:01:50.675] [INFO] ==== 执行用例 #10023 ====
[2025-09-09 20:01:50.683] [INFO] 参数: {'screen_on': 1, 'brightness': 4, 'digital': 50, 'logo': 2, 'rim_state': 0, 'rdygo': 2, 'turn_left': 0, 'turn_right': 1, 'ring': 2} | 备注: nan
[2025-09-09 20:01:50.713] [DEBUG] 修改后的LED显示信息:
[2025-09-09 20:01:50.726] [INFO]   屏幕状态: 开
  亮度级别: 4
  数字显示: 50
  LOGO状态: 2 (0关, 1白, 2红)
  护盾状态: 0 (0关, 1白, 2绿)
  ReadyGo状态: 2 (0关, 1白, 2红)
  左转向灯: 0 (0关, 1白, 2橙)
  右转向灯: 1 (0关, 1白, 2橙)
  灯环状态: 2 (0关, 1蓝, 2红)
[2025-09-09 20:01:50.743] [DEBUG] 组包成功，数据长度: 21 字节
[2025-09-09 20:01:50.755] [DEBUG] 发送数据: A5 60 9F A5 03 0D 3B 3C 33 33 33 65 C4 37 33 33 33 33 33 85 55
[2025-09-09 20:01:50.778] [DEBUG] 接收数据超时
[2025-09-09 20:01:50.789] [DEBUG] 组包成功，数据长度: 21 字节
[2025-09-09 20:01:50.798] [DEBUG] 发送数据: A5 60 9F A5 01 0D 3B 3C 33 33 33 65 C4 37 33 33 33 33 33 C2 55
[2025-09-09 20:01:50.820] [DEBUG] 接收数据超时
[2025-09-09 20:01:50.828] [INFO] 结果: FAIL | 用时: 0.153s
[2025-09-09 20:01:50.840] [INFO] ==== 执行用例 #10068 ====
[2025-09-09 20:01:50.849] [INFO] 参数: {'screen_on': 1, 'brightness': 4, 'digital': 50, 'logo': 2, 'rim_state': 1, 'rdygo': 0, 'turn_left': 2, 'turn_right': 1, 'ring': 2} | 备注: nan
[2025-09-09 20:01:50.878] [DEBUG] 修改后的LED显示信息:
[2025-09-09 20:01:50.892] [INFO]   屏幕状态: 开
  亮度级别: 4
  数字显示: 50
  LOGO状态: 2 (0关, 1白, 2红)
  护盾状态: 1 (0关, 1白, 2绿)
  ReadyGo状态: 0 (0关, 1白, 2红)
  左转向灯: 2 (0关, 1白, 2橙)
  右转向灯: 1 (0关, 1白, 2橙)
  灯环状态: 2 (0关, 1蓝, 2红)
[2025-09-09 20:01:50.908] [DEBUG] 组包成功，数据长度: 21 字节
[2025-09-09 20:01:50.917] [DEBUG] 发送数据: A5 60 9F A5 03 0D 3B 3C 33 33 33 65 F6 37 33 33 33 33 33 C9 55
[2025-09-09 20:01:50.943] [DEBUG] 接收数据超时
[2025-09-09 20:01:50.955] [DEBUG] 组包成功，数据长度: 21 字节
[2025-09-09 20:01:50.962] [DEBUG] 发送数据: A5 60 9F A5 01 0D 3B 3C 33 33 33 65 F6 37 33 33 33 33 33 8E 55
[2025-09-09 20:01:50.984] [DEBUG] 接收数据超时
[2025-09-09 20:01:50.996] [INFO] 结果: FAIL | 用时: 0.155s
[2025-09-09 20:01:51.004] [INFO] ==== 执行用例 #10282 ====
[2025-09-09 20:01:51.014] [INFO] 参数: {'screen_on': 1, 'brightness': 4, 'digital': 100, 'logo': 0, 'rim_state': 0, 'rdygo': 2, 'turn_left': 2, 'turn_right': 1, 'ring': 0} | 备注: nan
[2025-09-09 20:01:51.046] [DEBUG] 修改后的LED显示信息:
[2025-09-09 20:01:51.058] [INFO]   屏幕状态: 开
  亮度级别: 4
  数字显示: 100
  LOGO状态: 0 (0关, 1白, 2红)
  护盾状态: 0 (0关, 1白, 2绿)
  ReadyGo状态: 2 (0关, 1白, 2红)
  左转向灯: 2 (0关, 1白, 2橙)
  右转向灯: 1 (0关, 1白, 2橙)
  灯环状态: 0 (0关, 1蓝, 2红)
[2025-09-09 20:01:51.083] [DEBUG] 组包成功，数据长度: 21 字节
[2025-09-09 20:01:51.095] [DEBUG] 发送数据: A5 60 9F A5 03 0D 3B 3C 33 33 33 97 03 33 33 33 33 33 33 D5 55
[2025-09-09 20:01:51.121] [DEBUG] 接收数据超时
[2025-09-09 20:01:51.129] [DEBUG] 组包成功，数据长度: 21 字节
[2025-09-09 20:01:51.141] [DEBUG] 发送数据: A5 60 9F A5 01 0D 3B 3C 33 33 33 97 03 33 33 33 33 33 33 92 55
[2025-09-09 20:01:51.162] [DEBUG] 接收数据超时
[2025-09-09 20:01:51.174] [INFO] 结果: FAIL | 用时: 0.170s
[2025-09-09 20:01:51.185] [INFO] ==== 执行用例 #10509 ====
[2025-09-09 20:01:51.191] [INFO] 参数: {'screen_on': 1, 'brightness': 4, 'digital': 100, 'logo': 1, 'rim_state': 0, 'rdygo': 2, 'turn_left': 0, 'turn_right': 1, 'ring': 2} | 备注: nan
[2025-09-09 20:01:51.225] [DEBUG] 修改后的LED显示信息:
[2025-09-09 20:01:51.238] [INFO]   屏幕状态: 开
  亮度级别: 4
  数字显示: 100
  LOGO状态: 1 (0关, 1白, 2红)
  护盾状态: 0 (0关, 1白, 2绿)
  ReadyGo状态: 2 (0关, 1白, 2红)
  左转向灯: 0 (0关, 1白, 2橙)
  右转向灯: 1 (0关, 1白, 2橙)
  灯环状态: 2 (0关, 1蓝, 2红)
[2025-09-09 20:01:51.258] [DEBUG] 组包成功，数据长度: 21 字节
[2025-09-09 20:01:51.268] [DEBUG] 发送数据: A5 60 9F A5 03 0D 3B 3C 33 33 33 17 C3 37 33 33 33 33 33 56 55
[2025-09-09 20:01:51.293] [DEBUG] 接收数据超时
[2025-09-09 20:01:51.304] [DEBUG] 组包成功，数据长度: 21 字节
[2025-09-09 20:01:51.312] [DEBUG] 发送数据: A5 60 9F A5 01 0D 3B 3C 33 33 33 17 C3 37 33 33 33 33 33 11 55
[2025-09-09 20:01:51.333] [DEBUG] 接收数据超时
[2025-09-09 20:01:51.342] [INFO] 结果: FAIL | 用时: 0.157s
[2025-09-09 20:01:51.354] [INFO] ==== 执行用例 #11108 ====
[2025-09-09 20:01:51.362] [INFO] 参数: {'screen_on': 1, 'brightness': 5, 'digital': 0, 'logo': 0, 'rim_state': 2, 'rdygo': 0, 'turn_left': 1, 'turn_right': 0, 'ring': 1} | 备注: nan
[2025-09-09 20:01:51.396] [DEBUG] 修改后的LED显示信息:
[2025-09-09 20:01:51.404] [INFO]   屏幕状态: 开
  亮度级别: 5
  数字显示: 0
  LOGO状态: 0 (0关, 1白, 2红)
  护盾状态: 2 (0关, 1白, 2绿)
  ReadyGo状态: 0 (0关, 1白, 2红)
  左转向灯: 1 (0关, 1白, 2橙)
  右转向灯: 0 (0关, 1白, 2橙)
  灯环状态: 1 (0关, 1蓝, 2红)
[2025-09-09 20:01:51.421] [DEBUG] 组包成功，数据长度: 21 字节
[2025-09-09 20:01:51.434] [DEBUG] 发送数据: A5 60 9F A5 03 0D 3B 3E 33 33 33 33 57 35 33 33 33 33 33 6E 55
[2025-09-09 20:01:51.459] [DEBUG] 接收数据超时
[2025-09-09 20:01:51.472] [DEBUG] 组包成功，数据长度: 21 字节
[2025-09-09 20:01:51.484] [DEBUG] 发送数据: A5 60 9F A5 01 0D 3B 3E 33 33 33 33 57 35 33 33 33 33 33 29 55
[2025-09-09 20:01:51.505] [DEBUG] 接收数据超时
[2025-09-09 20:01:51.519] [INFO] 结果: FAIL | 用时: 0.164s
[2025-09-09 20:01:51.526] [INFO] ==== 执行用例 #11309 ====
[2025-09-09 20:01:51.537] [INFO] 参数: {'screen_on': 1, 'brightness': 5, 'digital': 0, 'logo': 1, 'rim_state': 1, 'rdygo': 1, 'turn_left': 2, 'turn_right': 1, 'ring': 1} | 备注: nan
[2025-09-09 20:01:51.573] [DEBUG] 修改后的LED显示信息:
[2025-09-09 20:01:51.585] [INFO]   屏幕状态: 开
  亮度级别: 5
  数字显示: 0
  LOGO状态: 1 (0关, 1白, 2红)
  护盾状态: 1 (0关, 1白, 2绿)
  ReadyGo状态: 1 (0关, 1白, 2红)
  左转向灯: 2 (0关, 1白, 2橙)
  右转向灯: 1 (0关, 1白, 2橙)
  灯环状态: 1 (0关, 1蓝, 2红)
[2025-09-09 20:01:51.606] [DEBUG] 组包成功，数据长度: 21 字节
[2025-09-09 20:01:51.614] [DEBUG] 发送数据: A5 60 9F A5 03 0D 3B 3E 33 33 33 B3 FD 35 33 33 33 33 33 82 55
[2025-09-09 20:01:51.639] [DEBUG] 接收数据超时
[2025-09-09 20:01:51.651] [DEBUG] 组包成功，数据长度: 21 字节
[2025-09-09 20:01:51.661] [DEBUG] 发送数据: A5 60 9F A5 01 0D 3B 3E 33 33 33 B3 FD 35 33 33 33 33 33 C5 55
[2025-09-09 20:01:51.684] [DEBUG] 接收数据超时
[2025-09-09 20:01:51.696] [INFO] 结果: FAIL | 用时: 0.170s
[2025-09-09 20:01:51.705] [INFO] ==== 执行用例 #11460 ====
[2025-09-09 20:01:51.713] [INFO] 参数: {'screen_on': 1, 'brightness': 5, 'digital': 0, 'logo': 2, 'rim_state': 0, 'rdygo': 1, 'turn_left': 1, 'turn_right': 0, 'ring': 2} | 备注: nan
[2025-09-09 20:01:51.746] [DEBUG] 修改后的LED显示信息:
[2025-09-09 20:01:51.755] [INFO]   屏幕状态: 开
  亮度级别: 5
  数字显示: 0
  LOGO状态: 2 (0关, 1白, 2红)
  护盾状态: 0 (0关, 1白, 2绿)
  ReadyGo状态: 1 (0关, 1白, 2红)
  左转向灯: 1 (0关, 1白, 2橙)
  右转向灯: 0 (0关, 1白, 2橙)
  灯环状态: 2 (0关, 1蓝, 2红)
[2025-09-09 20:01:51.776] [DEBUG] 组包成功，数据长度: 21 字节
[2025-09-09 20:01:51.785] [DEBUG] 发送数据: A5 60 9F A5 03 0D 3B 3E 33 33 33 33 5C 37 33 33 33 33 33 AD 55
[2025-09-09 20:01:51.810] [DEBUG] 接收数据超时
[2025-09-09 20:01:51.819] [DEBUG] 组包成功，数据长度: 21 字节
[2025-09-09 20:01:51.827] [DEBUG] 发送数据: A5 60 9F A5 01 0D 3B 3E 33 33 33 33 5C 37 33 33 33 33 33 EA 55
[2025-09-09 20:01:51.848] [DEBUG] 接收数据超时
[2025-09-09 20:01:51.861] [INFO] 结果: FAIL | 用时: 0.156s
[2025-09-09 20:01:51.869] [INFO] ==== 执行用例 #12960 ====
[2025-09-09 20:01:51.878] [INFO] 参数: {'screen_on': 1, 'brightness': 5, 'digital': 100, 'logo': 2, 'rim_state': 0, 'rdygo': 2, 'turn_left': 2, 'turn_right': 2, 'ring': 2} | 备注: nan
[2025-09-09 20:01:51.909] [DEBUG] 修改后的LED显示信息:
[2025-09-09 20:01:51.920] [INFO]   屏幕状态: 开
  亮度级别: 5
  数字显示: 100
  LOGO状态: 2 (0关, 1白, 2红)
  护盾状态: 0 (0关, 1白, 2绿)
  ReadyGo状态: 2 (0关, 1白, 2红)
  左转向灯: 2 (0关, 1白, 2橙)
  右转向灯: 2 (0关, 1白, 2橙)
  灯环状态: 2 (0关, 1蓝, 2红)
[2025-09-09 20:01:51.940] [DEBUG] 组包成功，数据长度: 21 字节
[2025-09-09 20:01:51.949] [DEBUG] 发送数据: A5 60 9F A5 03 0D 3B 3E 33 33 33 97 84 38 33 33 33 33 33 9E 55
[2025-09-09 20:01:51.975] [DEBUG] 接收数据超时
[2025-09-09 20:01:51.986] [DEBUG] 组包成功，数据长度: 21 字节
[2025-09-09 20:01:51.994] [DEBUG] 发送数据: A5 60 9F A5 01 0D 3B 3E 33 33 33 97 84 38 33 33 33 33 33 D9 55
[2025-09-09 20:01:52.019] [DEBUG] 接收数据超时
[2025-09-09 20:01:52.027] [INFO] 结果: FAIL | 用时: 0.157s
[2025-09-09 20:01:52.037] [INFO] ==== 执行用例 #13191 ====
[2025-09-09 20:01:52.045] [INFO] 参数: {'screen_on': 1, 'brightness': 6, 'digital': 0, 'logo': 0, 'rim_state': 0, 'rdygo': 2, 'turn_left': 1, 'turn_right': 1, 'ring': 2} | 备注: nan
[2025-09-09 20:01:52.076] [DEBUG] 修改后的LED显示信息:
[2025-09-09 20:01:52.089] [INFO]   屏幕状态: 开
  亮度级别: 6
  数字显示: 0
  LOGO状态: 0 (0关, 1白, 2红)
  护盾状态: 0 (0关, 1白, 2绿)
  ReadyGo状态: 2 (0关, 1白, 2红)
  左转向灯: 1 (0关, 1白, 2橙)
  右转向灯: 1 (0关, 1白, 2橙)
  灯环状态: 2 (0关, 1蓝, 2红)
[2025-09-09 20:01:52.110] [DEBUG] 组包成功，数据长度: 21 字节
[2025-09-09 20:01:52.119] [DEBUG] 发送数据: A5 60 9F A5 03 0D 3B 40 33 33 33 33 E3 37 33 33 33 33 33 02 55
[2025-09-09 20:01:52.144] [DEBUG] 接收数据超时
[2025-09-09 20:01:52.165] [DEBUG] 组包成功，数据长度: 21 字节
[2025-09-09 20:01:52.176] [DEBUG] 发送数据: A5 60 9F A5 01 0D 3B 40 33 33 33 33 E3 37 33 33 33 33 33 45 55
[2025-09-09 20:01:52.198] [DEBUG] 接收数据超时
[2025-09-09 20:01:52.211] [INFO] 结果: FAIL | 用时: 0.174s
[2025-09-09 20:01:52.220] [INFO] ==== 执行用例 #13602 ====
[2025-09-09 20:01:52.232] [INFO] 参数: {'screen_on': 1, 'brightness': 6, 'digital': 0, 'logo': 1, 'rim_state': 2, 'rdygo': 2, 'turn_left': 2, 'turn_right': 0, 'ring': 2} | 备注: nan
[2025-09-09 20:01:52.269] [DEBUG] 修改后的LED显示信息:
[2025-09-09 20:01:52.283] [INFO]   屏幕状态: 开
  亮度级别: 6
  数字显示: 0
  LOGO状态: 1 (0关, 1白, 2红)
  护盾状态: 2 (0关, 1白, 2绿)
  ReadyGo状态: 2 (0关, 1白, 2红)
  左转向灯: 2 (0关, 1白, 2橙)
  右转向灯: 0 (0关, 1白, 2橙)
  灯环状态: 2 (0关, 1蓝, 2红)
[2025-09-09 20:01:52.308] [DEBUG] 组包成功，数据长度: 21 字节
[2025-09-09 20:01:52.321] [DEBUG] 发送数据: A5 60 9F A5 03 0D 3B 40 33 33 33 B3 87 37 33 33 33 33 33 62 55
[2025-09-09 20:01:52.347] [DEBUG] 接收数据超时
[2025-09-09 20:01:52.358] [DEBUG] 组包成功，数据长度: 21 字节
[2025-09-09 20:01:52.370] [DEBUG] 发送数据: A5 60 9F A5 01 0D 3B 40 33 33 33 B3 87 37 33 33 33 33 33 25 55
[2025-09-09 20:01:52.393] [DEBUG] 接收数据超时
[2025-09-09 20:01:52.402] [INFO] 结果: FAIL | 用时: 0.182s
[2025-09-09 20:01:52.410] [INFO] ==== 执行用例 #14453 ====
[2025-09-09 20:01:52.419] [INFO] 参数: {'screen_on': 1, 'brightness': 6, 'digital': 50, 'logo': 2, 'rim_state': 1, 'rdygo': 1, 'turn_left': 0, 'turn_right': 2, 'ring': 1} | 备注: nan
[2025-09-09 20:01:52.453] [DEBUG] 修改后的LED显示信息:
[2025-09-09 20:01:52.462] [INFO]   屏幕状态: 开
  亮度级别: 6
  数字显示: 50
  LOGO状态: 2 (0关, 1白, 2红)
  护盾状态: 1 (0关, 1白, 2绿)
  ReadyGo状态: 1 (0关, 1白, 2红)
  左转向灯: 0 (0关, 1白, 2橙)
  右转向灯: 2 (0关, 1白, 2橙)
  灯环状态: 1 (0关, 1蓝, 2红)
[2025-09-09 20:01:52.482] [DEBUG] 组包成功，数据长度: 21 字节
[2025-09-09 20:01:52.490] [DEBUG] 发送数据: A5 60 9F A5 03 0D 3B 40 33 33 33 65 3E 36 33 33 33 33 33 D5 55
[2025-09-09 20:01:52.517] [DEBUG] 接收数据超时
[2025-09-09 20:01:52.528] [DEBUG] 组包成功，数据长度: 21 字节
[2025-09-09 20:01:52.538] [DEBUG] 发送数据: A5 60 9F A5 01 0D 3B 40 33 33 33 65 3E 36 33 33 33 33 33 92 55
[2025-09-09 20:01:52.558] [DEBUG] 接收数据超时
[2025-09-09 20:01:52.566] [INFO] 结果: FAIL | 用时: 0.156s
[2025-09-09 20:01:52.580] [INFO] ==== 执行用例 #14934 ====
[2025-09-09 20:01:52.588] [INFO] 参数: {'screen_on': 1, 'brightness': 6, 'digital': 100, 'logo': 1, 'rim_state': 1, 'rdygo': 1, 'turn_left': 0, 'turn_right': 0, 'ring': 2} | 备注: nan
[2025-09-09 20:01:52.626] [DEBUG] 修改后的LED显示信息:
[2025-09-09 20:01:52.634] [INFO]   屏幕状态: 开
  亮度级别: 6
  数字显示: 100
  LOGO状态: 1 (0关, 1白, 2红)
  护盾状态: 1 (0关, 1白, 2绿)
  ReadyGo状态: 1 (0关, 1白, 2红)
  左转向灯: 0 (0关, 1白, 2橙)
  右转向灯: 0 (0关, 1白, 2橙)
  灯环状态: 2 (0关, 1蓝, 2红)
[2025-09-09 20:01:52.655] [DEBUG] 组包成功，数据长度: 21 字节
[2025-09-09 20:01:52.667] [DEBUG] 发送数据: A5 60 9F A5 03 0D 3B 40 33 33 33 17 3D 37 33 33 33 33 33 46 55
[2025-09-09 20:01:52.688] [DEBUG] 接收数据超时
[2025-09-09 20:01:52.701] [DEBUG] 组包成功，数据长度: 21 字节
[2025-09-09 20:01:52.709] [DEBUG] 发送数据: A5 60 9F A5 01 0D 3B 40 33 33 33 17 3D 37 33 33 33 33 33 01 55
[2025-09-09 20:01:52.731] [DEBUG] 接收数据超时
[2025-09-09 20:01:52.742] [INFO] 结果: FAIL | 用时: 0.163s
[2025-09-09 20:01:52.751] [INFO] ==== 执行用例 #15192 ====
[2025-09-09 20:01:52.763] [INFO] 参数: {'screen_on': 1, 'brightness': 6, 'digital': 100, 'logo': 2, 'rim_state': 1, 'rdygo': 1, 'turn_left': 1, 'turn_right': 2, 'ring': 2} | 备注: nan
[2025-09-09 20:01:52.793] [DEBUG] 修改后的LED显示信息:
[2025-09-09 20:01:52.805] [INFO]   屏幕状态: 开
  亮度级别: 6
  数字显示: 100
  LOGO状态: 2 (0关, 1白, 2红)
  护盾状态: 1 (0关, 1白, 2绿)
  ReadyGo状态: 1 (0关, 1白, 2红)
  左转向灯: 1 (0关, 1白, 2橙)
  右转向灯: 2 (0关, 1白, 2橙)
  灯环状态: 2 (0关, 1蓝, 2红)
[2025-09-09 20:01:52.827] [DEBUG] 组包成功，数据长度: 21 字节
[2025-09-09 20:01:52.835] [DEBUG] 发送数据: A5 60 9F A5 03 0D 3B 40 33 33 33 97 5E 38 33 33 33 33 33 7E 55
[2025-09-09 20:01:52.859] [DEBUG] 接收数据超时
[2025-09-09 20:01:52.871] [DEBUG] 组包成功，数据长度: 21 字节
[2025-09-09 20:01:52.880] [DEBUG] 发送数据: A5 60 9F A5 01 0D 3B 40 33 33 33 97 5E 38 33 33 33 33 33 39 55
[2025-09-09 20:01:52.904] [DEBUG] 接收数据超时
[2025-09-09 20:01:52.913] [INFO] 结果: FAIL | 用时: 0.162s
[2025-09-09 20:01:52.925] [INFO] ==== 执行用例 #15583 ====
[2025-09-09 20:01:52.937] [INFO] 参数: {'screen_on': 1, 'brightness': 7, 'digital': 0, 'logo': 1, 'rim_state': 0, 'rdygo': 1, 'turn_left': 0, 'turn_right': 1, 'ring': 0} | 备注: nan
[2025-09-09 20:01:52.969] [DEBUG] 修改后的LED显示信息:
[2025-09-09 20:01:52.979] [INFO]   屏幕状态: 开
  亮度级别: 7
  数字显示: 0
  LOGO状态: 1 (0关, 1白, 2红)
  护盾状态: 0 (0关, 1白, 2绿)
  ReadyGo状态: 1 (0关, 1白, 2红)
  左转向灯: 0 (0关, 1白, 2橙)
  右转向灯: 1 (0关, 1白, 2橙)
  灯环状态: 0 (0关, 1蓝, 2红)
[2025-09-09 20:01:53.001] [DEBUG] 组包成功，数据长度: 21 字节
[2025-09-09 20:01:53.013] [DEBUG] 发送数据: A5 60 9F A5 03 0D 3B 42 33 33 33 B3 BB 33 33 33 33 33 33 AB 55
[2025-09-09 20:01:53.034] [DEBUG] 接收数据超时
[2025-09-09 20:01:53.047] [DEBUG] 组包成功，数据长度: 21 字节
[2025-09-09 20:01:53.055] [DEBUG] 发送数据: A5 60 9F A5 01 0D 3B 42 33 33 33 B3 BB 33 33 33 33 33 33 EC 55
[2025-09-09 20:01:53.085] [DEBUG] 接收数据超时
[2025-09-09 20:01:53.093] [INFO] 结果: FAIL | 用时: 0.168s
[2025-09-09 20:01:53.106] [INFO] ==== 执行用例 #16100 ====
[2025-09-09 20:01:53.116] [INFO] 参数: {'screen_on': 1, 'brightness': 7, 'digital': 50, 'logo': 0, 'rim_state': 0, 'rdygo': 2, 'turn_left': 0, 'turn_right': 2, 'ring': 1} | 备注: nan
[2025-09-09 20:01:53.155] [DEBUG] 修改后的LED显示信息:
[2025-09-09 20:01:53.168] [INFO]   屏幕状态: 开
  亮度级别: 7
  数字显示: 50
  LOGO状态: 0 (0关, 1白, 2红)
  护盾状态: 0 (0关, 1白, 2绿)
  ReadyGo状态: 2 (0关, 1白, 2红)
  左转向灯: 0 (0关, 1白, 2橙)
  右转向灯: 2 (0关, 1白, 2橙)
  灯环状态: 1 (0关, 1蓝, 2红)
[2025-09-09 20:01:53.189] [DEBUG] 组包成功，数据长度: 21 字节
[2025-09-09 20:01:53.201] [DEBUG] 发送数据: A5 60 9F A5 03 0D 3B 42 33 33 33 65 43 36 33 33 33 33 33 99 55
[2025-09-09 20:01:53.226] [DEBUG] 接收数据超时
[2025-09-09 20:01:53.239] [DEBUG] 组包成功，数据长度: 21 字节
[2025-09-09 20:01:53.248] [DEBUG] 发送数据: A5 60 9F A5 01 0D 3B 42 33 33 33 65 43 36 33 33 33 33 33 DE 55
[2025-09-09 20:01:53.273] [DEBUG] 接收数据超时
[2025-09-09 20:01:53.281] [INFO] 结果: FAIL | 用时: 0.176s
[2025-09-09 20:01:53.290] [INFO] ==== 执行用例 #16418 ====
[2025-09-09 20:01:53.303] [INFO] 参数: {'screen_on': 1, 'brightness': 7, 'digital': 50, 'logo': 1, 'rim_state': 1, 'rdygo': 2, 'turn_left': 0, 'turn_right': 0, 'ring': 1} | 备注: nan
[2025-09-09 20:01:53.335] [DEBUG] 修改后的LED显示信息:
[2025-09-09 20:01:53.348] [INFO]   屏幕状态: 开
  亮度级别: 7
  数字显示: 50
  LOGO状态: 1 (0关, 1白, 2红)
  护盾状态: 1 (0关, 1白, 2绿)
  ReadyGo状态: 2 (0关, 1白, 2红)
  左转向灯: 0 (0关, 1白, 2橙)
  右转向灯: 0 (0关, 1白, 2橙)
  灯环状态: 1 (0关, 1蓝, 2红)
[2025-09-09 20:01:53.368] [DEBUG] 组包成功，数据长度: 21 字节
[2025-09-09 20:01:53.381] [DEBUG] 发送数据: A5 60 9F A5 03 0D 3B 42 33 33 33 E5 45 35 33 33 33 33 33 11 55
[2025-09-09 20:01:53.406] [DEBUG] 接收数据超时
[2025-09-09 20:01:53.419] [DEBUG] 组包成功，数据长度: 21 字节
[2025-09-09 20:01:53.427] [DEBUG] 发送数据: A5 60 9F A5 01 0D 3B 42 33 33 33 E5 45 35 33 33 33 33 33 56 55
[2025-09-09 20:01:53.453] [DEBUG] 接收数据超时
[2025-09-09 20:01:53.462] [INFO] 结果: FAIL | 用时: 0.172s
[2025-09-09 20:01:53.476] [INFO] ==== 执行用例 #16485 ====
[2025-09-09 20:01:53.487] [INFO] 参数: {'screen_on': 1, 'brightness': 7, 'digital': 50, 'logo': 1, 'rim_state': 2, 'rdygo': 1, 'turn_left': 1, 'turn_right': 1, 'ring': 2} | 备注: nan
[2025-09-09 20:01:53.517] [DEBUG] 修改后的LED显示信息:
[2025-09-09 20:01:53.528] [INFO]   屏幕状态: 开
  亮度级别: 7
  数字显示: 50
  LOGO状态: 1 (0关, 1白, 2红)
  护盾状态: 2 (0关, 1白, 2绿)
  ReadyGo状态: 1 (0关, 1白, 2红)
  左转向灯: 1 (0关, 1白, 2橙)
  右转向灯: 1 (0关, 1白, 2橙)
  灯环状态: 2 (0关, 1蓝, 2红)
[2025-09-09 20:01:53.548] [DEBUG] 组包成功，数据长度: 21 字节
[2025-09-09 20:01:53.557] [DEBUG] 发送数据: A5 60 9F A5 03 0D 3B 42 33 33 33 E5 DF 37 33 33 33 33 33 79 55
[2025-09-09 20:01:53.582] [DEBUG] 接收数据超时
[2025-09-09 20:01:53.595] [DEBUG] 组包成功，数据长度: 21 字节
[2025-09-09 20:01:53.604] [DEBUG] 发送数据: A5 60 9F A5 01 0D 3B 42 33 33 33 E5 DF 37 33 33 33 33 33 3E 55
[2025-09-09 20:01:53.625] [DEBUG] 接收数据超时
[2025-09-09 20:01:53.634] [INFO] 结果: FAIL | 用时: 0.157s
[2025-09-09 20:01:53.642] [INFO] ==== 执行用例 #16555 ====
[2025-09-09 20:01:53.655] [INFO] 参数: {'screen_on': 1, 'brightness': 7, 'digital': 50, 'logo': 2, 'rim_state': 0, 'rdygo': 1, 'turn_left': 0, 'turn_right': 1, 'ring': 0} | 备注: nan
[2025-09-09 20:01:53.685] [DEBUG] 修改后的LED显示信息:
[2025-09-09 20:01:53.698] [INFO]   屏幕状态: 开
  亮度级别: 7
  数字显示: 50
  LOGO状态: 2 (0关, 1白, 2红)
  护盾状态: 0 (0关, 1白, 2绿)
  ReadyGo状态: 1 (0关, 1白, 2红)
  左转向灯: 0 (0关, 1白, 2橙)
  右转向灯: 1 (0关, 1白, 2橙)
  灯环状态: 0 (0关, 1蓝, 2红)
[2025-09-09 20:01:53.719] [DEBUG] 组包成功，数据长度: 21 字节
[2025-09-09 20:01:53.727] [DEBUG] 发送数据: A5 60 9F A5 03 0D 3B 42 33 33 33 65 BC 33 33 33 33 33 33 1D 55
[2025-09-09 20:01:53.753] [DEBUG] 接收数据超时
[2025-09-09 20:01:53.767] [DEBUG] 组包成功，数据长度: 21 字节
[2025-09-09 20:01:53.776] [DEBUG] 发送数据: A5 60 9F A5 01 0D 3B 42 33 33 33 65 BC 33 33 33 33 33 33 5A 55
[2025-09-09 20:01:53.796] [DEBUG] 接收数据超时
[2025-09-09 20:01:53.808] [INFO] 结果: FAIL | 用时: 0.166s
[2025-09-09 20:01:53.817] [INFO] ==== 执行用例 #20000 ====
[2025-09-09 20:01:53.827] [INFO] 参数: {'screen_on': 1, 'brightness': 5, 'digital': 11, 'logo': 0, 'rim_state': 0, 'rdygo': 1, 'turn_left': 0, 'turn_right': 1, 'ring': 0} | 备注: nan
[2025-09-09 20:01:53.857] [DEBUG] 修改后的LED显示信息:
[2025-09-09 20:01:53.870] [INFO]   屏幕状态: 开
  亮度级别: 5
  数字显示: 11
  LOGO状态: 0 (0关, 1白, 2红)
  护盾状态: 0 (0关, 1白, 2绿)
  ReadyGo状态: 1 (0关, 1白, 2红)
  左转向灯: 0 (0关, 1白, 2橙)
  右转向灯: 1 (0关, 1白, 2橙)
  灯环状态: 0 (0关, 1蓝, 2红)
[2025-09-09 20:01:53.891] [DEBUG] 组包成功，数据长度: 21 字节
[2025-09-09 20:01:53.903] [DEBUG] 发送数据: A5 60 9F A5 03 0D 3B 3E 33 33 33 3E BB 33 33 33 33 33 33 09 55
[2025-09-09 20:01:53.924] [DEBUG] 接收数据超时
[2025-09-09 20:01:53.937] [DEBUG] 组包成功，数据长度: 21 字节
[2025-09-09 20:01:53.945] [DEBUG] 发送数据: A5 60 9F A5 01 0D 3B 3E 33 33 33 3E BB 33 33 33 33 33 33 4E 55
[2025-09-09 20:01:53.966] [DEBUG] 接收数据超时
[2025-09-09 20:01:53.979] [INFO] 结果: FAIL | 用时: 0.163s
[2025-09-09 20:01:53.987] [INFO] 开始压力循环: 次数=1, 间隔=0.5s, 参数={'screen_on': 1, 'brightness': 1, 'digital': 50, 'logo': 0, 'rim_state': 1, 'rdygo': 0, 'turn_left': 0, 'turn_right': 0, 'ring': 2}
[2025-09-09 20:01:54.021] [DEBUG] 修改后的LED显示信息:
[2025-09-09 20:01:54.032] [INFO]   屏幕状态: 开
  亮度级别: 1
  数字显示: 50
  LOGO状态: 0 (0关, 1白, 2红)
  护盾状态: 1 (0关, 1白, 2绿)
  ReadyGo状态: 0 (0关, 1白, 2红)
  左转向灯: 0 (0关, 1白, 2橙)
  右转向灯: 0 (0关, 1白, 2橙)
  灯环状态: 2 (0关, 1蓝, 2红)
[2025-09-09 20:01:54.054] [DEBUG] 组包成功，数据长度: 21 字节
[2025-09-09 20:01:54.061] [DEBUG] 发送数据: A5 60 9F A5 03 0D 3B 36 33 33 33 65 35 37 33 33 33 33 33 6A 55
[2025-09-09 20:01:54.091] [DEBUG] 接收数据: A5 60 9F A5 83 55 33 93 7F 63 64 33 33 33 33 33 33 33 33 33 33 33 33 33 33 33 33 33 33 33 33 33 33 33 33 33 33 33 33 33 33 33 33 89 66 69 66 65 85 64 63 64 76 63 64 92 75 A7 63 65 33 33 33 33 33 37 33 38 33 33 33 36 33 33 33 65 35 37 33 33 33 33 33 33 33 33 33 33 33 33 33 42 55 A5 60 9F A5 81 0D 3B 36 33 33 33 65 35 37 33 33 33 33 33 1A 55 A5 60 9F A5 83 55 33 93 7F 63 64 33 33 33 33 33 33 33 33 33 33 33 33 33 33 33 33 33 33 33 33 33 33 33 33 33 33 33 33 33 33 33 33 89 66 69 66 65 85 64 63 64 76 63 64 92 75 A7 63 65 33 33 33 33 33 37 33 38 33 33 33 38 33 33 33 65 33 37 33 33 33 33 33 33 33 33 33 33 33 33 33 EE 55 A5 60 9F A5 81 0D 3B 38 33 33 33 65 33 37 33 33 33 33 33 8C 55 A5 60 9F A5 83 55 33 93 7F 63 64 33 33 33 33 33 33 33 33 33 33 33 33 33 33 33 33 33 33 33 33 33 33 33 33 33 33 33 33 33 33 33 33 89 66 69 66 65 85 64 63 64 76 63 64 92 75 A7 63 65 33 33 33 33 33 37 33 38 33 33 33 3A 33 33 33 33 57 34 33 33 33 33 33 33 33 33 33 33 33 33 33 53 55 A5 60 9F A5 81 0D 3B 3A 33 33 33 33 57 34 33 33 33 33 33 92 55 A5 60 9F A5 83 55 33 93 7F 63 64 33 33 33 33 33 33 33 33 33 33 33 33 33 33 33 33 33 33 33 33 33 33 33 33 33 33 33 33 33 33 33 33 89 66 69 66 65 85 64 63 64 76 63 64 92 75 A7 63 65 33 33 33 34 33 37 33 37 33 33 33 3A 33 33 33 B3 5D 37 33 33 33 33 33 33 33 33 33 33 33 33 33 87 55 A5 60 9F A5 81 0D 3B 3A 33 33 33 B3 5D 37 33 33 33 33 33 2C 55 A5 60 9F A5 83 55 33 93 7F 63 64 33 33 33 33 33 33 33 33 33 33 33 33 33 33 33 33 33 33 33 33 33 33 33 33 33 33 33 33 33 33 33 33 89 66 69 66 65 85 64 63 64 76 63 64 92 75 A7 63 65 33 33 33 33 33 37 33 37 33 33 33 3A 33 33 33 65 43 37 33 33 33 33 33 33 33 33 33 33 33 33 33 10 55 A5 60 9F A5 81 0D 3B 3A 33 33 33 65 43 37 33 33 33 33 33 3C 55 A5 60 9F A5 83 55 33 93 7F 63 64 33 33 33 33 33 33 33 33 33 33 33 33 33 33 33 33 33 33 33 33 33 33 33 33 33 33 33 33 33 33 33 33 89 66 69 66 65 85 64 63 64 76 63 64 92 75 A7 63 65 33 33 33 33 33 37 33 37 33 33 33 3A 33 33 33 E5 D3 37 33 33 33 33 33 33 33 33 33 33 33 33 33 3D 55 A5 60 9F A5 81 0D 3B 3A 33 33 33 E5 D3 37 33 33 33 33 33 B8 55 A5 60 9F A5 83 55 33 93 7F 63 64 33 33 33 33 33 33 33 33 33 33 33 33 33 33 33 33 33 33 33 33 33 33 33 33 33 33 33 33 33 33 33 33 89 66 69 66 65 85 64 63 64 76 63 64 92 75 A7 63 65 33 33 33 33 33 37 33 37 33 33 33 3A 33 33 33 65 60 33 33 33 33 33 33 33 33 33 33 33 33 33 33 E1 55 A5 60 9F A5 81 0D 3B 3A 33 33 33 65 60 33 33 33 33 33 33 A7 55 A5 60 9F A5 83 55 33 93 7F 63 64 33 33 33 33 33 33 33 33 33 33 33 33 33 33 33 33 33 33 33 33 33 33 33 33 33 33 33 33 33 33 33 33 89 66 69 66 65 85 64 63 64 76 63 64 92 75 A7 63 65 33 33 33 33 33 37 33 38 33 33 33 3A 33 33 33 97 7D 33 33 33 33 33 33 33 33 33 33 33 33 33 33 06 55 A5 60 9F A5 81 0D 3B 3A 33 33 33 97 7D 33 33 33 33 33 33 74 55 A5 60 9F A5 83 55 33 93 7F 63 64 33 33 33 33 33 33 33 33 33 33 33 33 33 33 33 33 33 33 33 33 33 33 33 33 33 33 33 33 33 33 33 33 89 66 69 66 65 85 64 63 64 76 63 64 92 75 A7 63 65 33 33 33 33 33 37 33 38 33 33 33 3C 33 33 33 65 5B 34 33 33 33 33 33 33 33 33 33 33 33 33 33 1E 55 A5 60 9F A5 81 0D 3B 3C 33 33 33 65 5B 34 33 33 33 33 33 17 55 A5 60 9F A5 83 55 33 93 7F 63 64 33 33 33 33 33 33 33 33 33 33 33 33 33 33 33 33 33 33 33 33 33 33 33 33 33 33 33 33 33 33 33 33 89 66 69 66 65 85 64 63 64 76 63 64 92 75 A7 63 65 33 33 33 33 33 37 33 37 33 33 33 3C 33 33 33 E5 DF 33 33 33 33 33 33 33 33 33 33 33 33 33 33 CB 55 A5 60 9F A5 81 0D 3B 3C 33 33 33 E5 DF 33 33 33 33 33 33 6A 55 A5 60 9F A5 83 55 33 93 7F 63 64 33 33 33 33 33 33 33 33 33 33 33 33 33 33 33 33 33 33 33 33 33 33 33 33 33 33 33 33 33 33 33 33 89 66 69 66 65 85 64 63 64 76 63 64 92 75 A7 63 65 33 33 33 33 33 37 33 37 33 33 33 3C 33 33 33 65 C4 37 33 33 33 33 33 33 33 33 33 33 33 33 33 25 55 A5 60 9F A5 81 0D 3B 3C 33 33 33 65 C4 37 33 33 33 33 33 F5 55 A5 60 9F A5 83 55 33 93 7F 63 64 33 33 33 33 33 33 33 33 33 33 33 33 33 33 33 33 33 33 33 33 33 33 33 33 33 33 33 33 33 33 33 33 89 66 69 66 65 85 64 63 64 76 63 64 92 75 A7 63 65 33 33 33 33 33 37 33 37 33 33 33 3C 33 33 33 65 F6 37 33 33 33 33 33 33 33 33 33 33 33 33 33 64 55 A5 60 9F A5 81 0D 3B 3C 33 33 33 65 F6 37 33 33 33 33 33 B9 55 A5 60 9F A5 83 55 33 93 7F 63 64 33 33 33 33 33 33 33 33 33 33 33 33 33 33 33 33 33 33 33 33 33 33 33 33 33 33 33 33 33 33 33 33 89 66 69 66 65 85 64 63 64 76 63 64 92 75 A7 63 65 33 33 33 33 33 37 33 37 33 33 33 3C 33 33 33 97 03 33 33 33 33 33 33 33 33 33 33 33 33 33 33 7F 55 A5 60 9F A5 81 0D 3B 3C 33 33 33 97 03 33 33 33 33 33 33 A5 55 A5 60 9F A5 83 55 33 93 7F 63 64 33 33 33 33 33 33 33 33 33 33 33 33 33 33 33 33 33 33 33 33 33 33 33 33 33 33 33 33 33 33 33 33 89 66 69 66 65 85 64 63 64 76 63 64 92 75 A7 63 65 33 33 33 33 33 37 33 38 33 33 33 3C 33 33 33 17 C3 37 33 33 33 33 33 33 33 33 33 33 33 33 33 9E 55 A5 60 9F A5 81 0D 3B 3C 33 33 33 17 C3 37 33 33 33 33 33 26 55 A5 60 9F A5 83 55 33 93 7F 63 64 33 33 33 33 33 33 33 33 33 33 33 33 33 33 33 33 33 33 33 33 33 33 33 33 33 33 33 33 33 33 33 33 89 66 69 66 65 85 64 63 64 76 63 64 92 75 A7 63 65 33 33 33 33 33 37 33 38 33 33 33 3E 33 33 33 33 57 35 33 33 33 33 33 33 33 33 33 33 33 33 33 72 55 A5 60 9F A5 81 0D 3B 3E 33 33 33 33 57 35 33 33 33 33 33 1E 55 A5 60 9F A5 83 55 33 93 7F 63 64 33 33 33 33 33 33 33 33 33 33 33 33 33 33 33 33 33 33 33 33 33 33 33 33 33 33 33 33 33 33 33 33 89 66 69 66 65 85 64 63 64 76 63 64 92 75 A7 63 65 33 33 33 33 33 37 33 37 33 33 33 3E 33 33 33 B3 FD 35 33 33 33 33 33 33 33 33 33 33 33 33 33 5B 55 A5 60 9F A5 81 0D 3B 3E 33 33 33 B3 FD 35 33 33 33 33 33 F2 55 A5 60 9F A5 83 55 33 93 7F 63 64 33 33 33 33 33 33 33 33 33 33 33 33 33 33 33 33 33 33 33 33 33 33 33 33 33 33 33 33 33 33 33 33 89 66 69 66 65 85 64 63 64 76 63 64 92 75 A7 63 65 33 33 33 33 33 37 33 37 33 33 33 3E 33 33 33 33 5C 37 33 33 33 33 33 33 33 33 33 33 33 33 33 9C 55 A5 60 9F A5 81 0D 3B 3E 33 33 33 33 5C 37 33 33 33 33 33 DD 55 A5 60 9F A5 83 55 33 93 7F 63 64 33 33 33 33 33 33 33 33 33 33 33 33 33 33 33 33 33 33 33 33 33 33 33 33 33 33 33 33 33 33 33 33 89 66 69 66 65 85 64 63 64 76 63 64 92 75 A7 63 65 33 33 33 33 33 37 33 37 33 33 33 3E 33 33 33 97 84 38 33 33 33 33 33 33 33 33 33 33 33 33 33 94 55 A5 60 9F A5 81 0D 3B 3E 33 33 33 97 84 38 33 33 33 33 33 EE 55 A5 60 9F A5 83 55 33 93 7F 63 64 33 33 33 33 33 33 33 33 33 33 33 33 33 33 33 33 33 33 33 33 33 33 33 33 33 33 33 33 33 33 33 33 89 66 69 66 65 85 64 63 64 76 63 64 92 75 A7 63 65 33 33 33 33 33 37 33 37 33 33 33 40 33 33 33 33 E3 37 33 33 33 33 33 33 33 33 33 33 33 33 33 56 55 A5 60 9F A5 81 0D 3B 40 33 33 33 33 E3 37 33 33 33 33 33 72 55 A5 60 9F A5 83 55 33 93 7F 63 64 33 33 33 33 33 33 33 33 33 33 33 33 33 33 33 33 33 33 33 33 33 33 33 33 33 33 33 33 33 33 33 33 89 66 69 66 65 85 64 63 64 76 63 64 92 75 A7 63 65 33 33 33 33 33 37 33 38 33 33 33 40 33 33 33 B3 87 37 33 33 33 33 33 33 33 33 33 33 33 33 33 95 55 A5 60 9F A5 81 0D 3B 40 33 33 33 B3 87 37 33 33 33 33 33 12 55 A5 60 9F A5 83 55 33 93 7F 63 64 33 33 33 33 33 33 33 33 33 33 33 33 33 33 33 33 33 33 33 33 33 33 33 33 33 33 33 33 33 33 33 33 89 66 69 66 65 85 64 63 64 76 63 64 92 75 A7 63 65 33 33 33 33 33 37 33 36 33 33 33 40 33 33 33 65 3E 36 33 33 33 33 33 33 33 33 33 33 33 33 33 6B 55 A5 60 9F A5 81 0D 3B 40 33 33 33 65 3E 36 33 33 33 33 33 A5 55 A5 60 9F A5 83 55 33 93 7F 63 64 33 33 33 33 33 33 33 33 33 33 33 33 33 33 33 33 33 33 33 33 33 33 33 33 33 33 33 33 33 33 33 33 89 66 69 66 65 85 64 63 64 76 63 64 92 75 A7 63 65 33 33 33 33 33 37 33 37 33 33 33 40 33 33 33 17 3D 37 33 33 33 33 33 33 33 33 33 33 33 33 33 81 55 A5 60 9F A5 81 0D 3B 40 33 33 33 17 3D 37 33 33 33 33 33 36 55 A5 60 9F A5 83 55 33 93 7F 63 64 33 33 33 33 33 33 33 33 33 33 33 33 33 33 33 33 33 33 33 33 33 33 33 33 33 33 33 33 33 33 33 33 89 66 69 66 65 85 64 63 64 76 63 64 92 75 A7 63 65 33 33 33 33 33 37 33 36 33 33 33 40 33 33 33 97 5E 38 33 33 33 33 33 33 33 33 33 33 33 33 33 19 55 A5 60 9F A5 81 0D 3B 40 33 33 33 97 5E 38 33 33 33 33 33 0E 55 A5 60 9F A5 83 55 33 93 7F 63 64 33 33 33 33 33 33 33 33 33 33 33 33 33 33 33 33 33 33 33 33 33 33 33 33 33 33 33 33 33 33 33 33 89 66 69 66 65 85 64 63 64 76 63 64 92 75 A7 63 65 33 33 33 33 33 37 33 37 33 33 33 42 33 33 33 B3 BB 33 33 33 33 33 33 33 33 33 33 33 33 33 33 6E 55 A5 60 9F A5 81 0D 3B 42 33 33 33 B3 BB 33 33 33 33 33 33 DB 55 A5 60 9F A5 83 55 33 93 7F 63 64 33 33 33 33 33 33 33 33 33 33 33 33 33 33 33 33 33 33 33 33 33 33 33 33 33 33 33 33 33 33 33 33 89 66 69 66 65 85 64 63 64 76 63 64 92 75 A7 63 65 33 33 33 33 33 37 33 37 33 33 33 42 33 33 33 65 43 36 33 33 33 33 33 33 33 33 33 33 33 33 33 86 55 A5 60 9F A5 81 0D 3B 42 33 33 33 65 43 36 33 33 33 33 33 E9 55 A5 60 9F A5 83 55 33 93 7F 63 64 33 33 33 33 33 33 33 33 33 33 33 33 33 33 33 33 33 33 33 33 33 33 33 33 33 33 33 33 33 33 33 33 89 66 69 66 65 85 64 63 64 76 63 64 92 75 A7 63 65 33 33 33 33 33 37 33 38 33 33 33 42 33 33 33 E5 45 35 33 33 33 33 33 33 33 33 33 33 33 33 33 BC 55 A5 60 9F A5 81 0D 3B 42 33 33 33 E5 45 35 33 33 33 33 33 61 55 A5 60 9F A5 83 55 33 93 7F 63 64 33 33 33 33 33 33 33 33 33 33 33 33 33 33 33 33 33 33 33 33 33 33 33 33 33 33 33 33 33 33 33 33 89 66 69 66 65 85 64 63 64 76 63 64 92 75 A7 63 65 33 33 33 33 33 37 33 37 33 33 33 42 33 33 33 E5 DF 37 33 33 33 33 33 33 33 33 33 33 33 33 33 4A 55 A5 60 9F A5 81 0D 3B 42 33 33 33 E5 DF 37 33 33 33 33 33 09 55 A5 60 9F A5 83 55 33 93 7F 63 64 33 33 33 33 33 33 33 33 33 33 33 33 33 33 33 33 33 33 33 33 33 33 33 33 33 33 33 33 33 33 33 33 89 66 69 66 65 85 64 63 64 76 63 64 92 75 A7 63 65 33 33 33 33 33 37 33 37 33 33 33 42 33 33 33 65 BC 33 33 33 33 33 33 33 33 33 33 33 33 33 33 B6 55 A5 60 9F A5 81 0D 3B 42 33 33 33 65 BC 33 33 33 33 33 33 6D 55 A5 60 9F A5 83 55 33 93 7F 63 64 33 33 33 33 33 33 33 33 33 33 33 33 33 33 33 33 33 33 33 33 33 33 33 33 33 33 33 33 33 33 33 33 89 66 69 66 65 85 64 63 64 76 63 64 92 75 A7 63 65 33 33 33 33 33 37 33 36 33 33 33 3E 33 33 33 3E BB 33 33 33 33 33 33 33 33 33 33 33 33 33 33 CB 55 A5 60 9F A5 81 0D 3B 3E 33 33 33 3E BB 33 33 33 33 33 33 79 55
[2025-09-09 20:01:54.171] [DEBUG] 数据解析成功:
[2025-09-09 20:01:54.183] [INFO]   ID: 0x60
  命令: 0x83 (读)
  寄存器地址: 0x00
  寄存器数量: 0
[2025-09-09 20:01:54.238] [INFO] [循环 1/1] 发送 OK
[2025-09-09 20:01:54.751] [INFO] 已保存结果: reports\2025-09-09_20-01-48\results.csv
[2025-09-09 20:01:54.806] [INFO] 已生成报告: reports\2025-09-09_20-01-48\report.html
[2025-09-09 20:01:54.841] [DEBUG] 串口已关闭
[2025-09-09 20:01:54.852] [INFO] 程序结束
