[2025-08-28 19:10:26.255] [INFO] 初始化 BLE 协议通信...
[2025-08-28 19:10:26.436] [INFO] 加载用例 5 条 来自: testcases.xlsx
[2025-08-28 19:10:26.443] [INFO] ==== 执行用例 #1 ====
[2025-08-28 19:10:26.446] [INFO] 参数: {'screen_on': 1, 'brightness': 7, 'digital': 88, 'logo': 1, 'rim_state': 1, 'rdygo': 1, 'turn_left': 2, 'turn_right': 2, 'ring': 2} | 备注: 基本点亮 + 白LOGO + 左右转向橙
[2025-08-28 19:10:26.464] [DEBUG] 修改后的LED显示信息:
[2025-08-28 19:10:26.474] [INFO]   屏幕状态: 开
  亮度级别: 7
  数字显示: 88
  LOGO状态: 1 (0关, 1白, 2红)
  护盾状态: 1 (0关, 1白, 2绿)
  ReadyGo状态: 1 (0关, 1白, 2红)
  左转向灯: 2 (0关, 1白, 2橙)
  右转向灯: 2 (0关, 1白, 2橙)
  灯环状态: 2 (0关, 1蓝, 2红)
[2025-08-28 19:10:26.493] [DEBUG] 组包成功，数据长度: 21 字节
[2025-08-28 19:10:26.502] [DEBUG] 发送数据: A5 60 9F A5 03 0D 3B 42 33 33 33 0B 7D 38 33 33 33 33 33 BA 55
[2025-08-28 19:10:27.524] [DEBUG] 接收数据: A5 60 9F A5 83 55 33 93 7F 63 64 33 33 33 33 33 33 33 33 33 33 33 33 33 33 33 33 33 33 33 33 33 33 33 33 33 33 33 33 33 33 33 33 89 66 69 66 65 85 64 63 64 76 63 64 92 75 A7 63 65 33 33 33 33 33 37 33 39 33 33 33 42 33 33 33 0B 7D 38 33 33 33 33 33 33 33 33 33 33 33 33 33 97 55
[2025-08-28 19:10:27.566] [DEBUG] 数据解析成功:
[2025-08-28 19:10:27.579] [INFO]   ID: 0x60
  命令: 0x83 (读)
  寄存器地址: 0x00
  寄存器数量: 0
[2025-08-28 19:10:27.599] [DEBUG] 组包成功，数据长度: 21 字节
[2025-08-28 19:10:27.614] [DEBUG] 发送数据: A5 60 9F A5 01 0D 3B 42 33 33 33 0B 7D 38 33 33 33 33 33 FD 55
[2025-08-28 19:10:28.646] [DEBUG] 接收数据: A5 60 9F A5 81 0D 3B 42 33 33 33 0B 7D 38 33 33 33 33 33 CA 55
[2025-08-28 19:10:28.679] [DEBUG] 数据解析成功:
[2025-08-28 19:10:28.696] [INFO]   ID: 0x60
  命令: 0x81 (读)
  寄存器地址: 0x08
  寄存器数量: 0
[2025-08-28 19:10:28.714] [INFO] 
全局变量中的LED显示信息已更新:
[2025-08-28 19:10:28.738] [INFO]   屏幕状态: 开
  亮度级别: 7
  数字显示: 88
  LOGO状态: 1 (0关, 1白, 2红)
  护盾状态: 1 (0关, 1白, 2绿)
  ReadyGo状态: 1 (0关, 1白, 2红)
  左转向灯: 2 (0关, 1白, 2橙)
  右转向灯: 2 (0关, 1白, 2橙)
  灯环状态: 2 (0关, 1蓝, 2红)
[2025-08-28 19:10:28.754] [INFO] 结果: PASS | 用时: 2.311s
[2025-08-28 19:10:28.963] [INFO] ==== 执行用例 #2 ====
[2025-08-28 19:10:28.989] [INFO] 参数: {'screen_on': 0, 'brightness': 3, 'digital': 0, 'logo': 0, 'rim_state': 0, 'rdygo': 0, 'turn_left': 0, 'turn_right': 0, 'ring': 0} | 备注: 关闭显示，校验全部为0（除 brightness）
[2025-08-28 19:10:29.021] [DEBUG] 修改后的LED显示信息:
[2025-08-28 19:10:29.035] [INFO]   屏幕状态: 关
  亮度级别: 3
  数字显示: 0
  LOGO状态: 0 (0关, 1白, 2红)
  护盾状态: 0 (0关, 1白, 2绿)
  ReadyGo状态: 0 (0关, 1白, 2红)
  左转向灯: 0 (0关, 1白, 2橙)
  右转向灯: 0 (0关, 1白, 2橙)
  灯环状态: 0 (0关, 1蓝, 2红)
[2025-08-28 19:10:29.050] [DEBUG] 组包成功，数据长度: 21 字节
[2025-08-28 19:10:29.059] [DEBUG] 发送数据: A5 60 9F A5 03 0D 3B 39 33 33 33 33 33 33 33 33 33 33 33 12 55
[2025-08-28 19:10:30.085] [DEBUG] 接收数据: A5 60 9F A5 83 55 33 93 7F 63 64 33 33 33 33 33 33 33 33 33 33 33 33 33 33 33 33 33 33 33 33 33 33 33 33 33 33 33 33 33 33 33 33 89 66 69 66 65 85 64 63 64 76 63 64 92 75 A7 63 65 33 33 33 33 33 37 33 37 33 33 33 39 33 33 33 33 33 33 33 33 33 33 33 33 33 33 33 33 33 33 33 4B 55
[2025-08-28 19:10:30.125] [DEBUG] 数据解析成功:
[2025-08-28 19:10:30.136] [INFO]   ID: 0x60
  命令: 0x83 (读)
  寄存器地址: 0x00
  寄存器数量: 0
[2025-08-28 19:10:30.159] [DEBUG] 组包成功，数据长度: 21 字节
[2025-08-28 19:10:30.172] [DEBUG] 发送数据: A5 60 9F A5 01 0D 3B 39 33 33 33 33 33 33 33 33 33 33 33 55 55
[2025-08-28 19:10:31.207] [DEBUG] 接收数据: A5 60 9F A5 81 0D 3B 39 33 33 33 33 33 33 33 33 33 33 33 62 55
[2025-08-28 19:10:31.244] [DEBUG] 数据解析成功:
[2025-08-28 19:10:31.259] [INFO]   ID: 0x60
  命令: 0x81 (读)
  寄存器地址: 0x08
  寄存器数量: 0
[2025-08-28 19:10:31.279] [INFO] 
全局变量中的LED显示信息已更新:
[2025-08-28 19:10:31.300] [INFO]   屏幕状态: 关
  亮度级别: 3
  数字显示: 0
  LOGO状态: 0 (0关, 1白, 2红)
  护盾状态: 0 (0关, 1白, 2绿)
  ReadyGo状态: 0 (0关, 1白, 2红)
  左转向灯: 0 (0关, 1白, 2橙)
  右转向灯: 0 (0关, 1白, 2橙)
  灯环状态: 0 (0关, 1蓝, 2红)
[2025-08-28 19:10:31.317] [INFO] 结果: PASS | 用时: 2.354s
[2025-08-28 19:10:31.530] [INFO] ==== 执行用例 #3 ====
[2025-08-28 19:10:31.569] [INFO] 参数: {'screen_on': 1, 'brightness': 7, 'digital': 11, 'logo': 1, 'rim_state': 0, 'rdygo': 0, 'turn_left': 0, 'turn_right': 0, 'ring': 0} | 备注: 关闭显示，校验全部为0（除 brightness）
[2025-08-28 19:10:31.600] [DEBUG] 修改后的LED显示信息:
[2025-08-28 19:10:31.610] [INFO]   屏幕状态: 开
  亮度级别: 7
  数字显示: 11
  LOGO状态: 1 (0关, 1白, 2红)
  护盾状态: 0 (0关, 1白, 2绿)
  ReadyGo状态: 0 (0关, 1白, 2红)
  左转向灯: 0 (0关, 1白, 2橙)
  右转向灯: 0 (0关, 1白, 2橙)
  灯环状态: 0 (0关, 1蓝, 2红)
[2025-08-28 19:10:31.633] [DEBUG] 组包成功，数据长度: 21 字节
[2025-08-28 19:10:31.642] [DEBUG] 发送数据: A5 60 9F A5 03 0D 3B 42 33 33 33 BE 33 33 33 33 33 33 33 B8 55
[2025-08-28 19:10:32.668] [DEBUG] 接收数据: A5 60 9F A5 83 55 33 93 7F 63 64 33 33 33 33 33 33 33 33 33 33 33 33 33 33 33 33 33 33 33 33 33 33 33 33 33 33 33 33 33 33 33 33 89 66 69 66 65 85 64 63 64 76 63 64 92 75 A7 63 65 33 33 33 33 33 37 33 38 33 33 33 42 33 33 33 BE 33 33 33 33 33 33 33 33 33 33 33 33 33 33 33 E3 55
[2025-08-28 19:10:32.708] [DEBUG] 数据解析成功:
[2025-08-28 19:10:32.726] [INFO]   ID: 0x60
  命令: 0x83 (读)
  寄存器地址: 0x00
  寄存器数量: 0
[2025-08-28 19:10:32.749] [DEBUG] 组包成功，数据长度: 21 字节
[2025-08-28 19:10:32.759] [DEBUG] 发送数据: A5 60 9F A5 01 0D 3B 42 33 33 33 BE 33 33 33 33 33 33 33 FF 55
[2025-08-28 19:10:33.794] [DEBUG] 接收数据: A5 60 9F A5 81 0D 3B 42 33 33 33 BE 33 33 33 33 33 33 33 C8 55
[2025-08-28 19:10:33.836] [DEBUG] 数据解析成功:
[2025-08-28 19:10:33.855] [INFO]   ID: 0x60
  命令: 0x81 (读)
  寄存器地址: 0x08
  寄存器数量: 0
[2025-08-28 19:10:33.880] [INFO] 
全局变量中的LED显示信息已更新:
[2025-08-28 19:10:33.898] [INFO]   屏幕状态: 开
  亮度级别: 7
  数字显示: 11
  LOGO状态: 1 (0关, 1白, 2红)
  护盾状态: 0 (0关, 1白, 2绿)
  ReadyGo状态: 0 (0关, 1白, 2红)
  左转向灯: 0 (0关, 1白, 2橙)
  右转向灯: 0 (0关, 1白, 2橙)
  灯环状态: 0 (0关, 1蓝, 2红)
[2025-08-28 19:10:33.919] [INFO] 结果: PASS | 用时: 2.389s
[2025-08-28 19:10:34.131] [INFO] ==== 执行用例 #4 ====
[2025-08-28 19:10:34.162] [INFO] 参数: {'screen_on': 1, 'brightness': 7, 'digital': 22, 'logo': 1, 'rim_state': 0, 'rdygo': 0, 'turn_left': 0, 'turn_right': 0, 'ring': 0} | 备注: 关闭显示，校验全部为0（除 brightness）
[2025-08-28 19:10:34.188] [DEBUG] 修改后的LED显示信息:
[2025-08-28 19:10:34.200] [INFO]   屏幕状态: 开
  亮度级别: 7
  数字显示: 22
  LOGO状态: 1 (0关, 1白, 2红)
  护盾状态: 0 (0关, 1白, 2绿)
  ReadyGo状态: 0 (0关, 1白, 2红)
  左转向灯: 0 (0关, 1白, 2橙)
  右转向灯: 0 (0关, 1白, 2橙)
  灯环状态: 0 (0关, 1蓝, 2红)
[2025-08-28 19:10:34.217] [DEBUG] 组包成功，数据长度: 21 字节
[2025-08-28 19:10:34.223] [DEBUG] 发送数据: A5 60 9F A5 03 0D 3B 42 33 33 33 C9 33 33 33 33 33 33 33 45 55
[2025-08-28 19:10:35.254] [DEBUG] 接收数据: A5 60 9F A5 83 55 33 93 7F 63 64 33 33 33 33 33 33 33 33 33 33 33 33 33 33 33 33 33 33 33 33 33 33 33 33 33 33 33 33 33 33 33 33 89 66 69 66 65 85 64 63 64 76 63 64 92 75 A7 63 65 33 33 33 33 33 37 33 36 33 33 33 42 33 33 33 C9 33 33 33 33 33 33 33 33 33 33 33 33 33 33 33 D9 55
[2025-08-28 19:10:35.300] [DEBUG] 数据解析成功:
[2025-08-28 19:10:35.311] [INFO]   ID: 0x60
  命令: 0x83 (读)
  寄存器地址: 0x00
  寄存器数量: 0
[2025-08-28 19:10:35.332] [DEBUG] 组包成功，数据长度: 21 字节
[2025-08-28 19:10:35.348] [DEBUG] 发送数据: A5 60 9F A5 01 0D 3B 42 33 33 33 C9 33 33 33 33 33 33 33 02 55
[2025-08-28 19:10:36.381] [DEBUG] 接收数据: A5 60 9F A5 81 0D 3B 42 33 33 33 C9 33 33 33 33 33 33 33 35 55
[2025-08-28 19:10:36.438] [DEBUG] 数据解析成功:
[2025-08-28 19:10:36.454] [INFO]   ID: 0x60
  命令: 0x81 (读)
  寄存器地址: 0x08
  寄存器数量: 0
[2025-08-28 19:10:36.479] [INFO] 
全局变量中的LED显示信息已更新:
[2025-08-28 19:10:36.498] [INFO]   屏幕状态: 开
  亮度级别: 7
  数字显示: 22
  LOGO状态: 1 (0关, 1白, 2红)
  护盾状态: 0 (0关, 1白, 2绿)
  ReadyGo状态: 0 (0关, 1白, 2红)
  左转向灯: 0 (0关, 1白, 2橙)
  右转向灯: 0 (0关, 1白, 2橙)
  灯环状态: 0 (0关, 1蓝, 2红)
[2025-08-28 19:10:36.517] [INFO] 结果: PASS | 用时: 2.385s
[2025-08-28 19:10:36.725] [INFO] ==== 执行用例 #5 ====
[2025-08-28 19:10:36.749] [INFO] 参数: {'screen_on': 1, 'brightness': 9, 'digital': 99, 'logo': 1, 'rim_state': 0, 'rdygo': 0, 'turn_left': 0, 'turn_right': 0, 'ring': 0} | 备注: 关闭显示，校验全部为0（除 brightness）
[2025-08-28 19:10:36.781] [DEBUG] 修改后的LED显示信息:
[2025-08-28 19:10:36.792] [INFO]   屏幕状态: 开
  亮度级别: 1
  数字显示: 99
  LOGO状态: 1 (0关, 1白, 2红)
  护盾状态: 0 (0关, 1白, 2绿)
  ReadyGo状态: 0 (0关, 1白, 2红)
  左转向灯: 0 (0关, 1白, 2橙)
  右转向灯: 0 (0关, 1白, 2橙)
  灯环状态: 0 (0关, 1蓝, 2红)
[2025-08-28 19:10:36.809] [DEBUG] 组包成功，数据长度: 21 字节
[2025-08-28 19:10:36.818] [DEBUG] 发送数据: A5 60 9F A5 03 0D 3B 36 33 33 33 16 33 33 33 33 33 33 33 67 55
[2025-08-28 19:10:37.843] [DEBUG] 接收数据: A5 60 9F A5 83 55 33 93 7F 63 64 33 33 33 33 33 33 33 33 33 33 33 33 33 33 33 33 33 33 33 33 33 33 33 33 33 33 33 33 33 33 33 33 89 66 69 66 65 85 64 63 64 76 63 64 92 75 A7 63 65 33 33 33 33 33 37 33 37 33 33 33 36 33 33 33 16 33 33 33 33 33 33 33 33 33 33 33 33 33 33 33 62 55
[2025-08-28 19:10:37.891] [DEBUG] 数据解析成功:
[2025-08-28 19:10:37.905] [INFO]   ID: 0x60
  命令: 0x83 (读)
  寄存器地址: 0x00
  寄存器数量: 0
[2025-08-28 19:10:37.926] [DEBUG] 组包成功，数据长度: 21 字节
[2025-08-28 19:10:37.938] [DEBUG] 发送数据: A5 60 9F A5 01 0D 3B 36 33 33 33 16 33 33 33 33 33 33 33 20 55
[2025-08-28 19:10:38.968] [DEBUG] 接收数据: A5 60 9F A5 81 0D 3B 36 33 33 33 16 33 33 33 33 33 33 33 17 55
[2025-08-28 19:10:39.012] [DEBUG] 数据解析成功:
[2025-08-28 19:10:39.031] [INFO]   ID: 0x60
  命令: 0x81 (读)
  寄存器地址: 0x08
  寄存器数量: 0
[2025-08-28 19:10:39.051] [INFO] 
全局变量中的LED显示信息已更新:
[2025-08-28 19:10:39.073] [INFO]   屏幕状态: 开
  亮度级别: 1
  数字显示: 99
  LOGO状态: 1 (0关, 1白, 2红)
  护盾状态: 0 (0关, 1白, 2绿)
  ReadyGo状态: 0 (0关, 1白, 2红)
  左转向灯: 0 (0关, 1白, 2橙)
  右转向灯: 0 (0关, 1白, 2橙)
  灯环状态: 0 (0关, 1蓝, 2红)
[2025-08-28 19:10:39.094] [INFO] 结果: PASS | 用时: 2.369s
[2025-08-28 19:10:39.305] [INFO] 开始压力循环: 次数=1, 间隔=0.5s, 参数={'screen_on': 1, 'brightness': 7, 'digital': 88, 'logo': 1, 'rim_state': 1, 'rdygo': 1, 'turn_left': 2, 'turn_right': 2, 'ring': 2}
[2025-08-28 19:10:39.358] [DEBUG] 修改后的LED显示信息:
[2025-08-28 19:10:39.375] [INFO]   屏幕状态: 开
  亮度级别: 7
  数字显示: 88
  LOGO状态: 1 (0关, 1白, 2红)
  护盾状态: 1 (0关, 1白, 2绿)
  ReadyGo状态: 1 (0关, 1白, 2红)
  左转向灯: 2 (0关, 1白, 2橙)
  右转向灯: 2 (0关, 1白, 2橙)
  灯环状态: 2 (0关, 1蓝, 2红)
[2025-08-28 19:10:39.388] [DEBUG] 组包成功，数据长度: 21 字节
[2025-08-28 19:10:39.401] [DEBUG] 发送数据: A5 60 9F A5 03 0D 3B 42 33 33 33 0B 7D 38 33 33 33 33 33 BA 55
[2025-08-28 19:10:40.429] [DEBUG] 接收数据: A5 60 9F A5 83 55 33 93 7F 63 64 33 33 33 33 33 33 33 33 33 33 33 33 33 33 33 33 33 33 33 33 33 33 33 33 33 33 33 33 33 33 33 33 89 66 69 66 65 85 64 63 64 76 63 64 92 75 A7 63 65 33 33 33 33 33 37 33 37 33 33 33 42 33 33 33 0B 7D 38 33 33 33 33 33 33 33 33 33 33 33 33 33 26 55
[2025-08-28 19:10:40.479] [DEBUG] 数据解析成功:
[2025-08-28 19:10:40.494] [INFO]   ID: 0x60
  命令: 0x83 (读)
  寄存器地址: 0x00
  寄存器数量: 0
[2025-08-28 19:10:40.516] [DEBUG] 串口已关闭
[2025-08-28 19:10:40.530] [INFO] 程序结束
