[2025-08-29 15:13:39.505] [INFO] 初始化 BLE 协议通信...
[2025-08-29 15:13:39.782] [INFO] 加载用例 14 条 来自: testcases.xlsx
[2025-08-29 15:13:39.791] [INFO] ==== 执行用例 #1 ====
[2025-08-29 15:13:39.796] [INFO] 参数: {'screen_on': 1, 'brightness': 5, 'digital': 50, 'logo': 1, 'rim_state': 0, 'rdygo': 1, 'turn_left': 1, 'turn_right': 1, 'ring': 0} | 备注: nan
[2025-08-29 15:13:39.826] [DEBUG] 修改后的LED显示信息:
[2025-08-29 15:13:39.839] [INFO]   屏幕状态: 开
  亮度级别: 5
  数字显示: 50
  LOGO状态: 1 (0关, 1白, 2红)
  护盾状态: 0 (0关, 1白, 2绿)
  ReadyGo状态: 1 (0关, 1白, 2红)
  左转向灯: 1 (0关, 1白, 2橙)
  右转向灯: 1 (0关, 1白, 2橙)
  灯环状态: 0 (0关, 1蓝, 2红)
[2025-08-29 15:13:39.870] [DEBUG] 组包成功，数据长度: 21 字节
[2025-08-29 15:13:39.882] [DEBUG] 发送数据: A5 60 9F A5 03 0D 3B 3E 33 33 33 E5 DB 33 33 33 33 33 33 67 55
[2025-08-29 15:13:39.915] [DEBUG] 接收数据超时
[2025-08-29 15:13:39.928] [DEBUG] 组包成功，数据长度: 21 字节
[2025-08-29 15:13:39.939] [DEBUG] 发送数据: A5 60 9F A5 01 0D 3B 3E 33 33 33 E5 DB 33 33 33 33 33 33 20 55
[2025-08-29 15:13:39.974] [DEBUG] 接收数据超时
[2025-08-29 15:13:39.989] [INFO] 结果: FAIL | 用时: 0.198s
[2025-08-29 15:13:40.002] [INFO] ==== 执行用例 #2 ====
[2025-08-29 15:13:40.015] [INFO] 参数: {'screen_on': 1, 'brightness': 6, 'digital': 50, 'logo': 1, 'rim_state': 1, 'rdygo': 1, 'turn_left': 1, 'turn_right': 0, 'ring': 0} | 备注: nan
[2025-08-29 15:13:40.065] [DEBUG] 修改后的LED显示信息:
[2025-08-29 15:13:40.083] [INFO]   屏幕状态: 开
  亮度级别: 6
  数字显示: 50
  LOGO状态: 1 (0关, 1白, 2红)
  护盾状态: 1 (0关, 1白, 2绿)
  ReadyGo状态: 1 (0关, 1白, 2红)
  左转向灯: 1 (0关, 1白, 2橙)
  右转向灯: 0 (0关, 1白, 2橙)
  灯环状态: 0 (0关, 1蓝, 2红)
[2025-08-29 15:13:40.109] [DEBUG] 组包成功，数据长度: 21 字节
[2025-08-29 15:13:40.131] [DEBUG] 发送数据: A5 60 9F A5 03 0D 3B 40 33 33 33 E5 5D 33 33 33 33 33 33 E3 55
[2025-08-29 15:13:40.172] [DEBUG] 接收数据超时
[2025-08-29 15:13:40.194] [DEBUG] 组包成功，数据长度: 21 字节
[2025-08-29 15:13:40.211] [DEBUG] 发送数据: A5 60 9F A5 01 0D 3B 40 33 33 33 E5 5D 33 33 33 33 33 33 A4 55
[2025-08-29 15:13:40.242] [DEBUG] 接收数据超时
[2025-08-29 15:13:40.262] [INFO] 结果: FAIL | 用时: 0.260s
[2025-08-29 15:13:40.276] [INFO] ==== 执行用例 #3 ====
[2025-08-29 15:13:40.289] [INFO] 参数: {'screen_on': 1, 'brightness': 6, 'digital': 50, 'logo': 2, 'rim_state': 2, 'rdygo': 2, 'turn_left': 1, 'turn_right': 2, 'ring': 0} | 备注: nan
[2025-08-29 15:13:40.339] [DEBUG] 修改后的LED显示信息:
[2025-08-29 15:13:40.361] [INFO]   屏幕状态: 开
  亮度级别: 6
  数字显示: 50
  LOGO状态: 2 (0关, 1白, 2红)
  护盾状态: 2 (0关, 1白, 2绿)
  ReadyGo状态: 2 (0关, 1白, 2红)
  左转向灯: 1 (0关, 1白, 2橙)
  右转向灯: 2 (0关, 1白, 2橙)
  灯环状态: 0 (0关, 1蓝, 2红)
[2025-08-29 15:13:40.390] [DEBUG] 组包成功，数据长度: 21 字节
[2025-08-29 15:13:40.407] [DEBUG] 发送数据: A5 60 9F A5 03 0D 3B 40 33 33 33 65 68 34 33 33 33 33 33 B8 55
[2025-08-29 15:13:40.447] [DEBUG] 接收数据超时
[2025-08-29 15:13:40.464] [DEBUG] 组包成功，数据长度: 21 字节
[2025-08-29 15:13:40.479] [DEBUG] 发送数据: A5 60 9F A5 01 0D 3B 40 33 33 33 65 68 34 33 33 33 33 33 FF 55
[2025-08-29 15:13:40.511] [DEBUG] 接收数据超时
[2025-08-29 15:13:40.526] [INFO] 结果: FAIL | 用时: 0.250s
[2025-08-29 15:13:40.542] [INFO] ==== 执行用例 #4 ====
[2025-08-29 15:13:40.562] [INFO] 参数: {'screen_on': 1, 'brightness': 6, 'digital': 100, 'logo': 0, 'rim_state': 1, 'rdygo': 2, 'turn_left': 1, 'turn_right': 0, 'ring': 2} | 备注: nan
[2025-08-29 15:13:40.623] [DEBUG] 修改后的LED显示信息:
[2025-08-29 15:13:40.645] [INFO]   屏幕状态: 开
  亮度级别: 6
  数字显示: 100
  LOGO状态: 0 (0关, 1白, 2红)
  护盾状态: 1 (0关, 1白, 2绿)
  ReadyGo状态: 2 (0关, 1白, 2红)
  左转向灯: 1 (0关, 1白, 2橙)
  右转向灯: 0 (0关, 1白, 2橙)
  灯环状态: 2 (0关, 1蓝, 2红)
[2025-08-29 15:13:40.678] [DEBUG] 组包成功，数据长度: 21 字节
[2025-08-29 15:13:40.698] [DEBUG] 发送数据: A5 60 9F A5 03 0D 3B 40 33 33 33 97 65 37 33 33 33 33 33 D5 55
[2025-08-29 15:13:40.743] [DEBUG] 接收数据超时
[2025-08-29 15:13:40.764] [DEBUG] 组包成功，数据长度: 21 字节
[2025-08-29 15:13:40.781] [DEBUG] 发送数据: A5 60 9F A5 01 0D 3B 40 33 33 33 97 65 37 33 33 33 33 33 92 55
[2025-08-29 15:13:40.820] [DEBUG] 接收数据超时
[2025-08-29 15:13:40.839] [INFO] 结果: FAIL | 用时: 0.297s
[2025-08-29 15:13:40.853] [INFO] ==== 执行用例 #5 ====
[2025-08-29 15:13:40.870] [INFO] 参数: {'screen_on': 1, 'brightness': 6, 'digital': 100, 'logo': 1, 'rim_state': 0, 'rdygo': 2, 'turn_left': 0, 'turn_right': 0, 'ring': 2} | 备注: nan
[2025-08-29 15:13:40.923] [DEBUG] 修改后的LED显示信息:
[2025-08-29 15:13:40.942] [INFO]   屏幕状态: 开
  亮度级别: 6
  数字显示: 100
  LOGO状态: 1 (0关, 1白, 2红)
  护盾状态: 0 (0关, 1白, 2绿)
  ReadyGo状态: 2 (0关, 1白, 2红)
  左转向灯: 0 (0关, 1白, 2橙)
  右转向灯: 0 (0关, 1白, 2橙)
  灯环状态: 2 (0关, 1蓝, 2红)
[2025-08-29 15:13:40.971] [DEBUG] 组包成功，数据长度: 21 字节
[2025-08-29 15:13:40.987] [DEBUG] 发送数据: A5 60 9F A5 03 0D 3B 40 33 33 33 17 43 37 33 33 33 33 33 26 55
[2025-08-29 15:13:41.022] [DEBUG] 接收数据超时
[2025-08-29 15:13:41.037] [DEBUG] 组包成功，数据长度: 21 字节
[2025-08-29 15:13:41.052] [DEBUG] 发送数据: A5 60 9F A5 01 0D 3B 40 33 33 33 17 43 37 33 33 33 33 33 61 55
[2025-08-29 15:13:41.085] [DEBUG] 接收数据超时
[2025-08-29 15:13:41.128] [INFO] 结果: FAIL | 用时: 0.275s
[2025-08-29 15:13:41.144] [INFO] ==== 执行用例 #6 ====
[2025-08-29 15:13:41.161] [INFO] 参数: {'screen_on': 1, 'brightness': 6, 'digital': 100, 'logo': 2, 'rim_state': 0, 'rdygo': 2, 'turn_left': 2, 'turn_right': 0, 'ring': 2} | 备注: nan
[2025-08-29 15:13:41.215] [DEBUG] 修改后的LED显示信息:
[2025-08-29 15:13:41.235] [INFO]   屏幕状态: 开
  亮度级别: 6
  数字显示: 100
  LOGO状态: 2 (0关, 1白, 2红)
  护盾状态: 0 (0关, 1白, 2绿)
  ReadyGo状态: 2 (0关, 1白, 2红)
  左转向灯: 2 (0关, 1白, 2橙)
  右转向灯: 0 (0关, 1白, 2橙)
  灯环状态: 2 (0关, 1蓝, 2红)
[2025-08-29 15:13:41.267] [DEBUG] 组包成功，数据长度: 21 字节
[2025-08-29 15:13:41.286] [DEBUG] 发送数据: A5 60 9F A5 03 0D 3B 40 33 33 33 97 84 37 33 33 33 33 33 A1 55
[2025-08-29 15:13:41.330] [DEBUG] 接收数据超时
[2025-08-29 15:13:41.350] [DEBUG] 组包成功，数据长度: 21 字节
[2025-08-29 15:13:41.371] [DEBUG] 发送数据: A5 60 9F A5 01 0D 3B 40 33 33 33 97 84 37 33 33 33 33 33 E6 55
[2025-08-29 15:13:41.406] [DEBUG] 接收数据超时
[2025-08-29 15:13:41.423] [INFO] 结果: FAIL | 用时: 0.279s
[2025-08-29 15:13:41.442] [INFO] ==== 执行用例 #7 ====
[2025-08-29 15:13:41.455] [INFO] 参数: {'screen_on': 1, 'brightness': 7, 'digital': 50, 'logo': 0, 'rim_state': 0, 'rdygo': 1, 'turn_left': 2, 'turn_right': 0, 'ring': 2} | 备注: nan
[2025-08-29 15:13:41.509] [DEBUG] 修改后的LED显示信息:
[2025-08-29 15:13:41.524] [INFO]   屏幕状态: 开
  亮度级别: 7
  数字显示: 50
  LOGO状态: 0 (0关, 1白, 2红)
  护盾状态: 0 (0关, 1白, 2绿)
  ReadyGo状态: 1 (0关, 1白, 2红)
  左转向灯: 2 (0关, 1白, 2橙)
  右转向灯: 0 (0关, 1白, 2橙)
  灯环状态: 2 (0关, 1蓝, 2红)
[2025-08-29 15:13:41.554] [DEBUG] 组包成功，数据长度: 21 字节
[2025-08-29 15:13:41.572] [DEBUG] 发送数据: A5 60 9F A5 03 0D 3B 42 33 33 33 65 7B 37 33 33 33 33 33 2A 55
[2025-08-29 15:13:41.607] [DEBUG] 接收数据超时
[2025-08-29 15:13:41.624] [DEBUG] 组包成功，数据长度: 21 字节
[2025-08-29 15:13:41.641] [DEBUG] 发送数据: A5 60 9F A5 01 0D 3B 42 33 33 33 65 7B 37 33 33 33 33 33 6D 55
[2025-08-29 15:13:41.672] [DEBUG] 接收数据超时
[2025-08-29 15:13:41.687] [INFO] 结果: FAIL | 用时: 0.245s
[2025-08-29 15:13:41.704] [INFO] ==== 执行用例 #8 ====
[2025-08-29 15:13:41.719] [INFO] 参数: {'screen_on': 1, 'brightness': 7, 'digital': 50, 'logo': 0, 'rim_state': 1, 'rdygo': 1, 'turn_left': 1, 'turn_right': 1, 'ring': 1} | 备注: nan
[2025-08-29 15:13:41.773] [DEBUG] 修改后的LED显示信息:
[2025-08-29 15:13:41.792] [INFO]   屏幕状态: 开
  亮度级别: 7
  数字显示: 50
  LOGO状态: 0 (0关, 1白, 2红)
  护盾状态: 1 (0关, 1白, 2绿)
  ReadyGo状态: 1 (0关, 1白, 2红)
  左转向灯: 1 (0关, 1白, 2橙)
  右转向灯: 1 (0关, 1白, 2橙)
  灯环状态: 1 (0关, 1蓝, 2红)
[2025-08-29 15:13:41.823] [DEBUG] 组包成功，数据长度: 21 字节
[2025-08-29 15:13:41.842] [DEBUG] 发送数据: A5 60 9F A5 03 0D 3B 42 33 33 33 65 DD 35 33 33 33 33 33 B1 55
[2025-08-29 15:13:41.883] [DEBUG] 接收数据超时
[2025-08-29 15:13:41.901] [DEBUG] 组包成功，数据长度: 21 字节
[2025-08-29 15:13:41.921] [DEBUG] 发送数据: A5 60 9F A5 01 0D 3B 42 33 33 33 65 DD 35 33 33 33 33 33 F6 55
[2025-08-29 15:13:41.958] [DEBUG] 接收数据超时
[2025-08-29 15:13:41.973] [INFO] 结果: FAIL | 用时: 0.269s
[2025-08-29 15:13:41.991] [INFO] ==== 执行用例 #9 ====
[2025-08-29 15:13:42.003] [INFO] 参数: {'screen_on': 1, 'brightness': 7, 'digital': 50, 'logo': 1, 'rim_state': 1, 'rdygo': 2, 'turn_left': 0, 'turn_right': 0, 'ring': 1} | 备注: nan
[2025-08-29 15:13:42.055] [DEBUG] 修改后的LED显示信息:
[2025-08-29 15:13:42.077] [INFO]   屏幕状态: 开
  亮度级别: 7
  数字显示: 50
  LOGO状态: 1 (0关, 1白, 2红)
  护盾状态: 1 (0关, 1白, 2绿)
  ReadyGo状态: 2 (0关, 1白, 2红)
  左转向灯: 0 (0关, 1白, 2橙)
  右转向灯: 0 (0关, 1白, 2橙)
  灯环状态: 1 (0关, 1蓝, 2红)
[2025-08-29 15:13:42.107] [DEBUG] 组包成功，数据长度: 21 字节
[2025-08-29 15:13:42.124] [DEBUG] 发送数据: A5 60 9F A5 03 0D 3B 42 33 33 33 E5 45 35 33 33 33 33 33 11 55
[2025-08-29 15:13:42.161] [DEBUG] 接收数据超时
[2025-08-29 15:13:42.180] [DEBUG] 组包成功，数据长度: 21 字节
[2025-08-29 15:13:42.198] [DEBUG] 发送数据: A5 60 9F A5 01 0D 3B 42 33 33 33 E5 45 35 33 33 33 33 33 56 55
[2025-08-29 15:13:42.230] [DEBUG] 接收数据超时
[2025-08-29 15:13:42.245] [INFO] 结果: FAIL | 用时: 0.254s
[2025-08-29 15:13:42.259] [INFO] ==== 执行用例 #10 ====
[2025-08-29 15:13:42.272] [INFO] 参数: {'screen_on': 1, 'brightness': 7, 'digital': 50, 'logo': 2, 'rim_state': 0, 'rdygo': 1, 'turn_left': 0, 'turn_right': 1, 'ring': 0} | 备注: nan
[2025-08-29 15:13:42.314] [DEBUG] 修改后的LED显示信息:
[2025-08-29 15:13:42.331] [INFO]   屏幕状态: 开
  亮度级别: 7
  数字显示: 50
  LOGO状态: 2 (0关, 1白, 2红)
  护盾状态: 0 (0关, 1白, 2绿)
  ReadyGo状态: 1 (0关, 1白, 2红)
  左转向灯: 0 (0关, 1白, 2橙)
  右转向灯: 1 (0关, 1白, 2橙)
  灯环状态: 0 (0关, 1蓝, 2红)
[2025-08-29 15:13:42.362] [DEBUG] 组包成功，数据长度: 21 字节
[2025-08-29 15:13:42.381] [DEBUG] 发送数据: A5 60 9F A5 03 0D 3B 42 33 33 33 65 BC 33 33 33 33 33 33 1D 55
[2025-08-29 15:13:42.424] [DEBUG] 接收数据超时
[2025-08-29 15:13:42.445] [DEBUG] 组包成功，数据长度: 21 字节
[2025-08-29 15:13:42.463] [DEBUG] 发送数据: A5 60 9F A5 01 0D 3B 42 33 33 33 65 BC 33 33 33 33 33 33 5A 55
[2025-08-29 15:13:42.503] [DEBUG] 接收数据超时
[2025-08-29 15:13:42.518] [INFO] 结果: FAIL | 用时: 0.259s
[2025-08-29 15:13:42.535] [INFO] ==== 执行用例 #11 ====
[2025-08-29 15:13:42.550] [INFO] 参数: {'screen_on': 1, 'brightness': 7, 'digital': 100, 'logo': 1, 'rim_state': 0, 'rdygo': 1, 'turn_left': 0, 'turn_right': 2, 'ring': 2} | 备注: nan
[2025-08-29 15:13:42.599] [DEBUG] 修改后的LED显示信息:
[2025-08-29 15:13:42.620] [INFO]   屏幕状态: 开
  亮度级别: 7
  数字显示: 100
  LOGO状态: 1 (0关, 1白, 2红)
  护盾状态: 0 (0关, 1白, 2绿)
  ReadyGo状态: 1 (0关, 1白, 2红)
  左转向灯: 0 (0关, 1白, 2橙)
  右转向灯: 2 (0关, 1白, 2橙)
  灯环状态: 2 (0关, 1蓝, 2红)
[2025-08-29 15:13:42.649] [DEBUG] 组包成功，数据长度: 21 字节
[2025-08-29 15:13:42.666] [DEBUG] 发送数据: A5 60 9F A5 03 0D 3B 42 33 33 33 17 3B 38 33 33 33 33 33 BB 55
[2025-08-29 15:13:42.709] [DEBUG] 接收数据超时
[2025-08-29 15:13:42.726] [DEBUG] 组包成功，数据长度: 21 字节
[2025-08-29 15:13:42.746] [DEBUG] 发送数据: A5 60 9F A5 01 0D 3B 42 33 33 33 17 3B 38 33 33 33 33 33 FC 55
[2025-08-29 15:13:42.778] [DEBUG] 接收数据超时
[2025-08-29 15:13:42.791] [INFO] 结果: FAIL | 用时: 0.257s
[2025-08-29 15:13:42.805] [INFO] ==== 执行用例 #12 ====
[2025-08-29 15:13:42.819] [INFO] 参数: {'screen_on': 1, 'brightness': 7, 'digital': 100, 'logo': 1, 'rim_state': 0, 'rdygo': 2, 'turn_left': 1, 'turn_right': 0, 'ring': 0} | 备注: nan
[2025-08-29 15:13:42.861] [DEBUG] 修改后的LED显示信息:
[2025-08-29 15:13:42.879] [INFO]   屏幕状态: 开
  亮度级别: 7
  数字显示: 100
  LOGO状态: 1 (0关, 1白, 2红)
  护盾状态: 0 (0关, 1白, 2绿)
  ReadyGo状态: 2 (0关, 1白, 2红)
  左转向灯: 1 (0关, 1白, 2橙)
  右转向灯: 0 (0关, 1白, 2橙)
  灯环状态: 0 (0关, 1蓝, 2红)
[2025-08-29 15:13:42.905] [DEBUG] 组包成功，数据长度: 21 字节
[2025-08-29 15:13:42.924] [DEBUG] 发送数据: A5 60 9F A5 03 0D 3B 42 33 33 33 17 63 33 33 33 33 33 33 91 55
[2025-08-29 15:13:42.967] [DEBUG] 接收数据超时
[2025-08-29 15:13:42.986] [DEBUG] 组包成功，数据长度: 21 字节
[2025-08-29 15:13:43.002] [DEBUG] 发送数据: A5 60 9F A5 01 0D 3B 42 33 33 33 17 63 33 33 33 33 33 33 D6 55
[2025-08-29 15:13:43.035] [DEBUG] 接收数据超时
[2025-08-29 15:13:43.052] [INFO] 结果: FAIL | 用时: 0.248s
[2025-08-29 15:13:43.067] [INFO] ==== 执行用例 #13 ====
[2025-08-29 15:13:43.081] [INFO] 参数: {'screen_on': 1, 'brightness': 7, 'digital': 100, 'logo': 1, 'rim_state': 0, 'rdygo': 2, 'turn_left': 1, 'turn_right': 0, 'ring': 2} | 备注: nan
[2025-08-29 15:13:43.130] [DEBUG] 修改后的LED显示信息:
[2025-08-29 15:13:43.151] [INFO]   屏幕状态: 开
  亮度级别: 7
  数字显示: 100
  LOGO状态: 1 (0关, 1白, 2红)
  护盾状态: 0 (0关, 1白, 2绿)
  ReadyGo状态: 2 (0关, 1白, 2红)
  左转向灯: 1 (0关, 1白, 2橙)
  右转向灯: 0 (0关, 1白, 2橙)
  灯环状态: 2 (0关, 1蓝, 2红)
[2025-08-29 15:13:43.184] [DEBUG] 组包成功，数据长度: 21 字节
[2025-08-29 15:13:43.204] [DEBUG] 发送数据: A5 60 9F A5 03 0D 3B 42 33 33 33 17 63 37 33 33 33 33 33 C4 55
[2025-08-29 15:13:43.244] [DEBUG] 接收数据超时
[2025-08-29 15:13:43.260] [DEBUG] 组包成功，数据长度: 21 字节
[2025-08-29 15:13:43.277] [DEBUG] 发送数据: A5 60 9F A5 01 0D 3B 42 33 33 33 17 63 37 33 33 33 33 33 83 55
[2025-08-29 15:13:43.315] [DEBUG] 接收数据超时
[2025-08-29 15:13:43.330] [INFO] 结果: FAIL | 用时: 0.263s
[2025-08-29 15:13:43.341] [INFO] ==== 执行用例 #14 ====
[2025-08-29 15:13:43.354] [INFO] 参数: {'screen_on': 1, 'brightness': 7, 'digital': 100, 'logo': 1, 'rim_state': 2, 'rdygo': 1, 'turn_left': 1, 'turn_right': 0, 'ring': 2} | 备注: nan
[2025-08-29 15:13:43.404] [DEBUG] 修改后的LED显示信息:
[2025-08-29 15:13:43.424] [INFO]   屏幕状态: 开
  亮度级别: 7
  数字显示: 100
  LOGO状态: 1 (0关, 1白, 2红)
  护盾状态: 2 (0关, 1白, 2绿)
  ReadyGo状态: 1 (0关, 1白, 2红)
  左转向灯: 1 (0关, 1白, 2橙)
  右转向灯: 0 (0关, 1白, 2橙)
  灯环状态: 2 (0关, 1蓝, 2红)
[2025-08-29 15:13:43.455] [DEBUG] 组包成功，数据长度: 21 字节
[2025-08-29 15:13:43.473] [DEBUG] 发送数据: A5 60 9F A5 03 0D 3B 42 33 33 33 17 5F 37 33 33 33 33 33 37 55
[2025-08-29 15:13:43.516] [DEBUG] 接收数据超时
[2025-08-29 15:13:43.535] [DEBUG] 组包成功，数据长度: 21 字节
[2025-08-29 15:13:43.554] [DEBUG] 发送数据: A5 60 9F A5 01 0D 3B 42 33 33 33 17 5F 37 33 33 33 33 33 70 55
[2025-08-29 15:13:43.590] [DEBUG] 接收数据超时
[2025-08-29 15:13:43.606] [INFO] 结果: FAIL | 用时: 0.266s
[2025-08-29 15:13:43.622] [INFO] 开始压力循环: 次数=1, 间隔=0.5s, 参数={'screen_on': 1, 'brightness': 5, 'digital': 50, 'logo': 1, 'rim_state': 0, 'rdygo': 1, 'turn_left': 1, 'turn_right': 1, 'ring': 0}
[2025-08-29 15:13:43.670] [DEBUG] 修改后的LED显示信息:
[2025-08-29 15:13:43.688] [INFO]   屏幕状态: 开
  亮度级别: 5
  数字显示: 50
  LOGO状态: 1 (0关, 1白, 2红)
  护盾状态: 0 (0关, 1白, 2绿)
  ReadyGo状态: 1 (0关, 1白, 2红)
  左转向灯: 1 (0关, 1白, 2橙)
  右转向灯: 1 (0关, 1白, 2橙)
  灯环状态: 0 (0关, 1蓝, 2红)
[2025-08-29 15:13:43.717] [DEBUG] 组包成功，数据长度: 21 字节
[2025-08-29 15:13:43.730] [DEBUG] 发送数据: A5 60 9F A5 03 0D 3B 3E 33 33 33 E5 DB 33 33 33 33 33 33 67 55
[2025-08-29 15:13:43.764] [DEBUG] 接收数据: A5 60 9F A5 83 55 33 93 7F 63 64 33 33 33 33 33 33 33 33 33 33 33 33 33 33 33 33 33 33 33 33 33 33 33 33 33 33 33 33 33 33 33 33 89 66 69 66 65 85 64 63 64 76 63 64 92 75 A7 63 65 33 33 33 33 33 37 33 36 33 33 33 3E 33 33 33 E5 DB 33 33 33 33 33 33 33 33 33 33 33 33 33 33 19 55 A5 60 9F A5 81 0D 3B 3E 33 33 33 E5 DB 33 33 33 33 33 33 17 55 A5 60 9F A5 83 55 33 93 7F 63 64 33 33 33 33 33 33 33 33 33 33 33 33 33 33 33 33 33 33 33 33 33 33 33 33 33 33 33 33 33 33 33 33 89 66 69 66 65 85 64 63 64 76 63 64 92 75 A7 63 65 33 33 33 33 33 37 33 37 33 33 33 40 33 33 33 E5 5D 33 33 33 33 33 33 33 33 33 33 33 33 33 33 0C 55 A5 60 9F A5 81 0D 3B 40 33 33 33 E5 5D 33 33 33 33 33 33 93 55 A5 60 9F A5 83 55 33 93 7F 63 64 33 33 33 33 33 33 33 33 33 33 33 33 33 33 33 33 33 33 33 33 33 33 33 33 33 33 33 33 33 33 33 33 89 66 69 66 65 85 64 63 64 76 63 64 92 75 A7 63 65 33 33 33 33 33 37 33 36 33 33 33 40 33 33 33 65 68 34 33 33 33 33 33 33 33 33 33 33 33 33 33 74 55 A5 60 9F A5 81 0D 3B 40 33 33 33 65 68 34 33 33 33 33 33 C8 55 A5 60 9F A5 83 55 33 93 7F 63 64 33 33 33 33 33 33 33 33 33 33 33 33 33 33 33 33 33 33 33 33 33 33 33 33 33 33 33 33 33 33 33 33 89 66 69 66 65 85 64 63 64 76 63 64 92 75 A7 63 65 33 33 33 33 33 37 33 37 33 33 33 40 33 33 33 97 65 37 33 33 33 33 33 33 33 33 33 33 33 33 33 8F 55 A5 60 9F A5 81 0D 3B 40 33 33 33 97 65 37 33 33 33 33 33 A5 55 A5 60 9F A5 83 55 33 93 7F 63 64 33 33 33 33 33 33 33 33 33 33 33 33 33 33 33 33 33 33 33 33 33 33 33 33 33 33 33 33 33 33 33 33 89 66 69 66 65 85 64 63 64 76 63 64 92 75 A7 63 65 33 33 33 33 33 37 33 36 33 33 33 40 33 33 33 17 43 37 33 33 33 33 33 33 33 33 33 33 33 33 33 AF 55 A5 60 9F A5 81 0D 3B 40 33 33 33 17 43 37 33 33 33 33 33 56 55 A5 60 9F A5 83 55 33 93 7F 63 64 33 33 33 33 33 33 33 33 33 33 33 33 33 33 33 33 33 33 33 33 33 33 33 33 33 33 33 33 33 33 33 33 89 66 69 66 65 85 64 63 64 76 63 64 92 75 A7 63 65 33 33 33 33 33 37 33 37 33 33 33 40 33 33 33 97 84 37 33 33 33 33 33 33 33 33 33 33 33 33 33 84 55 A5 60 9F A5 81 0D 3B 40 33 33 33 97 84 37 33 33 33 33 33 D1 55 A5 60 9F A5 83 55 33 93 7F 63 64 33 33 33 33 33 33 33 33 33 33 33 33 33 33 33 33 33 33 33 33 33 33 33 33 33 33 33 33 33 33 33 33 89 66 69 66 65 85 64 63 64 76 63 64 92 75 A7 63 65 33 33 33 33 33 37 33 37 33 33 33 42 33 33 33 65 7B 37 33 33 33 33 33 33 33 33 33 33 33 33 33 EF 55 A5 60 9F A5 81 0D 3B 42 33 33 33 65 7B 37 33 33 33 33 33 5A 55 A5 60 9F A5 83 55 33 93 7F 63 64 33 33 33 33 33 33 33 33 33 33 33 33 33 33 33 33 33 33 33 33 33 33 33 33 33 33 33 33 33 33 33 33 89 66 69 66 65 85 64 63 64 76 63 64 92 75 A7 63 65 33 33 33 33 33 37 33 37 33 33 33 42 33 33 33 65 DD 35 33 33 33 33 33 33 33 33 33 33 33 33 33 D4 55 A5 60 9F A5 81 0D 3B 42 33 33 33 65 DD 35 33 33 33 33 33 C1 55 A5 60 9F A5 83 55 33 93 7F 63 64 33 33 33 33 33 33 33 33 33 33 33 33 33 33 33 33 33 33 33 33 33 33 33 33 33 33 33 33 33 33 33 33 89 66 69 66 65 85 64 63 64 76 63 64 92 75 A7 63 65 33 33 33 33 33 37 33 37 33 33 33 42 33 33 33 E5 45 35 33 33 33 33 33 33 33 33 33 33 33 33 33 F8 55 A5 60 9F A5 81 0D 3B 42 33 33 33 E5 45 35 33 33 33 33 33 61 55 A5 60 9F A5 83 55 33 93 7F 63 64 33 33 33 33 33 33 33 33 33 33 33 33 33 33 33 33 33 33 33 33 33 33 33 33 33 33 33 33 33 33 33 33 89 66 69 66 65 85 64 63 64 76 63 64 92 75 A7 63 65 33 33 33 33 33 37 33 37 33 33 33 42 33 33 33 65 BC 33 33 33 33 33 33 33 33 33 33 33 33 33 33 B6 55 A5 60 9F A5 81 0D 3B 42 33 33 33 65 BC 33 33 33 33 33 33 6D 55 A5 60 9F A5 83 55 33 93 7F 63 64 33 33 33 33 33 33 33 33 33 33 33 33 33 33 33 33 33 33 33 33 33 33 33 33 33 33 33 33 33 33 33 33 89 66 69 66 65 85 64 63 64 76 63 64 92 75 A7 63 65 33 33 33 33 33 37 33 37 33 33 33 42 33 33 33 17 3B 38 33 33 33 33 33 33 33 33 33 33 33 33 33 EF 55 A5 60 9F A5 81 0D 3B 42 33 33 33 17 3B 38 33 33 33 33 33 CB 55 A5 60 9F A5 83 55 33 93 7F 63 64 33 33 33 33 33 33 33 33 33 33 33 33 33 33 33 33 33 33 33 33 33 33 33 33 33 33 33 33 33 33 33 33 89 66 69 66 65 85 64 63 64 76 63 64 92 75 A7 63 65 33 33 33 33 33 37 33 36 33 33 33 42 33 33 33 17 63 33 33 33 33 33 33 33 33 33 33 33 33 33 33 9D 55 A5 60 9F A5 81 0D 3B 42 33 33 33 17 63 33 33 33 33 33 33 E1 55 A5 60 9F A5 83 55 33 93 7F 63 64 33 33 33 33 33 33 33 33 33 33 33 33 33 33 33 33 33 33 33 33 33 33 33 33 33 33 33 33 33 33 33 33 89 66 69 66 65 85 64 63 64 76 63 64 92 75 A7 63 65 33 33 33 33 33 37 33 37 33 33 33 42 33 33 33 17 63 37 33 33 33 33 33 33 33 33 33 33 33 33 33 F7 55 A5 60 9F A5 81 0D 3B 42 33 33 33 17 63 37 33 33 33 33 33 B4 55 A5 60 9F A5 83 55 33 93 7F 63 64 33 33 33 33 33 33 33 33 33 33 33 33 33 33 33 33 33 33 33 33 33 33 33 33 33 33 33 33 33 33 33 33 89 66 69 66 65 85 64 63 64 76 63 64 92 75 A7 63 65 33 33 33 33 33 37 33 36 33 33 33 42 33 33 33 17 5F 37 33 33 33 33 33 33 33 33 33 33 33 33 33 8B 55 A5 60 9F A5 81 0D 3B 42 33 33 33 17 5F 37 33 33 33 33 33 47 55
[2025-08-29 15:13:43.807] [ERROR] 数据解析失败，返回码: 0
[2025-08-29 15:13:44.571] [INFO] [循环 1/1] 发送 OK
[2025-08-29 15:13:45.145] [INFO] 已保存结果: reports\2025-08-29_15-13-39\results.csv
[2025-08-29 15:13:45.327] [INFO] 已生成报告: reports\2025-08-29_15-13-39\report.html
[2025-08-29 15:13:45.483] [DEBUG] 串口已关闭
[2025-08-29 15:13:45.551] [INFO] 程序结束
