[2025-08-28 19:35:24.189] [INFO] 初始化 BLE 协议通信...
[2025-08-28 19:35:24.364] [INFO] 加载用例 2 条 来自: testcases.xlsx
[2025-08-28 19:35:24.379] [INFO] ==== 执行用例 #1 ====
[2025-08-28 19:35:24.380] [INFO] 参数: {'screen_on': 1, 'brightness': 7, 'digital': 22, 'logo': 1, 'rim_state': 0, 'rdygo': 0, 'turn_left': 0, 'turn_right': 0, 'ring': 0} | 备注: 关闭显示，校验全部为0（除 brightness）
[2025-08-28 19:35:24.397] [DEBUG] 修改后的LED显示信息:
[2025-08-28 19:35:24.405] [INFO]   屏幕状态: 开
  亮度级别: 7
  数字显示: 22
  LOGO状态: 1 (0关, 1白, 2红)
  护盾状态: 0 (0关, 1白, 2绿)
  ReadyGo状态: 0 (0关, 1白, 2红)
  左转向灯: 0 (0关, 1白, 2橙)
  右转向灯: 0 (0关, 1白, 2橙)
  灯环状态: 0 (0关, 1蓝, 2红)
[2025-08-28 19:35:24.424] [DEBUG] 组包成功，数据长度: 21 字节
[2025-08-28 19:35:24.432] [DEBUG] 发送数据: A5 60 9F A5 03 0D 3B 42 33 33 33 C9 33 33 33 33 33 33 33 45 55
[2025-08-28 19:35:25.450] [DEBUG] 接收数据: A5 60 9F A5 83 55 33 93 7F 63 64 33 33 33 33 33 33 33 33 33 33 33 33 33 33 33 33 33 33 33 33 33 33 33 33 33 33 33 33 33 33 33 33 89 66 69 66 65 85 64 63 64 76 63 64 92 75 A7 63 65 33 33 33 33 33 37 33 36 33 33 33 42 33 33 33 C9 33 33 33 33 33 33 33 33 33 33 33 33 33 33 33 D9 55
[2025-08-28 19:35:25.493] [DEBUG] 数据解析成功:
[2025-08-28 19:35:25.493] [INFO]   ID: 0x60
  命令: 0x83 (读)
  寄存器地址: 0x00
  寄存器数量: 0
[2025-08-28 19:35:25.528] [DEBUG] 组包成功，数据长度: 21 字节
[2025-08-28 19:35:25.539] [DEBUG] 发送数据: A5 60 9F A5 01 0D 3B 42 33 33 33 C9 33 33 33 33 33 33 33 02 55
[2025-08-28 19:35:26.570] [DEBUG] 接收数据: A5 60 9F A5 81 0D 3B 42 33 33 33 C9 33 33 33 33 33 33 33 35 55
[2025-08-28 19:35:26.605] [DEBUG] 数据解析成功:
[2025-08-28 19:35:26.623] [INFO]   ID: 0x60
  命令: 0x81 (读)
  寄存器地址: 0x08
  寄存器数量: 0
[2025-08-28 19:35:26.643] [INFO] 
全局变量中的LED显示信息已更新:
[2025-08-28 19:35:26.659] [INFO]   屏幕状态: 开
  亮度级别: 7
  数字显示: 22
  LOGO状态: 1 (0关, 1白, 2红)
  护盾状态: 0 (0关, 1白, 2绿)
  ReadyGo状态: 0 (0关, 1白, 2红)
  左转向灯: 0 (0关, 1白, 2橙)
  右转向灯: 0 (0关, 1白, 2橙)
  灯环状态: 0 (0关, 1蓝, 2红)
[2025-08-28 19:35:26.686] [INFO] 结果: PASS | 用时: 2.307s
[2025-08-28 19:35:26.897] [INFO] ==== 执行用例 #2 ====
[2025-08-28 19:35:26.942] [INFO] 参数: {'screen_on': 1, 'brightness': 4, 'digital': 11, 'logo': 1, 'rim_state': 0, 'rdygo': 0, 'turn_left': 0, 'turn_right': 0, 'ring': 0} | 备注: 关闭显示，校验全部为0（除 brightness）
[2025-08-28 19:35:26.958] [DEBUG] 修改后的LED显示信息:
[2025-08-28 19:35:26.983] [INFO]   屏幕状态: 开
  亮度级别: 4
  数字显示: 11
  LOGO状态: 1 (0关, 1白, 2红)
  护盾状态: 0 (0关, 1白, 2绿)
  ReadyGo状态: 0 (0关, 1白, 2红)
  左转向灯: 0 (0关, 1白, 2橙)
  右转向灯: 0 (0关, 1白, 2橙)
  灯环状态: 0 (0关, 1蓝, 2红)
[2025-08-28 19:35:26.998] [DEBUG] 组包成功，数据长度: 21 字节
[2025-08-28 19:35:27.007] [DEBUG] 发送数据: A5 60 9F A5 03 0D 3B 3C 33 33 33 BE 33 33 33 33 33 33 33 8E 55
[2025-08-28 19:35:28.031] [DEBUG] 接收数据: A5 60 9F A5 83 55 33 93 7F 63 64 33 33 33 33 33 33 33 33 33 33 33 33 33 33 33 33 33 33 33 33 33 33 33 33 33 33 33 33 33 33 33 33 89 66 69 66 65 85 64 63 64 76 63 64 92 75 A7 63 65 33 33 33 33 33 37 33 36 33 33 33 3C 33 33 33 BE 33 33 33 33 33 33 33 33 33 33 33 33 33 33 33 4C 55
[2025-08-28 19:35:28.127] [DEBUG] 数据解析成功:
[2025-08-28 19:35:28.140] [INFO]   ID: 0x60
  命令: 0x83 (读)
  寄存器地址: 0x00
  寄存器数量: 0
[2025-08-28 19:35:28.161] [DEBUG] 组包成功，数据长度: 21 字节
[2025-08-28 19:35:28.176] [DEBUG] 发送数据: A5 60 9F A5 01 0D 3B 3C 33 33 33 BE 33 33 33 33 33 33 33 C9 55
[2025-08-28 19:35:29.197] [DEBUG] 接收数据: A5 60 9F A5 81 0D 3B 3C 33 33 33 BE 33 33 33 33 33 33 33 FE 55
[2025-08-28 19:35:29.224] [DEBUG] 数据解析成功:
[2025-08-28 19:35:29.244] [INFO]   ID: 0x60
  命令: 0x81 (读)
  寄存器地址: 0x08
  寄存器数量: 0
[2025-08-28 19:35:29.269] [INFO] 
全局变量中的LED显示信息已更新:
[2025-08-28 19:35:29.286] [INFO]   屏幕状态: 开
  亮度级别: 4
  数字显示: 11
  LOGO状态: 1 (0关, 1白, 2红)
  护盾状态: 0 (0关, 1白, 2绿)
  ReadyGo状态: 0 (0关, 1白, 2红)
  左转向灯: 0 (0关, 1白, 2橙)
  右转向灯: 0 (0关, 1白, 2橙)
  灯环状态: 0 (0关, 1蓝, 2红)
[2025-08-28 19:35:29.305] [INFO] 结果: PASS | 用时: 2.408s
[2025-08-28 19:35:29.516] [INFO] 开始压力循环: 次数=1, 间隔=0.5s, 参数={'screen_on': 1, 'brightness': 7, 'digital': 22, 'logo': 1, 'rim_state': 0, 'rdygo': 0, 'turn_left': 0, 'turn_right': 0, 'ring': 0}
[2025-08-28 19:35:29.552] [DEBUG] 修改后的LED显示信息:
[2025-08-28 19:35:29.569] [INFO]   屏幕状态: 开
  亮度级别: 7
  数字显示: 22
  LOGO状态: 1 (0关, 1白, 2红)
  护盾状态: 0 (0关, 1白, 2绿)
  ReadyGo状态: 0 (0关, 1白, 2红)
  左转向灯: 0 (0关, 1白, 2橙)
  右转向灯: 0 (0关, 1白, 2橙)
  灯环状态: 0 (0关, 1蓝, 2红)
[2025-08-28 19:35:29.584] [DEBUG] 组包成功，数据长度: 21 字节
[2025-08-28 19:35:29.593] [DEBUG] 发送数据: A5 60 9F A5 03 0D 3B 42 33 33 33 C9 33 33 33 33 33 33 33 45 55
[2025-08-28 19:35:30.618] [DEBUG] 接收数据: A5 60 9F A5 83 55 33 93 7F 63 64 33 33 33 33 33 33 33 33 33 33 33 33 33 33 33 33 33 33 33 33 33 33 33 33 33 33 33 33 33 33 33 33 89 66 69 66 65 85 64 63 64 76 63 64 92 75 A7 63 65 33 33 33 33 33 37 33 36 33 33 33 42 33 33 33 C9 33 33 33 33 33 33 33 33 33 33 33 33 33 33 33 D9 55
[2025-08-28 19:35:30.695] [DEBUG] 数据解析成功:
[2025-08-28 19:35:30.712] [INFO]   ID: 0x60
  命令: 0x83 (读)
  寄存器地址: 0x00
  寄存器数量: 0
[2025-08-28 19:35:30.754] [INFO] [循环 1/1] 发送 OK
[2025-08-28 19:35:31.281] [INFO] 已保存结果: reports\2025-08-28_19-35-24\results.csv
[2025-08-28 19:35:31.310] [INFO] 已生成报告: reports\2025-08-28_19-35-24\report.html
[2025-08-28 19:35:31.341] [DEBUG] 串口已关闭
[2025-08-28 19:35:31.359] [INFO] 程序结束
