[2025-08-29 16:10:42.095] [INFO] 初始化 BLE 协议通信...
[2025-08-29 16:10:42.153] [INFO] 生成排列组合用例 17496 条
[2025-08-29 16:10:42.171] [INFO] ==== 执行用例 #1 ====
[2025-08-29 16:10:42.175] [INFO] 参数: {'screen_on': 1, 'brightness': 0, 'digital': 0, 'logo': 0, 'rim_state': 0, 'rdygo': 0, 'turn_left': 0, 'turn_right': 0, 'ring': 0} | 备注: 
[2025-08-29 16:10:42.193] [DEBUG] 修改后的LED显示信息:
[2025-08-29 16:10:42.201] [INFO]   屏幕状态: 开
  亮度级别: 0
  数字显示: 0
  LOGO状态: 0 (0关, 1白, 2红)
  护盾状态: 0 (0关, 1白, 2绿)
  ReadyGo状态: 0 (0关, 1白, 2红)
  左转向灯: 0 (0关, 1白, 2橙)
  右转向灯: 0 (0关, 1白, 2橙)
  灯环状态: 0 (0关, 1蓝, 2红)
[2025-08-29 16:10:42.217] [DEBUG] 组包成功，数据长度: 21 字节
[2025-08-29 16:10:42.229] [DEBUG] 发送数据: A5 60 9F A5 03 0D 3B 34 33 33 33 33 33 33 33 33 33 33 33 C9 55
[2025-08-29 16:10:43.250] [DEBUG] 接收数据: A5 60 9F A5 83 55 33 93 7F 63 64 33 33 33 33 33 33 33 33 33 33 33 33 33 33 33 33 33 33 33 33 33 33 33 33 33 33 33 33 33 33 33 33 89 66 69 66 65 85 64 63 64 76 63 64 92 75 A7 63 65 33 33 33 33 33 37 33 36 33 33 33 34 33 33 33 33 33 33 33 33 33 33 33 33 33 33 33 33 33 33 33 28 55
[2025-08-29 16:10:43.292] [DEBUG] 数据解析成功:
[2025-08-29 16:10:43.305] [INFO]   ID: 0x60
  命令: 0x83 (读)
  寄存器地址: 0x00
  寄存器数量: 0
[2025-08-29 16:10:43.326] [DEBUG] 组包成功，数据长度: 21 字节
[2025-08-29 16:10:43.338] [DEBUG] 发送数据: A5 60 9F A5 01 0D 3B 34 33 33 33 33 33 33 33 33 33 33 33 8E 55
[2025-08-29 16:10:44.370] [DEBUG] 接收数据: A5 60 9F A5 81 0D 3B 34 33 33 33 33 33 33 33 33 33 33 33 B9 55
[2025-08-29 16:10:44.411] [DEBUG] 数据解析成功:
[2025-08-29 16:10:44.428] [INFO]   ID: 0x60
  命令: 0x81 (读)
  寄存器地址: 0x08
  寄存器数量: 0
[2025-08-29 16:10:44.448] [INFO] 
全局变量中的LED显示信息已更新:
[2025-08-29 16:10:44.469] [INFO]   屏幕状态: 开
  亮度级别: 0
  数字显示: 0
  LOGO状态: 0 (0关, 1白, 2红)
  护盾状态: 0 (0关, 1白, 2绿)
  ReadyGo状态: 0 (0关, 1白, 2红)
  左转向灯: 0 (0关, 1白, 2橙)
  右转向灯: 0 (0关, 1白, 2橙)
  灯环状态: 0 (0关, 1蓝, 2红)
[2025-08-29 16:10:44.487] [INFO] 结果: PASS | 用时: 2.316s
[2025-08-29 16:10:44.498] [INFO] ==== 执行用例 #2 ====
[2025-08-29 16:10:44.508] [INFO] 参数: {'screen_on': 1, 'brightness': 0, 'digital': 0, 'logo': 0, 'rim_state': 0, 'rdygo': 0, 'turn_left': 0, 'turn_right': 0, 'ring': 1} | 备注: 
[2025-08-29 16:10:44.536] [DEBUG] 修改后的LED显示信息:
[2025-08-29 16:10:44.549] [INFO]   屏幕状态: 开
  亮度级别: 0
  数字显示: 0
  LOGO状态: 0 (0关, 1白, 2红)
  护盾状态: 0 (0关, 1白, 2绿)
  ReadyGo状态: 0 (0关, 1白, 2红)
  左转向灯: 0 (0关, 1白, 2橙)
  右转向灯: 0 (0关, 1白, 2橙)
  灯环状态: 1 (0关, 1蓝, 2红)
[2025-08-29 16:10:44.567] [DEBUG] 组包成功，数据长度: 21 字节
[2025-08-29 16:10:44.574] [DEBUG] 发送数据: A5 60 9F A5 03 0D 3B 34 33 33 33 33 33 35 33 33 33 33 33 38 55
[2025-08-29 16:10:45.604] [DEBUG] 接收数据: A5 60 9F A5 83 55 33 93 7F 63 64 33 33 33 33 33 33 33 33 33 33 33 33 33 33 33 33 33 33 33 33 33 33 33 33 33 33 33 33 33 33 33 33 89 66 69 66 65 85 64 63 64 76 63 64 92 75 A7 63 65 33 33 33 33 33 37 33 37 33 33 33 34 33 33 33 33 33 35 33 33 33 33 33 33 33 33 33 33 33 33 33 83 55
[2025-08-29 16:10:45.648] [DEBUG] 数据解析成功:
[2025-08-29 16:10:45.661] [INFO]   ID: 0x60
  命令: 0x83 (读)
  寄存器地址: 0x00
  寄存器数量: 0
[2025-08-29 16:10:45.682] [DEBUG] 组包成功，数据长度: 21 字节
[2025-08-29 16:10:45.694] [DEBUG] 发送数据: A5 60 9F A5 01 0D 3B 34 33 33 33 33 33 35 33 33 33 33 33 7F 55
[2025-08-29 16:10:46.727] [DEBUG] 接收数据: A5 60 9F A5 81 0D 3B 34 33 33 33 33 33 35 33 33 33 33 33 48 55
[2025-08-29 16:10:46.763] [DEBUG] 数据解析成功:
[2025-08-29 16:10:46.783] [INFO]   ID: 0x60
  命令: 0x81 (读)
  寄存器地址: 0x08
  寄存器数量: 0
[2025-08-29 16:10:46.805] [INFO] 
全局变量中的LED显示信息已更新:
[2025-08-29 16:10:46.826] [INFO]   屏幕状态: 开
  亮度级别: 0
  数字显示: 0
  LOGO状态: 0 (0关, 1白, 2红)
  护盾状态: 0 (0关, 1白, 2绿)
  ReadyGo状态: 0 (0关, 1白, 2红)
  左转向灯: 0 (0关, 1白, 2橙)
  右转向灯: 0 (0关, 1白, 2橙)
  灯环状态: 1 (0关, 1蓝, 2红)
[2025-08-29 16:10:46.843] [INFO] 结果: PASS | 用时: 2.344s
[2025-08-29 16:10:46.851] [INFO] ==== 执行用例 #3 ====
[2025-08-29 16:10:46.859] [INFO] 参数: {'screen_on': 1, 'brightness': 0, 'digital': 0, 'logo': 0, 'rim_state': 0, 'rdygo': 0, 'turn_left': 0, 'turn_right': 0, 'ring': 2} | 备注: 
[2025-08-29 16:10:46.890] [DEBUG] 修改后的LED显示信息:
[2025-08-29 16:10:46.902] [INFO]   屏幕状态: 开
  亮度级别: 0
  数字显示: 0
  LOGO状态: 0 (0关, 1白, 2红)
  护盾状态: 0 (0关, 1白, 2绿)
  ReadyGo状态: 0 (0关, 1白, 2红)
  左转向灯: 0 (0关, 1白, 2橙)
  右转向灯: 0 (0关, 1白, 2橙)
  灯环状态: 2 (0关, 1蓝, 2红)
[2025-08-29 16:10:46.919] [DEBUG] 组包成功，数据长度: 21 字节
[2025-08-29 16:10:46.927] [DEBUG] 发送数据: A5 60 9F A5 03 0D 3B 34 33 33 33 33 33 37 33 33 33 33 33 9C 55
[2025-08-29 16:10:47.951] [DEBUG] 接收数据: A5 60 9F A5 83 55 33 93 7F 63 64 33 33 33 33 33 33 33 33 33 33 33 33 33 33 33 33 33 33 33 33 33 33 33 33 33 33 33 33 33 33 33 33 89 66 69 66 65 85 64 63 64 76 63 64 92 75 A7 63 65 33 33 33 33 33 37 33 38 33 33 33 34 33 33 33 33 33 37 33 33 33 33 33 33 33 33 33 33 33 33 33 06 55
[2025-08-29 16:10:47.996] [DEBUG] 数据解析成功:
[2025-08-29 16:10:48.008] [INFO]   ID: 0x60
  命令: 0x83 (读)
  寄存器地址: 0x00
  寄存器数量: 0
[2025-08-29 16:10:48.032] [DEBUG] 组包成功，数据长度: 21 字节
[2025-08-29 16:10:48.040] [DEBUG] 发送数据: A5 60 9F A5 01 0D 3B 34 33 33 33 33 33 37 33 33 33 33 33 DB 55
[2025-08-29 16:10:49.082] [DEBUG] 接收数据: A5 60 9F A5 81 0D 3B 34 33 33 33 33 33 37 33 33 33 33 33 EC 55
[2025-08-29 16:10:49.118] [DEBUG] 数据解析成功:
[2025-08-29 16:10:49.135] [INFO]   ID: 0x60
  命令: 0x81 (读)
  寄存器地址: 0x08
  寄存器数量: 0
[2025-08-29 16:10:49.156] [INFO] 
全局变量中的LED显示信息已更新:
[2025-08-29 16:10:49.178] [INFO]   屏幕状态: 开
  亮度级别: 0
  数字显示: 0
  LOGO状态: 0 (0关, 1白, 2红)
  护盾状态: 0 (0关, 1白, 2绿)
  ReadyGo状态: 0 (0关, 1白, 2红)
  左转向灯: 0 (0关, 1白, 2橙)
  右转向灯: 0 (0关, 1白, 2橙)
  灯环状态: 2 (0关, 1蓝, 2红)
[2025-08-29 16:10:49.192] [INFO] 结果: PASS | 用时: 2.341s
[2025-08-29 16:10:49.199] [INFO] ==== 执行用例 #4 ====
[2025-08-29 16:10:49.213] [INFO] 参数: {'screen_on': 1, 'brightness': 0, 'digital': 0, 'logo': 0, 'rim_state': 0, 'rdygo': 0, 'turn_left': 0, 'turn_right': 1, 'ring': 0} | 备注: 
[2025-08-29 16:10:49.245] [DEBUG] 修改后的LED显示信息:
[2025-08-29 16:10:49.258] [INFO]   屏幕状态: 开
  亮度级别: 0
  数字显示: 0
  LOGO状态: 0 (0关, 1白, 2红)
  护盾状态: 0 (0关, 1白, 2绿)
  ReadyGo状态: 0 (0关, 1白, 2红)
  左转向灯: 0 (0关, 1白, 2橙)
  右转向灯: 1 (0关, 1白, 2橙)
  灯环状态: 0 (0关, 1蓝, 2红)
[2025-08-29 16:10:49.271] [DEBUG] 组包成功，数据长度: 21 字节
[2025-08-29 16:10:49.282] [DEBUG] 发送数据: A5 60 9F A5 03 0D 3B 34 33 33 33 33 B3 33 33 33 33 33 33 E0 55
[2025-08-29 16:10:50.307] [DEBUG] 接收数据: A5 60 9F A5 83 55 33 93 7F 63 64 33 33 33 33 33 33 33 33 33 33 33 33 33 33 33 33 33 33 33 33 33 33 33 33 33 33 33 33 33 33 33 33 89 66 69 66 65 85 64 63 64 76 63 64 92 75 A7 63 65 33 33 33 33 33 37 33 38 33 33 33 34 33 33 33 33 B3 33 33 33 33 33 33 33 33 33 33 33 33 33 33 AE 55
[2025-08-29 16:10:50.355] [DEBUG] 数据解析成功:
[2025-08-29 16:10:50.368] [INFO]   ID: 0x60
  命令: 0x83 (读)
  寄存器地址: 0x00
  寄存器数量: 0
[2025-08-29 16:10:50.389] [DEBUG] 组包成功，数据长度: 21 字节
[2025-08-29 16:10:50.402] [DEBUG] 发送数据: A5 60 9F A5 01 0D 3B 34 33 33 33 33 B3 33 33 33 33 33 33 A7 55
[2025-08-29 16:10:51.434] [DEBUG] 接收数据: A5 60 9F A5 81 0D 3B 34 33 33 33 33 B3 33 33 33 33 33 33 90 55
[2025-08-29 16:10:51.471] [DEBUG] 数据解析成功:
[2025-08-29 16:10:51.491] [INFO]   ID: 0x60
  命令: 0x81 (读)
  寄存器地址: 0x08
  寄存器数量: 0
[2025-08-29 16:10:51.514] [INFO] 
全局变量中的LED显示信息已更新:
[2025-08-29 16:10:51.535] [INFO]   屏幕状态: 开
  亮度级别: 0
  数字显示: 0
  LOGO状态: 0 (0关, 1白, 2红)
  护盾状态: 0 (0关, 1白, 2绿)
  ReadyGo状态: 0 (0关, 1白, 2红)
  左转向灯: 0 (0关, 1白, 2橙)
  右转向灯: 1 (0关, 1白, 2橙)
  灯环状态: 0 (0关, 1蓝, 2红)
[2025-08-29 16:10:51.551] [INFO] 结果: PASS | 用时: 2.351s
[2025-08-29 16:10:51.563] [INFO] ==== 执行用例 #5 ====
[2025-08-29 16:10:51.571] [INFO] 参数: {'screen_on': 1, 'brightness': 0, 'digital': 0, 'logo': 0, 'rim_state': 0, 'rdygo': 0, 'turn_left': 0, 'turn_right': 1, 'ring': 1} | 备注: 
[2025-08-29 16:10:51.603] [DEBUG] 修改后的LED显示信息:
[2025-08-29 16:10:51.615] [INFO]   屏幕状态: 开
  亮度级别: 0
  数字显示: 0
  LOGO状态: 0 (0关, 1白, 2红)
  护盾状态: 0 (0关, 1白, 2绿)
  ReadyGo状态: 0 (0关, 1白, 2红)
  左转向灯: 0 (0关, 1白, 2橙)
  右转向灯: 1 (0关, 1白, 2橙)
  灯环状态: 1 (0关, 1蓝, 2红)
[2025-08-29 16:10:51.632] [DEBUG] 组包成功，数据长度: 21 字节
[2025-08-29 16:10:51.641] [DEBUG] 发送数据: A5 60 9F A5 03 0D 3B 34 33 33 33 33 B3 35 33 33 33 33 33 11 55
[2025-08-29 16:10:52.669] [DEBUG] 接收数据: A5 60 9F A5 83 55 33 93 7F 63 64 33 33 33 33 33 33 33 33 33 33 33 33 33 33 33 33 33 33 33 33 33 33 33 33 33 33 33 33 33 33 33 33 89 66 69 66 65 85 64 63 64 76 63 64 92 75 A7 63 65 33 33 33 33 33 37 33 38 33 33 33 34 33 33 33 33 B3 35 33 33 33 33 33 33 33 33 33 33 33 33 33 F0 55
[2025-08-29 16:10:52.717] [DEBUG] 数据解析成功:
[2025-08-29 16:10:52.734] [INFO]   ID: 0x60
  命令: 0x83 (读)
  寄存器地址: 0x00
  寄存器数量: 0
[2025-08-29 16:10:52.755] [DEBUG] 组包成功，数据长度: 21 字节
[2025-08-29 16:10:52.767] [DEBUG] 发送数据: A5 60 9F A5 01 0D 3B 34 33 33 33 33 B3 35 33 33 33 33 33 56 55
[2025-08-29 16:10:53.798] [DEBUG] 接收数据: A5 60 9F A5 81 0D 3B 34 33 33 33 33 B3 35 33 33 33 33 33 61 55
[2025-08-29 16:10:53.834] [DEBUG] 数据解析成功:
[2025-08-29 16:10:53.851] [INFO]   ID: 0x60
  命令: 0x81 (读)
  寄存器地址: 0x08
  寄存器数量: 0
[2025-08-29 16:10:53.872] [INFO] 
全局变量中的LED显示信息已更新:
[2025-08-29 16:10:53.894] [INFO]   屏幕状态: 开
  亮度级别: 0
  数字显示: 0
  LOGO状态: 0 (0关, 1白, 2红)
  护盾状态: 0 (0关, 1白, 2绿)
  ReadyGo状态: 0 (0关, 1白, 2红)
  左转向灯: 0 (0关, 1白, 2橙)
  右转向灯: 1 (0关, 1白, 2橙)
  灯环状态: 1 (0关, 1蓝, 2红)
[2025-08-29 16:10:53.910] [INFO] 结果: PASS | 用时: 2.348s
[2025-08-29 16:10:53.918] [INFO] ==== 执行用例 #6 ====
[2025-08-29 16:10:53.927] [INFO] 参数: {'screen_on': 1, 'brightness': 0, 'digital': 0, 'logo': 0, 'rim_state': 0, 'rdygo': 0, 'turn_left': 0, 'turn_right': 1, 'ring': 2} | 备注: 
[2025-08-29 16:10:53.956] [DEBUG] 修改后的LED显示信息:
[2025-08-29 16:10:53.969] [INFO]   屏幕状态: 开
  亮度级别: 0
  数字显示: 0
  LOGO状态: 0 (0关, 1白, 2红)
  护盾状态: 0 (0关, 1白, 2绿)
  ReadyGo状态: 0 (0关, 1白, 2红)
  左转向灯: 0 (0关, 1白, 2橙)
  右转向灯: 1 (0关, 1白, 2橙)
  灯环状态: 2 (0关, 1蓝, 2红)
[2025-08-29 16:10:53.987] [DEBUG] 组包成功，数据长度: 21 字节
[2025-08-29 16:10:53.998] [DEBUG] 发送数据: A5 60 9F A5 03 0D 3B 34 33 33 33 33 B3 37 33 33 33 33 33 B5 55
[2025-08-29 16:10:55.019] [DEBUG] 接收数据: A5 60 9F A5 83 55 33 93 7F 63 64 33 33 33 33 33 33 33 33 33 33 33 33 33 33 33 33 33 33 33 33 33 33 33 33 33 33 33 33 33 33 33 33 89 66 69 66 65 85 64 63 64 76 63 64 92 75 A7 63 65 33 33 33 33 33 37 33 38 33 33 33 34 33 33 33 33 B3 37 33 33 33 33 33 33 33 33 33 33 33 33 33 31 55
[2025-08-29 16:10:55.063] [DEBUG] 数据解析成功:
[2025-08-29 16:10:55.075] [INFO]   ID: 0x60
  命令: 0x83 (读)
  寄存器地址: 0x00
  寄存器数量: 0
[2025-08-29 16:10:55.099] [DEBUG] 组包成功，数据长度: 21 字节
[2025-08-29 16:10:55.111] [DEBUG] 发送数据: A5 60 9F A5 01 0D 3B 34 33 33 33 33 B3 37 33 33 33 33 33 F2 55
[2025-08-29 16:10:56.141] [DEBUG] 接收数据: A5 60 9F A5 81 0D 3B 34 33 33 33 33 B3 37 33 33 33 33 33 C5 55
[2025-08-29 16:10:56.178] [DEBUG] 数据解析成功:
[2025-08-29 16:10:56.196] [INFO]   ID: 0x60
  命令: 0x81 (读)
  寄存器地址: 0x08
  寄存器数量: 0
[2025-08-29 16:10:56.216] [INFO] 
全局变量中的LED显示信息已更新:
[2025-08-29 16:10:56.237] [INFO]   屏幕状态: 开
  亮度级别: 0
  数字显示: 0
  LOGO状态: 0 (0关, 1白, 2红)
  护盾状态: 0 (0关, 1白, 2绿)
  ReadyGo状态: 0 (0关, 1白, 2红)
  左转向灯: 0 (0关, 1白, 2橙)
  右转向灯: 1 (0关, 1白, 2橙)
  灯环状态: 2 (0关, 1蓝, 2红)
[2025-08-29 16:10:56.255] [INFO] 结果: PASS | 用时: 2.336s
[2025-08-29 16:10:56.263] [INFO] ==== 执行用例 #7 ====
[2025-08-29 16:10:56.271] [INFO] 参数: {'screen_on': 1, 'brightness': 0, 'digital': 0, 'logo': 0, 'rim_state': 0, 'rdygo': 0, 'turn_left': 0, 'turn_right': 2, 'ring': 0} | 备注: 
[2025-08-29 16:10:56.304] [DEBUG] 修改后的LED显示信息:
[2025-08-29 16:10:56.316] [INFO]   屏幕状态: 开
  亮度级别: 0
  数字显示: 0
  LOGO状态: 0 (0关, 1白, 2红)
  护盾状态: 0 (0关, 1白, 2绿)
  ReadyGo状态: 0 (0关, 1白, 2红)
  左转向灯: 0 (0关, 1白, 2橙)
  右转向灯: 2 (0关, 1白, 2橙)
  灯环状态: 0 (0关, 1蓝, 2红)
[2025-08-29 16:10:56.334] [DEBUG] 组包成功，数据长度: 21 字节
[2025-08-29 16:10:56.342] [DEBUG] 发送数据: A5 60 9F A5 03 0D 3B 34 33 33 33 33 33 34 33 33 33 33 33 6A 55
[2025-08-29 16:10:57.370] [DEBUG] 接收数据: A5 60 9F A5 83 55 33 93 7F 63 64 33 33 33 33 33 33 33 33 33 33 33 33 33 33 33 33 33 33 33 33 33 33 33 33 33 33 33 33 33 33 33 33 89 66 69 66 65 85 64 63 64 76 63 64 92 75 A7 63 65 33 33 33 33 33 37 33 38 33 33 33 34 33 33 33 33 33 34 33 33 33 33 33 33 33 33 33 33 33 33 33 A9 55
[2025-08-29 16:10:57.413] [DEBUG] 数据解析成功:
[2025-08-29 16:10:57.426] [INFO]   ID: 0x60
  命令: 0x83 (读)
  寄存器地址: 0x00
  寄存器数量: 0
[2025-08-29 16:10:57.447] [DEBUG] 组包成功，数据长度: 21 字节
[2025-08-29 16:10:57.459] [DEBUG] 发送数据: A5 60 9F A5 01 0D 3B 34 33 33 33 33 33 34 33 33 33 33 33 2D 55
[2025-08-29 16:10:58.491] [DEBUG] 接收数据: A5 60 9F A5 81 0D 3B 34 33 33 33 33 33 34 33 33 33 33 33 1A 55
[2025-08-29 16:10:58.528] [DEBUG] 数据解析成功:
[2025-08-29 16:10:58.543] [INFO]   ID: 0x60
  命令: 0x81 (读)
  寄存器地址: 0x08
  寄存器数量: 0
[2025-08-29 16:10:58.565] [INFO] 
全局变量中的LED显示信息已更新:
[2025-08-29 16:10:58.586] [INFO]   屏幕状态: 开
  亮度级别: 0
  数字显示: 0
  LOGO状态: 0 (0关, 1白, 2红)
  护盾状态: 0 (0关, 1白, 2绿)
  ReadyGo状态: 0 (0关, 1白, 2红)
  左转向灯: 0 (0关, 1白, 2橙)
  右转向灯: 2 (0关, 1白, 2橙)
  灯环状态: 0 (0关, 1蓝, 2红)
[2025-08-29 16:10:58.599] [INFO] 结果: PASS | 用时: 2.336s
[2025-08-29 16:10:58.612] [INFO] ==== 执行用例 #8 ====
[2025-08-29 16:10:58.621] [INFO] 参数: {'screen_on': 1, 'brightness': 0, 'digital': 0, 'logo': 0, 'rim_state': 0, 'rdygo': 0, 'turn_left': 0, 'turn_right': 2, 'ring': 1} | 备注: 
[2025-08-29 16:10:58.653] [DEBUG] 修改后的LED显示信息:
[2025-08-29 16:10:58.663] [INFO]   屏幕状态: 开
  亮度级别: 0
  数字显示: 0
  LOGO状态: 0 (0关, 1白, 2红)
  护盾状态: 0 (0关, 1白, 2绿)
  ReadyGo状态: 0 (0关, 1白, 2红)
  左转向灯: 0 (0关, 1白, 2橙)
  右转向灯: 2 (0关, 1白, 2橙)
  灯环状态: 1 (0关, 1蓝, 2红)
[2025-08-29 16:10:58.678] [DEBUG] 组包成功，数据长度: 21 字节
[2025-08-29 16:10:58.685] [DEBUG] 发送数据: A5 60 9F A5 03 0D 3B 34 33 33 33 33 33 36 33 33 33 33 33 CE 55
