[2025-08-29 15:11:05.130] [INFO] 初始化 BLE 协议通信...
[2025-08-29 15:11:05.321] [INFO] 加载用例 14 条 来自: testcases.xlsx
[2025-08-29 15:11:05.325] [INFO] ==== 执行用例 #1 ====
[2025-08-29 15:11:05.329] [INFO] 参数: {'screen_on': 1, 'brightness': 5, 'digital': 50, 'logo': 1, 'rim_state': 0, 'rdygo': 1, 'turn_left': 1, 'turn_right': 1, 'ring': 0} | 备注: nan
[2025-08-29 15:11:05.364] [DEBUG] 修改后的LED显示信息:
[2025-08-29 15:11:05.372] [INFO]   屏幕状态: 开
  亮度级别: 5
  数字显示: 50
  LOGO状态: 1 (0关, 1白, 2红)
  护盾状态: 0 (0关, 1白, 2绿)
  ReadyGo状态: 1 (0关, 1白, 2红)
  左转向灯: 1 (0关, 1白, 2橙)
  右转向灯: 1 (0关, 1白, 2橙)
  灯环状态: 0 (0关, 1蓝, 2红)
[2025-08-29 15:11:05.394] [DEBUG] 组包成功，数据长度: 21 字节
[2025-08-29 15:11:05.405] [DEBUG] 发送数据: A5 60 9F A5 03 0D 3B 3E 33 33 33 E5 DB 33 33 33 33 33 33 67 55
[2025-08-29 15:11:05.426] [DEBUG] 接收数据超时
[2025-08-29 15:11:05.430] [DEBUG] 组包成功，数据长度: 21 字节
[2025-08-29 15:11:05.439] [DEBUG] 发送数据: A5 60 9F A5 01 0D 3B 3E 33 33 33 E5 DB 33 33 33 33 33 33 20 55
[2025-08-29 15:11:05.458] [DEBUG] 接收数据超时
[2025-08-29 15:11:05.465] [INFO] 结果: FAIL | 用时: 0.141s
[2025-08-29 15:11:05.474] [INFO] ==== 执行用例 #2 ====
[2025-08-29 15:11:05.482] [INFO] 参数: {'screen_on': 1, 'brightness': 6, 'digital': 50, 'logo': 1, 'rim_state': 1, 'rdygo': 1, 'turn_left': 1, 'turn_right': 0, 'ring': 0} | 备注: nan
[2025-08-29 15:11:05.512] [DEBUG] 修改后的LED显示信息:
[2025-08-29 15:11:05.520] [INFO]   屏幕状态: 开
  亮度级别: 6
  数字显示: 50
  LOGO状态: 1 (0关, 1白, 2红)
  护盾状态: 1 (0关, 1白, 2绿)
  ReadyGo状态: 1 (0关, 1白, 2红)
  左转向灯: 1 (0关, 1白, 2橙)
  右转向灯: 0 (0关, 1白, 2橙)
  灯环状态: 0 (0关, 1蓝, 2红)
[2025-08-29 15:11:05.540] [DEBUG] 组包成功，数据长度: 21 字节
[2025-08-29 15:11:05.554] [DEBUG] 发送数据: A5 60 9F A5 03 0D 3B 40 33 33 33 E5 5D 33 33 33 33 33 33 E3 55
[2025-08-29 15:11:05.583] [DEBUG] 接收数据超时
[2025-08-29 15:11:05.598] [DEBUG] 组包成功，数据长度: 21 字节
[2025-08-29 15:11:05.610] [DEBUG] 发送数据: A5 60 9F A5 01 0D 3B 40 33 33 33 E5 5D 33 33 33 33 33 33 A4 55
[2025-08-29 15:11:05.635] [DEBUG] 接收数据超时
[2025-08-29 15:11:05.647] [INFO] 结果: FAIL | 用时: 0.174s
[2025-08-29 15:11:05.659] [INFO] ==== 执行用例 #3 ====
[2025-08-29 15:11:05.671] [INFO] 参数: {'screen_on': 1, 'brightness': 6, 'digital': 50, 'logo': 2, 'rim_state': 2, 'rdygo': 2, 'turn_left': 1, 'turn_right': 2, 'ring': 0} | 备注: nan
[2025-08-29 15:11:05.710] [DEBUG] 修改后的LED显示信息:
[2025-08-29 15:11:05.725] [INFO]   屏幕状态: 开
  亮度级别: 6
  数字显示: 50
  LOGO状态: 2 (0关, 1白, 2红)
  护盾状态: 2 (0关, 1白, 2绿)
  ReadyGo状态: 2 (0关, 1白, 2红)
  左转向灯: 1 (0关, 1白, 2橙)
  右转向灯: 2 (0关, 1白, 2橙)
  灯环状态: 0 (0关, 1蓝, 2红)
[2025-08-29 15:11:05.749] [DEBUG] 组包成功，数据长度: 21 字节
[2025-08-29 15:11:05.761] [DEBUG] 发送数据: A5 60 9F A5 03 0D 3B 40 33 33 33 65 68 34 33 33 33 33 33 B8 55
[2025-08-29 15:11:05.792] [DEBUG] 接收数据超时
[2025-08-29 15:11:05.806] [DEBUG] 组包成功，数据长度: 21 字节
[2025-08-29 15:11:05.816] [DEBUG] 发送数据: A5 60 9F A5 01 0D 3B 40 33 33 33 65 68 34 33 33 33 33 33 FF 55
[2025-08-29 15:11:05.838] [DEBUG] 接收数据超时
[2025-08-29 15:11:05.848] [INFO] 结果: FAIL | 用时: 0.189s
[2025-08-29 15:11:05.857] [INFO] ==== 执行用例 #4 ====
[2025-08-29 15:11:05.867] [INFO] 参数: {'screen_on': 1, 'brightness': 6, 'digital': 100, 'logo': 0, 'rim_state': 1, 'rdygo': 2, 'turn_left': 1, 'turn_right': 0, 'ring': 2} | 备注: nan
[2025-08-29 15:11:05.896] [DEBUG] 修改后的LED显示信息:
[2025-08-29 15:11:05.910] [INFO]   屏幕状态: 开
  亮度级别: 6
  数字显示: 100
  LOGO状态: 0 (0关, 1白, 2红)
  护盾状态: 1 (0关, 1白, 2绿)
  ReadyGo状态: 2 (0关, 1白, 2红)
  左转向灯: 1 (0关, 1白, 2橙)
  右转向灯: 0 (0关, 1白, 2橙)
  灯环状态: 2 (0关, 1蓝, 2红)
[2025-08-29 15:11:05.928] [DEBUG] 组包成功，数据长度: 21 字节
[2025-08-29 15:11:05.939] [DEBUG] 发送数据: A5 60 9F A5 03 0D 3B 40 33 33 33 97 65 37 33 33 33 33 33 D5 55
[2025-08-29 15:11:05.964] [DEBUG] 接收数据超时
[2025-08-29 15:11:05.977] [DEBUG] 组包成功，数据长度: 21 字节
[2025-08-29 15:11:05.989] [DEBUG] 发送数据: A5 60 9F A5 01 0D 3B 40 33 33 33 97 65 37 33 33 33 33 33 92 55
[2025-08-29 15:11:06.014] [DEBUG] 接收数据超时
[2025-08-29 15:11:06.024] [INFO] 结果: FAIL | 用时: 0.167s
[2025-08-29 15:11:06.033] [INFO] ==== 执行用例 #5 ====
[2025-08-29 15:11:06.045] [INFO] 参数: {'screen_on': 1, 'brightness': 6, 'digital': 100, 'logo': 1, 'rim_state': 0, 'rdygo': 2, 'turn_left': 0, 'turn_right': 0, 'ring': 2} | 备注: nan
[2025-08-29 15:11:06.087] [DEBUG] 修改后的LED显示信息:
[2025-08-29 15:11:06.099] [INFO]   屏幕状态: 开
  亮度级别: 6
  数字显示: 100
  LOGO状态: 1 (0关, 1白, 2红)
  护盾状态: 0 (0关, 1白, 2绿)
  ReadyGo状态: 2 (0关, 1白, 2红)
  左转向灯: 0 (0关, 1白, 2橙)
  右转向灯: 0 (0关, 1白, 2橙)
  灯环状态: 2 (0关, 1蓝, 2红)
[2025-08-29 15:11:06.125] [DEBUG] 组包成功，数据长度: 21 字节
[2025-08-29 15:11:06.138] [DEBUG] 发送数据: A5 60 9F A5 03 0D 3B 40 33 33 33 17 43 37 33 33 33 33 33 26 55
[2025-08-29 15:11:06.173] [DEBUG] 接收数据超时
[2025-08-29 15:11:06.186] [DEBUG] 组包成功，数据长度: 21 字节
[2025-08-29 15:11:06.198] [DEBUG] 发送数据: A5 60 9F A5 01 0D 3B 40 33 33 33 17 43 37 33 33 33 33 33 61 55
[2025-08-29 15:11:06.222] [DEBUG] 接收数据超时
[2025-08-29 15:11:06.231] [INFO] 结果: FAIL | 用时: 0.198s
[2025-08-29 15:11:06.242] [INFO] ==== 执行用例 #6 ====
[2025-08-29 15:11:06.252] [INFO] 参数: {'screen_on': 1, 'brightness': 6, 'digital': 100, 'logo': 2, 'rim_state': 0, 'rdygo': 2, 'turn_left': 2, 'turn_right': 0, 'ring': 2} | 备注: nan
[2025-08-29 15:11:06.284] [DEBUG] 修改后的LED显示信息:
[2025-08-29 15:11:06.297] [INFO]   屏幕状态: 开
  亮度级别: 6
  数字显示: 100
  LOGO状态: 2 (0关, 1白, 2红)
  护盾状态: 0 (0关, 1白, 2绿)
  ReadyGo状态: 2 (0关, 1白, 2红)
  左转向灯: 2 (0关, 1白, 2橙)
  右转向灯: 0 (0关, 1白, 2橙)
  灯环状态: 2 (0关, 1蓝, 2红)
[2025-08-29 15:11:06.315] [DEBUG] 组包成功，数据长度: 21 字节
[2025-08-29 15:11:06.328] [DEBUG] 发送数据: A5 60 9F A5 03 0D 3B 40 33 33 33 97 84 37 33 33 33 33 33 A1 55
[2025-08-29 15:11:06.352] [DEBUG] 接收数据超时
[2025-08-29 15:11:06.362] [DEBUG] 组包成功，数据长度: 21 字节
[2025-08-29 15:11:06.376] [DEBUG] 发送数据: A5 60 9F A5 01 0D 3B 40 33 33 33 97 84 37 33 33 33 33 33 E6 55
[2025-08-29 15:11:06.401] [DEBUG] 接收数据超时
[2025-08-29 15:11:06.418] [INFO] 结果: FAIL | 用时: 0.176s
[2025-08-29 15:11:06.429] [INFO] ==== 执行用例 #7 ====
[2025-08-29 15:11:06.440] [INFO] 参数: {'screen_on': 1, 'brightness': 7, 'digital': 50, 'logo': 0, 'rim_state': 0, 'rdygo': 1, 'turn_left': 2, 'turn_right': 0, 'ring': 2} | 备注: nan
[2025-08-29 15:11:06.478] [DEBUG] 修改后的LED显示信息:
[2025-08-29 15:11:06.493] [INFO]   屏幕状态: 开
  亮度级别: 7
  数字显示: 50
  LOGO状态: 0 (0关, 1白, 2红)
  护盾状态: 0 (0关, 1白, 2绿)
  ReadyGo状态: 1 (0关, 1白, 2红)
  左转向灯: 2 (0关, 1白, 2橙)
  右转向灯: 0 (0关, 1白, 2橙)
  灯环状态: 2 (0关, 1蓝, 2红)
[2025-08-29 15:11:06.517] [DEBUG] 组包成功，数据长度: 21 字节
[2025-08-29 15:11:06.531] [DEBUG] 发送数据: A5 60 9F A5 03 0D 3B 42 33 33 33 65 7B 37 33 33 33 33 33 2A 55
[2025-08-29 15:11:06.560] [DEBUG] 接收数据超时
[2025-08-29 15:11:06.572] [DEBUG] 组包成功，数据长度: 21 字节
[2025-08-29 15:11:06.587] [DEBUG] 发送数据: A5 60 9F A5 01 0D 3B 42 33 33 33 65 7B 37 33 33 33 33 33 6D 55
[2025-08-29 15:11:06.611] [DEBUG] 接收数据超时
[2025-08-29 15:11:06.620] [INFO] 结果: FAIL | 用时: 0.191s
[2025-08-29 15:11:06.628] [INFO] ==== 执行用例 #8 ====
[2025-08-29 15:11:06.641] [INFO] 参数: {'screen_on': 1, 'brightness': 7, 'digital': 50, 'logo': 0, 'rim_state': 1, 'rdygo': 1, 'turn_left': 1, 'turn_right': 1, 'ring': 1} | 备注: nan
[2025-08-29 15:11:06.673] [DEBUG] 修改后的LED显示信息:
[2025-08-29 15:11:06.688] [INFO]   屏幕状态: 开
  亮度级别: 7
  数字显示: 50
  LOGO状态: 0 (0关, 1白, 2红)
  护盾状态: 1 (0关, 1白, 2绿)
  ReadyGo状态: 1 (0关, 1白, 2红)
  左转向灯: 1 (0关, 1白, 2橙)
  右转向灯: 1 (0关, 1白, 2橙)
  灯环状态: 1 (0关, 1蓝, 2红)
[2025-08-29 15:11:06.709] [DEBUG] 组包成功，数据长度: 21 字节
[2025-08-29 15:11:06.722] [DEBUG] 发送数据: A5 60 9F A5 03 0D 3B 42 33 33 33 65 DD 35 33 33 33 33 33 B1 55
[2025-08-29 15:11:06.747] [DEBUG] 接收数据超时
[2025-08-29 15:11:06.764] [DEBUG] 组包成功，数据长度: 21 字节
[2025-08-29 15:11:06.780] [DEBUG] 发送数据: A5 60 9F A5 01 0D 3B 42 33 33 33 65 DD 35 33 33 33 33 33 F6 55
[2025-08-29 15:11:06.806] [DEBUG] 接收数据超时
[2025-08-29 15:11:06.816] [INFO] 结果: FAIL | 用时: 0.188s
[2025-08-29 15:11:06.827] [INFO] ==== 执行用例 #9 ====
[2025-08-29 15:11:06.838] [INFO] 参数: {'screen_on': 1, 'brightness': 7, 'digital': 50, 'logo': 1, 'rim_state': 1, 'rdygo': 2, 'turn_left': 0, 'turn_right': 0, 'ring': 1} | 备注: nan
[2025-08-29 15:11:06.878] [DEBUG] 修改后的LED显示信息:
[2025-08-29 15:11:06.893] [INFO]   屏幕状态: 开
  亮度级别: 7
  数字显示: 50
  LOGO状态: 1 (0关, 1白, 2红)
  护盾状态: 1 (0关, 1白, 2绿)
  ReadyGo状态: 2 (0关, 1白, 2红)
  左转向灯: 0 (0关, 1白, 2橙)
  右转向灯: 0 (0关, 1白, 2橙)
  灯环状态: 1 (0关, 1蓝, 2红)
[2025-08-29 15:11:06.916] [DEBUG] 组包成功，数据长度: 21 字节
[2025-08-29 15:11:06.929] [DEBUG] 发送数据: A5 60 9F A5 03 0D 3B 42 33 33 33 E5 45 35 33 33 33 33 33 11 55
[2025-08-29 15:11:06.956] [DEBUG] 接收数据超时
[2025-08-29 15:11:06.969] [DEBUG] 组包成功，数据长度: 21 字节
[2025-08-29 15:11:06.979] [DEBUG] 发送数据: A5 60 9F A5 01 0D 3B 42 33 33 33 E5 45 35 33 33 33 33 33 56 55
[2025-08-29 15:11:07.001] [DEBUG] 接收数据超时
[2025-08-29 15:11:07.010] [INFO] 结果: FAIL | 用时: 0.183s
[2025-08-29 15:11:07.020] [INFO] ==== 执行用例 #10 ====
[2025-08-29 15:11:07.031] [INFO] 参数: {'screen_on': 1, 'brightness': 7, 'digital': 50, 'logo': 2, 'rim_state': 0, 'rdygo': 1, 'turn_left': 0, 'turn_right': 1, 'ring': 0} | 备注: nan
[2025-08-29 15:11:07.063] [DEBUG] 修改后的LED显示信息:
[2025-08-29 15:11:07.075] [INFO]   屏幕状态: 开
  亮度级别: 7
  数字显示: 50
  LOGO状态: 2 (0关, 1白, 2红)
  护盾状态: 0 (0关, 1白, 2绿)
  ReadyGo状态: 1 (0关, 1白, 2红)
  左转向灯: 0 (0关, 1白, 2橙)
  右转向灯: 1 (0关, 1白, 2橙)
  灯环状态: 0 (0关, 1蓝, 2红)
[2025-08-29 15:11:07.097] [DEBUG] 组包成功，数据长度: 21 字节
[2025-08-29 15:11:07.108] [DEBUG] 发送数据: A5 60 9F A5 03 0D 3B 42 33 33 33 65 BC 33 33 33 33 33 33 1D 55
[2025-08-29 15:11:07.141] [DEBUG] 接收数据超时
[2025-08-29 15:11:07.150] [DEBUG] 组包成功，数据长度: 21 字节
[2025-08-29 15:11:07.163] [DEBUG] 发送数据: A5 60 9F A5 01 0D 3B 42 33 33 33 65 BC 33 33 33 33 33 33 5A 55
[2025-08-29 15:11:07.189] [DEBUG] 接收数据超时
[2025-08-29 15:11:07.201] [INFO] 结果: FAIL | 用时: 0.181s
[2025-08-29 15:11:07.211] [INFO] ==== 执行用例 #11 ====
[2025-08-29 15:11:07.223] [INFO] 参数: {'screen_on': 1, 'brightness': 7, 'digital': 100, 'logo': 1, 'rim_state': 0, 'rdygo': 1, 'turn_left': 0, 'turn_right': 2, 'ring': 2} | 备注: nan
[2025-08-29 15:11:07.258] [DEBUG] 修改后的LED显示信息:
[2025-08-29 15:11:07.271] [INFO]   屏幕状态: 开
  亮度级别: 7
  数字显示: 100
  LOGO状态: 1 (0关, 1白, 2红)
  护盾状态: 0 (0关, 1白, 2绿)
  ReadyGo状态: 1 (0关, 1白, 2红)
  左转向灯: 0 (0关, 1白, 2橙)
  右转向灯: 2 (0关, 1白, 2橙)
  灯环状态: 2 (0关, 1蓝, 2红)
[2025-08-29 15:11:07.293] [DEBUG] 组包成功，数据长度: 21 字节
[2025-08-29 15:11:07.305] [DEBUG] 发送数据: A5 60 9F A5 03 0D 3B 42 33 33 33 17 3B 38 33 33 33 33 33 BB 55
[2025-08-29 15:11:07.335] [DEBUG] 接收数据超时
[2025-08-29 15:11:07.345] [DEBUG] 组包成功，数据长度: 21 字节
[2025-08-29 15:11:07.357] [DEBUG] 发送数据: A5 60 9F A5 01 0D 3B 42 33 33 33 17 3B 38 33 33 33 33 33 FC 55
[2025-08-29 15:11:07.378] [DEBUG] 接收数据超时
[2025-08-29 15:11:07.389] [INFO] 结果: FAIL | 用时: 0.178s
[2025-08-29 15:11:07.398] [INFO] ==== 执行用例 #12 ====
[2025-08-29 15:11:07.409] [INFO] 参数: {'screen_on': 1, 'brightness': 7, 'digital': 100, 'logo': 1, 'rim_state': 0, 'rdygo': 2, 'turn_left': 1, 'turn_right': 0, 'ring': 0} | 备注: nan
[2025-08-29 15:11:07.441] [DEBUG] 修改后的LED显示信息:
[2025-08-29 15:11:07.455] [INFO]   屏幕状态: 开
  亮度级别: 7
  数字显示: 100
  LOGO状态: 1 (0关, 1白, 2红)
  护盾状态: 0 (0关, 1白, 2绿)
  ReadyGo状态: 2 (0关, 1白, 2红)
  左转向灯: 1 (0关, 1白, 2橙)
  右转向灯: 0 (0关, 1白, 2橙)
  灯环状态: 0 (0关, 1蓝, 2红)
[2025-08-29 15:11:07.476] [DEBUG] 组包成功，数据长度: 21 字节
[2025-08-29 15:11:07.489] [DEBUG] 发送数据: A5 60 9F A5 03 0D 3B 42 33 33 33 17 63 33 33 33 33 33 33 91 55
[2025-08-29 15:11:07.520] [DEBUG] 接收数据超时
[2025-08-29 15:11:07.532] [DEBUG] 组包成功，数据长度: 21 字节
[2025-08-29 15:11:07.545] [DEBUG] 发送数据: A5 60 9F A5 01 0D 3B 42 33 33 33 17 63 33 33 33 33 33 33 D6 55
[2025-08-29 15:11:07.570] [DEBUG] 接收数据超时
[2025-08-29 15:11:07.580] [INFO] 结果: FAIL | 用时: 0.182s
[2025-08-29 15:11:07.591] [INFO] ==== 执行用例 #13 ====
[2025-08-29 15:11:07.603] [INFO] 参数: {'screen_on': 1, 'brightness': 7, 'digital': 100, 'logo': 1, 'rim_state': 0, 'rdygo': 2, 'turn_left': 1, 'turn_right': 0, 'ring': 2} | 备注: nan
[2025-08-29 15:11:07.640] [DEBUG] 修改后的LED显示信息:
[2025-08-29 15:11:07.652] [INFO]   屏幕状态: 开
  亮度级别: 7
  数字显示: 100
  LOGO状态: 1 (0关, 1白, 2红)
  护盾状态: 0 (0关, 1白, 2绿)
  ReadyGo状态: 2 (0关, 1白, 2红)
  左转向灯: 1 (0关, 1白, 2橙)
  右转向灯: 0 (0关, 1白, 2橙)
  灯环状态: 2 (0关, 1蓝, 2红)
[2025-08-29 15:11:07.673] [DEBUG] 组包成功，数据长度: 21 字节
[2025-08-29 15:11:07.683] [DEBUG] 发送数据: A5 60 9F A5 03 0D 3B 42 33 33 33 17 63 37 33 33 33 33 33 C4 55
[2025-08-29 15:11:07.708] [DEBUG] 接收数据超时
[2025-08-29 15:11:07.721] [DEBUG] 组包成功，数据长度: 21 字节
[2025-08-29 15:11:07.729] [DEBUG] 发送数据: A5 60 9F A5 01 0D 3B 42 33 33 33 17 63 37 33 33 33 33 33 83 55
[2025-08-29 15:11:07.754] [DEBUG] 接收数据超时
[2025-08-29 15:11:07.763] [INFO] 结果: FAIL | 用时: 0.172s
[2025-08-29 15:11:07.779] [INFO] ==== 执行用例 #14 ====
[2025-08-29 15:11:07.790] [INFO] 参数: {'screen_on': 1, 'brightness': 7, 'digital': 100, 'logo': 1, 'rim_state': 2, 'rdygo': 1, 'turn_left': 1, 'turn_right': 0, 'ring': 2} | 备注: nan
[2025-08-29 15:11:07.828] [DEBUG] 修改后的LED显示信息:
[2025-08-29 15:11:07.842] [INFO]   屏幕状态: 开
  亮度级别: 7
  数字显示: 100
  LOGO状态: 1 (0关, 1白, 2红)
  护盾状态: 2 (0关, 1白, 2绿)
  ReadyGo状态: 1 (0关, 1白, 2红)
  左转向灯: 1 (0关, 1白, 2橙)
  右转向灯: 0 (0关, 1白, 2橙)
  灯环状态: 2 (0关, 1蓝, 2红)
[2025-08-29 15:11:07.865] [DEBUG] 组包成功，数据长度: 21 字节
[2025-08-29 15:11:07.878] [DEBUG] 发送数据: A5 60 9F A5 03 0D 3B 42 33 33 33 17 5F 37 33 33 33 33 33 37 55
[2025-08-29 15:11:07.912] [DEBUG] 接收数据超时
[2025-08-29 15:11:07.925] [DEBUG] 组包成功，数据长度: 21 字节
[2025-08-29 15:11:07.938] [DEBUG] 发送数据: A5 60 9F A5 01 0D 3B 42 33 33 33 17 5F 37 33 33 33 33 33 70 55
[2025-08-29 15:11:07.962] [DEBUG] 接收数据超时
[2025-08-29 15:11:07.974] [INFO] 结果: FAIL | 用时: 0.196s
[2025-08-29 15:11:07.985] [INFO] 开始压力循环: 次数=1, 间隔=0.5s, 参数={'screen_on': 1, 'brightness': 5, 'digital': 50, 'logo': 1, 'rim_state': 0, 'rdygo': 1, 'turn_left': 1, 'turn_right': 1, 'ring': 0}
[2025-08-29 15:11:08.022] [DEBUG] 修改后的LED显示信息:
[2025-08-29 15:11:08.034] [INFO]   屏幕状态: 开
  亮度级别: 5
  数字显示: 50
  LOGO状态: 1 (0关, 1白, 2红)
  护盾状态: 0 (0关, 1白, 2绿)
  ReadyGo状态: 1 (0关, 1白, 2红)
  左转向灯: 1 (0关, 1白, 2橙)
  右转向灯: 1 (0关, 1白, 2橙)
  灯环状态: 0 (0关, 1蓝, 2红)
[2025-08-29 15:11:08.055] [DEBUG] 组包成功，数据长度: 21 字节
[2025-08-29 15:11:08.065] [DEBUG] 发送数据: A5 60 9F A5 03 0D 3B 3E 33 33 33 E5 DB 33 33 33 33 33 33 67 55
