[2025-08-29 14:28:50.152] [INFO] 初始化 BLE 协议通信...
[2025-08-29 14:28:50.370] [INFO] 加载用例 14 条 来自: testcases.xlsx
[2025-08-29 14:28:50.411] [INFO] ==== 执行用例 #1012 ====
[2025-08-29 14:28:50.416] [INFO] 参数: {'screen_on': 1, 'brightness': 5, 'digital': 50, 'logo': 1, 'rim_state': 0, 'rdygo': 1, 'turn_left': 1, 'turn_right': 1, 'ring': 0} | 备注: nan
[2025-08-29 14:28:50.438] [DEBUG] 修改后的LED显示信息:
[2025-08-29 14:28:50.447] [INFO]   屏幕状态: 开
  亮度级别: 5
  数字显示: 50
  LOGO状态: 1 (0关, 1白, 2红)
  护盾状态: 0 (0关, 1白, 2绿)
  ReadyGo状态: 1 (0关, 1白, 2红)
  左转向灯: 1 (0关, 1白, 2橙)
  右转向灯: 1 (0关, 1白, 2橙)
  灯环状态: 0 (0关, 1蓝, 2红)
[2025-08-29 14:28:50.463] [DEBUG] 组包成功，数据长度: 21 字节
[2025-08-29 14:28:50.473] [DEBUG] 发送数据: A5 60 9F A5 03 0D 3B 3E 33 33 33 E5 DB 33 33 33 33 33 33 67 55
[2025-08-29 14:28:50.499] [DEBUG] 接收数据超时
[2025-08-29 14:28:50.508] [DEBUG] 组包成功，数据长度: 21 字节
[2025-08-29 14:28:50.517] [DEBUG] 发送数据: A5 60 9F A5 01 0D 3B 3E 33 33 33 E5 DB 33 33 33 33 33 33 20 55
[2025-08-29 14:28:50.544] [DEBUG] 接收数据超时
[2025-08-29 14:28:50.553] [INFO] 结果: FAIL | 用时: 0.142s
[2025-08-29 14:28:50.564] [INFO] ==== 执行用例 #3277 ====
[2025-08-29 14:28:50.574] [INFO] 参数: {'screen_on': 1, 'brightness': 6, 'digital': 50, 'logo': 1, 'rim_state': 1, 'rdygo': 1, 'turn_left': 1, 'turn_right': 0, 'ring': 0} | 备注: nan
[2025-08-29 14:28:50.612] [DEBUG] 修改后的LED显示信息:
[2025-08-29 14:28:50.626] [INFO]   屏幕状态: 开
  亮度级别: 6
  数字显示: 50
  LOGO状态: 1 (0关, 1白, 2红)
  护盾状态: 1 (0关, 1白, 2绿)
  ReadyGo状态: 1 (0关, 1白, 2红)
  左转向灯: 1 (0关, 1白, 2橙)
  右转向灯: 0 (0关, 1白, 2橙)
  灯环状态: 0 (0关, 1蓝, 2红)
[2025-08-29 14:28:50.647] [DEBUG] 组包成功，数据长度: 21 字节
[2025-08-29 14:28:50.659] [DEBUG] 发送数据: A5 60 9F A5 03 0D 3B 40 33 33 33 E5 5D 33 33 33 33 33 33 E3 55
[2025-08-29 14:28:50.692] [DEBUG] 接收数据超时
[2025-08-29 14:28:50.704] [DEBUG] 组包成功，数据长度: 21 字节
[2025-08-29 14:28:50.717] [DEBUG] 发送数据: A5 60 9F A5 01 0D 3B 40 33 33 33 E5 5D 33 33 33 33 33 33 A4 55
[2025-08-29 14:28:50.742] [DEBUG] 接收数据超时
[2025-08-29 14:28:50.752] [INFO] 结果: FAIL | 用时: 0.188s
[2025-08-29 14:28:50.762] [INFO] ==== 执行用例 #3634 ====
[2025-08-29 14:28:50.773] [INFO] 参数: {'screen_on': 1, 'brightness': 6, 'digital': 50, 'logo': 2, 'rim_state': 2, 'rdygo': 2, 'turn_left': 1, 'turn_right': 2, 'ring': 0} | 备注: nan
[2025-08-29 14:28:50.805] [DEBUG] 修改后的LED显示信息:
[2025-08-29 14:28:50.820] [INFO]   屏幕状态: 开
  亮度级别: 6
  数字显示: 50
  LOGO状态: 2 (0关, 1白, 2红)
  护盾状态: 2 (0关, 1白, 2绿)
  ReadyGo状态: 2 (0关, 1白, 2红)
  左转向灯: 1 (0关, 1白, 2橙)
  右转向灯: 2 (0关, 1白, 2橙)
  灯环状态: 0 (0关, 1蓝, 2红)
[2025-08-29 14:28:50.840] [DEBUG] 组包成功，数据长度: 21 字节
[2025-08-29 14:28:50.852] [DEBUG] 发送数据: A5 60 9F A5 03 0D 3B 40 33 33 33 65 68 34 33 33 33 33 33 B8 55
[2025-08-29 14:28:50.884] [DEBUG] 接收数据超时
[2025-08-29 14:28:50.897] [DEBUG] 组包成功，数据长度: 21 字节
[2025-08-29 14:28:50.908] [DEBUG] 发送数据: A5 60 9F A5 01 0D 3B 40 33 33 33 65 68 34 33 33 33 33 33 FF 55
[2025-08-29 14:28:50.936] [DEBUG] 接收数据超时
[2025-08-29 14:28:50.949] [INFO] 结果: FAIL | 用时: 0.187s
[2025-08-29 14:28:50.965] [INFO] ==== 执行用例 #3792 ====
[2025-08-29 14:28:50.976] [INFO] 参数: {'screen_on': 1, 'brightness': 6, 'digital': 100, 'logo': 0, 'rim_state': 1, 'rdygo': 2, 'turn_left': 1, 'turn_right': 0, 'ring': 2} | 备注: nan
[2025-08-29 14:28:51.016] [DEBUG] 修改后的LED显示信息:
[2025-08-29 14:28:51.036] [INFO]   屏幕状态: 开
  亮度级别: 6
  数字显示: 100
  LOGO状态: 0 (0关, 1白, 2红)
  护盾状态: 1 (0关, 1白, 2绿)
  ReadyGo状态: 2 (0关, 1白, 2红)
  左转向灯: 1 (0关, 1白, 2橙)
  右转向灯: 0 (0关, 1白, 2橙)
  灯环状态: 2 (0关, 1蓝, 2红)
[2025-08-29 14:28:51.059] [DEBUG] 组包成功，数据长度: 21 字节
[2025-08-29 14:28:51.073] [DEBUG] 发送数据: A5 60 9F A5 03 0D 3B 40 33 33 33 97 65 37 33 33 33 33 33 D5 55
[2025-08-29 14:28:51.105] [DEBUG] 接收数据超时
[2025-08-29 14:28:51.117] [DEBUG] 组包成功，数据长度: 21 字节
[2025-08-29 14:28:51.128] [DEBUG] 发送数据: A5 60 9F A5 01 0D 3B 40 33 33 33 97 65 37 33 33 33 33 33 92 55
[2025-08-29 14:28:51.158] [DEBUG] 接收数据超时
[2025-08-29 14:28:51.167] [INFO] 结果: FAIL | 用时: 0.203s
[2025-08-29 14:28:51.179] [INFO] ==== 执行用例 #3945 ====
[2025-08-29 14:28:51.191] [INFO] 参数: {'screen_on': 1, 'brightness': 6, 'digital': 100, 'logo': 1, 'rim_state': 0, 'rdygo': 2, 'turn_left': 0, 'turn_right': 0, 'ring': 2} | 备注: nan
[2025-08-29 14:28:51.231] [DEBUG] 修改后的LED显示信息:
[2025-08-29 14:28:51.244] [INFO]   屏幕状态: 开
  亮度级别: 6
  数字显示: 100
  LOGO状态: 1 (0关, 1白, 2红)
  护盾状态: 0 (0关, 1白, 2绿)
  ReadyGo状态: 2 (0关, 1白, 2红)
  左转向灯: 0 (0关, 1白, 2橙)
  右转向灯: 0 (0关, 1白, 2橙)
  灯环状态: 2 (0关, 1蓝, 2红)
[2025-08-29 14:28:51.265] [DEBUG] 组包成功，数据长度: 21 字节
[2025-08-29 14:28:51.274] [DEBUG] 发送数据: A5 60 9F A5 03 0D 3B 40 33 33 33 17 43 37 33 33 33 33 33 26 55
[2025-08-29 14:28:51.301] [DEBUG] 接收数据超时
[2025-08-29 14:28:51.314] [DEBUG] 组包成功，数据长度: 21 字节
[2025-08-29 14:28:51.325] [DEBUG] 发送数据: A5 60 9F A5 01 0D 3B 40 33 33 33 17 43 37 33 33 33 33 33 61 55
[2025-08-29 14:28:51.356] [DEBUG] 接收数据超时
[2025-08-29 14:28:51.368] [INFO] 结果: FAIL | 用时: 0.189s
[2025-08-29 14:28:51.382] [INFO] ==== 执行用例 #4206 ====
[2025-08-29 14:28:51.391] [INFO] 参数: {'screen_on': 1, 'brightness': 6, 'digital': 100, 'logo': 2, 'rim_state': 0, 'rdygo': 2, 'turn_left': 2, 'turn_right': 0, 'ring': 2} | 备注: nan
[2025-08-29 14:28:51.436] [DEBUG] 修改后的LED显示信息:
[2025-08-29 14:28:51.450] [INFO]   屏幕状态: 开
  亮度级别: 6
  数字显示: 100
  LOGO状态: 2 (0关, 1白, 2红)
  护盾状态: 0 (0关, 1白, 2绿)
  ReadyGo状态: 2 (0关, 1白, 2红)
  左转向灯: 2 (0关, 1白, 2橙)
  右转向灯: 0 (0关, 1白, 2橙)
  灯环状态: 2 (0关, 1蓝, 2红)
[2025-08-29 14:28:51.478] [DEBUG] 组包成功，数据长度: 21 字节
[2025-08-29 14:28:51.492] [DEBUG] 发送数据: A5 60 9F A5 03 0D 3B 40 33 33 33 97 84 37 33 33 33 33 33 A1 55
[2025-08-29 14:28:51.520] [DEBUG] 接收数据超时
[2025-08-29 14:28:51.536] [DEBUG] 组包成功，数据长度: 21 字节
[2025-08-29 14:28:51.545] [DEBUG] 发送数据: A5 60 9F A5 01 0D 3B 40 33 33 33 97 84 37 33 33 33 33 33 E6 55
[2025-08-29 14:28:51.576] [DEBUG] 接收数据超时
[2025-08-29 14:28:51.588] [INFO] 结果: FAIL | 用时: 0.206s
[2025-08-29 14:28:51.600] [INFO] ==== 执行用例 #5151 ====
[2025-08-29 14:28:51.612] [INFO] 参数: {'screen_on': 1, 'brightness': 7, 'digital': 50, 'logo': 0, 'rim_state': 0, 'rdygo': 1, 'turn_left': 2, 'turn_right': 0, 'ring': 2} | 备注: nan
[2025-08-29 14:28:51.654] [DEBUG] 修改后的LED显示信息:
[2025-08-29 14:28:51.666] [INFO]   屏幕状态: 开
  亮度级别: 7
  数字显示: 50
  LOGO状态: 0 (0关, 1白, 2红)
  护盾状态: 0 (0关, 1白, 2绿)
  ReadyGo状态: 1 (0关, 1白, 2红)
  左转向灯: 2 (0关, 1白, 2橙)
  右转向灯: 0 (0关, 1白, 2橙)
  灯环状态: 2 (0关, 1蓝, 2红)
[2025-08-29 14:28:51.683] [DEBUG] 组包成功，数据长度: 21 字节
[2025-08-29 14:28:51.696] [DEBUG] 发送数据: A5 60 9F A5 03 0D 3B 42 33 33 33 65 7B 37 33 33 33 33 33 2A 55
[2025-08-29 14:28:51.724] [DEBUG] 接收数据超时
[2025-08-29 14:28:51.736] [DEBUG] 组包成功，数据长度: 21 字节
[2025-08-29 14:28:51.746] [DEBUG] 发送数据: A5 60 9F A5 01 0D 3B 42 33 33 33 65 7B 37 33 33 33 33 33 6D 55
[2025-08-29 14:28:51.775] [DEBUG] 接收数据超时
[2025-08-29 14:28:51.784] [INFO] 结果: FAIL | 用时: 0.185s
[2025-08-29 14:28:51.797] [INFO] ==== 执行用例 #5225 ====
[2025-08-29 14:28:51.808] [INFO] 参数: {'screen_on': 1, 'brightness': 7, 'digital': 50, 'logo': 0, 'rim_state': 1, 'rdygo': 1, 'turn_left': 1, 'turn_right': 1, 'ring': 1} | 备注: nan
[2025-08-29 14:28:51.846] [DEBUG] 修改后的LED显示信息:
[2025-08-29 14:28:51.859] [INFO]   屏幕状态: 开
  亮度级别: 7
  数字显示: 50
  LOGO状态: 0 (0关, 1白, 2红)
  护盾状态: 1 (0关, 1白, 2绿)
  ReadyGo状态: 1 (0关, 1白, 2红)
  左转向灯: 1 (0关, 1白, 2橙)
  右转向灯: 1 (0关, 1白, 2橙)
  灯环状态: 1 (0关, 1蓝, 2红)
[2025-08-29 14:28:51.883] [DEBUG] 组包成功，数据长度: 21 字节
[2025-08-29 14:28:51.897] [DEBUG] 发送数据: A5 60 9F A5 03 0D 3B 42 33 33 33 65 DD 35 33 33 33 33 33 B1 55
[2025-08-29 14:28:51.938] [DEBUG] 接收数据超时
[2025-08-29 14:28:51.954] [DEBUG] 组包成功，数据长度: 21 字节
[2025-08-29 14:28:51.967] [DEBUG] 发送数据: A5 60 9F A5 01 0D 3B 42 33 33 33 65 DD 35 33 33 33 33 33 F6 55
[2025-08-29 14:28:51.993] [DEBUG] 接收数据超时
[2025-08-29 14:28:52.001] [INFO] 结果: FAIL | 用时: 0.204s
[2025-08-29 14:28:52.015] [INFO] ==== 执行用例 #5483 ====
[2025-08-29 14:28:52.026] [INFO] 参数: {'screen_on': 1, 'brightness': 7, 'digital': 50, 'logo': 1, 'rim_state': 1, 'rdygo': 2, 'turn_left': 0, 'turn_right': 0, 'ring': 1} | 备注: nan
[2025-08-29 14:28:52.071] [DEBUG] 修改后的LED显示信息:
[2025-08-29 14:28:52.085] [INFO]   屏幕状态: 开
  亮度级别: 7
  数字显示: 50
  LOGO状态: 1 (0关, 1白, 2红)
  护盾状态: 1 (0关, 1白, 2绿)
  ReadyGo状态: 2 (0关, 1白, 2红)
  左转向灯: 0 (0关, 1白, 2橙)
  右转向灯: 0 (0关, 1白, 2橙)
  灯环状态: 1 (0关, 1蓝, 2红)
[2025-08-29 14:28:52.107] [DEBUG] 组包成功，数据长度: 21 字节
[2025-08-29 14:28:52.122] [DEBUG] 发送数据: A5 60 9F A5 03 0D 3B 42 33 33 33 E5 45 35 33 33 33 33 33 11 55
[2025-08-29 14:28:52.156] [DEBUG] 接收数据超时
[2025-08-29 14:28:52.170] [DEBUG] 组包成功，数据长度: 21 字节
[2025-08-29 14:28:52.181] [DEBUG] 发送数据: A5 60 9F A5 01 0D 3B 42 33 33 33 E5 45 35 33 33 33 33 33 56 55
[2025-08-29 14:28:52.208] [DEBUG] 接收数据超时
[2025-08-29 14:28:52.221] [INFO] 结果: FAIL | 用时: 0.206s
[2025-08-29 14:28:52.236] [INFO] ==== 执行用例 #5620 ====
[2025-08-29 14:28:52.247] [INFO] 参数: {'screen_on': 1, 'brightness': 7, 'digital': 50, 'logo': 2, 'rim_state': 0, 'rdygo': 1, 'turn_left': 0, 'turn_right': 1, 'ring': 0} | 备注: nan
[2025-08-29 14:28:52.283] [DEBUG] 修改后的LED显示信息:
[2025-08-29 14:28:52.296] [INFO]   屏幕状态: 开
  亮度级别: 7
  数字显示: 50
  LOGO状态: 2 (0关, 1白, 2红)
  护盾状态: 0 (0关, 1白, 2绿)
  ReadyGo状态: 1 (0关, 1白, 2红)
  左转向灯: 0 (0关, 1白, 2橙)
  右转向灯: 1 (0关, 1白, 2橙)
  灯环状态: 0 (0关, 1蓝, 2红)
[2025-08-29 14:28:52.319] [DEBUG] 组包成功，数据长度: 21 字节
[2025-08-29 14:28:52.331] [DEBUG] 发送数据: A5 60 9F A5 03 0D 3B 42 33 33 33 65 BC 33 33 33 33 33 33 1D 55
[2025-08-29 14:28:52.356] [DEBUG] 接收数据超时
[2025-08-29 14:28:52.367] [DEBUG] 组包成功，数据长度: 21 字节
[2025-08-29 14:28:52.378] [DEBUG] 发送数据: A5 60 9F A5 01 0D 3B 42 33 33 33 65 BC 33 33 33 33 33 33 5A 55
[2025-08-29 14:28:52.401] [DEBUG] 接收数据超时
[2025-08-29 14:28:52.417] [INFO] 结果: FAIL | 用时: 0.180s
[2025-08-29 14:28:52.428] [INFO] ==== 执行用例 #6111 ====
[2025-08-29 14:28:52.441] [INFO] 参数: {'screen_on': 1, 'brightness': 7, 'digital': 100, 'logo': 1, 'rim_state': 0, 'rdygo': 1, 'turn_left': 0, 'turn_right': 2, 'ring': 2} | 备注: nan
[2025-08-29 14:28:52.483] [DEBUG] 修改后的LED显示信息:
[2025-08-29 14:28:52.498] [INFO]   屏幕状态: 开
  亮度级别: 7
  数字显示: 100
  LOGO状态: 1 (0关, 1白, 2红)
  护盾状态: 0 (0关, 1白, 2绿)
  ReadyGo状态: 1 (0关, 1白, 2红)
  左转向灯: 0 (0关, 1白, 2橙)
  右转向灯: 2 (0关, 1白, 2橙)
  灯环状态: 2 (0关, 1蓝, 2红)
[2025-08-29 14:28:52.523] [DEBUG] 组包成功，数据长度: 21 字节
[2025-08-29 14:28:52.536] [DEBUG] 发送数据: A5 60 9F A5 03 0D 3B 42 33 33 33 17 3B 38 33 33 33 33 33 BB 55
[2025-08-29 14:28:52.573] [DEBUG] 接收数据超时
[2025-08-29 14:28:52.588] [DEBUG] 组包成功，数据长度: 21 字节
[2025-08-29 14:28:52.599] [DEBUG] 发送数据: A5 60 9F A5 01 0D 3B 42 33 33 33 17 3B 38 33 33 33 33 33 FC 55
[2025-08-29 14:28:52.626] [DEBUG] 接收数据超时
[2025-08-29 14:28:52.637] [INFO] 结果: FAIL | 用时: 0.209s
[2025-08-29 14:28:52.649] [INFO] ==== 执行用例 #6139 ====
[2025-08-29 14:28:52.663] [INFO] 参数: {'screen_on': 1, 'brightness': 7, 'digital': 100, 'logo': 1, 'rim_state': 0, 'rdygo': 2, 'turn_left': 1, 'turn_right': 0, 'ring': 0} | 备注: nan
[2025-08-29 14:28:52.703] [DEBUG] 修改后的LED显示信息:
[2025-08-29 14:28:52.716] [INFO]   屏幕状态: 开
  亮度级别: 7
  数字显示: 100
  LOGO状态: 1 (0关, 1白, 2红)
  护盾状态: 0 (0关, 1白, 2绿)
  ReadyGo状态: 2 (0关, 1白, 2红)
  左转向灯: 1 (0关, 1白, 2橙)
  右转向灯: 0 (0关, 1白, 2橙)
  灯环状态: 0 (0关, 1蓝, 2红)
[2025-08-29 14:28:52.737] [DEBUG] 组包成功，数据长度: 21 字节
[2025-08-29 14:28:52.749] [DEBUG] 发送数据: A5 60 9F A5 03 0D 3B 42 33 33 33 17 63 33 33 33 33 33 33 91 55
[2025-08-29 14:28:52.775] [DEBUG] 接收数据超时
[2025-08-29 14:28:52.790] [DEBUG] 组包成功，数据长度: 21 字节
[2025-08-29 14:28:52.800] [DEBUG] 发送数据: A5 60 9F A5 01 0D 3B 42 33 33 33 17 63 33 33 33 33 33 33 D6 55
[2025-08-29 14:28:52.826] [DEBUG] 接收数据超时
[2025-08-29 14:28:52.836] [INFO] 结果: FAIL | 用时: 0.187s
[2025-08-29 14:28:52.845] [INFO] ==== 执行用例 #6141 ====
[2025-08-29 14:28:52.856] [INFO] 参数: {'screen_on': 1, 'brightness': 7, 'digital': 100, 'logo': 1, 'rim_state': 0, 'rdygo': 2, 'turn_left': 1, 'turn_right': 0, 'ring': 2} | 备注: nan
[2025-08-29 14:28:52.897] [DEBUG] 修改后的LED显示信息:
[2025-08-29 14:28:52.911] [INFO]   屏幕状态: 开
  亮度级别: 7
  数字显示: 100
  LOGO状态: 1 (0关, 1白, 2红)
  护盾状态: 0 (0关, 1白, 2绿)
  ReadyGo状态: 2 (0关, 1白, 2红)
  左转向灯: 1 (0关, 1白, 2橙)
  右转向灯: 0 (0关, 1白, 2橙)
  灯环状态: 2 (0关, 1蓝, 2红)
[2025-08-29 14:28:52.937] [DEBUG] 组包成功，数据长度: 21 字节
[2025-08-29 14:28:52.950] [DEBUG] 发送数据: A5 60 9F A5 03 0D 3B 42 33 33 33 17 63 37 33 33 33 33 33 C4 55
[2025-08-29 14:28:52.983] [DEBUG] 接收数据超时
[2025-08-29 14:28:52.996] [DEBUG] 组包成功，数据长度: 21 字节
[2025-08-29 14:28:53.008] [DEBUG] 发送数据: A5 60 9F A5 01 0D 3B 42 33 33 33 17 63 37 33 33 33 33 33 83 55
[2025-08-29 14:28:53.037] [DEBUG] 接收数据超时
[2025-08-29 14:28:53.047] [INFO] 结果: FAIL | 用时: 0.202s
[2025-08-29 14:28:53.057] [INFO] ==== 执行用例 #6276 ====
[2025-08-29 14:28:53.067] [INFO] 参数: {'screen_on': 1, 'brightness': 7, 'digital': 100, 'logo': 1, 'rim_state': 2, 'rdygo': 1, 'turn_left': 1, 'turn_right': 0, 'ring': 2} | 备注: nan
[2025-08-29 14:28:53.100] [DEBUG] 修改后的LED显示信息:
[2025-08-29 14:28:53.116] [INFO]   屏幕状态: 开
  亮度级别: 7
  数字显示: 100
  LOGO状态: 1 (0关, 1白, 2红)
  护盾状态: 2 (0关, 1白, 2绿)
  ReadyGo状态: 1 (0关, 1白, 2红)
  左转向灯: 1 (0关, 1白, 2橙)
  右转向灯: 0 (0关, 1白, 2橙)
  灯环状态: 2 (0关, 1蓝, 2红)
[2025-08-29 14:28:53.137] [DEBUG] 组包成功，数据长度: 21 字节
[2025-08-29 14:28:53.149] [DEBUG] 发送数据: A5 60 9F A5 03 0D 3B 42 33 33 33 17 5F 37 33 33 33 33 33 37 55
[2025-08-29 14:28:53.175] [DEBUG] 接收数据超时
[2025-08-29 14:28:53.188] [DEBUG] 组包成功，数据长度: 21 字节
[2025-08-29 14:28:53.197] [DEBUG] 发送数据: A5 60 9F A5 01 0D 3B 42 33 33 33 17 5F 37 33 33 33 33 33 70 55
[2025-08-29 14:28:53.224] [DEBUG] 接收数据超时
[2025-08-29 14:28:53.233] [INFO] 结果: FAIL | 用时: 0.177s
[2025-08-29 14:28:53.243] [INFO] 开始压力循环: 次数=1, 间隔=0.5s, 参数={'screen_on': 1, 'brightness': 5, 'digital': 50, 'logo': 1, 'rim_state': 0, 'rdygo': 1, 'turn_left': 1, 'turn_right': 1, 'ring': 0}
[2025-08-29 14:28:53.276] [DEBUG] 修改后的LED显示信息:
[2025-08-29 14:28:53.288] [INFO]   屏幕状态: 开
  亮度级别: 5
  数字显示: 50
  LOGO状态: 1 (0关, 1白, 2红)
  护盾状态: 0 (0关, 1白, 2绿)
  ReadyGo状态: 1 (0关, 1白, 2红)
  左转向灯: 1 (0关, 1白, 2橙)
  右转向灯: 1 (0关, 1白, 2橙)
  灯环状态: 0 (0关, 1蓝, 2红)
[2025-08-29 14:28:53.308] [DEBUG] 组包成功，数据长度: 21 字节
[2025-08-29 14:28:53.320] [DEBUG] 发送数据: A5 60 9F A5 03 0D 3B 3E 33 33 33 E5 DB 33 33 33 33 33 33 67 55
[2025-08-29 14:28:53.341] [DEBUG] 接收数据: A5 60 9F A5 83 55 33 93 7F 63 64 33 33 33 33 33 33 33 33 33 33 33 33 33 33 33 33 33 33 33 33 33 33 33 33 33 33 33 33 33 33 33 33 89 66 69 66 65 85 64 63 64 76 63 64 92 75 A7 63 65 33 33 33 33 33 37 33 36 33 33 33 3E 33 33 33 E5 DB 33 33 33 33 33 33 33 33 33 33 33 33 33 33 19 55 A5 60 9F A5 81 0D 3B 3E 33 33 33 E5 DB 33 33 33 33 33 33 17 55 A5 60 9F A5 83 55 33 93 7F 63 64 33 33 33 33 33 33 33 33 33 33 33 33 33 33 33 33 33 33 33 33 33 33 33 33 33 33 33 33 33 33 33 33 89 66 69 66 65 85 64 63 64 76 63 64 92 75 A7 63 65 33 33 33 33 33 37 33 36 33 33 33 40 33 33 33 E5 5D 33 33 33 33 33 33 33 33 33 33 33 33 33 33 F9 55 A5 60 9F A5 81 0D 3B 40 33 33 33 E5 5D 33 33 33 33 33 33 93 55 A5 60 9F A5 83 55 33 93 7F 63 64 33 33 33 33 33 33 33 33 33 33 33 33 33 33 33 33 33 33 33 33 33 33 33 33 33 33 33 33 33 33 33 33 89 66 69 66 65 85 64 63 64 76 63 64 92 75 A7 63 65 33 33 33 33 33 37 33 36 33 33 33 40 33 33 33 65 68 34 33 33 33 33 33 33 33 33 33 33 33 33 33 74 55 A5 60 9F A5 81 0D 3B 40 33 33 33 65 68 34 33 33 33 33 33 C8 55 A5 60 9F A5 83 55 33 93 7F 63 64 33 33 33 33 33 33 33 33 33 33 33 33 33 33 33 33 33 33 33 33 33 33 33 33 33 33 33 33 33 33 33 33 89 66 69 66 65 85 64 63 64 76 63 64 92 75 A7 63 65 33 33 33 33 33 37 33 36 33 33 33 40 33 33 33 97 65 37 33 33 33 33 33 33 33 33 33 33 33 33 33 7A 55 A5 60 9F A5 81 0D 3B 40 33 33 33 97 65 37 33 33 33 33 33 A5 55 A5 60 9F A5 83 55 33 93 7F 63 64 33 33 33 33 33 33 33 33 33 33 33 33 33 33 33 33 33 33 33 33 33 33 33 33 33 33 33 33 33 33 33 33 89 66 69 66 65 85 64 63 64 76 63 64 92 75 A7 63 65 33 33 33 33 33 37 33 37 33 33 33 40 33 33 33 17 43 37 33 33 33 33 33 33 33 33 33 33 33 33 33 5A 55 A5 60 9F A5 81 0D 3B 40 33 33 33 17 43 37 33 33 33 33 33 56 55 A5 60 9F A5 83 55 33 93 7F 63 64 33 33 33 33 33 33 33 33 33 33 33 33 33 33 33 33 33 33 33 33 33 33 33 33 33 33 33 33 33 33 33 33 89 66 69 66 65 85 64 63 64 76 63 64 92 75 A7 63 65 33 33 33 34 33 37 33 37 33 33 33 40 33 33 33 97 84 37 33 33 33 33 33 33 33 33 33 33 33 33 33 E5 55 A5 60 9F A5 81 0D 3B 40 33 33 33 97 84 37 33 33 33 33 33 D1 55 A5 60 9F A5 83 55 33 93 7F 63 64 33 33 33 33 33 33 33 33 33 33 33 33 33 33 33 33 33 33 33 33 33 33 33 33 33 33 33 33 33 33 33 33 89 66 69 66 65 85 64 63 64 76 63 64 92 75 A7 63 65 33 33 33 34 33 37 33 36 33 33 33 42 33 33 33 65 7B 37 33 33 33 33 33 33 33 33 33 33 33 33 33 7B 55 A5 60 9F A5 81 0D 3B 42 33 33 33 65 7B 37 33 33 33 33 33 5A 55 A5 60 9F A5 83 55 33 93 7F 63 64 33 33 33 33 33 33 33 33 33 33 33 33 33 33 33 33 33 33 33 33 33 33 33 33 33 33 33 33 33 33 33 33 89 66 69 66 65 85 64 63 64 76 63 64 92 75 A7 63 65 33 33 33 33 33 37 33 38 33 33 33 42 33 33 33 65 DD 35 33 33 33 33 33 33 33 33 33 33 33 33 33 90 55 A5 60 9F A5 81 0D 3B 42 33 33 33 65 DD 35 33 33 33 33 33 C1 55 A5 60 9F A5 83 55 33 93 7F 63 64 33 33 33 33 33 33 33 33 33 33 33 33 33 33 33 33 33 33 33 33 33 33 33 33 33 33 33 33 33 33 33 33 89 66 69 66 65 85 64 63 64 76 63 64 92 75 A7 63 65 33 33 33 33 33 37 33 37 33 33 33 42 33 33 33 E5 45 35 33 33 33 33 33 33 33 33 33 33 33 33 33 F8 55 A5 60 9F A5 81 0D 3B 42 33 33 33 E5 45 35 33 33 33 33 33 61 55 A5 60 9F A5 83 55 33 93 7F 63 64 33 33 33 33 33 33 33 33 33 33 33 33 33 33 33 33 33 33 33 33 33 33 33 33 33 33 33 33 33 33 33 33 89 66 69 66 65 85 64 63 64 76 63 64 92 75 A7 63 65 33 33 33 33 33 37 33 36 33 33 33 42 33 33 33 65 BC 33 33 33 33 33 33 33 33 33 33 33 33 33 33 43 55 A5 60 9F A5 81 0D 3B 42 33 33 33 65 BC 33 33 33 33 33 33 6D 55 A5 60 9F A5 83 55 33 93 7F 63 64 33 33 33 33 33 33 33 33 33 33 33 33 33 33 33 33 33 33 33 33 33 33 33 33 33 33 33 33 33 33 33 33 89 66 69 66 65 85 64 63 64 76 63 64 92 75 A7 63 65 33 33 33 33 33 37 33 36 33 33 33 42 33 33 33 17 3B 38 33 33 33 33 33 33 33 33 33 33 33 33 33 1A 55 A5 60 9F A5 81 0D 3B 42 33 33 33 17 3B 38 33 33 33 33 33 CB 55 A5 60 9F A5 83 55 33 93 7F 63 64 33 33 33 33 33 33 33 33 33 33 33 33 33 33 33 33 33 33 33 33 33 33 33 33 33 33 33 33 33 33 33 33 89 66 69 66 65 85 64 63 64 76 63 64 92 75 A7 63 65 33 33 33 33 33 37 33 36 33 33 33 42 33 33 33 17 63 33 33 33 33 33 33 33 33 33 33 33 33 33 33 9D 55 A5 60 9F A5 81 0D 3B 42 33 33 33 17 63 33 33 33 33 33 33 E1 55 A5 60 9F A5 83 55 33 93 7F 63 64 33 33 33 33 33 33 33 33 33 33 33 33 33 33 33 33 33 33 33 33 33 33 33 33 33 33 33 33 33 33 33 33 89 66 69 66 65 85 64 63 64 76 63 64 92 75 A7 63 65 33 33 33 33 33 37 33 36 33 33 33 42 33 33 33 17 63 37 33 33 33 33 33 33 33 33 33 33 33 33 33 02 55 A5 60 9F A5 81 0D 3B 42 33 33 33 17 63 37 33 33 33 33 33 B4 55 A5 60 9F A5 83 55 33 93 7F 63 64 33 33 33 33 33 33 33 33 33 33 33 33 33 33 33 33 33 33 33 33 33 33 33 33 33 33 33 33 33 33 33 33 89 66 69 66 65 85 64 63 64 76 63 64 92 75 A7 63 65 33 33 33 33 33 37 33 37 33 33 33 42 33 33 33 17 5F 37 33 33 33 33 33 33 33 33 33 33 33 33 33 7E 55 A5 60 9F A5 81 0D 3B 42 33 33 33 17 5F 37 33 33 33 33 33 47 55
[2025-08-29 14:28:53.371] [ERROR] 数据解析失败，返回码: 0
[2025-08-29 14:28:53.893] [INFO] [循环 1/1] 发送 OK
[2025-08-29 14:28:54.473] [INFO] 已保存结果: reports\2025-08-29_14-28-50\results.csv
[2025-08-29 14:28:54.639] [INFO] 已生成报告: reports\2025-08-29_14-28-50\report.html
[2025-08-29 14:28:54.778] [DEBUG] 串口已关闭
[2025-08-29 14:28:54.857] [INFO] 程序结束
