[2025-08-29 12:27:54.862] [INFO] 初始化 BLE 协议通信...
[2025-08-29 12:27:57.013] [INFO] 加载用例 16 条 来自: testcases.xlsx
[2025-08-29 12:27:57.051] [INFO] ==== 执行用例 #219 ====
[2025-08-29 12:27:57.052] [INFO] 参数: {'screen_on': 1, 'brightness': 5, 'digital': 0, 'logo': 0, 'rim_state': 2, 'rdygo': 2, 'turn_left': 0, 'turn_right': 0, 'ring': 2} | 备注: nan
[2025-08-29 12:27:57.078] [DEBUG] 修改后的LED显示信息:
[2025-08-29 12:27:57.085] [INFO]   屏幕状态: 开
  亮度级别: 5
  数字显示: 0
  LOGO状态: 0 (0关, 1白, 2红)
  护盾状态: 2 (0关, 1白, 2绿)
  ReadyGo状态: 2 (0关, 1白, 2红)
  左转向灯: 0 (0关, 1白, 2橙)
  右转向灯: 0 (0关, 1白, 2橙)
  灯环状态: 2 (0关, 1蓝, 2红)
[2025-08-29 12:27:57.101] [DEBUG] 组包成功，数据长度: 21 字节
[2025-08-29 12:27:57.113] [DEBUG] 发送数据: A5 60 9F A5 03 0D 3B 3E 33 33 33 33 47 37 33 33 33 33 33 82 55
[2025-08-29 12:27:58.138] [DEBUG] 接收数据: A5 60 9F A5 83 55 33 93 7F 63 64 33 33 33 33 33 33 33 33 33 33 33 33 33 33 33 33 33 33 33 33 33 33 33 33 33 33 33 33 33 33 33 33 89 66 69 66 65 85 64 63 64 76 63 64 92 75 A7 63 65 33 33 33 33 33 33 33 38 33 33 33 3E 33 33 33 33 47 37 33 33 33 33 33 33 33 33 33 33 33 33 33 E9 55
[2025-08-29 12:27:58.198] [DEBUG] 数据解析成功:
[2025-08-29 12:27:58.209] [INFO]   ID: 0x60
  命令: 0x83 (读)
  寄存器地址: 0x00
  寄存器数量: 0
[2025-08-29 12:27:58.229] [DEBUG] 组包成功，数据长度: 21 字节
[2025-08-29 12:27:58.245] [DEBUG] 发送数据: A5 60 9F A5 01 0D 3B 3E 33 33 33 33 47 37 33 33 33 33 33 C5 55
[2025-08-29 12:27:59.275] [DEBUG] 接收数据: A5 60 9F A5 81 0D 3B 3E 33 33 33 33 47 37 33 33 33 33 33 F2 55
[2025-08-29 12:27:59.310] [DEBUG] 数据解析成功:
[2025-08-29 12:27:59.329] [INFO]   ID: 0x60
  命令: 0x81 (读)
  寄存器地址: 0x08
  寄存器数量: 0
[2025-08-29 12:27:59.357] [INFO] 
全局变量中的LED显示信息已更新:
[2025-08-29 12:27:59.381] [INFO]   屏幕状态: 开
  亮度级别: 5
  数字显示: 0
  LOGO状态: 0 (0关, 1白, 2红)
  护盾状态: 2 (0关, 1白, 2绿)
  ReadyGo状态: 2 (0关, 1白, 2红)
  左转向灯: 0 (0关, 1白, 2橙)
  右转向灯: 0 (0关, 1白, 2橙)
  灯环状态: 2 (0关, 1蓝, 2红)
[2025-08-29 12:27:59.399] [INFO] 结果: PASS | 用时: 2.348s
[2025-08-29 12:27:59.612] [INFO] ==== 执行用例 #540 ====
[2025-08-29 12:27:59.633] [INFO] 参数: {'screen_on': 1, 'brightness': 5, 'digital': 0, 'logo': 2, 'rim_state': 0, 'rdygo': 1, 'turn_left': 2, 'turn_right': 2, 'ring': 2} | 备注: nan
[2025-08-29 12:27:59.671] [DEBUG] 修改后的LED显示信息:
[2025-08-29 12:27:59.685] [INFO]   屏幕状态: 开
  亮度级别: 5
  数字显示: 0
  LOGO状态: 2 (0关, 1白, 2红)
  护盾状态: 0 (0关, 1白, 2绿)
  ReadyGo状态: 1 (0关, 1白, 2红)
  左转向灯: 2 (0关, 1白, 2橙)
  右转向灯: 2 (0关, 1白, 2橙)
  灯环状态: 2 (0关, 1蓝, 2红)
[2025-08-29 12:27:59.704] [DEBUG] 组包成功，数据长度: 21 字节
[2025-08-29 12:27:59.714] [DEBUG] 发送数据: A5 60 9F A5 03 0D 3B 3E 33 33 33 33 7C 38 33 33 33 33 33 29 55
[2025-08-29 12:28:00.740] [DEBUG] 接收数据: A5 60 9F A5 83 55 33 93 7F 63 64 33 33 33 33 33 33 33 33 33 33 33 33 33 33 33 33 33 33 33 33 33 33 33 33 33 33 33 33 33 33 33 33 89 66 69 66 65 85 64 63 64 76 63 64 92 75 A7 63 65 33 33 33 33 33 37 33 3A 33 33 33 3E 33 33 33 33 7C 38 33 33 33 33 33 33 33 33 33 33 33 33 33 38 55
[2025-08-29 12:28:00.793] [DEBUG] 数据解析成功:
[2025-08-29 12:28:00.808] [INFO]   ID: 0x60
  命令: 0x83 (读)
  寄存器地址: 0x00
  寄存器数量: 0
[2025-08-29 12:28:00.837] [DEBUG] 组包成功，数据长度: 21 字节
[2025-08-29 12:28:00.852] [DEBUG] 发送数据: A5 60 9F A5 01 0D 3B 3E 33 33 33 33 7C 38 33 33 33 33 33 6E 55
[2025-08-29 12:28:01.889] [DEBUG] 接收数据: A5 60 9F A5 81 0D 3B 3E 33 33 33 33 7C 38 33 33 33 33 33 59 55
[2025-08-29 12:28:01.922] [DEBUG] 数据解析成功:
[2025-08-29 12:28:01.936] [INFO]   ID: 0x60
  命令: 0x81 (读)
  寄存器地址: 0x08
  寄存器数量: 0
[2025-08-29 12:28:01.960] [INFO] 
全局变量中的LED显示信息已更新:
[2025-08-29 12:28:01.982] [INFO]   屏幕状态: 开
  亮度级别: 5
  数字显示: 0
  LOGO状态: 2 (0关, 1白, 2红)
  护盾状态: 0 (0关, 1白, 2绿)
  ReadyGo状态: 1 (0关, 1白, 2红)
  左转向灯: 2 (0关, 1白, 2橙)
  右转向灯: 2 (0关, 1白, 2橙)
  灯环状态: 2 (0关, 1蓝, 2红)
[2025-08-29 12:28:02.000] [INFO] 结果: PASS | 用时: 2.388s
[2025-08-29 12:28:02.213] [INFO] ==== 执行用例 #1012 ====
[2025-08-29 12:28:02.237] [INFO] 参数: {'screen_on': 1, 'brightness': 5, 'digital': 50, 'logo': 1, 'rim_state': 0, 'rdygo': 1, 'turn_left': 1, 'turn_right': 1, 'ring': 0} | 备注: nan
[2025-08-29 12:28:02.274] [DEBUG] 修改后的LED显示信息:
[2025-08-29 12:28:02.286] [INFO]   屏幕状态: 开
  亮度级别: 5
  数字显示: 50
  LOGO状态: 1 (0关, 1白, 2红)
  护盾状态: 0 (0关, 1白, 2绿)
  ReadyGo状态: 1 (0关, 1白, 2红)
  左转向灯: 1 (0关, 1白, 2橙)
  右转向灯: 1 (0关, 1白, 2橙)
  灯环状态: 0 (0关, 1蓝, 2红)
[2025-08-29 12:28:02.299] [DEBUG] 组包成功，数据长度: 21 字节
[2025-08-29 12:28:02.312] [DEBUG] 发送数据: A5 60 9F A5 03 0D 3B 3E 33 33 33 E5 DB 33 33 33 33 33 33 67 55
[2025-08-29 12:28:02.338] [DEBUG] 接收数据超时
[2025-08-29 12:28:02.346] [DEBUG] 组包成功，数据长度: 21 字节
[2025-08-29 12:28:02.353] [DEBUG] 发送数据: A5 60 9F A5 01 0D 3B 3E 33 33 33 E5 DB 33 33 33 33 33 33 20 55
[2025-08-29 12:28:02.372] [DEBUG] 接收数据超时
[2025-08-29 12:28:02.381] [INFO] 结果: FAIL | 用时: 0.167s
[2025-08-29 12:28:02.391] [INFO] ==== 执行用例 #3277 ====
[2025-08-29 12:28:02.397] [INFO] 参数: {'screen_on': 1, 'brightness': 6, 'digital': 50, 'logo': 1, 'rim_state': 1, 'rdygo': 1, 'turn_left': 1, 'turn_right': 0, 'ring': 0} | 备注: nan
[2025-08-29 12:28:02.427] [DEBUG] 修改后的LED显示信息:
[2025-08-29 12:28:02.435] [INFO]   屏幕状态: 开
  亮度级别: 6
  数字显示: 50
  LOGO状态: 1 (0关, 1白, 2红)
  护盾状态: 1 (0关, 1白, 2绿)
  ReadyGo状态: 1 (0关, 1白, 2红)
  左转向灯: 1 (0关, 1白, 2橙)
  右转向灯: 0 (0关, 1白, 2橙)
  灯环状态: 0 (0关, 1蓝, 2红)
[2025-08-29 12:28:02.456] [DEBUG] 组包成功，数据长度: 21 字节
[2025-08-29 12:28:02.466] [DEBUG] 发送数据: A5 60 9F A5 03 0D 3B 40 33 33 33 E5 5D 33 33 33 33 33 33 E3 55
[2025-08-29 12:28:02.493] [DEBUG] 接收数据超时
[2025-08-29 12:28:02.507] [DEBUG] 组包成功，数据长度: 21 字节
[2025-08-29 12:28:02.521] [DEBUG] 发送数据: A5 60 9F A5 01 0D 3B 40 33 33 33 E5 5D 33 33 33 33 33 33 A4 55
[2025-08-29 12:28:02.547] [DEBUG] 接收数据超时
[2025-08-29 12:28:02.555] [INFO] 结果: FAIL | 用时: 0.165s
[2025-08-29 12:28:02.568] [INFO] ==== 执行用例 #3634 ====
[2025-08-29 12:28:02.580] [INFO] 参数: {'screen_on': 1, 'brightness': 6, 'digital': 50, 'logo': 2, 'rim_state': 2, 'rdygo': 2, 'turn_left': 1, 'turn_right': 2, 'ring': 0} | 备注: nan
[2025-08-29 12:28:02.614] [DEBUG] 修改后的LED显示信息:
[2025-08-29 12:28:02.631] [INFO]   屏幕状态: 开
  亮度级别: 6
  数字显示: 50
  LOGO状态: 2 (0关, 1白, 2红)
  护盾状态: 2 (0关, 1白, 2绿)
  ReadyGo状态: 2 (0关, 1白, 2红)
  左转向灯: 1 (0关, 1白, 2橙)
  右转向灯: 2 (0关, 1白, 2橙)
  灯环状态: 0 (0关, 1蓝, 2红)
[2025-08-29 12:28:02.652] [DEBUG] 组包成功，数据长度: 21 字节
[2025-08-29 12:28:02.664] [DEBUG] 发送数据: A5 60 9F A5 03 0D 3B 40 33 33 33 65 68 34 33 33 33 33 33 B8 55
[2025-08-29 12:28:02.695] [DEBUG] 接收数据超时
[2025-08-29 12:28:02.707] [DEBUG] 组包成功，数据长度: 21 字节
[2025-08-29 12:28:02.716] [DEBUG] 发送数据: A5 60 9F A5 01 0D 3B 40 33 33 33 65 68 34 33 33 33 33 33 FF 55
[2025-08-29 12:28:02.738] [DEBUG] 接收数据超时
[2025-08-29 12:28:02.746] [INFO] 结果: FAIL | 用时: 0.179s
[2025-08-29 12:28:02.755] [INFO] ==== 执行用例 #3792 ====
[2025-08-29 12:28:02.768] [INFO] 参数: {'screen_on': 1, 'brightness': 6, 'digital': 100, 'logo': 0, 'rim_state': 1, 'rdygo': 2, 'turn_left': 1, 'turn_right': 0, 'ring': 2} | 备注: nan
[2025-08-29 12:28:02.800] [DEBUG] 修改后的LED显示信息:
[2025-08-29 12:28:02.810] [INFO]   屏幕状态: 开
  亮度级别: 6
  数字显示: 100
  LOGO状态: 0 (0关, 1白, 2红)
  护盾状态: 1 (0关, 1白, 2绿)
  ReadyGo状态: 2 (0关, 1白, 2红)
  左转向灯: 1 (0关, 1白, 2橙)
  右转向灯: 0 (0关, 1白, 2橙)
  灯环状态: 2 (0关, 1蓝, 2红)
[2025-08-29 12:28:02.830] [DEBUG] 组包成功，数据长度: 21 字节
[2025-08-29 12:28:02.838] [DEBUG] 发送数据: A5 60 9F A5 03 0D 3B 40 33 33 33 97 65 37 33 33 33 33 33 D5 55
[2025-08-29 12:28:02.869] [DEBUG] 接收数据超时
[2025-08-29 12:28:02.880] [DEBUG] 组包成功，数据长度: 21 字节
[2025-08-29 12:28:02.896] [DEBUG] 发送数据: A5 60 9F A5 01 0D 3B 40 33 33 33 97 65 37 33 33 33 33 33 92 55
[2025-08-29 12:28:02.921] [DEBUG] 接收数据超时
[2025-08-29 12:28:02.929] [INFO] 结果: FAIL | 用时: 0.174s
[2025-08-29 12:28:02.942] [INFO] ==== 执行用例 #3945 ====
[2025-08-29 12:28:02.951] [INFO] 参数: {'screen_on': 1, 'brightness': 6, 'digital': 100, 'logo': 1, 'rim_state': 0, 'rdygo': 2, 'turn_left': 0, 'turn_right': 0, 'ring': 2} | 备注: nan
[2025-08-29 12:28:02.984] [DEBUG] 修改后的LED显示信息:
[2025-08-29 12:28:02.996] [INFO]   屏幕状态: 开
  亮度级别: 6
  数字显示: 100
  LOGO状态: 1 (0关, 1白, 2红)
  护盾状态: 0 (0关, 1白, 2绿)
  ReadyGo状态: 2 (0关, 1白, 2红)
  左转向灯: 0 (0关, 1白, 2橙)
  右转向灯: 0 (0关, 1白, 2橙)
  灯环状态: 2 (0关, 1蓝, 2红)
[2025-08-29 12:28:03.014] [DEBUG] 组包成功，数据长度: 21 字节
[2025-08-29 12:28:03.026] [DEBUG] 发送数据: A5 60 9F A5 03 0D 3B 40 33 33 33 17 43 37 33 33 33 33 33 26 55
[2025-08-29 12:28:03.051] [DEBUG] 接收数据超时
[2025-08-29 12:28:03.059] [DEBUG] 组包成功，数据长度: 21 字节
[2025-08-29 12:28:03.072] [DEBUG] 发送数据: A5 60 9F A5 01 0D 3B 40 33 33 33 17 43 37 33 33 33 33 33 61 55
[2025-08-29 12:28:03.093] [DEBUG] 接收数据超时
[2025-08-29 12:28:03.102] [INFO] 结果: FAIL | 用时: 0.160s
[2025-08-29 12:28:03.115] [INFO] ==== 执行用例 #4206 ====
[2025-08-29 12:28:03.128] [INFO] 参数: {'screen_on': 1, 'brightness': 6, 'digital': 100, 'logo': 2, 'rim_state': 0, 'rdygo': 2, 'turn_left': 2, 'turn_right': 0, 'ring': 2} | 备注: nan
[2025-08-29 12:28:03.167] [DEBUG] 修改后的LED显示信息:
[2025-08-29 12:28:03.180] [INFO]   屏幕状态: 开
  亮度级别: 6
  数字显示: 100
  LOGO状态: 2 (0关, 1白, 2红)
  护盾状态: 0 (0关, 1白, 2绿)
  ReadyGo状态: 2 (0关, 1白, 2红)
  左转向灯: 2 (0关, 1白, 2橙)
  右转向灯: 0 (0关, 1白, 2橙)
  灯环状态: 2 (0关, 1蓝, 2红)
[2025-08-29 12:28:03.202] [DEBUG] 组包成功，数据长度: 21 字节
[2025-08-29 12:28:03.215] [DEBUG] 发送数据: A5 60 9F A5 03 0D 3B 40 33 33 33 97 84 37 33 33 33 33 33 A1 55
[2025-08-29 12:28:03.244] [DEBUG] 接收数据超时
[2025-08-29 12:28:03.256] [DEBUG] 组包成功，数据长度: 21 字节
[2025-08-29 12:28:03.267] [DEBUG] 发送数据: A5 60 9F A5 01 0D 3B 40 33 33 33 97 84 37 33 33 33 33 33 E6 55
[2025-08-29 12:28:03.286] [DEBUG] 接收数据超时
[2025-08-29 12:28:03.296] [INFO] 结果: FAIL | 用时: 0.181s
[2025-08-29 12:28:03.306] [INFO] ==== 执行用例 #5151 ====
[2025-08-29 12:28:03.315] [INFO] 参数: {'screen_on': 1, 'brightness': 7, 'digital': 50, 'logo': 0, 'rim_state': 0, 'rdygo': 1, 'turn_left': 2, 'turn_right': 0, 'ring': 2} | 备注: nan
[2025-08-29 12:28:03.343] [DEBUG] 修改后的LED显示信息:
[2025-08-29 12:28:03.355] [INFO]   屏幕状态: 开
  亮度级别: 7
  数字显示: 50
  LOGO状态: 0 (0关, 1白, 2红)
  护盾状态: 0 (0关, 1白, 2绿)
  ReadyGo状态: 1 (0关, 1白, 2红)
  左转向灯: 2 (0关, 1白, 2橙)
  右转向灯: 0 (0关, 1白, 2橙)
  灯环状态: 2 (0关, 1蓝, 2红)
[2025-08-29 12:28:03.376] [DEBUG] 组包成功，数据长度: 21 字节
[2025-08-29 12:28:03.385] [DEBUG] 发送数据: A5 60 9F A5 03 0D 3B 42 33 33 33 65 7B 37 33 33 33 33 33 2A 55
[2025-08-29 12:28:03.415] [DEBUG] 接收数据超时
[2025-08-29 12:28:03.426] [DEBUG] 组包成功，数据长度: 21 字节
[2025-08-29 12:28:03.441] [DEBUG] 发送数据: A5 60 9F A5 01 0D 3B 42 33 33 33 65 7B 37 33 33 33 33 33 6D 55
[2025-08-29 12:28:03.465] [DEBUG] 接收数据超时
[2025-08-29 12:28:03.476] [INFO] 结果: FAIL | 用时: 0.170s
[2025-08-29 12:28:03.485] [INFO] ==== 执行用例 #5225 ====
[2025-08-29 12:28:03.493] [INFO] 参数: {'screen_on': 1, 'brightness': 7, 'digital': 50, 'logo': 0, 'rim_state': 1, 'rdygo': 1, 'turn_left': 1, 'turn_right': 1, 'ring': 1} | 备注: nan
[2025-08-29 12:28:03.526] [DEBUG] 修改后的LED显示信息:
[2025-08-29 12:28:03.540] [INFO]   屏幕状态: 开
  亮度级别: 7
  数字显示: 50
  LOGO状态: 0 (0关, 1白, 2红)
  护盾状态: 1 (0关, 1白, 2绿)
  ReadyGo状态: 1 (0关, 1白, 2红)
  左转向灯: 1 (0关, 1白, 2橙)
  右转向灯: 1 (0关, 1白, 2橙)
  灯环状态: 1 (0关, 1蓝, 2红)
[2025-08-29 12:28:03.559] [DEBUG] 组包成功，数据长度: 21 字节
[2025-08-29 12:28:03.569] [DEBUG] 发送数据: A5 60 9F A5 03 0D 3B 42 33 33 33 65 DD 35 33 33 33 33 33 B1 55
[2025-08-29 12:28:03.593] [DEBUG] 接收数据超时
[2025-08-29 12:28:03.602] [DEBUG] 组包成功，数据长度: 21 字节
[2025-08-29 12:28:03.615] [DEBUG] 发送数据: A5 60 9F A5 01 0D 3B 42 33 33 33 65 DD 35 33 33 33 33 33 F6 55
[2025-08-29 12:28:03.639] [DEBUG] 接收数据超时
[2025-08-29 12:28:03.651] [INFO] 结果: FAIL | 用时: 0.166s
[2025-08-29 12:28:03.663] [INFO] ==== 执行用例 #5483 ====
[2025-08-29 12:28:03.672] [INFO] 参数: {'screen_on': 1, 'brightness': 7, 'digital': 50, 'logo': 1, 'rim_state': 1, 'rdygo': 2, 'turn_left': 0, 'turn_right': 0, 'ring': 1} | 备注: nan
[2025-08-29 12:28:03.709] [DEBUG] 修改后的LED显示信息:
[2025-08-29 12:28:03.722] [INFO]   屏幕状态: 开
  亮度级别: 7
  数字显示: 50
  LOGO状态: 1 (0关, 1白, 2红)
  护盾状态: 1 (0关, 1白, 2绿)
  ReadyGo状态: 2 (0关, 1白, 2红)
  左转向灯: 0 (0关, 1白, 2橙)
  右转向灯: 0 (0关, 1白, 2橙)
  灯环状态: 1 (0关, 1蓝, 2红)
[2025-08-29 12:28:03.748] [DEBUG] 组包成功，数据长度: 21 字节
[2025-08-29 12:28:03.760] [DEBUG] 发送数据: A5 60 9F A5 03 0D 3B 42 33 33 33 E5 45 35 33 33 33 33 33 11 55
[2025-08-29 12:28:03.790] [DEBUG] 接收数据超时
[2025-08-29 12:28:03.803] [DEBUG] 组包成功，数据长度: 21 字节
[2025-08-29 12:28:03.814] [DEBUG] 发送数据: A5 60 9F A5 01 0D 3B 42 33 33 33 E5 45 35 33 33 33 33 33 56 55
[2025-08-29 12:28:03.834] [DEBUG] 接收数据超时
[2025-08-29 12:28:03.846] [INFO] 结果: FAIL | 用时: 0.184s
[2025-08-29 12:28:03.861] [INFO] ==== 执行用例 #5620 ====
[2025-08-29 12:28:03.873] [INFO] 参数: {'screen_on': 1, 'brightness': 7, 'digital': 50, 'logo': 2, 'rim_state': 0, 'rdygo': 1, 'turn_left': 0, 'turn_right': 1, 'ring': 0} | 备注: nan
[2025-08-29 12:28:03.904] [DEBUG] 修改后的LED显示信息:
[2025-08-29 12:28:03.914] [INFO]   屏幕状态: 开
  亮度级别: 7
  数字显示: 50
  LOGO状态: 2 (0关, 1白, 2红)
  护盾状态: 0 (0关, 1白, 2绿)
  ReadyGo状态: 1 (0关, 1白, 2红)
  左转向灯: 0 (0关, 1白, 2橙)
  右转向灯: 1 (0关, 1白, 2橙)
  灯环状态: 0 (0关, 1蓝, 2红)
[2025-08-29 12:28:03.934] [DEBUG] 组包成功，数据长度: 21 字节
[2025-08-29 12:28:03.945] [DEBUG] 发送数据: A5 60 9F A5 03 0D 3B 42 33 33 33 65 BC 33 33 33 33 33 33 1D 55
[2025-08-29 12:28:03.969] [DEBUG] 接收数据超时
[2025-08-29 12:28:03.981] [DEBUG] 组包成功，数据长度: 21 字节
[2025-08-29 12:28:03.991] [DEBUG] 发送数据: A5 60 9F A5 01 0D 3B 42 33 33 33 65 BC 33 33 33 33 33 33 5A 55
[2025-08-29 12:28:04.009] [DEBUG] 接收数据超时
[2025-08-29 12:28:04.022] [INFO] 结果: FAIL | 用时: 0.161s
[2025-08-29 12:28:04.030] [INFO] ==== 执行用例 #6111 ====
[2025-08-29 12:28:04.041] [INFO] 参数: {'screen_on': 1, 'brightness': 7, 'digital': 100, 'logo': 1, 'rim_state': 0, 'rdygo': 1, 'turn_left': 0, 'turn_right': 2, 'ring': 2} | 备注: nan
[2025-08-29 12:28:04.070] [DEBUG] 修改后的LED显示信息:
[2025-08-29 12:28:04.081] [INFO]   屏幕状态: 开
  亮度级别: 7
  数字显示: 100
  LOGO状态: 1 (0关, 1白, 2红)
  护盾状态: 0 (0关, 1白, 2绿)
  ReadyGo状态: 1 (0关, 1白, 2红)
  左转向灯: 0 (0关, 1白, 2橙)
  右转向灯: 2 (0关, 1白, 2橙)
  灯环状态: 2 (0关, 1蓝, 2红)
[2025-08-29 12:28:04.101] [DEBUG] 组包成功，数据长度: 21 字节
[2025-08-29 12:28:04.109] [DEBUG] 发送数据: A5 60 9F A5 03 0D 3B 42 33 33 33 17 3B 38 33 33 33 33 33 BB 55
[2025-08-29 12:28:04.134] [DEBUG] 接收数据超时
[2025-08-29 12:28:04.147] [DEBUG] 组包成功，数据长度: 21 字节
[2025-08-29 12:28:04.157] [DEBUG] 发送数据: A5 60 9F A5 01 0D 3B 42 33 33 33 17 3B 38 33 33 33 33 33 FC 55
[2025-08-29 12:28:04.178] [DEBUG] 接收数据超时
[2025-08-29 12:28:04.188] [INFO] 结果: FAIL | 用时: 0.158s
[2025-08-29 12:28:04.197] [INFO] ==== 执行用例 #6139 ====
[2025-08-29 12:28:04.207] [INFO] 参数: {'screen_on': 1, 'brightness': 7, 'digital': 100, 'logo': 1, 'rim_state': 0, 'rdygo': 2, 'turn_left': 1, 'turn_right': 0, 'ring': 0} | 备注: nan
[2025-08-29 12:28:04.248] [DEBUG] 修改后的LED显示信息:
[2025-08-29 12:28:04.259] [INFO]   屏幕状态: 开
  亮度级别: 7
  数字显示: 100
  LOGO状态: 1 (0关, 1白, 2红)
  护盾状态: 0 (0关, 1白, 2绿)
  ReadyGo状态: 2 (0关, 1白, 2红)
  左转向灯: 1 (0关, 1白, 2橙)
  右转向灯: 0 (0关, 1白, 2橙)
  灯环状态: 0 (0关, 1蓝, 2红)
[2025-08-29 12:28:04.279] [DEBUG] 组包成功，数据长度: 21 字节
[2025-08-29 12:28:04.296] [DEBUG] 发送数据: A5 60 9F A5 03 0D 3B 42 33 33 33 17 63 33 33 33 33 33 33 91 55
[2025-08-29 12:28:04.322] [DEBUG] 接收数据超时
[2025-08-29 12:28:04.336] [DEBUG] 组包成功，数据长度: 21 字节
[2025-08-29 12:28:04.348] [DEBUG] 发送数据: A5 60 9F A5 01 0D 3B 42 33 33 33 17 63 33 33 33 33 33 33 D6 55
[2025-08-29 12:28:04.368] [DEBUG] 接收数据超时
[2025-08-29 12:28:04.380] [INFO] 结果: FAIL | 用时: 0.184s
[2025-08-29 12:28:04.389] [INFO] ==== 执行用例 #6141 ====
[2025-08-29 12:28:04.401] [INFO] 参数: {'screen_on': 1, 'brightness': 7, 'digital': 100, 'logo': 1, 'rim_state': 0, 'rdygo': 2, 'turn_left': 1, 'turn_right': 0, 'ring': 2} | 备注: nan
[2025-08-29 12:28:04.445] [DEBUG] 修改后的LED显示信息:
[2025-08-29 12:28:04.462] [INFO]   屏幕状态: 开
  亮度级别: 7
  数字显示: 100
  LOGO状态: 1 (0关, 1白, 2红)
  护盾状态: 0 (0关, 1白, 2绿)
  ReadyGo状态: 2 (0关, 1白, 2红)
  左转向灯: 1 (0关, 1白, 2橙)
  右转向灯: 0 (0关, 1白, 2橙)
  灯环状态: 2 (0关, 1蓝, 2红)
[2025-08-29 12:28:04.483] [DEBUG] 组包成功，数据长度: 21 字节
[2025-08-29 12:28:04.501] [DEBUG] 发送数据: A5 60 9F A5 03 0D 3B 42 33 33 33 17 63 37 33 33 33 33 33 C4 55
[2025-08-29 12:28:04.533] [DEBUG] 接收数据超时
[2025-08-29 12:28:04.546] [DEBUG] 组包成功，数据长度: 21 字节
[2025-08-29 12:28:04.558] [DEBUG] 发送数据: A5 60 9F A5 01 0D 3B 42 33 33 33 17 63 37 33 33 33 33 33 83 55
[2025-08-29 12:28:04.591] [DEBUG] 接收数据超时
[2025-08-29 12:28:04.600] [INFO] 结果: FAIL | 用时: 0.211s
[2025-08-29 12:28:04.612] [INFO] ==== 执行用例 #6276 ====
[2025-08-29 12:28:04.621] [INFO] 参数: {'screen_on': 1, 'brightness': 7, 'digital': 100, 'logo': 1, 'rim_state': 2, 'rdygo': 1, 'turn_left': 1, 'turn_right': 0, 'ring': 2} | 备注: nan
[2025-08-29 12:28:04.654] [DEBUG] 修改后的LED显示信息:
[2025-08-29 12:28:04.666] [INFO]   屏幕状态: 开
  亮度级别: 7
  数字显示: 100
  LOGO状态: 1 (0关, 1白, 2红)
  护盾状态: 2 (0关, 1白, 2绿)
  ReadyGo状态: 1 (0关, 1白, 2红)
  左转向灯: 1 (0关, 1白, 2橙)
  右转向灯: 0 (0关, 1白, 2橙)
  灯环状态: 2 (0关, 1蓝, 2红)
[2025-08-29 12:28:04.688] [DEBUG] 组包成功，数据长度: 21 字节
[2025-08-29 12:28:04.700] [DEBUG] 发送数据: A5 60 9F A5 03 0D 3B 42 33 33 33 17 5F 37 33 33 33 33 33 37 55
[2025-08-29 12:28:04.731] [DEBUG] 接收数据超时
[2025-08-29 12:28:04.741] [DEBUG] 组包成功，数据长度: 21 字节
[2025-08-29 12:28:04.754] [DEBUG] 发送数据: A5 60 9F A5 01 0D 3B 42 33 33 33 17 5F 37 33 33 33 33 33 70 55
[2025-08-29 12:28:04.780] [DEBUG] 接收数据超时
[2025-08-29 12:28:04.790] [INFO] 结果: FAIL | 用时: 0.178s
[2025-08-29 12:28:04.811] [INFO] 开始压力循环: 次数=1, 间隔=0.5s, 参数={'screen_on': 1, 'brightness': 5, 'digital': 0, 'logo': 0, 'rim_state': 2, 'rdygo': 2, 'turn_left': 0, 'turn_right': 0, 'ring': 2}
[2025-08-29 12:28:04.843] [DEBUG] 修改后的LED显示信息:
[2025-08-29 12:28:04.856] [INFO]   屏幕状态: 开
  亮度级别: 5
  数字显示: 0
  LOGO状态: 0 (0关, 1白, 2红)
  护盾状态: 2 (0关, 1白, 2绿)
  ReadyGo状态: 2 (0关, 1白, 2红)
  左转向灯: 0 (0关, 1白, 2橙)
  右转向灯: 0 (0关, 1白, 2橙)
  灯环状态: 2 (0关, 1蓝, 2红)
[2025-08-29 12:28:04.880] [DEBUG] 组包成功，数据长度: 21 字节
[2025-08-29 12:28:04.892] [DEBUG] 发送数据: A5 60 9F A5 03 0D 3B 3E 33 33 33 33 47 37 33 33 33 33 33 82 55
[2025-08-29 12:28:04.917] [DEBUG] 接收数据: A5 60 9F A5 83 55 33 93 7F 63 64 33 33 33 33 33 33 33 33 33 33 33 33 33 33 33 33 33 33 33 33 33 33 33 33 33 33 33 33 33 33 33 33 89 66 69 66 65 85 64 63 64 76 63 64 92 75 A7 63 65 33 33 33 33 33 37 33 37 33 33 33 3E 33 33 33 E5 DB 33 33 33 33 33 33 33 33 33 33 33 33 33 33 EC 55 A5 60 9F A5 81 0D 3B 3E 33 33 33 E5 DB 33 33 33 33 33 33 17 55 A5 60 9F A5 83 55 33 93 7F 63 64 33 33 33 33 33 33 33 33 33 33 33 33 33 33 33 33 33 33 33 33 33 33 33 33 33 33 33 33 33 33 33 33 89 66 69 66 65 85 64 63 64 76 63 64 92 75 A7 63 65 33 33 33 33 33 37 33 37 33 33 33 40 33 33 33 E5 5D 33 33 33 33 33 33 33 33 33 33 33 33 33 33 0C 55 A5 60 9F A5 81 0D 3B 40 33 33 33 E5 5D 33 33 33 33 33 33 93 55 A5 60 9F A5 83 55 33 93 7F 63 64 33 33 33 33 33 33 33 33 33 33 33 33 33 33 33 33 33 33 33 33 33 33 33 33 33 33 33 33 33 33 33 33 89 66 69 66 65 85 64 63 64 76 63 64 92 75 A7 63 65 33 33 33 33 33 37 33 36 33 33 33 40 33 33 33 65 68 34 33 33 33 33 33 33 33 33 33 33 33 33 33 74 55 A5 60 9F A5 81 0D 3B 40 33 33 33 65 68 34 33 33 33 33 33 C8 55 A5 60 9F A5 83 55 33 93 7F 63 64 33 33 33 33 33 33 33 33 33 33 33 33 33 33 33 33 33 33 33 33 33 33 33 33 33 33 33 33 33 33 33 33 89 66 69 66 65 85 64 63 64 76 63 64 92 75 A7 63 65 33 33 33 33 33 37 33 36 33 33 33 40 33 33 33 97 65 37 33 33 33 33 33 33 33 33 33 33 33 33 33 7A 55 A5 60 9F A5 81 0D 3B 40 33 33 33 97 65 37 33 33 33 33 33 A5 55 A5 60 9F A5 83 55 33 93 7F 63 64 33 33 33 33 33 33 33 33 33 33 33 33 33 33 33 33 33 33 33 33 33 33 33 33 33 33 33 33 33 33 33 33 89 66 69 66 65 85 64 63 64 76 63 64 92 75 A7 63 65 33 33 33 33 33 37 33 37 33 33 33 40 33 33 33 17 43 37 33 33 33 33 33 33 33 33 33 33 33 33 33 5A 55 A5 60 9F A5 81 0D 3B 40 33 33 33 17 43 37 33 33 33 33 33 56 55 A5 60 9F A5 83 55 33 93 7F 63 64 33 33 33 33 33 33 33 33 33 33 33 33 33 33 33 33 33 33 33 33 33 33 33 33 33 33 33 33 33 33 33 33 89 66 69 66 65 85 64 63 64 76 63 64 92 75 A7 63 65 33 33 33 34 33 37 33 37 33 33 33 40 33 33 33 97 84 37 33 33 33 33 33 33 33 33 33 33 33 33 33 E5 55 A5 60 9F A5 81 0D 3B 40 33 33 33 97 84 37 33 33 33 33 33 D1 55 A5 60 9F A5 83 55 33 93 7F 63 64 33 33 33 33 33 33 33 33 33 33 33 33 33 33 33 33 33 33 33 33 33 33 33 33 33 33 33 33 33 33 33 33 89 66 69 66 65 85 64 63 64 76 63 64 92 75 A7 63 65 33 33 33 34 33 37 33 37 33 33 33 42 33 33 33 65 7B 37 33 33 33 33 33 33 33 33 33 33 33 33 33 8E 55 A5 60 9F A5 81 0D 3B 42 33 33 33 65 7B 37 33 33 33 33 33 5A 55 A5 60 9F A5 83 55 33 93 7F 63 64 33 33 33 33 33 33 33 33 33 33 33 33 33 33 33 33 33 33 33 33 33 33 33 33 33 33 33 33 33 33 33 33 89 66 69 66 65 85 64 63 64 76 63 64 92 75 A7 63 65 33 33 33 33 33 37 33 36 33 33 33 42 33 33 33 65 DD 35 33 33 33 33 33 33 33 33 33 33 33 33 33 21 55 A5 60 9F A5 81 0D 3B 42 33 33 33 65 DD 35 33 33 33 33 33 C1 55 A5 60 9F A5 83 55 33 93 7F 63 64 33 33 33 33 33 33 33 33 33 33 33 33 33 33 33 33 33 33 33 33 33 33 33 33 33 33 33 33 33 33 33 33 89 66 69 66 65 85 64 63 64 76 63 64 92 75 A7 63 65 33 33 33 33 33 37 33 37 33 33 33 42 33 33 33 E5 45 35 33 33 33 33 33 33 33 33 33 33 33 33 33 F8 55 A5 60 9F A5 81 0D 3B 42 33 33 33 E5 45 35 33 33 33 33 33 61 55 A5 60 9F A5 83 55 33 93 7F 63 64 33 33 33 33 33 33 33 33 33 33 33 33 33 33 33 33 33 33 33 33 33 33 33 33 33 33 33 33 33 33 33 33 89 66 69 66 65 85 64 63 64 76 63 64 92 75 A7 63 65 33 33 33 33 33 37 33 36 33 33 33 42 33 33 33 65 BC 33 33 33 33 33 33 33 33 33 33 33 33 33 33 43 55 A5 60 9F A5 81 0D 3B 42 33 33 33 65 BC 33 33 33 33 33 33 6D 55 A5 60 9F A5 83 55 33 93 7F 63 64 33 33 33 33 33 33 33 33 33 33 33 33 33 33 33 33 33 33 33 33 33 33 33 33 33 33 33 33 33 33 33 33 89 66 69 66 65 85 64 63 64 76 63 64 92 75 A7 63 65 33 33 33 33 33 37 33 36 33 33 33 42 33 33 33 17 3B 38 33 33 33 33 33 33 33 33 33 33 33 33 33 1A 55 A5 60 9F A5 81 0D 3B 42 33 33 33 17 3B 38 33 33 33 33 33 CB 55 A5 60 9F A5 83 55 33 93 7F 63 64 33 33 33 33 33 33 33 33 33 33 33 33 33 33 33 33 33 33 33 33 33 33 33 33 33 33 33 33 33 33 33 33 89 66 69 66 65 85 64 63 64 76 63 64 92 75 A7 63 65 33 33 33 33 33 37 33 37 33 33 33 42 33 33 33 17 63 33 33 33 33 33 33 33 33 33 33 33 33 33 33 68 55 A5 60 9F A5 81 0D 3B 42 33 33 33 17 63 33 33 33 33 33 33 E1 55 A5 60 9F A5 83 55 33 93 7F 63 64 33 33 33 33 33 33 33 33 33 33 33 33 33 33 33 33 33 33 33 33 33 33 33 33 33 33 33 33 33 33 33 33 89 66 69 66 65 85 64 63 64 76 63 64 92 75 A7 63 65 33 33 33 33 33 37 33 36 33 33 33 42 33 33 33 17 63 37 33 33 33 33 33 33 33 33 33 33 33 33 33 02 55 A5 60 9F A5 81 0D 3B 42 33 33 33 17 63 37 33 33 33 33 33 B4 55 A5 60 9F A5 83 55 33 93 7F 63 64 33 33 33 33 33 33 33 33 33 33 33 33 33 33 33 33 33 33 33 33 33 33 33 33 33 33 33 33 33 33 33 33 89 66 69 66 65 85 64 63 64 76 63 64 92 75 A7 63 65 33 33 33 33 33 37 33 36 33 33 33 42 33 33 33 17 5F 37 33 33 33 33 33 33 33 33 33 33 33 33 33 8B 55 A5 60 9F A5 81 0D 3B 42 33 33 33 17 5F 37 33 33 33 33 33 47 55
[2025-08-29 12:28:04.947] [ERROR] 数据解析失败，返回码: 0
[2025-08-29 12:28:05.484] [INFO] [循环 1/1] 发送 OK
[2025-08-29 12:28:06.037] [INFO] 已保存结果: reports\2025-08-29_12-27-54\results.csv
[2025-08-29 12:28:06.189] [INFO] 已生成报告: reports\2025-08-29_12-27-54\report.html
[2025-08-29 12:28:06.331] [DEBUG] 串口已关闭
[2025-08-29 12:28:06.401] [INFO] 程序结束
