[2025-09-09 20:05:40.463] [INFO] 初始化 BLE 协议通信...
[2025-09-09 20:05:40.660] [INFO] 加载用例 30 条 来自: testcases.xlsx
[2025-09-09 20:05:40.710] [INFO] ==== 执行用例 #3000 ====
[2025-09-09 20:05:40.715] [INFO] 参数: {'screen_on': 1, 'brightness': 1, 'digital': 50, 'logo': 0, 'rim_state': 1, 'rdygo': 0, 'turn_left': 0, 'turn_right': 0, 'ring': 2} | 备注: nan
[2025-09-09 20:05:40.732] [DEBUG] 修改后的LED显示信息:
[2025-09-09 20:05:40.741] [INFO]   屏幕状态: 开
  亮度级别: 1
  数字显示: 50
  LOGO状态: 0 (0关, 1白, 2红)
  护盾状态: 1 (0关, 1白, 2绿)
  ReadyGo状态: 0 (0关, 1白, 2红)
  左转向灯: 0 (0关, 1白, 2橙)
  右转向灯: 0 (0关, 1白, 2橙)
  灯环状态: 2 (0关, 1蓝, 2红)
[2025-09-09 20:05:40.757] [DEBUG] 组包成功，数据长度: 21 字节
[2025-09-09 20:05:40.766] [DEBUG] 发送数据: A5 60 9F A5 03 0D 3B 36 33 33 33 65 35 37 33 33 33 33 33 6A 55
[2025-09-09 20:05:40.789] [DEBUG] 接收数据超时
[2025-09-09 20:05:40.798] [DEBUG] 组包成功，数据长度: 21 字节
[2025-09-09 20:05:40.804] [DEBUG] 发送数据: A5 60 9F A5 01 0D 3B 36 33 33 33 65 35 37 33 33 33 33 33 2D 55
[2025-09-09 20:05:40.827] [DEBUG] 接收数据超时
[2025-09-09 20:05:40.836] [INFO] 结果: FAIL | 用时: 0.126s
[2025-09-09 20:05:40.845] [INFO] ==== 执行用例 #5106 ====
[2025-09-09 20:05:40.855] [INFO] 参数: {'screen_on': 1, 'brightness': 2, 'digital': 50, 'logo': 0, 'rim_state': 0, 'rdygo': 0, 'turn_left': 0, 'turn_right': 0, 'ring': 2} | 备注: nan
[2025-09-09 20:05:40.885] [DEBUG] 修改后的LED显示信息:
[2025-09-09 20:05:40.898] [INFO]   屏幕状态: 开
  亮度级别: 2
  数字显示: 50
  LOGO状态: 0 (0关, 1白, 2红)
  护盾状态: 0 (0关, 1白, 2绿)
  ReadyGo状态: 0 (0关, 1白, 2红)
  左转向灯: 0 (0关, 1白, 2橙)
  右转向灯: 0 (0关, 1白, 2橙)
  灯环状态: 2 (0关, 1蓝, 2红)
[2025-09-09 20:05:40.914] [DEBUG] 组包成功，数据长度: 21 字节
[2025-09-09 20:05:40.929] [DEBUG] 发送数据: A5 60 9F A5 03 0D 3B 38 33 33 33 65 33 37 33 33 33 33 33 FC 55
[2025-09-09 20:05:40.953] [DEBUG] 接收数据超时
[2025-09-09 20:05:40.966] [DEBUG] 组包成功，数据长度: 21 字节
[2025-09-09 20:05:40.974] [DEBUG] 发送数据: A5 60 9F A5 01 0D 3B 38 33 33 33 65 33 37 33 33 33 33 33 BB 55
[2025-09-09 20:05:41.000] [DEBUG] 接收数据超时
[2025-09-09 20:05:41.011] [INFO] 结果: FAIL | 用时: 0.167s
[2025-09-09 20:05:41.023] [INFO] ==== 执行用例 #6739 ====
[2025-09-09 20:05:41.033] [INFO] 参数: {'screen_on': 1, 'brightness': 3, 'digital': 0, 'logo': 0, 'rim_state': 2, 'rdygo': 0, 'turn_left': 1, 'turn_right': 2, 'ring': 0} | 备注: nan
[2025-09-09 20:05:41.066] [DEBUG] 修改后的LED显示信息:
[2025-09-09 20:05:41.079] [INFO]   屏幕状态: 开
  亮度级别: 3
  数字显示: 0
  LOGO状态: 0 (0关, 1白, 2红)
  护盾状态: 2 (0关, 1白, 2绿)
  ReadyGo状态: 0 (0关, 1白, 2红)
  左转向灯: 1 (0关, 1白, 2橙)
  右转向灯: 2 (0关, 1白, 2橙)
  灯环状态: 0 (0关, 1蓝, 2红)
[2025-09-09 20:05:41.100] [DEBUG] 组包成功，数据长度: 21 字节
[2025-09-09 20:05:41.111] [DEBUG] 发送数据: A5 60 9F A5 03 0D 3B 3A 33 33 33 33 57 34 33 33 33 33 33 E2 55
[2025-09-09 20:05:41.137] [DEBUG] 接收数据超时
[2025-09-09 20:05:41.149] [DEBUG] 组包成功，数据长度: 21 字节
[2025-09-09 20:05:41.160] [DEBUG] 发送数据: A5 60 9F A5 01 0D 3B 3A 33 33 33 33 57 34 33 33 33 33 33 A5 55
[2025-09-09 20:05:41.181] [DEBUG] 接收数据超时
[2025-09-09 20:05:41.193] [INFO] 结果: FAIL | 用时: 0.170s
[2025-09-09 20:05:41.206] [INFO] ==== 执行用例 #6924 ====
[2025-09-09 20:05:41.214] [INFO] 参数: {'screen_on': 1, 'brightness': 3, 'digital': 0, 'logo': 1, 'rim_state': 1, 'rdygo': 1, 'turn_left': 1, 'turn_right': 0, 'ring': 2} | 备注: nan
[2025-09-09 20:05:41.250] [DEBUG] 修改后的LED显示信息:
[2025-09-09 20:05:41.261] [INFO]   屏幕状态: 开
  亮度级别: 3
  数字显示: 0
  LOGO状态: 1 (0关, 1白, 2红)
  护盾状态: 1 (0关, 1白, 2绿)
  ReadyGo状态: 1 (0关, 1白, 2红)
  左转向灯: 1 (0关, 1白, 2橙)
  右转向灯: 0 (0关, 1白, 2橙)
  灯环状态: 2 (0关, 1蓝, 2红)
[2025-09-09 20:05:41.283] [DEBUG] 组包成功，数据长度: 21 字节
[2025-09-09 20:05:41.291] [DEBUG] 发送数据: A5 60 9F A5 03 0D 3B 3A 33 33 33 B3 5D 37 33 33 33 33 33 5C 55
[2025-09-09 20:05:41.321] [DEBUG] 接收数据超时
[2025-09-09 20:05:41.333] [DEBUG] 组包成功，数据长度: 21 字节
[2025-09-09 20:05:41.344] [DEBUG] 发送数据: A5 60 9F A5 01 0D 3B 3A 33 33 33 B3 5D 37 33 33 33 33 33 1B 55
[2025-09-09 20:05:41.366] [DEBUG] 接收数据超时
[2025-09-09 20:05:41.374] [INFO] 结果: FAIL | 用时: 0.169s
[2025-09-09 20:05:41.385] [INFO] ==== 执行用例 #7347 ====
[2025-09-09 20:05:41.396] [INFO] 参数: {'screen_on': 1, 'brightness': 3, 'digital': 50, 'logo': 0, 'rim_state': 0, 'rdygo': 2, 'turn_left': 0, 'turn_right': 0, 'ring': 2} | 备注: nan
[2025-09-09 20:05:41.429] [DEBUG] 修改后的LED显示信息:
[2025-09-09 20:05:41.442] [INFO]   屏幕状态: 开
  亮度级别: 3
  数字显示: 50
  LOGO状态: 0 (0关, 1白, 2红)
  护盾状态: 0 (0关, 1白, 2绿)
  ReadyGo状态: 2 (0关, 1白, 2红)
  左转向灯: 0 (0关, 1白, 2橙)
  右转向灯: 0 (0关, 1白, 2橙)
  灯环状态: 2 (0关, 1蓝, 2红)
[2025-09-09 20:05:41.467] [DEBUG] 组包成功，数据长度: 21 字节
[2025-09-09 20:05:41.479] [DEBUG] 发送数据: A5 60 9F A5 03 0D 3B 3A 33 33 33 65 43 37 33 33 33 33 33 4C 55
[2025-09-09 20:05:41.505] [DEBUG] 接收数据超时
[2025-09-09 20:05:41.520] [DEBUG] 组包成功，数据长度: 21 字节
[2025-09-09 20:05:41.529] [DEBUG] 发送数据: A5 60 9F A5 01 0D 3B 3A 33 33 33 65 43 37 33 33 33 33 33 0B 55
[2025-09-09 20:05:41.550] [DEBUG] 接收数据超时
[2025-09-09 20:05:41.559] [INFO] 结果: FAIL | 用时: 0.174s
[2025-09-09 20:05:41.572] [INFO] ==== 执行用例 #7548 ====
[2025-09-09 20:05:41.582] [INFO] 参数: {'screen_on': 1, 'brightness': 3, 'digital': 50, 'logo': 1, 'rim_state': 0, 'rdygo': 0, 'turn_left': 1, 'turn_right': 1, 'ring': 2} | 备注: nan
[2025-09-09 20:05:41.612] [DEBUG] 修改后的LED显示信息:
[2025-09-09 20:05:41.623] [INFO]   屏幕状态: 开
  亮度级别: 3
  数字显示: 50
  LOGO状态: 1 (0关, 1白, 2红)
  护盾状态: 0 (0关, 1白, 2绿)
  ReadyGo状态: 0 (0关, 1白, 2红)
  左转向灯: 1 (0关, 1白, 2橙)
  右转向灯: 1 (0关, 1白, 2橙)
  灯环状态: 2 (0关, 1蓝, 2红)
[2025-09-09 20:05:41.644] [DEBUG] 组包成功，数据长度: 21 字节
[2025-09-09 20:05:41.657] [DEBUG] 发送数据: A5 60 9F A5 03 0D 3B 3A 33 33 33 E5 D3 37 33 33 33 33 33 C8 55
[2025-09-09 20:05:41.681] [DEBUG] 接收数据超时
[2025-09-09 20:05:41.692] [DEBUG] 组包成功，数据长度: 21 字节
[2025-09-09 20:05:41.702] [DEBUG] 发送数据: A5 60 9F A5 01 0D 3B 3A 33 33 33 E5 D3 37 33 33 33 33 33 8F 55
[2025-09-09 20:05:41.723] [DEBUG] 接收数据超时
[2025-09-09 20:05:41.732] [INFO] 结果: FAIL | 用时: 0.159s
[2025-09-09 20:05:41.740] [INFO] ==== 执行用例 #7975 ====
[2025-09-09 20:05:41.753] [INFO] 参数: {'screen_on': 1, 'brightness': 3, 'digital': 50, 'logo': 2, 'rim_state': 2, 'rdygo': 1, 'turn_left': 1, 'turn_right': 0, 'ring': 0} | 备注: nan
[2025-09-09 20:05:41.782] [DEBUG] 修改后的LED显示信息:
[2025-09-09 20:05:41.795] [INFO]   屏幕状态: 开
  亮度级别: 3
  数字显示: 50
  LOGO状态: 2 (0关, 1白, 2红)
  护盾状态: 2 (0关, 1白, 2绿)
  ReadyGo状态: 1 (0关, 1白, 2红)
  左转向灯: 1 (0关, 1白, 2橙)
  右转向灯: 0 (0关, 1白, 2橙)
  灯环状态: 0 (0关, 1蓝, 2红)
[2025-09-09 20:05:41.812] [DEBUG] 组包成功，数据长度: 21 字节
[2025-09-09 20:05:41.825] [DEBUG] 发送数据: A5 60 9F A5 03 0D 3B 3A 33 33 33 65 60 33 33 33 33 33 33 D7 55
[2025-09-09 20:05:41.847] [DEBUG] 接收数据超时
[2025-09-09 20:05:41.859] [DEBUG] 组包成功，数据长度: 21 字节
[2025-09-09 20:05:41.868] [DEBUG] 发送数据: A5 60 9F A5 01 0D 3B 3A 33 33 33 65 60 33 33 33 33 33 33 90 55
[2025-09-09 20:05:41.889] [DEBUG] 接收数据超时
[2025-09-09 20:05:41.898] [INFO] 结果: FAIL | 用时: 0.158s
[2025-09-09 20:05:41.908] [INFO] ==== 执行用例 #8146 ====
[2025-09-09 20:05:41.917] [INFO] 参数: {'screen_on': 1, 'brightness': 3, 'digital': 100, 'logo': 0, 'rim_state': 1, 'rdygo': 1, 'turn_left': 2, 'turn_right': 0, 'ring': 0} | 备注: nan
[2025-09-09 20:05:41.946] [DEBUG] 修改后的LED显示信息:
[2025-09-09 20:05:41.959] [INFO]   屏幕状态: 开
  亮度级别: 3
  数字显示: 100
  LOGO状态: 0 (0关, 1白, 2红)
  护盾状态: 1 (0关, 1白, 2绿)
  ReadyGo状态: 1 (0关, 1白, 2红)
  左转向灯: 2 (0关, 1白, 2橙)
  右转向灯: 0 (0关, 1白, 2橙)
  灯环状态: 0 (0关, 1蓝, 2红)
[2025-09-09 20:05:41.977] [DEBUG] 组包成功，数据长度: 21 字节
[2025-09-09 20:05:41.988] [DEBUG] 发送数据: A5 60 9F A5 03 0D 3B 3A 33 33 33 97 7D 33 33 33 33 33 33 04 55
[2025-09-09 20:05:42.018] [DEBUG] 接收数据超时
[2025-09-09 20:05:42.031] [DEBUG] 组包成功，数据长度: 21 字节
[2025-09-09 20:05:42.043] [DEBUG] 发送数据: A5 60 9F A5 01 0D 3B 3A 33 33 33 97 7D 33 33 33 33 33 33 43 55
[2025-09-09 20:05:42.064] [DEBUG] 接收数据超时
[2025-09-09 20:05:42.074] [INFO] 结果: FAIL | 用时: 0.166s
[2025-09-09 20:05:42.086] [INFO] ==== 执行用例 #9520 ====
[2025-09-09 20:05:42.094] [INFO] 参数: {'screen_on': 1, 'brightness': 4, 'digital': 50, 'logo': 0, 'rim_state': 0, 'rdygo': 1, 'turn_left': 1, 'turn_right': 2, 'ring': 0} | 备注: nan
[2025-09-09 20:05:42.129] [DEBUG] 修改后的LED显示信息:
[2025-09-09 20:05:42.141] [INFO]   屏幕状态: 开
  亮度级别: 4
  数字显示: 50
  LOGO状态: 0 (0关, 1白, 2红)
  护盾状态: 0 (0关, 1白, 2绿)
  ReadyGo状态: 1 (0关, 1白, 2红)
  左转向灯: 1 (0关, 1白, 2橙)
  右转向灯: 2 (0关, 1白, 2橙)
  灯环状态: 0 (0关, 1蓝, 2红)
[2025-09-09 20:05:42.157] [DEBUG] 组包成功，数据长度: 21 字节
[2025-09-09 20:05:42.173] [DEBUG] 发送数据: A5 60 9F A5 03 0D 3B 3C 33 33 33 65 5B 34 33 33 33 33 33 67 55
[2025-09-09 20:05:42.198] [DEBUG] 接收数据超时
[2025-09-09 20:05:42.207] [DEBUG] 组包成功，数据长度: 21 字节
[2025-09-09 20:05:42.220] [DEBUG] 发送数据: A5 60 9F A5 01 0D 3B 3C 33 33 33 65 5B 34 33 33 33 33 33 20 55
[2025-09-09 20:05:42.244] [DEBUG] 接收数据超时
[2025-09-09 20:05:42.252] [INFO] 结果: FAIL | 用时: 0.167s
[2025-09-09 20:05:42.265] [INFO] ==== 执行用例 #9922 ====
[2025-09-09 20:05:42.274] [INFO] 参数: {'screen_on': 1, 'brightness': 4, 'digital': 50, 'logo': 1, 'rim_state': 2, 'rdygo': 1, 'turn_left': 1, 'turn_right': 1, 'ring': 0} | 备注: nan
[2025-09-09 20:05:42.305] [DEBUG] 修改后的LED显示信息:
[2025-09-09 20:05:42.316] [INFO]   屏幕状态: 开
  亮度级别: 4
  数字显示: 50
  LOGO状态: 1 (0关, 1白, 2红)
  护盾状态: 2 (0关, 1白, 2绿)
  ReadyGo状态: 1 (0关, 1白, 2红)
  左转向灯: 1 (0关, 1白, 2橙)
  右转向灯: 1 (0关, 1白, 2橙)
  灯环状态: 0 (0关, 1蓝, 2红)
[2025-09-09 20:05:42.338] [DEBUG] 组包成功，数据长度: 21 字节
[2025-09-09 20:05:42.349] [DEBUG] 发送数据: A5 60 9F A5 03 0D 3B 3C 33 33 33 E5 DF 33 33 33 33 33 33 1A 55
[2025-09-09 20:05:42.371] [DEBUG] 接收数据超时
[2025-09-09 20:05:42.384] [DEBUG] 组包成功，数据长度: 21 字节
[2025-09-09 20:05:42.394] [DEBUG] 发送数据: A5 60 9F A5 01 0D 3B 3C 33 33 33 E5 DF 33 33 33 33 33 33 5D 55
[2025-09-09 20:05:42.418] [DEBUG] 接收数据超时
[2025-09-09 20:05:42.426] [INFO] 结果: FAIL | 用时: 0.161s
[2025-09-09 20:05:42.435] [INFO] ==== 执行用例 #10023 ====
[2025-09-09 20:05:42.447] [INFO] 参数: {'screen_on': 1, 'brightness': 4, 'digital': 50, 'logo': 2, 'rim_state': 0, 'rdygo': 2, 'turn_left': 0, 'turn_right': 1, 'ring': 2} | 备注: nan
[2025-09-09 20:05:42.477] [DEBUG] 修改后的LED显示信息:
[2025-09-09 20:05:42.492] [INFO]   屏幕状态: 开
  亮度级别: 4
  数字显示: 50
  LOGO状态: 2 (0关, 1白, 2红)
  护盾状态: 0 (0关, 1白, 2绿)
  ReadyGo状态: 2 (0关, 1白, 2红)
  左转向灯: 0 (0关, 1白, 2橙)
  右转向灯: 1 (0关, 1白, 2橙)
  灯环状态: 2 (0关, 1蓝, 2红)
[2025-09-09 20:05:42.514] [DEBUG] 组包成功，数据长度: 21 字节
[2025-09-09 20:05:42.526] [DEBUG] 发送数据: A5 60 9F A5 03 0D 3B 3C 33 33 33 65 C4 37 33 33 33 33 33 85 55
[2025-09-09 20:05:42.550] [DEBUG] 接收数据超时
[2025-09-09 20:05:42.560] [DEBUG] 组包成功，数据长度: 21 字节
[2025-09-09 20:05:42.569] [DEBUG] 发送数据: A5 60 9F A5 01 0D 3B 3C 33 33 33 65 C4 37 33 33 33 33 33 C2 55
[2025-09-09 20:05:42.592] [DEBUG] 接收数据超时
[2025-09-09 20:05:42.599] [INFO] 结果: FAIL | 用时: 0.165s
[2025-09-09 20:05:42.607] [INFO] ==== 执行用例 #10068 ====
[2025-09-09 20:05:42.619] [INFO] 参数: {'screen_on': 1, 'brightness': 4, 'digital': 50, 'logo': 2, 'rim_state': 1, 'rdygo': 0, 'turn_left': 2, 'turn_right': 1, 'ring': 2} | 备注: nan
[2025-09-09 20:05:42.653] [DEBUG] 修改后的LED显示信息:
[2025-09-09 20:05:42.661] [INFO]   屏幕状态: 开
  亮度级别: 4
  数字显示: 50
  LOGO状态: 2 (0关, 1白, 2红)
  护盾状态: 1 (0关, 1白, 2绿)
  ReadyGo状态: 0 (0关, 1白, 2红)
  左转向灯: 2 (0关, 1白, 2橙)
  右转向灯: 1 (0关, 1白, 2橙)
  灯环状态: 2 (0关, 1蓝, 2红)
[2025-09-09 20:05:42.682] [DEBUG] 组包成功，数据长度: 21 字节
[2025-09-09 20:05:42.695] [DEBUG] 发送数据: A5 60 9F A5 03 0D 3B 3C 33 33 33 65 F6 37 33 33 33 33 33 C9 55
[2025-09-09 20:05:42.722] [DEBUG] 接收数据超时
[2025-09-09 20:05:42.730] [DEBUG] 组包成功，数据长度: 21 字节
[2025-09-09 20:05:42.742] [DEBUG] 发送数据: A5 60 9F A5 01 0D 3B 3C 33 33 33 65 F6 37 33 33 33 33 33 8E 55
[2025-09-09 20:05:42.762] [DEBUG] 接收数据超时
[2025-09-09 20:05:42.774] [INFO] 结果: FAIL | 用时: 0.167s
[2025-09-09 20:05:42.783] [INFO] ==== 执行用例 #10282 ====
[2025-09-09 20:05:42.792] [INFO] 参数: {'screen_on': 1, 'brightness': 4, 'digital': 100, 'logo': 0, 'rim_state': 0, 'rdygo': 2, 'turn_left': 2, 'turn_right': 1, 'ring': 0} | 备注: nan
[2025-09-09 20:05:42.822] [DEBUG] 修改后的LED显示信息:
[2025-09-09 20:05:42.835] [INFO]   屏幕状态: 开
  亮度级别: 4
  数字显示: 100
  LOGO状态: 0 (0关, 1白, 2红)
  护盾状态: 0 (0关, 1白, 2绿)
  ReadyGo状态: 2 (0关, 1白, 2红)
  左转向灯: 2 (0关, 1白, 2橙)
  右转向灯: 1 (0关, 1白, 2橙)
  灯环状态: 0 (0关, 1蓝, 2红)
[2025-09-09 20:05:42.856] [DEBUG] 组包成功，数据长度: 21 字节
[2025-09-09 20:05:42.867] [DEBUG] 发送数据: A5 60 9F A5 03 0D 3B 3C 33 33 33 97 03 33 33 33 33 33 33 D5 55
[2025-09-09 20:05:42.893] [DEBUG] 接收数据超时
[2025-09-09 20:05:42.902] [DEBUG] 组包成功，数据长度: 21 字节
[2025-09-09 20:05:42.910] [DEBUG] 发送数据: A5 60 9F A5 01 0D 3B 3C 33 33 33 97 03 33 33 33 33 33 33 92 55
[2025-09-09 20:05:42.932] [DEBUG] 接收数据超时
[2025-09-09 20:05:42.940] [INFO] 结果: FAIL | 用时: 0.157s
[2025-09-09 20:05:42.953] [INFO] ==== 执行用例 #10509 ====
[2025-09-09 20:05:42.961] [INFO] 参数: {'screen_on': 1, 'brightness': 4, 'digital': 100, 'logo': 1, 'rim_state': 0, 'rdygo': 2, 'turn_left': 0, 'turn_right': 1, 'ring': 2} | 备注: nan
[2025-09-09 20:05:42.995] [DEBUG] 修改后的LED显示信息:
[2025-09-09 20:05:43.006] [INFO]   屏幕状态: 开
  亮度级别: 4
  数字显示: 100
  LOGO状态: 1 (0关, 1白, 2红)
  护盾状态: 0 (0关, 1白, 2绿)
  ReadyGo状态: 2 (0关, 1白, 2红)
  左转向灯: 0 (0关, 1白, 2橙)
  右转向灯: 1 (0关, 1白, 2橙)
  灯环状态: 2 (0关, 1蓝, 2红)
[2025-09-09 20:05:43.024] [DEBUG] 组包成功，数据长度: 21 字节
[2025-09-09 20:05:43.037] [DEBUG] 发送数据: A5 60 9F A5 03 0D 3B 3C 33 33 33 17 C3 37 33 33 33 33 33 56 55
[2025-09-09 20:05:43.062] [DEBUG] 接收数据超时
[2025-09-09 20:05:43.070] [DEBUG] 组包成功，数据长度: 21 字节
[2025-09-09 20:05:43.080] [DEBUG] 发送数据: A5 60 9F A5 01 0D 3B 3C 33 33 33 17 C3 37 33 33 33 33 33 11 55
[2025-09-09 20:05:43.105] [DEBUG] 接收数据超时
[2025-09-09 20:05:43.115] [INFO] 结果: FAIL | 用时: 0.162s
[2025-09-09 20:05:43.124] [INFO] ==== 执行用例 #11108 ====
[2025-09-09 20:05:43.134] [INFO] 参数: {'screen_on': 1, 'brightness': 5, 'digital': 0, 'logo': 0, 'rim_state': 2, 'rdygo': 0, 'turn_left': 1, 'turn_right': 0, 'ring': 1} | 备注: nan
[2025-09-09 20:05:43.168] [DEBUG] 修改后的LED显示信息:
[2025-09-09 20:05:43.180] [INFO]   屏幕状态: 开
  亮度级别: 5
  数字显示: 0
  LOGO状态: 0 (0关, 1白, 2红)
  护盾状态: 2 (0关, 1白, 2绿)
  ReadyGo状态: 0 (0关, 1白, 2红)
  左转向灯: 1 (0关, 1白, 2橙)
  右转向灯: 0 (0关, 1白, 2橙)
  灯环状态: 1 (0关, 1蓝, 2红)
[2025-09-09 20:05:43.201] [DEBUG] 组包成功，数据长度: 21 字节
[2025-09-09 20:05:43.213] [DEBUG] 发送数据: A5 60 9F A5 03 0D 3B 3E 33 33 33 33 57 35 33 33 33 33 33 6E 55
[2025-09-09 20:05:43.238] [DEBUG] 接收数据超时
[2025-09-09 20:05:43.247] [DEBUG] 组包成功，数据长度: 21 字节
[2025-09-09 20:05:43.255] [DEBUG] 发送数据: A5 60 9F A5 01 0D 3B 3E 33 33 33 33 57 35 33 33 33 33 33 29 55
[2025-09-09 20:05:43.277] [DEBUG] 接收数据超时
[2025-09-09 20:05:43.286] [INFO] 结果: FAIL | 用时: 0.161s
[2025-09-09 20:05:43.299] [INFO] ==== 执行用例 #11309 ====
[2025-09-09 20:05:43.307] [INFO] 参数: {'screen_on': 1, 'brightness': 5, 'digital': 0, 'logo': 1, 'rim_state': 1, 'rdygo': 1, 'turn_left': 2, 'turn_right': 1, 'ring': 1} | 备注: nan
[2025-09-09 20:05:43.339] [DEBUG] 修改后的LED显示信息:
[2025-09-09 20:05:43.347] [INFO]   屏幕状态: 开
  亮度级别: 5
  数字显示: 0
  LOGO状态: 1 (0关, 1白, 2红)
  护盾状态: 1 (0关, 1白, 2绿)
  ReadyGo状态: 1 (0关, 1白, 2红)
  左转向灯: 2 (0关, 1白, 2橙)
  右转向灯: 1 (0关, 1白, 2橙)
  灯环状态: 1 (0关, 1蓝, 2红)
[2025-09-09 20:05:43.368] [DEBUG] 组包成功，数据长度: 21 字节
[2025-09-09 20:05:43.376] [DEBUG] 发送数据: A5 60 9F A5 03 0D 3B 3E 33 33 33 B3 FD 35 33 33 33 33 33 82 55
[2025-09-09 20:05:43.404] [DEBUG] 接收数据超时
[2025-09-09 20:05:43.415] [DEBUG] 组包成功，数据长度: 21 字节
[2025-09-09 20:05:43.424] [DEBUG] 发送数据: A5 60 9F A5 01 0D 3B 3E 33 33 33 B3 FD 35 33 33 33 33 33 C5 55
[2025-09-09 20:05:43.446] [DEBUG] 接收数据超时
[2025-09-09 20:05:43.453] [INFO] 结果: FAIL | 用时: 0.154s
[2025-09-09 20:05:43.461] [INFO] ==== 执行用例 #11460 ====
[2025-09-09 20:05:43.474] [INFO] 参数: {'screen_on': 1, 'brightness': 5, 'digital': 0, 'logo': 2, 'rim_state': 0, 'rdygo': 1, 'turn_left': 1, 'turn_right': 0, 'ring': 2} | 备注: nan
[2025-09-09 20:05:43.504] [DEBUG] 修改后的LED显示信息:
[2025-09-09 20:05:43.517] [INFO]   屏幕状态: 开
  亮度级别: 5
  数字显示: 0
  LOGO状态: 2 (0关, 1白, 2红)
  护盾状态: 0 (0关, 1白, 2绿)
  ReadyGo状态: 1 (0关, 1白, 2红)
  左转向灯: 1 (0关, 1白, 2橙)
  右转向灯: 0 (0关, 1白, 2橙)
  灯环状态: 2 (0关, 1蓝, 2红)
[2025-09-09 20:05:43.534] [DEBUG] 组包成功，数据长度: 21 字节
[2025-09-09 20:05:43.547] [DEBUG] 发送数据: A5 60 9F A5 03 0D 3B 3E 33 33 33 33 5C 37 33 33 33 33 33 AD 55
[2025-09-09 20:05:43.572] [DEBUG] 接收数据超时
[2025-09-09 20:05:43.580] [DEBUG] 组包成功，数据长度: 21 字节
[2025-09-09 20:05:43.589] [DEBUG] 发送数据: A5 60 9F A5 01 0D 3B 3E 33 33 33 33 5C 37 33 33 33 33 33 EA 55
[2025-09-09 20:05:43.610] [DEBUG] 接收数据超时
[2025-09-09 20:05:43.623] [INFO] 结果: FAIL | 用时: 0.162s
[2025-09-09 20:05:43.632] [INFO] ==== 执行用例 #12960 ====
[2025-09-09 20:05:43.640] [INFO] 参数: {'screen_on': 1, 'brightness': 5, 'digital': 100, 'logo': 2, 'rim_state': 0, 'rdygo': 2, 'turn_left': 2, 'turn_right': 2, 'ring': 2} | 备注: nan
[2025-09-09 20:05:43.670] [DEBUG] 修改后的LED显示信息:
[2025-09-09 20:05:43.683] [INFO]   屏幕状态: 开
  亮度级别: 5
  数字显示: 100
  LOGO状态: 2 (0关, 1白, 2红)
  护盾状态: 0 (0关, 1白, 2绿)
  ReadyGo状态: 2 (0关, 1白, 2红)
  左转向灯: 2 (0关, 1白, 2橙)
  右转向灯: 2 (0关, 1白, 2橙)
  灯环状态: 2 (0关, 1蓝, 2红)
[2025-09-09 20:05:43.701] [DEBUG] 组包成功，数据长度: 21 字节
[2025-09-09 20:05:43.714] [DEBUG] 发送数据: A5 60 9F A5 03 0D 3B 3E 33 33 33 97 84 38 33 33 33 33 33 9E 55
[2025-09-09 20:05:43.739] [DEBUG] 接收数据超时
[2025-09-09 20:05:43.750] [DEBUG] 组包成功，数据长度: 21 字节
[2025-09-09 20:05:43.759] [DEBUG] 发送数据: A5 60 9F A5 01 0D 3B 3E 33 33 33 97 84 38 33 33 33 33 33 D9 55
[2025-09-09 20:05:43.778] [DEBUG] 接收数据超时
[2025-09-09 20:05:43.790] [INFO] 结果: FAIL | 用时: 0.159s
[2025-09-09 20:05:43.799] [INFO] ==== 执行用例 #13191 ====
[2025-09-09 20:05:43.808] [INFO] 参数: {'screen_on': 1, 'brightness': 6, 'digital': 0, 'logo': 0, 'rim_state': 0, 'rdygo': 2, 'turn_left': 1, 'turn_right': 1, 'ring': 2} | 备注: nan
[2025-09-09 20:05:43.842] [DEBUG] 修改后的LED显示信息:
[2025-09-09 20:05:43.854] [INFO]   屏幕状态: 开
  亮度级别: 6
  数字显示: 0
  LOGO状态: 0 (0关, 1白, 2红)
  护盾状态: 0 (0关, 1白, 2绿)
  ReadyGo状态: 2 (0关, 1白, 2红)
  左转向灯: 1 (0关, 1白, 2橙)
  右转向灯: 1 (0关, 1白, 2橙)
  灯环状态: 2 (0关, 1蓝, 2红)
[2025-09-09 20:05:43.873] [DEBUG] 组包成功，数据长度: 21 字节
[2025-09-09 20:05:43.883] [DEBUG] 发送数据: A5 60 9F A5 03 0D 3B 40 33 33 33 33 E3 37 33 33 33 33 33 02 55
[2025-09-09 20:05:43.906] [DEBUG] 接收数据超时
[2025-09-09 20:05:43.918] [DEBUG] 组包成功，数据长度: 21 字节
[2025-09-09 20:05:43.928] [DEBUG] 发送数据: A5 60 9F A5 01 0D 3B 40 33 33 33 33 E3 37 33 33 33 33 33 45 55
[2025-09-09 20:05:43.950] [DEBUG] 接收数据超时
[2025-09-09 20:05:43.960] [INFO] 结果: FAIL | 用时: 0.161s
[2025-09-09 20:05:43.971] [INFO] ==== 执行用例 #13602 ====
[2025-09-09 20:05:43.980] [INFO] 参数: {'screen_on': 1, 'brightness': 6, 'digital': 0, 'logo': 1, 'rim_state': 2, 'rdygo': 2, 'turn_left': 2, 'turn_right': 0, 'ring': 2} | 备注: nan
[2025-09-09 20:05:44.015] [DEBUG] 修改后的LED显示信息:
[2025-09-09 20:05:44.025] [INFO]   屏幕状态: 开
  亮度级别: 6
  数字显示: 0
  LOGO状态: 1 (0关, 1白, 2红)
  护盾状态: 2 (0关, 1白, 2绿)
  ReadyGo状态: 2 (0关, 1白, 2红)
  左转向灯: 2 (0关, 1白, 2橙)
  右转向灯: 0 (0关, 1白, 2橙)
  灯环状态: 2 (0关, 1蓝, 2红)
[2025-09-09 20:05:44.046] [DEBUG] 组包成功，数据长度: 21 字节
[2025-09-09 20:05:44.060] [DEBUG] 发送数据: A5 60 9F A5 03 0D 3B 40 33 33 33 B3 87 37 33 33 33 33 33 62 55
[2025-09-09 20:05:44.085] [DEBUG] 接收数据超时
[2025-09-09 20:05:44.093] [DEBUG] 组包成功，数据长度: 21 字节
[2025-09-09 20:05:44.102] [DEBUG] 发送数据: A5 60 9F A5 01 0D 3B 40 33 33 33 B3 87 37 33 33 33 33 33 25 55
[2025-09-09 20:05:44.123] [DEBUG] 接收数据超时
[2025-09-09 20:05:44.132] [INFO] 结果: FAIL | 用时: 0.161s
[2025-09-09 20:05:44.140] [INFO] ==== 执行用例 #14453 ====
[2025-09-09 20:05:44.153] [INFO] 参数: {'screen_on': 1, 'brightness': 6, 'digital': 50, 'logo': 2, 'rim_state': 1, 'rdygo': 1, 'turn_left': 0, 'turn_right': 2, 'ring': 1} | 备注: nan
[2025-09-09 20:05:44.183] [DEBUG] 修改后的LED显示信息:
[2025-09-09 20:05:44.196] [INFO]   屏幕状态: 开
  亮度级别: 6
  数字显示: 50
  LOGO状态: 2 (0关, 1白, 2红)
  护盾状态: 1 (0关, 1白, 2绿)
  ReadyGo状态: 1 (0关, 1白, 2红)
  左转向灯: 0 (0关, 1白, 2橙)
  右转向灯: 2 (0关, 1白, 2橙)
  灯环状态: 1 (0关, 1蓝, 2红)
[2025-09-09 20:05:44.216] [DEBUG] 组包成功，数据长度: 21 字节
[2025-09-09 20:05:44.225] [DEBUG] 发送数据: A5 60 9F A5 03 0D 3B 40 33 33 33 65 3E 36 33 33 33 33 33 D5 55
[2025-09-09 20:05:44.250] [DEBUG] 接收数据超时
[2025-09-09 20:05:44.262] [DEBUG] 组包成功，数据长度: 21 字节
[2025-09-09 20:05:44.271] [DEBUG] 发送数据: A5 60 9F A5 01 0D 3B 40 33 33 33 65 3E 36 33 33 33 33 33 92 55
[2025-09-09 20:05:44.292] [DEBUG] 接收数据超时
[2025-09-09 20:05:44.301] [INFO] 结果: FAIL | 用时: 0.160s
[2025-09-09 20:05:44.309] [INFO] ==== 执行用例 #14934 ====
[2025-09-09 20:05:44.318] [INFO] 参数: {'screen_on': 1, 'brightness': 6, 'digital': 100, 'logo': 1, 'rim_state': 1, 'rdygo': 1, 'turn_left': 0, 'turn_right': 0, 'ring': 2} | 备注: nan
[2025-09-09 20:05:44.352] [DEBUG] 修改后的LED显示信息:
[2025-09-09 20:05:44.366] [INFO]   屏幕状态: 开
  亮度级别: 6
  数字显示: 100
  LOGO状态: 1 (0关, 1白, 2红)
  护盾状态: 1 (0关, 1白, 2绿)
  ReadyGo状态: 1 (0关, 1白, 2红)
  左转向灯: 0 (0关, 1白, 2橙)
  右转向灯: 0 (0关, 1白, 2橙)
  灯环状态: 2 (0关, 1蓝, 2红)
[2025-09-09 20:05:44.385] [DEBUG] 组包成功，数据长度: 21 字节
[2025-09-09 20:05:44.396] [DEBUG] 发送数据: A5 60 9F A5 03 0D 3B 40 33 33 33 17 3D 37 33 33 33 33 33 46 55
[2025-09-09 20:05:44.418] [DEBUG] 接收数据超时
[2025-09-09 20:05:44.431] [DEBUG] 组包成功，数据长度: 21 字节
[2025-09-09 20:05:44.439] [DEBUG] 发送数据: A5 60 9F A5 01 0D 3B 40 33 33 33 17 3D 37 33 33 33 33 33 01 55
[2025-09-09 20:05:44.464] [DEBUG] 接收数据超时
[2025-09-09 20:05:44.472] [INFO] 结果: FAIL | 用时: 0.163s
[2025-09-09 20:05:44.481] [INFO] ==== 执行用例 #15192 ====
[2025-09-09 20:05:44.489] [INFO] 参数: {'screen_on': 1, 'brightness': 6, 'digital': 100, 'logo': 2, 'rim_state': 1, 'rdygo': 1, 'turn_left': 1, 'turn_right': 2, 'ring': 2} | 备注: nan
[2025-09-09 20:05:44.523] [DEBUG] 修改后的LED显示信息:
[2025-09-09 20:05:44.535] [INFO]   屏幕状态: 开
  亮度级别: 6
  数字显示: 100
  LOGO状态: 2 (0关, 1白, 2红)
  护盾状态: 1 (0关, 1白, 2绿)
  ReadyGo状态: 1 (0关, 1白, 2红)
  左转向灯: 1 (0关, 1白, 2橙)
  右转向灯: 2 (0关, 1白, 2橙)
  灯环状态: 2 (0关, 1蓝, 2红)
[2025-09-09 20:05:44.551] [DEBUG] 组包成功，数据长度: 21 字节
[2025-09-09 20:05:44.564] [DEBUG] 发送数据: A5 60 9F A5 03 0D 3B 40 33 33 33 97 5E 38 33 33 33 33 33 7E 55
[2025-09-09 20:05:44.588] [DEBUG] 接收数据超时
[2025-09-09 20:05:44.600] [DEBUG] 组包成功，数据长度: 21 字节
[2025-09-09 20:05:44.608] [DEBUG] 发送数据: A5 60 9F A5 01 0D 3B 40 33 33 33 97 5E 38 33 33 33 33 33 39 55
[2025-09-09 20:05:44.631] [DEBUG] 接收数据超时
[2025-09-09 20:05:44.640] [INFO] 结果: FAIL | 用时: 0.159s
[2025-09-09 20:05:44.648] [INFO] ==== 执行用例 #15583 ====
[2025-09-09 20:05:44.657] [INFO] 参数: {'screen_on': 1, 'brightness': 7, 'digital': 0, 'logo': 1, 'rim_state': 0, 'rdygo': 1, 'turn_left': 0, 'turn_right': 1, 'ring': 0} | 备注: nan
[2025-09-09 20:05:44.689] [DEBUG] 修改后的LED显示信息:
[2025-09-09 20:05:44.729] [INFO]   屏幕状态: 开
  亮度级别: 7
  数字显示: 0
  LOGO状态: 1 (0关, 1白, 2红)
  护盾状态: 0 (0关, 1白, 2绿)
  ReadyGo状态: 1 (0关, 1白, 2红)
  左转向灯: 0 (0关, 1白, 2橙)
  右转向灯: 1 (0关, 1白, 2橙)
  灯环状态: 0 (0关, 1蓝, 2红)
[2025-09-09 20:05:44.749] [DEBUG] 组包成功，数据长度: 21 字节
[2025-09-09 20:05:44.757] [DEBUG] 发送数据: A5 60 9F A5 03 0D 3B 42 33 33 33 B3 BB 33 33 33 33 33 33 AB 55
[2025-09-09 20:05:44.783] [DEBUG] 接收数据超时
[2025-09-09 20:05:44.793] [DEBUG] 组包成功，数据长度: 21 字节
[2025-09-09 20:05:44.804] [DEBUG] 发送数据: A5 60 9F A5 01 0D 3B 42 33 33 33 B3 BB 33 33 33 33 33 33 EC 55
[2025-09-09 20:05:44.827] [DEBUG] 接收数据超时
[2025-09-09 20:05:44.837] [INFO] 结果: FAIL | 用时: 0.189s
[2025-09-09 20:05:44.846] [INFO] ==== 执行用例 #16100 ====
[2025-09-09 20:05:44.855] [INFO] 参数: {'screen_on': 1, 'brightness': 7, 'digital': 50, 'logo': 0, 'rim_state': 0, 'rdygo': 2, 'turn_left': 0, 'turn_right': 2, 'ring': 1} | 备注: nan
[2025-09-09 20:05:44.884] [DEBUG] 修改后的LED显示信息:
[2025-09-09 20:05:44.898] [INFO]   屏幕状态: 开
  亮度级别: 7
  数字显示: 50
  LOGO状态: 0 (0关, 1白, 2红)
  护盾状态: 0 (0关, 1白, 2绿)
  ReadyGo状态: 2 (0关, 1白, 2红)
  左转向灯: 0 (0关, 1白, 2橙)
  右转向灯: 2 (0关, 1白, 2橙)
  灯环状态: 1 (0关, 1蓝, 2红)
[2025-09-09 20:05:44.920] [DEBUG] 组包成功，数据长度: 21 字节
[2025-09-09 20:05:44.931] [DEBUG] 发送数据: A5 60 9F A5 03 0D 3B 42 33 33 33 65 43 36 33 33 33 33 33 99 55
[2025-09-09 20:05:44.955] [DEBUG] 接收数据超时
[2025-09-09 20:05:44.964] [DEBUG] 组包成功，数据长度: 21 字节
[2025-09-09 20:05:44.973] [DEBUG] 发送数据: A5 60 9F A5 01 0D 3B 42 33 33 33 65 43 36 33 33 33 33 33 DE 55
[2025-09-09 20:05:44.997] [DEBUG] 接收数据超时
[2025-09-09 20:05:45.009] [INFO] 结果: FAIL | 用时: 0.163s
[2025-09-09 20:05:45.016] [INFO] ==== 执行用例 #16418 ====
[2025-09-09 20:05:45.028] [INFO] 参数: {'screen_on': 1, 'brightness': 7, 'digital': 50, 'logo': 1, 'rim_state': 1, 'rdygo': 2, 'turn_left': 0, 'turn_right': 0, 'ring': 1} | 备注: nan
[2025-09-09 20:05:45.061] [DEBUG] 修改后的LED显示信息:
[2025-09-09 20:05:45.073] [INFO]   屏幕状态: 开
  亮度级别: 7
  数字显示: 50
  LOGO状态: 1 (0关, 1白, 2红)
  护盾状态: 1 (0关, 1白, 2绿)
  ReadyGo状态: 2 (0关, 1白, 2红)
  左转向灯: 0 (0关, 1白, 2橙)
  右转向灯: 0 (0关, 1白, 2橙)
  灯环状态: 1 (0关, 1蓝, 2红)
[2025-09-09 20:05:45.089] [DEBUG] 组包成功，数据长度: 21 字节
[2025-09-09 20:05:45.102] [DEBUG] 发送数据: A5 60 9F A5 03 0D 3B 42 33 33 33 E5 45 35 33 33 33 33 33 11 55
[2025-09-09 20:05:45.127] [DEBUG] 接收数据超时
[2025-09-09 20:05:45.138] [DEBUG] 组包成功，数据长度: 21 字节
[2025-09-09 20:05:45.147] [DEBUG] 发送数据: A5 60 9F A5 01 0D 3B 42 33 33 33 E5 45 35 33 33 33 33 33 56 55
[2025-09-09 20:05:45.171] [DEBUG] 接收数据超时
[2025-09-09 20:05:45.185] [INFO] 结果: FAIL | 用时: 0.168s
[2025-09-09 20:05:45.194] [INFO] ==== 执行用例 #16485 ====
[2025-09-09 20:05:45.202] [INFO] 参数: {'screen_on': 1, 'brightness': 7, 'digital': 50, 'logo': 1, 'rim_state': 2, 'rdygo': 1, 'turn_left': 1, 'turn_right': 1, 'ring': 2} | 备注: nan
[2025-09-09 20:05:45.232] [DEBUG] 修改后的LED显示信息:
[2025-09-09 20:05:45.247] [INFO]   屏幕状态: 开
  亮度级别: 7
  数字显示: 50
  LOGO状态: 1 (0关, 1白, 2红)
  护盾状态: 2 (0关, 1白, 2绿)
  ReadyGo状态: 1 (0关, 1白, 2红)
  左转向灯: 1 (0关, 1白, 2橙)
  右转向灯: 1 (0关, 1白, 2橙)
  灯环状态: 2 (0关, 1蓝, 2红)
[2025-09-09 20:05:45.265] [DEBUG] 组包成功，数据长度: 21 字节
[2025-09-09 20:05:45.277] [DEBUG] 发送数据: A5 60 9F A5 03 0D 3B 42 33 33 33 E5 DF 37 33 33 33 33 33 79 55
[2025-09-09 20:05:45.301] [DEBUG] 接收数据超时
[2025-09-09 20:05:45.310] [DEBUG] 组包成功，数据长度: 21 字节
[2025-09-09 20:05:45.322] [DEBUG] 发送数据: A5 60 9F A5 01 0D 3B 42 33 33 33 E5 DF 37 33 33 33 33 33 3E 55
[2025-09-09 20:05:45.344] [DEBUG] 接收数据超时
[2025-09-09 20:05:45.351] [INFO] 结果: FAIL | 用时: 0.157s
[2025-09-09 20:05:45.363] [INFO] ==== 执行用例 #16555 ====
[2025-09-09 20:05:45.374] [INFO] 参数: {'screen_on': 1, 'brightness': 7, 'digital': 50, 'logo': 2, 'rim_state': 0, 'rdygo': 1, 'turn_left': 0, 'turn_right': 1, 'ring': 0} | 备注: nan
[2025-09-09 20:05:45.406] [DEBUG] 修改后的LED显示信息:
[2025-09-09 20:05:45.418] [INFO]   屏幕状态: 开
  亮度级别: 7
  数字显示: 50
  LOGO状态: 2 (0关, 1白, 2红)
  护盾状态: 0 (0关, 1白, 2绿)
  ReadyGo状态: 1 (0关, 1白, 2红)
  左转向灯: 0 (0关, 1白, 2橙)
  右转向灯: 1 (0关, 1白, 2橙)
  灯环状态: 0 (0关, 1蓝, 2红)
[2025-09-09 20:05:45.438] [DEBUG] 组包成功，数据长度: 21 字节
[2025-09-09 20:05:45.449] [DEBUG] 发送数据: A5 60 9F A5 03 0D 3B 42 33 33 33 65 BC 33 33 33 33 33 33 1D 55
[2025-09-09 20:05:45.474] [DEBUG] 接收数据超时
[2025-09-09 20:05:45.486] [DEBUG] 组包成功，数据长度: 21 字节
[2025-09-09 20:05:45.495] [DEBUG] 发送数据: A5 60 9F A5 01 0D 3B 42 33 33 33 65 BC 33 33 33 33 33 33 5A 55
[2025-09-09 20:05:45.517] [DEBUG] 接收数据超时
[2025-09-09 20:05:45.525] [INFO] 结果: FAIL | 用时: 0.161s
[2025-09-09 20:05:45.537] [INFO] ==== 执行用例 #20000 ====
[2025-09-09 20:05:45.545] [INFO] 参数: {'screen_on': 1, 'brightness': 5, 'digital': 11, 'logo': 0, 'rim_state': 0, 'rdygo': 1, 'turn_left': 0, 'turn_right': 1, 'ring': 0} | 备注: nan
[2025-09-09 20:05:45.579] [DEBUG] 修改后的LED显示信息:
[2025-09-09 20:05:45.590] [INFO]   屏幕状态: 开
  亮度级别: 5
  数字显示: 11
  LOGO状态: 0 (0关, 1白, 2红)
  护盾状态: 0 (0关, 1白, 2绿)
  ReadyGo状态: 1 (0关, 1白, 2红)
  左转向灯: 0 (0关, 1白, 2橙)
  右转向灯: 1 (0关, 1白, 2橙)
  灯环状态: 0 (0关, 1蓝, 2红)
[2025-09-09 20:05:45.609] [DEBUG] 组包成功，数据长度: 21 字节
[2025-09-09 20:05:45.617] [DEBUG] 发送数据: A5 60 9F A5 03 0D 3B 3E 33 33 33 3E BB 33 33 33 33 33 33 09 55
[2025-09-09 20:05:45.643] [DEBUG] 接收数据超时
[2025-09-09 20:05:45.651] [DEBUG] 组包成功，数据长度: 21 字节
[2025-09-09 20:05:45.663] [DEBUG] 发送数据: A5 60 9F A5 01 0D 3B 3E 33 33 33 3E BB 33 33 33 33 33 33 4E 55
[2025-09-09 20:05:45.684] [DEBUG] 接收数据超时
[2025-09-09 20:05:45.695] [INFO] 结果: FAIL | 用时: 0.158s
[2025-09-09 20:05:45.706] [INFO] ==== 执行用例 #16555 ====
[2025-09-09 20:05:45.714] [INFO] 参数: {'screen_on': 1, 'brightness': 7, 'digital': 50, 'logo': 2, 'rim_state': 0, 'rdygo': 1, 'turn_left': 0, 'turn_right': 1, 'ring': 0} | 备注: nan
[2025-09-09 20:05:45.747] [DEBUG] 修改后的LED显示信息:
[2025-09-09 20:05:45.760] [INFO]   屏幕状态: 开
  亮度级别: 7
  数字显示: 50
  LOGO状态: 2 (0关, 1白, 2红)
  护盾状态: 0 (0关, 1白, 2绿)
  ReadyGo状态: 1 (0关, 1白, 2红)
  左转向灯: 0 (0关, 1白, 2橙)
  右转向灯: 1 (0关, 1白, 2橙)
  灯环状态: 0 (0关, 1蓝, 2红)
[2025-09-09 20:05:45.777] [DEBUG] 组包成功，数据长度: 21 字节
[2025-09-09 20:05:45.786] [DEBUG] 发送数据: A5 60 9F A5 03 0D 3B 42 33 33 33 65 BC 33 33 33 33 33 33 1D 55
[2025-09-09 20:05:45.813] [DEBUG] 接收数据: A5 60 9F A5 83 55 33 93 7F 63 64 33 33 33 33 33 33 33 33 33 33 33 33 33 33 33 33 33 33 33 33 33 33 33 33 33 33 33 33 33 33 33 33 89 66 69 66 65 85 64 63 64 76 63 64 92 75 A7 63 65 33 33 33 33 33 37 33 37 33 33 33 36 33 33 33 65 35 37 33 33 33 33 33 33 33 33 33 33 33 33 33 06 55 A5 60 9F A5 81 0D 3B 36 33 33 33 65 35 37 33 33 33 33 33 1A 55 A5 60 9F A5 83 55 33 93 7F 63 64 33 33 33 33 33 33 33 33 33 33 33 33 33 33 33 33 33 33 33 33 33 33 33 33 33 33 33 33 33 33 33 33 89 66 69 66 65 85 64 63 64 76 63 64 92 75 A7 63 65 33 33 33 33 33 37 33 38 33 33 33 38 33 33 33 65 33 37 33 33 33 33 33 33 33 33 33 33 33 33 33 EE 55 A5 60 9F A5 81 0D 3B 38 33 33 33 65 33 37 33 33 33 33 33 8C 55 A5 60 9F A5 83 55 33 93 7F 63 64 33 33 33 33 33 33 33 33 33 33 33 33 33 33 33 33 33 33 33 33 33 33 33 33 33 33 33 33 33 33 33 33 89 66 69 66 65 85 64 63 64 76 63 64 92 75 A7 63 65 33 33 33 33 33 37 33 38 33 33 33 3A 33 33 33 33 57 34 33 33 33 33 33 33 33 33 33 33 33 33 33 53 55 A5 60 9F A5 81 0D 3B 3A 33 33 33 33 57 34 33 33 33 33 33 92 55 A5 60 9F A5 83 55 33 93 7F 63 64 33 33 33 33 33 33 33 33 33 33 33 33 33 33 33 33 33 33 33 33 33 33 33 33 33 33 33 33 33 33 33 33 89 66 69 66 65 85 64 63 64 76 63 64 92 75 A7 63 65 33 33 33 33 33 37 33 37 33 33 33 3A 33 33 33 B3 5D 37 33 33 33 33 33 33 33 33 33 33 33 33 33 E6 55 A5 60 9F A5 81 0D 3B 3A 33 33 33 B3 5D 37 33 33 33 33 33 2C 55 A5 60 9F A5 83 55 33 93 7F 63 64 33 33 33 33 33 33 33 33 33 33 33 33 33 33 33 33 33 33 33 33 33 33 33 33 33 33 33 33 33 33 33 33 89 66 69 66 65 85 64 63 64 76 63 64 92 75 A7 63 65 33 33 33 33 33 37 33 37 33 33 33 3A 33 33 33 65 43 37 33 33 33 33 33 33 33 33 33 33 33 33 33 10 55 A5 60 9F A5 81 0D 3B 3A 33 33 33 65 43 37 33 33 33 33 33 3C 55 A5 60 9F A5 83 55 33 93 7F 63 64 33 33 33 33 33 33 33 33 33 33 33 33 33 33 33 33 33 33 33 33 33 33 33 33 33 33 33 33 33 33 33 33 89 66 69 66 65 85 64 63 64 76 63 64 92 75 A7 63 65 33 33 33 33 33 37 33 37 33 33 33 3A 33 33 33 E5 D3 37 33 33 33 33 33 33 33 33 33 33 33 33 33 3D 55 A5 60 9F A5 81 0D 3B 3A 33 33 33 E5 D3 37 33 33 33 33 33 B8 55 A5 60 9F A5 83 55 33 93 7F 63 64 33 33 33 33 33 33 33 33 33 33 33 33 33 33 33 33 33 33 33 33 33 33 33 33 33 33 33 33 33 33 33 33 89 66 69 66 65 85 64 63 64 76 63 64 92 75 A7 63 65 33 33 33 33 33 37 33 37 33 33 33 3A 33 33 33 65 60 33 33 33 33 33 33 33 33 33 33 33 33 33 33 E1 55 A5 60 9F A5 81 0D 3B 3A 33 33 33 65 60 33 33 33 33 33 33 A7 55 A5 60 9F A5 83 55 33 93 7F 63 64 33 33 33 33 33 33 33 33 33 33 33 33 33 33 33 33 33 33 33 33 33 33 33 33 33 33 33 33 33 33 33 33 89 66 69 66 65 85 64 63 64 76 63 64 92 75 A7 63 65 33 33 33 33 33 37 33 37 33 33 33 3A 33 33 33 97 7D 33 33 33 33 33 33 33 33 33 33 33 33 33 33 42 55 A5 60 9F A5 81 0D 3B 3A 33 33 33 97 7D 33 33 33 33 33 33 74 55 A5 60 9F A5 83 55 33 93 7F 63 64 33 33 33 33 33 33 33 33 33 33 33 33 33 33 33 33 33 33 33 33 33 33 33 33 33 33 33 33 33 33 33 33 89 66 69 66 65 85 64 63 64 76 63 64 92 75 A7 63 65 33 33 33 33 33 37 33 38 33 33 33 3C 33 33 33 65 5B 34 33 33 33 33 33 33 33 33 33 33 33 33 33 1E 55 A5 60 9F A5 81 0D 3B 3C 33 33 33 65 5B 34 33 33 33 33 33 17 55 A5 60 9F A5 83 55 33 93 7F 63 64 33 33 33 33 33 33 33 33 33 33 33 33 33 33 33 33 33 33 33 33 33 33 33 33 33 33 33 33 33 33 33 33 89 66 69 66 65 85 64 63 64 76 63 64 92 75 A7 63 65 33 33 33 33 33 37 33 38 33 33 33 3C 33 33 33 E5 DF 33 33 33 33 33 33 33 33 33 33 33 33 33 33 8F 55 A5 60 9F A5 81 0D 3B 3C 33 33 33 E5 DF 33 33 33 33 33 33 6A 55 A5 60 9F A5 83 55 33 93 7F 63 64 33 33 33 33 33 33 33 33 33 33 33 33 33 33 33 33 33 33 33 33 33 33 33 33 33 33 33 33 33 33 33 33 89 66 69 66 65 85 64 63 64 76 63 64 92 75 A7 63 65 33 33 33 33 33 37 33 37 33 33 33 3C 33 33 33 65 C4 37 33 33 33 33 33 33 33 33 33 33 33 33 33 25 55 A5 60 9F A5 81 0D 3B 3C 33 33 33 65 C4 37 33 33 33 33 33 F5 55 A5 60 9F A5 83 55 33 93 7F 63 64 33 33 33 33 33 33 33 33 33 33 33 33 33 33 33 33 33 33 33 33 33 33 33 33 33 33 33 33 33 33 33 33 89 66 69 66 65 85 64 63 64 76 63 64 92 75 A7 63 65 33 33 33 33 33 37 33 37 33 33 33 3C 33 33 33 65 F6 37 33 33 33 33 33 33 33 33 33 33 33 33 33 64 55 A5 60 9F A5 81 0D 3B 3C 33 33 33 65 F6 37 33 33 33 33 33 B9 55 A5 60 9F A5 83 55 33 93 7F 63 64 33 33 33 33 33 33 33 33 33 33 33 33 33 33 33 33 33 33 33 33 33 33 33 33 33 33 33 33 33 33 33 33 89 66 69 66 65 85 64 63 64 76 63 64 92 75 A7 63 65 33 33 33 33 33 37 33 37 33 33 33 3C 33 33 33 97 03 33 33 33 33 33 33 33 33 33 33 33 33 33 33 7F 55 A5 60 9F A5 81 0D 3B 3C 33 33 33 97 03 33 33 33 33 33 33 A5 55 A5 60 9F A5 83 55 33 93 7F 63 64 33 33 33 33 33 33 33 33 33 33 33 33 33 33 33 33 33 33 33 33 33 33 33 33 33 33 33 33 33 33 33 33 89 66 69 66 65 85 64 63 64 76 63 64 92 75 A7 63 65 33 33 33 33 33 37 33 38 33 33 33 3C 33 33 33 17 C3 37 33 33 33 33 33 33 33 33 33 33 33 33 33 9E 55 A5 60 9F A5 81 0D 3B 3C 33 33 33 17 C3 37 33 33 33 33 33 26 55 A5 60 9F A5 83 55 33 93 7F 63 64 33 33 33 33 33 33 33 33 33 33 33 33 33 33 33 33 33 33 33 33 33 33 33 33 33 33 33 33 33 33 33 33 89 66 69 66 65 85 64 63 64 76 63 64 92 75 A7 63 65 33 33 33 33 33 37 33 37 33 33 33 3E 33 33 33 33 57 35 33 33 33 33 33 33 33 33 33 33 33 33 33 36 55 A5 60 9F A5 81 0D 3B 3E 33 33 33 33 57 35 33 33 33 33 33 1E 55 A5 60 9F A5 83 55 33 93 7F 63 64 33 33 33 33 33 33 33 33 33 33 33 33 33 33 33 33 33 33 33 33 33 33 33 33 33 33 33 33 33 33 33 33 89 66 69 66 65 85 64 63 64 76 63 64 92 75 A7 63 65 33 33 33 33 33 37 33 38 33 33 33 3E 33 33 33 B3 FD 35 33 33 33 33 33 33 33 33 33 33 33 33 33 1F 55 A5 60 9F A5 81 0D 3B 3E 33 33 33 B3 FD 35 33 33 33 33 33 F2 55 A5 60 9F A5 83 55 33 93 7F 63 64 33 33 33 33 33 33 33 33 33 33 33 33 33 33 33 33 33 33 33 33 33 33 33 33 33 33 33 33 33 33 33 33 89 66 69 66 65 85 64 63 64 76 63 64 92 75 A7 63 65 33 33 33 33 33 37 33 38 33 33 33 3E 33 33 33 33 5C 37 33 33 33 33 33 33 33 33 33 33 33 33 33 D8 55 A5 60 9F A5 81 0D 3B 3E 33 33 33 33 5C 37 33 33 33 33 33 DD 55 A5 60 9F A5 83 55 33 93 7F 63 64 33 33 33 33 33 33 33 33 33 33 33 33 33 33 33 33 33 33 33 33 33 33 33 33 33 33 33 33 33 33 33 33 89 66 69 66 65 85 64 63 64 76 63 64 92 75 A7 63 65 33 33 33 33 33 37 33 37 33 33 33 3E 33 33 33 97 84 38 33 33 33 33 33 33 33 33 33 33 33 33 33 94 55 A5 60 9F A5 81 0D 3B 3E 33 33 33 97 84 38 33 33 33 33 33 EE 55 A5 60 9F A5 83 55 33 93 7F 63 64 33 33 33 33 33 33 33 33 33 33 33 33 33 33 33 33 33 33 33 33 33 33 33 33 33 33 33 33 33 33 33 33 89 66 69 66 65 85 64 63 64 76 63 64 92 75 A7 63 65 33 33 33 33 33 37 33 37 33 33 33 40 33 33 33 33 E3 37 33 33 33 33 33 33 33 33 33 33 33 33 33 56 55 A5 60 9F A5 81 0D 3B 40 33 33 33 33 E3 37 33 33 33 33 33 72 55 A5 60 9F A5 83 55 33 93 7F 63 64 33 33 33 33 33 33 33 33 33 33 33 33 33 33 33 33 33 33 33 33 33 33 33 33 33 33 33 33 33 33 33 33 89 66 69 66 65 85 64 63 64 76 63 64 92 75 A7 63 65 33 33 33 33 33 37 33 38 33 33 33 40 33 33 33 B3 87 37 33 33 33 33 33 33 33 33 33 33 33 33 33 95 55 A5 60 9F A5 81 0D 3B 40 33 33 33 B3 87 37 33 33 33 33 33 12 55 A5 60 9F A5 83 55 33 93 7F 63 64 33 33 33 33 33 33 33 33 33 33 33 33 33 33 33 33 33 33 33 33 33 33 33 33 33 33 33 33 33 33 33 33 89 66 69 66 65 85 64 63 64 76 63 64 92 75 A7 63 65 33 33 33 33 33 37 33 38 33 33 33 40 33 33 33 65 3E 36 33 33 33 33 33 33 33 33 33 33 33 33 33 DA 55 A5 60 9F A5 81 0D 3B 40 33 33 33 65 3E 36 33 33 33 33 33 A5 55 A5 60 9F A5 83 55 33 93 7F 63 64 33 33 33 33 33 33 33 33 33 33 33 33 33 33 33 33 33 33 33 33 33 33 33 33 33 33 33 33 33 33 33 33 89 66 69 66 65 85 64 63 64 76 63 64 92 75 A7 63 65 33 33 33 33 33 37 33 36 33 33 33 40 33 33 33 17 3D 37 33 33 33 33 33 33 33 33 33 33 33 33 33 74 55 A5 60 9F A5 81 0D 3B 40 33 33 33 17 3D 37 33 33 33 33 33 36 55 A5 60 9F A5 83 55 33 93 7F 63 64 33 33 33 33 33 33 33 33 33 33 33 33 33 33 33 33 33 33 33 33 33 33 33 33 33 33 33 33 33 33 33 33 89 66 69 66 65 85 64 63 64 76 63 64 92 75 A7 63 65 33 33 33 33 33 37 33 37 33 33 33 40 33 33 33 97 5E 38 33 33 33 33 33 33 33 33 33 33 33 33 33 EC 55 A5 60 9F A5 81 0D 3B 40 33 33 33 97 5E 38 33 33 33 33 33 0E 55 A5 60 9F A5 83 55 33 93 7F 63 64 33 33 33 33 33 33 33 33 33 33 33 33 33 33 33 33 33 33 33 33 33 33 33 33 33 33 33 33 33 33 33 33 89 66 69 66 65 85 64 63 64 76 63 64 92 75 A7 63 65 33 33 33 33 33 37 33 37 33 33 33 42 33 33 33 B3 BB 33 33 33 33 33 33 33 33 33 33 33 33 33 33 6E 55 A5 60 9F A5 81 0D 3B 42 33 33 33 B3 BB 33 33 33 33 33 33 DB 55 A5 60 9F A5 83 55 33 93 7F 63 64 33 33 33 33 33 33 33 33 33 33 33 33 33 33 33 33 33 33 33 33 33 33 33 33 33 33 33 33 33 33 33 33 89 66 69 66 65 85 64 63 64 76 63 64 92 75 A7 63 65 33 33 33 33 33 37 33 36 33 33 33 42 33 33 33 65 43 36 33 33 33 33 33 33 33 33 33 33 33 33 33 73 55 A5 60 9F A5 81 0D 3B 42 33 33 33 65 43 36 33 33 33 33 33 E9 55 A5 60 9F A5 83 55 33 93 7F 63 64 33 33 33 33 33 33 33 33 33 33 33 33 33 33 33 33 33 33 33 33 33 33 33 33 33 33 33 33 33 33 33 33 89 66 69 66 65 85 64 63 64 76 63 64 92 75 A7 63 65 33 33 33 33 33 37 33 38 33 33 33 42 33 33 33 E5 45 35 33 33 33 33 33 33 33 33 33 33 33 33 33 BC 55 A5 60 9F A5 81 0D 3B 42 33 33 33 E5 45 35 33 33 33 33 33 61 55 A5 60 9F A5 83 55 33 93 7F 63 64 33 33 33 33 33 33 33 33 33 33 33 33 33 33 33 33 33 33 33 33 33 33 33 33 33 33 33 33 33 33 33 33 89 66 69 66 65 85 64 63 64 76 63 64 92 75 A7 63 65 33 33 33 33 33 37 33 36 33 33 33 42 33 33 33 E5 DF 37 33 33 33 33 33 33 33 33 33 33 33 33 33 BF 55 A5 60 9F A5 81 0D 3B 42 33 33 33 E5 DF 37 33 33 33 33 33 09 55 A5 60 9F A5 83 55 33 93 7F 63 64 33 33 33 33 33 33 33 33 33 33 33 33 33 33 33 33 33 33 33 33 33 33 33 33 33 33 33 33 33 33 33 33 89 66 69 66 65 85 64 63 64 76 63 64 92 75 A7 63 65 33 33 33 33 33 37 33 37 33 33 33 42 33 33 33 65 BC 33 33 33 33 33 33 33 33 33 33 33 33 33 33 B6 55 A5 60 9F A5 81 0D 3B 42 33 33 33 65 BC 33 33 33 33 33 33 6D 55 A5 60 9F A5 83 55 33 93 7F 63 64 33 33 33 33 33 33 33 33 33 33 33 33 33 33 33 33 33 33 33 33 33 33 33 33 33 33 33 33 33 33 33 33 89 66 69 66 65 85 64 63 64 76 63 64 92 75 A7 63 65 33 33 33 33 33 37 33 37 33 33 33 3E 33 33 33 3E BB 33 33 33 33 33 33 33 33 33 33 33 33 33 33 3E 55 A5 60 9F A5 81 0D 3B 3E 33 33 33 3E BB 33 33 33 33 33 33 79 55
[2025-09-09 20:05:45.888] [DEBUG] 数据解析成功:
[2025-09-09 20:05:45.900] [INFO]   ID: 0x60
  命令: 0x83 (读)
  寄存器地址: 0x00
  寄存器数量: 0
[2025-09-09 20:05:45.917] [DEBUG] 组包成功，数据长度: 21 字节
[2025-09-09 20:05:45.925] [DEBUG] 发送数据: A5 60 9F A5 01 0D 3B 36 33 33 33 65 35 37 33 33 33 33 33 2D 55
[2025-09-09 20:05:46.951] [DEBUG] 接收数据: A5 60 9F A5 83 55 33 93 7F 63 64 33 33 33 33 33 33 33 33 33 33 33 33 33 33 33 33 33 33 33 33 33 33 33 33 33 33 33 33 33 33 33 33 89 66 69 66 65 85 64 63 64 76 63 64 92 75 A7 63 65 33 33 33 33 33 37 33 38 33 33 33 42 33 33 33 65 BC 33 33 33 33 33 33 33 33 33 33 33 33 33 33 F2 55 A5 60 9F A5 81 0D 3B 42 33 33 33 65 BC 33 33 33 33 33 33 6D 55
[2025-09-09 20:05:47.002] [DEBUG] 数据解析成功:
[2025-09-09 20:05:47.021] [INFO]   ID: 0x60
  命令: 0x83 (读)
  寄存器地址: 0x00
  寄存器数量: 0
[2025-09-09 20:05:47.048] [INFO] 结果: PASS | 用时: 1.342s
[2025-09-09 20:05:49.489] [INFO] 开始压力循环: 次数=1, 间隔=0.5s, 参数={'screen_on': 1, 'brightness': 1, 'digital': 50, 'logo': 0, 'rim_state': 1, 'rdygo': 0, 'turn_left': 0, 'turn_right': 0, 'ring': 2}
[2025-09-09 20:05:49.532] [DEBUG] 修改后的LED显示信息:
[2025-09-09 20:05:49.552] [INFO]   屏幕状态: 开
  亮度级别: 1
  数字显示: 50
  LOGO状态: 0 (0关, 1白, 2红)
  护盾状态: 1 (0关, 1白, 2绿)
  ReadyGo状态: 0 (0关, 1白, 2红)
  左转向灯: 0 (0关, 1白, 2橙)
  右转向灯: 0 (0关, 1白, 2橙)
  灯环状态: 2 (0关, 1蓝, 2红)
[2025-09-09 20:05:49.577] [DEBUG] 组包成功，数据长度: 21 字节
[2025-09-09 20:05:49.589] [DEBUG] 发送数据: A5 60 9F A5 03 0D 3B 36 33 33 33 65 35 37 33 33 33 33 33 6A 55
[2025-09-09 20:05:50.627] [DEBUG] 接收数据: A5 60 9F A5 83 55 33 93 7F 63 64 33 33 33 33 33 33 33 33 33 33 33 33 33 33 33 33 33 33 33 33 33 33 33 33 33 33 33 33 33 33 33 33 89 66 69 66 65 85 64 63 64 76 63 64 92 75 A7 63 65 33 33 33 33 33 37 33 37 33 33 33 36 33 33 33 65 35 37 33 33 33 33 33 33 33 33 33 33 33 33 33 06 55
[2025-09-09 20:05:51.175] [DEBUG] 数据解析成功:
[2025-09-09 20:05:51.188] [INFO]   ID: 0x60
  命令: 0x83 (读)
  寄存器地址: 0x00
  寄存器数量: 0
[2025-09-09 20:05:51.261] [INFO] [循环 1/1] 发送 OK
[2025-09-09 20:05:51.783] [INFO] 已保存结果: reports\2025-09-09_20-05-40\results.csv
[2025-09-09 20:05:51.850] [INFO] 已生成报告: reports\2025-09-09_20-05-40\report.html
[2025-09-09 20:05:51.892] [DEBUG] 串口已关闭
[2025-09-09 20:05:51.904] [INFO] 程序结束
