[2025-09-09 19:43:34.977] [INFO] 初始化 BLE 协议通信...
[2025-09-09 19:43:35.162] [INFO] 加载用例 29 条 来自: testcases.xlsx
[2025-09-09 19:43:35.211] [INFO] ==== 执行用例 #3000 ====
[2025-09-09 19:43:35.216] [INFO] 参数: {'screen_on': 1, 'brightness': 1, 'digital': 50, 'logo': 0, 'rim_state': 1, 'rdygo': 0, 'turn_left': 0, 'turn_right': 0, 'ring': 2} | 备注: nan
[2025-09-09 19:43:35.237] [DEBUG] 修改后的LED显示信息:
[2025-09-09 19:43:35.246] [INFO]   屏幕状态: 开
  亮度级别: 1
  数字显示: 50
  LOGO状态: 0 (0关, 1白, 2红)
  护盾状态: 1 (0关, 1白, 2绿)
  ReadyGo状态: 0 (0关, 1白, 2红)
  左转向灯: 0 (0关, 1白, 2橙)
  右转向灯: 0 (0关, 1白, 2橙)
  灯环状态: 2 (0关, 1蓝, 2红)
[2025-09-09 19:43:35.262] [DEBUG] 组包成功，数据长度: 21 字节
[2025-09-09 19:43:35.272] [DEBUG] 发送数据: A5 60 9F A5 03 0D 3B 36 33 33 33 65 35 37 33 33 33 33 33 6A 55
[2025-09-09 19:43:35.291] [DEBUG] 接收数据超时
[2025-09-09 19:43:35.299] [DEBUG] 组包成功，数据长度: 21 字节
[2025-09-09 19:43:35.308] [DEBUG] 发送数据: A5 60 9F A5 01 0D 3B 36 33 33 33 65 35 37 33 33 33 33 33 2D 55
[2025-09-09 19:43:35.329] [DEBUG] 接收数据超时
[2025-09-09 19:43:35.336] [INFO] 结果: FAIL | 用时: 0.125s
[2025-09-09 19:43:35.345] [INFO] ==== 执行用例 #5106 ====
[2025-09-09 19:43:35.355] [INFO] 参数: {'screen_on': 1, 'brightness': 2, 'digital': 50, 'logo': 0, 'rim_state': 0, 'rdygo': 0, 'turn_left': 0, 'turn_right': 0, 'ring': 2} | 备注: nan
[2025-09-09 19:43:35.389] [DEBUG] 修改后的LED显示信息:
[2025-09-09 19:43:35.400] [INFO]   屏幕状态: 开
  亮度级别: 2
  数字显示: 50
  LOGO状态: 0 (0关, 1白, 2红)
  护盾状态: 0 (0关, 1白, 2绿)
  ReadyGo状态: 0 (0关, 1白, 2红)
  左转向灯: 0 (0关, 1白, 2橙)
  右转向灯: 0 (0关, 1白, 2橙)
  灯环状态: 2 (0关, 1蓝, 2红)
[2025-09-09 19:43:35.421] [DEBUG] 组包成功，数据长度: 21 字节
[2025-09-09 19:43:35.437] [DEBUG] 发送数据: A5 60 9F A5 03 0D 3B 38 33 33 33 65 33 37 33 33 33 33 33 FC 55
[2025-09-09 19:43:35.462] [DEBUG] 接收数据超时
[2025-09-09 19:43:35.476] [DEBUG] 组包成功，数据长度: 21 字节
[2025-09-09 19:43:35.487] [DEBUG] 发送数据: A5 60 9F A5 01 0D 3B 38 33 33 33 65 33 37 33 33 33 33 33 BB 55
[2025-09-09 19:43:35.507] [DEBUG] 接收数据超时
[2025-09-09 19:43:35.520] [INFO] 结果: FAIL | 用时: 0.175s
[2025-09-09 19:43:35.528] [INFO] ==== 执行用例 #6739 ====
[2025-09-09 19:43:35.537] [INFO] 参数: {'screen_on': 1, 'brightness': 3, 'digital': 0, 'logo': 0, 'rim_state': 2, 'rdygo': 0, 'turn_left': 1, 'turn_right': 2, 'ring': 0} | 备注: nan
[2025-09-09 19:43:35.571] [DEBUG] 修改后的LED显示信息:
[2025-09-09 19:43:35.581] [INFO]   屏幕状态: 开
  亮度级别: 3
  数字显示: 0
  LOGO状态: 0 (0关, 1白, 2红)
  护盾状态: 2 (0关, 1白, 2绿)
  ReadyGo状态: 0 (0关, 1白, 2红)
  左转向灯: 1 (0关, 1白, 2橙)
  右转向灯: 2 (0关, 1白, 2橙)
  灯环状态: 0 (0关, 1蓝, 2红)
[2025-09-09 19:43:35.606] [DEBUG] 组包成功，数据长度: 21 字节
[2025-09-09 19:43:35.618] [DEBUG] 发送数据: A5 60 9F A5 03 0D 3B 3A 33 33 33 33 57 34 33 33 33 33 33 E2 55
[2025-09-09 19:43:35.655] [DEBUG] 接收数据超时
[2025-09-09 19:43:35.668] [DEBUG] 组包成功，数据长度: 21 字节
[2025-09-09 19:43:35.682] [DEBUG] 发送数据: A5 60 9F A5 01 0D 3B 3A 33 33 33 33 57 34 33 33 33 33 33 A5 55
[2025-09-09 19:43:35.708] [DEBUG] 接收数据超时
[2025-09-09 19:43:35.715] [INFO] 结果: FAIL | 用时: 0.187s
[2025-09-09 19:43:35.729] [INFO] ==== 执行用例 #6924 ====
[2025-09-09 19:43:35.737] [INFO] 参数: {'screen_on': 1, 'brightness': 3, 'digital': 0, 'logo': 1, 'rim_state': 1, 'rdygo': 1, 'turn_left': 1, 'turn_right': 0, 'ring': 2} | 备注: nan
[2025-09-09 19:43:35.772] [DEBUG] 修改后的LED显示信息:
[2025-09-09 19:43:35.783] [INFO]   屏幕状态: 开
  亮度级别: 3
  数字显示: 0
  LOGO状态: 1 (0关, 1白, 2红)
  护盾状态: 1 (0关, 1白, 2绿)
  ReadyGo状态: 1 (0关, 1白, 2红)
  左转向灯: 1 (0关, 1白, 2橙)
  右转向灯: 0 (0关, 1白, 2橙)
  灯环状态: 2 (0关, 1蓝, 2红)
[2025-09-09 19:43:35.805] [DEBUG] 组包成功，数据长度: 21 字节
[2025-09-09 19:43:35.812] [DEBUG] 发送数据: A5 60 9F A5 03 0D 3B 3A 33 33 33 B3 5D 37 33 33 33 33 33 5C 55
[2025-09-09 19:43:35.840] [DEBUG] 接收数据超时
[2025-09-09 19:43:35.850] [DEBUG] 组包成功，数据长度: 21 字节
[2025-09-09 19:43:35.862] [DEBUG] 发送数据: A5 60 9F A5 01 0D 3B 3A 33 33 33 B3 5D 37 33 33 33 33 33 1B 55
[2025-09-09 19:43:35.887] [DEBUG] 接收数据超时
[2025-09-09 19:43:35.899] [INFO] 结果: FAIL | 用时: 0.171s
[2025-09-09 19:43:35.907] [INFO] ==== 执行用例 #7347 ====
[2025-09-09 19:43:35.916] [INFO] 参数: {'screen_on': 1, 'brightness': 3, 'digital': 50, 'logo': 0, 'rim_state': 0, 'rdygo': 2, 'turn_left': 0, 'turn_right': 0, 'ring': 2} | 备注: nan
[2025-09-09 19:43:35.949] [DEBUG] 修改后的LED显示信息:
[2025-09-09 19:43:35.961] [INFO]   屏幕状态: 开
  亮度级别: 3
  数字显示: 50
  LOGO状态: 0 (0关, 1白, 2红)
  护盾状态: 0 (0关, 1白, 2绿)
  ReadyGo状态: 2 (0关, 1白, 2红)
  左转向灯: 0 (0关, 1白, 2橙)
  右转向灯: 0 (0关, 1白, 2橙)
  灯环状态: 2 (0关, 1蓝, 2红)
[2025-09-09 19:43:35.986] [DEBUG] 组包成功，数据长度: 21 字节
[2025-09-09 19:43:35.998] [DEBUG] 发送数据: A5 60 9F A5 03 0D 3B 3A 33 33 33 65 43 37 33 33 33 33 33 4C 55
[2025-09-09 19:43:36.023] [DEBUG] 接收数据超时
[2025-09-09 19:43:36.038] [DEBUG] 组包成功，数据长度: 21 字节
[2025-09-09 19:43:36.048] [DEBUG] 发送数据: A5 60 9F A5 01 0D 3B 3A 33 33 33 65 43 37 33 33 33 33 33 0B 55
[2025-09-09 19:43:36.069] [DEBUG] 接收数据超时
[2025-09-09 19:43:36.081] [INFO] 结果: FAIL | 用时: 0.174s
[2025-09-09 19:43:36.090] [INFO] ==== 执行用例 #7548 ====
[2025-09-09 19:43:36.106] [INFO] 参数: {'screen_on': 1, 'brightness': 3, 'digital': 50, 'logo': 1, 'rim_state': 0, 'rdygo': 0, 'turn_left': 1, 'turn_right': 1, 'ring': 2} | 备注: nan
[2025-09-09 19:43:36.152] [DEBUG] 修改后的LED显示信息:
[2025-09-09 19:43:36.160] [INFO]   屏幕状态: 开
  亮度级别: 3
  数字显示: 50
  LOGO状态: 1 (0关, 1白, 2红)
  护盾状态: 0 (0关, 1白, 2绿)
  ReadyGo状态: 0 (0关, 1白, 2红)
  左转向灯: 1 (0关, 1白, 2橙)
  右转向灯: 1 (0关, 1白, 2橙)
  灯环状态: 2 (0关, 1蓝, 2红)
[2025-09-09 19:43:36.181] [DEBUG] 组包成功，数据长度: 21 字节
[2025-09-09 19:43:36.194] [DEBUG] 发送数据: A5 60 9F A5 03 0D 3B 3A 33 33 33 E5 D3 37 33 33 33 33 33 C8 55
[2025-09-09 19:43:36.220] [DEBUG] 接收数据超时
[2025-09-09 19:43:36.231] [DEBUG] 组包成功，数据长度: 21 字节
[2025-09-09 19:43:36.240] [DEBUG] 发送数据: A5 60 9F A5 01 0D 3B 3A 33 33 33 E5 D3 37 33 33 33 33 33 8F 55
[2025-09-09 19:43:36.266] [DEBUG] 接收数据超时
[2025-09-09 19:43:36.274] [INFO] 结果: FAIL | 用时: 0.184s
[2025-09-09 19:43:36.282] [INFO] ==== 执行用例 #7975 ====
[2025-09-09 19:43:36.291] [INFO] 参数: {'screen_on': 1, 'brightness': 3, 'digital': 50, 'logo': 2, 'rim_state': 2, 'rdygo': 1, 'turn_left': 1, 'turn_right': 0, 'ring': 0} | 备注: nan
[2025-09-09 19:43:36.324] [DEBUG] 修改后的LED显示信息:
[2025-09-09 19:43:36.332] [INFO]   屏幕状态: 开
  亮度级别: 3
  数字显示: 50
  LOGO状态: 2 (0关, 1白, 2红)
  护盾状态: 2 (0关, 1白, 2绿)
  ReadyGo状态: 1 (0关, 1白, 2红)
  左转向灯: 1 (0关, 1白, 2橙)
  右转向灯: 0 (0关, 1白, 2橙)
  灯环状态: 0 (0关, 1蓝, 2红)
[2025-09-09 19:43:36.357] [DEBUG] 组包成功，数据长度: 21 字节
[2025-09-09 19:43:36.367] [DEBUG] 发送数据: A5 60 9F A5 03 0D 3B 3A 33 33 33 65 60 33 33 33 33 33 33 D7 55
[2025-09-09 19:43:36.390] [DEBUG] 接收数据超时
[2025-09-09 19:43:36.398] [DEBUG] 组包成功，数据长度: 21 字节
[2025-09-09 19:43:36.411] [DEBUG] 发送数据: A5 60 9F A5 01 0D 3B 3A 33 33 33 65 60 33 33 33 33 33 33 90 55
[2025-09-09 19:43:36.432] [DEBUG] 接收数据超时
[2025-09-09 19:43:36.440] [INFO] 结果: FAIL | 用时: 0.158s
[2025-09-09 19:43:36.453] [INFO] ==== 执行用例 #8146 ====
[2025-09-09 19:43:36.461] [INFO] 参数: {'screen_on': 1, 'brightness': 3, 'digital': 100, 'logo': 0, 'rim_state': 1, 'rdygo': 1, 'turn_left': 2, 'turn_right': 0, 'ring': 0} | 备注: nan
[2025-09-09 19:43:36.492] [DEBUG] 修改后的LED显示信息:
[2025-09-09 19:43:36.503] [INFO]   屏幕状态: 开
  亮度级别: 3
  数字显示: 100
  LOGO状态: 0 (0关, 1白, 2红)
  护盾状态: 1 (0关, 1白, 2绿)
  ReadyGo状态: 1 (0关, 1白, 2红)
  左转向灯: 2 (0关, 1白, 2橙)
  右转向灯: 0 (0关, 1白, 2橙)
  灯环状态: 0 (0关, 1蓝, 2红)
[2025-09-09 19:43:36.525] [DEBUG] 组包成功，数据长度: 21 字节
[2025-09-09 19:43:36.534] [DEBUG] 发送数据: A5 60 9F A5 03 0D 3B 3A 33 33 33 97 7D 33 33 33 33 33 33 04 55
[2025-09-09 19:43:36.557] [DEBUG] 接收数据超时
[2025-09-09 19:43:36.570] [DEBUG] 组包成功，数据长度: 21 字节
[2025-09-09 19:43:36.580] [DEBUG] 发送数据: A5 60 9F A5 01 0D 3B 3A 33 33 33 97 7D 33 33 33 33 33 33 43 55
[2025-09-09 19:43:36.605] [DEBUG] 接收数据超时
[2025-09-09 19:43:36.613] [INFO] 结果: FAIL | 用时: 0.161s
[2025-09-09 19:43:36.622] [INFO] ==== 执行用例 #9520 ====
[2025-09-09 19:43:36.634] [INFO] 参数: {'screen_on': 1, 'brightness': 4, 'digital': 50, 'logo': 0, 'rim_state': 0, 'rdygo': 1, 'turn_left': 1, 'turn_right': 2, 'ring': 0} | 备注: nan
[2025-09-09 19:43:36.669] [DEBUG] 修改后的LED显示信息:
[2025-09-09 19:43:36.683] [INFO]   屏幕状态: 开
  亮度级别: 4
  数字显示: 50
  LOGO状态: 0 (0关, 1白, 2红)
  护盾状态: 0 (0关, 1白, 2绿)
  ReadyGo状态: 1 (0关, 1白, 2红)
  左转向灯: 1 (0关, 1白, 2橙)
  右转向灯: 2 (0关, 1白, 2橙)
  灯环状态: 0 (0关, 1蓝, 2红)
[2025-09-09 19:43:36.705] [DEBUG] 组包成功，数据长度: 21 字节
[2025-09-09 19:43:36.715] [DEBUG] 发送数据: A5 60 9F A5 03 0D 3B 3C 33 33 33 65 5B 34 33 33 33 33 33 67 55
[2025-09-09 19:43:36.741] [DEBUG] 接收数据超时
[2025-09-09 19:43:36.751] [DEBUG] 组包成功，数据长度: 21 字节
[2025-09-09 19:43:36.762] [DEBUG] 发送数据: A5 60 9F A5 01 0D 3B 3C 33 33 33 65 5B 34 33 33 33 33 33 20 55
[2025-09-09 19:43:36.782] [DEBUG] 接收数据超时
[2025-09-09 19:43:36.794] [INFO] 结果: FAIL | 用时: 0.173s
[2025-09-09 19:43:36.802] [INFO] ==== 执行用例 #9922 ====
[2025-09-09 19:43:36.814] [INFO] 参数: {'screen_on': 1, 'brightness': 4, 'digital': 50, 'logo': 1, 'rim_state': 2, 'rdygo': 1, 'turn_left': 1, 'turn_right': 1, 'ring': 0} | 备注: nan
[2025-09-09 19:43:36.845] [DEBUG] 修改后的LED显示信息:
[2025-09-09 19:43:36.858] [INFO]   屏幕状态: 开
  亮度级别: 4
  数字显示: 50
  LOGO状态: 1 (0关, 1白, 2红)
  护盾状态: 2 (0关, 1白, 2绿)
  ReadyGo状态: 1 (0关, 1白, 2红)
  左转向灯: 1 (0关, 1白, 2橙)
  右转向灯: 1 (0关, 1白, 2橙)
  灯环状态: 0 (0关, 1蓝, 2红)
[2025-09-09 19:43:36.879] [DEBUG] 组包成功，数据长度: 21 字节
[2025-09-09 19:43:36.892] [DEBUG] 发送数据: A5 60 9F A5 03 0D 3B 3C 33 33 33 E5 DF 33 33 33 33 33 33 1A 55
[2025-09-09 19:43:36.916] [DEBUG] 接收数据超时
[2025-09-09 19:43:36.929] [DEBUG] 组包成功，数据长度: 21 字节
[2025-09-09 19:43:36.941] [DEBUG] 发送数据: A5 60 9F A5 01 0D 3B 3C 33 33 33 E5 DF 33 33 33 33 33 33 5D 55
[2025-09-09 19:43:36.967] [DEBUG] 接收数据超时
[2025-09-09 19:43:36.979] [INFO] 结果: FAIL | 用时: 0.177s
[2025-09-09 19:43:36.988] [INFO] ==== 执行用例 #10023 ====
[2025-09-09 19:43:36.998] [INFO] 参数: {'screen_on': 1, 'brightness': 4, 'digital': 50, 'logo': 2, 'rim_state': 0, 'rdygo': 2, 'turn_left': 0, 'turn_right': 1, 'ring': 2} | 备注: nan
[2025-09-09 19:43:37.033] [DEBUG] 修改后的LED显示信息:
[2025-09-09 19:43:37.045] [INFO]   屏幕状态: 开
  亮度级别: 4
  数字显示: 50
  LOGO状态: 2 (0关, 1白, 2红)
  护盾状态: 0 (0关, 1白, 2绿)
  ReadyGo状态: 2 (0关, 1白, 2红)
  左转向灯: 0 (0关, 1白, 2橙)
  右转向灯: 1 (0关, 1白, 2橙)
  灯环状态: 2 (0关, 1蓝, 2红)
[2025-09-09 19:43:37.066] [DEBUG] 组包成功，数据长度: 21 字节
[2025-09-09 19:43:37.079] [DEBUG] 发送数据: A5 60 9F A5 03 0D 3B 3C 33 33 33 65 C4 37 33 33 33 33 33 85 55
[2025-09-09 19:43:37.103] [DEBUG] 接收数据超时
[2025-09-09 19:43:37.115] [DEBUG] 组包成功，数据长度: 21 字节
[2025-09-09 19:43:37.129] [DEBUG] 发送数据: A5 60 9F A5 01 0D 3B 3C 33 33 33 65 C4 37 33 33 33 33 33 C2 55
[2025-09-09 19:43:37.153] [DEBUG] 接收数据超时
[2025-09-09 19:43:37.161] [INFO] 结果: FAIL | 用时: 0.173s
[2025-09-09 19:43:37.171] [INFO] ==== 执行用例 #10068 ====
[2025-09-09 19:43:37.182] [INFO] 参数: {'screen_on': 1, 'brightness': 4, 'digital': 50, 'logo': 2, 'rim_state': 1, 'rdygo': 0, 'turn_left': 2, 'turn_right': 1, 'ring': 2} | 备注: nan
[2025-09-09 19:43:37.211] [DEBUG] 修改后的LED显示信息:
[2025-09-09 19:43:37.223] [INFO]   屏幕状态: 开
  亮度级别: 4
  数字显示: 50
  LOGO状态: 2 (0关, 1白, 2红)
  护盾状态: 1 (0关, 1白, 2绿)
  ReadyGo状态: 0 (0关, 1白, 2红)
  左转向灯: 2 (0关, 1白, 2橙)
  右转向灯: 1 (0关, 1白, 2橙)
  灯环状态: 2 (0关, 1蓝, 2红)
[2025-09-09 19:43:37.244] [DEBUG] 组包成功，数据长度: 21 字节
[2025-09-09 19:43:37.252] [DEBUG] 发送数据: A5 60 9F A5 03 0D 3B 3C 33 33 33 65 F6 37 33 33 33 33 33 C9 55
[2025-09-09 19:43:37.277] [DEBUG] 接收数据超时
[2025-09-09 19:43:37.285] [DEBUG] 组包成功，数据长度: 21 字节
[2025-09-09 19:43:37.303] [DEBUG] 发送数据: A5 60 9F A5 01 0D 3B 3C 33 33 33 65 F6 37 33 33 33 33 33 8E 55
[2025-09-09 19:43:37.324] [DEBUG] 接收数据超时
[2025-09-09 19:43:37.332] [INFO] 结果: FAIL | 用时: 0.161s
[2025-09-09 19:43:37.341] [INFO] ==== 执行用例 #10282 ====
[2025-09-09 19:43:37.350] [INFO] 参数: {'screen_on': 1, 'brightness': 4, 'digital': 100, 'logo': 0, 'rim_state': 0, 'rdygo': 2, 'turn_left': 2, 'turn_right': 1, 'ring': 0} | 备注: nan
[2025-09-09 19:43:37.379] [DEBUG] 修改后的LED显示信息:
[2025-09-09 19:43:37.392] [INFO]   屏幕状态: 开
  亮度级别: 4
  数字显示: 100
  LOGO状态: 0 (0关, 1白, 2红)
  护盾状态: 0 (0关, 1白, 2绿)
  ReadyGo状态: 2 (0关, 1白, 2红)
  左转向灯: 2 (0关, 1白, 2橙)
  右转向灯: 1 (0关, 1白, 2橙)
  灯环状态: 0 (0关, 1蓝, 2红)
[2025-09-09 19:43:37.412] [DEBUG] 组包成功，数据长度: 21 字节
[2025-09-09 19:43:37.423] [DEBUG] 发送数据: A5 60 9F A5 03 0D 3B 3C 33 33 33 97 03 33 33 33 33 33 33 D5 55
[2025-09-09 19:43:37.445] [DEBUG] 接收数据超时
[2025-09-09 19:43:37.457] [DEBUG] 组包成功，数据长度: 21 字节
[2025-09-09 19:43:37.469] [DEBUG] 发送数据: A5 60 9F A5 01 0D 3B 3C 33 33 33 97 03 33 33 33 33 33 33 92 55
[2025-09-09 19:43:37.490] [DEBUG] 接收数据超时
[2025-09-09 19:43:37.498] [INFO] 结果: FAIL | 用时: 0.157s
[2025-09-09 19:43:37.509] [INFO] ==== 执行用例 #10509 ====
[2025-09-09 19:43:37.519] [INFO] 参数: {'screen_on': 1, 'brightness': 4, 'digital': 100, 'logo': 1, 'rim_state': 0, 'rdygo': 2, 'turn_left': 0, 'turn_right': 1, 'ring': 2} | 备注: nan
[2025-09-09 19:43:37.548] [DEBUG] 修改后的LED显示信息:
[2025-09-09 19:43:37.560] [INFO]   屏幕状态: 开
  亮度级别: 4
  数字显示: 100
  LOGO状态: 1 (0关, 1白, 2红)
  护盾状态: 0 (0关, 1白, 2绿)
  ReadyGo状态: 2 (0关, 1白, 2红)
  左转向灯: 0 (0关, 1白, 2橙)
  右转向灯: 1 (0关, 1白, 2橙)
  灯环状态: 2 (0关, 1蓝, 2红)
[2025-09-09 19:43:37.581] [DEBUG] 组包成功，数据长度: 21 字节
[2025-09-09 19:43:37.594] [DEBUG] 发送数据: A5 60 9F A5 03 0D 3B 3C 33 33 33 17 C3 37 33 33 33 33 33 56 55
[2025-09-09 19:43:37.619] [DEBUG] 接收数据超时
[2025-09-09 19:43:37.628] [DEBUG] 组包成功，数据长度: 21 字节
[2025-09-09 19:43:37.640] [DEBUG] 发送数据: A5 60 9F A5 01 0D 3B 3C 33 33 33 17 C3 37 33 33 33 33 33 11 55
[2025-09-09 19:43:37.657] [DEBUG] 接收数据超时
[2025-09-09 19:43:37.671] [INFO] 结果: FAIL | 用时: 0.162s
[2025-09-09 19:43:37.680] [INFO] ==== 执行用例 #11108 ====
[2025-09-09 19:43:37.686] [INFO] 参数: {'screen_on': 1, 'brightness': 5, 'digital': 0, 'logo': 0, 'rim_state': 2, 'rdygo': 0, 'turn_left': 1, 'turn_right': 0, 'ring': 1} | 备注: nan
[2025-09-09 19:43:37.721] [DEBUG] 修改后的LED显示信息:
[2025-09-09 19:43:37.729] [INFO]   屏幕状态: 开
  亮度级别: 5
  数字显示: 0
  LOGO状态: 0 (0关, 1白, 2红)
  护盾状态: 2 (0关, 1白, 2绿)
  ReadyGo状态: 0 (0关, 1白, 2红)
  左转向灯: 1 (0关, 1白, 2橙)
  右转向灯: 0 (0关, 1白, 2橙)
  灯环状态: 1 (0关, 1蓝, 2红)
[2025-09-09 19:43:37.750] [DEBUG] 组包成功，数据长度: 21 字节
[2025-09-09 19:43:37.759] [DEBUG] 发送数据: A5 60 9F A5 03 0D 3B 3E 33 33 33 33 57 35 33 33 33 33 33 6E 55
[2025-09-09 19:43:37.784] [DEBUG] 接收数据超时
[2025-09-09 19:43:37.796] [DEBUG] 组包成功，数据长度: 21 字节
[2025-09-09 19:43:37.807] [DEBUG] 发送数据: A5 60 9F A5 01 0D 3B 3E 33 33 33 33 57 35 33 33 33 33 33 29 55
[2025-09-09 19:43:37.826] [DEBUG] 接收数据超时
[2025-09-09 19:43:37.838] [INFO] 结果: FAIL | 用时: 0.158s
[2025-09-09 19:43:37.846] [INFO] ==== 执行用例 #11309 ====
[2025-09-09 19:43:37.855] [INFO] 参数: {'screen_on': 1, 'brightness': 5, 'digital': 0, 'logo': 1, 'rim_state': 1, 'rdygo': 1, 'turn_left': 2, 'turn_right': 1, 'ring': 1} | 备注: nan
[2025-09-09 19:43:37.888] [DEBUG] 修改后的LED显示信息:
[2025-09-09 19:43:37.900] [INFO]   屏幕状态: 开
  亮度级别: 5
  数字显示: 0
  LOGO状态: 1 (0关, 1白, 2红)
  护盾状态: 1 (0关, 1白, 2绿)
  ReadyGo状态: 1 (0关, 1白, 2红)
  左转向灯: 2 (0关, 1白, 2橙)
  右转向灯: 1 (0关, 1白, 2橙)
  灯环状态: 1 (0关, 1蓝, 2红)
[2025-09-09 19:43:37.921] [DEBUG] 组包成功，数据长度: 21 字节
[2025-09-09 19:43:37.932] [DEBUG] 发送数据: A5 60 9F A5 03 0D 3B 3E 33 33 33 B3 FD 35 33 33 33 33 33 82 55
[2025-09-09 19:43:37.956] [DEBUG] 接收数据超时
[2025-09-09 19:43:37.964] [DEBUG] 组包成功，数据长度: 21 字节
[2025-09-09 19:43:37.980] [DEBUG] 发送数据: A5 60 9F A5 01 0D 3B 3E 33 33 33 B3 FD 35 33 33 33 33 33 C5 55
[2025-09-09 19:43:38.002] [DEBUG] 接收数据超时
[2025-09-09 19:43:38.010] [INFO] 结果: FAIL | 用时: 0.164s
[2025-09-09 19:43:38.019] [INFO] ==== 执行用例 #11460 ====
[2025-09-09 19:43:38.031] [INFO] 参数: {'screen_on': 1, 'brightness': 5, 'digital': 0, 'logo': 2, 'rim_state': 0, 'rdygo': 1, 'turn_left': 1, 'turn_right': 0, 'ring': 2} | 备注: nan
[2025-09-09 19:43:38.061] [DEBUG] 修改后的LED显示信息:
[2025-09-09 19:43:38.074] [INFO]   屏幕状态: 开
  亮度级别: 5
  数字显示: 0
  LOGO状态: 2 (0关, 1白, 2红)
  护盾状态: 0 (0关, 1白, 2绿)
  ReadyGo状态: 1 (0关, 1白, 2红)
  左转向灯: 1 (0关, 1白, 2橙)
  右转向灯: 0 (0关, 1白, 2橙)
  灯环状态: 2 (0关, 1蓝, 2红)
[2025-09-09 19:43:38.094] [DEBUG] 组包成功，数据长度: 21 字节
[2025-09-09 19:43:38.108] [DEBUG] 发送数据: A5 60 9F A5 03 0D 3B 3E 33 33 33 33 5C 37 33 33 33 33 33 AD 55
[2025-09-09 19:43:38.134] [DEBUG] 接收数据超时
[2025-09-09 19:43:38.145] [DEBUG] 组包成功，数据长度: 21 字节
[2025-09-09 19:43:38.158] [DEBUG] 发送数据: A5 60 9F A5 01 0D 3B 3E 33 33 33 33 5C 37 33 33 33 33 33 EA 55
[2025-09-09 19:43:38.180] [DEBUG] 接收数据超时
[2025-09-09 19:43:38.192] [INFO] 结果: FAIL | 用时: 0.173s
[2025-09-09 19:43:38.200] [INFO] ==== 执行用例 #12960 ====
[2025-09-09 19:43:38.210] [INFO] 参数: {'screen_on': 1, 'brightness': 5, 'digital': 100, 'logo': 2, 'rim_state': 0, 'rdygo': 2, 'turn_left': 2, 'turn_right': 2, 'ring': 2} | 备注: nan
[2025-09-09 19:43:38.241] [DEBUG] 修改后的LED显示信息:
[2025-09-09 19:43:38.253] [INFO]   屏幕状态: 开
  亮度级别: 5
  数字显示: 100
  LOGO状态: 2 (0关, 1白, 2红)
  护盾状态: 0 (0关, 1白, 2绿)
  ReadyGo状态: 2 (0关, 1白, 2红)
  左转向灯: 2 (0关, 1白, 2橙)
  右转向灯: 2 (0关, 1白, 2橙)
  灯环状态: 2 (0关, 1蓝, 2红)
[2025-09-09 19:43:38.274] [DEBUG] 组包成功，数据长度: 21 字节
[2025-09-09 19:43:38.285] [DEBUG] 发送数据: A5 60 9F A5 03 0D 3B 3E 33 33 33 97 84 38 33 33 33 33 33 9E 55
[2025-09-09 19:43:38.312] [DEBUG] 接收数据超时
[2025-09-09 19:43:38.321] [DEBUG] 组包成功，数据长度: 21 字节
[2025-09-09 19:43:38.333] [DEBUG] 发送数据: A5 60 9F A5 01 0D 3B 3E 33 33 33 97 84 38 33 33 33 33 33 D9 55
[2025-09-09 19:43:38.358] [DEBUG] 接收数据超时
[2025-09-09 19:43:38.373] [INFO] 结果: FAIL | 用时: 0.174s
[2025-09-09 19:43:38.381] [INFO] ==== 执行用例 #13191 ====
[2025-09-09 19:43:38.392] [INFO] 参数: {'screen_on': 1, 'brightness': 6, 'digital': 0, 'logo': 0, 'rim_state': 0, 'rdygo': 2, 'turn_left': 1, 'turn_right': 1, 'ring': 2} | 备注: nan
[2025-09-09 19:43:38.422] [DEBUG] 修改后的LED显示信息:
[2025-09-09 19:43:38.430] [INFO]   屏幕状态: 开
  亮度级别: 6
  数字显示: 0
  LOGO状态: 0 (0关, 1白, 2红)
  护盾状态: 0 (0关, 1白, 2绿)
  ReadyGo状态: 2 (0关, 1白, 2红)
  左转向灯: 1 (0关, 1白, 2橙)
  右转向灯: 1 (0关, 1白, 2橙)
  灯环状态: 2 (0关, 1蓝, 2红)
[2025-09-09 19:43:38.455] [DEBUG] 组包成功，数据长度: 21 字节
[2025-09-09 19:43:38.463] [DEBUG] 发送数据: A5 60 9F A5 03 0D 3B 40 33 33 33 33 E3 37 33 33 33 33 33 02 55
[2025-09-09 19:43:38.489] [DEBUG] 接收数据超时
[2025-09-09 19:43:38.497] [DEBUG] 组包成功，数据长度: 21 字节
[2025-09-09 19:43:38.509] [DEBUG] 发送数据: A5 60 9F A5 01 0D 3B 40 33 33 33 33 E3 37 33 33 33 33 33 45 55
[2025-09-09 19:43:38.531] [DEBUG] 接收数据超时
[2025-09-09 19:43:38.538] [INFO] 结果: FAIL | 用时: 0.157s
[2025-09-09 19:43:38.551] [INFO] ==== 执行用例 #13602 ====
[2025-09-09 19:43:38.561] [INFO] 参数: {'screen_on': 1, 'brightness': 6, 'digital': 0, 'logo': 1, 'rim_state': 2, 'rdygo': 2, 'turn_left': 2, 'turn_right': 0, 'ring': 2} | 备注: nan
[2025-09-09 19:43:38.593] [DEBUG] 修改后的LED显示信息:
[2025-09-09 19:43:38.605] [INFO]   屏幕状态: 开
  亮度级别: 6
  数字显示: 0
  LOGO状态: 1 (0关, 1白, 2红)
  护盾状态: 2 (0关, 1白, 2绿)
  ReadyGo状态: 2 (0关, 1白, 2红)
  左转向灯: 2 (0关, 1白, 2橙)
  右转向灯: 0 (0关, 1白, 2橙)
  灯环状态: 2 (0关, 1蓝, 2红)
[2025-09-09 19:43:38.626] [DEBUG] 组包成功，数据长度: 21 字节
[2025-09-09 19:43:38.635] [DEBUG] 发送数据: A5 60 9F A5 03 0D 3B 40 33 33 33 B3 87 37 33 33 33 33 33 62 55
[2025-09-09 19:43:38.662] [DEBUG] 接收数据超时
[2025-09-09 19:43:38.674] [DEBUG] 组包成功，数据长度: 21 字节
[2025-09-09 19:43:38.686] [DEBUG] 发送数据: A5 60 9F A5 01 0D 3B 40 33 33 33 B3 87 37 33 33 33 33 33 25 55
[2025-09-09 19:43:38.706] [DEBUG] 接收数据超时
[2025-09-09 19:43:38.720] [INFO] 结果: FAIL | 用时: 0.168s
[2025-09-09 19:43:38.729] [INFO] ==== 执行用例 #14453 ====
[2025-09-09 19:43:38.737] [INFO] 参数: {'screen_on': 1, 'brightness': 6, 'digital': 50, 'logo': 2, 'rim_state': 1, 'rdygo': 1, 'turn_left': 0, 'turn_right': 2, 'ring': 1} | 备注: nan
[2025-09-09 19:43:38.769] [DEBUG] 修改后的LED显示信息:
[2025-09-09 19:43:38.782] [INFO]   屏幕状态: 开
  亮度级别: 6
  数字显示: 50
  LOGO状态: 2 (0关, 1白, 2红)
  护盾状态: 1 (0关, 1白, 2绿)
  ReadyGo状态: 1 (0关, 1白, 2红)
  左转向灯: 0 (0关, 1白, 2橙)
  右转向灯: 2 (0关, 1白, 2橙)
  灯环状态: 1 (0关, 1蓝, 2红)
[2025-09-09 19:43:38.803] [DEBUG] 组包成功，数据长度: 21 字节
[2025-09-09 19:43:38.811] [DEBUG] 发送数据: A5 60 9F A5 03 0D 3B 40 33 33 33 65 3E 36 33 33 33 33 33 D5 55
[2025-09-09 19:43:38.844] [DEBUG] 接收数据超时
[2025-09-09 19:43:38.852] [DEBUG] 组包成功，数据长度: 21 字节
[2025-09-09 19:43:38.865] [DEBUG] 发送数据: A5 60 9F A5 01 0D 3B 40 33 33 33 65 3E 36 33 33 33 33 33 92 55
[2025-09-09 19:43:38.886] [DEBUG] 接收数据超时
[2025-09-09 19:43:38.899] [INFO] 结果: FAIL | 用时: 0.165s
[2025-09-09 19:43:38.907] [INFO] ==== 执行用例 #14934 ====
[2025-09-09 19:43:38.915] [INFO] 参数: {'screen_on': 1, 'brightness': 6, 'digital': 100, 'logo': 1, 'rim_state': 1, 'rdygo': 1, 'turn_left': 0, 'turn_right': 0, 'ring': 2} | 备注: nan
[2025-09-09 19:43:38.948] [DEBUG] 修改后的LED显示信息:
[2025-09-09 19:43:38.960] [INFO]   屏幕状态: 开
  亮度级别: 6
  数字显示: 100
  LOGO状态: 1 (0关, 1白, 2红)
  护盾状态: 1 (0关, 1白, 2绿)
  ReadyGo状态: 1 (0关, 1白, 2红)
  左转向灯: 0 (0关, 1白, 2橙)
  右转向灯: 0 (0关, 1白, 2橙)
  灯环状态: 2 (0关, 1蓝, 2红)
[2025-09-09 19:43:38.980] [DEBUG] 组包成功，数据长度: 21 字节
[2025-09-09 19:43:38.993] [DEBUG] 发送数据: A5 60 9F A5 03 0D 3B 40 33 33 33 17 3D 37 33 33 33 33 33 46 55
[2025-09-09 19:43:39.015] [DEBUG] 接收数据超时
[2025-09-09 19:43:39.028] [DEBUG] 组包成功，数据长度: 21 字节
[2025-09-09 19:43:39.036] [DEBUG] 发送数据: A5 60 9F A5 01 0D 3B 40 33 33 33 17 3D 37 33 33 33 33 33 01 55
[2025-09-09 19:43:39.057] [DEBUG] 接收数据超时
[2025-09-09 19:43:39.070] [INFO] 结果: FAIL | 用时: 0.163s
[2025-09-09 19:43:39.078] [INFO] ==== 执行用例 #15192 ====
[2025-09-09 19:43:39.086] [INFO] 参数: {'screen_on': 1, 'brightness': 6, 'digital': 100, 'logo': 2, 'rim_state': 1, 'rdygo': 1, 'turn_left': 1, 'turn_right': 2, 'ring': 2} | 备注: nan
[2025-09-09 19:43:39.120] [DEBUG] 修改后的LED显示信息:
[2025-09-09 19:43:39.129] [INFO]   屏幕状态: 开
  亮度级别: 6
  数字显示: 100
  LOGO状态: 2 (0关, 1白, 2红)
  护盾状态: 1 (0关, 1白, 2绿)
  ReadyGo状态: 1 (0关, 1白, 2红)
  左转向灯: 1 (0关, 1白, 2橙)
  右转向灯: 2 (0关, 1白, 2橙)
  灯环状态: 2 (0关, 1蓝, 2红)
[2025-09-09 19:43:39.155] [DEBUG] 组包成功，数据长度: 21 字节
[2025-09-09 19:43:39.163] [DEBUG] 发送数据: A5 60 9F A5 03 0D 3B 40 33 33 33 97 5E 38 33 33 33 33 33 7E 55
[2025-09-09 19:43:39.188] [DEBUG] 接收数据超时
[2025-09-09 19:43:39.196] [DEBUG] 组包成功，数据长度: 21 字节
[2025-09-09 19:43:39.208] [DEBUG] 发送数据: A5 60 9F A5 01 0D 3B 40 33 33 33 97 5E 38 33 33 33 33 33 39 55
[2025-09-09 19:43:39.229] [DEBUG] 接收数据超时
[2025-09-09 19:43:39.238] [INFO] 结果: FAIL | 用时: 0.159s
[2025-09-09 19:43:39.250] [INFO] ==== 执行用例 #15583 ====
[2025-09-09 19:43:39.258] [INFO] 参数: {'screen_on': 1, 'brightness': 7, 'digital': 0, 'logo': 1, 'rim_state': 0, 'rdygo': 1, 'turn_left': 0, 'turn_right': 1, 'ring': 0} | 备注: nan
[2025-09-09 19:43:39.288] [DEBUG] 修改后的LED显示信息:
[2025-09-09 19:43:39.300] [INFO]   屏幕状态: 开
  亮度级别: 7
  数字显示: 0
  LOGO状态: 1 (0关, 1白, 2红)
  护盾状态: 0 (0关, 1白, 2绿)
  ReadyGo状态: 1 (0关, 1白, 2红)
  左转向灯: 0 (0关, 1白, 2橙)
  右转向灯: 1 (0关, 1白, 2橙)
  灯环状态: 0 (0关, 1蓝, 2红)
[2025-09-09 19:43:39.321] [DEBUG] 组包成功，数据长度: 21 字节
[2025-09-09 19:43:39.330] [DEBUG] 发送数据: A5 60 9F A5 03 0D 3B 42 33 33 33 B3 BB 33 33 33 33 33 33 AB 55
[2025-09-09 19:43:39.356] [DEBUG] 接收数据超时
[2025-09-09 19:43:39.365] [DEBUG] 组包成功，数据长度: 21 字节
[2025-09-09 19:43:39.377] [DEBUG] 发送数据: A5 60 9F A5 01 0D 3B 42 33 33 33 B3 BB 33 33 33 33 33 33 EC 55
[2025-09-09 19:43:39.402] [DEBUG] 接收数据超时
[2025-09-09 19:43:39.419] [INFO] 结果: FAIL | 用时: 0.169s
[2025-09-09 19:43:39.428] [INFO] ==== 执行用例 #16100 ====
[2025-09-09 19:43:39.439] [INFO] 参数: {'screen_on': 1, 'brightness': 7, 'digital': 50, 'logo': 0, 'rim_state': 0, 'rdygo': 2, 'turn_left': 0, 'turn_right': 2, 'ring': 1} | 备注: nan
[2025-09-09 19:43:39.468] [DEBUG] 修改后的LED显示信息:
[2025-09-09 19:43:39.481] [INFO]   屏幕状态: 开
  亮度级别: 7
  数字显示: 50
  LOGO状态: 0 (0关, 1白, 2红)
  护盾状态: 0 (0关, 1白, 2绿)
  ReadyGo状态: 2 (0关, 1白, 2红)
  左转向灯: 0 (0关, 1白, 2橙)
  右转向灯: 2 (0关, 1白, 2橙)
  灯环状态: 1 (0关, 1蓝, 2红)
[2025-09-09 19:43:39.498] [DEBUG] 组包成功，数据长度: 21 字节
[2025-09-09 19:43:39.511] [DEBUG] 发送数据: A5 60 9F A5 03 0D 3B 42 33 33 33 65 43 36 33 33 33 33 33 99 55
[2025-09-09 19:43:39.532] [DEBUG] 接收数据超时
[2025-09-09 19:43:39.544] [DEBUG] 组包成功，数据长度: 21 字节
[2025-09-09 19:43:39.553] [DEBUG] 发送数据: A5 60 9F A5 01 0D 3B 42 33 33 33 65 43 36 33 33 33 33 33 DE 55
[2025-09-09 19:43:39.574] [DEBUG] 接收数据超时
[2025-09-09 19:43:39.586] [INFO] 结果: FAIL | 用时: 0.158s
[2025-09-09 19:43:39.595] [INFO] ==== 执行用例 #16418 ====
[2025-09-09 19:43:39.603] [INFO] 参数: {'screen_on': 1, 'brightness': 7, 'digital': 50, 'logo': 1, 'rim_state': 1, 'rdygo': 2, 'turn_left': 0, 'turn_right': 0, 'ring': 1} | 备注: nan
[2025-09-09 19:43:39.636] [DEBUG] 修改后的LED显示信息:
[2025-09-09 19:43:39.645] [INFO]   屏幕状态: 开
  亮度级别: 7
  数字显示: 50
  LOGO状态: 1 (0关, 1白, 2红)
  护盾状态: 1 (0关, 1白, 2绿)
  ReadyGo状态: 2 (0关, 1白, 2红)
  左转向灯: 0 (0关, 1白, 2橙)
  右转向灯: 0 (0关, 1白, 2橙)
  灯环状态: 1 (0关, 1蓝, 2红)
[2025-09-09 19:43:39.665] [DEBUG] 组包成功，数据长度: 21 字节
[2025-09-09 19:43:39.678] [DEBUG] 发送数据: A5 60 9F A5 03 0D 3B 42 33 33 33 E5 45 35 33 33 33 33 33 11 55
[2025-09-09 19:43:39.702] [DEBUG] 接收数据超时
[2025-09-09 19:43:39.715] [DEBUG] 组包成功，数据长度: 21 字节
[2025-09-09 19:43:39.724] [DEBUG] 发送数据: A5 60 9F A5 01 0D 3B 42 33 33 33 E5 45 35 33 33 33 33 33 56 55
[2025-09-09 19:43:39.747] [DEBUG] 接收数据超时
[2025-09-09 19:43:39.753] [INFO] 结果: FAIL | 用时: 0.159s
[2025-09-09 19:43:39.766] [INFO] ==== 执行用例 #16485 ====
[2025-09-09 19:43:39.775] [INFO] 参数: {'screen_on': 1, 'brightness': 7, 'digital': 50, 'logo': 1, 'rim_state': 2, 'rdygo': 1, 'turn_left': 1, 'turn_right': 1, 'ring': 2} | 备注: nan
[2025-09-09 19:43:39.804] [DEBUG] 修改后的LED显示信息:
[2025-09-09 19:43:39.817] [INFO]   屏幕状态: 开
  亮度级别: 7
  数字显示: 50
  LOGO状态: 1 (0关, 1白, 2红)
  护盾状态: 2 (0关, 1白, 2绿)
  ReadyGo状态: 1 (0关, 1白, 2红)
  左转向灯: 1 (0关, 1白, 2橙)
  右转向灯: 1 (0关, 1白, 2橙)
  灯环状态: 2 (0关, 1蓝, 2红)
[2025-09-09 19:43:39.838] [DEBUG] 组包成功，数据长度: 21 字节
[2025-09-09 19:43:39.846] [DEBUG] 发送数据: A5 60 9F A5 03 0D 3B 42 33 33 33 E5 DF 37 33 33 33 33 33 79 55
[2025-09-09 19:43:39.873] [DEBUG] 接收数据超时
[2025-09-09 19:43:39.885] [DEBUG] 组包成功，数据长度: 21 字节
[2025-09-09 19:43:39.893] [DEBUG] 发送数据: A5 60 9F A5 01 0D 3B 42 33 33 33 E5 DF 37 33 33 33 33 33 3E 55
[2025-09-09 19:43:39.914] [DEBUG] 接收数据超时
[2025-09-09 19:43:39.923] [INFO] 结果: FAIL | 用时: 0.157s
[2025-09-09 19:43:39.932] [INFO] ==== 执行用例 #16555 ====
[2025-09-09 19:43:39.943] [INFO] 参数: {'screen_on': 1, 'brightness': 7, 'digital': 50, 'logo': 2, 'rim_state': 0, 'rdygo': 1, 'turn_left': 0, 'turn_right': 1, 'ring': 0} | 备注: nan
[2025-09-09 19:43:39.975] [DEBUG] 修改后的LED显示信息:
[2025-09-09 19:43:39.986] [INFO]   屏幕状态: 开
  亮度级别: 7
  数字显示: 50
  LOGO状态: 2 (0关, 1白, 2红)
  护盾状态: 0 (0关, 1白, 2绿)
  ReadyGo状态: 1 (0关, 1白, 2红)
  左转向灯: 0 (0关, 1白, 2橙)
  右转向灯: 1 (0关, 1白, 2橙)
  灯环状态: 0 (0关, 1蓝, 2红)
[2025-09-09 19:43:40.007] [DEBUG] 组包成功，数据长度: 21 字节
[2025-09-09 19:43:40.018] [DEBUG] 发送数据: A5 60 9F A5 03 0D 3B 42 33 33 33 65 BC 33 33 33 33 33 33 1D 55
[2025-09-09 19:43:40.042] [DEBUG] 接收数据超时
[2025-09-09 19:43:40.054] [DEBUG] 组包成功，数据长度: 21 字节
[2025-09-09 19:43:40.062] [DEBUG] 发送数据: A5 60 9F A5 01 0D 3B 42 33 33 33 65 BC 33 33 33 33 33 33 5A 55
[2025-09-09 19:43:40.088] [DEBUG] 接收数据超时
[2025-09-09 19:43:40.101] [INFO] 结果: FAIL | 用时: 0.169s
[2025-09-09 19:43:40.113] [INFO] ==== 执行用例 #20000 ====
[2025-09-09 19:43:40.123] [INFO] 参数: {'screen_on': 1, 'brightness': 7, 'digital': 88, 'logo': 2, 'rim_state': 0, 'rdygo': 1, 'turn_left': 0, 'turn_right': 1, 'ring': 0} | 备注: nan
[2025-09-09 19:43:40.154] [DEBUG] 修改后的LED显示信息:
[2025-09-09 19:43:40.167] [INFO]   屏幕状态: 开
  亮度级别: 7
  数字显示: 88
  LOGO状态: 2 (0关, 1白, 2红)
  护盾状态: 0 (0关, 1白, 2绿)
  ReadyGo状态: 1 (0关, 1白, 2红)
  左转向灯: 0 (0关, 1白, 2橙)
  右转向灯: 1 (0关, 1白, 2橙)
  灯环状态: 0 (0关, 1蓝, 2红)
[2025-09-09 19:43:40.189] [DEBUG] 组包成功，数据长度: 21 字节
[2025-09-09 19:43:40.200] [DEBUG] 发送数据: A5 60 9F A5 03 0D 3B 42 33 33 33 8B BC 33 33 33 33 33 33 FA 55
[2025-09-09 19:43:40.225] [DEBUG] 接收数据超时
[2025-09-09 19:43:40.234] [DEBUG] 组包成功，数据长度: 21 字节
[2025-09-09 19:43:40.247] [DEBUG] 发送数据: A5 60 9F A5 01 0D 3B 42 33 33 33 8B BC 33 33 33 33 33 33 BD 55
[2025-09-09 19:43:40.271] [DEBUG] 接收数据超时
[2025-09-09 19:43:40.282] [INFO] 结果: FAIL | 用时: 0.170s
[2025-09-09 19:43:40.292] [INFO] 开始压力循环: 次数=1, 间隔=0.5s, 参数={'screen_on': 1, 'brightness': 1, 'digital': 50, 'logo': 0, 'rim_state': 1, 'rdygo': 0, 'turn_left': 0, 'turn_right': 0, 'ring': 2}
[2025-09-09 19:43:40.322] [DEBUG] 修改后的LED显示信息:
[2025-09-09 19:43:40.339] [INFO]   屏幕状态: 开
  亮度级别: 1
  数字显示: 50
  LOGO状态: 0 (0关, 1白, 2红)
  护盾状态: 1 (0关, 1白, 2绿)
  ReadyGo状态: 0 (0关, 1白, 2红)
  左转向灯: 0 (0关, 1白, 2橙)
  右转向灯: 0 (0关, 1白, 2橙)
  灯环状态: 2 (0关, 1蓝, 2红)
[2025-09-09 19:43:40.359] [DEBUG] 组包成功，数据长度: 21 字节
[2025-09-09 19:43:40.373] [DEBUG] 发送数据: A5 60 9F A5 03 0D 3B 36 33 33 33 65 35 37 33 33 33 33 33 6A 55
[2025-09-09 19:43:40.396] [DEBUG] 接收数据: A5 60 9F A5 83 55 33 93 7F 63 64 33 33 33 33 33 33 33 33 33 33 33 33 33 33 33 33 33 33 33 33 33 33 33 33 33 33 33 33 33 33 33 33 89 66 69 66 65 85 64 63 64 76 63 64 92 75 A7 63 65 33 33 33 33 33 37 33 38 33 33 33 36 33 33 33 65 35 37 33 33 33 33 33 33 33 33 33 33 33 33 33 42 55 A5 60 9F A5 81 0D 3B 36 33 33 33 65 35 37 33 33 33 33 33 1A 55 A5 60 9F A5 83 55 33 93 7F 63 64 33 33 33 33 33 33 33 33 33 33 33 33 33 33 33 33 33 33 33 33 33 33 33 33 33 33 33 33 33 33 33 33 89 66 69 66 65 85 64 63 64 76 63 64 92 75 A7 63 65 33 33 33 33 33 37 33 37 33 33 33 38 33 33 33 65 33 37 33 33 33 33 33 33 33 33 33 33 33 33 33 AA 55 A5 60 9F A5 81 0D 3B 38 33 33 33 65 33 37 33 33 33 33 33 8C 55 A5 60 9F A5 83 55 33 93 7F 63 64 33 33 33 33 33 33 33 33 33 33 33 33 33 33 33 33 33 33 33 33 33 33 33 33 33 33 33 33 33 33 33 33 89 66 69 66 65 85 64 63 64 76 63 64 92 75 A7 63 65 33 33 33 33 33 37 33 38 33 33 33 3A 33 33 33 33 57 34 33 33 33 33 33 33 33 33 33 33 33 33 33 53 55 A5 60 9F A5 81 0D 3B 3A 33 33 33 33 57 34 33 33 33 33 33 92 55 A5 60 9F A5 83 55 33 93 7F 63 64 33 33 33 33 33 33 33 33 33 33 33 33 33 33 33 33 33 33 33 33 33 33 33 33 33 33 33 33 33 33 33 33 89 66 69 66 65 85 64 63 64 76 63 64 92 75 A7 63 65 33 33 33 33 33 37 33 38 33 33 33 3A 33 33 33 B3 5D 37 33 33 33 33 33 33 33 33 33 33 33 33 33 A2 55 A5 60 9F A5 81 0D 3B 3A 33 33 33 B3 5D 37 33 33 33 33 33 2C 55 A5 60 9F A5 83 55 33 93 7F 63 64 33 33 33 33 33 33 33 33 33 33 33 33 33 33 33 33 33 33 33 33 33 33 33 33 33 33 33 33 33 33 33 33 89 66 69 66 65 85 64 63 64 76 63 64 92 75 A7 63 65 33 33 33 33 33 37 33 36 33 33 33 3A 33 33 33 65 43 37 33 33 33 33 33 33 33 33 33 33 33 33 33 E5 55 A5 60 9F A5 81 0D 3B 3A 33 33 33 65 43 37 33 33 33 33 33 3C 55 A5 60 9F A5 83 55 33 93 7F 63 64 33 33 33 33 33 33 33 33 33 33 33 33 33 33 33 33 33 33 33 33 33 33 33 33 33 33 33 33 33 33 33 33 89 66 69 66 65 85 64 63 64 76 63 64 92 75 A7 63 65 33 33 33 34 33 37 33 37 33 33 33 3A 33 33 33 E5 D3 37 33 33 33 33 33 33 33 33 33 33 33 33 33 5C 55 A5 60 9F A5 81 0D 3B 3A 33 33 33 E5 D3 37 33 33 33 33 33 B8 55 A5 60 9F A5 83 55 33 93 7F 63 64 33 33 33 33 33 33 33 33 33 33 33 33 33 33 33 33 33 33 33 33 33 33 33 33 33 33 33 33 33 33 33 33 89 66 69 66 65 85 64 63 64 76 63 64 92 75 A7 63 65 33 33 33 34 33 37 33 3A 33 33 33 3A 33 33 33 65 60 33 33 33 33 33 33 33 33 33 33 33 33 33 33 2E 55 A5 60 9F A5 81 0D 3B 3A 33 33 33 65 60 33 33 33 33 33 33 A7 55 A5 60 9F A5 83 55 33 93 7F 63 64 33 33 33 33 33 33 33 33 33 33 33 33 33 33 33 33 33 33 33 33 33 33 33 33 33 33 33 33 33 33 33 33 89 66 69 66 65 85 64 63 64 76 63 64 92 75 A7 63 65 33 33 33 34 33 37 33 3A 33 33 33 3A 33 33 33 97 7D 33 33 33 33 33 33 33 33 33 33 33 33 33 33 8D 55 A5 60 9F A5 81 0D 3B 3A 33 33 33 97 7D 33 33 33 33 33 33 74 55 A5 60 9F A5 83 55 33 93 7F 63 64 33 33 33 33 33 33 33 33 33 33 33 33 33 33 33 33 33 33 33 33 33 33 33 33 33 33 33 33 33 33 33 33 89 66 69 66 65 85 64 63 64 76 63 64 92 75 A7 63 65 33 33 33 33 33 37 33 37 33 33 33 3C 33 33 33 65 5B 34 33 33 33 33 33 33 33 33 33 33 33 33 33 5A 55 A5 60 9F A5 81 0D 3B 3C 33 33 33 65 5B 34 33 33 33 33 33 17 55 A5 60 9F A5 83 55 33 93 7F 63 64 33 33 33 33 33 33 33 33 33 33 33 33 33 33 33 33 33 33 33 33 33 33 33 33 33 33 33 33 33 33 33 33 89 66 69 66 65 85 64 63 64 76 63 64 92 75 A7 63 65 33 33 33 33 33 37 33 38 33 33 33 3C 33 33 33 E5 DF 33 33 33 33 33 33 33 33 33 33 33 33 33 33 8F 55 A5 60 9F A5 81 0D 3B 3C 33 33 33 E5 DF 33 33 33 33 33 33 6A 55 A5 60 9F A5 83 55 33 93 7F 63 64 33 33 33 33 33 33 33 33 33 33 33 33 33 33 33 33 33 33 33 33 33 33 33 33 33 33 33 33 33 33 33 33 89 66 69 66 65 85 64 63 64 76 63 64 92 75 A7 63 65 33 33 33 33 33 37 33 37 33 33 33 3C 33 33 33 65 C4 37 33 33 33 33 33 33 33 33 33 33 33 33 33 25 55 A5 60 9F A5 81 0D 3B 3C 33 33 33 65 C4 37 33 33 33 33 33 F5 55 A5 60 9F A5 83 55 33 93 7F 63 64 33 33 33 33 33 33 33 33 33 33 33 33 33 33 33 33 33 33 33 33 33 33 33 33 33 33 33 33 33 33 33 33 89 66 69 66 65 85 64 63 64 76 63 64 92 75 A7 63 65 33 33 33 33 33 37 33 38 33 33 33 3C 33 33 33 65 F6 37 33 33 33 33 33 33 33 33 33 33 33 33 33 20 55 A5 60 9F A5 81 0D 3B 3C 33 33 33 65 F6 37 33 33 33 33 33 B9 55 A5 60 9F A5 83 55 33 93 7F 63 64 33 33 33 33 33 33 33 33 33 33 33 33 33 33 33 33 33 33 33 33 33 33 33 33 33 33 33 33 33 33 33 33 89 66 69 66 65 85 64 63 64 76 63 64 92 75 A7 63 65 33 33 33 33 33 37 33 37 33 33 33 3C 33 33 33 97 03 33 33 33 33 33 33 33 33 33 33 33 33 33 33 7F 55 A5 60 9F A5 81 0D 3B 3C 33 33 33 97 03 33 33 33 33 33 33 A5 55 A5 60 9F A5 83 55 33 93 7F 63 64 33 33 33 33 33 33 33 33 33 33 33 33 33 33 33 33 33 33 33 33 33 33 33 33 33 33 33 33 33 33 33 33 89 66 69 66 65 85 64 63 64 76 63 64 92 75 A7 63 65 33 33 33 33 33 37 33 38 33 33 33 3C 33 33 33 17 C3 37 33 33 33 33 33 33 33 33 33 33 33 33 33 9E 55 A5 60 9F A5 81 0D 3B 3C 33 33 33 17 C3 37 33 33 33 33 33 26 55 A5 60 9F A5 83 55 33 93 7F 63 64 33 33 33 33 33 33 33 33 33 33 33 33 33 33 33 33 33 33 33 33 33 33 33 33 33 33 33 33 33 33 33 33 89 66 69 66 65 85 64 63 64 76 63 64 92 75 A7 63 65 33 33 33 34 33 37 33 37 33 33 33 3E 33 33 33 33 57 35 33 33 33 33 33 33 33 33 33 33 33 33 33 57 55 A5 60 9F A5 81 0D 3B 3E 33 33 33 33 57 35 33 33 33 33 33 1E 55 A5 60 9F A5 83 55 33 93 7F 63 64 33 33 33 33 33 33 33 33 33 33 33 33 33 33 33 33 33 33 33 33 33 33 33 33 33 33 33 33 33 33 33 33 89 66 69 66 65 85 64 63 64 76 63 64 92 75 A7 63 65 33 33 33 34 33 37 33 37 33 33 33 3E 33 33 33 B3 FD 35 33 33 33 33 33 33 33 33 33 33 33 33 33 3A 55 A5 60 9F A5 81 0D 3B 3E 33 33 33 B3 FD 35 33 33 33 33 33 F2 55 A5 60 9F A5 83 55 33 93 7F 63 64 33 33 33 33 33 33 33 33 33 33 33 33 33 33 33 33 33 33 33 33 33 33 33 33 33 33 33 33 33 33 33 33 89 66 69 66 65 85 64 63 64 76 63 64 92 75 A7 63 65 33 33 33 34 33 37 33 37 33 33 33 3E 33 33 33 33 5C 37 33 33 33 33 33 33 33 33 33 33 33 33 33 FD 55 A5 60 9F A5 81 0D 3B 3E 33 33 33 33 5C 37 33 33 33 33 33 DD 55 A5 60 9F A5 83 55 33 93 7F 63 64 33 33 33 33 33 33 33 33 33 33 33 33 33 33 33 33 33 33 33 33 33 33 33 33 33 33 33 33 33 33 33 33 89 66 69 66 65 85 64 63 64 76 63 64 92 75 A7 63 65 33 33 33 33 33 37 33 38 33 33 33 3E 33 33 33 97 84 38 33 33 33 33 33 33 33 33 33 33 33 33 33 D0 55 A5 60 9F A5 81 0D 3B 3E 33 33 33 97 84 38 33 33 33 33 33 EE 55 A5 60 9F A5 83 55 33 93 7F 63 64 33 33 33 33 33 33 33 33 33 33 33 33 33 33 33 33 33 33 33 33 33 33 33 33 33 33 33 33 33 33 33 33 89 66 69 66 65 85 64 63 64 76 63 64 92 75 A7 63 65 33 33 33 33 33 37 33 37 33 33 33 40 33 33 33 33 E3 37 33 33 33 33 33 33 33 33 33 33 33 33 33 56 55 A5 60 9F A5 81 0D 3B 40 33 33 33 33 E3 37 33 33 33 33 33 72 55 A5 60 9F A5 83 55 33 93 7F 63 64 33 33 33 33 33 33 33 33 33 33 33 33 33 33 33 33 33 33 33 33 33 33 33 33 33 33 33 33 33 33 33 33 89 66 69 66 65 85 64 63 64 76 63 64 92 75 A7 63 65 33 33 33 33 33 37 33 37 33 33 33 40 33 33 33 B3 87 37 33 33 33 33 33 33 33 33 33 33 33 33 33 D1 55 A5 60 9F A5 81 0D 3B 40 33 33 33 B3 87 37 33 33 33 33 33 12 55 A5 60 9F A5 83 55 33 93 7F 63 64 33 33 33 33 33 33 33 33 33 33 33 33 33 33 33 33 33 33 33 33 33 33 33 33 33 33 33 33 33 33 33 33 89 66 69 66 65 85 64 63 64 76 63 64 92 75 A7 63 65 33 33 33 33 33 37 33 37 33 33 33 40 33 33 33 65 3E 36 33 33 33 33 33 33 33 33 33 33 33 33 33 9E 55 A5 60 9F A5 81 0D 3B 40 33 33 33 65 3E 36 33 33 33 33 33 A5 55 A5 60 9F A5 83 55 33 93 7F 63 64 33 33 33 33 33 33 33 33 33 33 33 33 33 33 33 33 33 33 33 33 33 33 33 33 33 33 33 33 33 33 33 33 89 66 69 66 65 85 64 63 64 76 63 64 92 75 A7 63 65 33 33 33 33 33 37 33 37 33 33 33 40 33 33 33 17 3D 37 33 33 33 33 33 33 33 33 33 33 33 33 33 81 55 A5 60 9F A5 81 0D 3B 40 33 33 33 17 3D 37 33 33 33 33 33 36 55 A5 60 9F A5 83 55 33 93 7F 63 64 33 33 33 33 33 33 33 33 33 33 33 33 33 33 33 33 33 33 33 33 33 33 33 33 33 33 33 33 33 33 33 33 89 66 69 66 65 85 64 63 64 76 63 64 92 75 A7 63 65 33 33 33 33 33 37 33 37 33 33 33 40 33 33 33 97 5E 38 33 33 33 33 33 33 33 33 33 33 33 33 33 EC 55 A5 60 9F A5 81 0D 3B 40 33 33 33 97 5E 38 33 33 33 33 33 0E 55 A5 60 9F A5 83 55 33 93 7F 63 64 33 33 33 33 33 33 33 33 33 33 33 33 33 33 33 33 33 33 33 33 33 33 33 33 33 33 33 33 33 33 33 33 89 66 69 66 65 85 64 63 64 76 63 64 92 75 A7 63 65 33 33 33 33 33 37 33 37 33 33 33 42 33 33 33 B3 BB 33 33 33 33 33 33 33 33 33 33 33 33 33 33 6E 55 A5 60 9F A5 81 0D 3B 42 33 33 33 B3 BB 33 33 33 33 33 33 DB 55 A5 60 9F A5 83 55 33 93 7F 63 64 33 33 33 33 33 33 33 33 33 33 33 33 33 33 33 33 33 33 33 33 33 33 33 33 33 33 33 33 33 33 33 33 89 66 69 66 65 85 64 63 64 76 63 64 92 75 A7 63 65 33 33 33 33 33 37 33 36 33 33 33 42 33 33 33 65 43 36 33 33 33 33 33 33 33 33 33 33 33 33 33 73 55 A5 60 9F A5 81 0D 3B 42 33 33 33 65 43 36 33 33 33 33 33 E9 55 A5 60 9F A5 83 55 33 93 7F 63 64 33 33 33 33 33 33 33 33 33 33 33 33 33 33 33 33 33 33 33 33 33 33 33 33 33 33 33 33 33 33 33 33 89 66 69 66 65 85 64 63 64 76 63 64 92 75 A7 63 65 33 33 33 33 33 37 33 38 33 33 33 42 33 33 33 E5 45 35 33 33 33 33 33 33 33 33 33 33 33 33 33 BC 55 A5 60 9F A5 81 0D 3B 42 33 33 33 E5 45 35 33 33 33 33 33 61 55 A5 60 9F A5 83 55 33 93 7F 63 64 33 33 33 33 33 33 33 33 33 33 33 33 33 33 33 33 33 33 33 33 33 33 33 33 33 33 33 33 33 33 33 33 89 66 69 66 65 85 64 63 64 76 63 64 92 75 A7 63 65 33 33 33 33 33 37 33 37 33 33 33 42 33 33 33 E5 DF 37 33 33 33 33 33 33 33 33 33 33 33 33 33 4A 55 A5 60 9F A5 81 0D 3B 42 33 33 33 E5 DF 37 33 33 33 33 33 09 55 A5 60 9F A5 83 55 33 93 7F 63 64 33 33 33 33 33 33 33 33 33 33 33 33 33 33 33 33 33 33 33 33 33 33 33 33 33 33 33 33 33 33 33 33 89 66 69 66 65 85 64 63 64 76 63 64 92 75 A7 63 65 33 33 33 34 33 37 33 37 33 33 33 42 33 33 33 65 BC 33 33 33 33 33 33 33 33 33 33 33 33 33 33 D7 55 A5 60 9F A5 81 0D 3B 42 33 33 33 65 BC 33 33 33 33 33 33 6D 55 A5 60 9F A5 83 55 33 93 7F 63 64 33 33 33 33 33 33 33 33 33 33 33 33 33 33 33 33 33 33 33 33 33 33 33 33 33 33 33 33 33 33 33 33 89 66 69 66 65 85 64 63 64 76 63 64 92 75 A7 63 65 33 33 33 34 33 37 33 37 33 33 33 42 33 33 33 8B BC 33 33 33 33 33 33 33 33 33 33 33 33 33 33 C1 55 A5 60 9F A5 81 0D 3B 42 33 33 33 8B BC 33 33 33 33 33 33 8A 55
[2025-09-09 19:43:40.475] [DEBUG] 数据解析成功:
[2025-09-09 19:43:40.488] [INFO]   ID: 0x60
  命令: 0x83 (读)
  寄存器地址: 0x00
  寄存器数量: 0
[2025-09-09 19:43:40.532] [INFO] [循环 1/1] 发送 OK
[2025-09-09 19:43:41.047] [INFO] 已保存结果: reports\2025-09-09_19-43-34\results.csv
[2025-09-09 19:43:41.095] [INFO] 已生成报告: reports\2025-09-09_19-43-34\report.html
[2025-09-09 19:43:41.130] [DEBUG] 串口已关闭
[2025-09-09 19:43:41.143] [INFO] 程序结束
