[2025-08-26 10:07:01.553] [INFO] 初始化 BLE 协议通信...
[2025-08-26 10:07:01.844] [INFO] 加载用例 1 条 来自: testcases.xlsx
[2025-08-26 10:07:01.845] [INFO] ==== 执行用例 #1 ====
[2025-08-26 10:07:01.846] [INFO] 参数: {'screen_on': 1, 'brightness': 7, 'digital': 0, 'logo': 0, 'rim_state': 0, 'rdygo': 0, 'turn_left': 0, 'turn_right': 0, 'ring': 1} | 备注: 最小点亮测试
[2025-08-26 10:07:01.846] [DEBUG] 修改后的LED显示信息:
[2025-08-26 10:07:01.847] [INFO]   屏幕状态: 开
  亮度级别: 7
  数字显示: 0
  LOGO状态: 0 (0关, 1白, 2红)
  护盾状态: 0 (0关, 1白, 2绿)
  ReadyGo状态: 0 (0关, 1白, 2红)
  左转向灯: 0 (0关, 1白, 2橙)
  右转向灯: 0 (0关, 1白, 2橙)
  灯环状态: 1 (0关, 1蓝, 2红)
[2025-08-26 10:07:01.848] [DEBUG] 组包成功，数据长度: 21 字节
[2025-08-26 10:07:01.849] [DEBUG] 发送数据: A5 60 9F A5 03 0D 3B 42 33 33 33 33 33 35 33 33 33 33 33 B2 55
[2025-08-26 10:07:02.853] [DEBUG] 接收数据: A5 60 9F A5 83 55 33 93 7F 63 64 33 33 33 33 33 33 33 33 33 33 33 33 33 33 33 33 33 33 33 33 33 33 33 33 33 33 33 33 33 33 33 33 89 66 69 66 65 85 64 63 64 76 63 64 92 75 A7 63 65 33 33 33 33 33 37 33 37 33 33 33 42 33 33 33 33 33 35 33 33 33 33 33 33 33 33 33 33 33 33 33 1E 55
[2025-08-26 10:07:02.855] [DEBUG] 数据解析成功:
[2025-08-26 10:07:02.855] [INFO]   ID: 0x60
  命令: 0x83 (读)
  寄存器地址: 0x00
  寄存器数量: 0
[2025-08-26 10:07:02.857] [DEBUG] 组包成功，数据长度: 21 字节
[2025-08-26 10:07:02.857] [DEBUG] 发送数据: A5 60 9F A5 01 0D 3B 42 33 33 33 33 33 35 33 33 33 33 33 F5 55
[2025-08-26 10:07:03.862] [DEBUG] 接收数据: A5 60 9F A5 81 0D 3B 42 33 33 33 33 33 35 33 33 33 33 33 C2 55
[2025-08-26 10:07:03.863] [DEBUG] 数据解析成功:
[2025-08-26 10:07:03.865] [INFO]   ID: 0x60
  命令: 0x81 (读)
  寄存器地址: 0x08
  寄存器数量: 0
[2025-08-26 10:07:03.866] [INFO] 
全局变量中的LED显示信息已更新:
[2025-08-26 10:07:03.867] [INFO]   屏幕状态: 开
  亮度级别: 7
  数字显示: 0
  LOGO状态: 0 (0关, 1白, 2红)
  护盾状态: 0 (0关, 1白, 2绿)
  ReadyGo状态: 0 (0关, 1白, 2红)
  左转向灯: 0 (0关, 1白, 2橙)
  右转向灯: 0 (0关, 1白, 2橙)
  灯环状态: 1 (0关, 1蓝, 2红)
[2025-08-26 10:07:03.867] [INFO] 结果: FAIL | 用时: 2.023s
[2025-08-26 10:07:03.868] [INFO] 开始压力循环: 次数=1, 间隔=0.5s, 参数={'screen_on': 1, 'brightness': 7, 'digital': 0, 'logo': 0, 'rim_state': 0, 'rdygo': 0, 'turn_left': 0, 'turn_right': 0, 'ring': 1}
[2025-08-26 10:07:03.869] [DEBUG] 修改后的LED显示信息:
[2025-08-26 10:07:03.870] [INFO]   屏幕状态: 开
  亮度级别: 7
  数字显示: 0
  LOGO状态: 0 (0关, 1白, 2红)
  护盾状态: 0 (0关, 1白, 2绿)
  ReadyGo状态: 0 (0关, 1白, 2红)
  左转向灯: 0 (0关, 1白, 2橙)
  右转向灯: 0 (0关, 1白, 2橙)
  灯环状态: 1 (0关, 1蓝, 2红)
[2025-08-26 10:07:03.871] [DEBUG] 组包成功，数据长度: 21 字节
[2025-08-26 10:07:03.872] [DEBUG] 发送数据: A5 60 9F A5 03 0D 3B 42 33 33 33 33 33 35 33 33 33 33 33 B2 55
[2025-08-26 10:07:04.875] [DEBUG] 接收数据: A5 60 9F A5 83 55 33 93 7F 63 64 33 33 33 33 33 33 33 33 33 33 33 33 33 33 33 33 33 33 33 33 33 33 33 33 33 33 33 33 33 33 33 33 89 66 69 66 65 85 64 63 64 76 63 64 92 75 A7 63 65 33 33 33 33 33 37 33 38 33 33 33 42 33 33 33 33 33 35 33 33 33 33 33 33 33 33 33 33 33 33 33 5A 55
[2025-08-26 10:07:04.878] [DEBUG] 数据解析成功:
[2025-08-26 10:07:04.880] [INFO]   ID: 0x60
  命令: 0x83 (读)
  寄存器地址: 0x00
  寄存器数量: 0
[2025-08-26 10:07:04.881] [INFO] [循环 1/1] 发送 OK
[2025-08-26 10:07:05.389] [INFO] 已保存结果: reports\2025-08-26_10-07-01\results.csv
[2025-08-26 10:07:05.390] [INFO] 已生成报告: reports\2025-08-26_10-07-01\report.html
[2025-08-26 10:07:05.393] [DEBUG] 串口已关闭
[2025-08-26 10:07:05.394] [INFO] 程序结束
