[2025-08-25 19:55:11.090] [INFO] 初始化 BLE 协议通信...
[2025-08-25 19:55:11.306] [INFO] 加载用例 2 条 来自: testcases.xlsx
[2025-08-25 19:55:11.309] [INFO] ==== 执行用例 #1 ====
[2025-08-25 19:55:11.309] [INFO] 参数: {'screen_on': 1, 'brightness': 7, 'digital': 1, 'logo': 1, 'rim_state': 1, 'rdygo': 1, 'turn_left': 1, 'turn_right': 1, 'ring': 1} | 备注: 最小点亮测试
[2025-08-25 19:55:11.309] [DEBUG] 修改后的LED显示信息:
[2025-08-25 19:55:11.309] [INFO]   屏幕状态: 开
  亮度级别: 7
  数字显示: 1
  LOGO状态: 1 (0关, 1白, 2红)
  护盾状态: 1 (0关, 1白, 2绿)
  ReadyGo状态: 1 (0关, 1白, 2红)
  左转向灯: 1 (0关, 1白, 2橙)
  右转向灯: 1 (0关, 1白, 2橙)
  灯环状态: 1 (0关, 1蓝, 2红)
[2025-08-25 19:55:11.311] [DEBUG] 组包成功，数据长度: 21 字节
[2025-08-25 19:55:11.311] [DEBUG] 发送数据: A5 60 9F A5 03 0D 3B 42 33 33 33 B4 DD 35 33 33 33 33 33 B6 55
[2025-08-25 19:55:12.315] [DEBUG] 接收数据: A5 60 9F A5 83 55 33 93 7F 63 64 33 33 33 33 33 33 33 33 33 33 33 33 33 33 33 33 33 33 33 33 33 33 33 33 33 33 33 33 33 33 33 33 89 66 69 66 65 85 64 63 64 76 63 64 92 75 A7 63 65 33 33 33 33 33 37 33 37 33 33 33 42 33 33 33 B4 DD 35 33 33 33 33 33 33 33 33 33 33 33 33 33 2A 55
[2025-08-25 19:55:12.315] [DEBUG] 数据解析成功:
[2025-08-25 19:55:12.315] [INFO]   ID: 0x60
  命令: 0x83 (读)
  寄存器地址: 0x00
  寄存器数量: 0
[2025-08-25 19:55:12.315] [DEBUG] 组包成功，数据长度: 21 字节
[2025-08-25 19:55:12.315] [DEBUG] 发送数据: A5 60 9F A5 01 0D 3B 42 33 33 33 B4 DD 35 33 33 33 33 33 F1 55
[2025-08-25 19:55:13.320] [DEBUG] 接收数据: A5 60 9F A5 81 0D 3B 42 33 33 33 B4 DD 35 33 33 33 33 33 C6 55
[2025-08-25 19:55:13.320] [DEBUG] 数据解析成功:
[2025-08-25 19:55:13.324] [INFO]   ID: 0x60
  命令: 0x81 (读)
  寄存器地址: 0x08
  寄存器数量: 0
[2025-08-25 19:55:13.325] [INFO] 
全局变量中的LED显示信息已更新:
[2025-08-25 19:55:13.325] [INFO]   屏幕状态: 开
  亮度级别: 7
  数字显示: 1
  LOGO状态: 1 (0关, 1白, 2红)
  护盾状态: 1 (0关, 1白, 2绿)
  ReadyGo状态: 1 (0关, 1白, 2红)
  左转向灯: 1 (0关, 1白, 2橙)
  右转向灯: 1 (0关, 1白, 2橙)
  灯环状态: 1 (0关, 1蓝, 2红)
[2025-08-25 19:55:13.325] [INFO] 结果: PASS | 用时: 2.016s
[2025-08-25 19:55:13.325] [INFO] ==== 执行用例 #2 ====
[2025-08-25 19:55:13.325] [INFO] 参数: {'screen_on': 1, 'brightness': 7, 'digital': 0, 'logo': 0, 'rim_state': 0, 'rdygo': 0, 'turn_left': 1, 'turn_right': 1, 'ring': 0} | 备注: 最小点亮测试
[2025-08-25 19:55:13.329] [DEBUG] 修改后的LED显示信息:
[2025-08-25 19:55:13.329] [INFO]   屏幕状态: 开
  亮度级别: 7
  数字显示: 0
  LOGO状态: 0 (0关, 1白, 2红)
  护盾状态: 0 (0关, 1白, 2绿)
  ReadyGo状态: 0 (0关, 1白, 2红)
  左转向灯: 1 (0关, 1白, 2橙)
  右转向灯: 1 (0关, 1白, 2橙)
  灯环状态: 0 (0关, 1蓝, 2红)
[2025-08-25 19:55:13.329] [DEBUG] 组包成功，数据长度: 21 字节
[2025-08-25 19:55:13.329] [DEBUG] 发送数据: A5 60 9F A5 03 0D 3B 42 33 33 33 33 D3 33 33 33 33 33 33 FD 55
[2025-08-25 19:55:14.334] [DEBUG] 接收数据: A5 60 9F A5 83 55 33 93 7F 63 64 33 33 33 33 33 33 33 33 33 33 33 33 33 33 33 33 33 33 33 33 33 33 33 33 33 33 33 33 33 33 33 33 89 66 69 66 65 85 64 63 64 76 63 64 92 75 A7 63 65 33 33 33 33 33 37 33 37 33 33 33 42 33 33 33 33 D3 33 33 33 33 33 33 33 33 33 33 33 33 33 33 66 55
[2025-08-25 19:55:14.334] [DEBUG] 数据解析成功:
[2025-08-25 19:55:14.334] [INFO]   ID: 0x60
  命令: 0x83 (读)
  寄存器地址: 0x00
  寄存器数量: 0
[2025-08-25 19:55:14.334] [DEBUG] 组包成功，数据长度: 21 字节
[2025-08-25 19:55:14.334] [DEBUG] 发送数据: A5 60 9F A5 01 0D 3B 42 33 33 33 33 D3 33 33 33 33 33 33 BA 55
[2025-08-25 19:55:15.335] [DEBUG] 接收数据: A5 60 9F A5 81 0D 3B 42 33 33 33 33 D3 33 33 33 33 33 33 8D 55
[2025-08-25 19:55:15.335] [DEBUG] 数据解析成功:
[2025-08-25 19:55:15.335] [INFO]   ID: 0x60
  命令: 0x81 (读)
  寄存器地址: 0x08
  寄存器数量: 0
[2025-08-25 19:55:15.337] [INFO] 
全局变量中的LED显示信息已更新:
[2025-08-25 19:55:15.337] [INFO]   屏幕状态: 开
  亮度级别: 7
  数字显示: 0
  LOGO状态: 0 (0关, 1白, 2红)
  护盾状态: 0 (0关, 1白, 2绿)
  ReadyGo状态: 0 (0关, 1白, 2红)
  左转向灯: 1 (0关, 1白, 2橙)
  右转向灯: 1 (0关, 1白, 2橙)
  灯环状态: 0 (0关, 1蓝, 2红)
[2025-08-25 19:55:15.339] [INFO] 结果: FAIL | 用时: 2.014s
[2025-08-25 19:55:15.339] [INFO] 开始压力循环: 次数=1, 间隔=0.5s, 参数={'screen_on': 1, 'brightness': 7, 'digital': 1, 'logo': 1, 'rim_state': 1, 'rdygo': 1, 'turn_left': 1, 'turn_right': 1, 'ring': 1}
[2025-08-25 19:55:15.339] [DEBUG] 修改后的LED显示信息:
[2025-08-25 19:55:15.339] [INFO]   屏幕状态: 开
  亮度级别: 7
  数字显示: 1
  LOGO状态: 1 (0关, 1白, 2红)
  护盾状态: 1 (0关, 1白, 2绿)
  ReadyGo状态: 1 (0关, 1白, 2红)
  左转向灯: 1 (0关, 1白, 2橙)
  右转向灯: 1 (0关, 1白, 2橙)
  灯环状态: 1 (0关, 1蓝, 2红)
[2025-08-25 19:55:15.339] [DEBUG] 组包成功，数据长度: 21 字节
[2025-08-25 19:55:15.339] [DEBUG] 发送数据: A5 60 9F A5 03 0D 3B 42 33 33 33 B4 DD 35 33 33 33 33 33 B6 55
[2025-08-25 19:55:16.339] [DEBUG] 接收数据: A5 60 9F A5 83 55 33 93 7F 63 64 33 33 33 33 33 33 33 33 33 33 33 33 33 33 33 33 33 33 33 33 33 33 33 33 33 33 33 33 33 33 33 33 89 66 69 66 65 85 64 63 64 76 63 64 92 75 A7 63 65 33 33 33 33 33 37 33 36 33 33 33 42 33 33 33 B4 DD 35 33 33 33 33 33 33 33 33 33 33 33 33 33 DF 55
[2025-08-25 19:55:16.339] [DEBUG] 数据解析成功:
[2025-08-25 19:55:16.339] [INFO]   ID: 0x60
  命令: 0x83 (读)
  寄存器地址: 0x00
  寄存器数量: 0
[2025-08-25 19:55:16.339] [INFO] [循环 1/1] 发送 OK
[2025-08-25 19:55:16.844] [INFO] 已保存结果: reports\2025-08-25_19-55-11\results.csv
[2025-08-25 19:55:16.848] [INFO] 已生成报告: reports\2025-08-25_19-55-11\report.html
[2025-08-25 19:55:16.853] [DEBUG] 串口已关闭
[2025-08-25 19:55:16.853] [INFO] 程序结束
