[2025-08-29 14:15:14.995] [INFO] 初始化 BLE 协议通信...
[2025-08-29 14:15:15.186] [INFO] 加载用例 14 条 来自: testcases.xlsx
[2025-08-29 14:15:15.231] [INFO] ==== 执行用例 #1012 ====
[2025-08-29 14:15:15.235] [INFO] 参数: {'screen_on': 1, 'brightness': 5, 'digital': 50, 'logo': 1, 'rim_state': 0, 'rdygo': 1, 'turn_left': 1, 'turn_right': 1, 'ring': 0} | 备注: nan
[2025-08-29 14:15:15.253] [DEBUG] 修改后的LED显示信息:
[2025-08-29 14:15:15.261] [INFO]   屏幕状态: 开
  亮度级别: 5
  数字显示: 50
  LOGO状态: 1 (0关, 1白, 2红)
  护盾状态: 0 (0关, 1白, 2绿)
  ReadyGo状态: 1 (0关, 1白, 2红)
  左转向灯: 1 (0关, 1白, 2橙)
  右转向灯: 1 (0关, 1白, 2橙)
  灯环状态: 0 (0关, 1蓝, 2红)
[2025-08-29 14:15:15.282] [DEBUG] 组包成功，数据长度: 21 字节
[2025-08-29 14:15:15.290] [DEBUG] 发送数据: A5 60 9F A5 03 0D 3B 3E 33 33 33 E5 DB 33 33 33 33 33 33 67 55
[2025-08-29 14:15:15.312] [DEBUG] 接收数据超时
[2025-08-29 14:15:15.319] [DEBUG] 组包成功，数据长度: 21 字节
[2025-08-29 14:15:15.328] [DEBUG] 发送数据: A5 60 9F A5 01 0D 3B 3E 33 33 33 E5 DB 33 33 33 33 33 33 20 55
[2025-08-29 14:15:15.349] [DEBUG] 接收数据超时
[2025-08-29 14:15:15.361] [INFO] 结果: FAIL | 用时: 0.130s
[2025-08-29 14:15:15.370] [INFO] ==== 执行用例 #3277 ====
[2025-08-29 14:15:15.382] [INFO] 参数: {'screen_on': 1, 'brightness': 6, 'digital': 50, 'logo': 1, 'rim_state': 1, 'rdygo': 1, 'turn_left': 1, 'turn_right': 0, 'ring': 0} | 备注: nan
[2025-08-29 14:15:15.415] [DEBUG] 修改后的LED显示信息:
[2025-08-29 14:15:15.430] [INFO]   屏幕状态: 开
  亮度级别: 6
  数字显示: 50
  LOGO状态: 1 (0关, 1白, 2红)
  护盾状态: 1 (0关, 1白, 2绿)
  ReadyGo状态: 1 (0关, 1白, 2红)
  左转向灯: 1 (0关, 1白, 2橙)
  右转向灯: 0 (0关, 1白, 2橙)
  灯环状态: 0 (0关, 1蓝, 2红)
[2025-08-29 14:15:15.451] [DEBUG] 组包成功，数据长度: 21 字节
[2025-08-29 14:15:15.464] [DEBUG] 发送数据: A5 60 9F A5 03 0D 3B 40 33 33 33 E5 5D 33 33 33 33 33 33 E3 55
[2025-08-29 14:15:15.490] [DEBUG] 接收数据超时
[2025-08-29 14:15:15.508] [DEBUG] 组包成功，数据长度: 21 字节
[2025-08-29 14:15:15.516] [DEBUG] 发送数据: A5 60 9F A5 01 0D 3B 40 33 33 33 E5 5D 33 33 33 33 33 33 A4 55
[2025-08-29 14:15:15.541] [DEBUG] 接收数据超时
[2025-08-29 14:15:15.554] [INFO] 结果: FAIL | 用时: 0.183s
[2025-08-29 14:15:15.562] [INFO] ==== 执行用例 #3634 ====
[2025-08-29 14:15:15.570] [INFO] 参数: {'screen_on': 1, 'brightness': 6, 'digital': 50, 'logo': 2, 'rim_state': 2, 'rdygo': 2, 'turn_left': 1, 'turn_right': 2, 'ring': 0} | 备注: nan
[2025-08-29 14:15:15.603] [DEBUG] 修改后的LED显示信息:
[2025-08-29 14:15:15.616] [INFO]   屏幕状态: 开
  亮度级别: 6
  数字显示: 50
  LOGO状态: 2 (0关, 1白, 2红)
  护盾状态: 2 (0关, 1白, 2绿)
  ReadyGo状态: 2 (0关, 1白, 2红)
  左转向灯: 1 (0关, 1白, 2橙)
  右转向灯: 2 (0关, 1白, 2橙)
  灯环状态: 0 (0关, 1蓝, 2红)
[2025-08-29 14:15:15.637] [DEBUG] 组包成功，数据长度: 21 字节
[2025-08-29 14:15:15.648] [DEBUG] 发送数据: A5 60 9F A5 03 0D 3B 40 33 33 33 65 68 34 33 33 33 33 33 B8 55
[2025-08-29 14:15:15.671] [DEBUG] 接收数据超时
[2025-08-29 14:15:15.680] [DEBUG] 组包成功，数据长度: 21 字节
[2025-08-29 14:15:15.689] [DEBUG] 发送数据: A5 60 9F A5 01 0D 3B 40 33 33 33 65 68 34 33 33 33 33 33 FF 55
[2025-08-29 14:15:15.714] [DEBUG] 接收数据超时
[2025-08-29 14:15:15.723] [INFO] 结果: FAIL | 用时: 0.161s
[2025-08-29 14:15:15.735] [INFO] ==== 执行用例 #3792 ====
[2025-08-29 14:15:15.748] [INFO] 参数: {'screen_on': 1, 'brightness': 6, 'digital': 100, 'logo': 0, 'rim_state': 1, 'rdygo': 2, 'turn_left': 1, 'turn_right': 0, 'ring': 2} | 备注: nan
[2025-08-29 14:15:15.788] [DEBUG] 修改后的LED显示信息:
[2025-08-29 14:15:15.799] [INFO]   屏幕状态: 开
  亮度级别: 6
  数字显示: 100
  LOGO状态: 0 (0关, 1白, 2红)
  护盾状态: 1 (0关, 1白, 2绿)
  ReadyGo状态: 2 (0关, 1白, 2红)
  左转向灯: 1 (0关, 1白, 2橙)
  右转向灯: 0 (0关, 1白, 2橙)
  灯环状态: 2 (0关, 1蓝, 2红)
[2025-08-29 14:15:15.820] [DEBUG] 组包成功，数据长度: 21 字节
[2025-08-29 14:15:15.833] [DEBUG] 发送数据: A5 60 9F A5 03 0D 3B 40 33 33 33 97 65 37 33 33 33 33 33 D5 55
[2025-08-29 14:15:15.854] [DEBUG] 接收数据超时
[2025-08-29 14:15:15.870] [DEBUG] 组包成功，数据长度: 21 字节
[2025-08-29 14:15:15.879] [DEBUG] 发送数据: A5 60 9F A5 01 0D 3B 40 33 33 33 97 65 37 33 33 33 33 33 92 55
[2025-08-29 14:15:15.900] [DEBUG] 接收数据超时
[2025-08-29 14:15:15.912] [INFO] 结果: FAIL | 用时: 0.178s
[2025-08-29 14:15:15.921] [INFO] ==== 执行用例 #3945 ====
[2025-08-29 14:15:15.931] [INFO] 参数: {'screen_on': 1, 'brightness': 6, 'digital': 100, 'logo': 1, 'rim_state': 0, 'rdygo': 2, 'turn_left': 0, 'turn_right': 0, 'ring': 2} | 备注: nan
[2025-08-29 14:15:15.971] [DEBUG] 修改后的LED显示信息:
[2025-08-29 14:15:15.988] [INFO]   屏幕状态: 开
  亮度级别: 6
  数字显示: 100
  LOGO状态: 1 (0关, 1白, 2红)
  护盾状态: 0 (0关, 1白, 2绿)
  ReadyGo状态: 2 (0关, 1白, 2红)
  左转向灯: 0 (0关, 1白, 2橙)
  右转向灯: 0 (0关, 1白, 2橙)
  灯环状态: 2 (0关, 1蓝, 2红)
[2025-08-29 14:15:16.014] [DEBUG] 组包成功，数据长度: 21 字节
[2025-08-29 14:15:16.027] [DEBUG] 发送数据: A5 60 9F A5 03 0D 3B 40 33 33 33 17 43 37 33 33 33 33 33 26 55
[2025-08-29 14:15:16.058] [DEBUG] 接收数据超时
[2025-08-29 14:15:16.071] [DEBUG] 组包成功，数据长度: 21 字节
[2025-08-29 14:15:16.083] [DEBUG] 发送数据: A5 60 9F A5 01 0D 3B 40 33 33 33 17 43 37 33 33 33 33 33 61 55
[2025-08-29 14:15:16.110] [DEBUG] 接收数据超时
[2025-08-29 14:15:16.122] [INFO] 结果: FAIL | 用时: 0.202s
[2025-08-29 14:15:16.135] [INFO] ==== 执行用例 #4206 ====
[2025-08-29 14:15:16.149] [INFO] 参数: {'screen_on': 1, 'brightness': 6, 'digital': 100, 'logo': 2, 'rim_state': 0, 'rdygo': 2, 'turn_left': 2, 'turn_right': 0, 'ring': 2} | 备注: nan
[2025-08-29 14:15:16.184] [DEBUG] 修改后的LED显示信息:
[2025-08-29 14:15:16.195] [INFO]   屏幕状态: 开
  亮度级别: 6
  数字显示: 100
  LOGO状态: 2 (0关, 1白, 2红)
  护盾状态: 0 (0关, 1白, 2绿)
  ReadyGo状态: 2 (0关, 1白, 2红)
  左转向灯: 2 (0关, 1白, 2橙)
  右转向灯: 0 (0关, 1白, 2橙)
  灯环状态: 2 (0关, 1蓝, 2红)
[2025-08-29 14:15:16.211] [DEBUG] 组包成功，数据长度: 21 字节
[2025-08-29 14:15:16.224] [DEBUG] 发送数据: A5 60 9F A5 03 0D 3B 40 33 33 33 97 84 37 33 33 33 33 33 A1 55
[2025-08-29 14:15:16.248] [DEBUG] 接收数据超时
[2025-08-29 14:15:16.261] [DEBUG] 组包成功，数据长度: 21 字节
[2025-08-29 14:15:16.270] [DEBUG] 发送数据: A5 60 9F A5 01 0D 3B 40 33 33 33 97 84 37 33 33 33 33 33 E6 55
[2025-08-29 14:15:16.295] [DEBUG] 接收数据超时
[2025-08-29 14:15:16.303] [INFO] 结果: FAIL | 用时: 0.168s
[2025-08-29 14:15:16.312] [INFO] ==== 执行用例 #5151 ====
[2025-08-29 14:15:16.321] [INFO] 参数: {'screen_on': 1, 'brightness': 7, 'digital': 50, 'logo': 0, 'rim_state': 0, 'rdygo': 1, 'turn_left': 2, 'turn_right': 0, 'ring': 2} | 备注: nan
[2025-08-29 14:15:16.359] [DEBUG] 修改后的LED显示信息:
[2025-08-29 14:15:16.372] [INFO]   屏幕状态: 开
  亮度级别: 7
  数字显示: 50
  LOGO状态: 0 (0关, 1白, 2红)
  护盾状态: 0 (0关, 1白, 2绿)
  ReadyGo状态: 1 (0关, 1白, 2红)
  左转向灯: 2 (0关, 1白, 2橙)
  右转向灯: 0 (0关, 1白, 2橙)
  灯环状态: 2 (0关, 1蓝, 2红)
[2025-08-29 14:15:16.394] [DEBUG] 组包成功，数据长度: 21 字节
[2025-08-29 14:15:16.406] [DEBUG] 发送数据: A5 60 9F A5 03 0D 3B 42 33 33 33 65 7B 37 33 33 33 33 33 2A 55
[2025-08-29 14:15:16.431] [DEBUG] 接收数据超时
[2025-08-29 14:15:16.444] [DEBUG] 组包成功，数据长度: 21 字节
[2025-08-29 14:15:16.457] [DEBUG] 发送数据: A5 60 9F A5 01 0D 3B 42 33 33 33 65 7B 37 33 33 33 33 33 6D 55
[2025-08-29 14:15:16.482] [DEBUG] 接收数据超时
[2025-08-29 14:15:16.496] [INFO] 结果: FAIL | 用时: 0.184s
[2025-08-29 14:15:16.506] [INFO] ==== 执行用例 #5225 ====
[2025-08-29 14:15:16.518] [INFO] 参数: {'screen_on': 1, 'brightness': 7, 'digital': 50, 'logo': 0, 'rim_state': 1, 'rdygo': 1, 'turn_left': 1, 'turn_right': 1, 'ring': 1} | 备注: nan
[2025-08-29 14:15:16.560] [DEBUG] 修改后的LED显示信息:
[2025-08-29 14:15:16.574] [INFO]   屏幕状态: 开
  亮度级别: 7
  数字显示: 50
  LOGO状态: 0 (0关, 1白, 2红)
  护盾状态: 1 (0关, 1白, 2绿)
  ReadyGo状态: 1 (0关, 1白, 2红)
  左转向灯: 1 (0关, 1白, 2橙)
  右转向灯: 1 (0关, 1白, 2橙)
  灯环状态: 1 (0关, 1蓝, 2红)
[2025-08-29 14:15:16.600] [DEBUG] 组包成功，数据长度: 21 字节
[2025-08-29 14:15:16.613] [DEBUG] 发送数据: A5 60 9F A5 03 0D 3B 42 33 33 33 65 DD 35 33 33 33 33 33 B1 55
[2025-08-29 14:15:16.639] [DEBUG] 接收数据超时
[2025-08-29 14:15:16.650] [DEBUG] 组包成功，数据长度: 21 字节
[2025-08-29 14:15:16.660] [DEBUG] 发送数据: A5 60 9F A5 01 0D 3B 42 33 33 33 65 DD 35 33 33 33 33 33 F6 55
[2025-08-29 14:15:16.681] [DEBUG] 接收数据超时
[2025-08-29 14:15:16.691] [INFO] 结果: FAIL | 用时: 0.184s
[2025-08-29 14:15:16.702] [INFO] ==== 执行用例 #5483 ====
[2025-08-29 14:15:16.710] [INFO] 参数: {'screen_on': 1, 'brightness': 7, 'digital': 50, 'logo': 1, 'rim_state': 1, 'rdygo': 2, 'turn_left': 0, 'turn_right': 0, 'ring': 1} | 备注: nan
[2025-08-29 14:15:16.745] [DEBUG] 修改后的LED显示信息:
[2025-08-29 14:15:16.757] [INFO]   屏幕状态: 开
  亮度级别: 7
  数字显示: 50
  LOGO状态: 1 (0关, 1白, 2红)
  护盾状态: 1 (0关, 1白, 2绿)
  ReadyGo状态: 2 (0关, 1白, 2红)
  左转向灯: 0 (0关, 1白, 2橙)
  右转向灯: 0 (0关, 1白, 2橙)
  灯环状态: 1 (0关, 1蓝, 2红)
[2025-08-29 14:15:16.780] [DEBUG] 组包成功，数据长度: 21 字节
[2025-08-29 14:15:16.792] [DEBUG] 发送数据: A5 60 9F A5 03 0D 3B 42 33 33 33 E5 45 35 33 33 33 33 33 11 55
[2025-08-29 14:15:16.822] [DEBUG] 接收数据超时
[2025-08-29 14:15:16.835] [DEBUG] 组包成功，数据长度: 21 字节
[2025-08-29 14:15:16.847] [DEBUG] 发送数据: A5 60 9F A5 01 0D 3B 42 33 33 33 E5 45 35 33 33 33 33 33 56 55
[2025-08-29 14:15:16.876] [DEBUG] 接收数据超时
[2025-08-29 14:15:16.882] [INFO] 结果: FAIL | 用时: 0.181s
[2025-08-29 14:15:16.898] [INFO] ==== 执行用例 #5620 ====
[2025-08-29 14:15:16.907] [INFO] 参数: {'screen_on': 1, 'brightness': 7, 'digital': 50, 'logo': 2, 'rim_state': 0, 'rdygo': 1, 'turn_left': 0, 'turn_right': 1, 'ring': 0} | 备注: nan
[2025-08-29 14:15:16.946] [DEBUG] 修改后的LED显示信息:
[2025-08-29 14:15:16.963] [INFO]   屏幕状态: 开
  亮度级别: 7
  数字显示: 50
  LOGO状态: 2 (0关, 1白, 2红)
  护盾状态: 0 (0关, 1白, 2绿)
  ReadyGo状态: 1 (0关, 1白, 2红)
  左转向灯: 0 (0关, 1白, 2橙)
  右转向灯: 1 (0关, 1白, 2橙)
  灯环状态: 0 (0关, 1蓝, 2红)
[2025-08-29 14:15:16.983] [DEBUG] 组包成功，数据长度: 21 字节
[2025-08-29 14:15:16.996] [DEBUG] 发送数据: A5 60 9F A5 03 0D 3B 42 33 33 33 65 BC 33 33 33 33 33 33 1D 55
[2025-08-29 14:15:17.026] [DEBUG] 接收数据超时
[2025-08-29 14:15:17.041] [DEBUG] 组包成功，数据长度: 21 字节
[2025-08-29 14:15:17.054] [DEBUG] 发送数据: A5 60 9F A5 01 0D 3B 42 33 33 33 65 BC 33 33 33 33 33 33 5A 55
[2025-08-29 14:15:17.073] [DEBUG] 接收数据超时
[2025-08-29 14:15:17.085] [INFO] 结果: FAIL | 用时: 0.188s
[2025-08-29 14:15:17.095] [INFO] ==== 执行用例 #6111 ====
[2025-08-29 14:15:17.102] [INFO] 参数: {'screen_on': 1, 'brightness': 7, 'digital': 100, 'logo': 1, 'rim_state': 0, 'rdygo': 1, 'turn_left': 0, 'turn_right': 2, 'ring': 2} | 备注: nan
[2025-08-29 14:15:17.137] [DEBUG] 修改后的LED显示信息:
[2025-08-29 14:15:17.151] [INFO]   屏幕状态: 开
  亮度级别: 7
  数字显示: 100
  LOGO状态: 1 (0关, 1白, 2红)
  护盾状态: 0 (0关, 1白, 2绿)
  ReadyGo状态: 1 (0关, 1白, 2红)
  左转向灯: 0 (0关, 1白, 2橙)
  右转向灯: 2 (0关, 1白, 2橙)
  灯环状态: 2 (0关, 1蓝, 2红)
[2025-08-29 14:15:17.170] [DEBUG] 组包成功，数据长度: 21 字节
[2025-08-29 14:15:17.182] [DEBUG] 发送数据: A5 60 9F A5 03 0D 3B 42 33 33 33 17 3B 38 33 33 33 33 33 BB 55
[2025-08-29 14:15:17.207] [DEBUG] 接收数据超时
[2025-08-29 14:15:17.221] [DEBUG] 组包成功，数据长度: 21 字节
[2025-08-29 14:15:17.228] [DEBUG] 发送数据: A5 60 9F A5 01 0D 3B 42 33 33 33 17 3B 38 33 33 33 33 33 FC 55
[2025-08-29 14:15:17.259] [DEBUG] 接收数据超时
[2025-08-29 14:15:17.270] [INFO] 结果: FAIL | 用时: 0.175s
[2025-08-29 14:15:17.279] [INFO] ==== 执行用例 #6139 ====
[2025-08-29 14:15:17.292] [INFO] 参数: {'screen_on': 1, 'brightness': 7, 'digital': 100, 'logo': 1, 'rim_state': 0, 'rdygo': 2, 'turn_left': 1, 'turn_right': 0, 'ring': 0} | 备注: nan
[2025-08-29 14:15:17.331] [DEBUG] 修改后的LED显示信息:
[2025-08-29 14:15:17.342] [INFO]   屏幕状态: 开
  亮度级别: 7
  数字显示: 100
  LOGO状态: 1 (0关, 1白, 2红)
  护盾状态: 0 (0关, 1白, 2绿)
  ReadyGo状态: 2 (0关, 1白, 2红)
  左转向灯: 1 (0关, 1白, 2橙)
  右转向灯: 0 (0关, 1白, 2橙)
  灯环状态: 0 (0关, 1蓝, 2红)
[2025-08-29 14:15:17.363] [DEBUG] 组包成功，数据长度: 21 字节
[2025-08-29 14:15:17.375] [DEBUG] 发送数据: A5 60 9F A5 03 0D 3B 42 33 33 33 17 63 33 33 33 33 33 33 91 55
[2025-08-29 14:15:17.398] [DEBUG] 接收数据超时
[2025-08-29 14:15:17.410] [DEBUG] 组包成功，数据长度: 21 字节
[2025-08-29 14:15:17.418] [DEBUG] 发送数据: A5 60 9F A5 01 0D 3B 42 33 33 33 17 63 33 33 33 33 33 33 D6 55
[2025-08-29 14:15:17.438] [DEBUG] 接收数据超时
[2025-08-29 14:15:17.451] [INFO] 结果: FAIL | 用时: 0.172s
[2025-08-29 14:15:17.459] [INFO] ==== 执行用例 #6141 ====
[2025-08-29 14:15:17.471] [INFO] 参数: {'screen_on': 1, 'brightness': 7, 'digital': 100, 'logo': 1, 'rim_state': 0, 'rdygo': 2, 'turn_left': 1, 'turn_right': 0, 'ring': 2} | 备注: nan
[2025-08-29 14:15:17.504] [DEBUG] 修改后的LED显示信息:
[2025-08-29 14:15:17.517] [INFO]   屏幕状态: 开
  亮度级别: 7
  数字显示: 100
  LOGO状态: 1 (0关, 1白, 2红)
  护盾状态: 0 (0关, 1白, 2绿)
  ReadyGo状态: 2 (0关, 1白, 2红)
  左转向灯: 1 (0关, 1白, 2橙)
  右转向灯: 0 (0关, 1白, 2橙)
  灯环状态: 2 (0关, 1蓝, 2红)
[2025-08-29 14:15:17.543] [DEBUG] 组包成功，数据长度: 21 字节
[2025-08-29 14:15:17.554] [DEBUG] 发送数据: A5 60 9F A5 03 0D 3B 42 33 33 33 17 63 37 33 33 33 33 33 C4 55
[2025-08-29 14:15:17.584] [DEBUG] 接收数据超时
[2025-08-29 14:15:17.600] [DEBUG] 组包成功，数据长度: 21 字节
[2025-08-29 14:15:17.612] [DEBUG] 发送数据: A5 60 9F A5 01 0D 3B 42 33 33 33 17 63 37 33 33 33 33 33 83 55
[2025-08-29 14:15:17.638] [DEBUG] 接收数据超时
[2025-08-29 14:15:17.647] [INFO] 结果: FAIL | 用时: 0.188s
[2025-08-29 14:15:17.659] [INFO] ==== 执行用例 #6276 ====
[2025-08-29 14:15:17.671] [INFO] 参数: {'screen_on': 1, 'brightness': 7, 'digital': 100, 'logo': 1, 'rim_state': 2, 'rdygo': 1, 'turn_left': 1, 'turn_right': 0, 'ring': 2} | 备注: nan
[2025-08-29 14:15:17.709] [DEBUG] 修改后的LED显示信息:
[2025-08-29 14:15:17.722] [INFO]   屏幕状态: 开
  亮度级别: 7
  数字显示: 100
  LOGO状态: 1 (0关, 1白, 2红)
  护盾状态: 2 (0关, 1白, 2绿)
  ReadyGo状态: 1 (0关, 1白, 2红)
  左转向灯: 1 (0关, 1白, 2橙)
  右转向灯: 0 (0关, 1白, 2橙)
  灯环状态: 2 (0关, 1蓝, 2红)
[2025-08-29 14:15:17.748] [DEBUG] 组包成功，数据长度: 21 字节
[2025-08-29 14:15:17.756] [DEBUG] 发送数据: A5 60 9F A5 03 0D 3B 42 33 33 33 17 5F 37 33 33 33 33 33 37 55
[2025-08-29 14:15:17.781] [DEBUG] 接收数据超时
[2025-08-29 14:15:17.794] [DEBUG] 组包成功，数据长度: 21 字节
[2025-08-29 14:15:17.803] [DEBUG] 发送数据: A5 60 9F A5 01 0D 3B 42 33 33 33 17 5F 37 33 33 33 33 33 70 55
[2025-08-29 14:15:17.828] [DEBUG] 接收数据超时
[2025-08-29 14:15:17.836] [INFO] 结果: FAIL | 用时: 0.177s
[2025-08-29 14:15:17.844] [INFO] 开始压力循环: 次数=1, 间隔=0.5s, 参数={'screen_on': 1, 'brightness': 5, 'digital': 50, 'logo': 1, 'rim_state': 0, 'rdygo': 1, 'turn_left': 1, 'turn_right': 1, 'ring': 0}
[2025-08-29 14:15:17.878] [DEBUG] 修改后的LED显示信息:
[2025-08-29 14:15:17.890] [INFO]   屏幕状态: 开
  亮度级别: 5
  数字显示: 50
  LOGO状态: 1 (0关, 1白, 2红)
  护盾状态: 0 (0关, 1白, 2绿)
  ReadyGo状态: 1 (0关, 1白, 2红)
  左转向灯: 1 (0关, 1白, 2橙)
  右转向灯: 1 (0关, 1白, 2橙)
  灯环状态: 0 (0关, 1蓝, 2红)
[2025-08-29 14:15:17.916] [DEBUG] 组包成功，数据长度: 21 字节
[2025-08-29 14:15:17.924] [DEBUG] 发送数据: A5 60 9F A5 03 0D 3B 3E 33 33 33 E5 DB 33 33 33 33 33 33 67 55
[2025-08-29 14:15:17.958] [DEBUG] 接收数据: A5 60 9F A5 83 55 33 93 7F 63 64 33 33 33 33 33 33 33 33 33 33 33 33 33 33 33 33 33 33 33 33 33 33 33 33 33 33 33 33 33 33 33 33 89 66 69 66 65 85 64 63 64 76 63 64 92 75 A7 63 65 33 33 33 33 33 37 33 36 33 33 33 3E 33 33 33 E5 DB 33 33 33 33 33 33 33 33 33 33 33 33 33 33 19 55 A5 60 9F A5 81 0D 3B 3E 33 33 33 E5 DB 33 33 33 33 33 33 17 55 A5 60 9F A5 83 55 33 93 7F 63 64 33 33 33 33 33 33 33 33 33 33 33 33 33 33 33 33 33 33 33 33 33 33 33 33 33 33 33 33 33 33 33 33 89 66 69 66 65 85 64 63 64 76 63 64 92 75 A7 63 65 33 33 33 33 33 37 33 36 33 33 33 40 33 33 33 E5 5D 33 33 33 33 33 33 33 33 33 33 33 33 33 33 F9 55 A5 60 9F A5 81 0D 3B 40 33 33 33 E5 5D 33 33 33 33 33 33 93 55 A5 60 9F A5 83 55 33 93 7F 63 64 33 33 33 33 33 33 33 33 33 33 33 33 33 33 33 33 33 33 33 33 33 33 33 33 33 33 33 33 33 33 33 33 89 66 69 66 65 85 64 63 64 76 63 64 92 75 A7 63 65 33 33 33 33 33 37 33 36 33 33 33 40 33 33 33 65 68 34 33 33 33 33 33 33 33 33 33 33 33 33 33 74 55 A5 60 9F A5 81 0D 3B 40 33 33 33 65 68 34 33 33 33 33 33 C8 55 A5 60 9F A5 83 55 33 93 7F 63 64 33 33 33 33 33 33 33 33 33 33 33 33 33 33 33 33 33 33 33 33 33 33 33 33 33 33 33 33 33 33 33 33 89 66 69 66 65 85 64 63 64 76 63 64 92 75 A7 63 65 33 33 33 33 33 37 33 37 33 33 33 40 33 33 33 97 65 37 33 33 33 33 33 33 33 33 33 33 33 33 33 8F 55 A5 60 9F A5 81 0D 3B 40 33 33 33 97 65 37 33 33 33 33 33 A5 55 A5 60 9F A5 83 55 33 93 7F 63 64 33 33 33 33 33 33 33 33 33 33 33 33 33 33 33 33 33 33 33 33 33 33 33 33 33 33 33 33 33 33 33 33 89 66 69 66 65 85 64 63 64 76 63 64 92 75 A7 63 65 33 33 33 33 33 37 33 38 33 33 33 40 33 33 33 17 43 37 33 33 33 33 33 33 33 33 33 33 33 33 33 1E 55 A5 60 9F A5 81 0D 3B 40 33 33 33 17 43 37 33 33 33 33 33 56 55 A5 60 9F A5 83 55 33 93 7F 63 64 33 33 33 33 33 33 33 33 33 33 33 33 33 33 33 33 33 33 33 33 33 33 33 33 33 33 33 33 33 33 33 33 89 66 69 66 65 85 64 63 64 76 63 64 92 75 A7 63 65 33 33 33 33 33 37 33 36 33 33 33 40 33 33 33 97 84 37 33 33 33 33 33 33 33 33 33 33 33 33 33 71 55 A5 60 9F A5 81 0D 3B 40 33 33 33 97 84 37 33 33 33 33 33 D1 55 A5 60 9F A5 83 55 33 93 7F 63 64 33 33 33 33 33 33 33 33 33 33 33 33 33 33 33 33 33 33 33 33 33 33 33 33 33 33 33 33 33 33 33 33 89 66 69 66 65 85 64 63 64 76 63 64 92 75 A7 63 65 33 33 33 33 33 37 33 37 33 33 33 42 33 33 33 65 7B 37 33 33 33 33 33 33 33 33 33 33 33 33 33 EF 55 A5 60 9F A5 81 0D 3B 42 33 33 33 65 7B 37 33 33 33 33 33 5A 55 A5 60 9F A5 83 55 33 93 7F 63 64 33 33 33 33 33 33 33 33 33 33 33 33 33 33 33 33 33 33 33 33 33 33 33 33 33 33 33 33 33 33 33 33 89 66 69 66 65 85 64 63 64 76 63 64 92 75 A7 63 65 33 33 33 33 33 37 33 37 33 33 33 42 33 33 33 65 DD 35 33 33 33 33 33 33 33 33 33 33 33 33 33 D4 55 A5 60 9F A5 81 0D 3B 42 33 33 33 65 DD 35 33 33 33 33 33 C1 55 A5 60 9F A5 83 55 33 93 7F 63 64 33 33 33 33 33 33 33 33 33 33 33 33 33 33 33 33 33 33 33 33 33 33 33 33 33 33 33 33 33 33 33 33 89 66 69 66 65 85 64 63 64 76 63 64 92 75 A7 63 65 33 33 33 33 33 37 33 36 33 33 33 42 33 33 33 E5 45 35 33 33 33 33 33 33 33 33 33 33 33 33 33 0D 55 A5 60 9F A5 81 0D 3B 42 33 33 33 E5 45 35 33 33 33 33 33 61 55 A5 60 9F A5 83 55 33 93 7F 63 64 33 33 33 33 33 33 33 33 33 33 33 33 33 33 33 33 33 33 33 33 33 33 33 33 33 33 33 33 33 33 33 33 89 66 69 66 65 85 64 63 64 76 63 64 92 75 A7 63 65 33 33 33 33 33 37 33 36 33 33 33 42 33 33 33 65 BC 33 33 33 33 33 33 33 33 33 33 33 33 33 33 43 55 A5 60 9F A5 81 0D 3B 42 33 33 33 65 BC 33 33 33 33 33 33 6D 55 A5 60 9F A5 83 55 33 93 7F 63 64 33 33 33 33 33 33 33 33 33 33 33 33 33 33 33 33 33 33 33 33 33 33 33 33 33 33 33 33 33 33 33 33 89 66 69 66 65 85 64 63 64 76 63 64 92 75 A7 63 65 33 33 33 33 33 37 33 36 33 33 33 42 33 33 33 17 3B 38 33 33 33 33 33 33 33 33 33 33 33 33 33 1A 55 A5 60 9F A5 81 0D 3B 42 33 33 33 17 3B 38 33 33 33 33 33 CB 55 A5 60 9F A5 83 55 33 93 7F 63 64 33 33 33 33 33 33 33 33 33 33 33 33 33 33 33 33 33 33 33 33 33 33 33 33 33 33 33 33 33 33 33 33 89 66 69 66 65 85 64 63 64 76 63 64 92 75 A7 63 65 33 33 33 33 33 37 33 36 33 33 33 42 33 33 33 17 63 33 33 33 33 33 33 33 33 33 33 33 33 33 33 9D 55 A5 60 9F A5 81 0D 3B 42 33 33 33 17 63 33 33 33 33 33 33 E1 55 A5 60 9F A5 83 55 33 93 7F 63 64 33 33 33 33 33 33 33 33 33 33 33 33 33 33 33 33 33 33 33 33 33 33 33 33 33 33 33 33 33 33 33 33 89 66 69 66 65 85 64 63 64 76 63 64 92 75 A7 63 65 33 33 33 33 33 37 33 37 33 33 33 42 33 33 33 17 63 37 33 33 33 33 33 33 33 33 33 33 33 33 33 F7 55 A5 60 9F A5 81 0D 3B 42 33 33 33 17 63 37 33 33 33 33 33 B4 55 A5 60 9F A5 83 55 33 93 7F 63 64 33 33 33 33 33 33 33 33 33 33 33 33 33 33 33 33 33 33 33 33 33 33 33 33 33 33 33 33 33 33 33 33 89 66 69 66 65 85 64 63 64 76 63 64 92 75 A7 63 65 33 33 33 33 33 37 33 37 33 33 33 42 33 33 33 17 5F 37 33 33 33 33 33 33 33 33 33 33 33 33 33 7E 55 A5 60 9F A5 81 0D 3B 42 33 33 33 17 5F 37 33 33 33 33 33 47 55
[2025-08-29 14:15:17.988] [ERROR] 数据解析失败，返回码: 0
[2025-08-29 14:15:18.586] [INFO] [循环 1/1] 发送 OK
[2025-08-29 14:15:19.151] [INFO] 已保存结果: reports\2025-08-29_14-15-14\results.csv
[2025-08-29 14:15:19.293] [INFO] 已生成报告: reports\2025-08-29_14-15-14\report.html
[2025-08-29 14:15:19.438] [DEBUG] 串口已关闭
[2025-08-29 14:15:19.500] [INFO] 程序结束
