[2025-08-29 15:03:58.177] [INFO] 初始化 BLE 协议通信...
[2025-08-29 15:03:58.355] [INFO] 加载用例 14 条 来自: testcases.xlsx
[2025-08-29 15:03:58.357] [INFO] ==== 执行用例 #1 ====
[2025-08-29 15:03:58.357] [INFO] 参数: {'screen_on': 1, 'brightness': 5, 'digital': 50, 'logo': 1, 'rim_state': 0, 'rdygo': 1, 'turn_left': 1, 'turn_right': 1, 'ring': 0} | 备注: nan
[2025-08-29 15:03:58.358] [DEBUG] 修改后的LED显示信息:
[2025-08-29 15:03:58.358] [INFO]   屏幕状态: 开
  亮度级别: 5
  数字显示: 50
  LOGO状态: 1 (0关, 1白, 2红)
  护盾状态: 0 (0关, 1白, 2绿)
  ReadyGo状态: 1 (0关, 1白, 2红)
  左转向灯: 1 (0关, 1白, 2橙)
  右转向灯: 1 (0关, 1白, 2橙)
  灯环状态: 0 (0关, 1蓝, 2红)
[2025-08-29 15:03:58.358] [DEBUG] 组包成功，数据长度: 21 字节
[2025-08-29 15:03:58.358] [DEBUG] 发送数据: A5 60 9F A5 03 0D 3B 3E 33 33 33 E5 DB 33 33 33 33 33 33 67 55
[2025-08-29 15:03:58.358] [DEBUG] 接收数据超时
[2025-08-29 15:03:58.362] [DEBUG] 组包成功，数据长度: 21 字节
[2025-08-29 15:03:58.362] [DEBUG] 发送数据: A5 60 9F A5 01 0D 3B 3E 33 33 33 E5 DB 33 33 33 33 33 33 20 55
[2025-08-29 15:03:58.362] [DEBUG] 接收数据超时
[2025-08-29 15:03:58.362] [INFO] 结果: FAIL | 用时: 0.005s
[2025-08-29 15:03:58.362] [INFO] ==== 执行用例 #2 ====
[2025-08-29 15:03:58.362] [INFO] 参数: {'screen_on': 1, 'brightness': 6, 'digital': 50, 'logo': 1, 'rim_state': 1, 'rdygo': 1, 'turn_left': 1, 'turn_right': 0, 'ring': 0} | 备注: nan
[2025-08-29 15:03:58.362] [DEBUG] 修改后的LED显示信息:
[2025-08-29 15:03:58.362] [INFO]   屏幕状态: 开
  亮度级别: 6
  数字显示: 50
  LOGO状态: 1 (0关, 1白, 2红)
  护盾状态: 1 (0关, 1白, 2绿)
  ReadyGo状态: 1 (0关, 1白, 2红)
  左转向灯: 1 (0关, 1白, 2橙)
  右转向灯: 0 (0关, 1白, 2橙)
  灯环状态: 0 (0关, 1蓝, 2红)
[2025-08-29 15:03:58.362] [DEBUG] 组包成功，数据长度: 21 字节
[2025-08-29 15:03:58.362] [DEBUG] 发送数据: A5 60 9F A5 03 0D 3B 40 33 33 33 E5 5D 33 33 33 33 33 33 E3 55
[2025-08-29 15:03:58.367] [DEBUG] 接收数据超时
[2025-08-29 15:03:58.367] [DEBUG] 组包成功，数据长度: 21 字节
[2025-08-29 15:03:58.367] [DEBUG] 发送数据: A5 60 9F A5 01 0D 3B 40 33 33 33 E5 5D 33 33 33 33 33 33 A4 55
[2025-08-29 15:03:58.367] [DEBUG] 接收数据超时
[2025-08-29 15:03:58.367] [INFO] 结果: FAIL | 用时: 0.004s
[2025-08-29 15:03:58.367] [INFO] ==== 执行用例 #3 ====
[2025-08-29 15:03:58.367] [INFO] 参数: {'screen_on': 1, 'brightness': 6, 'digital': 50, 'logo': 2, 'rim_state': 2, 'rdygo': 2, 'turn_left': 1, 'turn_right': 2, 'ring': 0} | 备注: nan
[2025-08-29 15:03:58.367] [DEBUG] 修改后的LED显示信息:
[2025-08-29 15:03:58.367] [INFO]   屏幕状态: 开
  亮度级别: 6
  数字显示: 50
  LOGO状态: 2 (0关, 1白, 2红)
  护盾状态: 2 (0关, 1白, 2绿)
  ReadyGo状态: 2 (0关, 1白, 2红)
  左转向灯: 1 (0关, 1白, 2橙)
  右转向灯: 2 (0关, 1白, 2橙)
  灯环状态: 0 (0关, 1蓝, 2红)
[2025-08-29 15:03:58.367] [DEBUG] 组包成功，数据长度: 21 字节
[2025-08-29 15:03:58.367] [DEBUG] 发送数据: A5 60 9F A5 03 0D 3B 40 33 33 33 65 68 34 33 33 33 33 33 B8 55
[2025-08-29 15:03:58.371] [DEBUG] 接收数据超时
[2025-08-29 15:03:58.371] [DEBUG] 组包成功，数据长度: 21 字节
[2025-08-29 15:03:58.371] [DEBUG] 发送数据: A5 60 9F A5 01 0D 3B 40 33 33 33 65 68 34 33 33 33 33 33 FF 55
[2025-08-29 15:03:58.371] [DEBUG] 接收数据超时
[2025-08-29 15:03:58.371] [INFO] 结果: FAIL | 用时: 0.004s
[2025-08-29 15:03:58.371] [INFO] ==== 执行用例 #4 ====
[2025-08-29 15:03:58.371] [INFO] 参数: {'screen_on': 1, 'brightness': 6, 'digital': 100, 'logo': 0, 'rim_state': 1, 'rdygo': 2, 'turn_left': 1, 'turn_right': 0, 'ring': 2} | 备注: nan
[2025-08-29 15:03:58.371] [DEBUG] 修改后的LED显示信息:
[2025-08-29 15:03:58.371] [INFO]   屏幕状态: 开
  亮度级别: 6
  数字显示: 100
  LOGO状态: 0 (0关, 1白, 2红)
  护盾状态: 1 (0关, 1白, 2绿)
  ReadyGo状态: 2 (0关, 1白, 2红)
  左转向灯: 1 (0关, 1白, 2橙)
  右转向灯: 0 (0关, 1白, 2橙)
  灯环状态: 2 (0关, 1蓝, 2红)
[2025-08-29 15:03:58.371] [DEBUG] 组包成功，数据长度: 21 字节
[2025-08-29 15:03:58.375] [DEBUG] 发送数据: A5 60 9F A5 03 0D 3B 40 33 33 33 97 65 37 33 33 33 33 33 D5 55
[2025-08-29 15:03:58.375] [DEBUG] 接收数据超时
[2025-08-29 15:03:58.375] [DEBUG] 组包成功，数据长度: 21 字节
[2025-08-29 15:03:58.375] [DEBUG] 发送数据: A5 60 9F A5 01 0D 3B 40 33 33 33 97 65 37 33 33 33 33 33 92 55
[2025-08-29 15:03:58.376] [DEBUG] 接收数据超时
[2025-08-29 15:03:58.376] [INFO] 结果: FAIL | 用时: 0.006s
[2025-08-29 15:03:58.376] [INFO] ==== 执行用例 #5 ====
[2025-08-29 15:03:58.378] [INFO] 参数: {'screen_on': 1, 'brightness': 6, 'digital': 100, 'logo': 1, 'rim_state': 0, 'rdygo': 2, 'turn_left': 0, 'turn_right': 0, 'ring': 2} | 备注: nan
[2025-08-29 15:03:58.378] [DEBUG] 修改后的LED显示信息:
[2025-08-29 15:03:58.378] [INFO]   屏幕状态: 开
  亮度级别: 6
  数字显示: 100
  LOGO状态: 1 (0关, 1白, 2红)
  护盾状态: 0 (0关, 1白, 2绿)
  ReadyGo状态: 2 (0关, 1白, 2红)
  左转向灯: 0 (0关, 1白, 2橙)
  右转向灯: 0 (0关, 1白, 2橙)
  灯环状态: 2 (0关, 1蓝, 2红)
[2025-08-29 15:03:58.378] [DEBUG] 组包成功，数据长度: 21 字节
[2025-08-29 15:03:58.378] [DEBUG] 发送数据: A5 60 9F A5 03 0D 3B 40 33 33 33 17 43 37 33 33 33 33 33 26 55
[2025-08-29 15:03:58.379] [DEBUG] 接收数据超时
[2025-08-29 15:03:58.379] [DEBUG] 组包成功，数据长度: 21 字节
[2025-08-29 15:03:58.379] [DEBUG] 发送数据: A5 60 9F A5 01 0D 3B 40 33 33 33 17 43 37 33 33 33 33 33 61 55
[2025-08-29 15:03:58.379] [DEBUG] 接收数据超时
[2025-08-29 15:03:58.379] [INFO] 结果: FAIL | 用时: 0.003s
[2025-08-29 15:03:58.379] [INFO] ==== 执行用例 #6 ====
[2025-08-29 15:03:58.382] [INFO] 参数: {'screen_on': 1, 'brightness': 6, 'digital': 100, 'logo': 2, 'rim_state': 0, 'rdygo': 2, 'turn_left': 2, 'turn_right': 0, 'ring': 2} | 备注: nan
[2025-08-29 15:03:58.382] [DEBUG] 修改后的LED显示信息:
[2025-08-29 15:03:58.382] [INFO]   屏幕状态: 开
  亮度级别: 6
  数字显示: 100
  LOGO状态: 2 (0关, 1白, 2红)
  护盾状态: 0 (0关, 1白, 2绿)
  ReadyGo状态: 2 (0关, 1白, 2红)
  左转向灯: 2 (0关, 1白, 2橙)
  右转向灯: 0 (0关, 1白, 2橙)
  灯环状态: 2 (0关, 1蓝, 2红)
[2025-08-29 15:03:58.382] [DEBUG] 组包成功，数据长度: 21 字节
[2025-08-29 15:03:58.383] [DEBUG] 发送数据: A5 60 9F A5 03 0D 3B 40 33 33 33 97 84 37 33 33 33 33 33 A1 55
[2025-08-29 15:03:58.384] [DEBUG] 接收数据超时
[2025-08-29 15:03:58.385] [DEBUG] 组包成功，数据长度: 21 字节
[2025-08-29 15:03:58.385] [DEBUG] 发送数据: A5 60 9F A5 01 0D 3B 40 33 33 33 97 84 37 33 33 33 33 33 E6 55
[2025-08-29 15:03:58.387] [DEBUG] 接收数据超时
[2025-08-29 15:03:58.388] [INFO] 结果: FAIL | 用时: 0.009s
[2025-08-29 15:03:58.389] [INFO] ==== 执行用例 #7 ====
[2025-08-29 15:03:58.389] [INFO] 参数: {'screen_on': 1, 'brightness': 7, 'digital': 50, 'logo': 0, 'rim_state': 0, 'rdygo': 1, 'turn_left': 2, 'turn_right': 0, 'ring': 2} | 备注: nan
[2025-08-29 15:03:58.390] [DEBUG] 修改后的LED显示信息:
[2025-08-29 15:03:58.391] [INFO]   屏幕状态: 开
  亮度级别: 7
  数字显示: 50
  LOGO状态: 0 (0关, 1白, 2红)
  护盾状态: 0 (0关, 1白, 2绿)
  ReadyGo状态: 1 (0关, 1白, 2红)
  左转向灯: 2 (0关, 1白, 2橙)
  右转向灯: 0 (0关, 1白, 2橙)
  灯环状态: 2 (0关, 1蓝, 2红)
[2025-08-29 15:03:58.391] [DEBUG] 组包成功，数据长度: 21 字节
[2025-08-29 15:03:58.392] [DEBUG] 发送数据: A5 60 9F A5 03 0D 3B 42 33 33 33 65 7B 37 33 33 33 33 33 2A 55
[2025-08-29 15:03:58.393] [DEBUG] 接收数据超时
[2025-08-29 15:03:58.393] [DEBUG] 组包成功，数据长度: 21 字节
[2025-08-29 15:03:58.394] [DEBUG] 发送数据: A5 60 9F A5 01 0D 3B 42 33 33 33 65 7B 37 33 33 33 33 33 6D 55
[2025-08-29 15:03:58.395] [DEBUG] 接收数据超时
[2025-08-29 15:03:58.395] [INFO] 结果: FAIL | 用时: 0.006s
[2025-08-29 15:03:58.396] [INFO] ==== 执行用例 #8 ====
[2025-08-29 15:03:58.396] [INFO] 参数: {'screen_on': 1, 'brightness': 7, 'digital': 50, 'logo': 0, 'rim_state': 1, 'rdygo': 1, 'turn_left': 1, 'turn_right': 1, 'ring': 1} | 备注: nan
[2025-08-29 15:03:58.396] [DEBUG] 修改后的LED显示信息:
[2025-08-29 15:03:58.396] [INFO]   屏幕状态: 开
  亮度级别: 7
  数字显示: 50
  LOGO状态: 0 (0关, 1白, 2红)
  护盾状态: 1 (0关, 1白, 2绿)
  ReadyGo状态: 1 (0关, 1白, 2红)
  左转向灯: 1 (0关, 1白, 2橙)
  右转向灯: 1 (0关, 1白, 2橙)
  灯环状态: 1 (0关, 1蓝, 2红)
[2025-08-29 15:03:58.396] [DEBUG] 组包成功，数据长度: 21 字节
[2025-08-29 15:03:58.396] [DEBUG] 发送数据: A5 60 9F A5 03 0D 3B 42 33 33 33 65 DD 35 33 33 33 33 33 B1 55
[2025-08-29 15:03:58.396] [DEBUG] 接收数据超时
[2025-08-29 15:03:58.400] [DEBUG] 组包成功，数据长度: 21 字节
[2025-08-29 15:03:58.400] [DEBUG] 发送数据: A5 60 9F A5 01 0D 3B 42 33 33 33 65 DD 35 33 33 33 33 33 F6 55
[2025-08-29 15:03:58.402] [DEBUG] 接收数据超时
[2025-08-29 15:03:58.402] [INFO] 结果: FAIL | 用时: 0.006s
[2025-08-29 15:03:58.402] [INFO] ==== 执行用例 #9 ====
[2025-08-29 15:03:58.402] [INFO] 参数: {'screen_on': 1, 'brightness': 7, 'digital': 50, 'logo': 1, 'rim_state': 1, 'rdygo': 2, 'turn_left': 0, 'turn_right': 0, 'ring': 1} | 备注: nan
[2025-08-29 15:03:58.404] [DEBUG] 修改后的LED显示信息:
[2025-08-29 15:03:58.404] [INFO]   屏幕状态: 开
  亮度级别: 7
  数字显示: 50
  LOGO状态: 1 (0关, 1白, 2红)
  护盾状态: 1 (0关, 1白, 2绿)
  ReadyGo状态: 2 (0关, 1白, 2红)
  左转向灯: 0 (0关, 1白, 2橙)
  右转向灯: 0 (0关, 1白, 2橙)
  灯环状态: 1 (0关, 1蓝, 2红)
[2025-08-29 15:03:58.404] [DEBUG] 组包成功，数据长度: 21 字节
[2025-08-29 15:03:58.404] [DEBUG] 发送数据: A5 60 9F A5 03 0D 3B 42 33 33 33 E5 45 35 33 33 33 33 33 11 55
[2025-08-29 15:03:58.404] [DEBUG] 接收数据超时
[2025-08-29 15:03:58.404] [DEBUG] 组包成功，数据长度: 21 字节
[2025-08-29 15:03:58.404] [DEBUG] 发送数据: A5 60 9F A5 01 0D 3B 42 33 33 33 E5 45 35 33 33 33 33 33 56 55
[2025-08-29 15:03:58.408] [DEBUG] 接收数据超时
[2025-08-29 15:03:58.408] [INFO] 结果: FAIL | 用时: 0.006s
[2025-08-29 15:03:58.408] [INFO] ==== 执行用例 #10 ====
[2025-08-29 15:03:58.408] [INFO] 参数: {'screen_on': 1, 'brightness': 7, 'digital': 50, 'logo': 2, 'rim_state': 0, 'rdygo': 1, 'turn_left': 0, 'turn_right': 1, 'ring': 0} | 备注: nan
[2025-08-29 15:03:58.408] [DEBUG] 修改后的LED显示信息:
[2025-08-29 15:03:58.408] [INFO]   屏幕状态: 开
  亮度级别: 7
  数字显示: 50
  LOGO状态: 2 (0关, 1白, 2红)
  护盾状态: 0 (0关, 1白, 2绿)
  ReadyGo状态: 1 (0关, 1白, 2红)
  左转向灯: 0 (0关, 1白, 2橙)
  右转向灯: 1 (0关, 1白, 2橙)
  灯环状态: 0 (0关, 1蓝, 2红)
[2025-08-29 15:03:58.408] [DEBUG] 组包成功，数据长度: 21 字节
[2025-08-29 15:03:58.412] [DEBUG] 发送数据: A5 60 9F A5 03 0D 3B 42 33 33 33 65 BC 33 33 33 33 33 33 1D 55
[2025-08-29 15:03:58.412] [DEBUG] 接收数据超时
[2025-08-29 15:03:58.412] [DEBUG] 组包成功，数据长度: 21 字节
[2025-08-29 15:03:58.412] [DEBUG] 发送数据: A5 60 9F A5 01 0D 3B 42 33 33 33 65 BC 33 33 33 33 33 33 5A 55
[2025-08-29 15:03:58.412] [DEBUG] 接收数据超时
[2025-08-29 15:03:58.412] [INFO] 结果: FAIL | 用时: 0.004s
[2025-08-29 15:03:58.417] [INFO] ==== 执行用例 #11 ====
[2025-08-29 15:03:58.417] [INFO] 参数: {'screen_on': 1, 'brightness': 7, 'digital': 100, 'logo': 1, 'rim_state': 0, 'rdygo': 1, 'turn_left': 0, 'turn_right': 2, 'ring': 2} | 备注: nan
[2025-08-29 15:03:58.417] [DEBUG] 修改后的LED显示信息:
[2025-08-29 15:03:58.417] [INFO]   屏幕状态: 开
  亮度级别: 7
  数字显示: 100
  LOGO状态: 1 (0关, 1白, 2红)
  护盾状态: 0 (0关, 1白, 2绿)
  ReadyGo状态: 1 (0关, 1白, 2红)
  左转向灯: 0 (0关, 1白, 2橙)
  右转向灯: 2 (0关, 1白, 2橙)
  灯环状态: 2 (0关, 1蓝, 2红)
[2025-08-29 15:03:58.417] [DEBUG] 组包成功，数据长度: 21 字节
[2025-08-29 15:03:58.417] [DEBUG] 发送数据: A5 60 9F A5 03 0D 3B 42 33 33 33 17 3B 38 33 33 33 33 33 BB 55
[2025-08-29 15:03:58.417] [DEBUG] 接收数据超时
[2025-08-29 15:03:58.421] [DEBUG] 组包成功，数据长度: 21 字节
[2025-08-29 15:03:58.421] [DEBUG] 发送数据: A5 60 9F A5 01 0D 3B 42 33 33 33 17 3B 38 33 33 33 33 33 FC 55
[2025-08-29 15:03:58.421] [DEBUG] 接收数据超时
[2025-08-29 15:03:58.421] [INFO] 结果: FAIL | 用时: 0.005s
[2025-08-29 15:03:58.421] [INFO] ==== 执行用例 #12 ====
[2025-08-29 15:03:58.421] [INFO] 参数: {'screen_on': 1, 'brightness': 7, 'digital': 100, 'logo': 1, 'rim_state': 0, 'rdygo': 2, 'turn_left': 1, 'turn_right': 0, 'ring': 0} | 备注: nan
[2025-08-29 15:03:58.421] [DEBUG] 修改后的LED显示信息:
[2025-08-29 15:03:58.425] [INFO]   屏幕状态: 开
  亮度级别: 7
  数字显示: 100
  LOGO状态: 1 (0关, 1白, 2红)
  护盾状态: 0 (0关, 1白, 2绿)
  ReadyGo状态: 2 (0关, 1白, 2红)
  左转向灯: 1 (0关, 1白, 2橙)
  右转向灯: 0 (0关, 1白, 2橙)
  灯环状态: 0 (0关, 1蓝, 2红)
[2025-08-29 15:03:58.425] [DEBUG] 组包成功，数据长度: 21 字节
[2025-08-29 15:03:58.425] [DEBUG] 发送数据: A5 60 9F A5 03 0D 3B 42 33 33 33 17 63 33 33 33 33 33 33 91 55
[2025-08-29 15:03:58.425] [DEBUG] 接收数据超时
[2025-08-29 15:03:58.425] [DEBUG] 组包成功，数据长度: 21 字节
[2025-08-29 15:03:58.425] [DEBUG] 发送数据: A5 60 9F A5 01 0D 3B 42 33 33 33 17 63 33 33 33 33 33 33 D6 55
[2025-08-29 15:03:58.430] [DEBUG] 接收数据超时
[2025-08-29 15:03:58.430] [INFO] 结果: FAIL | 用时: 0.008s
[2025-08-29 15:03:58.430] [INFO] ==== 执行用例 #13 ====
[2025-08-29 15:03:58.430] [INFO] 参数: {'screen_on': 1, 'brightness': 7, 'digital': 100, 'logo': 1, 'rim_state': 0, 'rdygo': 2, 'turn_left': 1, 'turn_right': 0, 'ring': 2} | 备注: nan
[2025-08-29 15:03:58.430] [DEBUG] 修改后的LED显示信息:
[2025-08-29 15:03:58.430] [INFO]   屏幕状态: 开
  亮度级别: 7
  数字显示: 100
  LOGO状态: 1 (0关, 1白, 2红)
  护盾状态: 0 (0关, 1白, 2绿)
  ReadyGo状态: 2 (0关, 1白, 2红)
  左转向灯: 1 (0关, 1白, 2橙)
  右转向灯: 0 (0关, 1白, 2橙)
  灯环状态: 2 (0关, 1蓝, 2红)
[2025-08-29 15:03:58.430] [DEBUG] 组包成功，数据长度: 21 字节
[2025-08-29 15:03:58.434] [DEBUG] 发送数据: A5 60 9F A5 03 0D 3B 42 33 33 33 17 63 37 33 33 33 33 33 C4 55
[2025-08-29 15:03:58.434] [DEBUG] 接收数据超时
[2025-08-29 15:03:58.434] [DEBUG] 组包成功，数据长度: 21 字节
[2025-08-29 15:03:58.434] [DEBUG] 发送数据: A5 60 9F A5 01 0D 3B 42 33 33 33 17 63 37 33 33 33 33 33 83 55
[2025-08-29 15:03:58.434] [DEBUG] 接收数据超时
[2025-08-29 15:03:58.434] [INFO] 结果: FAIL | 用时: 0.004s
[2025-08-29 15:03:58.438] [INFO] ==== 执行用例 #14 ====
[2025-08-29 15:03:58.438] [INFO] 参数: {'screen_on': 1, 'brightness': 7, 'digital': 100, 'logo': 1, 'rim_state': 2, 'rdygo': 1, 'turn_left': 1, 'turn_right': 0, 'ring': 2} | 备注: nan
[2025-08-29 15:03:58.438] [DEBUG] 修改后的LED显示信息:
[2025-08-29 15:03:58.438] [INFO]   屏幕状态: 开
  亮度级别: 7
  数字显示: 100
  LOGO状态: 1 (0关, 1白, 2红)
  护盾状态: 2 (0关, 1白, 2绿)
  ReadyGo状态: 1 (0关, 1白, 2红)
  左转向灯: 1 (0关, 1白, 2橙)
  右转向灯: 0 (0关, 1白, 2橙)
  灯环状态: 2 (0关, 1蓝, 2红)
[2025-08-29 15:03:58.438] [DEBUG] 组包成功，数据长度: 21 字节
[2025-08-29 15:03:58.438] [DEBUG] 发送数据: A5 60 9F A5 03 0D 3B 42 33 33 33 17 5F 37 33 33 33 33 33 37 55
[2025-08-29 15:03:58.438] [DEBUG] 接收数据超时
[2025-08-29 15:03:58.438] [DEBUG] 组包成功，数据长度: 21 字节
[2025-08-29 15:03:58.443] [DEBUG] 发送数据: A5 60 9F A5 01 0D 3B 42 33 33 33 17 5F 37 33 33 33 33 33 70 55
[2025-08-29 15:03:58.443] [DEBUG] 接收数据超时
[2025-08-29 15:03:58.443] [INFO] 结果: FAIL | 用时: 0.004s
[2025-08-29 15:03:58.443] [INFO] 开始压力循环: 次数=100, 间隔=0.5s, 参数={'screen_on': 1, 'brightness': 5, 'digital': 50, 'logo': 1, 'rim_state': 0, 'rdygo': 1, 'turn_left': 1, 'turn_right': 1, 'ring': 0}
[2025-08-29 15:03:58.443] [DEBUG] 修改后的LED显示信息:
[2025-08-29 15:03:58.443] [INFO]   屏幕状态: 开
  亮度级别: 5
  数字显示: 50
  LOGO状态: 1 (0关, 1白, 2红)
  护盾状态: 0 (0关, 1白, 2绿)
  ReadyGo状态: 1 (0关, 1白, 2红)
  左转向灯: 1 (0关, 1白, 2橙)
  右转向灯: 1 (0关, 1白, 2橙)
  灯环状态: 0 (0关, 1蓝, 2红)
[2025-08-29 15:03:58.447] [DEBUG] 组包成功，数据长度: 21 字节
[2025-08-29 15:03:58.447] [DEBUG] 发送数据: A5 60 9F A5 03 0D 3B 3E 33 33 33 E5 DB 33 33 33 33 33 33 67 55
[2025-08-29 15:03:58.447] [DEBUG] 接收数据: A5 60 9F A5 83 55 33 93 7F 63 64 33 33 33 33 33 33 33 33 33 33 33 33 33 33 33 33 33 33 33 33 33 33 33 33 33 33 33 33 33 33 33 33 89 66 69 66 65 85 64 63 64 76 63 64 92 75 A7 63 65 33 33 33 34 33 37 33 37 33 33 33 3E 33 33 33 E5 DB 33 33 33 33 33 33 33 33 33 33 33 33 33 33 8D 55 A5 60 9F A5 81 0D 3B 3E 33 33 33 E5 DB 33 33 33 33 33 33 17 55 A5 60 9F A5 83 55 33 93 7F 63 64 33 33 33 33 33 33 33 33 33 33 33 33 33 33 33 33 33 33 33 33 33 33 33 33 33 33 33 33 33 33 33 33 89 66 69 66 65 85 64 63 64 76 63 64 92 75 A7 63 65 33 33 33 34 33 37 33 37 33 33 33 40 33 33 33 E5 5D 33 33 33 33 33 33 33 33 33 33 33 33 33 33 6D 55 A5 60 9F A5 81 0D 3B 40 33 33 33 E5 5D 33 33 33 33 33 33 93 55 A5 60 9F A5 83 55 33 93 7F 63 64 33 33 33 33 33 33 33 33 33 33 33 33 33 33 33 33 33 33 33 33 33 33 33 33 33 33 33 33 33 33 33 33 89 66 69 66 65 85 64 63 64 76 63 64 92 75 A7 63 65 33 33 33 34 33 37 33 37 33 33 33 40 33 33 33 65 68 34 33 33 33 33 33 33 33 33 33 33 33 33 33 E0 55 A5 60 9F A5 83 55 33 93 7F 63 64 33 33 33 33 33 33 33 33 33 33 33 33 33 33 33 33 33 33 33 33 33 33 33 33 33 33 33 33 33 33 33 33 89 66 69 66 65 85 64 63 64 76 63 64 92 75 A7 63 65 33 33 33 34 33 37 33 37 33 33 33 40 33 33 33 97 65 37 33 33 33 33 33 33 33 33 33 33 33 33 33 EE 55 A5 60 9F A5 83 55 33 93 7F 63 64 33 33 33 33 33 33 33 33 33 33 33 33 33 33 33 33 33 33 33 33 33 33 33 33 33 33 33 33 33 33 33 33 89 66 69 66 65 85 64 63 64 76 63 64 92 75 A7 63 65 33 33 33 34 33 37 33 37 33 33 33 40 33 33 33 17 43 37 33 33 33 33 33 33 33 33 33 33 33 33 33 3B 55 A5 60 9F A5 83 55 33 93 7F 63 64 33 33 33 33 33 33 33 33 33 33 33 33 33 33 33 33 33 33 33 33 33 33 33 33 33 33 33 33 33 33 33 33 89 66 69 66 65 85 64 63 64 76 63 64 92 75 A7 63 65 33 33 33 34 33 37 33 37 33 33 33 40 33 33 33 97 84 37 33 33 33 33 33 33 33 33 33 33 33 33 33 E5 55 A5 60 9F A5 81 0D 3B 40 33 33 33 97 84 37 33 33 33 33 33 D1 55 A5 60 9F A5 81 0D 3B 40 33 33 33 97 84 37 33 33 33 33 33 D1 55 A5 60 9F A5 83 55 33 93 7F 63 64 33 33 33 33 33 33 33 33 33 33 33 33 33 33 33 33 33 33 33 33 33 33 33 33 33 33 33 33 33 33 33 33 89 66 69 66 65 85 64 63 64 76 63 64 92 75 A7 63 65 33 33 33 34 33 37 33 37 33 33 33 40 33 33 33 65 68 34 33 33 33 33 33 33 33 33 33 33 33 33 33 E0 55 A5 60 9F A5 83 55 33 93 7F 63 64 33 33 33 33 33 33 33 33 33 33 33 33 33 33 33 33 33 33 33 33 33 33 33 33 33 33 33 33 33 33 33 33 89 66 69 66 65 85 64 63 64 76 63 64 92 75 A7 63 65 33 33 33 34 33 37 33 37 33 33 33 40 33 33 33 17 43 37 33 33 33 33 33 33 33 33 33 33 33 33 33 3B 55 A5 60 9F A5 81 0D 3B 40 33 33 33 17 43 37 33 33 33 33 33 56 55 A5 60 9F A5 83 55 33 93 7F 63 64 33 33 33 33 33 33 33 33 33 33 33 33 33 33 33 33 33 33 33 33 33 33 33 33 33 33 33 33 33 33 33 33 89 66 69 66 65 85 64 63 64 76 63 64 92 75 A7 63 65 33 33 33 34 33 37 33 37 33 33 33 42 33 33 33 65 BC 33 33 33 33 33 33 33 33 33 33 33 33 33 33 D7 55 A5 60 9F A5 81 0D 3B 42 33 33 33 65 BC 33 33 33 33 33 33 6D 55 A5 60 9F A5 81 0D 3B 42 33 33 33 65 BC 33 33 33 33 33 33 6D 55 A5 60 9F A5 83 55 33 93 7F 63 64 33 33 33 33 33 33 33 33 33 33 33 33 33 33 33 33 33 33 33 33 33 33 33 33 33 33 33 33 33 33 33 33 89 66 69 66 65 85 64 63 64 76 63 64 92 75 A7 63 65 33 33 33 34 33 37 33 37 33 33 33 42 33 33 33 17 63 33 33 33 33 33 33 33 33 33 33 33 33 33 33 09 55 A5 60 9F A5 81 0D 3B 42 33 33 33 17 63 33 33 33 33 33 33 E1 55 A5 60 9F A5 83 55 33 93 7F 63 64 33 33 33 33 33 33 33 33 33 33 33 33 33 33 33 33 33 33 33 33 33 33 33 33 33 33 33 33 33 33 33 33 89 66 69 66 65 85 64 63 64 76 63 64 92 75 A7 63 65 33 33 33 34 33 37 33 37 33 33 33 42 33 33 33 17 63 37 33 33 33 33 33 33 33 33 33 33 33 33 33 96 55 A5 60 9F A5 81 0D 3B 42 33 33 33 17 63 37 33 33 33 33 33 B4 55 A5 60 9F A5 83 55 33 93 7F 63 64 33 33 33 33 33 33 33 33 33 33 33 33 33 33 33 33 33 33 33 33 33 33 33 33 33 33 33 33 33 33 33 33 89 66 69 66 65 85 64 63 64 76 63 64 92 75 A7 63 65 33 33 33 34 33 37 33 37 33 33 33 42 33 33 33 17 5F 37 33 33 33 33 33 33 33 33 33 33 33 33 33 1F 55 A5 60 9F
[2025-08-29 15:03:58.447] [ERROR] 数据解析失败，返回码: 0
[2025-08-29 15:03:58.447] [INFO] [循环 1/100] 发送 OK
[2025-08-29 15:03:58.952] [DEBUG] 修改后的LED显示信息:
[2025-08-29 15:03:58.952] [INFO]   屏幕状态: 开
  亮度级别: 5
  数字显示: 50
  LOGO状态: 1 (0关, 1白, 2红)
  护盾状态: 0 (0关, 1白, 2绿)
  ReadyGo状态: 1 (0关, 1白, 2红)
  左转向灯: 1 (0关, 1白, 2橙)
  右转向灯: 1 (0关, 1白, 2橙)
  灯环状态: 0 (0关, 1蓝, 2红)
[2025-08-29 15:03:58.952] [DEBUG] 组包成功，数据长度: 21 字节
[2025-08-29 15:03:58.952] [DEBUG] 发送数据: A5 60 9F A5 03 0D 3B 3E 33 33 33 E5 DB 33 33 33 33 33 33 67 55
[2025-08-29 15:03:59.955] [DEBUG] 接收数据: A5 81 0D 3B 42 33 33 33 17 5F 37 33 33 33 33 33 47 55 A5 60 9F A5 83 55 33 93 7F 63 64 33 33 33 33 33 33 33 33 33 33 33 33 33 33 33 33 33 33 33 33 33 33 33 33 33 33 33 33 33 33 33 33 89 66 69 66 65 85 64 63 64 76 63 64 92 75 A7 63 65 33 33 33 34 33 37 33 37 33 33 33 3E 33 33 33 E5 DB 33 33 33 33 33 33 33 33 33 33 33 33 33 33 8D 55 A5 60 9F A5 83 55 33 93 7F 63 64 33 33 33 33 33 33 33 33 33 33 33 33 33 33 33 33 33 33 33 33 33 33 33 33 33 33 33 33 33 33 33 33 89 66 69 66 65 85 64 63 64 76 63 64 92 75 A7 63 65 33 33 33 33 33 37 33 37 33 33 33 3E 33 33 33 E5 DB 33 33 33 33 33 33 33 33 33 33 33 33 33 33 EC 55
[2025-08-29 15:03:59.956] [DEBUG] 数据解析成功:
[2025-08-29 15:03:59.956] [INFO]   ID: 0x60
  命令: 0x83 (读)
  寄存器地址: 0x00
  寄存器数量: 0
[2025-08-29 15:03:59.957] [INFO] [循环 2/100] 发送 OK
[2025-08-29 15:04:00.458] [DEBUG] 修改后的LED显示信息:
[2025-08-29 15:04:00.458] [INFO]   屏幕状态: 开
  亮度级别: 5
  数字显示: 50
  LOGO状态: 1 (0关, 1白, 2红)
  护盾状态: 0 (0关, 1白, 2绿)
  ReadyGo状态: 1 (0关, 1白, 2红)
  左转向灯: 1 (0关, 1白, 2橙)
  右转向灯: 1 (0关, 1白, 2橙)
  灯环状态: 0 (0关, 1蓝, 2红)
[2025-08-29 15:04:00.459] [DEBUG] 组包成功，数据长度: 21 字节
[2025-08-29 15:04:00.460] [DEBUG] 发送数据: A5 60 9F A5 03 0D 3B 3E 33 33 33 E5 DB 33 33 33 33 33 33 67 55
[2025-08-29 15:04:01.464] [DEBUG] 接收数据: A5 60 9F A5 83 55 33 93 7F 63 64 33 33 33 33 33 33 33 33 33 33 33 33 33 33 33 33 33 33 33 33 33 33 33 33 33 33 33 33 33 33 33 33 89 66 69 66 65 85 64 63 64 76 63 64 92 75 A7 63 65 33 33 33 33 33 37 33 37 33 33 33 3E 33 33 33 E5 DB 33 33 33 33 33 33 33 33 33 33 33 33 33 33 EC 55
[2025-08-29 15:04:01.465] [DEBUG] 数据解析成功:
[2025-08-29 15:04:01.465] [INFO]   ID: 0x60
  命令: 0x83 (读)
  寄存器地址: 0x00
  寄存器数量: 0
[2025-08-29 15:04:01.465] [INFO] [循环 3/100] 发送 OK
[2025-08-29 15:04:01.966] [DEBUG] 修改后的LED显示信息:
[2025-08-29 15:04:01.967] [INFO]   屏幕状态: 开
  亮度级别: 5
  数字显示: 50
  LOGO状态: 1 (0关, 1白, 2红)
  护盾状态: 0 (0关, 1白, 2绿)
  ReadyGo状态: 1 (0关, 1白, 2红)
  左转向灯: 1 (0关, 1白, 2橙)
  右转向灯: 1 (0关, 1白, 2橙)
  灯环状态: 0 (0关, 1蓝, 2红)
[2025-08-29 15:04:01.968] [DEBUG] 组包成功，数据长度: 21 字节
[2025-08-29 15:04:01.970] [DEBUG] 发送数据: A5 60 9F A5 03 0D 3B 3E 33 33 33 E5 DB 33 33 33 33 33 33 67 55
[2025-08-29 15:04:02.973] [DEBUG] 接收数据: A5 60 9F A5 83 55 33 93 7F 63 64 33 33 33 33 33 33 33 33 33 33 33 33 33 33 33 33 33 33 33 33 33 33 33 33 33 33 33 33 33 33 33 33 89 66 69 66 65 85 64 63 64 76 63 64 92 75 A7 63 65 33 33 33 33 33 37 33 36 33 33 33 3E 33 33 33 E5 DB 33 33 33 33 33 33 33 33 33 33 33 33 33 33 19 55
[2025-08-29 15:04:02.973] [DEBUG] 数据解析成功:
[2025-08-29 15:04:02.973] [INFO]   ID: 0x60
  命令: 0x83 (读)
  寄存器地址: 0x00
  寄存器数量: 0
[2025-08-29 15:04:02.973] [INFO] [循环 4/100] 发送 OK
[2025-08-29 15:04:03.476] [DEBUG] 修改后的LED显示信息:
[2025-08-29 15:04:03.476] [INFO]   屏幕状态: 开
  亮度级别: 5
  数字显示: 50
  LOGO状态: 1 (0关, 1白, 2红)
  护盾状态: 0 (0关, 1白, 2绿)
  ReadyGo状态: 1 (0关, 1白, 2红)
  左转向灯: 1 (0关, 1白, 2橙)
  右转向灯: 1 (0关, 1白, 2橙)
  灯环状态: 0 (0关, 1蓝, 2红)
[2025-08-29 15:04:03.478] [DEBUG] 组包成功，数据长度: 21 字节
[2025-08-29 15:04:03.478] [DEBUG] 发送数据: A5 60 9F A5 03 0D 3B 3E 33 33 33 E5 DB 33 33 33 33 33 33 67 55
[2025-08-29 15:04:04.482] [DEBUG] 接收数据: A5 60 9F A5 83 55 33 93 7F 63 64 33 33 33 33 33 33 33 33 33 33 33 33 33 33 33 33 33 33 33 33 33 33 33 33 33 33 33 33 33 33 33 33 89 66 69 66 65 85 64 63 64 76 63 64 92 75 A7 63 65 33 33 33 33 33 37 33 37 33 33 33 3E 33 33 33 E5 DB 33 33 33 33 33 33 33 33 33 33 33 33 33 33 EC 55
[2025-08-29 15:04:04.482] [DEBUG] 数据解析成功:
[2025-08-29 15:04:04.482] [INFO]   ID: 0x60
  命令: 0x83 (读)
  寄存器地址: 0x00
  寄存器数量: 0
[2025-08-29 15:04:04.482] [INFO] [循环 5/100] 发送 OK
[2025-08-29 15:04:04.986] [DEBUG] 修改后的LED显示信息:
[2025-08-29 15:04:04.986] [INFO]   屏幕状态: 开
  亮度级别: 5
  数字显示: 50
  LOGO状态: 1 (0关, 1白, 2红)
  护盾状态: 0 (0关, 1白, 2绿)
  ReadyGo状态: 1 (0关, 1白, 2红)
  左转向灯: 1 (0关, 1白, 2橙)
  右转向灯: 1 (0关, 1白, 2橙)
  灯环状态: 0 (0关, 1蓝, 2红)
[2025-08-29 15:04:04.986] [DEBUG] 组包成功，数据长度: 21 字节
[2025-08-29 15:04:04.986] [DEBUG] 发送数据: A5 60 9F A5 03 0D 3B 3E 33 33 33 E5 DB 33 33 33 33 33 33 67 55
