[2025-08-29 14:12:44.292] [INFO] 初始化 BLE 协议通信...
[2025-08-29 14:12:44.484] [INFO] 加载用例 16 条 来自: testcases.xlsx
[2025-08-29 14:12:44.488] [INFO] ==== 执行用例 #219 ====
[2025-08-29 14:12:44.491] [INFO] 参数: {'screen_on': 1, 'brightness': 5, 'digital': 0, 'logo': 0, 'rim_state': 2, 'rdygo': 2, 'turn_left': 0, 'turn_right': 0, 'ring': 2} | 备注: nan
[2025-08-29 14:12:44.491] [DEBUG] 修改后的LED显示信息:
[2025-08-29 14:12:44.491] [INFO]   屏幕状态: 开
  亮度级别: 5
  数字显示: 0
  LOGO状态: 0 (0关, 1白, 2红)
  护盾状态: 2 (0关, 1白, 2绿)
  ReadyGo状态: 2 (0关, 1白, 2红)
  左转向灯: 0 (0关, 1白, 2橙)
  右转向灯: 0 (0关, 1白, 2橙)
  灯环状态: 2 (0关, 1蓝, 2红)
[2025-08-29 14:12:44.493] [DEBUG] 组包成功，数据长度: 21 字节
[2025-08-29 14:12:44.493] [DEBUG] 发送数据: A5 60 9F A5 03 0D 3B 3E 33 33 33 33 47 37 33 33 33 33 33 82 55
[2025-08-29 14:12:45.498] [DEBUG] 接收数据: A5 60 9F A5 83 55 33 93 7F 63 64 33 33 33 33 33 33 33 33 33 33 33 33 33 33 33 33 33 33 33 33 33 33 33 33 33 33 33 33 33 33 33 33 89 66 69 66 65 85 64 63 64 76 63 64 92 75 A7 63 65 33 33 33 33 33 33 33 38 33 33 33 3E 33 33 33 33 47 37 33 33 33 33 33 33 33 33 33 33 33 33 33 E9 55
[2025-08-29 14:12:45.498] [DEBUG] 数据解析成功:
[2025-08-29 14:12:45.498] [INFO]   ID: 0x60
  命令: 0x83 (读)
  寄存器地址: 0x00
  寄存器数量: 0
[2025-08-29 14:12:45.498] [DEBUG] 组包成功，数据长度: 21 字节
[2025-08-29 14:12:45.500] [DEBUG] 发送数据: A5 60 9F A5 01 0D 3B 3E 33 33 33 33 47 37 33 33 33 33 33 C5 55
[2025-08-29 14:12:46.505] [DEBUG] 接收数据: A5 60 9F A5 81 0D 3B 3E 33 33 33 33 47 37 33 33 33 33 33 F2 55
[2025-08-29 14:12:46.505] [DEBUG] 数据解析成功:
[2025-08-29 14:12:46.505] [INFO]   ID: 0x60
  命令: 0x81 (读)
  寄存器地址: 0x08
  寄存器数量: 0
[2025-08-29 14:12:46.507] [INFO] 
全局变量中的LED显示信息已更新:
[2025-08-29 14:12:46.507] [INFO]   屏幕状态: 开
  亮度级别: 5
  数字显示: 0
  LOGO状态: 0 (0关, 1白, 2红)
  护盾状态: 2 (0关, 1白, 2绿)
  ReadyGo状态: 2 (0关, 1白, 2红)
  左转向灯: 0 (0关, 1白, 2橙)
  右转向灯: 0 (0关, 1白, 2橙)
  灯环状态: 2 (0关, 1蓝, 2红)
[2025-08-29 14:12:46.507] [INFO] 结果: PASS | 用时: 2.019s
[2025-08-29 14:12:46.709] [INFO] ==== 执行用例 #540 ====
[2025-08-29 14:12:46.709] [INFO] 参数: {'screen_on': 1, 'brightness': 5, 'digital': 0, 'logo': 2, 'rim_state': 0, 'rdygo': 1, 'turn_left': 2, 'turn_right': 2, 'ring': 2} | 备注: nan
[2025-08-29 14:12:46.709] [DEBUG] 修改后的LED显示信息:
[2025-08-29 14:12:46.711] [INFO]   屏幕状态: 开
  亮度级别: 5
  数字显示: 0
  LOGO状态: 2 (0关, 1白, 2红)
  护盾状态: 0 (0关, 1白, 2绿)
  ReadyGo状态: 1 (0关, 1白, 2红)
  左转向灯: 2 (0关, 1白, 2橙)
  右转向灯: 2 (0关, 1白, 2橙)
  灯环状态: 2 (0关, 1蓝, 2红)
[2025-08-29 14:12:46.712] [DEBUG] 组包成功，数据长度: 21 字节
[2025-08-29 14:12:46.712] [DEBUG] 发送数据: A5 60 9F A5 03 0D 3B 3E 33 33 33 33 7C 38 33 33 33 33 33 29 55
[2025-08-29 14:12:47.715] [DEBUG] 接收数据: A5 60 9F A5 83 55 33 93 7F 63 64 33 33 33 33 33 33 33 33 33 33 33 33 33 33 33 33 33 33 33 33 33 33 33 33 33 33 33 33 33 33 33 33 89 66 69 66 65 85 64 63 64 76 63 64 92 75 A7 63 65 33 33 33 33 33 33 33 38 33 33 33 3E 33 33 33 33 7C 38 33 33 33 33 33 33 33 33 33 33 33 33 33 8A 55
[2025-08-29 14:12:47.715] [DEBUG] 数据解析成功:
[2025-08-29 14:12:47.717] [INFO]   ID: 0x60
  命令: 0x83 (读)
  寄存器地址: 0x00
  寄存器数量: 0
[2025-08-29 14:12:47.717] [DEBUG] 组包成功，数据长度: 21 字节
[2025-08-29 14:12:47.717] [DEBUG] 发送数据: A5 60 9F A5 01 0D 3B 3E 33 33 33 33 7C 38 33 33 33 33 33 6E 55
[2025-08-29 14:12:48.719] [DEBUG] 接收数据: A5 60 9F A5 81 0D 3B 3E 33 33 33 33 7C 38 33 33 33 33 33 59 55
[2025-08-29 14:12:48.719] [DEBUG] 数据解析成功:
[2025-08-29 14:12:48.719] [INFO]   ID: 0x60
  命令: 0x81 (读)
  寄存器地址: 0x08
  寄存器数量: 0
[2025-08-29 14:12:48.719] [INFO] 
全局变量中的LED显示信息已更新:
[2025-08-29 14:12:48.719] [INFO]   屏幕状态: 开
  亮度级别: 5
  数字显示: 0
  LOGO状态: 2 (0关, 1白, 2红)
  护盾状态: 0 (0关, 1白, 2绿)
  ReadyGo状态: 1 (0关, 1白, 2红)
  左转向灯: 2 (0关, 1白, 2橙)
  右转向灯: 2 (0关, 1白, 2橙)
  灯环状态: 2 (0关, 1蓝, 2红)
[2025-08-29 14:12:48.719] [INFO] 结果: PASS | 用时: 2.010s
[2025-08-29 14:12:48.922] [INFO] ==== 执行用例 #1012 ====
[2025-08-29 14:12:48.923] [INFO] 参数: {'screen_on': 1, 'brightness': 5, 'digital': 50, 'logo': 1, 'rim_state': 0, 'rdygo': 1, 'turn_left': 1, 'turn_right': 1, 'ring': 0} | 备注: nan
[2025-08-29 14:12:48.925] [DEBUG] 修改后的LED显示信息:
[2025-08-29 14:12:48.925] [INFO]   屏幕状态: 开
  亮度级别: 5
  数字显示: 50
  LOGO状态: 1 (0关, 1白, 2红)
  护盾状态: 0 (0关, 1白, 2绿)
  ReadyGo状态: 1 (0关, 1白, 2红)
  左转向灯: 1 (0关, 1白, 2橙)
  右转向灯: 1 (0关, 1白, 2橙)
  灯环状态: 0 (0关, 1蓝, 2红)
[2025-08-29 14:12:48.929] [DEBUG] 组包成功，数据长度: 21 字节
[2025-08-29 14:12:48.929] [DEBUG] 发送数据: A5 60 9F A5 03 0D 3B 3E 33 33 33 E5 DB 33 33 33 33 33 33 67 55
[2025-08-29 14:12:48.931] [DEBUG] 接收数据超时
[2025-08-29 14:12:48.931] [DEBUG] 组包成功，数据长度: 21 字节
[2025-08-29 14:12:48.931] [DEBUG] 发送数据: A5 60 9F A5 01 0D 3B 3E 33 33 33 E5 DB 33 33 33 33 33 33 20 55
[2025-08-29 14:12:48.933] [DEBUG] 接收数据超时
[2025-08-29 14:12:48.933] [INFO] 结果: FAIL | 用时: 0.011s
[2025-08-29 14:12:48.933] [INFO] ==== 执行用例 #3277 ====
[2025-08-29 14:12:48.933] [INFO] 参数: {'screen_on': 1, 'brightness': 6, 'digital': 50, 'logo': 1, 'rim_state': 1, 'rdygo': 1, 'turn_left': 1, 'turn_right': 0, 'ring': 0} | 备注: nan
[2025-08-29 14:12:48.933] [DEBUG] 修改后的LED显示信息:
[2025-08-29 14:12:48.933] [INFO]   屏幕状态: 开
  亮度级别: 6
  数字显示: 50
  LOGO状态: 1 (0关, 1白, 2红)
  护盾状态: 1 (0关, 1白, 2绿)
  ReadyGo状态: 1 (0关, 1白, 2红)
  左转向灯: 1 (0关, 1白, 2橙)
  右转向灯: 0 (0关, 1白, 2橙)
  灯环状态: 0 (0关, 1蓝, 2红)
[2025-08-29 14:12:48.933] [DEBUG] 组包成功，数据长度: 21 字节
[2025-08-29 14:12:48.933] [DEBUG] 发送数据: A5 60 9F A5 03 0D 3B 40 33 33 33 E5 5D 33 33 33 33 33 33 E3 55
[2025-08-29 14:12:48.933] [DEBUG] 接收数据超时
[2025-08-29 14:12:48.933] [DEBUG] 组包成功，数据长度: 21 字节
[2025-08-29 14:12:48.933] [DEBUG] 发送数据: A5 60 9F A5 01 0D 3B 40 33 33 33 E5 5D 33 33 33 33 33 33 A4 55
[2025-08-29 14:12:48.937] [DEBUG] 接收数据超时
[2025-08-29 14:12:48.937] [INFO] 结果: FAIL | 用时: 0.004s
[2025-08-29 14:12:48.937] [INFO] ==== 执行用例 #3634 ====
[2025-08-29 14:12:48.937] [INFO] 参数: {'screen_on': 1, 'brightness': 6, 'digital': 50, 'logo': 2, 'rim_state': 2, 'rdygo': 2, 'turn_left': 1, 'turn_right': 2, 'ring': 0} | 备注: nan
[2025-08-29 14:12:48.937] [DEBUG] 修改后的LED显示信息:
[2025-08-29 14:12:48.937] [INFO]   屏幕状态: 开
  亮度级别: 6
  数字显示: 50
  LOGO状态: 2 (0关, 1白, 2红)
  护盾状态: 2 (0关, 1白, 2绿)
  ReadyGo状态: 2 (0关, 1白, 2红)
  左转向灯: 1 (0关, 1白, 2橙)
  右转向灯: 2 (0关, 1白, 2橙)
  灯环状态: 0 (0关, 1蓝, 2红)
[2025-08-29 14:12:48.937] [DEBUG] 组包成功，数据长度: 21 字节
[2025-08-29 14:12:48.940] [DEBUG] 发送数据: A5 60 9F A5 03 0D 3B 40 33 33 33 65 68 34 33 33 33 33 33 B8 55
[2025-08-29 14:12:48.940] [DEBUG] 接收数据超时
[2025-08-29 14:12:48.940] [DEBUG] 组包成功，数据长度: 21 字节
[2025-08-29 14:12:48.942] [DEBUG] 发送数据: A5 60 9F A5 01 0D 3B 40 33 33 33 65 68 34 33 33 33 33 33 FF 55
[2025-08-29 14:12:48.942] [DEBUG] 接收数据超时
[2025-08-29 14:12:48.943] [INFO] 结果: FAIL | 用时: 0.005s
[2025-08-29 14:12:48.943] [INFO] ==== 执行用例 #3792 ====
[2025-08-29 14:12:48.943] [INFO] 参数: {'screen_on': 1, 'brightness': 6, 'digital': 100, 'logo': 0, 'rim_state': 1, 'rdygo': 2, 'turn_left': 1, 'turn_right': 0, 'ring': 2} | 备注: nan
[2025-08-29 14:12:48.943] [DEBUG] 修改后的LED显示信息:
[2025-08-29 14:12:48.943] [INFO]   屏幕状态: 开
  亮度级别: 6
  数字显示: 100
  LOGO状态: 0 (0关, 1白, 2红)
  护盾状态: 1 (0关, 1白, 2绿)
  ReadyGo状态: 2 (0关, 1白, 2红)
  左转向灯: 1 (0关, 1白, 2橙)
  右转向灯: 0 (0关, 1白, 2橙)
  灯环状态: 2 (0关, 1蓝, 2红)
[2025-08-29 14:12:48.943] [DEBUG] 组包成功，数据长度: 21 字节
[2025-08-29 14:12:48.943] [DEBUG] 发送数据: A5 60 9F A5 03 0D 3B 40 33 33 33 97 65 37 33 33 33 33 33 D5 55
[2025-08-29 14:12:48.945] [DEBUG] 接收数据超时
[2025-08-29 14:12:48.945] [DEBUG] 组包成功，数据长度: 21 字节
[2025-08-29 14:12:48.945] [DEBUG] 发送数据: A5 60 9F A5 01 0D 3B 40 33 33 33 97 65 37 33 33 33 33 33 92 55
[2025-08-29 14:12:48.946] [DEBUG] 接收数据超时
[2025-08-29 14:12:48.946] [INFO] 结果: FAIL | 用时: 0.004s
[2025-08-29 14:12:48.946] [INFO] ==== 执行用例 #3945 ====
[2025-08-29 14:12:48.946] [INFO] 参数: {'screen_on': 1, 'brightness': 6, 'digital': 100, 'logo': 1, 'rim_state': 0, 'rdygo': 2, 'turn_left': 0, 'turn_right': 0, 'ring': 2} | 备注: nan
[2025-08-29 14:12:48.946] [DEBUG] 修改后的LED显示信息:
[2025-08-29 14:12:48.946] [INFO]   屏幕状态: 开
  亮度级别: 6
  数字显示: 100
  LOGO状态: 1 (0关, 1白, 2红)
  护盾状态: 0 (0关, 1白, 2绿)
  ReadyGo状态: 2 (0关, 1白, 2红)
  左转向灯: 0 (0关, 1白, 2橙)
  右转向灯: 0 (0关, 1白, 2橙)
  灯环状态: 2 (0关, 1蓝, 2红)
[2025-08-29 14:12:48.946] [DEBUG] 组包成功，数据长度: 21 字节
[2025-08-29 14:12:48.946] [DEBUG] 发送数据: A5 60 9F A5 03 0D 3B 40 33 33 33 17 43 37 33 33 33 33 33 26 55
[2025-08-29 14:12:48.946] [DEBUG] 接收数据超时
[2025-08-29 14:12:48.946] [DEBUG] 组包成功，数据长度: 21 字节
[2025-08-29 14:12:48.946] [DEBUG] 发送数据: A5 60 9F A5 01 0D 3B 40 33 33 33 17 43 37 33 33 33 33 33 61 55
[2025-08-29 14:12:48.946] [DEBUG] 接收数据超时
[2025-08-29 14:12:48.950] [INFO] 结果: FAIL | 用时: 0.004s
[2025-08-29 14:12:48.950] [INFO] ==== 执行用例 #4206 ====
[2025-08-29 14:12:48.950] [INFO] 参数: {'screen_on': 1, 'brightness': 6, 'digital': 100, 'logo': 2, 'rim_state': 0, 'rdygo': 2, 'turn_left': 2, 'turn_right': 0, 'ring': 2} | 备注: nan
[2025-08-29 14:12:48.950] [DEBUG] 修改后的LED显示信息:
[2025-08-29 14:12:48.953] [INFO]   屏幕状态: 开
  亮度级别: 6
  数字显示: 100
  LOGO状态: 2 (0关, 1白, 2红)
  护盾状态: 0 (0关, 1白, 2绿)
  ReadyGo状态: 2 (0关, 1白, 2红)
  左转向灯: 2 (0关, 1白, 2橙)
  右转向灯: 0 (0关, 1白, 2橙)
  灯环状态: 2 (0关, 1蓝, 2红)
[2025-08-29 14:12:48.953] [DEBUG] 组包成功，数据长度: 21 字节
[2025-08-29 14:12:48.953] [DEBUG] 发送数据: A5 60 9F A5 03 0D 3B 40 33 33 33 97 84 37 33 33 33 33 33 A1 55
[2025-08-29 14:12:48.953] [DEBUG] 接收数据超时
[2025-08-29 14:12:48.954] [DEBUG] 组包成功，数据长度: 21 字节
[2025-08-29 14:12:48.954] [DEBUG] 发送数据: A5 60 9F A5 01 0D 3B 40 33 33 33 97 84 37 33 33 33 33 33 E6 55
[2025-08-29 14:12:48.954] [DEBUG] 接收数据超时
[2025-08-29 14:12:48.954] [INFO] 结果: FAIL | 用时: 0.004s
[2025-08-29 14:12:48.954] [INFO] ==== 执行用例 #5151 ====
[2025-08-29 14:12:48.954] [INFO] 参数: {'screen_on': 1, 'brightness': 7, 'digital': 50, 'logo': 0, 'rim_state': 0, 'rdygo': 1, 'turn_left': 2, 'turn_right': 0, 'ring': 2} | 备注: nan
[2025-08-29 14:12:48.954] [DEBUG] 修改后的LED显示信息:
[2025-08-29 14:12:48.954] [INFO]   屏幕状态: 开
  亮度级别: 7
  数字显示: 50
  LOGO状态: 0 (0关, 1白, 2红)
  护盾状态: 0 (0关, 1白, 2绿)
  ReadyGo状态: 1 (0关, 1白, 2红)
  左转向灯: 2 (0关, 1白, 2橙)
  右转向灯: 0 (0关, 1白, 2橙)
  灯环状态: 2 (0关, 1蓝, 2红)
[2025-08-29 14:12:48.954] [DEBUG] 组包成功，数据长度: 21 字节
[2025-08-29 14:12:48.954] [DEBUG] 发送数据: A5 60 9F A5 03 0D 3B 42 33 33 33 65 7B 37 33 33 33 33 33 2A 55
[2025-08-29 14:12:48.954] [DEBUG] 接收数据超时
[2025-08-29 14:12:48.954] [DEBUG] 组包成功，数据长度: 21 字节
[2025-08-29 14:12:48.954] [DEBUG] 发送数据: A5 60 9F A5 01 0D 3B 42 33 33 33 65 7B 37 33 33 33 33 33 6D 55
[2025-08-29 14:12:48.959] [DEBUG] 接收数据超时
[2025-08-29 14:12:48.959] [INFO] 结果: FAIL | 用时: 0.004s
[2025-08-29 14:12:48.959] [INFO] ==== 执行用例 #5225 ====
[2025-08-29 14:12:48.959] [INFO] 参数: {'screen_on': 1, 'brightness': 7, 'digital': 50, 'logo': 0, 'rim_state': 1, 'rdygo': 1, 'turn_left': 1, 'turn_right': 1, 'ring': 1} | 备注: nan
[2025-08-29 14:12:48.959] [DEBUG] 修改后的LED显示信息:
[2025-08-29 14:12:48.959] [INFO]   屏幕状态: 开
  亮度级别: 7
  数字显示: 50
  LOGO状态: 0 (0关, 1白, 2红)
  护盾状态: 1 (0关, 1白, 2绿)
  ReadyGo状态: 1 (0关, 1白, 2红)
  左转向灯: 1 (0关, 1白, 2橙)
  右转向灯: 1 (0关, 1白, 2橙)
  灯环状态: 1 (0关, 1蓝, 2红)
[2025-08-29 14:12:48.959] [DEBUG] 组包成功，数据长度: 21 字节
[2025-08-29 14:12:48.959] [DEBUG] 发送数据: A5 60 9F A5 03 0D 3B 42 33 33 33 65 DD 35 33 33 33 33 33 B1 55
[2025-08-29 14:12:48.959] [DEBUG] 接收数据超时
[2025-08-29 14:12:48.959] [DEBUG] 组包成功，数据长度: 21 字节
[2025-08-29 14:12:48.959] [DEBUG] 发送数据: A5 60 9F A5 01 0D 3B 42 33 33 33 65 DD 35 33 33 33 33 33 F6 55
[2025-08-29 14:12:48.959] [DEBUG] 接收数据超时
[2025-08-29 14:12:48.963] [INFO] 结果: FAIL | 用时: 0.004s
[2025-08-29 14:12:48.963] [INFO] ==== 执行用例 #5483 ====
[2025-08-29 14:12:48.963] [INFO] 参数: {'screen_on': 1, 'brightness': 7, 'digital': 50, 'logo': 1, 'rim_state': 1, 'rdygo': 2, 'turn_left': 0, 'turn_right': 0, 'ring': 1} | 备注: nan
[2025-08-29 14:12:48.963] [DEBUG] 修改后的LED显示信息:
[2025-08-29 14:12:48.963] [INFO]   屏幕状态: 开
  亮度级别: 7
  数字显示: 50
  LOGO状态: 1 (0关, 1白, 2红)
  护盾状态: 1 (0关, 1白, 2绿)
  ReadyGo状态: 2 (0关, 1白, 2红)
  左转向灯: 0 (0关, 1白, 2橙)
  右转向灯: 0 (0关, 1白, 2橙)
  灯环状态: 1 (0关, 1蓝, 2红)
[2025-08-29 14:12:48.963] [DEBUG] 组包成功，数据长度: 21 字节
[2025-08-29 14:12:48.963] [DEBUG] 发送数据: A5 60 9F A5 03 0D 3B 42 33 33 33 E5 45 35 33 33 33 33 33 11 55
[2025-08-29 14:12:48.963] [DEBUG] 接收数据超时
[2025-08-29 14:12:48.963] [DEBUG] 组包成功，数据长度: 21 字节
[2025-08-29 14:12:48.963] [DEBUG] 发送数据: A5 60 9F A5 01 0D 3B 42 33 33 33 E5 45 35 33 33 33 33 33 56 55
[2025-08-29 14:12:48.963] [DEBUG] 接收数据超时
[2025-08-29 14:12:48.967] [INFO] 结果: FAIL | 用时: 0.004s
[2025-08-29 14:12:48.967] [INFO] ==== 执行用例 #5620 ====
[2025-08-29 14:12:48.967] [INFO] 参数: {'screen_on': 1, 'brightness': 7, 'digital': 50, 'logo': 2, 'rim_state': 0, 'rdygo': 1, 'turn_left': 0, 'turn_right': 1, 'ring': 0} | 备注: nan
[2025-08-29 14:12:48.967] [DEBUG] 修改后的LED显示信息:
[2025-08-29 14:12:48.968] [INFO]   屏幕状态: 开
  亮度级别: 7
  数字显示: 50
  LOGO状态: 2 (0关, 1白, 2红)
  护盾状态: 0 (0关, 1白, 2绿)
  ReadyGo状态: 1 (0关, 1白, 2红)
  左转向灯: 0 (0关, 1白, 2橙)
  右转向灯: 1 (0关, 1白, 2橙)
  灯环状态: 0 (0关, 1蓝, 2红)
[2025-08-29 14:12:48.969] [DEBUG] 组包成功，数据长度: 21 字节
[2025-08-29 14:12:48.969] [DEBUG] 发送数据: A5 60 9F A5 03 0D 3B 42 33 33 33 65 BC 33 33 33 33 33 33 1D 55
[2025-08-29 14:12:48.969] [DEBUG] 接收数据超时
[2025-08-29 14:12:48.969] [DEBUG] 组包成功，数据长度: 21 字节
[2025-08-29 14:12:48.969] [DEBUG] 发送数据: A5 60 9F A5 01 0D 3B 42 33 33 33 65 BC 33 33 33 33 33 33 5A 55
[2025-08-29 14:12:48.971] [DEBUG] 接收数据超时
[2025-08-29 14:12:48.971] [INFO] 结果: FAIL | 用时: 0.004s
[2025-08-29 14:12:48.971] [INFO] ==== 执行用例 #6111 ====
[2025-08-29 14:12:48.971] [INFO] 参数: {'screen_on': 1, 'brightness': 7, 'digital': 100, 'logo': 1, 'rim_state': 0, 'rdygo': 1, 'turn_left': 0, 'turn_right': 2, 'ring': 2} | 备注: nan
[2025-08-29 14:12:48.971] [DEBUG] 修改后的LED显示信息:
[2025-08-29 14:12:48.971] [INFO]   屏幕状态: 开
  亮度级别: 7
  数字显示: 100
  LOGO状态: 1 (0关, 1白, 2红)
  护盾状态: 0 (0关, 1白, 2绿)
  ReadyGo状态: 1 (0关, 1白, 2红)
  左转向灯: 0 (0关, 1白, 2橙)
  右转向灯: 2 (0关, 1白, 2橙)
  灯环状态: 2 (0关, 1蓝, 2红)
[2025-08-29 14:12:48.971] [DEBUG] 组包成功，数据长度: 21 字节
[2025-08-29 14:12:48.971] [DEBUG] 发送数据: A5 60 9F A5 03 0D 3B 42 33 33 33 17 3B 38 33 33 33 33 33 BB 55
[2025-08-29 14:12:48.971] [DEBUG] 接收数据超时
[2025-08-29 14:12:48.971] [DEBUG] 组包成功，数据长度: 21 字节
[2025-08-29 14:12:48.971] [DEBUG] 发送数据: A5 60 9F A5 01 0D 3B 42 33 33 33 17 3B 38 33 33 33 33 33 FC 55
[2025-08-29 14:12:48.971] [DEBUG] 接收数据超时
[2025-08-29 14:12:48.971] [INFO] 结果: FAIL | 用时: 0.000s
[2025-08-29 14:12:48.975] [INFO] ==== 执行用例 #6139 ====
[2025-08-29 14:12:48.975] [INFO] 参数: {'screen_on': 1, 'brightness': 7, 'digital': 100, 'logo': 1, 'rim_state': 0, 'rdygo': 2, 'turn_left': 1, 'turn_right': 0, 'ring': 0} | 备注: nan
[2025-08-29 14:12:48.975] [DEBUG] 修改后的LED显示信息:
[2025-08-29 14:12:48.975] [INFO]   屏幕状态: 开
  亮度级别: 7
  数字显示: 100
  LOGO状态: 1 (0关, 1白, 2红)
  护盾状态: 0 (0关, 1白, 2绿)
  ReadyGo状态: 2 (0关, 1白, 2红)
  左转向灯: 1 (0关, 1白, 2橙)
  右转向灯: 0 (0关, 1白, 2橙)
  灯环状态: 0 (0关, 1蓝, 2红)
[2025-08-29 14:12:48.975] [DEBUG] 组包成功，数据长度: 21 字节
[2025-08-29 14:12:48.975] [DEBUG] 发送数据: A5 60 9F A5 03 0D 3B 42 33 33 33 17 63 33 33 33 33 33 33 91 55
[2025-08-29 14:12:48.975] [DEBUG] 接收数据超时
[2025-08-29 14:12:48.975] [DEBUG] 组包成功，数据长度: 21 字节
[2025-08-29 14:12:48.975] [DEBUG] 发送数据: A5 60 9F A5 01 0D 3B 42 33 33 33 17 63 33 33 33 33 33 33 D6 55
[2025-08-29 14:12:48.975] [DEBUG] 接收数据超时
[2025-08-29 14:12:48.980] [INFO] 结果: FAIL | 用时: 0.004s
[2025-08-29 14:12:48.980] [INFO] ==== 执行用例 #6141 ====
[2025-08-29 14:12:48.980] [INFO] 参数: {'screen_on': 1, 'brightness': 7, 'digital': 100, 'logo': 1, 'rim_state': 0, 'rdygo': 2, 'turn_left': 1, 'turn_right': 0, 'ring': 2} | 备注: nan
[2025-08-29 14:12:48.980] [DEBUG] 修改后的LED显示信息:
[2025-08-29 14:12:48.980] [INFO]   屏幕状态: 开
  亮度级别: 7
  数字显示: 100
  LOGO状态: 1 (0关, 1白, 2红)
  护盾状态: 0 (0关, 1白, 2绿)
  ReadyGo状态: 2 (0关, 1白, 2红)
  左转向灯: 1 (0关, 1白, 2橙)
  右转向灯: 0 (0关, 1白, 2橙)
  灯环状态: 2 (0关, 1蓝, 2红)
[2025-08-29 14:12:48.980] [DEBUG] 组包成功，数据长度: 21 字节
[2025-08-29 14:12:48.980] [DEBUG] 发送数据: A5 60 9F A5 03 0D 3B 42 33 33 33 17 63 37 33 33 33 33 33 C4 55
[2025-08-29 14:12:48.980] [DEBUG] 接收数据超时
[2025-08-29 14:12:48.980] [DEBUG] 组包成功，数据长度: 21 字节
[2025-08-29 14:12:48.980] [DEBUG] 发送数据: A5 60 9F A5 01 0D 3B 42 33 33 33 17 63 37 33 33 33 33 33 83 55
[2025-08-29 14:12:48.980] [DEBUG] 接收数据超时
[2025-08-29 14:12:48.984] [INFO] 结果: FAIL | 用时: 0.004s
[2025-08-29 14:12:48.984] [INFO] ==== 执行用例 #6276 ====
[2025-08-29 14:12:48.984] [INFO] 参数: {'screen_on': 1, 'brightness': 7, 'digital': 100, 'logo': 1, 'rim_state': 2, 'rdygo': 1, 'turn_left': 1, 'turn_right': 0, 'ring': 2} | 备注: nan
[2025-08-29 14:12:48.984] [DEBUG] 修改后的LED显示信息:
[2025-08-29 14:12:48.984] [INFO]   屏幕状态: 开
  亮度级别: 7
  数字显示: 100
  LOGO状态: 1 (0关, 1白, 2红)
  护盾状态: 2 (0关, 1白, 2绿)
  ReadyGo状态: 1 (0关, 1白, 2红)
  左转向灯: 1 (0关, 1白, 2橙)
  右转向灯: 0 (0关, 1白, 2橙)
  灯环状态: 2 (0关, 1蓝, 2红)
[2025-08-29 14:12:48.984] [DEBUG] 组包成功，数据长度: 21 字节
[2025-08-29 14:12:48.984] [DEBUG] 发送数据: A5 60 9F A5 03 0D 3B 42 33 33 33 17 5F 37 33 33 33 33 33 37 55
[2025-08-29 14:12:48.984] [DEBUG] 接收数据超时
[2025-08-29 14:12:48.984] [DEBUG] 组包成功，数据长度: 21 字节
[2025-08-29 14:12:48.984] [DEBUG] 发送数据: A5 60 9F A5 01 0D 3B 42 33 33 33 17 5F 37 33 33 33 33 33 70 55
[2025-08-29 14:12:48.984] [DEBUG] 接收数据超时
[2025-08-29 14:12:48.988] [INFO] 结果: FAIL | 用时: 0.004s
[2025-08-29 14:12:48.988] [INFO] 开始压力循环: 次数=1, 间隔=0.5s, 参数={'screen_on': 1, 'brightness': 5, 'digital': 0, 'logo': 0, 'rim_state': 2, 'rdygo': 2, 'turn_left': 0, 'turn_right': 0, 'ring': 2}
[2025-08-29 14:12:48.988] [DEBUG] 修改后的LED显示信息:
[2025-08-29 14:12:48.988] [INFO]   屏幕状态: 开
  亮度级别: 5
  数字显示: 0
  LOGO状态: 0 (0关, 1白, 2红)
  护盾状态: 2 (0关, 1白, 2绿)
  ReadyGo状态: 2 (0关, 1白, 2红)
  左转向灯: 0 (0关, 1白, 2橙)
  右转向灯: 0 (0关, 1白, 2橙)
  灯环状态: 2 (0关, 1蓝, 2红)
[2025-08-29 14:12:48.988] [DEBUG] 组包成功，数据长度: 21 字节
[2025-08-29 14:12:48.988] [DEBUG] 发送数据: A5 60 9F A5 03 0D 3B 3E 33 33 33 33 47 37 33 33 33 33 33 82 55
[2025-08-29 14:12:48.988] [DEBUG] 接收数据: A5 60 9F A5 83 55 33 93 7F 63 64 33 33 33 33 33 33 33 33 33 33 33 33 33 33 33 33 33 33 33 33 33 33 33 33 33 33 33 33 33 33 33 33 89 66 69 66 65 85 64 63 64 76 63 64 92 75 A7 63 65 33 33 33 34 33 37 33 36 33 33 33 3E 33 33 33 E5 DB 33 33 33 33 33 33 33 33 33 33 33 33 33 33 78 55 A5 60 9F A5 83 55 33 93 7F 63 64 33 33 33 33 33 33 33 33 33 33 33 33 33 33 33 33 33 33 33 33 33 33 33 33 33 33 33 33 33 33 33 33 89 66 69 66 65 85 64 63 64 76 63 64 92 75 A7 63 65 33 33 33 34 33 37 33 36 33 33 33 40 33 33 33 E5 5D 33 33 33 33 33 33 33 33 33 33 33 33 33 33 98 55 A5 60 9F A5 81 0D 3B 40 33 33 33 E5 5D 33 33 33 33 33 33 93 55 A5 60 9F A5 83 55 33 93 7F 63 64 33 33 33 33 33 33 33 33 33 33 33 33 33 33 33 33 33 33 33 33 33 33 33 33 33 33 33 33 33 33 33 33 89 66 69 66 65 85 64 63 64 76 63 64 92 75 A7 63 65 33 33 33 34 33 37 33 36 33 33 33 40 33 33 33 65 68 34 33 33 33 33 33 33 33 33 33 33 33 33 33 15 55 A5 60 9F A5 83 55 33 93 7F 63 64 33 33 33 33 33 33 33 33 33 33 33 33 33 33 33 33 33 33 33 33 33 33 33 33 33 33 33 33 33 33 33 33 89 66 69 66 65 85 64 63 64 76 63 64 92 75 A7 63 65 33 33 33 34 33 37 33 36 33 33 33 40 33 33 33 97 65 37 33 33 33 33 33 33 33 33 33 33 33 33 33 1B 55 A5 60 9F A5 83 55 33 93 7F 63 64 33 33 33 33 33 33 33 33 33 33 33 33 33 33 33 33 33 33 33 33 33 33 33 33 33 33 33 33 33 33 33 33 89 66 69 66 65 85 64 63 64 76 63 64 92 75 A7 63 65 33 33 33 34 33 37 33 36 33 33 33 40 33 33 33 17 43 37 33 33 33 33 33 33 33 33 33 33 33 33 33 CE 55 A5 60 9F A5 83 55 33 93 7F 63 64 33 33 33 33 33 33 33 33 33 33 33 33 33 33 33 33 33 33 33 33 33 33 33 33 33 33 33 33 33 33 33 33 89 66 69 66 65 85 64 63 64 76 63 64 92 75 A7 63 65 33 33 33 34 33 37 33 36 33 33 33 40 33 33 33 97 84 37 33 33 33 33 33 33 33 33 33 33 33 33 33 10 55 A5 60 9F A5 83 55 33 93 7F 63 64 33 33 33 33 33 33 33 33 33 33 33 33 33 33 33 33 33 33 33 33 33 33 33 33 33 33 33 33 33 33 33 33 89 66 69 66 65 85 64 63 64 76 63 64 92 75 A7 63 65 33 33 33 34 33 37 33 36 33 33 33 42 33 33 33 65 7B 37 33 33 33 33 33 33 33 33 33 33 33 33 33 7B 55 A5 60 9F A5 83 55 33 93 7F 63 64 33 33 33 33 33 33 33 33 33 33 33 33 33 33 33 33 33 33 33 33 33 33 33 33 33 33 33 33 33 33 33 33 89 66 69 66 65 85 64 63 64 76 63 64 92 75 A7 63 65 33 33 33 34 33 37 33 36 33 33 33 42 33 33 33 65 DD 35 33 33 33 33 33 33 33 33 33 33 33 33 33 40 55 A5 60 9F A5 83 55 33 93 7F 63 64 33 33 33 33 33 33 33 33 33 33 33 33 33 33 33 33 33 33 33 33 33 33 33 33 33 33 33 33 33 33 33 33 89 66 69 66 65 85 64 63 64 76 63 64 92 75 A7 63 65 33 33 33 34 33 37 33 36 33 33 33 42 33 33 33 E5 45 35 33 33 33 33 33 33 33 33 33 33 33 33 33 6C 55 A5 60 9F A5 83 55 33 93 7F 63 64 33 33 33 33 33 33 33 33 33 33 33 33 33 33 33 33 33 33 33 33 33 33 33 33 33 33 33 33 33 33 33 33 89 66 69 66 65 85 64 63 64 76 63 64 92 75 A7 63 65 33 33 33 34 33 37 33 36 33 33 33 42 33 33 33 65 BC 33 33 33 33 33 33 33 33 33 33 33 33 33 33 22 55 A5 60 9F A5 83 55 33 93 7F 63 64 33 33 33 33 33 33 33 33 33 33 33 33 33 33 33 33 33 33 33 33 33 33 33 33 33 33 33 33 33 33 33 33 89 66 69 66 65 85 64 63 64 76 63 64 92 75 A7 63 65 33 33 33 34 33 37 33 36 33 33 33 42 33 33 33 17 3B 38 33 33 33 33 33 33 33 33 33 33 33 33 33 7B 55 A5 60 9F A5 83 55 33 93 7F 63 64 33 33 33 33 33 33 33 33 33 33 33 33 33 33 33 33 33 33 33 33 33 33 33 33 33 33 33 33 33 33 33 33 89 66 69 66 65 85 64 63 64 76 63 64 92 75 A7 63 65 33 33 33 34 33 37 33 36 33 33 33 42 33 33 33 17 63 33 33 33 33 33 33 33 33 33 33 33 33 33 33 FC 55 A5 60 9F A5 83 55 33 93 7F 63 64 33 33 33 33 33 33 33 33 33 33 33 33 33 33 33 33 33 33 33 33 33 33 33 33 33 33 33 33 33 33 33 33 89 66 69 66 65 85 64 63 64 76 63 64 92 75 A7 63 65 33 33 33 34 33 37 33 36 33 33 33 42 33 33 33 17 63 37 33 33 33 33 33 33 33 33 33 33 33 33 33 63 55 A5 60 9F A5 83 55 33 93 7F 63 64 33 33 33 33 33 33 33 33 33 33 33 33 33 33 33 33 33 33 33 33 33
[2025-08-29 14:12:48.993] [DEBUG] 数据解析成功:
[2025-08-29 14:12:48.993] [INFO]   ID: 0x60
  命令: 0x83 (读)
  寄存器地址: 0x00
  寄存器数量: 0
[2025-08-29 14:12:48.993] [INFO] [循环 1/1] 发送 OK
[2025-08-29 14:12:49.495] [INFO] 已保存结果: reports\2025-08-29_14-12-44\results.csv
[2025-08-29 14:12:49.495] [INFO] 已生成报告: reports\2025-08-29_14-12-44\report.html
[2025-08-29 14:12:49.495] [DEBUG] 串口已关闭
[2025-08-29 14:12:49.495] [INFO] 程序结束
