[2025-08-26 19:56:49.370] [INFO] 初始化 BLE 协议通信...
[2025-08-26 19:56:49.557] [INFO] 加载用例 2 条 来自: testcases.xlsx
[2025-08-26 19:56:49.560] [INFO] ==== 执行用例 #1 ====
[2025-08-26 19:56:49.560] [INFO] 参数: {'screen_on': 1, 'brightness': 7, 'digital': 0, 'logo': 1, 'rim_state': 0, 'rdygo': 0, 'turn_left': 0, 'turn_right': 0, 'ring': 1} | 备注: 最小点亮测试
[2025-08-26 19:56:49.580] [DEBUG] 修改后的LED显示信息:
[2025-08-26 19:56:49.586] [INFO]   屏幕状态: 开
  亮度级别: 7
  数字显示: 0
  LOGO状态: 1 (0关, 1白, 2红)
  护盾状态: 0 (0关, 1白, 2绿)
  ReadyGo状态: 0 (0关, 1白, 2红)
  左转向灯: 0 (0关, 1白, 2橙)
  右转向灯: 0 (0关, 1白, 2橙)
  灯环状态: 1 (0关, 1蓝, 2红)
[2025-08-26 19:56:49.604] [DEBUG] 组包成功，数据长度: 21 字节
[2025-08-26 19:56:49.613] [DEBUG] 发送数据: A5 60 9F A5 03 0D 3B 42 33 33 33 B3 33 35 33 33 33 33 33 57 55
[2025-08-26 19:56:50.632] [DEBUG] 接收数据: A5 60 9F A5 83 55 33 93 7F 63 64 33 33 33 33 33 33 33 33 33 33 33 33 33 33 33 33 33 33 33 33 33 33 33 33 33 33 33 33 33 33 33 33 89 66 69 66 65 85 64 63 64 76 63 64 92 75 A7 63 65 33 33 33 33 33 37 33 37 33 33 33 42 33 33 33 B3 33 35 33 33 33 33 33 33 33 33 33 33 33 33 33 06 55
[2025-08-26 19:56:50.679] [DEBUG] 数据解析成功:
[2025-08-26 19:56:50.690] [INFO]   ID: 0x60
  命令: 0x83 (读)
  寄存器地址: 0x00
  寄存器数量: 0
[2025-08-26 19:56:50.708] [DEBUG] 组包成功，数据长度: 21 字节
[2025-08-26 19:56:50.724] [DEBUG] 发送数据: A5 60 9F A5 01 0D 3B 42 33 33 33 B3 33 35 33 33 33 33 33 10 55
[2025-08-26 19:56:51.752] [DEBUG] 接收数据: A5 60 9F A5 81 0D 3B 42 33 33 33 B3 33 35 33 33 33 33 33 27 55
[2025-08-26 19:56:51.790] [DEBUG] 数据解析成功:
[2025-08-26 19:56:51.809] [INFO]   ID: 0x60
  命令: 0x81 (读)
  寄存器地址: 0x08
  寄存器数量: 0
[2025-08-26 19:56:51.829] [INFO] 
全局变量中的LED显示信息已更新:
[2025-08-26 19:56:51.850] [INFO]   屏幕状态: 开
  亮度级别: 7
  数字显示: 0
  LOGO状态: 1 (0关, 1白, 2红)
  护盾状态: 0 (0关, 1白, 2绿)
  ReadyGo状态: 0 (0关, 1白, 2红)
  左转向灯: 0 (0关, 1白, 2橙)
  右转向灯: 0 (0关, 1白, 2橙)
  灯环状态: 1 (0关, 1蓝, 2红)
[2025-08-26 19:56:51.868] [INFO] 结果: PASS | 用时: 2.308s
[2025-08-26 19:56:51.876] [INFO] ==== 执行用例 #2 ====
[2025-08-26 19:56:51.891] [INFO] 参数: {'screen_on': 1, 'brightness': 3, 'digital': 0, 'logo': 1, 'rim_state': 1, 'rdygo': 1, 'turn_left': 1, 'turn_right': 0, 'ring': 1} | 备注: 最大点亮测试
[2025-08-26 19:56:51.925] [DEBUG] 修改后的LED显示信息:
[2025-08-26 19:56:51.934] [INFO]   屏幕状态: 开
  亮度级别: 3
  数字显示: 0
  LOGO状态: 1 (0关, 1白, 2红)
  护盾状态: 1 (0关, 1白, 2绿)
  ReadyGo状态: 1 (0关, 1白, 2红)
  左转向灯: 1 (0关, 1白, 2橙)
  右转向灯: 0 (0关, 1白, 2橙)
  灯环状态: 1 (0关, 1蓝, 2红)
[2025-08-26 19:56:51.952] [DEBUG] 组包成功，数据长度: 21 字节
[2025-08-26 19:56:51.962] [DEBUG] 发送数据: A5 60 9F A5 03 0D 3B 3A 33 33 33 B3 5D 35 33 33 33 33 33 F8 55
[2025-08-26 19:56:52.987] [DEBUG] 接收数据: A5 60 9F A5 83 55 33 93 7F 63 64 33 33 33 33 33 33 33 33 33 33 33 33 33 33 33 33 33 33 33 33 33 33 33 33 33 33 33 33 33 33 33 33 89 66 69 66 65 85 64 63 64 76 63 64 92 75 A7 63 65 33 33 33 33 33 37 33 38 33 33 33 3A 33 33 33 B3 5D 35 33 33 33 33 33 33 33 33 33 33 33 33 33 63 55
[2025-08-26 19:56:53.034] [DEBUG] 数据解析成功:
[2025-08-26 19:56:53.045] [INFO]   ID: 0x60
  命令: 0x83 (读)
  寄存器地址: 0x00
  寄存器数量: 0
[2025-08-26 19:56:53.064] [DEBUG] 组包成功，数据长度: 21 字节
[2025-08-26 19:56:53.073] [DEBUG] 发送数据: A5 60 9F A5 01 0D 3B 3A 33 33 33 B3 5D 35 33 33 33 33 33 BF 55
[2025-08-26 19:56:54.105] [DEBUG] 接收数据: A5 60 9F A5 81 0D 3B 3A 33 33 33 B3 5D 35 33 33 33 33 33 88 55
[2025-08-26 19:56:54.141] [DEBUG] 数据解析成功:
[2025-08-26 19:56:54.158] [INFO]   ID: 0x60
  命令: 0x81 (读)
  寄存器地址: 0x08
  寄存器数量: 0
[2025-08-26 19:56:54.179] [INFO] 
全局变量中的LED显示信息已更新:
[2025-08-26 19:56:54.198] [INFO]   屏幕状态: 开
  亮度级别: 3
  数字显示: 0
  LOGO状态: 1 (0关, 1白, 2红)
  护盾状态: 1 (0关, 1白, 2绿)
  ReadyGo状态: 1 (0关, 1白, 2红)
  左转向灯: 1 (0关, 1白, 2橙)
  右转向灯: 0 (0关, 1白, 2橙)
  灯环状态: 1 (0关, 1蓝, 2红)
[2025-08-26 19:56:54.216] [INFO] 结果: FAIL | 用时: 2.341s
[2025-08-26 19:56:54.223] [INFO] 开始压力循环: 次数=1, 间隔=0.5s, 参数={'screen_on': 1, 'brightness': 7, 'digital': 0, 'logo': 1, 'rim_state': 0, 'rdygo': 0, 'turn_left': 0, 'turn_right': 0, 'ring': 1}
[2025-08-26 19:56:54.250] [DEBUG] 修改后的LED显示信息:
[2025-08-26 19:56:54.260] [INFO]   屏幕状态: 开
  亮度级别: 7
  数字显示: 0
  LOGO状态: 1 (0关, 1白, 2红)
  护盾状态: 0 (0关, 1白, 2绿)
  ReadyGo状态: 0 (0关, 1白, 2红)
  左转向灯: 0 (0关, 1白, 2橙)
  右转向灯: 0 (0关, 1白, 2橙)
  灯环状态: 1 (0关, 1蓝, 2红)
[2025-08-26 19:56:54.276] [DEBUG] 组包成功，数据长度: 21 字节
[2025-08-26 19:56:54.282] [DEBUG] 发送数据: A5 60 9F A5 03 0D 3B 42 33 33 33 B3 33 35 33 33 33 33 33 57 55
[2025-08-26 19:56:55.305] [DEBUG] 接收数据: A5 60 9F A5 83 55 33 93 7F 63 64 33 33 33 33 33 33 33 33 33 33 33 33 33 33 33 33 33 33 33 33 33 33 33 33 33 33 33 33 33 33 33 33 89 66 69 66 65 85 64 63 64 76 63 64 92 75 A7 63 65 33 33 33 34 33 37 33 36 33 33 33 42 33 33 33 B3 33 35 33 33 33 33 33 33 33 33 33 33 33 33 33 92 55
[2025-08-26 19:56:55.351] [DEBUG] 数据解析成功:
[2025-08-26 19:56:55.365] [INFO]   ID: 0x60
  命令: 0x83 (读)
  寄存器地址: 0x00
  寄存器数量: 0
[2025-08-26 19:56:55.384] [INFO] [循环 1/1] 发送 OK
[2025-08-26 19:56:55.898] [INFO] 已保存结果: reports\2025-08-26_19-56-49\results.csv
[2025-08-26 19:56:55.979] [INFO] 已生成报告: reports\2025-08-26_19-56-49\report.html
[2025-08-26 19:56:56.010] [DEBUG] 串口已关闭
[2025-08-26 19:56:56.031] [INFO] 程序结束
