[2025-08-26 11:55:26.419] [INFO] 初始化 BLE 协议通信...
[2025-08-26 11:55:26.608] [INFO] 加载用例 2 条 来自: testcases.xlsx
[2025-08-26 11:55:26.610] [INFO] ==== 执行用例 #1 ====
[2025-08-26 11:55:26.613] [INFO] 参数: {'screen_on': 1, 'brightness': 7, 'digital': 0, 'logo': 1, 'rim_state': 0, 'rdygo': 0, 'turn_left': 0, 'turn_right': 0, 'ring': 1} | 备注: 最小点亮测试
[2025-08-26 11:55:26.632] [DEBUG] 修改后的LED显示信息:
[2025-08-26 11:55:26.640] [INFO]   屏幕状态: 开
  亮度级别: 7
  数字显示: 0
  LOGO状态: 1 (0关, 1白, 2红)
  护盾状态: 0 (0关, 1白, 2绿)
  ReadyGo状态: 0 (0关, 1白, 2红)
  左转向灯: 0 (0关, 1白, 2橙)
  右转向灯: 0 (0关, 1白, 2橙)
  灯环状态: 1 (0关, 1蓝, 2红)
[2025-08-26 11:55:26.653] [DEBUG] 组包成功，数据长度: 21 字节
[2025-08-26 11:55:26.661] [DEBUG] 发送数据: A5 60 9F A5 03 0D 3B 42 33 33 33 B3 33 35 33 33 33 33 33 57 55
[2025-08-26 11:55:27.685] [DEBUG] 接收数据: A5 60 9F A5 83 55 33 93 7F 63 64 33 33 33 33 33 33 33 33 33 33 33 33 33 33 33 33 33 33 33 33 33 33 33 33 33 33 33 33 33 33 33 33 89 66 69 66 65 85 64 63 64 76 63 64 92 75 A7 63 65 33 33 33 33 33 37 33 37 33 33 33 42 33 33 33 B3 33 35 33 33 33 33 33 33 33 33 33 33 33 33 33 06 55
[2025-08-26 11:55:27.767] [DEBUG] 数据解析成功:
[2025-08-26 11:55:27.778] [INFO]   ID: 0x60
  命令: 0x83 (读)
  寄存器地址: 0x00
  寄存器数量: 0
[2025-08-26 11:55:27.800] [DEBUG] 组包成功，数据长度: 21 字节
[2025-08-26 11:55:27.813] [DEBUG] 发送数据: A5 60 9F A5 01 0D 3B 42 33 33 33 B3 33 35 33 33 33 33 33 10 55
[2025-08-26 11:55:28.844] [DEBUG] 接收数据: A5 60 9F A5 81 0D 3B 42 33 33 33 B3 33 35 33 33 33 33 33 27 55
[2025-08-26 11:55:28.878] [DEBUG] 数据解析成功:
[2025-08-26 11:55:28.893] [INFO]   ID: 0x60
  命令: 0x81 (读)
  寄存器地址: 0x08
  寄存器数量: 0
[2025-08-26 11:55:28.914] [INFO] 
全局变量中的LED显示信息已更新:
[2025-08-26 11:55:28.934] [INFO]   屏幕状态: 开
  亮度级别: 7
  数字显示: 0
  LOGO状态: 1 (0关, 1白, 2红)
  护盾状态: 0 (0关, 1白, 2绿)
  ReadyGo状态: 0 (0关, 1白, 2红)
  左转向灯: 0 (0关, 1白, 2橙)
  右转向灯: 0 (0关, 1白, 2橙)
  灯环状态: 1 (0关, 1蓝, 2红)
[2025-08-26 11:55:28.955] [INFO] 结果: PASS | 用时: 2.344s
[2025-08-26 11:55:28.964] [INFO] ==== 执行用例 #2 ====
[2025-08-26 11:55:28.974] [INFO] 参数: {'screen_on': 1, 'brightness': 7, 'digital': 0, 'logo': 1, 'rim_state': 1, 'rdygo': 1, 'turn_left': 1, 'turn_right': 0, 'ring': 1} | 备注: 最大点亮测试
[2025-08-26 11:55:29.005] [DEBUG] 修改后的LED显示信息:
[2025-08-26 11:55:29.017] [INFO]   屏幕状态: 开
  亮度级别: 7
  数字显示: 0
  LOGO状态: 1 (0关, 1白, 2红)
  护盾状态: 1 (0关, 1白, 2绿)
  ReadyGo状态: 1 (0关, 1白, 2红)
  左转向灯: 1 (0关, 1白, 2橙)
  右转向灯: 0 (0关, 1白, 2橙)
  灯环状态: 1 (0关, 1蓝, 2红)
[2025-08-26 11:55:29.033] [DEBUG] 组包成功，数据长度: 21 字节
[2025-08-26 11:55:29.042] [DEBUG] 发送数据: A5 60 9F A5 03 0D 3B 42 33 33 33 B3 5D 35 33 33 33 33 33 7F 55
[2025-08-26 11:55:30.066] [DEBUG] 接收数据: A5 60 9F A5 83 55 33 93 7F 63 64 33 33 33 33 33 33 33 33 33 33 33 33 33 33 33 33 33 33 33 33 33 33 33 33 33 33 33 33 33 33 33 33 89 66 69 66 65 85 64 63 64 76 63 64 92 75 A7 63 65 33 33 33 33 33 37 33 37 33 33 33 42 33 33 33 B3 5D 35 33 33 33 33 33 33 33 33 33 33 33 33 33 DF 55
[2025-08-26 11:55:30.169] [DEBUG] 数据解析成功:
[2025-08-26 11:55:30.183] [INFO]   ID: 0x60
  命令: 0x83 (读)
  寄存器地址: 0x00
  寄存器数量: 0
[2025-08-26 11:55:30.203] [DEBUG] 组包成功，数据长度: 21 字节
[2025-08-26 11:55:30.215] [DEBUG] 发送数据: A5 60 9F A5 01 0D 3B 42 33 33 33 B3 5D 35 33 33 33 33 33 38 55
[2025-08-26 11:55:31.249] [DEBUG] 接收数据: A5 60 9F A5 81 0D 3B 42 33 33 33 B3 5D 35 33 33 33 33 33 0F 55
[2025-08-26 11:55:31.340] [DEBUG] 数据解析成功:
[2025-08-26 11:55:31.357] [INFO]   ID: 0x60
  命令: 0x81 (读)
  寄存器地址: 0x08
  寄存器数量: 0
[2025-08-26 11:55:31.378] [INFO] 
全局变量中的LED显示信息已更新:
[2025-08-26 11:55:31.400] [INFO]   屏幕状态: 开
  亮度级别: 7
  数字显示: 0
  LOGO状态: 1 (0关, 1白, 2红)
  护盾状态: 1 (0关, 1白, 2绿)
  ReadyGo状态: 1 (0关, 1白, 2红)
  左转向灯: 1 (0关, 1白, 2橙)
  右转向灯: 0 (0关, 1白, 2橙)
  灯环状态: 1 (0关, 1蓝, 2红)
[2025-08-26 11:55:31.415] [INFO] 结果: PASS | 用时: 2.451s
[2025-08-26 11:55:31.425] [INFO] 开始压力循环: 次数=1, 间隔=0.5s, 参数={'screen_on': 1, 'brightness': 7, 'digital': 0, 'logo': 1, 'rim_state': 0, 'rdygo': 0, 'turn_left': 0, 'turn_right': 0, 'ring': 1}
[2025-08-26 11:55:31.453] [DEBUG] 修改后的LED显示信息:
[2025-08-26 11:55:31.466] [INFO]   屏幕状态: 开
  亮度级别: 7
  数字显示: 0
  LOGO状态: 1 (0关, 1白, 2红)
  护盾状态: 0 (0关, 1白, 2绿)
  ReadyGo状态: 0 (0关, 1白, 2红)
  左转向灯: 0 (0关, 1白, 2橙)
  右转向灯: 0 (0关, 1白, 2橙)
  灯环状态: 1 (0关, 1蓝, 2红)
[2025-08-26 11:55:31.483] [DEBUG] 组包成功，数据长度: 21 字节
[2025-08-26 11:55:31.492] [DEBUG] 发送数据: A5 60 9F A5 03 0D 3B 42 33 33 33 B3 33 35 33 33 33 33 33 57 55
[2025-08-26 11:55:32.514] [DEBUG] 接收数据: A5 60 9F A5 83 55 33 93 7F 63 64 33 33 33 33 33 33 33 33 33 33 33 33 33 33 33 33 33 33 33 33 33 33 33 33 33 33 33 33 33 33 33 33 89 66 69 66 65 85 64 63 64 76 63 64 92 75 A7 63 65 33 33 33 33 33 37 33 37 33 33 33 42 33 33 33 B3 33 35 33 33 33 33 33 33 33 33 33 33 33 33 33 06 55
[2025-08-26 11:55:32.559] [DEBUG] 数据解析成功:
[2025-08-26 11:55:32.571] [INFO]   ID: 0x60
  命令: 0x83 (读)
  寄存器地址: 0x00
  寄存器数量: 0
[2025-08-26 11:55:32.592] [INFO] [循环 1/1] 发送 OK
[2025-08-26 11:55:33.108] [INFO] 已保存结果: reports\2025-08-26_11-55-26\results.csv
[2025-08-26 11:55:33.136] [INFO] 已生成报告: reports\2025-08-26_11-55-26\report.html
[2025-08-26 11:55:33.169] [DEBUG] 串口已关闭
[2025-08-26 11:55:33.185] [INFO] 程序结束
