[2025-09-09 20:10:25.926] [INFO] 初始化 BLE 协议通信...
[2025-09-09 20:10:26.118] [INFO] 加载用例 29 条 来自: testcases.xlsx
[2025-09-09 20:10:26.153] [INFO] ==== 执行用例 #3000 ====
[2025-09-09 20:10:26.157] [INFO] 参数: {'screen_on': 1, 'brightness': 1, 'digital': 50, 'logo': 0, 'rim_state': 1, 'rdygo': 0, 'turn_left': 0, 'turn_right': 0, 'ring': 2} | 备注: nan
[2025-09-09 20:10:26.177] [DEBUG] 修改后的LED显示信息:
[2025-09-09 20:10:26.185] [INFO]   屏幕状态: 开
  亮度级别: 1
  数字显示: 50
  LOGO状态: 0 (0关, 1白, 2红)
  护盾状态: 1 (0关, 1白, 2绿)
  ReadyGo状态: 0 (0关, 1白, 2红)
  左转向灯: 0 (0关, 1白, 2橙)
  右转向灯: 0 (0关, 1白, 2橙)
  灯环状态: 2 (0关, 1蓝, 2红)
[2025-09-09 20:10:26.199] [DEBUG] 组包成功，数据长度: 21 字节
[2025-09-09 20:10:26.207] [DEBUG] 发送数据: A5 60 9F A5 03 0D 3B 36 33 33 33 65 35 37 33 33 33 33 33 6A 55
[2025-09-09 20:10:26.228] [DEBUG] 接收数据超时
[2025-09-09 20:10:26.235] [DEBUG] 组包成功，数据长度: 21 字节
[2025-09-09 20:10:26.243] [DEBUG] 发送数据: A5 60 9F A5 01 0D 3B 36 33 33 33 65 35 37 33 33 33 33 33 2D 55
[2025-09-09 20:10:26.264] [DEBUG] 接收数据超时
[2025-09-09 20:10:26.273] [INFO] 结果: FAIL | 用时: 0.119s
[2025-09-09 20:10:26.281] [INFO] ==== 执行用例 #5106 ====
[2025-09-09 20:10:26.289] [INFO] 参数: {'screen_on': 1, 'brightness': 2, 'digital': 50, 'logo': 0, 'rim_state': 0, 'rdygo': 0, 'turn_left': 0, 'turn_right': 0, 'ring': 2} | 备注: nan
[2025-09-09 20:10:26.326] [DEBUG] 修改后的LED显示信息:
[2025-09-09 20:10:26.343] [INFO]   屏幕状态: 开
  亮度级别: 2
  数字显示: 50
  LOGO状态: 0 (0关, 1白, 2红)
  护盾状态: 0 (0关, 1白, 2绿)
  ReadyGo状态: 0 (0关, 1白, 2红)
  左转向灯: 0 (0关, 1白, 2橙)
  右转向灯: 0 (0关, 1白, 2橙)
  灯环状态: 2 (0关, 1蓝, 2红)
[2025-09-09 20:10:26.368] [DEBUG] 组包成功，数据长度: 21 字节
[2025-09-09 20:10:26.384] [DEBUG] 发送数据: A5 60 9F A5 03 0D 3B 38 33 33 33 65 33 37 33 33 33 33 33 FC 55
[2025-09-09 20:10:26.408] [DEBUG] 接收数据超时
[2025-09-09 20:10:26.419] [DEBUG] 组包成功，数据长度: 21 字节
[2025-09-09 20:10:26.431] [DEBUG] 发送数据: A5 60 9F A5 01 0D 3B 38 33 33 33 65 33 37 33 33 33 33 33 BB 55
[2025-09-09 20:10:26.452] [DEBUG] 接收数据超时
[2025-09-09 20:10:26.460] [INFO] 结果: FAIL | 用时: 0.180s
[2025-09-09 20:10:26.469] [INFO] ==== 执行用例 #6739 ====
[2025-09-09 20:10:26.482] [INFO] 参数: {'screen_on': 1, 'brightness': 3, 'digital': 0, 'logo': 0, 'rim_state': 2, 'rdygo': 0, 'turn_left': 1, 'turn_right': 2, 'ring': 0} | 备注: nan
[2025-09-09 20:10:26.512] [DEBUG] 修改后的LED显示信息:
[2025-09-09 20:10:26.525] [INFO]   屏幕状态: 开
  亮度级别: 3
  数字显示: 0
  LOGO状态: 0 (0关, 1白, 2红)
  护盾状态: 2 (0关, 1白, 2绿)
  ReadyGo状态: 0 (0关, 1白, 2红)
  左转向灯: 1 (0关, 1白, 2橙)
  右转向灯: 2 (0关, 1白, 2橙)
  灯环状态: 0 (0关, 1蓝, 2红)
[2025-09-09 20:10:26.542] [DEBUG] 组包成功，数据长度: 21 字节
[2025-09-09 20:10:26.557] [DEBUG] 发送数据: A5 60 9F A5 03 0D 3B 3A 33 33 33 33 57 34 33 33 33 33 33 E2 55
[2025-09-09 20:10:26.579] [DEBUG] 接收数据超时
[2025-09-09 20:10:26.592] [DEBUG] 组包成功，数据长度: 21 字节
[2025-09-09 20:10:26.601] [DEBUG] 发送数据: A5 60 9F A5 01 0D 3B 3A 33 33 33 33 57 34 33 33 33 33 33 A5 55
[2025-09-09 20:10:26.624] [DEBUG] 接收数据超时
[2025-09-09 20:10:26.634] [INFO] 结果: FAIL | 用时: 0.165s
[2025-09-09 20:10:26.642] [INFO] ==== 执行用例 #6924 ====
[2025-09-09 20:10:26.655] [INFO] 参数: {'screen_on': 1, 'brightness': 3, 'digital': 0, 'logo': 1, 'rim_state': 1, 'rdygo': 1, 'turn_left': 1, 'turn_right': 0, 'ring': 2} | 备注: nan
[2025-09-09 20:10:26.688] [DEBUG] 修改后的LED显示信息:
[2025-09-09 20:10:26.701] [INFO]   屏幕状态: 开
  亮度级别: 3
  数字显示: 0
  LOGO状态: 1 (0关, 1白, 2红)
  护盾状态: 1 (0关, 1白, 2绿)
  ReadyGo状态: 1 (0关, 1白, 2红)
  左转向灯: 1 (0关, 1白, 2橙)
  右转向灯: 0 (0关, 1白, 2橙)
  灯环状态: 2 (0关, 1蓝, 2红)
[2025-09-09 20:10:26.718] [DEBUG] 组包成功，数据长度: 21 字节
[2025-09-09 20:10:26.735] [DEBUG] 发送数据: A5 60 9F A5 03 0D 3B 3A 33 33 33 B3 5D 37 33 33 33 33 33 5C 55
[2025-09-09 20:10:26.761] [DEBUG] 接收数据超时
[2025-09-09 20:10:26.773] [DEBUG] 组包成功，数据长度: 21 字节
[2025-09-09 20:10:26.784] [DEBUG] 发送数据: A5 60 9F A5 01 0D 3B 3A 33 33 33 B3 5D 37 33 33 33 33 33 1B 55
[2025-09-09 20:10:26.806] [DEBUG] 接收数据超时
[2025-09-09 20:10:26.815] [INFO] 结果: FAIL | 用时: 0.172s
[2025-09-09 20:10:26.827] [INFO] ==== 执行用例 #7347 ====
[2025-09-09 20:10:26.839] [INFO] 参数: {'screen_on': 1, 'brightness': 3, 'digital': 50, 'logo': 0, 'rim_state': 0, 'rdygo': 2, 'turn_left': 0, 'turn_right': 0, 'ring': 2} | 备注: nan
[2025-09-09 20:10:26.870] [DEBUG] 修改后的LED显示信息:
[2025-09-09 20:10:26.886] [INFO]   屏幕状态: 开
  亮度级别: 3
  数字显示: 50
  LOGO状态: 0 (0关, 1白, 2红)
  护盾状态: 0 (0关, 1白, 2绿)
  ReadyGo状态: 2 (0关, 1白, 2红)
  左转向灯: 0 (0关, 1白, 2橙)
  右转向灯: 0 (0关, 1白, 2橙)
  灯环状态: 2 (0关, 1蓝, 2红)
[2025-09-09 20:10:26.904] [DEBUG] 组包成功，数据长度: 21 字节
[2025-09-09 20:10:26.916] [DEBUG] 发送数据: A5 60 9F A5 03 0D 3B 3A 33 33 33 65 43 37 33 33 33 33 33 4C 55
[2025-09-09 20:10:26.941] [DEBUG] 接收数据超时
[2025-09-09 20:10:26.950] [DEBUG] 组包成功，数据长度: 21 字节
[2025-09-09 20:10:26.962] [DEBUG] 发送数据: A5 60 9F A5 01 0D 3B 3A 33 33 33 65 43 37 33 33 33 33 33 0B 55
[2025-09-09 20:10:26.987] [DEBUG] 接收数据超时
[2025-09-09 20:10:27.000] [INFO] 结果: FAIL | 用时: 0.173s
[2025-09-09 20:10:27.008] [INFO] ==== 执行用例 #7548 ====
[2025-09-09 20:10:27.017] [INFO] 参数: {'screen_on': 1, 'brightness': 3, 'digital': 50, 'logo': 1, 'rim_state': 0, 'rdygo': 0, 'turn_left': 1, 'turn_right': 1, 'ring': 2} | 备注: nan
[2025-09-09 20:10:27.050] [DEBUG] 修改后的LED显示信息:
[2025-09-09 20:10:27.065] [INFO]   屏幕状态: 开
  亮度级别: 3
  数字显示: 50
  LOGO状态: 1 (0关, 1白, 2红)
  护盾状态: 0 (0关, 1白, 2绿)
  ReadyGo状态: 0 (0关, 1白, 2红)
  左转向灯: 1 (0关, 1白, 2橙)
  右转向灯: 1 (0关, 1白, 2橙)
  灯环状态: 2 (0关, 1蓝, 2红)
[2025-09-09 20:10:27.085] [DEBUG] 组包成功，数据长度: 21 字节
[2025-09-09 20:10:27.094] [DEBUG] 发送数据: A5 60 9F A5 03 0D 3B 3A 33 33 33 E5 D3 37 33 33 33 33 33 C8 55
[2025-09-09 20:10:27.120] [DEBUG] 接收数据超时
[2025-09-09 20:10:27.132] [DEBUG] 组包成功，数据长度: 21 字节
[2025-09-09 20:10:27.142] [DEBUG] 发送数据: A5 60 9F A5 01 0D 3B 3A 33 33 33 E5 D3 37 33 33 33 33 33 8F 55
[2025-09-09 20:10:27.167] [DEBUG] 接收数据超时
[2025-09-09 20:10:27.176] [INFO] 结果: FAIL | 用时: 0.169s
[2025-09-09 20:10:27.186] [INFO] ==== 执行用例 #7975 ====
[2025-09-09 20:10:27.197] [INFO] 参数: {'screen_on': 1, 'brightness': 3, 'digital': 50, 'logo': 2, 'rim_state': 2, 'rdygo': 1, 'turn_left': 1, 'turn_right': 0, 'ring': 0} | 备注: nan
[2025-09-09 20:10:27.228] [DEBUG] 修改后的LED显示信息:
[2025-09-09 20:10:27.245] [INFO]   屏幕状态: 开
  亮度级别: 3
  数字显示: 50
  LOGO状态: 2 (0关, 1白, 2红)
  护盾状态: 2 (0关, 1白, 2绿)
  ReadyGo状态: 1 (0关, 1白, 2红)
  左转向灯: 1 (0关, 1白, 2橙)
  右转向灯: 0 (0关, 1白, 2橙)
  灯环状态: 0 (0关, 1蓝, 2红)
[2025-09-09 20:10:27.262] [DEBUG] 组包成功，数据长度: 21 字节
[2025-09-09 20:10:27.274] [DEBUG] 发送数据: A5 60 9F A5 03 0D 3B 3A 33 33 33 65 60 33 33 33 33 33 33 D7 55
[2025-09-09 20:10:27.298] [DEBUG] 接收数据超时
[2025-09-09 20:10:27.309] [DEBUG] 组包成功，数据长度: 21 字节
[2025-09-09 20:10:27.317] [DEBUG] 发送数据: A5 60 9F A5 01 0D 3B 3A 33 33 33 65 60 33 33 33 33 33 33 90 55
[2025-09-09 20:10:27.342] [DEBUG] 接收数据超时
[2025-09-09 20:10:27.351] [INFO] 结果: FAIL | 用时: 0.165s
[2025-09-09 20:10:27.359] [INFO] ==== 执行用例 #8146 ====
[2025-09-09 20:10:27.369] [INFO] 参数: {'screen_on': 1, 'brightness': 3, 'digital': 100, 'logo': 0, 'rim_state': 1, 'rdygo': 1, 'turn_left': 2, 'turn_right': 0, 'ring': 0} | 备注: nan
[2025-09-09 20:10:27.401] [DEBUG] 修改后的LED显示信息:
[2025-09-09 20:10:27.414] [INFO]   屏幕状态: 开
  亮度级别: 3
  数字显示: 100
  LOGO状态: 0 (0关, 1白, 2红)
  护盾状态: 1 (0关, 1白, 2绿)
  ReadyGo状态: 1 (0关, 1白, 2红)
  左转向灯: 2 (0关, 1白, 2橙)
  右转向灯: 0 (0关, 1白, 2橙)
  灯环状态: 0 (0关, 1蓝, 2红)
[2025-09-09 20:10:27.430] [DEBUG] 组包成功，数据长度: 21 字节
[2025-09-09 20:10:27.442] [DEBUG] 发送数据: A5 60 9F A5 03 0D 3B 3A 33 33 33 97 7D 33 33 33 33 33 33 04 55
[2025-09-09 20:10:27.467] [DEBUG] 接收数据超时
[2025-09-09 20:10:27.476] [DEBUG] 组包成功，数据长度: 21 字节
[2025-09-09 20:10:27.489] [DEBUG] 发送数据: A5 60 9F A5 01 0D 3B 3A 33 33 33 97 7D 33 33 33 33 33 33 43 55
[2025-09-09 20:10:27.511] [DEBUG] 接收数据超时
[2025-09-09 20:10:27.520] [INFO] 结果: FAIL | 用时: 0.161s
[2025-09-09 20:10:27.527] [INFO] ==== 执行用例 #9520 ====
[2025-09-09 20:10:27.540] [INFO] 参数: {'screen_on': 1, 'brightness': 4, 'digital': 50, 'logo': 0, 'rim_state': 0, 'rdygo': 1, 'turn_left': 1, 'turn_right': 2, 'ring': 0} | 备注: nan
[2025-09-09 20:10:27.573] [DEBUG] 修改后的LED显示信息:
[2025-09-09 20:10:27.582] [INFO]   屏幕状态: 开
  亮度级别: 4
  数字显示: 50
  LOGO状态: 0 (0关, 1白, 2红)
  护盾状态: 0 (0关, 1白, 2绿)
  ReadyGo状态: 1 (0关, 1白, 2红)
  左转向灯: 1 (0关, 1白, 2橙)
  右转向灯: 2 (0关, 1白, 2橙)
  灯环状态: 0 (0关, 1蓝, 2红)
[2025-09-09 20:10:27.603] [DEBUG] 组包成功，数据长度: 21 字节
[2025-09-09 20:10:27.615] [DEBUG] 发送数据: A5 60 9F A5 03 0D 3B 3C 33 33 33 65 5B 34 33 33 33 33 33 67 55
[2025-09-09 20:10:27.637] [DEBUG] 接收数据超时
[2025-09-09 20:10:27.648] [DEBUG] 组包成功，数据长度: 21 字节
[2025-09-09 20:10:27.659] [DEBUG] 发送数据: A5 60 9F A5 01 0D 3B 3C 33 33 33 65 5B 34 33 33 33 33 33 20 55
[2025-09-09 20:10:27.680] [DEBUG] 接收数据超时
[2025-09-09 20:10:27.691] [INFO] 结果: FAIL | 用时: 0.164s
[2025-09-09 20:10:27.700] [INFO] ==== 执行用例 #9922 ====
[2025-09-09 20:10:27.710] [INFO] 参数: {'screen_on': 1, 'brightness': 4, 'digital': 50, 'logo': 1, 'rim_state': 2, 'rdygo': 1, 'turn_left': 1, 'turn_right': 1, 'ring': 0} | 备注: nan
[2025-09-09 20:10:27.742] [DEBUG] 修改后的LED显示信息:
[2025-09-09 20:10:27.754] [INFO]   屏幕状态: 开
  亮度级别: 4
  数字显示: 50
  LOGO状态: 1 (0关, 1白, 2红)
  护盾状态: 2 (0关, 1白, 2绿)
  ReadyGo状态: 1 (0关, 1白, 2红)
  左转向灯: 1 (0关, 1白, 2橙)
  右转向灯: 1 (0关, 1白, 2橙)
  灯环状态: 0 (0关, 1蓝, 2红)
[2025-09-09 20:10:27.775] [DEBUG] 组包成功，数据长度: 21 字节
[2025-09-09 20:10:27.785] [DEBUG] 发送数据: A5 60 9F A5 03 0D 3B 3C 33 33 33 E5 DF 33 33 33 33 33 33 1A 55
[2025-09-09 20:10:27.808] [DEBUG] 接收数据超时
[2025-09-09 20:10:27.821] [DEBUG] 组包成功，数据长度: 21 字节
[2025-09-09 20:10:27.829] [DEBUG] 发送数据: A5 60 9F A5 01 0D 3B 3C 33 33 33 E5 DF 33 33 33 33 33 33 5D 55
[2025-09-09 20:10:27.851] [DEBUG] 接收数据超时
[2025-09-09 20:10:27.860] [INFO] 结果: FAIL | 用时: 0.160s
[2025-09-09 20:10:27.873] [INFO] ==== 执行用例 #10023 ====
[2025-09-09 20:10:27.881] [INFO] 参数: {'screen_on': 1, 'brightness': 4, 'digital': 50, 'logo': 2, 'rim_state': 0, 'rdygo': 2, 'turn_left': 0, 'turn_right': 1, 'ring': 2} | 备注: nan
[2025-09-09 20:10:27.916] [DEBUG] 修改后的LED显示信息:
[2025-09-09 20:10:27.928] [INFO]   屏幕状态: 开
  亮度级别: 4
  数字显示: 50
  LOGO状态: 2 (0关, 1白, 2红)
  护盾状态: 0 (0关, 1白, 2绿)
  ReadyGo状态: 2 (0关, 1白, 2红)
  左转向灯: 0 (0关, 1白, 2橙)
  右转向灯: 1 (0关, 1白, 2橙)
  灯环状态: 2 (0关, 1蓝, 2红)
[2025-09-09 20:10:27.948] [DEBUG] 组包成功，数据长度: 21 字节
[2025-09-09 20:10:27.960] [DEBUG] 发送数据: A5 60 9F A5 03 0D 3B 3C 33 33 33 65 C4 37 33 33 33 33 33 85 55
[2025-09-09 20:10:27.985] [DEBUG] 接收数据超时
[2025-09-09 20:10:27.997] [DEBUG] 组包成功，数据长度: 21 字节
[2025-09-09 20:10:28.009] [DEBUG] 发送数据: A5 60 9F A5 01 0D 3B 3C 33 33 33 65 C4 37 33 33 33 33 33 C2 55
[2025-09-09 20:10:28.030] [DEBUG] 接收数据超时
[2025-09-09 20:10:28.040] [INFO] 结果: FAIL | 用时: 0.167s
[2025-09-09 20:10:28.049] [INFO] ==== 执行用例 #10068 ====
[2025-09-09 20:10:28.059] [INFO] 参数: {'screen_on': 1, 'brightness': 4, 'digital': 50, 'logo': 2, 'rim_state': 1, 'rdygo': 0, 'turn_left': 2, 'turn_right': 1, 'ring': 2} | 备注: nan
[2025-09-09 20:10:28.093] [DEBUG] 修改后的LED显示信息:
[2025-09-09 20:10:28.106] [INFO]   屏幕状态: 开
  亮度级别: 4
  数字显示: 50
  LOGO状态: 2 (0关, 1白, 2红)
  护盾状态: 1 (0关, 1白, 2绿)
  ReadyGo状态: 0 (0关, 1白, 2红)
  左转向灯: 2 (0关, 1白, 2橙)
  右转向灯: 1 (0关, 1白, 2橙)
  灯环状态: 2 (0关, 1蓝, 2红)
[2025-09-09 20:10:28.123] [DEBUG] 组包成功，数据长度: 21 字节
[2025-09-09 20:10:28.135] [DEBUG] 发送数据: A5 60 9F A5 03 0D 3B 3C 33 33 33 65 F6 37 33 33 33 33 33 C9 55
[2025-09-09 20:10:28.160] [DEBUG] 接收数据超时
[2025-09-09 20:10:28.169] [DEBUG] 组包成功，数据长度: 21 字节
[2025-09-09 20:10:28.180] [DEBUG] 发送数据: A5 60 9F A5 01 0D 3B 3C 33 33 33 65 F6 37 33 33 33 33 33 8E 55
[2025-09-09 20:10:28.199] [DEBUG] 接收数据超时
[2025-09-09 20:10:28.208] [INFO] 结果: FAIL | 用时: 0.159s
[2025-09-09 20:10:28.220] [INFO] ==== 执行用例 #10282 ====
[2025-09-09 20:10:28.229] [INFO] 参数: {'screen_on': 1, 'brightness': 4, 'digital': 100, 'logo': 0, 'rim_state': 0, 'rdygo': 2, 'turn_left': 2, 'turn_right': 1, 'ring': 0} | 备注: nan
[2025-09-09 20:10:28.262] [DEBUG] 修改后的LED显示信息:
[2025-09-09 20:10:28.274] [INFO]   屏幕状态: 开
  亮度级别: 4
  数字显示: 100
  LOGO状态: 0 (0关, 1白, 2红)
  护盾状态: 0 (0关, 1白, 2绿)
  ReadyGo状态: 2 (0关, 1白, 2红)
  左转向灯: 2 (0关, 1白, 2橙)
  右转向灯: 1 (0关, 1白, 2橙)
  灯环状态: 0 (0关, 1蓝, 2红)
[2025-09-09 20:10:28.293] [DEBUG] 组包成功，数据长度: 21 字节
[2025-09-09 20:10:28.303] [DEBUG] 发送数据: A5 60 9F A5 03 0D 3B 3C 33 33 33 97 03 33 33 33 33 33 33 D5 55
[2025-09-09 20:10:28.330] [DEBUG] 接收数据超时
[2025-09-09 20:10:28.342] [DEBUG] 组包成功，数据长度: 21 字节
[2025-09-09 20:10:28.355] [DEBUG] 发送数据: A5 60 9F A5 01 0D 3B 3C 33 33 33 97 03 33 33 33 33 33 33 92 55
[2025-09-09 20:10:28.376] [DEBUG] 接收数据超时
[2025-09-09 20:10:28.388] [INFO] 结果: FAIL | 用时: 0.168s
[2025-09-09 20:10:28.401] [INFO] ==== 执行用例 #10509 ====
[2025-09-09 20:10:28.414] [INFO] 参数: {'screen_on': 1, 'brightness': 4, 'digital': 100, 'logo': 1, 'rim_state': 0, 'rdygo': 2, 'turn_left': 0, 'turn_right': 1, 'ring': 2} | 备注: nan
[2025-09-09 20:10:28.444] [DEBUG] 修改后的LED显示信息:
[2025-09-09 20:10:28.460] [INFO]   屏幕状态: 开
  亮度级别: 4
  数字显示: 100
  LOGO状态: 1 (0关, 1白, 2红)
  护盾状态: 0 (0关, 1白, 2绿)
  ReadyGo状态: 2 (0关, 1白, 2红)
  左转向灯: 0 (0关, 1白, 2橙)
  右转向灯: 1 (0关, 1白, 2橙)
  灯环状态: 2 (0关, 1蓝, 2红)
[2025-09-09 20:10:28.481] [DEBUG] 组包成功，数据长度: 21 字节
[2025-09-09 20:10:28.493] [DEBUG] 发送数据: A5 60 9F A5 03 0D 3B 3C 33 33 33 17 C3 37 33 33 33 33 33 56 55
[2025-09-09 20:10:28.517] [DEBUG] 接收数据超时
[2025-09-09 20:10:28.529] [DEBUG] 组包成功，数据长度: 21 字节
[2025-09-09 20:10:28.538] [DEBUG] 发送数据: A5 60 9F A5 01 0D 3B 3C 33 33 33 17 C3 37 33 33 33 33 33 11 55
[2025-09-09 20:10:28.559] [DEBUG] 接收数据超时
[2025-09-09 20:10:28.567] [INFO] 结果: FAIL | 用时: 0.166s
[2025-09-09 20:10:28.581] [INFO] ==== 执行用例 #11108 ====
[2025-09-09 20:10:28.589] [INFO] 参数: {'screen_on': 1, 'brightness': 5, 'digital': 0, 'logo': 0, 'rim_state': 2, 'rdygo': 0, 'turn_left': 1, 'turn_right': 0, 'ring': 1} | 备注: nan
[2025-09-09 20:10:28.622] [DEBUG] 修改后的LED显示信息:
[2025-09-09 20:10:28.631] [INFO]   屏幕状态: 开
  亮度级别: 5
  数字显示: 0
  LOGO状态: 0 (0关, 1白, 2红)
  护盾状态: 2 (0关, 1白, 2绿)
  ReadyGo状态: 0 (0关, 1白, 2红)
  左转向灯: 1 (0关, 1白, 2橙)
  右转向灯: 0 (0关, 1白, 2橙)
  灯环状态: 1 (0关, 1蓝, 2红)
[2025-09-09 20:10:28.653] [DEBUG] 组包成功，数据长度: 21 字节
[2025-09-09 20:10:28.664] [DEBUG] 发送数据: A5 60 9F A5 03 0D 3B 3E 33 33 33 33 57 35 33 33 33 33 33 6E 55
[2025-09-09 20:10:28.689] [DEBUG] 接收数据超时
[2025-09-09 20:10:28.698] [DEBUG] 组包成功，数据长度: 21 字节
[2025-09-09 20:10:28.711] [DEBUG] 发送数据: A5 60 9F A5 01 0D 3B 3E 33 33 33 33 57 35 33 33 33 33 33 29 55
[2025-09-09 20:10:28.734] [DEBUG] 接收数据超时
[2025-09-09 20:10:28.743] [INFO] 结果: FAIL | 用时: 0.162s
[2025-09-09 20:10:28.751] [INFO] ==== 执行用例 #11309 ====
[2025-09-09 20:10:28.764] [INFO] 参数: {'screen_on': 1, 'brightness': 5, 'digital': 0, 'logo': 1, 'rim_state': 1, 'rdygo': 1, 'turn_left': 2, 'turn_right': 1, 'ring': 1} | 备注: nan
[2025-09-09 20:10:28.794] [DEBUG] 修改后的LED显示信息:
[2025-09-09 20:10:28.809] [INFO]   屏幕状态: 开
  亮度级别: 5
  数字显示: 0
  LOGO状态: 1 (0关, 1白, 2红)
  护盾状态: 1 (0关, 1白, 2绿)
  ReadyGo状态: 1 (0关, 1白, 2红)
  左转向灯: 2 (0关, 1白, 2橙)
  右转向灯: 1 (0关, 1白, 2橙)
  灯环状态: 1 (0关, 1蓝, 2红)
[2025-09-09 20:10:28.827] [DEBUG] 组包成功，数据长度: 21 字节
[2025-09-09 20:10:28.840] [DEBUG] 发送数据: A5 60 9F A5 03 0D 3B 3E 33 33 33 B3 FD 35 33 33 33 33 33 82 55
[2025-09-09 20:10:28.865] [DEBUG] 接收数据超时
[2025-09-09 20:10:28.873] [DEBUG] 组包成功，数据长度: 21 字节
[2025-09-09 20:10:28.888] [DEBUG] 发送数据: A5 60 9F A5 01 0D 3B 3E 33 33 33 B3 FD 35 33 33 33 33 33 C5 55
[2025-09-09 20:10:28.910] [DEBUG] 接收数据超时
[2025-09-09 20:10:28.919] [INFO] 结果: FAIL | 用时: 0.168s
[2025-09-09 20:10:28.928] [INFO] ==== 执行用例 #11460 ====
[2025-09-09 20:10:28.936] [INFO] 参数: {'screen_on': 1, 'brightness': 5, 'digital': 0, 'logo': 2, 'rim_state': 0, 'rdygo': 1, 'turn_left': 1, 'turn_right': 0, 'ring': 2} | 备注: nan
[2025-09-09 20:10:28.970] [DEBUG] 修改后的LED显示信息:
[2025-09-09 20:10:28.984] [INFO]   屏幕状态: 开
  亮度级别: 5
  数字显示: 0
  LOGO状态: 2 (0关, 1白, 2红)
  护盾状态: 0 (0关, 1白, 2绿)
  ReadyGo状态: 1 (0关, 1白, 2红)
  左转向灯: 1 (0关, 1白, 2橙)
  右转向灯: 0 (0关, 1白, 2橙)
  灯环状态: 2 (0关, 1蓝, 2红)
[2025-09-09 20:10:29.002] [DEBUG] 组包成功，数据长度: 21 字节
[2025-09-09 20:10:29.017] [DEBUG] 发送数据: A5 60 9F A5 03 0D 3B 3E 33 33 33 33 5C 37 33 33 33 33 33 AD 55
[2025-09-09 20:10:29.041] [DEBUG] 接收数据超时
[2025-09-09 20:10:29.051] [DEBUG] 组包成功，数据长度: 21 字节
[2025-09-09 20:10:29.063] [DEBUG] 发送数据: A5 60 9F A5 01 0D 3B 3E 33 33 33 33 5C 37 33 33 33 33 33 EA 55
[2025-09-09 20:10:29.084] [DEBUG] 接收数据超时
[2025-09-09 20:10:29.093] [INFO] 结果: FAIL | 用时: 0.165s
[2025-09-09 20:10:29.102] [INFO] ==== 执行用例 #12960 ====
[2025-09-09 20:10:29.111] [INFO] 参数: {'screen_on': 1, 'brightness': 5, 'digital': 100, 'logo': 2, 'rim_state': 0, 'rdygo': 2, 'turn_left': 2, 'turn_right': 2, 'ring': 2} | 备注: nan
[2025-09-09 20:10:29.145] [DEBUG] 修改后的LED显示信息:
[2025-09-09 20:10:29.155] [INFO]   屏幕状态: 开
  亮度级别: 5
  数字显示: 100
  LOGO状态: 2 (0关, 1白, 2红)
  护盾状态: 0 (0关, 1白, 2绿)
  ReadyGo状态: 2 (0关, 1白, 2红)
  左转向灯: 2 (0关, 1白, 2橙)
  右转向灯: 2 (0关, 1白, 2橙)
  灯环状态: 2 (0关, 1蓝, 2红)
[2025-09-09 20:10:29.176] [DEBUG] 组包成功，数据长度: 21 字节
[2025-09-09 20:10:29.188] [DEBUG] 发送数据: A5 60 9F A5 03 0D 3B 3E 33 33 33 97 84 38 33 33 33 33 33 9E 55
[2025-09-09 20:10:29.210] [DEBUG] 接收数据超时
[2025-09-09 20:10:29.224] [DEBUG] 组包成功，数据长度: 21 字节
[2025-09-09 20:10:29.236] [DEBUG] 发送数据: A5 60 9F A5 01 0D 3B 3E 33 33 33 97 84 38 33 33 33 33 33 D9 55
[2025-09-09 20:10:29.258] [DEBUG] 接收数据超时
[2025-09-09 20:10:29.265] [INFO] 结果: FAIL | 用时: 0.164s
[2025-09-09 20:10:29.278] [INFO] ==== 执行用例 #13191 ====
[2025-09-09 20:10:29.290] [INFO] 参数: {'screen_on': 1, 'brightness': 6, 'digital': 0, 'logo': 0, 'rim_state': 0, 'rdygo': 2, 'turn_left': 1, 'turn_right': 1, 'ring': 2} | 备注: nan
[2025-09-09 20:10:29.322] [DEBUG] 修改后的LED显示信息:
[2025-09-09 20:10:29.335] [INFO]   屏幕状态: 开
  亮度级别: 6
  数字显示: 0
  LOGO状态: 0 (0关, 1白, 2红)
  护盾状态: 0 (0关, 1白, 2绿)
  ReadyGo状态: 2 (0关, 1白, 2红)
  左转向灯: 1 (0关, 1白, 2橙)
  右转向灯: 1 (0关, 1白, 2橙)
  灯环状态: 2 (0关, 1蓝, 2红)
[2025-09-09 20:10:29.356] [DEBUG] 组包成功，数据长度: 21 字节
[2025-09-09 20:10:29.367] [DEBUG] 发送数据: A5 60 9F A5 03 0D 3B 40 33 33 33 33 E3 37 33 33 33 33 33 02 55
[2025-09-09 20:10:29.388] [DEBUG] 接收数据超时
[2025-09-09 20:10:29.400] [DEBUG] 组包成功，数据长度: 21 字节
[2025-09-09 20:10:29.409] [DEBUG] 发送数据: A5 60 9F A5 01 0D 3B 40 33 33 33 33 E3 37 33 33 33 33 33 45 55
[2025-09-09 20:10:29.434] [DEBUG] 接收数据超时
[2025-09-09 20:10:29.443] [INFO] 结果: FAIL | 用时: 0.165s
[2025-09-09 20:10:29.452] [INFO] ==== 执行用例 #13602 ====
[2025-09-09 20:10:29.463] [INFO] 参数: {'screen_on': 1, 'brightness': 6, 'digital': 0, 'logo': 1, 'rim_state': 2, 'rdygo': 2, 'turn_left': 2, 'turn_right': 0, 'ring': 2} | 备注: nan
[2025-09-09 20:10:29.493] [DEBUG] 修改后的LED显示信息:
[2025-09-09 20:10:29.502] [INFO]   屏幕状态: 开
  亮度级别: 6
  数字显示: 0
  LOGO状态: 1 (0关, 1白, 2红)
  护盾状态: 2 (0关, 1白, 2绿)
  ReadyGo状态: 2 (0关, 1白, 2红)
  左转向灯: 2 (0关, 1白, 2橙)
  右转向灯: 0 (0关, 1白, 2橙)
  灯环状态: 2 (0关, 1蓝, 2红)
[2025-09-09 20:10:29.523] [DEBUG] 组包成功，数据长度: 21 字节
[2025-09-09 20:10:29.531] [DEBUG] 发送数据: A5 60 9F A5 03 0D 3B 40 33 33 33 B3 87 37 33 33 33 33 33 62 55
[2025-09-09 20:10:29.557] [DEBUG] 接收数据超时
[2025-09-09 20:10:29.570] [DEBUG] 组包成功，数据长度: 21 字节
[2025-09-09 20:10:29.581] [DEBUG] 发送数据: A5 60 9F A5 01 0D 3B 40 33 33 33 B3 87 37 33 33 33 33 33 25 55
[2025-09-09 20:10:29.601] [DEBUG] 接收数据超时
[2025-09-09 20:10:29.613] [INFO] 结果: FAIL | 用时: 0.161s
[2025-09-09 20:10:29.622] [INFO] ==== 执行用例 #14453 ====
[2025-09-09 20:10:29.634] [INFO] 参数: {'screen_on': 1, 'brightness': 6, 'digital': 50, 'logo': 2, 'rim_state': 1, 'rdygo': 1, 'turn_left': 0, 'turn_right': 2, 'ring': 1} | 备注: nan
[2025-09-09 20:10:29.660] [DEBUG] 修改后的LED显示信息:
[2025-09-09 20:10:29.677] [INFO]   屏幕状态: 开
  亮度级别: 6
  数字显示: 50
  LOGO状态: 2 (0关, 1白, 2红)
  护盾状态: 1 (0关, 1白, 2绿)
  ReadyGo状态: 1 (0关, 1白, 2红)
  左转向灯: 0 (0关, 1白, 2橙)
  右转向灯: 2 (0关, 1白, 2橙)
  灯环状态: 1 (0关, 1蓝, 2红)
[2025-09-09 20:10:29.697] [DEBUG] 组包成功，数据长度: 21 字节
[2025-09-09 20:10:29.708] [DEBUG] 发送数据: A5 60 9F A5 03 0D 3B 40 33 33 33 65 3E 36 33 33 33 33 33 D5 55
[2025-09-09 20:10:29.730] [DEBUG] 接收数据超时
[2025-09-09 20:10:29.743] [DEBUG] 组包成功，数据长度: 21 字节
[2025-09-09 20:10:29.751] [DEBUG] 发送数据: A5 60 9F A5 01 0D 3B 40 33 33 33 65 3E 36 33 33 33 33 33 92 55
[2025-09-09 20:10:29.776] [DEBUG] 接收数据超时
[2025-09-09 20:10:29.784] [INFO] 结果: FAIL | 用时: 0.162s
[2025-09-09 20:10:29.797] [INFO] ==== 执行用例 #14934 ====
[2025-09-09 20:10:29.809] [INFO] 参数: {'screen_on': 1, 'brightness': 6, 'digital': 100, 'logo': 1, 'rim_state': 1, 'rdygo': 1, 'turn_left': 0, 'turn_right': 0, 'ring': 2} | 备注: nan
[2025-09-09 20:10:29.847] [DEBUG] 修改后的LED显示信息:
[2025-09-09 20:10:29.858] [INFO]   屏幕状态: 开
  亮度级别: 6
  数字显示: 100
  LOGO状态: 1 (0关, 1白, 2红)
  护盾状态: 1 (0关, 1白, 2绿)
  ReadyGo状态: 1 (0关, 1白, 2红)
  左转向灯: 0 (0关, 1白, 2橙)
  右转向灯: 0 (0关, 1白, 2橙)
  灯环状态: 2 (0关, 1蓝, 2红)
[2025-09-09 20:10:29.879] [DEBUG] 组包成功，数据长度: 21 字节
[2025-09-09 20:10:29.892] [DEBUG] 发送数据: A5 60 9F A5 03 0D 3B 40 33 33 33 17 3D 37 33 33 33 33 33 46 55
[2025-09-09 20:10:29.918] [DEBUG] 接收数据超时
[2025-09-09 20:10:29.927] [DEBUG] 组包成功，数据长度: 21 字节
[2025-09-09 20:10:29.939] [DEBUG] 发送数据: A5 60 9F A5 01 0D 3B 40 33 33 33 17 3D 37 33 33 33 33 33 01 55
[2025-09-09 20:10:29.960] [DEBUG] 接收数据超时
[2025-09-09 20:10:29.969] [INFO] 结果: FAIL | 用时: 0.172s
[2025-09-09 20:10:29.977] [INFO] ==== 执行用例 #15192 ====
[2025-09-09 20:10:29.990] [INFO] 参数: {'screen_on': 1, 'brightness': 6, 'digital': 100, 'logo': 2, 'rim_state': 1, 'rdygo': 1, 'turn_left': 1, 'turn_right': 2, 'ring': 2} | 备注: nan
[2025-09-09 20:10:30.025] [DEBUG] 修改后的LED显示信息:
[2025-09-09 20:10:30.037] [INFO]   屏幕状态: 开
  亮度级别: 6
  数字显示: 100
  LOGO状态: 2 (0关, 1白, 2红)
  护盾状态: 1 (0关, 1白, 2绿)
  ReadyGo状态: 1 (0关, 1白, 2红)
  左转向灯: 1 (0关, 1白, 2橙)
  右转向灯: 2 (0关, 1白, 2橙)
  灯环状态: 2 (0关, 1蓝, 2红)
[2025-09-09 20:10:30.055] [DEBUG] 组包成功，数据长度: 21 字节
[2025-09-09 20:10:30.067] [DEBUG] 发送数据: A5 60 9F A5 03 0D 3B 40 33 33 33 97 5E 38 33 33 33 33 33 7E 55
[2025-09-09 20:10:30.092] [DEBUG] 接收数据超时
[2025-09-09 20:10:30.102] [DEBUG] 组包成功，数据长度: 21 字节
[2025-09-09 20:10:30.115] [DEBUG] 发送数据: A5 60 9F A5 01 0D 3B 40 33 33 33 97 5E 38 33 33 33 33 33 39 55
[2025-09-09 20:10:30.132] [DEBUG] 接收数据超时
[2025-09-09 20:10:30.141] [INFO] 结果: FAIL | 用时: 0.164s
[2025-09-09 20:10:30.154] [INFO] ==== 执行用例 #15583 ====
[2025-09-09 20:10:30.163] [INFO] 参数: {'screen_on': 1, 'brightness': 7, 'digital': 0, 'logo': 1, 'rim_state': 0, 'rdygo': 1, 'turn_left': 0, 'turn_right': 1, 'ring': 0} | 备注: nan
[2025-09-09 20:10:30.192] [DEBUG] 修改后的LED显示信息:
[2025-09-09 20:10:30.205] [INFO]   屏幕状态: 开
  亮度级别: 7
  数字显示: 0
  LOGO状态: 1 (0关, 1白, 2红)
  护盾状态: 0 (0关, 1白, 2绿)
  ReadyGo状态: 1 (0关, 1白, 2红)
  左转向灯: 0 (0关, 1白, 2橙)
  右转向灯: 1 (0关, 1白, 2橙)
  灯环状态: 0 (0关, 1蓝, 2红)
[2025-09-09 20:10:30.221] [DEBUG] 组包成功，数据长度: 21 字节
[2025-09-09 20:10:30.234] [DEBUG] 发送数据: A5 60 9F A5 03 0D 3B 42 33 33 33 B3 BB 33 33 33 33 33 33 AB 55
[2025-09-09 20:10:30.259] [DEBUG] 接收数据超时
[2025-09-09 20:10:30.268] [DEBUG] 组包成功，数据长度: 21 字节
[2025-09-09 20:10:30.277] [DEBUG] 发送数据: A5 60 9F A5 01 0D 3B 42 33 33 33 B3 BB 33 33 33 33 33 33 EC 55
[2025-09-09 20:10:30.300] [DEBUG] 接收数据超时
[2025-09-09 20:10:30.308] [INFO] 结果: FAIL | 用时: 0.154s
[2025-09-09 20:10:30.320] [INFO] ==== 执行用例 #16100 ====
[2025-09-09 20:10:30.330] [INFO] 参数: {'screen_on': 1, 'brightness': 7, 'digital': 50, 'logo': 0, 'rim_state': 0, 'rdygo': 2, 'turn_left': 0, 'turn_right': 2, 'ring': 1} | 备注: nan
[2025-09-09 20:10:30.361] [DEBUG] 修改后的LED显示信息:
[2025-09-09 20:10:30.374] [INFO]   屏幕状态: 开
  亮度级别: 7
  数字显示: 50
  LOGO状态: 0 (0关, 1白, 2红)
  护盾状态: 0 (0关, 1白, 2绿)
  ReadyGo状态: 2 (0关, 1白, 2红)
  左转向灯: 0 (0关, 1白, 2橙)
  右转向灯: 2 (0关, 1白, 2橙)
  灯环状态: 1 (0关, 1蓝, 2红)
[2025-09-09 20:10:30.396] [DEBUG] 组包成功，数据长度: 21 字节
[2025-09-09 20:10:30.408] [DEBUG] 发送数据: A5 60 9F A5 03 0D 3B 42 33 33 33 65 43 36 33 33 33 33 33 99 55
[2025-09-09 20:10:30.434] [DEBUG] 接收数据超时
[2025-09-09 20:10:30.444] [DEBUG] 组包成功，数据长度: 21 字节
[2025-09-09 20:10:30.454] [DEBUG] 发送数据: A5 60 9F A5 01 0D 3B 42 33 33 33 65 43 36 33 33 33 33 33 DE 55
[2025-09-09 20:10:30.475] [DEBUG] 接收数据超时
[2025-09-09 20:10:30.483] [INFO] 结果: FAIL | 用时: 0.163s
[2025-09-09 20:10:30.495] [INFO] ==== 执行用例 #16418 ====
[2025-09-09 20:10:30.505] [INFO] 参数: {'screen_on': 1, 'brightness': 7, 'digital': 50, 'logo': 1, 'rim_state': 1, 'rdygo': 2, 'turn_left': 0, 'turn_right': 0, 'ring': 1} | 备注: nan
[2025-09-09 20:10:30.534] [DEBUG] 修改后的LED显示信息:
[2025-09-09 20:10:30.547] [INFO]   屏幕状态: 开
  亮度级别: 7
  数字显示: 50
  LOGO状态: 1 (0关, 1白, 2红)
  护盾状态: 1 (0关, 1白, 2绿)
  ReadyGo状态: 2 (0关, 1白, 2红)
  左转向灯: 0 (0关, 1白, 2橙)
  右转向灯: 0 (0关, 1白, 2橙)
  灯环状态: 1 (0关, 1蓝, 2红)
[2025-09-09 20:10:30.568] [DEBUG] 组包成功，数据长度: 21 字节
[2025-09-09 20:10:30.577] [DEBUG] 发送数据: A5 60 9F A5 03 0D 3B 42 33 33 33 E5 45 35 33 33 33 33 33 11 55
[2025-09-09 20:10:30.598] [DEBUG] 接收数据超时
[2025-09-09 20:10:30.610] [DEBUG] 组包成功，数据长度: 21 字节
[2025-09-09 20:10:30.624] [DEBUG] 发送数据: A5 60 9F A5 01 0D 3B 42 33 33 33 E5 45 35 33 33 33 33 33 56 55
[2025-09-09 20:10:30.644] [DEBUG] 接收数据超时
[2025-09-09 20:10:30.652] [INFO] 结果: FAIL | 用时: 0.157s
[2025-09-09 20:10:30.660] [INFO] ==== 执行用例 #16485 ====
[2025-09-09 20:10:30.673] [INFO] 参数: {'screen_on': 1, 'brightness': 7, 'digital': 50, 'logo': 1, 'rim_state': 2, 'rdygo': 1, 'turn_left': 1, 'turn_right': 1, 'ring': 2} | 备注: nan
[2025-09-09 20:10:30.703] [DEBUG] 修改后的LED显示信息:
[2025-09-09 20:10:30.715] [INFO]   屏幕状态: 开
  亮度级别: 7
  数字显示: 50
  LOGO状态: 1 (0关, 1白, 2红)
  护盾状态: 2 (0关, 1白, 2绿)
  ReadyGo状态: 1 (0关, 1白, 2红)
  左转向灯: 1 (0关, 1白, 2橙)
  右转向灯: 1 (0关, 1白, 2橙)
  灯环状态: 2 (0关, 1蓝, 2红)
[2025-09-09 20:10:30.734] [DEBUG] 组包成功，数据长度: 21 字节
[2025-09-09 20:10:30.745] [DEBUG] 发送数据: A5 60 9F A5 03 0D 3B 42 33 33 33 E5 DF 37 33 33 33 33 33 79 55
[2025-09-09 20:10:30.766] [DEBUG] 接收数据超时
[2025-09-09 20:10:30.779] [DEBUG] 组包成功，数据长度: 21 字节
[2025-09-09 20:10:30.790] [DEBUG] 发送数据: A5 60 9F A5 01 0D 3B 42 33 33 33 E5 DF 37 33 33 33 33 33 3E 55
[2025-09-09 20:10:30.814] [DEBUG] 接收数据超时
[2025-09-09 20:10:30.824] [INFO] 结果: FAIL | 用时: 0.164s
[2025-09-09 20:10:30.837] [INFO] ==== 执行用例 #16555 ====
[2025-09-09 20:10:30.845] [INFO] 参数: {'screen_on': 1, 'brightness': 7, 'digital': 50, 'logo': 2, 'rim_state': 0, 'rdygo': 1, 'turn_left': 0, 'turn_right': 1, 'ring': 0} | 备注: nan
[2025-09-09 20:10:30.878] [DEBUG] 修改后的LED显示信息:
[2025-09-09 20:10:30.891] [INFO]   屏幕状态: 开
  亮度级别: 7
  数字显示: 50
  LOGO状态: 2 (0关, 1白, 2红)
  护盾状态: 0 (0关, 1白, 2绿)
  ReadyGo状态: 1 (0关, 1白, 2红)
  左转向灯: 0 (0关, 1白, 2橙)
  右转向灯: 1 (0关, 1白, 2橙)
  灯环状态: 0 (0关, 1蓝, 2红)
[2025-09-09 20:10:30.908] [DEBUG] 组包成功，数据长度: 21 字节
[2025-09-09 20:10:30.921] [DEBUG] 发送数据: A5 60 9F A5 03 0D 3B 42 33 33 33 65 BC 33 33 33 33 33 33 1D 55
[2025-09-09 20:10:30.942] [DEBUG] 接收数据超时
[2025-09-09 20:10:30.951] [DEBUG] 组包成功，数据长度: 21 字节
[2025-09-09 20:10:30.964] [DEBUG] 发送数据: A5 60 9F A5 01 0D 3B 42 33 33 33 65 BC 33 33 33 33 33 33 5A 55
[2025-09-09 20:10:30.988] [DEBUG] 接收数据超时
[2025-09-09 20:10:30.996] [INFO] 结果: FAIL | 用时: 0.159s
[2025-09-09 20:10:31.008] [INFO] ==== 执行用例 #20000 ====
[2025-09-09 20:10:31.017] [INFO] 参数: {'screen_on': 1, 'brightness': 5, 'digital': 11, 'logo': 0, 'rim_state': 0, 'rdygo': 1, 'turn_left': 0, 'turn_right': 1, 'ring': 0} | 备注: nan
[2025-09-09 20:10:31.046] [DEBUG] 修改后的LED显示信息:
[2025-09-09 20:10:31.062] [INFO]   屏幕状态: 开
  亮度级别: 5
  数字显示: 11
  LOGO状态: 0 (0关, 1白, 2红)
  护盾状态: 0 (0关, 1白, 2绿)
  ReadyGo状态: 1 (0关, 1白, 2红)
  左转向灯: 0 (0关, 1白, 2橙)
  右转向灯: 1 (0关, 1白, 2橙)
  灯环状态: 0 (0关, 1蓝, 2红)
[2025-09-09 20:10:31.082] [DEBUG] 组包成功，数据长度: 21 字节
[2025-09-09 20:10:31.093] [DEBUG] 发送数据: A5 60 9F A5 03 0D 3B 3E 33 33 33 3E BB 33 33 33 33 33 33 09 55
[2025-09-09 20:10:31.114] [DEBUG] 接收数据超时
[2025-09-09 20:10:31.127] [DEBUG] 组包成功，数据长度: 21 字节
[2025-09-09 20:10:31.135] [DEBUG] 发送数据: A5 60 9F A5 01 0D 3B 3E 33 33 33 3E BB 33 33 33 33 33 33 4E 55
[2025-09-09 20:10:31.160] [DEBUG] 接收数据超时
[2025-09-09 20:10:31.168] [INFO] 结果: FAIL | 用时: 0.160s
[2025-09-09 20:10:31.181] [INFO] 开始压力循环: 次数=1, 间隔=0.5s, 参数={'screen_on': 1, 'brightness': 1, 'digital': 50, 'logo': 0, 'rim_state': 1, 'rdygo': 0, 'turn_left': 0, 'turn_right': 0, 'ring': 2}
[2025-09-09 20:10:31.211] [DEBUG] 修改后的LED显示信息:
[2025-09-09 20:10:31.223] [INFO]   屏幕状态: 开
  亮度级别: 1
  数字显示: 50
  LOGO状态: 0 (0关, 1白, 2红)
  护盾状态: 1 (0关, 1白, 2绿)
  ReadyGo状态: 0 (0关, 1白, 2红)
  左转向灯: 0 (0关, 1白, 2橙)
  右转向灯: 0 (0关, 1白, 2橙)
  灯环状态: 2 (0关, 1蓝, 2红)
[2025-09-09 20:10:31.242] [DEBUG] 组包成功，数据长度: 21 字节
[2025-09-09 20:10:31.254] [DEBUG] 发送数据: A5 60 9F A5 03 0D 3B 36 33 33 33 65 35 37 33 33 33 33 33 6A 55
[2025-09-09 20:10:31.278] [DEBUG] 接收数据: A5 60 9F A5 83 55 33 93 7F 63 64 33 33 33 33 33 33 33 33 33 33 33 33 33 33 33 33 33 33 33 33 33 33 33 33 33 33 33 33 33 33 33 33 89 66 69 66 65 85 64 63 64 76 63 64 92 75 A7 63 65 33 33 33 33 33 37 33 38 33 33 33 36 33 33 33 65 35 37 33 33 33 33 33 33 33 33 33 33 33 33 33 42 55 A5 60 9F A5 81 0D 3B 36 33 33 33 65 35 37 33 33 33 33 33 1A 55 A5 60 9F A5 83 55 33 93 7F 63 64 33 33 33 33 33 33 33 33 33 33 33 33 33 33 33 33 33 33 33 33 33 33 33 33 33 33 33 33 33 33 33 33 89 66 69 66 65 85 64 63 64 76 63 64 92 75 A7 63 65 33 33 33 33 33 37 33 38 33 33 33 38 33 33 33 65 33 37 33 33 33 33 33 33 33 33 33 33 33 33 33 EE 55 A5 60 9F A5 81 0D 3B 38 33 33 33 65 33 37 33 33 33 33 33 8C 55 A5 60 9F A5 83 55 33 93 7F 63 64 33 33 33 33 33 33 33 33 33 33 33 33 33 33 33 33 33 33 33 33 33 33 33 33 33 33 33 33 33 33 33 33 89 66 69 66 65 85 64 63 64 76 63 64 92 75 A7 63 65 33 33 33 33 33 37 33 38 33 33 33 3A 33 33 33 33 57 34 33 33 33 33 33 33 33 33 33 33 33 33 33 53 55 A5 60 9F A5 81 0D 3B 3A 33 33 33 33 57 34 33 33 33 33 33 92 55 A5 60 9F A5 83 55 33 93 7F 63 64 33 33 33 33 33 33 33 33 33 33 33 33 33 33 33 33 33 33 33 33 33 33 33 33 33 33 33 33 33 33 33 33 89 66 69 66 65 85 64 63 64 76 63 64 92 75 A7 63 65 33 33 33 33 33 37 33 37 33 33 33 3A 33 33 33 B3 5D 37 33 33 33 33 33 33 33 33 33 33 33 33 33 E6 55 A5 60 9F A5 81 0D 3B 3A 33 33 33 B3 5D 37 33 33 33 33 33 2C 55 A5 60 9F A5 83 55 33 93 7F 63 64 33 33 33 33 33 33 33 33 33 33 33 33 33 33 33 33 33 33 33 33 33 33 33 33 33 33 33 33 33 33 33 33 89 66 69 66 65 85 64 63 64 76 63 64 92 75 A7 63 65 33 33 33 33 33 37 33 37 33 33 33 3A 33 33 33 65 43 37 33 33 33 33 33 33 33 33 33 33 33 33 33 10 55 A5 60 9F A5 81 0D 3B 3A 33 33 33 65 43 37 33 33 33 33 33 3C 55 A5 60 9F A5 83 55 33 93 7F 63 64 33 33 33 33 33 33 33 33 33 33 33 33 33 33 33 33 33 33 33 33 33 33 33 33 33 33 33 33 33 33 33 33 89 66 69 66 65 85 64 63 64 76 63 64 92 75 A7 63 65 33 33 33 33 33 37 33 37 33 33 33 3A 33 33 33 E5 D3 37 33 33 33 33 33 33 33 33 33 33 33 33 33 3D 55 A5 60 9F A5 81 0D 3B 3A 33 33 33 E5 D3 37 33 33 33 33 33 B8 55 A5 60 9F A5 83 55 33 93 7F 63 64 33 33 33 33 33 33 33 33 33 33 33 33 33 33 33 33 33 33 33 33 33 33 33 33 33 33 33 33 33 33 33 33 89 66 69 66 65 85 64 63 64 76 63 64 92 75 A7 63 65 33 33 33 34 33 37 33 38 33 33 33 3A 33 33 33 65 60 33 33 33 33 33 33 33 33 33 33 33 33 33 33 C4 55 A5 60 9F A5 81 0D 3B 3A 33 33 33 65 60 33 33 33 33 33 33 A7 55 A5 60 9F A5 83 55 33 93 7F 63 64 33 33 33 33 33 33 33 33 33 33 33 33 33 33 33 33 33 33 33 33 33 33 33 33 33 33 33 33 33 33 33 33 89 66 69 66 65 85 64 63 64 76 63 64 92 75 A7 63 65 33 33 33 34 33 37 33 38 33 33 33 3A 33 33 33 97 7D 33 33 33 33 33 33 33 33 33 33 33 33 33 33 67 55 A5 60 9F A5 81 0D 3B 3A 33 33 33 97 7D 33 33 33 33 33 33 74 55 A5 60 9F A5 83 55 33 93 7F 63 64 33 33 33 33 33 33 33 33 33 33 33 33 33 33 33 33 33 33 33 33 33 33 33 33 33 33 33 33 33 33 33 33 89 66 69 66 65 85 64 63 64 76 63 64 92 75 A7 63 65 33 33 33 34 33 37 33 38 33 33 33 3C 33 33 33 65 5B 34 33 33 33 33 33 33 33 33 33 33 33 33 33 7F 55 A5 60 9F A5 81 0D 3B 3C 33 33 33 65 5B 34 33 33 33 33 33 17 55 A5 60 9F A5 83 55 33 93 7F 63 64 33 33 33 33 33 33 33 33 33 33 33 33 33 33 33 33 33 33 33 33 33 33 33 33 33 33 33 33 33 33 33 33 89 66 69 66 65 85 64 63 64 76 63 64 92 75 A7 63 65 33 33 33 33 33 37 33 38 33 33 33 3C 33 33 33 E5 DF 33 33 33 33 33 33 33 33 33 33 33 33 33 33 8F 55 A5 60 9F A5 81 0D 3B 3C 33 33 33 E5 DF 33 33 33 33 33 33 6A 55 A5 60 9F A5 83 55 33 93 7F 63 64 33 33 33 33 33 33 33 33 33 33 33 33 33 33 33 33 33 33 33 33 33 33 33 33 33 33 33 33 33 33 33 33 89 66 69 66 65 85 64 63 64 76 63 64 92 75 A7 63 65 33 33 33 33 33 37 33 37 33 33 33 3C 33 33 33 65 C4 37 33 33 33 33 33 33 33 33 33 33 33 33 33 25 55 A5 60 9F A5 81 0D 3B 3C 33 33 33 65 C4 37 33 33 33 33 33 F5 55 A5 60 9F A5 83 55 33 93 7F 63 64 33 33 33 33 33 33 33 33 33 33 33 33 33 33 33 33 33 33 33 33 33 33 33 33 33 33 33 33 33 33 33 33 89 66 69 66 65 85 64 63 64 76 63 64 92 75 A7 63 65 33 33 33 33 33 37 33 37 33 33 33 3C 33 33 33 65 F6 37 33 33 33 33 33 33 33 33 33 33 33 33 33 64 55 A5 60 9F A5 81 0D 3B 3C 33 33 33 65 F6 37 33 33 33 33 33 B9 55 A5 60 9F A5 83 55 33 93 7F 63 64 33 33 33 33 33 33 33 33 33 33 33 33 33 33 33 33 33 33 33 33 33 33 33 33 33 33 33 33 33 33 33 33 89 66 69 66 65 85 64 63 64 76 63 64 92 75 A7 63 65 33 33 33 33 33 37 33 37 33 33 33 3C 33 33 33 97 03 33 33 33 33 33 33 33 33 33 33 33 33 33 33 7F 55 A5 60 9F A5 81 0D 3B 3C 33 33 33 97 03 33 33 33 33 33 33 A5 55 A5 60 9F A5 83 55 33 93 7F 63 64 33 33 33 33 33 33 33 33 33 33 33 33 33 33 33 33 33 33 33 33 33 33 33 33 33 33 33 33 33 33 33 33 89 66 69 66 65 85 64 63 64 76 63 64 92 75 A7 63 65 33 33 33 33 33 37 33 38 33 33 33 3C 33 33 33 17 C3 37 33 33 33 33 33 33 33 33 33 33 33 33 33 9E 55 A5 60 9F A5 81 0D 3B 3C 33 33 33 17 C3 37 33 33 33 33 33 26 55 A5 60 9F A5 83 55 33 93 7F 63 64 33 33 33 33 33 33 33 33 33 33 33 33 33 33 33 33 33 33 33 33 33 33 33 33 33 33 33 33 33 33 33 33 89 66 69 66 65 85 64 63 64 76 63 64 92 75 A7 63 65 33 33 33 33 33 37 33 36 33 33 33 3E 33 33 33 33 57 35 33 33 33 33 33 33 33 33 33 33 33 33 33 C3 55 A5 60 9F A5 81 0D 3B 3E 33 33 33 33 57 35 33 33 33 33 33 1E 55 A5 60 9F A5 83 55 33 93 7F 63 64 33 33 33 33 33 33 33 33 33 33 33 33 33 33 33 33 33 33 33 33 33 33 33 33 33 33 33 33 33 33 33 33 89 66 69 66 65 85 64 63 64 76 63 64 92 75 A7 63 65 33 33 33 33 33 37 33 37 33 33 33 3E 33 33 33 B3 FD 35 33 33 33 33 33 33 33 33 33 33 33 33 33 5B 55 A5 60 9F A5 81 0D 3B 3E 33 33 33 B3 FD 35 33 33 33 33 33 F2 55 A5 60 9F A5 83 55 33 93 7F 63 64 33 33 33 33 33 33 33 33 33 33 33 33 33 33 33 33 33 33 33 33 33 33 33 33 33 33 33 33 33 33 33 33 89 66 69 66 65 85 64 63 64 76 63 64 92 75 A7 63 65 33 33 33 34 33 37 33 36 33 33 33 3E 33 33 33 33 5C 37 33 33 33 33 33 33 33 33 33 33 33 33 33 08 55 A5 60 9F A5 81 0D 3B 3E 33 33 33 33 5C 37 33 33 33 33 33 DD 55 A5 60 9F A5 83 55 33 93 7F 63 64 33 33 33 33 33 33 33 33 33 33 33 33 33 33 33 33 33 33 33 33 33 33 33 33 33 33 33 33 33 33 33 33 89 66 69 66 65 85 64 63 64 76 63 64 92 75 A7 63 65 33 33 33 34 33 37 33 37 33 33 33 3E 33 33 33 97 84 38 33 33 33 33 33 33 33 33 33 33 33 33 33 F5 55 A5 60 9F A5 81 0D 3B 3E 33 33 33 97 84 38 33 33 33 33 33 EE 55 A5 60 9F A5 83 55 33 93 7F 63 64 33 33 33 33 33 33 33 33 33 33 33 33 33 33 33 33 33 33 33 33 33 33 33 33 33 33 33 33 33 33 33 33 89 66 69 66 65 85 64 63 64 76 63 64 92 75 A7 63 65 33 33 33 33 33 37 33 36 33 33 33 40 33 33 33 33 E3 37 33 33 33 33 33 33 33 33 33 33 33 33 33 A3 55 A5 60 9F A5 81 0D 3B 40 33 33 33 33 E3 37 33 33 33 33 33 72 55 A5 60 9F A5 83 55 33 93 7F 63 64 33 33 33 33 33 33 33 33 33 33 33 33 33 33 33 33 33 33 33 33 33 33 33 33 33 33 33 33 33 33 33 33 89 66 69 66 65 85 64 63 64 76 63 64 92 75 A7 63 65 33 33 33 33 33 37 33 38 33 33 33 40 33 33 33 B3 87 37 33 33 33 33 33 33 33 33 33 33 33 33 33 95 55 A5 60 9F A5 81 0D 3B 40 33 33 33 B3 87 37 33 33 33 33 33 12 55 A5 60 9F A5 83 55 33 93 7F 63 64 33 33 33 33 33 33 33 33 33 33 33 33 33 33 33 33 33 33 33 33 33 33 33 33 33 33 33 33 33 33 33 33 89 66 69 66 65 85 64 63 64 76 63 64 92 75 A7 63 65 33 33 33 33 33 37 33 36 33 33 33 40 33 33 33 65 3E 36 33 33 33 33 33 33 33 33 33 33 33 33 33 6B 55 A5 60 9F A5 81 0D 3B 40 33 33 33 65 3E 36 33 33 33 33 33 A5 55 A5 60 9F A5 83 55 33 93 7F 63 64 33 33 33 33 33 33 33 33 33 33 33 33 33 33 33 33 33 33 33 33 33 33 33 33 33 33 33 33 33 33 33 33 89 66 69 66 65 85 64 63 64 76 63 64 92 75 A7 63 65 33 33 33 33 33 37 33 37 33 33 33 40 33 33 33 17 3D 37 33 33 33 33 33 33 33 33 33 33 33 33 33 81 55 A5 60 9F A5 81 0D 3B 40 33 33 33 17 3D 37 33 33 33 33 33 36 55 A5 60 9F A5 83 55 33 93 7F 63 64 33 33 33 33 33 33 33 33 33 33 33 33 33 33 33 33 33 33 33 33 33 33 33 33 33 33 33 33 33 33 33 33 89 66 69 66 65 85 64 63 64 76 63 64 92 75 A7 63 65 33 33 33 33 33 37 33 37 33 33 33 40 33 33 33 97 5E 38 33 33 33 33 33 33 33 33 33 33 33 33 33 EC 55 A5 60 9F A5 81 0D 3B 40 33 33 33 97 5E 38 33 33 33 33 33 0E 55 A5 60 9F A5 83 55 33 93 7F 63 64 33 33 33 33 33 33 33 33 33 33 33 33 33 33 33 33 33 33 33 33 33 33 33 33 33 33 33 33 33 33 33 33 89 66 69 66 65 85 64 63 64 76 63 64 92 75 A7 63 65 33 33 33 33 33 37 33 36 33 33 33 42 33 33 33 B3 BB 33 33 33 33 33 33 33 33 33 33 33 33 33 33 9B 55 A5 60 9F A5 81 0D 3B 42 33 33 33 B3 BB 33 33 33 33 33 33 DB 55 A5 60 9F A5 83 55 33 93 7F 63 64 33 33 33 33 33 33 33 33 33 33 33 33 33 33 33 33 33 33 33 33 33 33 33 33 33 33 33 33 33 33 33 33 89 66 69 66 65 85 64 63 64 76 63 64 92 75 A7 63 65 33 33 33 33 33 37 33 36 33 33 33 42 33 33 33 65 43 36 33 33 33 33 33 33 33 33 33 33 33 33 33 73 55 A5 60 9F A5 81 0D 3B 42 33 33 33 65 43 36 33 33 33 33 33 E9 55 A5 60 9F A5 83 55 33 93 7F 63 64 33 33 33 33 33 33 33 33 33 33 33 33 33 33 33 33 33 33 33 33 33 33 33 33 33 33 33 33 33 33 33 33 89 66 69 66 65 85 64 63 64 76 63 64 92 75 A7 63 65 33 33 33 33 33 37 33 38 33 33 33 42 33 33 33 E5 45 35 33 33 33 33 33 33 33 33 33 33 33 33 33 BC 55 A5 60 9F A5 81 0D 3B 42 33 33 33 E5 45 35 33 33 33 33 33 61 55 A5 60 9F A5 83 55 33 93 7F 63 64 33 33 33 33 33 33 33 33 33 33 33 33 33 33 33 33 33 33 33 33 33 33 33 33 33 33 33 33 33 33 33 33 89 66 69 66 65 85 64 63 64 76 63 64 92 75 A7 63 65 33 33 33 33 33 37 33 36 33 33 33 42 33 33 33 E5 DF 37 33 33 33 33 33 33 33 33 33 33 33 33 33 BF 55 A5 60 9F A5 81 0D 3B 42 33 33 33 E5 DF 37 33 33 33 33 33 09 55 A5 60 9F A5 83 55 33 93 7F 63 64 33 33 33 33 33 33 33 33 33 33 33 33 33 33 33 33 33 33 33 33 33 33 33 33 33 33 33 33 33 33 33 33 89 66 69 66 65 85 64 63 64 76 63 64 92 75 A7 63 65 33 33 33 33 33 37 33 37 33 33 33 42 33 33 33 65 BC 33 33 33 33 33 33 33 33 33 33 33 33 33 33 B6 55 A5 60 9F A5 81 0D 3B 42 33 33 33 65 BC 33 33 33 33 33 33 6D 55 A5 60 9F A5 83 55 33 93 7F 63 64 33 33 33 33 33 33 33 33 33 33 33 33 33 33 33 33 33 33 33 33 33 33 33 33 33 33 33 33 33 33 33 33 89 66 69 66 65 85 64 63 64 76 63 64 92 75 A7 63 65 33 33 33 33 33 37 33 36 33 33 33 3E 33 33 33 3E BB 33 33 33 33 33 33 33 33 33 33 33 33 33 33 CB 55 A5 60 9F A5 81 0D 3B 3E 33 33 33 3E BB 33 33 33 33 33 33 79 55
[2025-09-09 20:10:31.357] [DEBUG] 数据解析成功:
[2025-09-09 20:10:31.366] [INFO]   ID: 0x60
  命令: 0x83 (读)
  寄存器地址: 0x00
  寄存器数量: 0
[2025-09-09 20:10:31.406] [INFO] [循环 1/1] 发送 OK
[2025-09-09 20:10:31.920] [INFO] 已保存结果: reports\2025-09-09_20-10-25\results.csv
[2025-09-09 20:10:31.993] [INFO] 已生成报告: reports\2025-09-09_20-10-25\report.html
[2025-09-09 20:10:32.026] [DEBUG] 串口已关闭
[2025-09-09 20:10:32.045] [INFO] 程序结束
