[2025-08-18 19:05:16.166] [INFO] 初始化 BLE 协议通信...
[2025-08-18 19:05:18.255] [INFO] 加载用例 3 条 来自: testcases.xlsx
[2025-08-18 19:05:18.261] [INFO] ==== 执行用例 #1 ====
[2025-08-18 19:05:18.264] [INFO] 参数: {'screen_on': 1, 'brightness': 0, 'digital': 0, 'logo': 0, 'rim_state': 0, 'rdygo': 0, 'turn_left': 0, 'turn_right': 0, 'ring': 0} | 备注: 
[2025-08-18 19:05:18.295] [DEBUG] 修改后的LED显示信息:
[2025-08-18 19:05:18.302] [INFO]   屏幕状态: 开
  亮度级别: 0
  数字显示: 0
  LOGO状态: 0 (0关, 1白, 2红)
  护盾状态: 0 (0关, 1白, 2绿)
  ReadyGo状态: 0 (0关, 1白, 2红)
  左转向灯: 0 (0关, 1白, 2橙)
  右转向灯: 0 (0关, 1白, 2橙)
  灯环状态: 0 (0关, 1蓝, 2红)
[2025-08-18 19:05:18.318] [DEBUG] 组包成功，数据长度: 21 字节
[2025-08-18 19:05:18.330] [DEBUG] 发送数据: A5 60 9F A5 03 0D 3B 34 33 33 33 33 33 33 33 33 33 33 33 C9 55
[2025-08-18 19:05:19.355] [DEBUG] 接收数据: A5 60 9F A5 83 55 33 93 7F 63 64 33 33 33 33 33 33 33 33 33 33 33 33 33 33 33 33 33 33 33 33 33 33 33 33 33 33 33 33 33 33 33 33 89 66 69 66 65 85 65 63 66 76 63 64 92 75 A7 63 65 33 33 33 33 33 33 33 37 33 33 33 34 33 33 33 33 33 33 33 33 33 33 33 33 33 33 33 33 33 33 33 CF 55
[2025-08-18 19:05:19.408] [DEBUG] 数据解析成功:
[2025-08-18 19:05:19.422] [INFO]   ID: 0x60
  命令: 0x83 (读)
  寄存器地址: 0x00
  寄存器数量: 0
[2025-08-18 19:05:19.446] [DEBUG] 组包成功，数据长度: 21 字节
[2025-08-18 19:05:19.460] [DEBUG] 发送数据: A5 60 9F A5 01 0D 3B 34 33 33 33 33 33 33 33 33 33 33 33 8E 55
[2025-08-18 19:05:20.496] [DEBUG] 接收数据: A5 60 9F A5 81 0D 3B 34 33 33 33 33 33 33 33 33 33 33 33 B9 55
[2025-08-18 19:05:20.534] [DEBUG] 数据解析成功:
[2025-08-18 19:05:20.553] [INFO]   ID: 0x60
  命令: 0x81 (读)
  寄存器地址: 0x08
  寄存器数量: 0
[2025-08-18 19:05:20.576] [INFO] 
全局变量中的LED显示信息已更新:
[2025-08-18 19:05:20.598] [INFO]   屏幕状态: 开
  亮度级别: 0
  数字显示: 0
  LOGO状态: 0 (0关, 1白, 2红)
  护盾状态: 0 (0关, 1白, 2绿)
  ReadyGo状态: 0 (0关, 1白, 2红)
  左转向灯: 0 (0关, 1白, 2橙)
  右转向灯: 0 (0关, 1白, 2橙)
  灯环状态: 0 (0关, 1蓝, 2红)
[2025-08-18 19:05:20.614] [INFO] 结果: PASS | 用时: 2.353s
[2025-08-18 19:05:20.623] [INFO] ==== 执行用例 #2 ====
[2025-08-18 19:05:20.632] [INFO] 参数: {'screen_on': 1, 'brightness': 0, 'digital': 0, 'logo': 0, 'rim_state': 0, 'rdygo': 0, 'turn_left': 0, 'turn_right': 0, 'ring': 0} | 备注: 
[2025-08-18 19:05:20.664] [DEBUG] 修改后的LED显示信息:
[2025-08-18 19:05:20.674] [INFO]   屏幕状态: 开
  亮度级别: 0
  数字显示: 0
  LOGO状态: 0 (0关, 1白, 2红)
  护盾状态: 0 (0关, 1白, 2绿)
  ReadyGo状态: 0 (0关, 1白, 2红)
  左转向灯: 0 (0关, 1白, 2橙)
  右转向灯: 0 (0关, 1白, 2橙)
  灯环状态: 0 (0关, 1蓝, 2红)
[2025-08-18 19:05:20.691] [DEBUG] 组包成功，数据长度: 21 字节
[2025-08-18 19:05:20.701] [DEBUG] 发送数据: A5 60 9F A5 03 0D 3B 34 33 33 33 33 33 33 33 33 33 33 33 C9 55
[2025-08-18 19:05:21.727] [DEBUG] 接收数据: A5 60 9F A5 83 55 33 93 7F 63 64 33 33 33 33 33 33 33 33 33 33 33 33 33 33 33 33 33 33 33 33 33 33 33 33 33 33 33 33 33 33 33 33 89 66 69 66 65 85 65 63 66 76 63 64 92 75 A7 63 65 33 33 33 33 33 33 33 37 33 33 33 34 33 33 33 33 33 33 33 33 33 33 33 33 33 33 33 33 33 33 33 CF 55
[2025-08-18 19:05:21.769] [DEBUG] 数据解析成功:
[2025-08-18 19:05:21.782] [INFO]   ID: 0x60
  命令: 0x83 (读)
  寄存器地址: 0x00
  寄存器数量: 0
[2025-08-18 19:05:21.804] [DEBUG] 组包成功，数据长度: 21 字节
[2025-08-18 19:05:21.818] [DEBUG] 发送数据: A5 60 9F A5 01 0D 3B 34 33 33 33 33 33 33 33 33 33 33 33 8E 55
[2025-08-18 19:05:22.853] [DEBUG] 接收数据: A5 60 9F A5 81 0D 3B 34 33 33 33 33 33 33 33 33 33 33 33 B9 55
[2025-08-18 19:05:22.890] [DEBUG] 数据解析成功:
[2025-08-18 19:05:22.912] [INFO]   ID: 0x60
  命令: 0x81 (读)
  寄存器地址: 0x08
  寄存器数量: 0
[2025-08-18 19:05:22.934] [INFO] 
全局变量中的LED显示信息已更新:
[2025-08-18 19:05:22.956] [INFO]   屏幕状态: 开
  亮度级别: 0
  数字显示: 0
  LOGO状态: 0 (0关, 1白, 2红)
  护盾状态: 0 (0关, 1白, 2绿)
  ReadyGo状态: 0 (0关, 1白, 2红)
  左转向灯: 0 (0关, 1白, 2橙)
  右转向灯: 0 (0关, 1白, 2橙)
  灯环状态: 0 (0关, 1蓝, 2红)
[2025-08-18 19:05:22.977] [INFO] 结果: PASS | 用时: 2.354s
[2025-08-18 19:05:22.987] [INFO] ==== 执行用例 #3 ====
[2025-08-18 19:05:22.997] [INFO] 参数: {'screen_on': 1, 'brightness': 0, 'digital': 0, 'logo': 0, 'rim_state': 0, 'rdygo': 0, 'turn_left': 0, 'turn_right': 0, 'ring': 0} | 备注: 
[2025-08-18 19:05:23.032] [DEBUG] 修改后的LED显示信息:
[2025-08-18 19:05:23.045] [INFO]   屏幕状态: 开
  亮度级别: 0
  数字显示: 0
  LOGO状态: 0 (0关, 1白, 2红)
  护盾状态: 0 (0关, 1白, 2绿)
  ReadyGo状态: 0 (0关, 1白, 2红)
  左转向灯: 0 (0关, 1白, 2橙)
  右转向灯: 0 (0关, 1白, 2橙)
  灯环状态: 0 (0关, 1蓝, 2红)
[2025-08-18 19:05:23.061] [DEBUG] 组包成功，数据长度: 21 字节
[2025-08-18 19:05:23.074] [DEBUG] 发送数据: A5 60 9F A5 03 0D 3B 34 33 33 33 33 33 33 33 33 33 33 33 C9 55
[2025-08-18 19:05:24.098] [DEBUG] 接收数据: A5 60 9F A5 83 55 33 93 7F 63 64 33 33 33 33 33 33 33 33 33 33 33 33 33 33 33 33 33 33 33 33 33 33 33 33 33 33 33 33 33 33 33 33 89 66 69 66 65 85 65 63 66 76 63 64 92 75 A7 63 65 33 33 33 33 33 33 33 37 33 33 33 34 33 33 33 33 33 33 33 33 33 33 33 33 33 33 33 33 33 33 33 CF 55
[2025-08-18 19:05:24.162] [DEBUG] 数据解析成功:
[2025-08-18 19:05:24.172] [INFO]   ID: 0x60
  命令: 0x83 (读)
  寄存器地址: 0x00
  寄存器数量: 0
[2025-08-18 19:05:24.195] [DEBUG] 组包成功，数据长度: 21 字节
[2025-08-18 19:05:24.208] [DEBUG] 发送数据: A5 60 9F A5 01 0D 3B 34 33 33 33 33 33 33 33 33 33 33 33 8E 55
[2025-08-18 19:05:25.238] [DEBUG] 接收数据: A5 60 9F A5 81 0D 3B 34 33 33 33 33 33 33 33 33 33 33 33 B9 55
[2025-08-18 19:05:25.279] [DEBUG] 数据解析成功:
[2025-08-18 19:05:25.299] [INFO]   ID: 0x60
  命令: 0x81 (读)
  寄存器地址: 0x08
  寄存器数量: 0
[2025-08-18 19:05:25.322] [INFO] 
全局变量中的LED显示信息已更新:
[2025-08-18 19:05:25.343] [INFO]   屏幕状态: 开
  亮度级别: 0
  数字显示: 0
  LOGO状态: 0 (0关, 1白, 2红)
  护盾状态: 0 (0关, 1白, 2绿)
  ReadyGo状态: 0 (0关, 1白, 2红)
  左转向灯: 0 (0关, 1白, 2橙)
  右转向灯: 0 (0关, 1白, 2橙)
  灯环状态: 0 (0关, 1蓝, 2红)
[2025-08-18 19:05:25.361] [INFO] 结果: PASS | 用时: 2.374s
[2025-08-18 19:05:25.371] [INFO] 已保存结果: reports\2025-08-18_19-05-16\results.csv
[2025-08-18 19:05:25.394] [INFO] 已生成报告: reports\2025-08-18_19-05-16\report.html
[2025-08-18 19:05:25.418] [DEBUG] 串口已关闭
[2025-08-18 19:05:25.429] [INFO] 程序结束
