[2025-08-27 20:16:23.541] [INFO] 初始化 BLE 协议通信...
[2025-08-27 20:16:23.752] [INFO] 加载用例 5 条 来自: testcases.xlsx
[2025-08-27 20:16:23.798] [INFO] ==== 执行用例 #1 ====
[2025-08-27 20:16:23.802] [INFO] 参数: {'screen_on': 1, 'brightness': 7, 'digital': 88, 'logo': 1, 'rim_state': 1, 'rdygo': 1, 'turn_left': 2, 'turn_right': 2, 'ring': 2, 'ble_id': 96, 'ble_cmd': 3, 'ble_reg_addr': 8, 'ble_reg_nums': 1} | 备注: 基本点亮 + 白LOGO + 左右转向橙
[2025-08-27 20:16:23.835] [DEBUG] 修改后的LED显示信息:
[2025-08-27 20:16:23.844] [INFO]   屏幕状态: 开
  亮度级别: 7
  数字显示: 88
  LOGO状态: 1 (0关, 1白, 2红)
  护盾状态: 1 (0关, 1白, 2绿)
  ReadyGo状态: 1 (0关, 1白, 2红)
  左转向灯: 2 (0关, 1白, 2橙)
  右转向灯: 2 (0关, 1白, 2橙)
  灯环状态: 2 (0关, 1蓝, 2红)
[2025-08-27 20:16:23.862] [DEBUG] 使用的ppx_ble_msg_t结构体:
[2025-08-27 20:16:23.872] [INFO]   ID: 0x60
  命令: 0x03 (写)
  寄存器地址: 0x08
  寄存器数量: 1
[2025-08-27 20:16:23.883] [DEBUG] 组包成功，数据长度: 21 字节
[2025-08-27 20:16:23.890] [DEBUG] 发送数据: A5 60 9F A5 03 0D 3B 42 33 33 33 0B 7D 38 33 33 33 33 33 BA 55
[2025-08-27 20:16:24.913] [DEBUG] 接收数据: A5 60 9F A5 83 55 33 93 7F 63 64 33 33 33 33 33 33 33 33 33 33 33 33 33 33 33 33 33 33 33 33 33 33 33 33 33 33 33 33 33 33 33 33 89 66 69 66 65 85 64 63 64 76 63 64 92 75 A7 63 65 33 33 33 33 33 33 33 42 33 33 33 42 33 33 33 0B 7D 38 33 33 33 33 33 33 33 33 33 33 33 33 33 D7 55
[2025-08-27 20:16:24.979] [DEBUG] 数据解析成功:
[2025-08-27 20:16:24.993] [INFO]   ID: 0x60
  命令: 0x83 (读)
  寄存器地址: 0x00
  寄存器数量: 0
[2025-08-27 20:16:25.017] [DEBUG] 使用的ppx_ble_msg_t结构体(读取操作):
[2025-08-27 20:16:25.030] [INFO]   ID: 0x60
  命令: 0x01 (读)
  寄存器地址: 0x08
  寄存器数量: 1
[2025-08-27 20:16:25.056] [DEBUG] 组包成功，数据长度: 21 字节
[2025-08-27 20:16:25.071] [DEBUG] 发送数据: A5 60 9F A5 01 0D 3B 42 33 33 33 0B 7D 38 33 33 33 33 33 FD 55
[2025-08-27 20:16:26.106] [DEBUG] 接收数据: A5 60 9F A5 81 0D 3B 42 33 33 33 0B 7D 38 33 33 33 33 33 CA 55
[2025-08-27 20:16:26.168] [DEBUG] 数据解析成功:
[2025-08-27 20:16:26.179] [INFO]   ID: 0x60
  命令: 0x81 (读)
  寄存器地址: 0x08
  寄存器数量: 0
[2025-08-27 20:16:26.200] [INFO] 
全局变量中的LED显示信息已更新:
[2025-08-27 20:16:26.218] [INFO]   屏幕状态: 开
  亮度级别: 7
  数字显示: 88
  LOGO状态: 1 (0关, 1白, 2红)
  护盾状态: 1 (0关, 1白, 2绿)
  ReadyGo状态: 1 (0关, 1白, 2红)
  左转向灯: 2 (0关, 1白, 2橙)
  右转向灯: 2 (0关, 1白, 2橙)
  灯环状态: 2 (0关, 1蓝, 2红)
[2025-08-27 20:16:26.235] [INFO] 结果: PASS | 用时: 2.437s
[2025-08-27 20:16:26.445] [INFO] ==== 执行用例 #2 ====
[2025-08-27 20:16:26.485] [INFO] 参数: {'screen_on': 0, 'brightness': 3, 'digital': 0, 'logo': 0, 'rim_state': 0, 'rdygo': 0, 'turn_left': 0, 'turn_right': 0, 'ring': 0, 'ble_id': 96, 'ble_cmd': 3, 'ble_reg_addr': 8, 'ble_reg_nums': 1} | 备注: 关闭显示，校验全部为0（除 brightness）
[2025-08-27 20:16:26.527] [DEBUG] 修改后的LED显示信息:
[2025-08-27 20:16:26.543] [INFO]   屏幕状态: 关
  亮度级别: 3
  数字显示: 0
  LOGO状态: 0 (0关, 1白, 2红)
  护盾状态: 0 (0关, 1白, 2绿)
  ReadyGo状态: 0 (0关, 1白, 2红)
  左转向灯: 0 (0关, 1白, 2橙)
  右转向灯: 0 (0关, 1白, 2橙)
  灯环状态: 0 (0关, 1蓝, 2红)
[2025-08-27 20:16:26.563] [DEBUG] 使用的ppx_ble_msg_t结构体:
[2025-08-27 20:16:26.575] [INFO]   ID: 0x60
  命令: 0x03 (写)
  寄存器地址: 0x08
  寄存器数量: 1
[2025-08-27 20:16:26.591] [DEBUG] 组包成功，数据长度: 21 字节
[2025-08-27 20:16:26.600] [DEBUG] 发送数据: A5 60 9F A5 03 0D 3B 39 33 33 33 33 33 33 33 33 33 33 33 12 55
[2025-08-27 20:16:27.621] [DEBUG] 接收数据: A5 60 9F A5 83 55 33 93 7F 63 64 33 33 33 33 33 33 33 33 33 33 33 33 33 33 33 33 33 33 33 33 33 33 33 33 33 33 33 33 33 33 33 33 89 66 69 66 65 85 64 63 64 76 63 64 92 75 A7 63 65 33 33 33 33 33 37 33 36 33 33 33 39 33 33 33 33 33 33 33 33 33 33 33 33 33 33 33 33 33 33 33 BE 55
[2025-08-27 20:16:27.664] [DEBUG] 数据解析成功:
[2025-08-27 20:16:27.678] [INFO]   ID: 0x60
  命令: 0x83 (读)
  寄存器地址: 0x00
  寄存器数量: 0
[2025-08-27 20:16:27.699] [DEBUG] 使用的ppx_ble_msg_t结构体(读取操作):
[2025-08-27 20:16:27.712] [INFO]   ID: 0x60
  命令: 0x01 (读)
  寄存器地址: 0x08
  寄存器数量: 1
[2025-08-27 20:16:27.736] [DEBUG] 组包成功，数据长度: 21 字节
[2025-08-27 20:16:27.750] [DEBUG] 发送数据: A5 60 9F A5 01 0D 3B 39 33 33 33 33 33 33 33 33 33 33 33 55 55
[2025-08-27 20:16:28.782] [DEBUG] 接收数据: A5 60 9F A5 81 0D 3B 39 33 33 33 33 33 33 33 33 33 33 33 62 55
[2025-08-27 20:16:28.869] [DEBUG] 数据解析成功:
[2025-08-27 20:16:28.880] [INFO]   ID: 0x60
  命令: 0x81 (读)
  寄存器地址: 0x08
  寄存器数量: 0
[2025-08-27 20:16:28.900] [INFO] 
全局变量中的LED显示信息已更新:
[2025-08-27 20:16:28.920] [INFO]   屏幕状态: 关
  亮度级别: 3
  数字显示: 0
  LOGO状态: 0 (0关, 1白, 2红)
  护盾状态: 0 (0关, 1白, 2绿)
  ReadyGo状态: 0 (0关, 1白, 2红)
  左转向灯: 0 (0关, 1白, 2橙)
  右转向灯: 0 (0关, 1白, 2橙)
  灯环状态: 0 (0关, 1蓝, 2红)
[2025-08-27 20:16:28.936] [INFO] 结果: PASS | 用时: 2.491s
[2025-08-27 20:16:29.147] [INFO] ==== 执行用例 #3 ====
[2025-08-27 20:16:29.191] [INFO] 参数: {'screen_on': 1, 'brightness': 7, 'digital': 11, 'logo': 1, 'rim_state': 0, 'rdygo': 0, 'turn_left': 0, 'turn_right': 0, 'ring': 0, 'ble_id': 96, 'ble_cmd': 3, 'ble_reg_addr': 8, 'ble_reg_nums': 1} | 备注: 关闭显示，校验全部为0（除 brightness）
[2025-08-27 20:16:29.234] [DEBUG] 修改后的LED显示信息:
[2025-08-27 20:16:29.250] [INFO]   屏幕状态: 开
  亮度级别: 7
  数字显示: 11
  LOGO状态: 1 (0关, 1白, 2红)
  护盾状态: 0 (0关, 1白, 2绿)
  ReadyGo状态: 0 (0关, 1白, 2红)
  左转向灯: 0 (0关, 1白, 2橙)
  右转向灯: 0 (0关, 1白, 2橙)
  灯环状态: 0 (0关, 1蓝, 2红)
[2025-08-27 20:16:29.269] [DEBUG] 使用的ppx_ble_msg_t结构体:
[2025-08-27 20:16:29.283] [INFO]   ID: 0x60
  命令: 0x03 (写)
  寄存器地址: 0x08
  寄存器数量: 1
[2025-08-27 20:16:29.297] [DEBUG] 组包成功，数据长度: 21 字节
[2025-08-27 20:16:29.307] [DEBUG] 发送数据: A5 60 9F A5 03 0D 3B 42 33 33 33 BE 33 33 33 33 33 33 33 B8 55
[2025-08-27 20:16:30.328] [DEBUG] 接收数据: A5 60 9F A5 83 55 33 93 7F 63 64 33 33 33 33 33 33 33 33 33 33 33 33 33 33 33 33 33 33 33 33 33 33 33 33 33 33 33 33 33 33 33 33 89 66 69 66 65 85 64 63 64 76 63 64 92 75 A7 63 65 33 33 33 33 33 37 33 43 33 33 33 42 33 33 33 BE 33 33 33 33 33 33 33 33 33 33 33 33 33 33 33 FB 55
[2025-08-27 20:16:30.376] [DEBUG] 数据解析成功:
[2025-08-27 20:16:30.389] [INFO]   ID: 0x60
  命令: 0x83 (读)
  寄存器地址: 0x00
  寄存器数量: 0
[2025-08-27 20:16:30.412] [DEBUG] 使用的ppx_ble_msg_t结构体(读取操作):
[2025-08-27 20:16:30.427] [INFO]   ID: 0x60
  命令: 0x01 (读)
  寄存器地址: 0x08
  寄存器数量: 1
[2025-08-27 20:16:30.455] [DEBUG] 组包成功，数据长度: 21 字节
[2025-08-27 20:16:30.469] [DEBUG] 发送数据: A5 60 9F A5 01 0D 3B 42 33 33 33 BE 33 33 33 33 33 33 33 FF 55
[2025-08-27 20:16:31.499] [DEBUG] 接收数据: A5 60 9F A5 81 0D 3B 42 33 33 33 BE 33 33 33 33 33 33 33 C8 55
[2025-08-27 20:16:31.532] [DEBUG] 数据解析成功:
[2025-08-27 20:16:31.542] [INFO]   ID: 0x60
  命令: 0x81 (读)
  寄存器地址: 0x08
  寄存器数量: 0
[2025-08-27 20:16:31.562] [INFO] 
全局变量中的LED显示信息已更新:
[2025-08-27 20:16:31.581] [INFO]   屏幕状态: 开
  亮度级别: 7
  数字显示: 11
  LOGO状态: 1 (0关, 1白, 2红)
  护盾状态: 0 (0关, 1白, 2绿)
  ReadyGo状态: 0 (0关, 1白, 2红)
  左转向灯: 0 (0关, 1白, 2橙)
  右转向灯: 0 (0关, 1白, 2橙)
  灯环状态: 0 (0关, 1蓝, 2红)
[2025-08-27 20:16:31.598] [INFO] 结果: FAIL | 用时: 2.452s
[2025-08-27 20:16:31.807] [INFO] ==== 执行用例 #4 ====
[2025-08-27 20:16:31.856] [INFO] 参数: {'screen_on': 1, 'brightness': 7, 'digital': 22, 'logo': 1, 'rim_state': 0, 'rdygo': 0, 'turn_left': 0, 'turn_right': 0, 'ring': 0, 'ble_id': 96, 'ble_cmd': 3, 'ble_reg_addr': 8, 'ble_reg_nums': 1} | 备注: 关闭显示，校验全部为0（除 brightness）
[2025-08-27 20:16:31.897] [DEBUG] 修改后的LED显示信息:
[2025-08-27 20:16:31.912] [INFO]   屏幕状态: 开
  亮度级别: 7
  数字显示: 22
  LOGO状态: 1 (0关, 1白, 2红)
  护盾状态: 0 (0关, 1白, 2绿)
  ReadyGo状态: 0 (0关, 1白, 2红)
  左转向灯: 0 (0关, 1白, 2橙)
  右转向灯: 0 (0关, 1白, 2橙)
  灯环状态: 0 (0关, 1蓝, 2红)
[2025-08-27 20:16:31.932] [DEBUG] 使用的ppx_ble_msg_t结构体:
[2025-08-27 20:16:31.945] [INFO]   ID: 0x60
  命令: 0x03 (写)
  寄存器地址: 0x08
  寄存器数量: 1
[2025-08-27 20:16:31.959] [DEBUG] 组包成功，数据长度: 21 字节
[2025-08-27 20:16:31.967] [DEBUG] 发送数据: A5 60 9F A5 03 0D 3B 42 33 33 33 C9 33 33 33 33 33 33 33 45 55
[2025-08-27 20:16:32.989] [DEBUG] 接收数据: A5 60 9F A5 83 55 33 93 7F 63 64 33 33 33 33 33 33 33 33 33 33 33 33 33 33 33 33 33 33 33 33 33 33 33 33 33 33 33 33 33 33 33 33 89 66 69 66 65 85 64 63 64 76 63 64 92 75 A7 63 65 33 33 33 33 33 37 33 37 33 33 33 42 33 33 33 C9 33 33 33 33 33 33 33 33 33 33 33 33 33 33 33 2C 55
[2025-08-27 20:16:33.067] [DEBUG] 数据解析成功:
[2025-08-27 20:16:33.080] [INFO]   ID: 0x60
  命令: 0x83 (读)
  寄存器地址: 0x00
  寄存器数量: 0
[2025-08-27 20:16:33.102] [DEBUG] 使用的ppx_ble_msg_t结构体(读取操作):
[2025-08-27 20:16:33.115] [INFO]   ID: 0x60
  命令: 0x01 (读)
  寄存器地址: 0x08
  寄存器数量: 1
[2025-08-27 20:16:33.140] [DEBUG] 组包成功，数据长度: 21 字节
[2025-08-27 20:16:33.156] [DEBUG] 发送数据: A5 60 9F A5 01 0D 3B 42 33 33 33 C9 33 33 33 33 33 33 33 02 55
[2025-08-27 20:16:34.187] [DEBUG] 接收数据: A5 60 9F A5 81 0D 3B 42 33 33 33 C9 33 33 33 33 33 33 33 35 55
[2025-08-27 20:16:34.267] [DEBUG] 数据解析成功:
[2025-08-27 20:16:34.278] [INFO]   ID: 0x60
  命令: 0x81 (读)
  寄存器地址: 0x08
  寄存器数量: 0
[2025-08-27 20:16:34.296] [INFO] 
全局变量中的LED显示信息已更新:
[2025-08-27 20:16:34.316] [INFO]   屏幕状态: 开
  亮度级别: 7
  数字显示: 22
  LOGO状态: 1 (0关, 1白, 2红)
  护盾状态: 0 (0关, 1白, 2绿)
  ReadyGo状态: 0 (0关, 1白, 2红)
  左转向灯: 0 (0关, 1白, 2橙)
  右转向灯: 0 (0关, 1白, 2橙)
  灯环状态: 0 (0关, 1蓝, 2红)
[2025-08-27 20:16:34.333] [INFO] 结果: FAIL | 用时: 2.525s
[2025-08-27 20:16:34.543] [INFO] ==== 执行用例 #5 ====
[2025-08-27 20:16:34.584] [INFO] 参数: {'screen_on': 1, 'brightness': 9, 'digital': 99, 'logo': 1, 'rim_state': 0, 'rdygo': 0, 'turn_left': 0, 'turn_right': 0, 'ring': 0, 'ble_id': 96, 'ble_cmd': 3, 'ble_reg_addr': 8, 'ble_reg_nums': 1} | 备注: 关闭显示，校验全部为0（除 brightness）
[2025-08-27 20:16:34.624] [DEBUG] 修改后的LED显示信息:
[2025-08-27 20:16:34.640] [INFO]   屏幕状态: 开
  亮度级别: 1
  数字显示: 99
  LOGO状态: 1 (0关, 1白, 2红)
  护盾状态: 0 (0关, 1白, 2绿)
  ReadyGo状态: 0 (0关, 1白, 2红)
  左转向灯: 0 (0关, 1白, 2橙)
  右转向灯: 0 (0关, 1白, 2橙)
  灯环状态: 0 (0关, 1蓝, 2红)
[2025-08-27 20:16:34.660] [DEBUG] 使用的ppx_ble_msg_t结构体:
[2025-08-27 20:16:34.671] [INFO]   ID: 0x60
  命令: 0x03 (写)
  寄存器地址: 0x08
  寄存器数量: 1
[2025-08-27 20:16:34.685] [DEBUG] 组包成功，数据长度: 21 字节
[2025-08-27 20:16:34.694] [DEBUG] 发送数据: A5 60 9F A5 03 0D 3B 36 33 33 33 16 33 33 33 33 33 33 33 67 55
[2025-08-27 20:16:35.720] [DEBUG] 接收数据: A5 60 9F A5 83 55 33 93 7F 63 64 33 33 33 33 33 33 33 33 33 33 33 33 33 33 33 33 33 33 33 33 33 33 33 33 33 33 33 33 33 33 33 33 89 66 69 66 65 85 64 63 64 76 63 64 92 75 A7 63 65 33 33 33 33 33 37 33 37 33 33 33 36 33 33 33 16 33 33 33 33 33 33 33 33 33 33 33 33 33 33 33 62 55
[2025-08-27 20:16:35.816] [DEBUG] 数据解析成功:
[2025-08-27 20:16:35.832] [INFO]   ID: 0x60
  命令: 0x83 (读)
  寄存器地址: 0x00
  寄存器数量: 0
[2025-08-27 20:16:35.854] [DEBUG] 使用的ppx_ble_msg_t结构体(读取操作):
[2025-08-27 20:16:35.867] [INFO]   ID: 0x60
  命令: 0x01 (读)
  寄存器地址: 0x08
  寄存器数量: 1
[2025-08-27 20:16:35.892] [DEBUG] 组包成功，数据长度: 21 字节
[2025-08-27 20:16:35.911] [DEBUG] 发送数据: A5 60 9F A5 01 0D 3B 36 33 33 33 16 33 33 33 33 33 33 33 20 55
[2025-08-27 20:16:36.941] [DEBUG] 接收数据: A5 60 9F A5 81 0D 3B 36 33 33 33 16 33 33 33 33 33 33 33 17 55
[2025-08-27 20:16:37.009] [DEBUG] 数据解析成功:
[2025-08-27 20:16:37.022] [INFO]   ID: 0x60
  命令: 0x81 (读)
  寄存器地址: 0x08
  寄存器数量: 0
[2025-08-27 20:16:37.040] [INFO] 
全局变量中的LED显示信息已更新:
[2025-08-27 20:16:37.058] [INFO]   屏幕状态: 开
  亮度级别: 1
  数字显示: 99
  LOGO状态: 1 (0关, 1白, 2红)
  护盾状态: 0 (0关, 1白, 2绿)
  ReadyGo状态: 0 (0关, 1白, 2红)
  左转向灯: 0 (0关, 1白, 2橙)
  右转向灯: 0 (0关, 1白, 2橙)
  灯环状态: 0 (0关, 1蓝, 2红)
[2025-08-27 20:16:37.074] [INFO] 结果: FAIL | 用时: 2.531s
[2025-08-27 20:16:37.286] [DEBUG] 串口已关闭
[2025-08-27 20:16:37.328] [INFO] 程序结束
