[2025-08-19 20:37:20.156] [INFO] 初始化 BLE 协议通信...
[2025-08-19 20:37:21.535] [INFO] 加载用例 10 条 来自: testcases.xlsx
[2025-08-19 20:37:21.566] [INFO] ==== 执行用例 #1 ====
[2025-08-19 20:37:21.566] [INFO] 参数: {'screen_on': 1, 'brightness': 0, 'digital': 0, 'logo': 0, 'rim_state': 0, 'rdygo': 0, 'turn_left': 0, 'turn_right': 0, 'ring': 0} | 备注: 
[2025-08-19 20:37:21.586] [DEBUG] 修改后的LED显示信息:
[2025-08-19 20:37:21.603] [INFO]   屏幕状态: 开
  亮度级别: 0
  数字显示: 0
  LOGO状态: 0 (0关, 1白, 2红)
  护盾状态: 0 (0关, 1白, 2绿)
  ReadyGo状态: 0 (0关, 1白, 2红)
  左转向灯: 0 (0关, 1白, 2橙)
  右转向灯: 0 (0关, 1白, 2橙)
  灯环状态: 0 (0关, 1蓝, 2红)
[2025-08-19 20:37:21.614] [DEBUG] 组包成功，数据长度: 21 字节
[2025-08-19 20:37:21.614] [DEBUG] 发送数据: A5 60 9F A5 03 0D 3B 34 33 33 33 33 33 33 33 33 33 33 33 C9 55
[2025-08-19 20:37:22.646] [DEBUG] 接收数据: A5 60 9F A5 83 55 33 93 7F 63 64 33 33 33 33 33 33 33 33 33 33 33 33 33 33 33 33 33 33 33 33 33 33 33 33 33 33 33 33 33 33 33 33 89 66 69 66 65 85 64 63 64 76 63 64 92 75 A7 63 65 33 33 33 34 33 37 33 36 33 33 33 34 33 33 33 33 33 33 33 33 33 33 33 33 33 33 33 33 33 33 33 49 55
[2025-08-19 20:37:22.704] [DEBUG] 数据解析成功:
[2025-08-19 20:37:22.725] [INFO]   ID: 0x60
  命令: 0x83 (读)
  寄存器地址: 0x00
  寄存器数量: 0
[2025-08-19 20:37:22.736] [DEBUG] 组包成功，数据长度: 21 字节
[2025-08-19 20:37:22.758] [DEBUG] 发送数据: A5 60 9F A5 01 0D 3B 34 33 33 33 33 33 33 33 33 33 33 33 8E 55
[2025-08-19 20:37:23.786] [DEBUG] 接收数据: A5 60 9F A5 81 0D 3B 34 33 33 33 33 33 33 33 33 33 33 33 B9 55
[2025-08-19 20:37:23.814] [DEBUG] 数据解析成功:
[2025-08-19 20:37:23.822] [INFO]   ID: 0x60
  命令: 0x81 (读)
  寄存器地址: 0x08
  寄存器数量: 0
[2025-08-19 20:37:23.848] [INFO] 
全局变量中的LED显示信息已更新:
[2025-08-19 20:37:23.872] [INFO]   屏幕状态: 开
  亮度级别: 0
  数字显示: 0
  LOGO状态: 0 (0关, 1白, 2红)
  护盾状态: 0 (0关, 1白, 2绿)
  ReadyGo状态: 0 (0关, 1白, 2红)
  左转向灯: 0 (0关, 1白, 2橙)
  右转向灯: 0 (0关, 1白, 2橙)
  灯环状态: 0 (0关, 1蓝, 2红)
[2025-08-19 20:37:23.886] [INFO] 结果: PASS | 用时: 2.320s
[2025-08-19 20:37:23.886] [INFO] ==== 执行用例 #2 ====
[2025-08-19 20:37:23.902] [INFO] 参数: {'screen_on': 1, 'brightness': 0, 'digital': 0, 'logo': 0, 'rim_state': 0, 'rdygo': 0, 'turn_left': 0, 'turn_right': 0, 'ring': 0} | 备注: 
[2025-08-19 20:37:23.929] [DEBUG] 修改后的LED显示信息:
[2025-08-19 20:37:23.938] [INFO]   屏幕状态: 开
  亮度级别: 0
  数字显示: 0
  LOGO状态: 0 (0关, 1白, 2红)
  护盾状态: 0 (0关, 1白, 2绿)
  ReadyGo状态: 0 (0关, 1白, 2红)
  左转向灯: 0 (0关, 1白, 2橙)
  右转向灯: 0 (0关, 1白, 2橙)
  灯环状态: 0 (0关, 1蓝, 2红)
[2025-08-19 20:37:23.952] [DEBUG] 组包成功，数据长度: 21 字节
[2025-08-19 20:37:23.962] [DEBUG] 发送数据: A5 60 9F A5 03 0D 3B 34 33 33 33 33 33 33 33 33 33 33 33 C9 55
[2025-08-19 20:37:24.983] [DEBUG] 接收数据: A5 60 9F A5 83 55 33 93 7F 63 64 33 33 33 33 33 33 33 33 33 33 33 33 33 33 33 33 33 33 33 33 33 33 33 33 33 33 33 33 33 33 33 33 89 66 69 66 65 85 64 63 64 76 63 64 92 75 A7 63 65 33 33 33 3E 33 33 33 37 33 33 33 34 33 33 33 33 33 33 33 33 33 33 33 33 33 33 33 33 33 33 33 B6 55
[2025-08-19 20:37:25.025] [DEBUG] 数据解析成功:
[2025-08-19 20:37:25.033] [INFO]   ID: 0x60
  命令: 0x83 (读)
  寄存器地址: 0x00
  寄存器数量: 0
[2025-08-19 20:37:25.049] [DEBUG] 组包成功，数据长度: 21 字节
[2025-08-19 20:37:25.064] [DEBUG] 发送数据: A5 60 9F A5 01 0D 3B 34 33 33 33 33 33 33 33 33 33 33 33 8E 55
[2025-08-19 20:37:26.091] [DEBUG] 接收数据: A5 60 9F A5 81 0D 3B 34 33 33 33 33 33 33 33 33 33 33 33 B9 55
[2025-08-19 20:37:26.122] [DEBUG] 数据解析成功:
[2025-08-19 20:37:26.136] [INFO]   ID: 0x60
  命令: 0x81 (读)
  寄存器地址: 0x08
  寄存器数量: 0
[2025-08-19 20:37:26.147] [INFO] 
全局变量中的LED显示信息已更新:
[2025-08-19 20:37:26.175] [INFO]   屏幕状态: 开
  亮度级别: 0
  数字显示: 0
  LOGO状态: 0 (0关, 1白, 2红)
  护盾状态: 0 (0关, 1白, 2绿)
  ReadyGo状态: 0 (0关, 1白, 2红)
  左转向灯: 0 (0关, 1白, 2橙)
  右转向灯: 0 (0关, 1白, 2橙)
  灯环状态: 0 (0关, 1蓝, 2红)
[2025-08-19 20:37:26.190] [INFO] 结果: PASS | 用时: 2.304s
[2025-08-19 20:37:26.194] [INFO] ==== 执行用例 #3 ====
[2025-08-19 20:37:26.204] [INFO] 参数: {'screen_on': 1, 'brightness': 0, 'digital': 0, 'logo': 0, 'rim_state': 0, 'rdygo': 0, 'turn_left': 0, 'turn_right': 0, 'ring': 0} | 备注: 
[2025-08-19 20:37:26.226] [DEBUG] 修改后的LED显示信息:
[2025-08-19 20:37:26.246] [INFO]   屏幕状态: 开
  亮度级别: 0
  数字显示: 0
  LOGO状态: 0 (0关, 1白, 2红)
  护盾状态: 0 (0关, 1白, 2绿)
  ReadyGo状态: 0 (0关, 1白, 2红)
  左转向灯: 0 (0关, 1白, 2橙)
  右转向灯: 0 (0关, 1白, 2橙)
  灯环状态: 0 (0关, 1蓝, 2红)
[2025-08-19 20:37:26.257] [DEBUG] 组包成功，数据长度: 21 字节
[2025-08-19 20:37:26.269] [DEBUG] 发送数据: A5 60 9F A5 03 0D 3B 34 33 33 33 33 33 33 33 33 33 33 33 C9 55
[2025-08-19 20:37:27.292] [DEBUG] 接收数据: A5 60 9F A5 83 55 33 93 7F 63 64 33 33 33 33 33 33 33 33 33 33 33 33 33 33 33 33 33 33 33 33 33 33 33 33 33 33 33 33 33 33 33 33 89 66 69 66 65 85 64 63 64 76 63 64 92 75 A7 63 65 33 33 33 3E 33 33 33 3A 33 33 33 34 33 33 33 33 33 33 33 33 33 33 33 33 33 33 33 33 33 33 33 18 55
[2025-08-19 20:37:27.337] [DEBUG] 数据解析成功:
[2025-08-19 20:37:27.344] [INFO]   ID: 0x60
  命令: 0x83 (读)
  寄存器地址: 0x00
  寄存器数量: 0
[2025-08-19 20:37:27.360] [DEBUG] 组包成功，数据长度: 21 字节
[2025-08-19 20:37:27.376] [DEBUG] 发送数据: A5 60 9F A5 01 0D 3B 34 33 33 33 33 33 33 33 33 33 33 33 8E 55
[2025-08-19 20:37:28.413] [DEBUG] 接收数据: A5 60 9F A5 81 0D 3B 34 33 33 33 33 33 33 33 33 33 33 33 B9 55
[2025-08-19 20:37:28.486] [DEBUG] 数据解析成功:
[2025-08-19 20:37:28.500] [INFO]   ID: 0x60
  命令: 0x81 (读)
  寄存器地址: 0x08
  寄存器数量: 0
[2025-08-19 20:37:28.513] [INFO] 
全局变量中的LED显示信息已更新:
[2025-08-19 20:37:28.540] [INFO]   屏幕状态: 开
  亮度级别: 0
  数字显示: 0
  LOGO状态: 0 (0关, 1白, 2红)
  护盾状态: 0 (0关, 1白, 2绿)
  ReadyGo状态: 0 (0关, 1白, 2红)
  左转向灯: 0 (0关, 1白, 2橙)
  右转向灯: 0 (0关, 1白, 2橙)
  灯环状态: 0 (0关, 1蓝, 2红)
[2025-08-19 20:37:28.552] [INFO] 结果: PASS | 用时: 2.358s
[2025-08-19 20:37:28.561] [INFO] ==== 执行用例 #4 ====
[2025-08-19 20:37:28.561] [INFO] 参数: {'screen_on': 1, 'brightness': 0, 'digital': 0, 'logo': 0, 'rim_state': 0, 'rdygo': 0, 'turn_left': 0, 'turn_right': 0, 'ring': 0} | 备注: 
[2025-08-19 20:37:28.598] [DEBUG] 修改后的LED显示信息:
[2025-08-19 20:37:28.598] [INFO]   屏幕状态: 开
  亮度级别: 0
  数字显示: 0
  LOGO状态: 0 (0关, 1白, 2红)
  护盾状态: 0 (0关, 1白, 2绿)
  ReadyGo状态: 0 (0关, 1白, 2红)
  左转向灯: 0 (0关, 1白, 2橙)
  右转向灯: 0 (0关, 1白, 2橙)
  灯环状态: 0 (0关, 1蓝, 2红)
[2025-08-19 20:37:28.620] [DEBUG] 组包成功，数据长度: 21 字节
[2025-08-19 20:37:28.625] [DEBUG] 发送数据: A5 60 9F A5 03 0D 3B 34 33 33 33 33 33 33 33 33 33 33 33 C9 55
[2025-08-19 20:37:29.651] [DEBUG] 接收数据: A5 60 9F A5 83 55 33 93 7F 63 64 33 33 33 33 33 33 33 33 33 33 33 33 33 33 33 33 33 33 33 33 33 33 33 33 33 33 33 33 33 33 33 33 89 66 69 66 65 85 64 63 64 76 63 64 92 75 A7 63 65 33 33 33 3E 33 33 33 3A 33 33 33 34 33 33 33 33 33 33 33 33 33 33 33 33 33 33 33 33 33 33 33 18 55
[2025-08-19 20:37:29.709] [DEBUG] 数据解析成功:
[2025-08-19 20:37:29.725] [INFO]   ID: 0x60
  命令: 0x83 (读)
  寄存器地址: 0x00
  寄存器数量: 0
[2025-08-19 20:37:29.750] [DEBUG] 组包成功，数据长度: 21 字节
[2025-08-19 20:37:29.757] [DEBUG] 发送数据: A5 60 9F A5 01 0D 3B 34 33 33 33 33 33 33 33 33 33 33 33 8E 55
[2025-08-19 20:37:30.790] [DEBUG] 接收数据: A5 60 9F A5 81 0D 3B 34 33 33 33 33 33 33 33 33 33 33 33 B9 55
[2025-08-19 20:37:30.864] [DEBUG] 数据解析成功:
[2025-08-19 20:37:30.878] [INFO]   ID: 0x60
  命令: 0x81 (读)
  寄存器地址: 0x08
  寄存器数量: 0
[2025-08-19 20:37:30.892] [INFO] 
全局变量中的LED显示信息已更新:
[2025-08-19 20:37:30.908] [INFO]   屏幕状态: 开
  亮度级别: 0
  数字显示: 0
  LOGO状态: 0 (0关, 1白, 2红)
  护盾状态: 0 (0关, 1白, 2绿)
  ReadyGo状态: 0 (0关, 1白, 2红)
  左转向灯: 0 (0关, 1白, 2橙)
  右转向灯: 0 (0关, 1白, 2橙)
  灯环状态: 0 (0关, 1蓝, 2红)
[2025-08-19 20:37:30.931] [INFO] 结果: PASS | 用时: 2.370s
[2025-08-19 20:37:30.940] [INFO] ==== 执行用例 #5 ====
[2025-08-19 20:37:30.940] [INFO] 参数: {'screen_on': 1, 'brightness': 0, 'digital': 0, 'logo': 0, 'rim_state': 0, 'rdygo': 0, 'turn_left': 0, 'turn_right': 0, 'ring': 0} | 备注: 
[2025-08-19 20:37:30.972] [DEBUG] 修改后的LED显示信息:
[2025-08-19 20:37:30.984] [INFO]   屏幕状态: 开
  亮度级别: 0
  数字显示: 0
  LOGO状态: 0 (0关, 1白, 2红)
  护盾状态: 0 (0关, 1白, 2绿)
  ReadyGo状态: 0 (0关, 1白, 2红)
  左转向灯: 0 (0关, 1白, 2橙)
  右转向灯: 0 (0关, 1白, 2橙)
  灯环状态: 0 (0关, 1蓝, 2红)
[2025-08-19 20:37:30.997] [DEBUG] 组包成功，数据长度: 21 字节
[2025-08-19 20:37:31.005] [DEBUG] 发送数据: A5 60 9F A5 03 0D 3B 34 33 33 33 33 33 33 33 33 33 33 33 C9 55
[2025-08-19 20:37:32.019] [DEBUG] 接收数据: A5 60 9F A5 83 55 33 93 7F 63 64 33 33 33 33 33 33 33 33 33 33 33 33 33 33 33 33 33 33 33 33 33 33 33 33 33 33 33 33 33 33 33 33 89 66 69 66 65 85 64 63 64 76 63 64 92 75 A7 63 65 33 33 33 3E 33 33 33 3A 33 33 33 34 33 33 33 33 33 33 33 33 33 33 33 33 33 33 33 33 33 33 33 18 55
[2025-08-19 20:37:32.055] [DEBUG] 数据解析成功:
[2025-08-19 20:37:32.067] [INFO]   ID: 0x60
  命令: 0x83 (读)
  寄存器地址: 0x00
  寄存器数量: 0
[2025-08-19 20:37:32.086] [DEBUG] 组包成功，数据长度: 21 字节
[2025-08-19 20:37:32.097] [DEBUG] 发送数据: A5 60 9F A5 01 0D 3B 34 33 33 33 33 33 33 33 33 33 33 33 8E 55
[2025-08-19 20:37:33.122] [DEBUG] 接收数据: A5 60 9F A5 81 0D 3B 34 33 33 33 33 33 33 33 33 33 33 33 B9 55
[2025-08-19 20:37:33.170] [DEBUG] 数据解析成功:
[2025-08-19 20:37:33.186] [INFO]   ID: 0x60
  命令: 0x81 (读)
  寄存器地址: 0x08
  寄存器数量: 0
[2025-08-19 20:37:33.202] [INFO] 
全局变量中的LED显示信息已更新:
[2025-08-19 20:37:33.220] [INFO]   屏幕状态: 开
  亮度级别: 0
  数字显示: 0
  LOGO状态: 0 (0关, 1白, 2红)
  护盾状态: 0 (0关, 1白, 2绿)
  ReadyGo状态: 0 (0关, 1白, 2红)
  左转向灯: 0 (0关, 1白, 2橙)
  右转向灯: 0 (0关, 1白, 2橙)
  灯环状态: 0 (0关, 1蓝, 2红)
[2025-08-19 20:37:33.236] [INFO] 结果: PASS | 用时: 2.296s
[2025-08-19 20:37:33.244] [INFO] ==== 执行用例 #6 ====
[2025-08-19 20:37:33.252] [INFO] 参数: {'screen_on': 1, 'brightness': 0, 'digital': 0, 'logo': 0, 'rim_state': 0, 'rdygo': 0, 'turn_left': 0, 'turn_right': 0, 'ring': 0} | 备注: 
[2025-08-19 20:37:33.281] [DEBUG] 修改后的LED显示信息:
[2025-08-19 20:37:33.281] [INFO]   屏幕状态: 开
  亮度级别: 0
  数字显示: 0
  LOGO状态: 0 (0关, 1白, 2红)
  护盾状态: 0 (0关, 1白, 2绿)
  ReadyGo状态: 0 (0关, 1白, 2红)
  左转向灯: 0 (0关, 1白, 2橙)
  右转向灯: 0 (0关, 1白, 2橙)
  灯环状态: 0 (0关, 1蓝, 2红)
[2025-08-19 20:37:33.308] [DEBUG] 组包成功，数据长度: 21 字节
[2025-08-19 20:37:33.319] [DEBUG] 发送数据: A5 60 9F A5 03 0D 3B 34 33 33 33 33 33 33 33 33 33 33 33 C9 55
[2025-08-19 20:37:34.346] [DEBUG] 接收数据: A5 60 9F A5 83 55 33 93 7F 63 64 33 33 33 33 33 33 33 33 33 33 33 33 33 33 33 33 33 33 33 33 33 33 33 33 33 33 33 33 33 33 33 33 89 66 69 66 65 85 64 63 64 76 63 64 92 75 A7 63 65 33 33 33 3E 33 33 33 37 33 33 33 34 33 33 33 33 33 33 33 33 33 33 33 33 33 33 33 33 33 33 33 B6 55
[2025-08-19 20:37:34.416] [DEBUG] 数据解析成功:
[2025-08-19 20:37:34.431] [INFO]   ID: 0x60
  命令: 0x83 (读)
  寄存器地址: 0x00
  寄存器数量: 0
[2025-08-19 20:37:34.448] [DEBUG] 组包成功，数据长度: 21 字节
[2025-08-19 20:37:34.464] [DEBUG] 发送数据: A5 60 9F A5 01 0D 3B 34 33 33 33 33 33 33 33 33 33 33 33 8E 55
[2025-08-19 20:37:35.502] [DEBUG] 接收数据: A5 60 9F A5 81 0D 3B 34 33 33 33 33 33 33 33 33 33 33 33 B9 55
[2025-08-19 20:37:35.536] [DEBUG] 数据解析成功:
[2025-08-19 20:37:35.552] [INFO]   ID: 0x60
  命令: 0x81 (读)
  寄存器地址: 0x08
  寄存器数量: 0
[2025-08-19 20:37:35.568] [INFO] 
全局变量中的LED显示信息已更新:
[2025-08-19 20:37:35.584] [INFO]   屏幕状态: 开
  亮度级别: 0
  数字显示: 0
  LOGO状态: 0 (0关, 1白, 2红)
  护盾状态: 0 (0关, 1白, 2绿)
  ReadyGo状态: 0 (0关, 1白, 2红)
  左转向灯: 0 (0关, 1白, 2橙)
  右转向灯: 0 (0关, 1白, 2橙)
  灯环状态: 0 (0关, 1蓝, 2红)
[2025-08-19 20:37:35.600] [INFO] 结果: PASS | 用时: 2.356s
[2025-08-19 20:37:35.600] [INFO] ==== 执行用例 #7 ====
[2025-08-19 20:37:35.616] [INFO] 参数: {'screen_on': 1, 'brightness': 0, 'digital': 0, 'logo': 0, 'rim_state': 0, 'rdygo': 0, 'turn_left': 0, 'turn_right': 0, 'ring': 0} | 备注: 
[2025-08-19 20:37:35.632] [DEBUG] 修改后的LED显示信息:
[2025-08-19 20:37:35.648] [INFO]   屏幕状态: 开
  亮度级别: 0
  数字显示: 0
  LOGO状态: 0 (0关, 1白, 2红)
  护盾状态: 0 (0关, 1白, 2绿)
  ReadyGo状态: 0 (0关, 1白, 2红)
  左转向灯: 0 (0关, 1白, 2橙)
  右转向灯: 0 (0关, 1白, 2橙)
  灯环状态: 0 (0关, 1蓝, 2红)
[2025-08-19 20:37:35.664] [DEBUG] 组包成功，数据长度: 21 字节
[2025-08-19 20:37:35.664] [DEBUG] 发送数据: A5 60 9F A5 03 0D 3B 34 33 33 33 33 33 33 33 33 33 33 33 C9 55
[2025-08-19 20:37:36.701] [DEBUG] 接收数据: A5 60 9F A5 83 55 33 93 7F 63 64 33 33 33 33 33 33 33 33 33 33 33 33 33 33 33 33 33 33 33 33 33 33 33 33 33 33 33 33 33 33 33 33 89 66 69 66 65 85 64 63 64 76 63 64 92 75 A7 63 65 33 33 33 3E 33 33 33 37 33 33 33 34 33 33 33 33 33 33 33 33 33 33 33 33 33 33 33 33 33 33 33 B6 55
[2025-08-19 20:37:36.734] [DEBUG] 数据解析成功:
[2025-08-19 20:37:36.750] [INFO]   ID: 0x60
  命令: 0x83 (读)
  寄存器地址: 0x00
  寄存器数量: 0
[2025-08-19 20:37:36.766] [DEBUG] 组包成功，数据长度: 21 字节
[2025-08-19 20:37:36.782] [DEBUG] 发送数据: A5 60 9F A5 01 0D 3B 34 33 33 33 33 33 33 33 33 33 33 33 8E 55
[2025-08-19 20:37:37.802] [DEBUG] 接收数据: A5 60 9F A5 81 0D 3B 34 33 33 33 33 33 33 33 33 33 33 33 B9 55
[2025-08-19 20:37:37.837] [DEBUG] 数据解析成功:
[2025-08-19 20:37:37.853] [INFO]   ID: 0x60
  命令: 0x81 (读)
  寄存器地址: 0x08
  寄存器数量: 0
[2025-08-19 20:37:37.869] [INFO] 
全局变量中的LED显示信息已更新:
[2025-08-19 20:37:37.885] [INFO]   屏幕状态: 开
  亮度级别: 0
  数字显示: 0
  LOGO状态: 0 (0关, 1白, 2红)
  护盾状态: 0 (0关, 1白, 2绿)
  ReadyGo状态: 0 (0关, 1白, 2红)
  左转向灯: 0 (0关, 1白, 2橙)
  右转向灯: 0 (0关, 1白, 2橙)
  灯环状态: 0 (0关, 1蓝, 2红)
[2025-08-19 20:37:37.901] [INFO] 结果: PASS | 用时: 2.301s
[2025-08-19 20:37:37.917] [INFO] ==== 执行用例 #8 ====
[2025-08-19 20:37:37.927] [INFO] 参数: {'screen_on': 1, 'brightness': 0, 'digital': 0, 'logo': 0, 'rim_state': 0, 'rdygo': 0, 'turn_left': 0, 'turn_right': 0, 'ring': 0} | 备注: 
[2025-08-19 20:37:37.949] [DEBUG] 修改后的LED显示信息:
[2025-08-19 20:37:37.964] [INFO]   屏幕状态: 开
  亮度级别: 0
  数字显示: 0
  LOGO状态: 0 (0关, 1白, 2红)
  护盾状态: 0 (0关, 1白, 2绿)
  ReadyGo状态: 0 (0关, 1白, 2红)
  左转向灯: 0 (0关, 1白, 2橙)
  右转向灯: 0 (0关, 1白, 2橙)
  灯环状态: 0 (0关, 1蓝, 2红)
[2025-08-19 20:37:37.980] [DEBUG] 组包成功，数据长度: 21 字节
[2025-08-19 20:37:37.980] [DEBUG] 发送数据: A5 60 9F A5 03 0D 3B 34 33 33 33 33 33 33 33 33 33 33 33 C9 55
[2025-08-19 20:37:39.014] [DEBUG] 接收数据: A5 60 9F A5 83 55 33 93 7F 63 64 33 33 33 33 33 33 33 33 33 33 33 33 33 33 33 33 33 33 33 33 33 33 33 33 33 33 33 33 33 33 33 33 89 66 69 66 65 85 64 63 64 76 63 64 92 75 A7 63 65 33 33 33 3E 33 33 33 36 33 33 33 34 33 33 33 33 33 33 33 33 33 33 33 33 33 33 33 33 33 33 33 43 55
[2025-08-19 20:37:39.080] [DEBUG] 数据解析成功:
[2025-08-19 20:37:39.096] [INFO]   ID: 0x60
  命令: 0x83 (读)
  寄存器地址: 0x00
  寄存器数量: 0
[2025-08-19 20:37:39.112] [DEBUG] 组包成功，数据长度: 21 字节
[2025-08-19 20:37:39.131] [DEBUG] 发送数据: A5 60 9F A5 01 0D 3B 34 33 33 33 33 33 33 33 33 33 33 33 8E 55
[2025-08-19 20:37:40.163] [DEBUG] 接收数据: A5 60 9F A5 81 0D 3B 34 33 33 33 33 33 33 33 33 33 33 33 B9 55
[2025-08-19 20:37:40.199] [DEBUG] 数据解析成功:
[2025-08-19 20:37:40.215] [INFO]   ID: 0x60
  命令: 0x81 (读)
  寄存器地址: 0x08
  寄存器数量: 0
[2025-08-19 20:37:40.234] [INFO] 
全局变量中的LED显示信息已更新:
[2025-08-19 20:37:40.246] [INFO]   屏幕状态: 开
  亮度级别: 0
  数字显示: 0
  LOGO状态: 0 (0关, 1白, 2红)
  护盾状态: 0 (0关, 1白, 2绿)
  ReadyGo状态: 0 (0关, 1白, 2红)
  左转向灯: 0 (0关, 1白, 2橙)
  右转向灯: 0 (0关, 1白, 2橙)
  灯环状态: 0 (0关, 1蓝, 2红)
[2025-08-19 20:37:40.263] [INFO] 结果: PASS | 用时: 2.346s
[2025-08-19 20:37:40.279] [INFO] ==== 执行用例 #9 ====
[2025-08-19 20:37:40.279] [INFO] 参数: {'screen_on': 1, 'brightness': 0, 'digital': 0, 'logo': 0, 'rim_state': 0, 'rdygo': 0, 'turn_left': 0, 'turn_right': 0, 'ring': 0} | 备注: 
[2025-08-19 20:37:40.311] [DEBUG] 修改后的LED显示信息:
[2025-08-19 20:37:40.327] [INFO]   屏幕状态: 开
  亮度级别: 0
  数字显示: 0
  LOGO状态: 0 (0关, 1白, 2红)
  护盾状态: 0 (0关, 1白, 2绿)
  ReadyGo状态: 0 (0关, 1白, 2红)
  左转向灯: 0 (0关, 1白, 2橙)
  右转向灯: 0 (0关, 1白, 2橙)
  灯环状态: 0 (0关, 1蓝, 2红)
[2025-08-19 20:37:40.342] [DEBUG] 组包成功，数据长度: 21 字节
[2025-08-19 20:37:40.342] [DEBUG] 发送数据: A5 60 9F A5 03 0D 3B 34 33 33 33 33 33 33 33 33 33 33 33 C9 55
[2025-08-19 20:37:41.375] [DEBUG] 接收数据: A5 60 9F A5 83 55 33 93 7F 63 64 33 33 33 33 33 33 33 33 33 33 33 33 33 33 33 33 33 33 33 33 33 33 33 33 33 33 33 33 33 33 33 33 89 66 69 66 65 85 64 63 64 76 63 64 92 75 A7 63 65 33 33 33 3E 33 33 33 37 33 33 33 34 33 33 33 33 33 33 33 33 33 33 33 33 33 33 33 33 33 33 33 B6 55
[2025-08-19 20:37:41.437] [DEBUG] 数据解析成功:
[2025-08-19 20:37:41.443] [INFO]   ID: 0x60
  命令: 0x83 (读)
  寄存器地址: 0x00
  寄存器数量: 0
[2025-08-19 20:37:41.459] [DEBUG] 组包成功，数据长度: 21 字节
[2025-08-19 20:37:41.475] [DEBUG] 发送数据: A5 60 9F A5 01 0D 3B 34 33 33 33 33 33 33 33 33 33 33 33 8E 55
[2025-08-19 20:37:42.510] [DEBUG] 接收数据: A5 60 9F A5 81 0D 3B 34 33 33 33 33 33 33 33 33 33 33 33 B9 55
[2025-08-19 20:37:42.576] [DEBUG] 数据解析成功:
[2025-08-19 20:37:42.592] [INFO]   ID: 0x60
  命令: 0x81 (读)
  寄存器地址: 0x08
  寄存器数量: 0
[2025-08-19 20:37:42.608] [INFO] 
全局变量中的LED显示信息已更新:
[2025-08-19 20:37:42.624] [INFO]   屏幕状态: 开
  亮度级别: 0
  数字显示: 0
  LOGO状态: 0 (0关, 1白, 2红)
  护盾状态: 0 (0关, 1白, 2绿)
  ReadyGo状态: 0 (0关, 1白, 2红)
  左转向灯: 0 (0关, 1白, 2橙)
  右转向灯: 0 (0关, 1白, 2橙)
  灯环状态: 0 (0关, 1蓝, 2红)
[2025-08-19 20:37:42.641] [INFO] 结果: PASS | 用时: 2.362s
[2025-08-19 20:37:42.656] [INFO] ==== 执行用例 #10 ====
[2025-08-19 20:37:42.656] [INFO] 参数: {'screen_on': 1, 'brightness': 0, 'digital': 0, 'logo': 0, 'rim_state': 0, 'rdygo': 0, 'turn_left': 0, 'turn_right': 0, 'ring': 0} | 备注: 
[2025-08-19 20:37:42.688] [DEBUG] 修改后的LED显示信息:
[2025-08-19 20:37:42.704] [INFO]   屏幕状态: 开
  亮度级别: 0
  数字显示: 0
  LOGO状态: 0 (0关, 1白, 2红)
  护盾状态: 0 (0关, 1白, 2绿)
  ReadyGo状态: 0 (0关, 1白, 2红)
  左转向灯: 0 (0关, 1白, 2橙)
  右转向灯: 0 (0关, 1白, 2橙)
  灯环状态: 0 (0关, 1蓝, 2红)
[2025-08-19 20:37:42.719] [DEBUG] 组包成功，数据长度: 21 字节
[2025-08-19 20:37:42.719] [DEBUG] 发送数据: A5 60 9F A5 03 0D 3B 34 33 33 33 33 33 33 33 33 33 33 33 C9 55
[2025-08-19 20:37:43.753] [DEBUG] 接收数据: A5 60 9F A5 83 55 33 93 7F 63 64 33 33 33 33 33 33 33 33 33 33 33 33 33 33 33 33 33 33 33 33 33 33 33 33 33 33 33 33 33 33 33 33 89 66 69 66 65 85 64 63 64 76 63 64 92 75 A7 63 65 33 33 33 3E 33 33 33 36 33 33 33 34 33 33 33 33 33 33 33 33 33 33 33 33 33 33 33 33 33 33 33 43 55
[2025-08-19 20:37:43.820] [DEBUG] 数据解析成功:
[2025-08-19 20:37:43.820] [INFO]   ID: 0x60
  命令: 0x83 (读)
  寄存器地址: 0x00
  寄存器数量: 0
[2025-08-19 20:37:43.845] [DEBUG] 组包成功，数据长度: 21 字节
[2025-08-19 20:37:43.851] [DEBUG] 发送数据: A5 60 9F A5 01 0D 3B 34 33 33 33 33 33 33 33 33 33 33 33 8E 55
[2025-08-19 20:37:44.884] [DEBUG] 接收数据: A5 60 9F A5 81 0D 3B 34 33 33 33 33 33 33 33 33 33 33 33 B9 55
[2025-08-19 20:37:44.953] [DEBUG] 数据解析成功:
[2025-08-19 20:37:44.969] [INFO]   ID: 0x60
  命令: 0x81 (读)
  寄存器地址: 0x08
  寄存器数量: 0
[2025-08-19 20:37:44.984] [INFO] 
全局变量中的LED显示信息已更新:
[2025-08-19 20:37:45.000] [INFO]   屏幕状态: 开
  亮度级别: 0
  数字显示: 0
  LOGO状态: 0 (0关, 1白, 2红)
  护盾状态: 0 (0关, 1白, 2绿)
  ReadyGo状态: 0 (0关, 1白, 2红)
  左转向灯: 0 (0关, 1白, 2橙)
  右转向灯: 0 (0关, 1白, 2橙)
  灯环状态: 0 (0关, 1蓝, 2红)
[2025-08-19 20:37:45.016] [INFO] 结果: PASS | 用时: 2.360s
[2025-08-19 20:37:45.032] [INFO] 开始压力循环: 次数=1000, 间隔=0.5s, 参数={'screen_on': 1, 'brightness': 0, 'digital': 0, 'logo': 0, 'rim_state': 0, 'rdygo': 0, 'turn_left': 0, 'turn_right': 0, 'ring': 0}
[2025-08-19 20:37:45.064] [DEBUG] 修改后的LED显示信息:
[2025-08-19 20:37:45.080] [INFO]   屏幕状态: 开
  亮度级别: 0
  数字显示: 0
  LOGO状态: 0 (0关, 1白, 2红)
  护盾状态: 0 (0关, 1白, 2绿)
  ReadyGo状态: 0 (0关, 1白, 2红)
  左转向灯: 0 (0关, 1白, 2橙)
  右转向灯: 0 (0关, 1白, 2橙)
  灯环状态: 0 (0关, 1蓝, 2红)
[2025-08-19 20:37:45.095] [DEBUG] 组包成功，数据长度: 21 字节
[2025-08-19 20:37:45.095] [DEBUG] 发送数据: A5 60 9F A5 03 0D 3B 34 33 33 33 33 33 33 33 33 33 33 33 C9 55
[2025-08-19 20:37:46.130] [DEBUG] 接收数据: A5 60 9F A5 83 55 33 93 7F 63 64 33 33 33 33 33 33 33 33 33 33 33 33 33 33 33 33 33 33 33 33 33 33 33 33 33 33 33 33 33 33 33 33 89 66 69 66 65 85 64 63 64 76 63 64 92 75 A7 63 65 33 33 33 3E 33 33 33 36 33 33 33 34 33 33 33 33 33 33 33 33 33 33 33 33 33 33 33 33 33 33 33 43 55
[2025-08-19 20:37:46.182] [DEBUG] 数据解析成功:
[2025-08-19 20:37:46.198] [INFO]   ID: 0x60
  命令: 0x83 (读)
  寄存器地址: 0x00
  寄存器数量: 0
[2025-08-19 20:37:46.213] [INFO] [循环 1/1000] 发送 OK
[2025-08-19 20:37:46.736] [DEBUG] 修改后的LED显示信息:
[2025-08-19 20:37:46.741] [INFO]   屏幕状态: 开
  亮度级别: 0
  数字显示: 0
  LOGO状态: 0 (0关, 1白, 2红)
  护盾状态: 0 (0关, 1白, 2绿)
  ReadyGo状态: 0 (0关, 1白, 2红)
  左转向灯: 0 (0关, 1白, 2橙)
  右转向灯: 0 (0关, 1白, 2橙)
  灯环状态: 0 (0关, 1蓝, 2红)
[2025-08-19 20:37:46.757] [DEBUG] 组包成功，数据长度: 21 字节
[2025-08-19 20:37:46.757] [DEBUG] 发送数据: A5 60 9F A5 03 0D 3B 34 33 33 33 33 33 33 33 33 33 33 33 C9 55
[2025-08-19 20:37:47.790] [DEBUG] 接收数据: A5 60 9F A5 83 55 33 93 7F 63 64 33 33 33 33 33 33 33 33 33 33 33 33 33 33 33 33 33 33 33 33 33 33 33 33 33 33 33 33 33 33 33 33 89 66 69 66 65 85 64 63 64 76 63 64 92 75 A7 63 65 33 33 33 3E 33 33 33 38 33 33 33 34 33 33 33 33 33 33 33 33 33 33 33 33 33 33 33 33 33 33 33 F2 55
[2025-08-19 20:37:47.815] [DEBUG] 数据解析成功:
[2025-08-19 20:37:47.831] [INFO]   ID: 0x60
  命令: 0x83 (读)
  寄存器地址: 0x00
  寄存器数量: 0
[2025-08-19 20:37:47.864] [INFO] [循环 2/1000] 发送 OK
[2025-08-19 20:37:48.390] [DEBUG] 修改后的LED显示信息:
[2025-08-19 20:37:48.392] [INFO]   屏幕状态: 开
  亮度级别: 0
  数字显示: 0
  LOGO状态: 0 (0关, 1白, 2红)
  护盾状态: 0 (0关, 1白, 2绿)
  ReadyGo状态: 0 (0关, 1白, 2红)
  左转向灯: 0 (0关, 1白, 2橙)
  右转向灯: 0 (0关, 1白, 2橙)
  灯环状态: 0 (0关, 1蓝, 2红)
[2025-08-19 20:37:48.407] [DEBUG] 组包成功，数据长度: 21 字节
[2025-08-19 20:37:48.423] [DEBUG] 发送数据: A5 60 9F A5 03 0D 3B 34 33 33 33 33 33 33 33 33 33 33 33 C9 55
[2025-08-19 20:37:49.442] [DEBUG] 接收数据: A5 60 9F A5 83 55 33 93 7F 63 64 33 33 33 33 33 33 33 33 33 33 33 33 33 33 33 33 33 33 33 33 33 33 33 33 33 33 33 33 33 33 33 33 89 66 69 66 65 85 64 63 64 76 63 64 92 75 A7 63 65 33 33 33 3E 33 33 33 38 33 33 33 34 33 33 33 33 33 33 33 33 33 33 33 33 33 33 33 33 33 33 33 F2 55
[2025-08-19 20:37:49.479] [DEBUG] 数据解析成功:
[2025-08-19 20:37:49.479] [INFO]   ID: 0x60
  命令: 0x83 (读)
  寄存器地址: 0x00
  寄存器数量: 0
[2025-08-19 20:37:49.511] [INFO] [循环 3/1000] 发送 OK
[2025-08-19 20:37:50.032] [DEBUG] 修改后的LED显示信息:
[2025-08-19 20:37:50.037] [INFO]   屏幕状态: 开
  亮度级别: 0
  数字显示: 0
  LOGO状态: 0 (0关, 1白, 2红)
  护盾状态: 0 (0关, 1白, 2绿)
  ReadyGo状态: 0 (0关, 1白, 2红)
  左转向灯: 0 (0关, 1白, 2橙)
  右转向灯: 0 (0关, 1白, 2橙)
  灯环状态: 0 (0关, 1蓝, 2红)
[2025-08-19 20:37:50.058] [DEBUG] 组包成功，数据长度: 21 字节
[2025-08-19 20:37:50.069] [DEBUG] 发送数据: A5 60 9F A5 03 0D 3B 34 33 33 33 33 33 33 33 33 33 33 33 C9 55
[2025-08-19 20:37:51.086] [DEBUG] 接收数据: A5 60 9F A5 83 55 33 93 7F 63 64 33 33 33 33 33 33 33 33 33 33 33 33 33 33 33 33 33 33 33 33 33 33 33 33 33 33 33 33 33 33 33 33 89 66 69 66 65 85 64 63 64 76 63 64 92 75 A7 63 65 33 33 33 3E 33 33 33 36 33 33 33 34 33 33 33 33 33 33 33 33 33 33 33 33 33 33 33 33 33 33 33 43 55
[2025-08-19 20:37:51.212] [DEBUG] 数据解析成功:
[2025-08-19 20:37:51.230] [INFO]   ID: 0x60
  命令: 0x83 (读)
  寄存器地址: 0x00
  寄存器数量: 0
[2025-08-19 20:37:51.259] [INFO] [循环 4/1000] 发送 OK
[2025-08-19 20:37:51.778] [DEBUG] 修改后的LED显示信息:
[2025-08-19 20:37:51.817] [INFO]   屏幕状态: 开
  亮度级别: 0
  数字显示: 0
  LOGO状态: 0 (0关, 1白, 2红)
  护盾状态: 0 (0关, 1白, 2绿)
  ReadyGo状态: 0 (0关, 1白, 2红)
  左转向灯: 0 (0关, 1白, 2橙)
  右转向灯: 0 (0关, 1白, 2橙)
  灯环状态: 0 (0关, 1蓝, 2红)
[2025-08-19 20:37:51.869] [DEBUG] 组包成功，数据长度: 21 字节
[2025-08-19 20:37:51.887] [DEBUG] 发送数据: A5 60 9F A5 03 0D 3B 34 33 33 33 33 33 33 33 33 33 33 33 C9 55
[2025-08-19 20:37:52.941] [DEBUG] 接收数据: A5 60 9F A5 83 55 33 93 7F 63 64 33 33 33 33 33 33 33 33 33 33 33 33 33 33 33 33 33 33 33 33 33 33 33 33 33 33 33 33 33 33 33 33 89 66 69 66 65 85 64 63 64 76 63 64 92 75 A7 63 65 33 33 33 3E 33 33 33 38 33 33 33 34 33 33 33 33 33 33 33 33 33 33 33 33 33 33 33 33 33 33 33 F2 55
[2025-08-19 20:37:53.000] [DEBUG] 数据解析成功:
[2025-08-19 20:37:53.025] [INFO]   ID: 0x60
  命令: 0x83 (读)
  寄存器地址: 0x00
  寄存器数量: 0
[2025-08-19 20:37:53.068] [INFO] [循环 5/1000] 发送 OK
[2025-08-19 20:37:53.601] [DEBUG] 修改后的LED显示信息:
[2025-08-19 20:37:53.669] [INFO]   屏幕状态: 开
  亮度级别: 0
  数字显示: 0
  LOGO状态: 0 (0关, 1白, 2红)
  护盾状态: 0 (0关, 1白, 2绿)
  ReadyGo状态: 0 (0关, 1白, 2红)
  左转向灯: 0 (0关, 1白, 2橙)
  右转向灯: 0 (0关, 1白, 2橙)
  灯环状态: 0 (0关, 1蓝, 2红)
[2025-08-19 20:37:53.684] [DEBUG] 组包成功，数据长度: 21 字节
[2025-08-19 20:37:53.695] [DEBUG] 发送数据: A5 60 9F A5 03 0D 3B 34 33 33 33 33 33 33 33 33 33 33 33 C9 55
[2025-08-19 20:37:54.730] [DEBUG] 接收数据: A5 60 9F A5 83 55 33 93 7F 63 64 33 33 33 33 33 33 33 33 33 33 33 33 33 33 33 33 33 33 33 33 33 33 33 33 33 33 33 33 33 33 33 33 89 66 69 66 65 85 64 63 64 76 63 64 92 75 A7 63 65 33 33 33 3E 33 33 33 3A 33 33 33 34 33 33 33 33 33 33 33 33 33 33 33 33 33 33 33 33 33 33 33 18 55
[2025-08-19 20:37:54.783] [DEBUG] 数据解析成功:
[2025-08-19 20:37:54.807] [INFO]   ID: 0x60
  命令: 0x83 (读)
  寄存器地址: 0x00
  寄存器数量: 0
[2025-08-19 20:37:54.840] [INFO] [循环 6/1000] 发送 OK
[2025-08-19 20:37:55.357] [DEBUG] 修改后的LED显示信息:
[2025-08-19 20:37:55.374] [INFO]   屏幕状态: 开
  亮度级别: 0
  数字显示: 0
  LOGO状态: 0 (0关, 1白, 2红)
  护盾状态: 0 (0关, 1白, 2绿)
  ReadyGo状态: 0 (0关, 1白, 2红)
  左转向灯: 0 (0关, 1白, 2橙)
  右转向灯: 0 (0关, 1白, 2橙)
  灯环状态: 0 (0关, 1蓝, 2红)
[2025-08-19 20:37:55.397] [DEBUG] 组包成功，数据长度: 21 字节
[2025-08-19 20:37:55.405] [DEBUG] 发送数据: A5 60 9F A5 03 0D 3B 34 33 33 33 33 33 33 33 33 33 33 33 C9 55
[2025-08-19 20:37:56.425] [DEBUG] 接收数据: A5 60 9F A5 83 55 33 93 7F 63 64 33 33 33 33 33 33 33 33 33 33 33 33 33 33 33 33 33 33 33 33 33 33 33 33 33 33 33 33 33 33 33 33 89 66 69 66 65 85 64 63 64 76 63 64 92 75 A7 63 65 33 33 33 3E 33 33 33 37 33 33 33 34 33 33 33 33 33 33 33 33 33 33 33 33 33 33 33 33 33 33 33 B6 55
[2025-08-19 20:37:56.479] [DEBUG] 数据解析成功:
[2025-08-19 20:37:56.502] [INFO]   ID: 0x60
  命令: 0x83 (读)
  寄存器地址: 0x00
  寄存器数量: 0
[2025-08-19 20:37:56.530] [INFO] [循环 7/1000] 发送 OK
[2025-08-19 20:37:57.043] [DEBUG] 修改后的LED显示信息:
[2025-08-19 20:37:57.059] [INFO]   屏幕状态: 开
  亮度级别: 0
  数字显示: 0
  LOGO状态: 0 (0关, 1白, 2红)
  护盾状态: 0 (0关, 1白, 2绿)
  ReadyGo状态: 0 (0关, 1白, 2红)
  左转向灯: 0 (0关, 1白, 2橙)
  右转向灯: 0 (0关, 1白, 2橙)
  灯环状态: 0 (0关, 1蓝, 2红)
[2025-08-19 20:37:57.080] [DEBUG] 组包成功，数据长度: 21 字节
[2025-08-19 20:37:57.088] [DEBUG] 发送数据: A5 60 9F A5 03 0D 3B 34 33 33 33 33 33 33 33 33 33 33 33 C9 55
[2025-08-19 20:37:58.107] [DEBUG] 接收数据: A5 60 9F A5 83 55 33 93 7F 63 64 33 33 33 33 33 33 33 33 33 33 33 33 33 33 33 33 33 33 33 33 33 33 33 33 33 33 33 33 33 33 33 33 89 66 69 66 65 85 64 63 64 76 63 64 92 75 A7 63 65 33 33 33 3E 33 33 33 36 33 33 33 34 33 33 33 33 33 33 33 33 33 33 33 33 33 33 33 33 33 33 33 43 55
[2025-08-19 20:37:58.164] [DEBUG] 数据解析成功:
[2025-08-19 20:37:58.182] [INFO]   ID: 0x60
  命令: 0x83 (读)
  寄存器地址: 0x00
  寄存器数量: 0
[2025-08-19 20:37:58.212] [INFO] [循环 8/1000] 发送 OK
[2025-08-19 20:37:58.732] [DEBUG] 修改后的LED显示信息:
[2025-08-19 20:37:58.798] [INFO]   屏幕状态: 开
  亮度级别: 0
  数字显示: 0
  LOGO状态: 0 (0关, 1白, 2红)
  护盾状态: 0 (0关, 1白, 2绿)
  ReadyGo状态: 0 (0关, 1白, 2红)
  左转向灯: 0 (0关, 1白, 2橙)
  右转向灯: 0 (0关, 1白, 2橙)
  灯环状态: 0 (0关, 1蓝, 2红)
[2025-08-19 20:37:58.816] [DEBUG] 组包成功，数据长度: 21 字节
[2025-08-19 20:37:58.826] [DEBUG] 发送数据: A5 60 9F A5 03 0D 3B 34 33 33 33 33 33 33 33 33 33 33 33 C9 55
[2025-08-19 20:37:59.868] [DEBUG] 接收数据: A5 60 9F A5 83 55 33 93 7F 63 64 33 33 33 33 33 33 33 33 33 33 33 33 33 33 33 33 33 33 33 33 33 33 33 33 33 33 33 33 33 33 33 33 89 66 69 66 65 85 64 63 64 76 63 64 92 75 A7 63 65 33 33 33 3E 33 33 33 3A 33 33 33 34 33 33 33 33 33 33 33 33 33 33 33 33 33 33 33 33 33 33 33 18 55
[2025-08-19 20:37:59.946] [DEBUG] 数据解析成功:
[2025-08-19 20:37:59.969] [INFO]   ID: 0x60
  命令: 0x83 (读)
  寄存器地址: 0x00
  寄存器数量: 0
[2025-08-19 20:38:00.015] [INFO] [循环 9/1000] 发送 OK
[2025-08-19 20:38:00.542] [DEBUG] 修改后的LED显示信息:
[2025-08-19 20:38:00.607] [INFO]   屏幕状态: 开
  亮度级别: 0
  数字显示: 0
  LOGO状态: 0 (0关, 1白, 2红)
  护盾状态: 0 (0关, 1白, 2绿)
  ReadyGo状态: 0 (0关, 1白, 2红)
  左转向灯: 0 (0关, 1白, 2橙)
  右转向灯: 0 (0关, 1白, 2橙)
  灯环状态: 0 (0关, 1蓝, 2红)
[2025-08-19 20:38:00.620] [DEBUG] 组包成功，数据长度: 21 字节
[2025-08-19 20:38:00.625] [DEBUG] 发送数据: A5 60 9F A5 03 0D 3B 34 33 33 33 33 33 33 33 33 33 33 33 C9 55
[2025-08-19 20:38:01.650] [DEBUG] 接收数据: A5 60 9F A5 83 55 33 93 7F 63 64 33 33 33 33 33 33 33 33 33 33 33 33 33 33 33 33 33 33 33 33 33 33 33 33 33 33 33 33 33 33 33 33 89 66 69 66 65 85 64 63 64 76 63 64 92 75 A7 63 65 33 33 33 3E 33 33 33 38 33 33 33 34 33 33 33 33 33 33 33 33 33 33 33 33 33 33 33 33 33 33 33 F2 55
[2025-08-19 20:38:01.692] [DEBUG] 数据解析成功:
[2025-08-19 20:38:01.702] [INFO]   ID: 0x60
  命令: 0x83 (读)
  寄存器地址: 0x00
  寄存器数量: 0
[2025-08-19 20:38:01.728] [INFO] [循环 10/1000] 发送 OK
[2025-08-19 20:38:02.242] [DEBUG] 修改后的LED显示信息:
[2025-08-19 20:38:02.297] [INFO]   屏幕状态: 开
  亮度级别: 0
  数字显示: 0
  LOGO状态: 0 (0关, 1白, 2红)
  护盾状态: 0 (0关, 1白, 2绿)
  ReadyGo状态: 0 (0关, 1白, 2红)
  左转向灯: 0 (0关, 1白, 2橙)
  右转向灯: 0 (0关, 1白, 2橙)
  灯环状态: 0 (0关, 1蓝, 2红)
[2025-08-19 20:38:02.312] [DEBUG] 组包成功，数据长度: 21 字节
[2025-08-19 20:38:02.320] [DEBUG] 发送数据: A5 60 9F A5 03 0D 3B 34 33 33 33 33 33 33 33 33 33 33 33 C9 55
