[2025-08-25 14:40:56.398] [INFO] 初始化 BLE 协议通信...
[2025-08-25 14:40:56.411] [INFO] 加载用例 1 条 来自: testcases.csv
[2025-08-25 14:40:56.411] [INFO] ==== 执行用例 #1 ====
[2025-08-25 14:40:56.411] [INFO] 参数: {'screen_on': 1, 'brightness': 7, 'digital': 0, 'logo': 1, 'rim_state': 0, 'rdygo': 0, 'turn_left': 0, 'turn_right': 0, 'ring': 1} | 备注: 最小点亮测试
[2025-08-25 14:40:56.411] [DEBUG] 修改后的LED显示信息:
[2025-08-25 14:40:56.413] [INFO]   屏幕状态: 开
  亮度级别: 7
  数字显示: 0
  LOGO状态: 1 (0关, 1白, 2红)
  护盾状态: 0 (0关, 1白, 2绿)
  ReadyGo状态: 0 (0关, 1白, 2红)
  左转向灯: 0 (0关, 1白, 2橙)
  右转向灯: 0 (0关, 1白, 2橙)
  灯环状态: 1 (0关, 1蓝, 2红)
[2025-08-25 14:40:56.413] [DEBUG] 组包成功，数据长度: 21 字节
[2025-08-25 14:40:56.413] [DEBUG] 发送数据: A5 60 9F A5 03 0D 3B 42 33 33 33 B3 33 35 33 33 33 33 33 57 55
[2025-08-25 14:40:57.417] [DEBUG] 接收数据: A5 60 9F A5 83 55 33 93 7F 63 64 33 33 33 33 33 33 33 33 33 33 33 33 33 33 33 33 33 33 33 33 33 33 33 33 33 33 33 33 33 33 33 33 89 66 69 66 65 85 64 63 64 76 63 64 92 75 A7 63 65 33 33 33 33 33 37 33 39 33 33 33 42 33 33 33 B3 33 35 33 33 33 33 33 33 33 33 33 33 33 33 33 B7 55
[2025-08-25 14:40:57.417] [DEBUG] 数据解析成功:
[2025-08-25 14:40:57.417] [INFO]   ID: 0x60
  命令: 0x83 (读)
  寄存器地址: 0x00
  寄存器数量: 0
[2025-08-25 14:40:57.417] [DEBUG] 组包成功，数据长度: 21 字节
[2025-08-25 14:40:57.417] [DEBUG] 发送数据: A5 60 9F A5 01 0D 3B 42 33 33 33 B3 33 35 33 33 33 33 33 10 55
[2025-08-25 14:40:58.421] [DEBUG] 接收数据: A5 60 9F A5 81 0D 3B 42 33 33 33 B3 33 35 33 33 33 33 33 27 55
[2025-08-25 14:40:58.421] [DEBUG] 数据解析成功:
[2025-08-25 14:40:58.421] [INFO]   ID: 0x60
  命令: 0x81 (读)
  寄存器地址: 0x08
  寄存器数量: 0
[2025-08-25 14:40:58.421] [INFO] 
全局变量中的LED显示信息已更新:
[2025-08-25 14:40:58.421] [INFO]   屏幕状态: 开
  亮度级别: 7
  数字显示: 0
  LOGO状态: 1 (0关, 1白, 2红)
  护盾状态: 0 (0关, 1白, 2绿)
  ReadyGo状态: 0 (0关, 1白, 2红)
  左转向灯: 0 (0关, 1白, 2橙)
  右转向灯: 0 (0关, 1白, 2橙)
  灯环状态: 1 (0关, 1蓝, 2红)
[2025-08-25 14:40:58.425] [INFO] 结果: PASS | 用时: 2.014s
[2025-08-25 14:40:58.425] [INFO] 开始压力循环: 次数=1, 间隔=0.5s, 参数={'screen_on': 1, 'brightness': 7, 'digital': 0, 'logo': 1, 'rim_state': 0, 'rdygo': 0, 'turn_left': 0, 'turn_right': 0, 'ring': 1}
[2025-08-25 14:40:58.425] [DEBUG] 修改后的LED显示信息:
[2025-08-25 14:40:58.427] [INFO]   屏幕状态: 开
  亮度级别: 7
  数字显示: 0
  LOGO状态: 1 (0关, 1白, 2红)
  护盾状态: 0 (0关, 1白, 2绿)
  ReadyGo状态: 0 (0关, 1白, 2红)
  左转向灯: 0 (0关, 1白, 2橙)
  右转向灯: 0 (0关, 1白, 2橙)
  灯环状态: 1 (0关, 1蓝, 2红)
[2025-08-25 14:40:58.427] [DEBUG] 组包成功，数据长度: 21 字节
[2025-08-25 14:40:58.427] [DEBUG] 发送数据: A5 60 9F A5 03 0D 3B 42 33 33 33 B3 33 35 33 33 33 33 33 57 55
[2025-08-25 14:40:59.432] [DEBUG] 接收数据: A5 60 9F A5 83 55 33 93 7F 63 64 33 33 33 33 33 33 33 33 33 33 33 33 33 33 33 33 33 33 33 33 33 33 33 33 33 33 33 33 33 33 33 33 89 66 69 66 65 85 64 63 64 76 63 64 92 75 A7 63 65 33 33 33 33 33 37 33 36 33 33 33 42 33 33 33 B3 33 35 33 33 33 33 33 33 33 33 33 33 33 33 33 F3 55
[2025-08-25 14:40:59.432] [DEBUG] 数据解析成功:
[2025-08-25 14:40:59.432] [INFO]   ID: 0x60
  命令: 0x83 (读)
  寄存器地址: 0x00
  寄存器数量: 0
[2025-08-25 14:40:59.438] [INFO] [循环 1/1] 发送 OK
[2025-08-25 14:40:59.940] [INFO] 已保存结果: reports\2025-08-25_14-40-56\results.csv
[2025-08-25 14:40:59.940] [INFO] 已生成报告: reports\2025-08-25_14-40-56\report.html
[2025-08-25 14:40:59.943] [DEBUG] 串口已关闭
[2025-08-25 14:40:59.943] [INFO] 程序结束
