[2025-08-25 14:39:08.392] [INFO] 初始化 BLE 协议通信...
[2025-08-25 14:39:08.434] [INFO] 生成排列组合用例 34992 条
[2025-08-25 14:39:08.441] [INFO] ==== 执行用例 #1 ====
[2025-08-25 14:39:08.445] [INFO] 参数: {'screen_on': 0, 'brightness': 0, 'digital': 0, 'logo': 0, 'rim_state': 0, 'rdygo': 0, 'turn_left': 0, 'turn_right': 0, 'ring': 0} | 备注: 
[2025-08-25 14:39:08.465] [DEBUG] 修改后的LED显示信息:
[2025-08-25 14:39:08.470] [INFO]   屏幕状态: 关
  亮度级别: 0
  数字显示: 0
  LOGO状态: 0 (0关, 1白, 2红)
  护盾状态: 0 (0关, 1白, 2绿)
  ReadyGo状态: 0 (0关, 1白, 2红)
  左转向灯: 0 (0关, 1白, 2橙)
  右转向灯: 0 (0关, 1白, 2橙)
  灯环状态: 0 (0关, 1蓝, 2红)
[2025-08-25 14:39:08.486] [DEBUG] 组包成功，数据长度: 21 字节
[2025-08-25 14:39:08.491] [DEBUG] 发送数据: A5 60 9F A5 03 0D 3B 33 33 33 33 33 33 33 33 33 33 33 33 C1 55
[2025-08-25 14:39:09.518] [DEBUG] 接收数据: A5 60 9F A5 83 55 33 93 7F 63 64 33 33 33 33 33 33 33 33 33 33 33 33 33 33 33 33 33 33 33 33 33 33 33 33 33 33 33 33 33 33 33 33 89 66 69 66 65 85 64 63 64 76 63 64 92 75 A7 63 65 33 33 33 33 33 37 33 38 33 33 33 33 33 33 33 33 33 33 33 33 33 33 33 33 33 33 33 33 33 33 33 25 55
[2025-08-25 14:39:09.565] [DEBUG] 数据解析成功:
[2025-08-25 14:39:09.578] [INFO]   ID: 0x60
  命令: 0x83 (读)
  寄存器地址: 0x00
  寄存器数量: 0
[2025-08-25 14:39:09.599] [DEBUG] 组包成功，数据长度: 21 字节
[2025-08-25 14:39:09.607] [DEBUG] 发送数据: A5 60 9F A5 01 0D 3B 33 33 33 33 33 33 33 33 33 33 33 33 86 55
[2025-08-25 14:39:10.643] [DEBUG] 接收数据: A5 60 9F A5 81 0D 3B 33 33 33 33 33 33 33 33 33 33 33 33 B1 55
[2025-08-25 14:39:10.679] [DEBUG] 数据解析成功:
[2025-08-25 14:39:10.696] [INFO]   ID: 0x60
  命令: 0x81 (读)
  寄存器地址: 0x08
  寄存器数量: 0
[2025-08-25 14:39:10.722] [INFO] 
全局变量中的LED显示信息已更新:
[2025-08-25 14:39:10.739] [INFO]   屏幕状态: 关
  亮度级别: 0
  数字显示: 0
  LOGO状态: 0 (0关, 1白, 2红)
  护盾状态: 0 (0关, 1白, 2绿)
  ReadyGo状态: 0 (0关, 1白, 2红)
  左转向灯: 0 (0关, 1白, 2橙)
  右转向灯: 0 (0关, 1白, 2橙)
  灯环状态: 0 (0关, 1蓝, 2红)
[2025-08-25 14:39:10.753] [INFO] 结果: PASS | 用时: 2.312s
[2025-08-25 14:39:10.763] [INFO] ==== 执行用例 #2 ====
[2025-08-25 14:39:10.773] [INFO] 参数: {'screen_on': 0, 'brightness': 0, 'digital': 0, 'logo': 0, 'rim_state': 0, 'rdygo': 0, 'turn_left': 0, 'turn_right': 0, 'ring': 1} | 备注: 
[2025-08-25 14:39:10.804] [DEBUG] 修改后的LED显示信息:
[2025-08-25 14:39:10.816] [INFO]   屏幕状态: 关
  亮度级别: 0
  数字显示: 0
  LOGO状态: 0 (0关, 1白, 2红)
  护盾状态: 0 (0关, 1白, 2绿)
  ReadyGo状态: 0 (0关, 1白, 2红)
  左转向灯: 0 (0关, 1白, 2橙)
  右转向灯: 0 (0关, 1白, 2橙)
  灯环状态: 1 (0关, 1蓝, 2红)
[2025-08-25 14:39:10.832] [DEBUG] 组包成功，数据长度: 21 字节
[2025-08-25 14:39:10.840] [DEBUG] 发送数据: A5 60 9F A5 03 0D 3B 33 33 33 33 33 33 35 33 33 33 33 33 30 55
[2025-08-25 14:39:11.868] [DEBUG] 接收数据: A5 60 9F A5 83 55 33 93 7F 63 64 33 33 33 33 33 33 33 33 33 33 33 33 33 33 33 33 33 33 33 33 33 33 33 33 33 33 33 33 33 33 33 33 89 66 69 66 65 85 64 63 64 76 63 64 92 75 A7 63 65 33 33 33 33 33 37 33 39 33 33 33 33 33 33 33 33 33 35 33 33 33 33 33 33 33 33 33 33 33 33 33 8E 55
[2025-08-25 14:39:11.910] [DEBUG] 数据解析成功:
[2025-08-25 14:39:11.924] [INFO]   ID: 0x60
  命令: 0x83 (读)
  寄存器地址: 0x00
  寄存器数量: 0
[2025-08-25 14:39:11.950] [DEBUG] 组包成功，数据长度: 21 字节
[2025-08-25 14:39:11.960] [DEBUG] 发送数据: A5 60 9F A5 01 0D 3B 33 33 33 33 33 33 35 33 33 33 33 33 77 55
[2025-08-25 14:39:12.987] [DEBUG] 接收数据: A5 60 9F A5 81 0D 3B 33 33 33 33 33 33 35 33 33 33 33 33 40 55
[2025-08-25 14:39:13.018] [DEBUG] 数据解析成功:
[2025-08-25 14:39:13.036] [INFO]   ID: 0x60
  命令: 0x81 (读)
  寄存器地址: 0x08
  寄存器数量: 0
[2025-08-25 14:39:13.056] [INFO] 
全局变量中的LED显示信息已更新:
[2025-08-25 14:39:13.078] [INFO]   屏幕状态: 关
  亮度级别: 0
  数字显示: 0
  LOGO状态: 0 (0关, 1白, 2红)
  护盾状态: 0 (0关, 1白, 2绿)
  ReadyGo状态: 0 (0关, 1白, 2红)
  左转向灯: 0 (0关, 1白, 2橙)
  右转向灯: 0 (0关, 1白, 2橙)
  灯环状态: 1 (0关, 1蓝, 2红)
[2025-08-25 14:39:13.091] [INFO] 结果: PASS | 用时: 2.327s
[2025-08-25 14:39:13.103] [INFO] ==== 执行用例 #3 ====
[2025-08-25 14:39:13.111] [INFO] 参数: {'screen_on': 0, 'brightness': 0, 'digital': 0, 'logo': 0, 'rim_state': 0, 'rdygo': 0, 'turn_left': 0, 'turn_right': 0, 'ring': 2} | 备注: 
[2025-08-25 14:39:13.138] [DEBUG] 修改后的LED显示信息:
[2025-08-25 14:39:13.152] [INFO]   屏幕状态: 关
  亮度级别: 0
  数字显示: 0
  LOGO状态: 0 (0关, 1白, 2红)
  护盾状态: 0 (0关, 1白, 2绿)
  ReadyGo状态: 0 (0关, 1白, 2红)
  左转向灯: 0 (0关, 1白, 2橙)
  右转向灯: 0 (0关, 1白, 2橙)
  灯环状态: 2 (0关, 1蓝, 2红)
[2025-08-25 14:39:13.165] [DEBUG] 组包成功，数据长度: 21 字节
[2025-08-25 14:39:13.176] [DEBUG] 发送数据: A5 60 9F A5 03 0D 3B 33 33 33 33 33 33 37 33 33 33 33 33 94 55
