[2025-09-09 19:13:03.566] [INFO] 初始化 BLE 协议通信...
[2025-09-09 19:13:05.184] [INFO] 加载用例 31 条 来自: testcases.xlsx
[2025-09-09 19:13:05.208] [INFO] ==== 执行用例 #2302 ====
[2025-09-09 19:13:05.212] [INFO] 参数: {'screen_on': 1, 'brightness': 1, 'digital': 0, 'logo': 0, 'rim_state': 1, 'rdygo': 1, 'turn_left': 0, 'turn_right': 2, 'ring': 0} | 备注: nan
[2025-09-09 19:13:05.229] [DEBUG] 修改后的LED显示信息:
[2025-09-09 19:13:05.236] [INFO]   屏幕状态: 开
  亮度级别: 1
  数字显示: 0
  LOGO状态: 0 (0关, 1白, 2红)
  护盾状态: 1 (0关, 1白, 2绿)
  ReadyGo状态: 1 (0关, 1白, 2红)
  左转向灯: 0 (0关, 1白, 2橙)
  右转向灯: 2 (0关, 1白, 2橙)
  灯环状态: 0 (0关, 1蓝, 2红)
[2025-09-09 19:13:05.249] [DEBUG] 组包成功，数据长度: 21 字节
[2025-09-09 19:13:05.261] [DEBUG] 发送数据: A5 60 9F A5 03 0D 3B 36 33 33 33 33 3D 34 33 33 33 33 33 BA 55
[2025-09-09 19:13:06.285] [DEBUG] 接收数据超时
[2025-09-09 19:13:06.307] [DEBUG] 组包成功，数据长度: 21 字节
[2025-09-09 19:13:06.314] [DEBUG] 发送数据: A5 60 9F A5 01 0D 3B 36 33 33 33 33 3D 34 33 33 33 33 33 FD 55
[2025-09-09 19:13:07.337] [DEBUG] 接收数据超时
[2025-09-09 19:13:07.348] [INFO] 结果: FAIL | 用时: 2.140s
[2025-09-09 19:13:07.558] [INFO] ==== 执行用例 #2638 ====
[2025-09-09 19:13:07.594] [INFO] 参数: {'screen_on': 1, 'brightness': 1, 'digital': 0, 'logo': 1, 'rim_state': 2, 'rdygo': 1, 'turn_left': 2, 'turn_right': 0, 'ring': 0} | 备注: nan
[2025-09-09 19:13:07.623] [DEBUG] 修改后的LED显示信息:
[2025-09-09 19:13:07.635] [INFO]   屏幕状态: 开
  亮度级别: 1
  数字显示: 0
  LOGO状态: 1 (0关, 1白, 2红)
  护盾状态: 2 (0关, 1白, 2绿)
  ReadyGo状态: 1 (0关, 1白, 2红)
  左转向灯: 2 (0关, 1白, 2橙)
  右转向灯: 0 (0关, 1白, 2橙)
  灯环状态: 0 (0关, 1蓝, 2红)
[2025-09-09 19:13:07.660] [DEBUG] 组包成功，数据长度: 21 字节
[2025-09-09 19:13:07.673] [DEBUG] 发送数据: A5 60 9F A5 03 0D 3B 36 33 33 33 B3 7F 33 33 33 33 33 33 6F 55
[2025-09-09 19:13:08.704] [DEBUG] 接收数据超时
[2025-09-09 19:13:08.715] [DEBUG] 组包成功，数据长度: 21 字节
[2025-09-09 19:13:08.728] [DEBUG] 发送数据: A5 60 9F A5 01 0D 3B 36 33 33 33 B3 7F 33 33 33 33 33 33 28 55
[2025-09-09 19:13:09.757] [DEBUG] 接收数据超时
[2025-09-09 19:13:09.770] [INFO] 结果: FAIL | 用时: 2.212s
[2025-09-09 19:13:09.980] [INFO] ==== 执行用例 #2677 ====
[2025-09-09 19:13:10.005] [INFO] 参数: {'screen_on': 1, 'brightness': 1, 'digital': 0, 'logo': 2, 'rim_state': 0, 'rdygo': 0, 'turn_left': 0, 'turn_right': 1, 'ring': 0} | 备注: nan
[2025-09-09 19:13:10.038] [DEBUG] 修改后的LED显示信息:
[2025-09-09 19:13:10.051] [INFO]   屏幕状态: 开
  亮度级别: 1
  数字显示: 0
  LOGO状态: 2 (0关, 1白, 2红)
  护盾状态: 0 (0关, 1白, 2绿)
  ReadyGo状态: 0 (0关, 1白, 2红)
  左转向灯: 0 (0关, 1白, 2橙)
  右转向灯: 1 (0关, 1白, 2橙)
  灯环状态: 0 (0关, 1蓝, 2红)
[2025-09-09 19:13:10.072] [DEBUG] 组包成功，数据长度: 21 字节
[2025-09-09 19:13:10.082] [DEBUG] 发送数据: A5 60 9F A5 03 0D 3B 36 33 33 33 33 B4 33 33 33 33 33 33 DE 55
[2025-09-09 19:13:11.108] [DEBUG] 接收数据超时
[2025-09-09 19:13:11.119] [DEBUG] 组包成功，数据长度: 21 字节
[2025-09-09 19:13:11.131] [DEBUG] 发送数据: A5 60 9F A5 01 0D 3B 36 33 33 33 33 B4 33 33 33 33 33 33 99 55
[2025-09-09 19:13:12.159] [DEBUG] 接收数据超时
[2025-09-09 19:13:12.172] [INFO] 结果: FAIL | 用时: 2.192s
[2025-09-09 19:13:12.385] [INFO] ==== 执行用例 #3000 ====
[2025-09-09 19:13:12.407] [INFO] 参数: {'screen_on': 1, 'brightness': 1, 'digital': 50, 'logo': 0, 'rim_state': 1, 'rdygo': 0, 'turn_left': 0, 'turn_right': 0, 'ring': 2} | 备注: nan
[2025-09-09 19:13:12.447] [DEBUG] 修改后的LED显示信息:
[2025-09-09 19:13:12.461] [INFO]   屏幕状态: 开
  亮度级别: 1
  数字显示: 50
  LOGO状态: 0 (0关, 1白, 2红)
  护盾状态: 1 (0关, 1白, 2绿)
  ReadyGo状态: 0 (0关, 1白, 2红)
  左转向灯: 0 (0关, 1白, 2橙)
  右转向灯: 0 (0关, 1白, 2橙)
  灯环状态: 2 (0关, 1蓝, 2红)
[2025-09-09 19:13:12.481] [DEBUG] 组包成功，数据长度: 21 字节
[2025-09-09 19:13:12.494] [DEBUG] 发送数据: A5 60 9F A5 03 0D 3B 36 33 33 33 65 35 37 33 33 33 33 33 6A 55
[2025-09-09 19:13:12.519] [DEBUG] 接收数据超时
[2025-09-09 19:13:12.531] [DEBUG] 组包成功，数据长度: 21 字节
[2025-09-09 19:13:12.544] [DEBUG] 发送数据: A5 60 9F A5 01 0D 3B 36 33 33 33 65 35 37 33 33 33 33 33 2D 55
[2025-09-09 19:13:12.569] [DEBUG] 接收数据超时
[2025-09-09 19:13:12.580] [INFO] 结果: FAIL | 用时: 0.195s
[2025-09-09 19:13:12.590] [INFO] ==== 执行用例 #5106 ====
[2025-09-09 19:13:12.601] [INFO] 参数: {'screen_on': 1, 'brightness': 2, 'digital': 50, 'logo': 0, 'rim_state': 0, 'rdygo': 0, 'turn_left': 0, 'turn_right': 0, 'ring': 2} | 备注: nan
[2025-09-09 19:13:12.635] [DEBUG] 修改后的LED显示信息:
[2025-09-09 19:13:12.647] [INFO]   屏幕状态: 开
  亮度级别: 2
  数字显示: 50
  LOGO状态: 0 (0关, 1白, 2红)
  护盾状态: 0 (0关, 1白, 2绿)
  ReadyGo状态: 0 (0关, 1白, 2红)
  左转向灯: 0 (0关, 1白, 2橙)
  右转向灯: 0 (0关, 1白, 2橙)
  灯环状态: 2 (0关, 1蓝, 2红)
[2025-09-09 19:13:12.668] [DEBUG] 组包成功，数据长度: 21 字节
[2025-09-09 19:13:12.679] [DEBUG] 发送数据: A5 60 9F A5 03 0D 3B 38 33 33 33 65 33 37 33 33 33 33 33 FC 55
[2025-09-09 19:13:12.706] [DEBUG] 接收数据超时
[2025-09-09 19:13:12.717] [DEBUG] 组包成功，数据长度: 21 字节
[2025-09-09 19:13:12.728] [DEBUG] 发送数据: A5 60 9F A5 01 0D 3B 38 33 33 33 65 33 37 33 33 33 33 33 BB 55
[2025-09-09 19:13:12.749] [DEBUG] 接收数据超时
[2025-09-09 19:13:12.758] [INFO] 结果: FAIL | 用时: 0.168s
[2025-09-09 19:13:12.768] [INFO] ==== 执行用例 #6739 ====
[2025-09-09 19:13:12.777] [INFO] 参数: {'screen_on': 1, 'brightness': 3, 'digital': 0, 'logo': 0, 'rim_state': 2, 'rdygo': 0, 'turn_left': 1, 'turn_right': 2, 'ring': 0} | 备注: nan
[2025-09-09 19:13:12.807] [DEBUG] 修改后的LED显示信息:
[2025-09-09 19:13:12.819] [INFO]   屏幕状态: 开
  亮度级别: 3
  数字显示: 0
  LOGO状态: 0 (0关, 1白, 2红)
  护盾状态: 2 (0关, 1白, 2绿)
  ReadyGo状态: 0 (0关, 1白, 2红)
  左转向灯: 1 (0关, 1白, 2橙)
  右转向灯: 2 (0关, 1白, 2橙)
  灯环状态: 0 (0关, 1蓝, 2红)
[2025-09-09 19:13:12.840] [DEBUG] 组包成功，数据长度: 21 字节
[2025-09-09 19:13:12.856] [DEBUG] 发送数据: A5 60 9F A5 03 0D 3B 3A 33 33 33 33 57 34 33 33 33 33 33 E2 55
[2025-09-09 19:13:12.877] [DEBUG] 接收数据超时
[2025-09-09 19:13:12.893] [DEBUG] 组包成功，数据长度: 21 字节
[2025-09-09 19:13:12.904] [DEBUG] 发送数据: A5 60 9F A5 01 0D 3B 3A 33 33 33 33 57 34 33 33 33 33 33 A5 55
[2025-09-09 19:13:12.923] [DEBUG] 接收数据超时
[2025-09-09 19:13:12.936] [INFO] 结果: FAIL | 用时: 0.168s
[2025-09-09 19:13:12.945] [INFO] ==== 执行用例 #6924 ====
[2025-09-09 19:13:12.956] [INFO] 参数: {'screen_on': 1, 'brightness': 3, 'digital': 0, 'logo': 1, 'rim_state': 1, 'rdygo': 1, 'turn_left': 1, 'turn_right': 0, 'ring': 2} | 备注: nan
[2025-09-09 19:13:12.990] [DEBUG] 修改后的LED显示信息:
[2025-09-09 19:13:13.000] [INFO]   屏幕状态: 开
  亮度级别: 3
  数字显示: 0
  LOGO状态: 1 (0关, 1白, 2红)
  护盾状态: 1 (0关, 1白, 2绿)
  ReadyGo状态: 1 (0关, 1白, 2红)
  左转向灯: 1 (0关, 1白, 2橙)
  右转向灯: 0 (0关, 1白, 2橙)
  灯环状态: 2 (0关, 1蓝, 2红)
[2025-09-09 19:13:13.024] [DEBUG] 组包成功，数据长度: 21 字节
[2025-09-09 19:13:13.037] [DEBUG] 发送数据: A5 60 9F A5 03 0D 3B 3A 33 33 33 B3 5D 37 33 33 33 33 33 5C 55
[2025-09-09 19:13:13.065] [DEBUG] 接收数据超时
[2025-09-09 19:13:13.077] [DEBUG] 组包成功，数据长度: 21 字节
[2025-09-09 19:13:13.087] [DEBUG] 发送数据: A5 60 9F A5 01 0D 3B 3A 33 33 33 B3 5D 37 33 33 33 33 33 1B 55
[2025-09-09 19:13:13.106] [DEBUG] 接收数据超时
[2025-09-09 19:13:13.119] [INFO] 结果: FAIL | 用时: 0.175s
[2025-09-09 19:13:13.128] [INFO] ==== 执行用例 #7347 ====
[2025-09-09 19:13:13.137] [INFO] 参数: {'screen_on': 1, 'brightness': 3, 'digital': 50, 'logo': 0, 'rim_state': 0, 'rdygo': 2, 'turn_left': 0, 'turn_right': 0, 'ring': 2} | 备注: nan
[2025-09-09 19:13:13.172] [DEBUG] 修改后的LED显示信息:
[2025-09-09 19:13:13.183] [INFO]   屏幕状态: 开
  亮度级别: 3
  数字显示: 50
  LOGO状态: 0 (0关, 1白, 2红)
  护盾状态: 0 (0关, 1白, 2绿)
  ReadyGo状态: 2 (0关, 1白, 2红)
  左转向灯: 0 (0关, 1白, 2橙)
  右转向灯: 0 (0关, 1白, 2橙)
  灯环状态: 2 (0关, 1蓝, 2红)
[2025-09-09 19:13:13.204] [DEBUG] 组包成功，数据长度: 21 字节
[2025-09-09 19:13:13.215] [DEBUG] 发送数据: A5 60 9F A5 03 0D 3B 3A 33 33 33 65 43 37 33 33 33 33 33 4C 55
[2025-09-09 19:13:13.243] [DEBUG] 接收数据超时
[2025-09-09 19:13:13.253] [DEBUG] 组包成功，数据长度: 21 字节
[2025-09-09 19:13:13.264] [DEBUG] 发送数据: A5 60 9F A5 01 0D 3B 3A 33 33 33 65 43 37 33 33 33 33 33 0B 55
[2025-09-09 19:13:13.284] [DEBUG] 接收数据超时
[2025-09-09 19:13:13.297] [INFO] 结果: FAIL | 用时: 0.169s
[2025-09-09 19:13:13.305] [INFO] ==== 执行用例 #7548 ====
[2025-09-09 19:13:13.314] [INFO] 参数: {'screen_on': 1, 'brightness': 3, 'digital': 50, 'logo': 1, 'rim_state': 0, 'rdygo': 0, 'turn_left': 1, 'turn_right': 1, 'ring': 2} | 备注: nan
[2025-09-09 19:13:13.347] [DEBUG] 修改后的LED显示信息:
[2025-09-09 19:13:13.360] [INFO]   屏幕状态: 开
  亮度级别: 3
  数字显示: 50
  LOGO状态: 1 (0关, 1白, 2红)
  护盾状态: 0 (0关, 1白, 2绿)
  ReadyGo状态: 0 (0关, 1白, 2红)
  左转向灯: 1 (0关, 1白, 2橙)
  右转向灯: 1 (0关, 1白, 2橙)
  灯环状态: 2 (0关, 1蓝, 2红)
[2025-09-09 19:13:13.379] [DEBUG] 组包成功，数据长度: 21 字节
[2025-09-09 19:13:13.390] [DEBUG] 发送数据: A5 60 9F A5 03 0D 3B 3A 33 33 33 E5 D3 37 33 33 33 33 33 C8 55
[2025-09-09 19:13:13.411] [DEBUG] 接收数据超时
[2025-09-09 19:13:13.423] [DEBUG] 组包成功，数据长度: 21 字节
[2025-09-09 19:13:13.436] [DEBUG] 发送数据: A5 60 9F A5 01 0D 3B 3A 33 33 33 E5 D3 37 33 33 33 33 33 8F 55
[2025-09-09 19:13:13.456] [DEBUG] 接收数据超时
[2025-09-09 19:13:13.466] [INFO] 结果: FAIL | 用时: 0.161s
[2025-09-09 19:13:13.477] [INFO] ==== 执行用例 #7975 ====
[2025-09-09 19:13:13.486] [INFO] 参数: {'screen_on': 1, 'brightness': 3, 'digital': 50, 'logo': 2, 'rim_state': 2, 'rdygo': 1, 'turn_left': 1, 'turn_right': 0, 'ring': 0} | 备注: nan
[2025-09-09 19:13:13.524] [DEBUG] 修改后的LED显示信息:
[2025-09-09 19:13:13.536] [INFO]   屏幕状态: 开
  亮度级别: 3
  数字显示: 50
  LOGO状态: 2 (0关, 1白, 2红)
  护盾状态: 2 (0关, 1白, 2绿)
  ReadyGo状态: 1 (0关, 1白, 2红)
  左转向灯: 1 (0关, 1白, 2橙)
  右转向灯: 0 (0关, 1白, 2橙)
  灯环状态: 0 (0关, 1蓝, 2红)
[2025-09-09 19:13:13.554] [DEBUG] 组包成功，数据长度: 21 字节
[2025-09-09 19:13:13.565] [DEBUG] 发送数据: A5 60 9F A5 03 0D 3B 3A 33 33 33 65 60 33 33 33 33 33 33 D7 55
[2025-09-09 19:13:13.590] [DEBUG] 接收数据超时
[2025-09-09 19:13:13.603] [DEBUG] 组包成功，数据长度: 21 字节
[2025-09-09 19:13:13.615] [DEBUG] 发送数据: A5 60 9F A5 01 0D 3B 3A 33 33 33 65 60 33 33 33 33 33 33 90 55
[2025-09-09 19:13:13.637] [DEBUG] 接收数据超时
[2025-09-09 19:13:13.646] [INFO] 结果: FAIL | 用时: 0.169s
[2025-09-09 19:13:13.656] [INFO] ==== 执行用例 #8146 ====
[2025-09-09 19:13:13.665] [INFO] 参数: {'screen_on': 1, 'brightness': 3, 'digital': 100, 'logo': 0, 'rim_state': 1, 'rdygo': 1, 'turn_left': 2, 'turn_right': 0, 'ring': 0} | 备注: nan
[2025-09-09 19:13:13.696] [DEBUG] 修改后的LED显示信息:
[2025-09-09 19:13:13.707] [INFO]   屏幕状态: 开
  亮度级别: 3
  数字显示: 100
  LOGO状态: 0 (0关, 1白, 2红)
  护盾状态: 1 (0关, 1白, 2绿)
  ReadyGo状态: 1 (0关, 1白, 2红)
  左转向灯: 2 (0关, 1白, 2橙)
  右转向灯: 0 (0关, 1白, 2橙)
  灯环状态: 0 (0关, 1蓝, 2红)
[2025-09-09 19:13:13.725] [DEBUG] 组包成功，数据长度: 21 字节
[2025-09-09 19:13:13.736] [DEBUG] 发送数据: A5 60 9F A5 03 0D 3B 3A 33 33 33 97 7D 33 33 33 33 33 33 04 55
[2025-09-09 19:13:13.761] [DEBUG] 接收数据超时
[2025-09-09 19:13:13.774] [DEBUG] 组包成功，数据长度: 21 字节
[2025-09-09 19:13:13.783] [DEBUG] 发送数据: A5 60 9F A5 01 0D 3B 3A 33 33 33 97 7D 33 33 33 33 33 33 43 55
[2025-09-09 19:13:13.804] [DEBUG] 接收数据超时
[2025-09-09 19:13:13.815] [INFO] 结果: FAIL | 用时: 0.159s
[2025-09-09 19:13:13.826] [INFO] ==== 执行用例 #9520 ====
[2025-09-09 19:13:13.834] [INFO] 参数: {'screen_on': 1, 'brightness': 4, 'digital': 50, 'logo': 0, 'rim_state': 0, 'rdygo': 1, 'turn_left': 1, 'turn_right': 2, 'ring': 0} | 备注: nan
[2025-09-09 19:13:13.865] [DEBUG] 修改后的LED显示信息:
[2025-09-09 19:13:13.877] [INFO]   屏幕状态: 开
  亮度级别: 4
  数字显示: 50
  LOGO状态: 0 (0关, 1白, 2红)
  护盾状态: 0 (0关, 1白, 2绿)
  ReadyGo状态: 1 (0关, 1白, 2红)
  左转向灯: 1 (0关, 1白, 2橙)
  右转向灯: 2 (0关, 1白, 2橙)
  灯环状态: 0 (0关, 1蓝, 2红)
[2025-09-09 19:13:13.898] [DEBUG] 组包成功，数据长度: 21 字节
[2025-09-09 19:13:13.909] [DEBUG] 发送数据: A5 60 9F A5 03 0D 3B 3C 33 33 33 65 5B 34 33 33 33 33 33 67 55
[2025-09-09 19:13:13.935] [DEBUG] 接收数据超时
[2025-09-09 19:13:13.946] [DEBUG] 组包成功，数据长度: 21 字节
[2025-09-09 19:13:13.957] [DEBUG] 发送数据: A5 60 9F A5 01 0D 3B 3C 33 33 33 65 5B 34 33 33 33 33 33 20 55
[2025-09-09 19:13:13.982] [DEBUG] 接收数据超时
[2025-09-09 19:13:13.993] [INFO] 结果: FAIL | 用时: 0.167s
[2025-09-09 19:13:14.003] [INFO] ==== 执行用例 #9922 ====
[2025-09-09 19:13:14.012] [INFO] 参数: {'screen_on': 1, 'brightness': 4, 'digital': 50, 'logo': 1, 'rim_state': 2, 'rdygo': 1, 'turn_left': 1, 'turn_right': 1, 'ring': 0} | 备注: nan
[2025-09-09 19:13:14.041] [DEBUG] 修改后的LED显示信息:
[2025-09-09 19:13:14.053] [INFO]   屏幕状态: 开
  亮度级别: 4
  数字显示: 50
  LOGO状态: 1 (0关, 1白, 2红)
  护盾状态: 2 (0关, 1白, 2绿)
  ReadyGo状态: 1 (0关, 1白, 2红)
  左转向灯: 1 (0关, 1白, 2橙)
  右转向灯: 1 (0关, 1白, 2橙)
  灯环状态: 0 (0关, 1蓝, 2红)
[2025-09-09 19:13:14.073] [DEBUG] 组包成功，数据长度: 21 字节
[2025-09-09 19:13:14.083] [DEBUG] 发送数据: A5 60 9F A5 03 0D 3B 3C 33 33 33 E5 DF 33 33 33 33 33 33 1A 55
[2025-09-09 19:13:14.107] [DEBUG] 接收数据超时
[2025-09-09 19:13:14.123] [DEBUG] 组包成功，数据长度: 21 字节
[2025-09-09 19:13:14.134] [DEBUG] 发送数据: A5 60 9F A5 01 0D 3B 3C 33 33 33 E5 DF 33 33 33 33 33 33 5D 55
[2025-09-09 19:13:14.157] [DEBUG] 接收数据超时
[2025-09-09 19:13:14.166] [INFO] 结果: FAIL | 用时: 0.163s
[2025-09-09 19:13:14.175] [INFO] ==== 执行用例 #10023 ====
[2025-09-09 19:13:14.185] [INFO] 参数: {'screen_on': 1, 'brightness': 4, 'digital': 50, 'logo': 2, 'rim_state': 0, 'rdygo': 2, 'turn_left': 0, 'turn_right': 1, 'ring': 2} | 备注: nan
[2025-09-09 19:13:14.220] [DEBUG] 修改后的LED显示信息:
[2025-09-09 19:13:14.235] [INFO]   屏幕状态: 开
  亮度级别: 4
  数字显示: 50
  LOGO状态: 2 (0关, 1白, 2红)
  护盾状态: 0 (0关, 1白, 2绿)
  ReadyGo状态: 2 (0关, 1白, 2红)
  左转向灯: 0 (0关, 1白, 2橙)
  右转向灯: 1 (0关, 1白, 2橙)
  灯环状态: 2 (0关, 1蓝, 2红)
[2025-09-09 19:13:14.252] [DEBUG] 组包成功，数据长度: 21 字节
[2025-09-09 19:13:14.265] [DEBUG] 发送数据: A5 60 9F A5 03 0D 3B 3C 33 33 33 65 C4 37 33 33 33 33 33 85 55
[2025-09-09 19:13:14.289] [DEBUG] 接收数据超时
[2025-09-09 19:13:14.300] [DEBUG] 组包成功，数据长度: 21 字节
[2025-09-09 19:13:14.311] [DEBUG] 发送数据: A5 60 9F A5 01 0D 3B 3C 33 33 33 65 C4 37 33 33 33 33 33 C2 55
[2025-09-09 19:13:14.331] [DEBUG] 接收数据超时
[2025-09-09 19:13:14.342] [INFO] 结果: FAIL | 用时: 0.167s
[2025-09-09 19:13:14.351] [INFO] ==== 执行用例 #10068 ====
[2025-09-09 19:13:14.357] [INFO] 参数: {'screen_on': 1, 'brightness': 4, 'digital': 50, 'logo': 2, 'rim_state': 1, 'rdygo': 0, 'turn_left': 2, 'turn_right': 1, 'ring': 2} | 备注: nan
[2025-09-09 19:13:14.391] [DEBUG] 修改后的LED显示信息:
[2025-09-09 19:13:14.403] [INFO]   屏幕状态: 开
  亮度级别: 4
  数字显示: 50
  LOGO状态: 2 (0关, 1白, 2红)
  护盾状态: 1 (0关, 1白, 2绿)
  ReadyGo状态: 0 (0关, 1白, 2红)
  左转向灯: 2 (0关, 1白, 2橙)
  右转向灯: 1 (0关, 1白, 2橙)
  灯环状态: 2 (0关, 1蓝, 2红)
[2025-09-09 19:13:14.419] [DEBUG] 组包成功，数据长度: 21 字节
[2025-09-09 19:13:14.434] [DEBUG] 发送数据: A5 60 9F A5 03 0D 3B 3C 33 33 33 65 F6 37 33 33 33 33 33 C9 55
[2025-09-09 19:13:14.461] [DEBUG] 接收数据超时
[2025-09-09 19:13:14.469] [DEBUG] 组包成功，数据长度: 21 字节
[2025-09-09 19:13:14.485] [DEBUG] 发送数据: A5 60 9F A5 01 0D 3B 3C 33 33 33 65 F6 37 33 33 33 33 33 8E 55
[2025-09-09 19:13:14.509] [DEBUG] 接收数据超时
[2025-09-09 19:13:14.518] [INFO] 结果: FAIL | 用时: 0.167s
[2025-09-09 19:13:14.527] [INFO] ==== 执行用例 #10282 ====
[2025-09-09 19:13:14.539] [INFO] 参数: {'screen_on': 1, 'brightness': 4, 'digital': 100, 'logo': 0, 'rim_state': 0, 'rdygo': 2, 'turn_left': 2, 'turn_right': 1, 'ring': 0} | 备注: nan
[2025-09-09 19:13:14.573] [DEBUG] 修改后的LED显示信息:
[2025-09-09 19:13:14.587] [INFO]   屏幕状态: 开
  亮度级别: 4
  数字显示: 100
  LOGO状态: 0 (0关, 1白, 2红)
  护盾状态: 0 (0关, 1白, 2绿)
  ReadyGo状态: 2 (0关, 1白, 2红)
  左转向灯: 2 (0关, 1白, 2橙)
  右转向灯: 1 (0关, 1白, 2橙)
  灯环状态: 0 (0关, 1蓝, 2红)
[2025-09-09 19:13:14.607] [DEBUG] 组包成功，数据长度: 21 字节
[2025-09-09 19:13:14.620] [DEBUG] 发送数据: A5 60 9F A5 03 0D 3B 3C 33 33 33 97 03 33 33 33 33 33 33 D5 55
[2025-09-09 19:13:14.644] [DEBUG] 接收数据超时
[2025-09-09 19:13:14.657] [DEBUG] 组包成功，数据长度: 21 字节
[2025-09-09 19:13:14.667] [DEBUG] 发送数据: A5 60 9F A5 01 0D 3B 3C 33 33 33 97 03 33 33 33 33 33 33 92 55
[2025-09-09 19:13:14.690] [DEBUG] 接收数据超时
[2025-09-09 19:13:14.698] [INFO] 结果: FAIL | 用时: 0.171s
[2025-09-09 19:13:14.707] [INFO] ==== 执行用例 #10509 ====
[2025-09-09 19:13:14.716] [INFO] 参数: {'screen_on': 1, 'brightness': 4, 'digital': 100, 'logo': 1, 'rim_state': 0, 'rdygo': 2, 'turn_left': 0, 'turn_right': 1, 'ring': 2} | 备注: nan
[2025-09-09 19:13:14.753] [DEBUG] 修改后的LED显示信息:
[2025-09-09 19:13:14.765] [INFO]   屏幕状态: 开
  亮度级别: 4
  数字显示: 100
  LOGO状态: 1 (0关, 1白, 2红)
  护盾状态: 0 (0关, 1白, 2绿)
  ReadyGo状态: 2 (0关, 1白, 2红)
  左转向灯: 0 (0关, 1白, 2橙)
  右转向灯: 1 (0关, 1白, 2橙)
  灯环状态: 2 (0关, 1蓝, 2红)
[2025-09-09 19:13:14.786] [DEBUG] 组包成功，数据长度: 21 字节
[2025-09-09 19:13:14.798] [DEBUG] 发送数据: A5 60 9F A5 03 0D 3B 3C 33 33 33 17 C3 37 33 33 33 33 33 56 55
[2025-09-09 19:13:14.823] [DEBUG] 接收数据超时
[2025-09-09 19:13:14.832] [DEBUG] 组包成功，数据长度: 21 字节
[2025-09-09 19:13:14.844] [DEBUG] 发送数据: A5 60 9F A5 01 0D 3B 3C 33 33 33 17 C3 37 33 33 33 33 33 11 55
[2025-09-09 19:13:14.866] [DEBUG] 接收数据超时
[2025-09-09 19:13:14.878] [INFO] 结果: FAIL | 用时: 0.171s
[2025-09-09 19:13:14.887] [INFO] ==== 执行用例 #11108 ====
[2025-09-09 19:13:14.898] [INFO] 参数: {'screen_on': 1, 'brightness': 5, 'digital': 0, 'logo': 0, 'rim_state': 2, 'rdygo': 0, 'turn_left': 1, 'turn_right': 0, 'ring': 1} | 备注: nan
[2025-09-09 19:13:14.932] [DEBUG] 修改后的LED显示信息:
[2025-09-09 19:13:14.944] [INFO]   屏幕状态: 开
  亮度级别: 5
  数字显示: 0
  LOGO状态: 0 (0关, 1白, 2红)
  护盾状态: 2 (0关, 1白, 2绿)
  ReadyGo状态: 0 (0关, 1白, 2红)
  左转向灯: 1 (0关, 1白, 2橙)
  右转向灯: 0 (0关, 1白, 2橙)
  灯环状态: 1 (0关, 1蓝, 2红)
[2025-09-09 19:13:14.963] [DEBUG] 组包成功，数据长度: 21 字节
[2025-09-09 19:13:14.977] [DEBUG] 发送数据: A5 60 9F A5 03 0D 3B 3E 33 33 33 33 57 35 33 33 33 33 33 6E 55
[2025-09-09 19:13:15.002] [DEBUG] 接收数据超时
[2025-09-09 19:13:15.010] [DEBUG] 组包成功，数据长度: 21 字节
[2025-09-09 19:13:15.024] [DEBUG] 发送数据: A5 60 9F A5 01 0D 3B 3E 33 33 33 33 57 35 33 33 33 33 33 29 55
[2025-09-09 19:13:15.044] [DEBUG] 接收数据超时
[2025-09-09 19:13:15.056] [INFO] 结果: FAIL | 用时: 0.169s
[2025-09-09 19:13:15.066] [INFO] ==== 执行用例 #11309 ====
[2025-09-09 19:13:15.076] [INFO] 参数: {'screen_on': 1, 'brightness': 5, 'digital': 0, 'logo': 1, 'rim_state': 1, 'rdygo': 1, 'turn_left': 2, 'turn_right': 1, 'ring': 1} | 备注: nan
[2025-09-09 19:13:15.107] [DEBUG] 修改后的LED显示信息:
[2025-09-09 19:13:15.120] [INFO]   屏幕状态: 开
  亮度级别: 5
  数字显示: 0
  LOGO状态: 1 (0关, 1白, 2红)
  护盾状态: 1 (0关, 1白, 2绿)
  ReadyGo状态: 1 (0关, 1白, 2红)
  左转向灯: 2 (0关, 1白, 2橙)
  右转向灯: 1 (0关, 1白, 2橙)
  灯环状态: 1 (0关, 1蓝, 2红)
[2025-09-09 19:13:15.137] [DEBUG] 组包成功，数据长度: 21 字节
[2025-09-09 19:13:15.150] [DEBUG] 发送数据: A5 60 9F A5 03 0D 3B 3E 33 33 33 B3 FD 35 33 33 33 33 33 82 55
[2025-09-09 19:13:15.171] [DEBUG] 接收数据超时
[2025-09-09 19:13:15.184] [DEBUG] 组包成功，数据长度: 21 字节
[2025-09-09 19:13:15.192] [DEBUG] 发送数据: A5 60 9F A5 01 0D 3B 3E 33 33 33 B3 FD 35 33 33 33 33 33 C5 55
[2025-09-09 19:13:15.218] [DEBUG] 接收数据超时
[2025-09-09 19:13:15.228] [INFO] 结果: FAIL | 用时: 0.162s
[2025-09-09 19:13:15.236] [INFO] ==== 执行用例 #11460 ====
[2025-09-09 19:13:15.247] [INFO] 参数: {'screen_on': 1, 'brightness': 5, 'digital': 0, 'logo': 2, 'rim_state': 0, 'rdygo': 1, 'turn_left': 1, 'turn_right': 0, 'ring': 2} | 备注: nan
[2025-09-09 19:13:15.277] [DEBUG] 修改后的LED显示信息:
[2025-09-09 19:13:15.288] [INFO]   屏幕状态: 开
  亮度级别: 5
  数字显示: 0
  LOGO状态: 2 (0关, 1白, 2红)
  护盾状态: 0 (0关, 1白, 2绿)
  ReadyGo状态: 1 (0关, 1白, 2红)
  左转向灯: 1 (0关, 1白, 2橙)
  右转向灯: 0 (0关, 1白, 2橙)
  灯环状态: 2 (0关, 1蓝, 2红)
[2025-09-09 19:13:15.306] [DEBUG] 组包成功，数据长度: 21 字节
[2025-09-09 19:13:15.315] [DEBUG] 发送数据: A5 60 9F A5 03 0D 3B 3E 33 33 33 33 5C 37 33 33 33 33 33 AD 55
[2025-09-09 19:13:15.340] [DEBUG] 接收数据超时
[2025-09-09 19:13:15.353] [DEBUG] 组包成功，数据长度: 21 字节
[2025-09-09 19:13:15.364] [DEBUG] 发送数据: A5 60 9F A5 01 0D 3B 3E 33 33 33 33 5C 37 33 33 33 33 33 EA 55
[2025-09-09 19:13:15.388] [DEBUG] 接收数据超时
[2025-09-09 19:13:15.398] [INFO] 结果: FAIL | 用时: 0.162s
[2025-09-09 19:13:15.407] [INFO] ==== 执行用例 #12960 ====
[2025-09-09 19:13:15.415] [INFO] 参数: {'screen_on': 1, 'brightness': 5, 'digital': 100, 'logo': 2, 'rim_state': 0, 'rdygo': 2, 'turn_left': 2, 'turn_right': 2, 'ring': 2} | 备注: nan
[2025-09-09 19:13:15.445] [DEBUG] 修改后的LED显示信息:
[2025-09-09 19:13:15.458] [INFO]   屏幕状态: 开
  亮度级别: 5
  数字显示: 100
  LOGO状态: 2 (0关, 1白, 2红)
  护盾状态: 0 (0关, 1白, 2绿)
  ReadyGo状态: 2 (0关, 1白, 2红)
  左转向灯: 2 (0关, 1白, 2橙)
  右转向灯: 2 (0关, 1白, 2橙)
  灯环状态: 2 (0关, 1蓝, 2红)
[2025-09-09 19:13:15.475] [DEBUG] 组包成功，数据长度: 21 字节
[2025-09-09 19:13:15.487] [DEBUG] 发送数据: A5 60 9F A5 03 0D 3B 3E 33 33 33 97 84 38 33 33 33 33 33 9E 55
[2025-09-09 19:13:15.512] [DEBUG] 接收数据超时
[2025-09-09 19:13:15.523] [DEBUG] 组包成功，数据长度: 21 字节
[2025-09-09 19:13:15.534] [DEBUG] 发送数据: A5 60 9F A5 01 0D 3B 3E 33 33 33 97 84 38 33 33 33 33 33 D9 55
[2025-09-09 19:13:15.556] [DEBUG] 接收数据超时
[2025-09-09 19:13:15.565] [INFO] 结果: FAIL | 用时: 0.158s
[2025-09-09 19:13:15.573] [INFO] ==== 执行用例 #13191 ====
[2025-09-09 19:13:15.585] [INFO] 参数: {'screen_on': 1, 'brightness': 6, 'digital': 0, 'logo': 0, 'rim_state': 0, 'rdygo': 2, 'turn_left': 1, 'turn_right': 1, 'ring': 2} | 备注: nan
[2025-09-09 19:13:15.617] [DEBUG] 修改后的LED显示信息:
[2025-09-09 19:13:15.626] [INFO]   屏幕状态: 开
  亮度级别: 6
  数字显示: 0
  LOGO状态: 0 (0关, 1白, 2红)
  护盾状态: 0 (0关, 1白, 2绿)
  ReadyGo状态: 2 (0关, 1白, 2红)
  左转向灯: 1 (0关, 1白, 2橙)
  右转向灯: 1 (0关, 1白, 2橙)
  灯环状态: 2 (0关, 1蓝, 2红)
[2025-09-09 19:13:15.643] [DEBUG] 组包成功，数据长度: 21 字节
[2025-09-09 19:13:15.655] [DEBUG] 发送数据: A5 60 9F A5 03 0D 3B 40 33 33 33 33 E3 37 33 33 33 33 33 02 55
[2025-09-09 19:13:15.683] [DEBUG] 接收数据超时
[2025-09-09 19:13:15.694] [DEBUG] 组包成功，数据长度: 21 字节
[2025-09-09 19:13:15.705] [DEBUG] 发送数据: A5 60 9F A5 01 0D 3B 40 33 33 33 33 E3 37 33 33 33 33 33 45 55
[2025-09-09 19:13:15.728] [DEBUG] 接收数据超时
[2025-09-09 19:13:15.736] [INFO] 结果: FAIL | 用时: 0.163s
[2025-09-09 19:13:15.744] [INFO] ==== 执行用例 #13602 ====
[2025-09-09 19:13:15.754] [INFO] 参数: {'screen_on': 1, 'brightness': 6, 'digital': 0, 'logo': 1, 'rim_state': 2, 'rdygo': 2, 'turn_left': 2, 'turn_right': 0, 'ring': 2} | 备注: nan
[2025-09-09 19:13:15.790] [DEBUG] 修改后的LED显示信息:
[2025-09-09 19:13:15.802] [INFO]   屏幕状态: 开
  亮度级别: 6
  数字显示: 0
  LOGO状态: 1 (0关, 1白, 2红)
  护盾状态: 2 (0关, 1白, 2绿)
  ReadyGo状态: 2 (0关, 1白, 2红)
  左转向灯: 2 (0关, 1白, 2橙)
  右转向灯: 0 (0关, 1白, 2橙)
  灯环状态: 2 (0关, 1蓝, 2红)
[2025-09-09 19:13:15.823] [DEBUG] 组包成功，数据长度: 21 字节
[2025-09-09 19:13:15.833] [DEBUG] 发送数据: A5 60 9F A5 03 0D 3B 40 33 33 33 B3 87 37 33 33 33 33 33 62 55
[2025-09-09 19:13:15.859] [DEBUG] 接收数据超时
[2025-09-09 19:13:15.869] [DEBUG] 组包成功，数据长度: 21 字节
[2025-09-09 19:13:15.879] [DEBUG] 发送数据: A5 60 9F A5 01 0D 3B 40 33 33 33 B3 87 37 33 33 33 33 33 25 55
[2025-09-09 19:13:15.902] [DEBUG] 接收数据超时
[2025-09-09 19:13:15.910] [INFO] 结果: FAIL | 用时: 0.166s
[2025-09-09 19:13:15.921] [INFO] ==== 执行用例 #14453 ====
[2025-09-09 19:13:15.927] [INFO] 参数: {'screen_on': 1, 'brightness': 6, 'digital': 50, 'logo': 2, 'rim_state': 1, 'rdygo': 1, 'turn_left': 0, 'turn_right': 2, 'ring': 1} | 备注: nan
[2025-09-09 19:13:15.960] [DEBUG] 修改后的LED显示信息:
[2025-09-09 19:13:15.974] [INFO]   屏幕状态: 开
  亮度级别: 6
  数字显示: 50
  LOGO状态: 2 (0关, 1白, 2红)
  护盾状态: 1 (0关, 1白, 2绿)
  ReadyGo状态: 1 (0关, 1白, 2红)
  左转向灯: 0 (0关, 1白, 2橙)
  右转向灯: 2 (0关, 1白, 2橙)
  灯环状态: 1 (0关, 1蓝, 2红)
[2025-09-09 19:13:15.995] [DEBUG] 组包成功，数据长度: 21 字节
[2025-09-09 19:13:16.006] [DEBUG] 发送数据: A5 60 9F A5 03 0D 3B 40 33 33 33 65 3E 36 33 33 33 33 33 D5 55
[2025-09-09 19:13:16.027] [DEBUG] 接收数据超时
[2025-09-09 19:13:16.040] [DEBUG] 组包成功，数据长度: 21 字节
[2025-09-09 19:13:16.049] [DEBUG] 发送数据: A5 60 9F A5 01 0D 3B 40 33 33 33 65 3E 36 33 33 33 33 33 92 55
[2025-09-09 19:13:16.074] [DEBUG] 接收数据超时
[2025-09-09 19:13:16.110] [INFO] 结果: FAIL | 用时: 0.189s
[2025-09-09 19:13:16.119] [INFO] ==== 执行用例 #14934 ====
[2025-09-09 19:13:16.130] [INFO] 参数: {'screen_on': 1, 'brightness': 6, 'digital': 100, 'logo': 1, 'rim_state': 1, 'rdygo': 1, 'turn_left': 0, 'turn_right': 0, 'ring': 2} | 备注: nan
[2025-09-09 19:13:16.162] [DEBUG] 修改后的LED显示信息:
[2025-09-09 19:13:16.173] [INFO]   屏幕状态: 开
  亮度级别: 6
  数字显示: 100
  LOGO状态: 1 (0关, 1白, 2红)
  护盾状态: 1 (0关, 1白, 2绿)
  ReadyGo状态: 1 (0关, 1白, 2红)
  左转向灯: 0 (0关, 1白, 2橙)
  右转向灯: 0 (0关, 1白, 2橙)
  灯环状态: 2 (0关, 1蓝, 2红)
[2025-09-09 19:13:16.194] [DEBUG] 组包成功，数据长度: 21 字节
[2025-09-09 19:13:16.206] [DEBUG] 发送数据: A5 60 9F A5 03 0D 3B 40 33 33 33 17 3D 37 33 33 33 33 33 46 55
[2025-09-09 19:13:16.231] [DEBUG] 接收数据超时
[2025-09-09 19:13:16.240] [DEBUG] 组包成功，数据长度: 21 字节
[2025-09-09 19:13:16.251] [DEBUG] 发送数据: A5 60 9F A5 01 0D 3B 40 33 33 33 17 3D 37 33 33 33 33 33 01 55
[2025-09-09 19:13:16.273] [DEBUG] 接收数据超时
[2025-09-09 19:13:16.284] [INFO] 结果: FAIL | 用时: 0.165s
[2025-09-09 19:13:16.295] [INFO] ==== 执行用例 #15192 ====
[2025-09-09 19:13:16.305] [INFO] 参数: {'screen_on': 1, 'brightness': 6, 'digital': 100, 'logo': 2, 'rim_state': 1, 'rdygo': 1, 'turn_left': 1, 'turn_right': 2, 'ring': 2} | 备注: nan
[2025-09-09 19:13:16.334] [DEBUG] 修改后的LED显示信息:
[2025-09-09 19:13:16.346] [INFO]   屏幕状态: 开
  亮度级别: 6
  数字显示: 100
  LOGO状态: 2 (0关, 1白, 2红)
  护盾状态: 1 (0关, 1白, 2绿)
  ReadyGo状态: 1 (0关, 1白, 2红)
  左转向灯: 1 (0关, 1白, 2橙)
  右转向灯: 2 (0关, 1白, 2橙)
  灯环状态: 2 (0关, 1蓝, 2红)
[2025-09-09 19:13:16.363] [DEBUG] 组包成功，数据长度: 21 字节
[2025-09-09 19:13:16.376] [DEBUG] 发送数据: A5 60 9F A5 03 0D 3B 40 33 33 33 97 5E 38 33 33 33 33 33 7E 55
[2025-09-09 19:13:16.401] [DEBUG] 接收数据超时
[2025-09-09 19:13:16.410] [DEBUG] 组包成功，数据长度: 21 字节
[2025-09-09 19:13:16.418] [DEBUG] 发送数据: A5 60 9F A5 01 0D 3B 40 33 33 33 97 5E 38 33 33 33 33 33 39 55
[2025-09-09 19:13:16.444] [DEBUG] 接收数据超时
[2025-09-09 19:13:16.454] [INFO] 结果: FAIL | 用时: 0.159s
[2025-09-09 19:13:16.464] [INFO] ==== 执行用例 #15583 ====
[2025-09-09 19:13:16.473] [INFO] 参数: {'screen_on': 1, 'brightness': 7, 'digital': 0, 'logo': 1, 'rim_state': 0, 'rdygo': 1, 'turn_left': 0, 'turn_right': 1, 'ring': 0} | 备注: nan
[2025-09-09 19:13:16.503] [DEBUG] 修改后的LED显示信息:
[2025-09-09 19:13:16.512] [INFO]   屏幕状态: 开
  亮度级别: 7
  数字显示: 0
  LOGO状态: 1 (0关, 1白, 2红)
  护盾状态: 0 (0关, 1白, 2绿)
  ReadyGo状态: 1 (0关, 1白, 2红)
  左转向灯: 0 (0关, 1白, 2橙)
  右转向灯: 1 (0关, 1白, 2橙)
  灯环状态: 0 (0关, 1蓝, 2红)
[2025-09-09 19:13:16.533] [DEBUG] 组包成功，数据长度: 21 字节
[2025-09-09 19:13:16.541] [DEBUG] 发送数据: A5 60 9F A5 03 0D 3B 42 33 33 33 B3 BB 33 33 33 33 33 33 AB 55
[2025-09-09 19:13:16.566] [DEBUG] 接收数据超时
[2025-09-09 19:13:16.576] [DEBUG] 组包成功，数据长度: 21 字节
[2025-09-09 19:13:16.587] [DEBUG] 发送数据: A5 60 9F A5 01 0D 3B 42 33 33 33 B3 BB 33 33 33 33 33 33 EC 55
[2025-09-09 19:13:16.610] [DEBUG] 接收数据超时
[2025-09-09 19:13:16.619] [INFO] 结果: FAIL | 用时: 0.155s
[2025-09-09 19:13:16.628] [INFO] ==== 执行用例 #16100 ====
[2025-09-09 19:13:16.636] [INFO] 参数: {'screen_on': 1, 'brightness': 7, 'digital': 50, 'logo': 0, 'rim_state': 0, 'rdygo': 2, 'turn_left': 0, 'turn_right': 2, 'ring': 1} | 备注: nan
[2025-09-09 19:13:16.669] [DEBUG] 修改后的LED显示信息:
[2025-09-09 19:13:16.681] [INFO]   屏幕状态: 开
  亮度级别: 7
  数字显示: 50
  LOGO状态: 0 (0关, 1白, 2红)
  护盾状态: 0 (0关, 1白, 2绿)
  ReadyGo状态: 2 (0关, 1白, 2红)
  左转向灯: 0 (0关, 1白, 2橙)
  右转向灯: 2 (0关, 1白, 2橙)
  灯环状态: 1 (0关, 1蓝, 2红)
[2025-09-09 19:13:16.699] [DEBUG] 组包成功，数据长度: 21 字节
[2025-09-09 19:13:16.710] [DEBUG] 发送数据: A5 60 9F A5 03 0D 3B 42 33 33 33 65 43 36 33 33 33 33 33 99 55
[2025-09-09 19:13:16.735] [DEBUG] 接收数据超时
[2025-09-09 19:13:16.748] [DEBUG] 组包成功，数据长度: 21 字节
[2025-09-09 19:13:16.758] [DEBUG] 发送数据: A5 60 9F A5 01 0D 3B 42 33 33 33 65 43 36 33 33 33 33 33 DE 55
[2025-09-09 19:13:16.778] [DEBUG] 接收数据超时
[2025-09-09 19:13:16.786] [INFO] 结果: FAIL | 用时: 0.157s
[2025-09-09 19:13:16.796] [INFO] ==== 执行用例 #16418 ====
[2025-09-09 19:13:16.806] [INFO] 参数: {'screen_on': 1, 'brightness': 7, 'digital': 50, 'logo': 1, 'rim_state': 1, 'rdygo': 2, 'turn_left': 0, 'turn_right': 0, 'ring': 1} | 备注: nan
[2025-09-09 19:13:16.836] [DEBUG] 修改后的LED显示信息:
[2025-09-09 19:13:16.851] [INFO]   屏幕状态: 开
  亮度级别: 7
  数字显示: 50
  LOGO状态: 1 (0关, 1白, 2红)
  护盾状态: 1 (0关, 1白, 2绿)
  ReadyGo状态: 2 (0关, 1白, 2红)
  左转向灯: 0 (0关, 1白, 2橙)
  右转向灯: 0 (0关, 1白, 2橙)
  灯环状态: 1 (0关, 1蓝, 2红)
[2025-09-09 19:13:16.866] [DEBUG] 组包成功，数据长度: 21 字节
[2025-09-09 19:13:16.879] [DEBUG] 发送数据: A5 60 9F A5 03 0D 3B 42 33 33 33 E5 45 35 33 33 33 33 33 11 55
[2025-09-09 19:13:16.907] [DEBUG] 接收数据超时
[2025-09-09 19:13:16.917] [DEBUG] 组包成功，数据长度: 21 字节
[2025-09-09 19:13:16.928] [DEBUG] 发送数据: A5 60 9F A5 01 0D 3B 42 33 33 33 E5 45 35 33 33 33 33 33 56 55
[2025-09-09 19:13:16.950] [DEBUG] 接收数据超时
[2025-09-09 19:13:16.958] [INFO] 结果: FAIL | 用时: 0.162s
[2025-09-09 19:13:16.965] [INFO] ==== 执行用例 #16485 ====
[2025-09-09 19:13:16.978] [INFO] 参数: {'screen_on': 1, 'brightness': 7, 'digital': 50, 'logo': 1, 'rim_state': 2, 'rdygo': 1, 'turn_left': 1, 'turn_right': 1, 'ring': 2} | 备注: nan
[2025-09-09 19:13:17.011] [DEBUG] 修改后的LED显示信息:
[2025-09-09 19:13:17.024] [INFO]   屏幕状态: 开
  亮度级别: 7
  数字显示: 50
  LOGO状态: 1 (0关, 1白, 2红)
  护盾状态: 2 (0关, 1白, 2绿)
  ReadyGo状态: 1 (0关, 1白, 2红)
  左转向灯: 1 (0关, 1白, 2橙)
  右转向灯: 1 (0关, 1白, 2橙)
  灯环状态: 2 (0关, 1蓝, 2红)
[2025-09-09 19:13:17.045] [DEBUG] 组包成功，数据长度: 21 字节
[2025-09-09 19:13:17.056] [DEBUG] 发送数据: A5 60 9F A5 03 0D 3B 42 33 33 33 E5 DF 37 33 33 33 33 33 79 55
[2025-09-09 19:13:17.082] [DEBUG] 接收数据超时
[2025-09-09 19:13:17.093] [DEBUG] 组包成功，数据长度: 21 字节
[2025-09-09 19:13:17.104] [DEBUG] 发送数据: A5 60 9F A5 01 0D 3B 42 33 33 33 E5 DF 37 33 33 33 33 33 3E 55
[2025-09-09 19:13:17.124] [DEBUG] 接收数据超时
[2025-09-09 19:13:17.134] [INFO] 结果: FAIL | 用时: 0.169s
[2025-09-09 19:13:17.141] [INFO] ==== 执行用例 #16555 ====
[2025-09-09 19:13:17.154] [INFO] 参数: {'screen_on': 1, 'brightness': 7, 'digital': 50, 'logo': 2, 'rim_state': 0, 'rdygo': 1, 'turn_left': 0, 'turn_right': 1, 'ring': 0} | 备注: nan
[2025-09-09 19:13:17.188] [DEBUG] 修改后的LED显示信息:
[2025-09-09 19:13:17.201] [INFO]   屏幕状态: 开
  亮度级别: 7
  数字显示: 50
  LOGO状态: 2 (0关, 1白, 2红)
  护盾状态: 0 (0关, 1白, 2绿)
  ReadyGo状态: 1 (0关, 1白, 2红)
  左转向灯: 0 (0关, 1白, 2橙)
  右转向灯: 1 (0关, 1白, 2橙)
  灯环状态: 0 (0关, 1蓝, 2红)
[2025-09-09 19:13:17.221] [DEBUG] 组包成功，数据长度: 21 字节
[2025-09-09 19:13:17.232] [DEBUG] 发送数据: A5 60 9F A5 03 0D 3B 42 33 33 33 65 BC 33 33 33 33 33 33 1D 55
[2025-09-09 19:13:17.256] [DEBUG] 接收数据超时
[2025-09-09 19:13:17.264] [DEBUG] 组包成功，数据长度: 21 字节
[2025-09-09 19:13:17.277] [DEBUG] 发送数据: A5 60 9F A5 01 0D 3B 42 33 33 33 65 BC 33 33 33 33 33 33 5A 55
[2025-09-09 19:13:17.298] [DEBUG] 接收数据超时
[2025-09-09 19:13:17.311] [INFO] 结果: FAIL | 用时: 0.170s
[2025-09-09 19:13:17.328] [INFO] 开始压力循环: 次数=1, 间隔=0.5s, 参数={'screen_on': 1, 'brightness': 1, 'digital': 0, 'logo': 0, 'rim_state': 1, 'rdygo': 1, 'turn_left': 0, 'turn_right': 2, 'ring': 0}
[2025-09-09 19:13:17.357] [DEBUG] 修改后的LED显示信息:
[2025-09-09 19:13:17.370] [INFO]   屏幕状态: 开
  亮度级别: 1
  数字显示: 0
  LOGO状态: 0 (0关, 1白, 2红)
  护盾状态: 1 (0关, 1白, 2绿)
  ReadyGo状态: 1 (0关, 1白, 2红)
  左转向灯: 0 (0关, 1白, 2橙)
  右转向灯: 2 (0关, 1白, 2橙)
  灯环状态: 0 (0关, 1蓝, 2红)
[2025-09-09 19:13:17.389] [DEBUG] 组包成功，数据长度: 21 字节
[2025-09-09 19:13:17.400] [DEBUG] 发送数据: A5 60 9F A5 03 0D 3B 36 33 33 33 33 3D 34 33 33 33 33 33 BA 55
[2025-09-09 19:13:18.425] [DEBUG] 接收数据超时
[2025-09-09 19:13:18.449] [INFO] [循环 1/1] 发送 OK
[2025-09-09 19:13:18.963] [INFO] 已保存结果: reports\2025-09-09_19-13-03\results.csv
[2025-09-09 19:13:19.141] [INFO] 已生成报告: reports\2025-09-09_19-13-03\report.html
[2025-09-09 19:13:19.165] [DEBUG] 串口已关闭
[2025-09-09 19:13:19.177] [INFO] 程序结束
