[2025-08-26 19:46:31.369] [INFO] 初始化 BLE 协议通信...
[2025-08-26 19:46:31.560] [INFO] 加载用例 2 条 来自: testcases.xlsx
[2025-08-26 19:46:31.566] [INFO] ==== 执行用例 #1 ====
[2025-08-26 19:46:31.569] [INFO] 参数: {'screen_on': 1, 'brightness': 7, 'digital': 0, 'logo': 1, 'rim_state': 0, 'rdygo': 0, 'turn_left': 0, 'turn_right': 0, 'ring': 1} | 备注: 最小点亮测试
[2025-08-26 19:46:31.590] [DEBUG] 修改后的LED显示信息:
[2025-08-26 19:46:31.599] [INFO]   屏幕状态: 开
  亮度级别: 7
  数字显示: 0
  LOGO状态: 1 (0关, 1白, 2红)
  护盾状态: 0 (0关, 1白, 2绿)
  ReadyGo状态: 0 (0关, 1白, 2红)
  左转向灯: 0 (0关, 1白, 2橙)
  右转向灯: 0 (0关, 1白, 2橙)
  灯环状态: 1 (0关, 1蓝, 2红)
[2025-08-26 19:46:31.613] [DEBUG] 组包成功，数据长度: 21 字节
[2025-08-26 19:46:31.621] [DEBUG] 发送数据: A5 60 9F A5 03 0D 3B 42 33 33 33 B3 33 35 33 33 33 33 33 57 55
[2025-08-26 19:46:32.642] [DEBUG] 接收数据: A5 60 9F A5 83 55 33 93 7F 63 64 33 33 33 33 33 33 33 33 33 33 33 33 33 33 33 33 33 33 33 33 33 33 33 33 33 33 33 33 33 33 33 33 89 66 69 66 65 85 64 63 64 76 63 64 92 75 A7 63 65 33 33 33 33 33 37 33 37 33 33 33 42 33 33 33 B3 33 35 33 33 33 33 33 33 33 33 33 33 33 33 33 06 55
[2025-08-26 19:46:32.687] [DEBUG] 数据解析成功:
[2025-08-26 19:46:32.700] [INFO]   ID: 0x60
  命令: 0x83 (读)
  寄存器地址: 0x00
  寄存器数量: 0
[2025-08-26 19:46:32.723] [DEBUG] 组包成功，数据长度: 21 字节
[2025-08-26 19:46:32.736] [DEBUG] 发送数据: A5 60 9F A5 01 0D 3B 42 33 33 33 B3 33 35 33 33 33 33 33 10 55
[2025-08-26 19:46:33.767] [DEBUG] 接收数据: A5 60 9F A5 81 0D 3B 42 33 33 33 B3 33 35 33 33 33 33 33 27 55
[2025-08-26 19:46:33.845] [DEBUG] 数据解析成功:
[2025-08-26 19:46:33.863] [INFO]   ID: 0x60
  命令: 0x81 (读)
  寄存器地址: 0x08
  寄存器数量: 0
[2025-08-26 19:46:33.884] [INFO] 
全局变量中的LED显示信息已更新:
[2025-08-26 19:46:33.906] [INFO]   屏幕状态: 开
  亮度级别: 7
  数字显示: 0
  LOGO状态: 1 (0关, 1白, 2红)
  护盾状态: 0 (0关, 1白, 2绿)
  ReadyGo状态: 0 (0关, 1白, 2红)
  左转向灯: 0 (0关, 1白, 2橙)
  右转向灯: 0 (0关, 1白, 2橙)
  灯环状态: 1 (0关, 1蓝, 2红)
[2025-08-26 19:46:33.923] [INFO] 结果: PASS | 用时: 2.356s
[2025-08-26 19:46:33.933] [INFO] ==== 执行用例 #2 ====
[2025-08-26 19:46:33.941] [INFO] 参数: {'screen_on': 1, 'brightness': 3, 'digital': 0, 'logo': 1, 'rim_state': 1, 'rdygo': 1, 'turn_left': 1, 'turn_right': 0, 'ring': 1} | 备注: 最大点亮测试
[2025-08-26 19:46:33.972] [DEBUG] 修改后的LED显示信息:
[2025-08-26 19:46:33.984] [INFO]   屏幕状态: 开
  亮度级别: 3
  数字显示: 0
  LOGO状态: 1 (0关, 1白, 2红)
  护盾状态: 1 (0关, 1白, 2绿)
  ReadyGo状态: 1 (0关, 1白, 2红)
  左转向灯: 1 (0关, 1白, 2橙)
  右转向灯: 0 (0关, 1白, 2橙)
  灯环状态: 1 (0关, 1蓝, 2红)
[2025-08-26 19:46:34.000] [DEBUG] 组包成功，数据长度: 21 字节
[2025-08-26 19:46:34.010] [DEBUG] 发送数据: A5 60 9F A5 03 0D 3B 3A 33 33 33 B3 5D 35 33 33 33 33 33 F8 55
[2025-08-26 19:46:35.032] [DEBUG] 接收数据: A5 60 9F A5 83 55 33 93 7F 63 64 33 33 33 33 33 33 33 33 33 33 33 33 33 33 33 33 33 33 33 33 33 33 33 33 33 33 33 33 33 33 33 33 89 66 69 66 65 85 64 63 64 76 63 64 92 75 A7 63 65 33 33 33 33 33 37 33 37 33 33 33 3A 33 33 33 B3 5D 35 33 33 33 33 33 33 33 33 33 33 33 33 33 27 55
[2025-08-26 19:46:35.126] [DEBUG] 数据解析成功:
[2025-08-26 19:46:35.137] [INFO]   ID: 0x60
  命令: 0x83 (读)
  寄存器地址: 0x00
  寄存器数量: 0
[2025-08-26 19:46:35.158] [DEBUG] 组包成功，数据长度: 21 字节
[2025-08-26 19:46:35.171] [DEBUG] 发送数据: A5 60 9F A5 01 0D 3B 3A 33 33 33 B3 5D 35 33 33 33 33 33 BF 55
[2025-08-26 19:46:36.205] [DEBUG] 接收数据: A5 60 9F A5 81 0D 3B 3A 33 33 33 B3 5D 35 33 33 33 33 33 88 55
[2025-08-26 19:46:36.283] [DEBUG] 数据解析成功:
[2025-08-26 19:46:36.300] [INFO]   ID: 0x60
  命令: 0x81 (读)
  寄存器地址: 0x08
  寄存器数量: 0
[2025-08-26 19:46:36.321] [INFO] 
全局变量中的LED显示信息已更新:
[2025-08-26 19:46:36.343] [INFO]   屏幕状态: 开
  亮度级别: 3
  数字显示: 0
  LOGO状态: 1 (0关, 1白, 2红)
  护盾状态: 1 (0关, 1白, 2绿)
  ReadyGo状态: 1 (0关, 1白, 2红)
  左转向灯: 1 (0关, 1白, 2橙)
  右转向灯: 0 (0关, 1白, 2橙)
  灯环状态: 1 (0关, 1蓝, 2红)
[2025-08-26 19:46:36.358] [INFO] 结果: FAIL | 用时: 2.426s
[2025-08-26 19:46:36.368] [INFO] 开始压力循环: 次数=1, 间隔=0.5s, 参数={'screen_on': 1, 'brightness': 7, 'digital': 0, 'logo': 1, 'rim_state': 0, 'rdygo': 0, 'turn_left': 0, 'turn_right': 0, 'ring': 1}
[2025-08-26 19:46:36.397] [DEBUG] 修改后的LED显示信息:
[2025-08-26 19:46:36.409] [INFO]   屏幕状态: 开
  亮度级别: 7
  数字显示: 0
  LOGO状态: 1 (0关, 1白, 2红)
  护盾状态: 0 (0关, 1白, 2绿)
  ReadyGo状态: 0 (0关, 1白, 2红)
  左转向灯: 0 (0关, 1白, 2橙)
  右转向灯: 0 (0关, 1白, 2橙)
  灯环状态: 1 (0关, 1蓝, 2红)
[2025-08-26 19:46:36.424] [DEBUG] 组包成功，数据长度: 21 字节
[2025-08-26 19:46:36.432] [DEBUG] 发送数据: A5 60 9F A5 03 0D 3B 42 33 33 33 B3 33 35 33 33 33 33 33 57 55
[2025-08-26 19:46:37.457] [DEBUG] 接收数据: A5 60 9F A5 83 55 33 93 7F 63 64 33 33 33 33 33 33 33 33 33 33 33 33 33 33 33 33 33 33 33 33 33 33 33 33 33 33 33 33 33 33 33 33 89 66 69 66 65 85 64 63 64 76 63 64 92 75 A7 63 65 33 33 33 33 33 37 33 37 33 33 33 42 33 33 33 B3 33 35 33 33 33 33 33 33 33 33 33 33 33 33 33 06 55
[2025-08-26 19:46:37.502] [DEBUG] 数据解析成功:
[2025-08-26 19:46:37.513] [INFO]   ID: 0x60
  命令: 0x83 (读)
  寄存器地址: 0x00
  寄存器数量: 0
[2025-08-26 19:46:37.537] [INFO] [循环 1/1] 发送 OK
[2025-08-26 19:46:38.052] [INFO] 已保存结果: reports\2025-08-26_19-46-31\results.csv
[2025-08-26 19:46:38.081] [INFO] 已生成报告: reports\2025-08-26_19-46-31\report.html
[2025-08-26 19:46:38.113] [DEBUG] 串口已关闭
[2025-08-26 19:46:38.129] [INFO] 程序结束
