[2025-08-26 15:54:05.400] [INFO] 初始化 BLE 协议通信...
[2025-08-26 15:54:05.585] [INFO] 加载用例 2 条 来自: testcases.xlsx
[2025-08-26 15:54:05.593] [INFO] ==== 执行用例 #1 ====
[2025-08-26 15:54:05.596] [INFO] 参数: {'screen_on': 1, 'brightness': 7, 'digital': 0, 'logo': 1, 'rim_state': 0, 'rdygo': 0, 'turn_left': 0, 'turn_right': 0, 'ring': 1} | 备注: 最小点亮测试
[2025-08-26 15:54:05.615] [DEBUG] 修改后的LED显示信息:
[2025-08-26 15:54:05.623] [INFO]   屏幕状态: 开
  亮度级别: 7
  数字显示: 0
  LOGO状态: 1 (0关, 1白, 2红)
  护盾状态: 0 (0关, 1白, 2绿)
  ReadyGo状态: 0 (0关, 1白, 2红)
  左转向灯: 0 (0关, 1白, 2橙)
  右转向灯: 0 (0关, 1白, 2橙)
  灯环状态: 1 (0关, 1蓝, 2红)
[2025-08-26 15:54:05.644] [DEBUG] 组包成功，数据长度: 21 字节
[2025-08-26 15:54:05.654] [DEBUG] 发送数据: A5 60 9F A5 03 0D 3B 42 33 33 33 B3 33 35 33 33 33 33 33 57 55
[2025-08-26 15:54:06.680] [DEBUG] 接收数据: A5 60 9F A5 83 55 33 93 7F 63 64 33 33 33 33 33 33 33 33 33 33 33 33 33 33 33 33 33 33 33 33 33 33 33 33 33 33 33 33 33 33 33 33 89 66 69 66 65 85 64 63 64 76 63 64 92 75 A7 63 65 33 33 33 34 33 37 33 37 33 33 33 42 33 33 33 B3 33 35 33 33 33 33 33 33 33 33 33 33 33 33 33 67 55
[2025-08-26 15:54:06.728] [DEBUG] 数据解析成功:
[2025-08-26 15:54:06.742] [INFO]   ID: 0x60
  命令: 0x83 (读)
  寄存器地址: 0x00
  寄存器数量: 0
[2025-08-26 15:54:06.765] [DEBUG] 组包成功，数据长度: 21 字节
[2025-08-26 15:54:06.779] [DEBUG] 发送数据: A5 60 9F A5 01 0D 3B 42 33 33 33 B3 33 35 33 33 33 33 33 10 55
[2025-08-26 15:54:07.812] [DEBUG] 接收数据: A5 60 9F A5 81 0D 3B 42 33 33 33 B3 33 35 33 33 33 33 33 27 55
[2025-08-26 15:54:07.850] [DEBUG] 数据解析成功:
[2025-08-26 15:54:07.867] [INFO]   ID: 0x60
  命令: 0x81 (读)
  寄存器地址: 0x08
  寄存器数量: 0
[2025-08-26 15:54:07.889] [INFO] 
全局变量中的LED显示信息已更新:
[2025-08-26 15:54:07.909] [INFO]   屏幕状态: 开
  亮度级别: 7
  数字显示: 0
  LOGO状态: 1 (0关, 1白, 2红)
  护盾状态: 0 (0关, 1白, 2绿)
  ReadyGo状态: 0 (0关, 1白, 2红)
  左转向灯: 0 (0关, 1白, 2橙)
  右转向灯: 0 (0关, 1白, 2橙)
  灯环状态: 1 (0关, 1蓝, 2红)
[2025-08-26 15:54:07.927] [INFO] 结果: PASS | 用时: 2.335s
[2025-08-26 15:54:07.936] [INFO] ==== 执行用例 #2 ====
[2025-08-26 15:54:07.945] [INFO] 参数: {'screen_on': 1, 'brightness': 3, 'digital': 0, 'logo': 1, 'rim_state': 1, 'rdygo': 1, 'turn_left': 1, 'turn_right': 0, 'ring': 1} | 备注: 最大点亮测试
[2025-08-26 15:54:07.976] [DEBUG] 修改后的LED显示信息:
[2025-08-26 15:54:07.989] [INFO]   屏幕状态: 开
  亮度级别: 3
  数字显示: 0
  LOGO状态: 1 (0关, 1白, 2红)
  护盾状态: 1 (0关, 1白, 2绿)
  ReadyGo状态: 1 (0关, 1白, 2红)
  左转向灯: 1 (0关, 1白, 2橙)
  右转向灯: 0 (0关, 1白, 2橙)
  灯环状态: 1 (0关, 1蓝, 2红)
[2025-08-26 15:54:08.006] [DEBUG] 组包成功，数据长度: 21 字节
[2025-08-26 15:54:08.018] [DEBUG] 发送数据: A5 60 9F A5 03 0D 3B 3A 33 33 33 B3 5D 35 33 33 33 33 33 F8 55
[2025-08-26 15:54:09.048] [DEBUG] 接收数据: A5 60 9F A5 83 55 33 93 7F 63 64 33 33 33 33 33 33 33 33 33 33 33 33 33 33 33 33 33 33 33 33 33 33 33 33 33 33 33 33 33 33 33 33 89 66 69 66 65 85 64 63 64 76 63 64 92 75 A7 63 65 33 33 33 33 33 37 33 36 33 33 33 3A 33 33 33 B3 5D 35 33 33 33 33 33 33 33 33 33 33 33 33 33 D2 55
[2025-08-26 15:54:09.143] [DEBUG] 数据解析成功:
[2025-08-26 15:54:09.155] [INFO]   ID: 0x60
  命令: 0x83 (读)
  寄存器地址: 0x00
  寄存器数量: 0
[2025-08-26 15:54:09.178] [DEBUG] 组包成功，数据长度: 21 字节
[2025-08-26 15:54:09.190] [DEBUG] 发送数据: A5 60 9F A5 01 0D 3B 3A 33 33 33 B3 5D 35 33 33 33 33 33 BF 55
[2025-08-26 15:54:10.225] [DEBUG] 接收数据: A5 60 9F A5 81 0D 3B 3A 33 33 33 B3 5D 35 33 33 33 33 33 88 55
[2025-08-26 15:54:10.320] [DEBUG] 数据解析成功:
[2025-08-26 15:54:10.338] [INFO]   ID: 0x60
  命令: 0x81 (读)
  寄存器地址: 0x08
  寄存器数量: 0
[2025-08-26 15:54:10.360] [INFO] 
全局变量中的LED显示信息已更新:
[2025-08-26 15:54:10.380] [INFO]   屏幕状态: 开
  亮度级别: 3
  数字显示: 0
  LOGO状态: 1 (0关, 1白, 2红)
  护盾状态: 1 (0关, 1白, 2绿)
  ReadyGo状态: 1 (0关, 1白, 2红)
  左转向灯: 1 (0关, 1白, 2橙)
  右转向灯: 0 (0关, 1白, 2橙)
  灯环状态: 1 (0关, 1蓝, 2红)
[2025-08-26 15:54:10.397] [INFO] 结果: PASS | 用时: 2.462s
[2025-08-26 15:54:10.415] [DEBUG] 串口已关闭
[2025-08-26 15:54:10.425] [INFO] 程序结束
