[2025-08-27 20:19:28.039] [INFO] 初始化 BLE 协议通信...
[2025-08-27 20:19:28.212] [INFO] 加载用例 5 条 来自: testcases.xlsx
[2025-08-27 20:19:28.218] [INFO] ==== 执行用例 #1 ====
[2025-08-27 20:19:28.218] [INFO] 参数: {'screen_on': 1, 'brightness': 7, 'digital': 88, 'logo': 1, 'rim_state': 1, 'rdygo': 1, 'turn_left': 2, 'turn_right': 2, 'ring': 2} | 备注: 基本点亮 + 白LOGO + 左右转向橙
[2025-08-27 20:19:28.218] [DEBUG] 修改后的LED显示信息:
[2025-08-27 20:19:28.218] [INFO]   屏幕状态: 开
  亮度级别: 7
  数字显示: 88
  LOGO状态: 1 (0关, 1白, 2红)
  护盾状态: 1 (0关, 1白, 2绿)
  ReadyGo状态: 1 (0关, 1白, 2红)
  左转向灯: 2 (0关, 1白, 2橙)
  右转向灯: 2 (0关, 1白, 2橙)
  灯环状态: 2 (0关, 1蓝, 2红)
[2025-08-27 20:19:28.222] [DEBUG] 组包成功，数据长度: 21 字节
[2025-08-27 20:19:28.222] [DEBUG] 发送数据: A5 60 9F A5 03 0D 3B 42 33 33 33 0B 7D 38 33 33 33 33 33 BA 55
[2025-08-27 20:19:29.229] [DEBUG] 接收数据: A5 60 9F A5 83 55 33 93 7F 63 64 33 33 33 33 33 33 33 33 33 33 33 33 33 33 33 33 33 33 33 33 33 33 33 33 33 33 33 33 33 33 33 33 89 66 69 66 65 85 64 63 64 76 63 64 92 75 A7 63 65 33 33 33 33 33 37 33 37 33 33 33 42 33 33 33 0B 7D 38 33 33 33 33 33 33 33 33 33 33 33 33 33 26 55
[2025-08-27 20:19:29.229] [DEBUG] 数据解析成功:
[2025-08-27 20:19:29.232] [INFO]   ID: 0x60
  命令: 0x83 (读)
  寄存器地址: 0x00
  寄存器数量: 0
[2025-08-27 20:19:29.232] [DEBUG] 组包成功，数据长度: 21 字节
[2025-08-27 20:19:29.233] [DEBUG] 发送数据: A5 60 9F A5 01 0D 3B 42 33 33 33 0B 7D 38 33 33 33 33 33 FD 55
[2025-08-27 20:19:30.239] [DEBUG] 接收数据: A5 60 9F A5 81 0D 3B 42 33 33 33 0B 7D 38 33 33 33 33 33 CA 55
[2025-08-27 20:19:30.239] [DEBUG] 数据解析成功:
[2025-08-27 20:19:30.239] [INFO]   ID: 0x60
  命令: 0x81 (读)
  寄存器地址: 0x08
  寄存器数量: 0
[2025-08-27 20:19:30.239] [INFO] 
全局变量中的LED显示信息已更新:
[2025-08-27 20:19:30.244] [INFO]   屏幕状态: 开
  亮度级别: 7
  数字显示: 88
  LOGO状态: 1 (0关, 1白, 2红)
  护盾状态: 1 (0关, 1白, 2绿)
  ReadyGo状态: 1 (0关, 1白, 2红)
  左转向灯: 2 (0关, 1白, 2橙)
  右转向灯: 2 (0关, 1白, 2橙)
  灯环状态: 2 (0关, 1蓝, 2红)
[2025-08-27 20:19:30.244] [INFO] 结果: PASS | 用时: 2.026s
[2025-08-27 20:19:30.446] [INFO] ==== 执行用例 #2 ====
[2025-08-27 20:19:30.449] [INFO] 参数: {'screen_on': 0, 'brightness': 3, 'digital': 0, 'logo': 0, 'rim_state': 0, 'rdygo': 0, 'turn_left': 0, 'turn_right': 0, 'ring': 0} | 备注: 关闭显示，校验全部为0（除 brightness）
[2025-08-27 20:19:30.450] [DEBUG] 修改后的LED显示信息:
[2025-08-27 20:19:30.452] [INFO]   屏幕状态: 关
  亮度级别: 3
  数字显示: 0
  LOGO状态: 0 (0关, 1白, 2红)
  护盾状态: 0 (0关, 1白, 2绿)
  ReadyGo状态: 0 (0关, 1白, 2红)
  左转向灯: 0 (0关, 1白, 2橙)
  右转向灯: 0 (0关, 1白, 2橙)
  灯环状态: 0 (0关, 1蓝, 2红)
[2025-08-27 20:19:30.453] [DEBUG] 组包成功，数据长度: 21 字节
[2025-08-27 20:19:30.453] [DEBUG] 发送数据: A5 60 9F A5 03 0D 3B 39 33 33 33 33 33 33 33 33 33 33 33 12 55
[2025-08-27 20:19:31.460] [DEBUG] 接收数据: A5 60 9F A5 83 55 33 93 7F 63 64 33 33 33 33 33 33 33 33 33 33 33 33 33 33 33 33 33 33 33 33 33 33 33 33 33 33 33 33 33 33 33 33 89 66 69 66 65 85 64 63 64 76 63 64 92 75 A7 63 65 33 33 33 33 33 37 33 37 33 33 33 39 33 33 33 33 33 33 33 33 33 33 33 33 33 33 33 33 33 33 33 4B 55
[2025-08-27 20:19:31.460] [DEBUG] 数据解析成功:
[2025-08-27 20:19:31.460] [INFO]   ID: 0x60
  命令: 0x83 (读)
  寄存器地址: 0x00
  寄存器数量: 0
[2025-08-27 20:19:31.464] [DEBUG] 组包成功，数据长度: 21 字节
[2025-08-27 20:19:31.464] [DEBUG] 发送数据: A5 60 9F A5 01 0D 3B 39 33 33 33 33 33 33 33 33 33 33 33 55 55
[2025-08-27 20:19:32.468] [DEBUG] 接收数据: A5 60 9F A5 81 0D 3B 39 33 33 33 33 33 33 33 33 33 33 33 62 55
[2025-08-27 20:19:32.470] [DEBUG] 数据解析成功:
[2025-08-27 20:19:32.472] [INFO]   ID: 0x60
  命令: 0x81 (读)
  寄存器地址: 0x08
  寄存器数量: 0
[2025-08-27 20:19:32.473] [INFO] 
全局变量中的LED显示信息已更新:
[2025-08-27 20:19:32.475] [INFO]   屏幕状态: 关
  亮度级别: 3
  数字显示: 0
  LOGO状态: 0 (0关, 1白, 2红)
  护盾状态: 0 (0关, 1白, 2绿)
  ReadyGo状态: 0 (0关, 1白, 2红)
  左转向灯: 0 (0关, 1白, 2橙)
  右转向灯: 0 (0关, 1白, 2橙)
  灯环状态: 0 (0关, 1蓝, 2红)
[2025-08-27 20:19:32.475] [INFO] 结果: PASS | 用时: 2.029s
[2025-08-27 20:19:32.678] [INFO] ==== 执行用例 #3 ====
[2025-08-27 20:19:32.680] [INFO] 参数: {'screen_on': 1, 'brightness': 7, 'digital': 11, 'logo': 1, 'rim_state': 0, 'rdygo': 0, 'turn_left': 0, 'turn_right': 0, 'ring': 0} | 备注: 关闭显示，校验全部为0（除 brightness）
[2025-08-27 20:19:32.683] [DEBUG] 修改后的LED显示信息:
[2025-08-27 20:19:32.685] [INFO]   屏幕状态: 开
  亮度级别: 7
  数字显示: 11
  LOGO状态: 1 (0关, 1白, 2红)
  护盾状态: 0 (0关, 1白, 2绿)
  ReadyGo状态: 0 (0关, 1白, 2红)
  左转向灯: 0 (0关, 1白, 2橙)
  右转向灯: 0 (0关, 1白, 2橙)
  灯环状态: 0 (0关, 1蓝, 2红)
[2025-08-27 20:19:32.685] [DEBUG] 组包成功，数据长度: 21 字节
[2025-08-27 20:19:32.686] [DEBUG] 发送数据: A5 60 9F A5 03 0D 3B 42 33 33 33 BE 33 33 33 33 33 33 33 B8 55
[2025-08-27 20:19:33.691] [DEBUG] 接收数据: A5 60 9F A5 83 55 33 93 7F 63 64 33 33 33 33 33 33 33 33 33 33 33 33 33 33 33 33 33 33 33 33 33 33 33 33 33 33 33 33 33 33 33 33 89 66 69 66 65 85 64 63 64 76 63 64 92 75 A7 63 65 33 33 33 33 33 37 33 38 33 33 33 42 33 33 33 BE 33 33 33 33 33 33 33 33 33 33 33 33 33 33 33 E3 55
[2025-08-27 20:19:33.693] [DEBUG] 数据解析成功:
[2025-08-27 20:19:33.693] [INFO]   ID: 0x60
  命令: 0x83 (读)
  寄存器地址: 0x00
  寄存器数量: 0
[2025-08-27 20:19:33.695] [DEBUG] 组包成功，数据长度: 21 字节
[2025-08-27 20:19:33.695] [DEBUG] 发送数据: A5 60 9F A5 01 0D 3B 42 33 33 33 BE 33 33 33 33 33 33 33 FF 55
[2025-08-27 20:19:34.699] [DEBUG] 接收数据: A5 60 9F A5 81 0D 3B 42 33 33 33 BE 33 33 33 33 33 33 33 C8 55
[2025-08-27 20:19:34.700] [DEBUG] 数据解析成功:
[2025-08-27 20:19:34.703] [INFO]   ID: 0x60
  命令: 0x81 (读)
  寄存器地址: 0x08
  寄存器数量: 0
[2025-08-27 20:19:34.703] [INFO] 
全局变量中的LED显示信息已更新:
[2025-08-27 20:19:34.706] [INFO]   屏幕状态: 开
  亮度级别: 7
  数字显示: 11
  LOGO状态: 1 (0关, 1白, 2红)
  护盾状态: 0 (0关, 1白, 2绿)
  ReadyGo状态: 0 (0关, 1白, 2红)
  左转向灯: 0 (0关, 1白, 2橙)
  右转向灯: 0 (0关, 1白, 2橙)
  灯环状态: 0 (0关, 1蓝, 2红)
[2025-08-27 20:19:34.707] [INFO] 结果: PASS | 用时: 2.029s
[2025-08-27 20:19:34.911] [INFO] ==== 执行用例 #4 ====
[2025-08-27 20:19:34.912] [INFO] 参数: {'screen_on': 1, 'brightness': 7, 'digital': 22, 'logo': 1, 'rim_state': 0, 'rdygo': 0, 'turn_left': 0, 'turn_right': 0, 'ring': 0} | 备注: 关闭显示，校验全部为0（除 brightness）
[2025-08-27 20:19:34.912] [DEBUG] 修改后的LED显示信息:
[2025-08-27 20:19:34.912] [INFO]   屏幕状态: 开
  亮度级别: 7
  数字显示: 22
  LOGO状态: 1 (0关, 1白, 2红)
  护盾状态: 0 (0关, 1白, 2绿)
  ReadyGo状态: 0 (0关, 1白, 2红)
  左转向灯: 0 (0关, 1白, 2橙)
  右转向灯: 0 (0关, 1白, 2橙)
  灯环状态: 0 (0关, 1蓝, 2红)
[2025-08-27 20:19:34.918] [DEBUG] 组包成功，数据长度: 21 字节
[2025-08-27 20:19:34.918] [DEBUG] 发送数据: A5 60 9F A5 03 0D 3B 42 33 33 33 C9 33 33 33 33 33 33 33 45 55
[2025-08-27 20:19:35.923] [DEBUG] 接收数据: A5 60 9F A5 83 55 33 93 7F 63 64 33 33 33 33 33 33 33 33 33 33 33 33 33 33 33 33 33 33 33 33 33 33 33 33 33 33 33 33 33 33 33 33 89 66 69 66 65 85 64 63 64 76 63 64 92 75 A7 63 65 33 33 33 33 33 37 33 37 33 33 33 42 33 33 33 C9 33 33 33 33 33 33 33 33 33 33 33 33 33 33 33 2C 55
[2025-08-27 20:19:35.925] [DEBUG] 数据解析成功:
[2025-08-27 20:19:35.926] [INFO]   ID: 0x60
  命令: 0x83 (读)
  寄存器地址: 0x00
  寄存器数量: 0
[2025-08-27 20:19:35.926] [DEBUG] 组包成功，数据长度: 21 字节
[2025-08-27 20:19:35.926] [DEBUG] 发送数据: A5 60 9F A5 01 0D 3B 42 33 33 33 C9 33 33 33 33 33 33 33 02 55
[2025-08-27 20:19:36.933] [DEBUG] 接收数据: A5 60 9F A5 81 0D 3B 42 33 33 33 C9 33 33 33 33 33 33 33 35 55
[2025-08-27 20:19:36.935] [DEBUG] 数据解析成功:
[2025-08-27 20:19:36.936] [INFO]   ID: 0x60
  命令: 0x81 (读)
  寄存器地址: 0x08
  寄存器数量: 0
[2025-08-27 20:19:36.938] [INFO] 
全局变量中的LED显示信息已更新:
[2025-08-27 20:19:36.940] [INFO]   屏幕状态: 开
  亮度级别: 7
  数字显示: 22
  LOGO状态: 1 (0关, 1白, 2红)
  护盾状态: 0 (0关, 1白, 2绿)
  ReadyGo状态: 0 (0关, 1白, 2红)
  左转向灯: 0 (0关, 1白, 2橙)
  右转向灯: 0 (0关, 1白, 2橙)
  灯环状态: 0 (0关, 1蓝, 2红)
[2025-08-27 20:19:36.942] [INFO] 结果: PASS | 用时: 2.032s
[2025-08-27 20:19:37.144] [INFO] ==== 执行用例 #5 ====
[2025-08-27 20:19:37.145] [INFO] 参数: {'screen_on': 1, 'brightness': 9, 'digital': 99, 'logo': 1, 'rim_state': 0, 'rdygo': 0, 'turn_left': 0, 'turn_right': 0, 'ring': 0} | 备注: 关闭显示，校验全部为0（除 brightness）
[2025-08-27 20:19:37.145] [DEBUG] 修改后的LED显示信息:
[2025-08-27 20:19:37.151] [INFO]   屏幕状态: 开
  亮度级别: 1
  数字显示: 99
  LOGO状态: 1 (0关, 1白, 2红)
  护盾状态: 0 (0关, 1白, 2绿)
  ReadyGo状态: 0 (0关, 1白, 2红)
  左转向灯: 0 (0关, 1白, 2橙)
  右转向灯: 0 (0关, 1白, 2橙)
  灯环状态: 0 (0关, 1蓝, 2红)
[2025-08-27 20:19:37.153] [DEBUG] 组包成功，数据长度: 21 字节
[2025-08-27 20:19:37.155] [DEBUG] 发送数据: A5 60 9F A5 03 0D 3B 36 33 33 33 16 33 33 33 33 33 33 33 67 55
[2025-08-27 20:19:38.160] [DEBUG] 接收数据: A5 60 9F A5 83 55 33 93 7F 63 64 33 33 33 33 33 33 33 33 33 33 33 33 33 33 33 33 33 33 33 33 33 33 33 33 33 33 33 33 33 33 33 33 89 66 69 66 65 85 64 63 64 76 63 64 92 75 A7 63 65 33 33 33 33 33 37 33 37 33 33 33 36 33 33 33 16 33 33 33 33 33 33 33 33 33 33 33 33 33 33 33 62 55
[2025-08-27 20:19:38.160] [DEBUG] 数据解析成功:
[2025-08-27 20:19:38.164] [INFO]   ID: 0x60
  命令: 0x83 (读)
  寄存器地址: 0x00
  寄存器数量: 0
[2025-08-27 20:19:38.164] [DEBUG] 组包成功，数据长度: 21 字节
[2025-08-27 20:19:38.164] [DEBUG] 发送数据: A5 60 9F A5 01 0D 3B 36 33 33 33 16 33 33 33 33 33 33 33 20 55
[2025-08-27 20:19:39.171] [DEBUG] 接收数据: A5 60 9F A5 81 0D 3B 36 33 33 33 16 33 33 33 33 33 33 33 17 55
[2025-08-27 20:19:39.174] [DEBUG] 数据解析成功:
[2025-08-27 20:19:39.175] [INFO]   ID: 0x60
  命令: 0x81 (读)
  寄存器地址: 0x08
  寄存器数量: 0
[2025-08-27 20:19:39.177] [INFO] 
全局变量中的LED显示信息已更新:
[2025-08-27 20:19:39.178] [INFO]   屏幕状态: 开
  亮度级别: 1
  数字显示: 99
  LOGO状态: 1 (0关, 1白, 2红)
  护盾状态: 0 (0关, 1白, 2绿)
  ReadyGo状态: 0 (0关, 1白, 2红)
  左转向灯: 0 (0关, 1白, 2橙)
  右转向灯: 0 (0关, 1白, 2橙)
  灯环状态: 0 (0关, 1蓝, 2红)
[2025-08-27 20:19:39.179] [INFO] 结果: PASS | 用时: 2.035s
[2025-08-27 20:19:39.383] [INFO] 开始压力循环: 次数=1, 间隔=0.5s, 参数={'screen_on': 1, 'brightness': 7, 'digital': 88, 'logo': 1, 'rim_state': 1, 'rdygo': 1, 'turn_left': 2, 'turn_right': 2, 'ring': 2}
[2025-08-27 20:19:39.384] [DEBUG] 修改后的LED显示信息:
[2025-08-27 20:19:39.387] [INFO]   屏幕状态: 开
  亮度级别: 7
  数字显示: 88
  LOGO状态: 1 (0关, 1白, 2红)
  护盾状态: 1 (0关, 1白, 2绿)
  ReadyGo状态: 1 (0关, 1白, 2红)
  左转向灯: 2 (0关, 1白, 2橙)
  右转向灯: 2 (0关, 1白, 2橙)
  灯环状态: 2 (0关, 1蓝, 2红)
[2025-08-27 20:19:39.387] [DEBUG] 组包成功，数据长度: 21 字节
[2025-08-27 20:19:39.387] [DEBUG] 发送数据: A5 60 9F A5 03 0D 3B 42 33 33 33 0B 7D 38 33 33 33 33 33 BA 55
[2025-08-27 20:19:40.396] [DEBUG] 接收数据: A5 60 9F A5 83 55 33 93 7F 63 64 33 33 33 33 33 33 33 33 33 33 33 33 33 33 33 33 33 33 33 33 33 33 33 33 33 33 33 33 33 33 33 33 89 66 69 66 65 85 64 63 64 76 63 64 92 75 A7 63 65 33 33 33 33 33 37 33 38 33 33 33 42 33 33 33 0B 7D 38 33 33 33 33 33 33 33 33 33 33 33 33 33 62 55
[2025-08-27 20:19:40.399] [DEBUG] 数据解析成功:
[2025-08-27 20:19:40.401] [INFO]   ID: 0x60
  命令: 0x83 (读)
  寄存器地址: 0x00
  寄存器数量: 0
[2025-08-27 20:19:40.401] [INFO] [循环 1/1] 发送 OK
[2025-08-27 20:19:40.908] [INFO] 已保存结果: reports\2025-08-27_20-19-28\results.csv
[2025-08-27 20:19:40.911] [INFO] 已生成报告: reports\2025-08-27_20-19-28\report.html
[2025-08-27 20:19:40.914] [DEBUG] 串口已关闭
[2025-08-27 20:19:40.914] [INFO] 程序结束
