[2025-09-09 19:39:49.830] [INFO] 初始化 BLE 协议通信...
[2025-09-09 19:39:50.015] [INFO] 加载用例 28 条 来自: testcases.xlsx
[2025-09-09 19:39:50.019] [INFO] ==== 执行用例 #3000 ====
[2025-09-09 19:39:50.019] [INFO] 参数: {'screen_on': 1, 'brightness': 1, 'digital': 50, 'logo': 0, 'rim_state': 1, 'rdygo': 0, 'turn_left': 0, 'turn_right': 0, 'ring': 2} | 备注: nan
[2025-09-09 19:39:50.019] [DEBUG] 修改后的LED显示信息:
[2025-09-09 19:39:50.019] [INFO]   屏幕状态: 开
  亮度级别: 1
  数字显示: 50
  LOGO状态: 0 (0关, 1白, 2红)
  护盾状态: 1 (0关, 1白, 2绿)
  ReadyGo状态: 0 (0关, 1白, 2红)
  左转向灯: 0 (0关, 1白, 2橙)
  右转向灯: 0 (0关, 1白, 2橙)
  灯环状态: 2 (0关, 1蓝, 2红)
[2025-09-09 19:39:50.023] [DEBUG] 组包成功，数据长度: 21 字节
[2025-09-09 19:39:50.023] [DEBUG] 发送数据: A5 60 9F A5 03 0D 3B 36 33 33 33 65 35 37 33 33 33 33 33 6A 55
[2025-09-09 19:39:50.023] [DEBUG] 接收数据超时
[2025-09-09 19:39:50.023] [DEBUG] 组包成功，数据长度: 21 字节
[2025-09-09 19:39:50.023] [DEBUG] 发送数据: A5 60 9F A5 01 0D 3B 36 33 33 33 65 35 37 33 33 33 33 33 2D 55
[2025-09-09 19:39:50.023] [DEBUG] 接收数据超时
[2025-09-09 19:39:50.023] [INFO] 结果: FAIL | 用时: 0.004s
[2025-09-09 19:39:50.023] [INFO] ==== 执行用例 #5106 ====
[2025-09-09 19:39:50.027] [INFO] 参数: {'screen_on': 1, 'brightness': 2, 'digital': 50, 'logo': 0, 'rim_state': 0, 'rdygo': 0, 'turn_left': 0, 'turn_right': 0, 'ring': 2} | 备注: nan
[2025-09-09 19:39:50.028] [DEBUG] 修改后的LED显示信息:
[2025-09-09 19:39:50.028] [INFO]   屏幕状态: 开
  亮度级别: 2
  数字显示: 50
  LOGO状态: 0 (0关, 1白, 2红)
  护盾状态: 0 (0关, 1白, 2绿)
  ReadyGo状态: 0 (0关, 1白, 2红)
  左转向灯: 0 (0关, 1白, 2橙)
  右转向灯: 0 (0关, 1白, 2橙)
  灯环状态: 2 (0关, 1蓝, 2红)
[2025-09-09 19:39:50.028] [DEBUG] 组包成功，数据长度: 21 字节
[2025-09-09 19:39:50.028] [DEBUG] 发送数据: A5 60 9F A5 03 0D 3B 38 33 33 33 65 33 37 33 33 33 33 33 FC 55
[2025-09-09 19:39:50.028] [DEBUG] 接收数据超时
[2025-09-09 19:39:50.031] [DEBUG] 组包成功，数据长度: 21 字节
[2025-09-09 19:39:50.031] [DEBUG] 发送数据: A5 60 9F A5 01 0D 3B 38 33 33 33 65 33 37 33 33 33 33 33 BB 55
[2025-09-09 19:39:50.031] [DEBUG] 接收数据超时
[2025-09-09 19:39:50.031] [INFO] 结果: FAIL | 用时: 0.008s
[2025-09-09 19:39:50.031] [INFO] ==== 执行用例 #6739 ====
[2025-09-09 19:39:50.031] [INFO] 参数: {'screen_on': 1, 'brightness': 3, 'digital': 0, 'logo': 0, 'rim_state': 2, 'rdygo': 0, 'turn_left': 1, 'turn_right': 2, 'ring': 0} | 备注: nan
[2025-09-09 19:39:50.031] [DEBUG] 修改后的LED显示信息:
[2025-09-09 19:39:50.031] [INFO]   屏幕状态: 开
  亮度级别: 3
  数字显示: 0
  LOGO状态: 0 (0关, 1白, 2红)
  护盾状态: 2 (0关, 1白, 2绿)
  ReadyGo状态: 0 (0关, 1白, 2红)
  左转向灯: 1 (0关, 1白, 2橙)
  右转向灯: 2 (0关, 1白, 2橙)
  灯环状态: 0 (0关, 1蓝, 2红)
[2025-09-09 19:39:50.031] [DEBUG] 组包成功，数据长度: 21 字节
[2025-09-09 19:39:50.031] [DEBUG] 发送数据: A5 60 9F A5 03 0D 3B 3A 33 33 33 33 57 34 33 33 33 33 33 E2 55
[2025-09-09 19:39:50.035] [DEBUG] 接收数据超时
[2025-09-09 19:39:50.035] [DEBUG] 组包成功，数据长度: 21 字节
[2025-09-09 19:39:50.035] [DEBUG] 发送数据: A5 60 9F A5 01 0D 3B 3A 33 33 33 33 57 34 33 33 33 33 33 A5 55
[2025-09-09 19:39:50.035] [DEBUG] 接收数据超时
[2025-09-09 19:39:50.035] [INFO] 结果: FAIL | 用时: 0.004s
[2025-09-09 19:39:50.035] [INFO] ==== 执行用例 #6924 ====
[2025-09-09 19:39:50.035] [INFO] 参数: {'screen_on': 1, 'brightness': 3, 'digital': 0, 'logo': 1, 'rim_state': 1, 'rdygo': 1, 'turn_left': 1, 'turn_right': 0, 'ring': 2} | 备注: nan
[2025-09-09 19:39:50.035] [DEBUG] 修改后的LED显示信息:
[2025-09-09 19:39:50.035] [INFO]   屏幕状态: 开
  亮度级别: 3
  数字显示: 0
  LOGO状态: 1 (0关, 1白, 2红)
  护盾状态: 1 (0关, 1白, 2绿)
  ReadyGo状态: 1 (0关, 1白, 2红)
  左转向灯: 1 (0关, 1白, 2橙)
  右转向灯: 0 (0关, 1白, 2橙)
  灯环状态: 2 (0关, 1蓝, 2红)
[2025-09-09 19:39:50.040] [DEBUG] 组包成功，数据长度: 21 字节
[2025-09-09 19:39:50.040] [DEBUG] 发送数据: A5 60 9F A5 03 0D 3B 3A 33 33 33 B3 5D 37 33 33 33 33 33 5C 55
[2025-09-09 19:39:50.040] [DEBUG] 接收数据超时
[2025-09-09 19:39:50.040] [DEBUG] 组包成功，数据长度: 21 字节
[2025-09-09 19:39:50.040] [DEBUG] 发送数据: A5 60 9F A5 01 0D 3B 3A 33 33 33 B3 5D 37 33 33 33 33 33 1B 55
[2025-09-09 19:39:50.040] [DEBUG] 接收数据超时
[2025-09-09 19:39:50.040] [INFO] 结果: FAIL | 用时: 0.004s
[2025-09-09 19:39:50.040] [INFO] ==== 执行用例 #7347 ====
[2025-09-09 19:39:50.040] [INFO] 参数: {'screen_on': 1, 'brightness': 3, 'digital': 50, 'logo': 0, 'rim_state': 0, 'rdygo': 2, 'turn_left': 0, 'turn_right': 0, 'ring': 2} | 备注: nan
[2025-09-09 19:39:50.040] [DEBUG] 修改后的LED显示信息:
[2025-09-09 19:39:50.044] [INFO]   屏幕状态: 开
  亮度级别: 3
  数字显示: 50
  LOGO状态: 0 (0关, 1白, 2红)
  护盾状态: 0 (0关, 1白, 2绿)
  ReadyGo状态: 2 (0关, 1白, 2红)
  左转向灯: 0 (0关, 1白, 2橙)
  右转向灯: 0 (0关, 1白, 2橙)
  灯环状态: 2 (0关, 1蓝, 2红)
[2025-09-09 19:39:50.044] [DEBUG] 组包成功，数据长度: 21 字节
[2025-09-09 19:39:50.044] [DEBUG] 发送数据: A5 60 9F A5 03 0D 3B 3A 33 33 33 65 43 37 33 33 33 33 33 4C 55
[2025-09-09 19:39:50.046] [DEBUG] 接收数据超时
[2025-09-09 19:39:50.046] [DEBUG] 组包成功，数据长度: 21 字节
[2025-09-09 19:39:50.046] [DEBUG] 发送数据: A5 60 9F A5 01 0D 3B 3A 33 33 33 65 43 37 33 33 33 33 33 0B 55
[2025-09-09 19:39:50.047] [DEBUG] 接收数据超时
[2025-09-09 19:39:50.047] [INFO] 结果: FAIL | 用时: 0.007s
[2025-09-09 19:39:50.047] [INFO] ==== 执行用例 #7548 ====
[2025-09-09 19:39:50.048] [INFO] 参数: {'screen_on': 1, 'brightness': 3, 'digital': 50, 'logo': 1, 'rim_state': 0, 'rdygo': 0, 'turn_left': 1, 'turn_right': 1, 'ring': 2} | 备注: nan
[2025-09-09 19:39:50.048] [DEBUG] 修改后的LED显示信息:
[2025-09-09 19:39:50.048] [INFO]   屏幕状态: 开
  亮度级别: 3
  数字显示: 50
  LOGO状态: 1 (0关, 1白, 2红)
  护盾状态: 0 (0关, 1白, 2绿)
  ReadyGo状态: 0 (0关, 1白, 2红)
  左转向灯: 1 (0关, 1白, 2橙)
  右转向灯: 1 (0关, 1白, 2橙)
  灯环状态: 2 (0关, 1蓝, 2红)
[2025-09-09 19:39:50.048] [DEBUG] 组包成功，数据长度: 21 字节
[2025-09-09 19:39:50.048] [DEBUG] 发送数据: A5 60 9F A5 03 0D 3B 3A 33 33 33 E5 D3 37 33 33 33 33 33 C8 55
[2025-09-09 19:39:50.048] [DEBUG] 接收数据超时
[2025-09-09 19:39:50.048] [DEBUG] 组包成功，数据长度: 21 字节
[2025-09-09 19:39:50.048] [DEBUG] 发送数据: A5 60 9F A5 01 0D 3B 3A 33 33 33 E5 D3 37 33 33 33 33 33 8F 55
[2025-09-09 19:39:50.048] [DEBUG] 接收数据超时
[2025-09-09 19:39:50.048] [INFO] 结果: FAIL | 用时: 0.001s
[2025-09-09 19:39:50.052] [INFO] ==== 执行用例 #7975 ====
[2025-09-09 19:39:50.052] [INFO] 参数: {'screen_on': 1, 'brightness': 3, 'digital': 50, 'logo': 2, 'rim_state': 2, 'rdygo': 1, 'turn_left': 1, 'turn_right': 0, 'ring': 0} | 备注: nan
[2025-09-09 19:39:50.052] [DEBUG] 修改后的LED显示信息:
[2025-09-09 19:39:50.052] [INFO]   屏幕状态: 开
  亮度级别: 3
  数字显示: 50
  LOGO状态: 2 (0关, 1白, 2红)
  护盾状态: 2 (0关, 1白, 2绿)
  ReadyGo状态: 1 (0关, 1白, 2红)
  左转向灯: 1 (0关, 1白, 2橙)
  右转向灯: 0 (0关, 1白, 2橙)
  灯环状态: 0 (0关, 1蓝, 2红)
[2025-09-09 19:39:50.052] [DEBUG] 组包成功，数据长度: 21 字节
[2025-09-09 19:39:50.052] [DEBUG] 发送数据: A5 60 9F A5 03 0D 3B 3A 33 33 33 65 60 33 33 33 33 33 33 D7 55
[2025-09-09 19:39:50.052] [DEBUG] 接收数据超时
[2025-09-09 19:39:50.052] [DEBUG] 组包成功，数据长度: 21 字节
[2025-09-09 19:39:50.052] [DEBUG] 发送数据: A5 60 9F A5 01 0D 3B 3A 33 33 33 65 60 33 33 33 33 33 33 90 55
[2025-09-09 19:39:50.056] [DEBUG] 接收数据超时
[2025-09-09 19:39:50.056] [INFO] 结果: FAIL | 用时: 0.004s
[2025-09-09 19:39:50.056] [INFO] ==== 执行用例 #8146 ====
[2025-09-09 19:39:50.056] [INFO] 参数: {'screen_on': 1, 'brightness': 3, 'digital': 100, 'logo': 0, 'rim_state': 1, 'rdygo': 1, 'turn_left': 2, 'turn_right': 0, 'ring': 0} | 备注: nan
[2025-09-09 19:39:50.056] [DEBUG] 修改后的LED显示信息:
[2025-09-09 19:39:50.056] [INFO]   屏幕状态: 开
  亮度级别: 3
  数字显示: 100
  LOGO状态: 0 (0关, 1白, 2红)
  护盾状态: 1 (0关, 1白, 2绿)
  ReadyGo状态: 1 (0关, 1白, 2红)
  左转向灯: 2 (0关, 1白, 2橙)
  右转向灯: 0 (0关, 1白, 2橙)
  灯环状态: 0 (0关, 1蓝, 2红)
[2025-09-09 19:39:50.056] [DEBUG] 组包成功，数据长度: 21 字节
[2025-09-09 19:39:50.056] [DEBUG] 发送数据: A5 60 9F A5 03 0D 3B 3A 33 33 33 97 7D 33 33 33 33 33 33 04 55
[2025-09-09 19:39:50.056] [DEBUG] 接收数据超时
[2025-09-09 19:39:50.056] [DEBUG] 组包成功，数据长度: 21 字节
[2025-09-09 19:39:50.056] [DEBUG] 发送数据: A5 60 9F A5 01 0D 3B 3A 33 33 33 97 7D 33 33 33 33 33 33 43 55
[2025-09-09 19:39:50.060] [DEBUG] 接收数据超时
[2025-09-09 19:39:50.060] [INFO] 结果: FAIL | 用时: 0.004s
[2025-09-09 19:39:50.060] [INFO] ==== 执行用例 #9520 ====
[2025-09-09 19:39:50.060] [INFO] 参数: {'screen_on': 1, 'brightness': 4, 'digital': 50, 'logo': 0, 'rim_state': 0, 'rdygo': 1, 'turn_left': 1, 'turn_right': 2, 'ring': 0} | 备注: nan
[2025-09-09 19:39:50.060] [DEBUG] 修改后的LED显示信息:
[2025-09-09 19:39:50.060] [INFO]   屏幕状态: 开
  亮度级别: 4
  数字显示: 50
  LOGO状态: 0 (0关, 1白, 2红)
  护盾状态: 0 (0关, 1白, 2绿)
  ReadyGo状态: 1 (0关, 1白, 2红)
  左转向灯: 1 (0关, 1白, 2橙)
  右转向灯: 2 (0关, 1白, 2橙)
  灯环状态: 0 (0关, 1蓝, 2红)
[2025-09-09 19:39:50.060] [DEBUG] 组包成功，数据长度: 21 字节
[2025-09-09 19:39:50.060] [DEBUG] 发送数据: A5 60 9F A5 03 0D 3B 3C 33 33 33 65 5B 34 33 33 33 33 33 67 55
[2025-09-09 19:39:50.060] [DEBUG] 接收数据超时
[2025-09-09 19:39:50.060] [DEBUG] 组包成功，数据长度: 21 字节
[2025-09-09 19:39:50.060] [DEBUG] 发送数据: A5 60 9F A5 01 0D 3B 3C 33 33 33 65 5B 34 33 33 33 33 33 20 55
[2025-09-09 19:39:50.065] [DEBUG] 接收数据超时
[2025-09-09 19:39:50.065] [INFO] 结果: FAIL | 用时: 0.004s
[2025-09-09 19:39:50.065] [INFO] ==== 执行用例 #9922 ====
[2025-09-09 19:39:50.065] [INFO] 参数: {'screen_on': 1, 'brightness': 4, 'digital': 50, 'logo': 1, 'rim_state': 2, 'rdygo': 1, 'turn_left': 1, 'turn_right': 1, 'ring': 0} | 备注: nan
[2025-09-09 19:39:50.065] [DEBUG] 修改后的LED显示信息:
[2025-09-09 19:39:50.065] [INFO]   屏幕状态: 开
  亮度级别: 4
  数字显示: 50
  LOGO状态: 1 (0关, 1白, 2红)
  护盾状态: 2 (0关, 1白, 2绿)
  ReadyGo状态: 1 (0关, 1白, 2红)
  左转向灯: 1 (0关, 1白, 2橙)
  右转向灯: 1 (0关, 1白, 2橙)
  灯环状态: 0 (0关, 1蓝, 2红)
[2025-09-09 19:39:50.065] [DEBUG] 组包成功，数据长度: 21 字节
[2025-09-09 19:39:50.065] [DEBUG] 发送数据: A5 60 9F A5 03 0D 3B 3C 33 33 33 E5 DF 33 33 33 33 33 33 1A 55
[2025-09-09 19:39:50.065] [DEBUG] 接收数据超时
[2025-09-09 19:39:50.065] [DEBUG] 组包成功，数据长度: 21 字节
[2025-09-09 19:39:50.065] [DEBUG] 发送数据: A5 60 9F A5 01 0D 3B 3C 33 33 33 E5 DF 33 33 33 33 33 33 5D 55
[2025-09-09 19:39:50.065] [DEBUG] 接收数据超时
[2025-09-09 19:39:50.069] [INFO] 结果: FAIL | 用时: 0.004s
[2025-09-09 19:39:50.069] [INFO] ==== 执行用例 #10023 ====
[2025-09-09 19:39:50.069] [INFO] 参数: {'screen_on': 1, 'brightness': 4, 'digital': 50, 'logo': 2, 'rim_state': 0, 'rdygo': 2, 'turn_left': 0, 'turn_right': 1, 'ring': 2} | 备注: nan
[2025-09-09 19:39:50.069] [DEBUG] 修改后的LED显示信息:
[2025-09-09 19:39:50.069] [INFO]   屏幕状态: 开
  亮度级别: 4
  数字显示: 50
  LOGO状态: 2 (0关, 1白, 2红)
  护盾状态: 0 (0关, 1白, 2绿)
  ReadyGo状态: 2 (0关, 1白, 2红)
  左转向灯: 0 (0关, 1白, 2橙)
  右转向灯: 1 (0关, 1白, 2橙)
  灯环状态: 2 (0关, 1蓝, 2红)
[2025-09-09 19:39:50.069] [DEBUG] 组包成功，数据长度: 21 字节
[2025-09-09 19:39:50.069] [DEBUG] 发送数据: A5 60 9F A5 03 0D 3B 3C 33 33 33 65 C4 37 33 33 33 33 33 85 55
[2025-09-09 19:39:50.069] [DEBUG] 接收数据超时
[2025-09-09 19:39:50.069] [DEBUG] 组包成功，数据长度: 21 字节
[2025-09-09 19:39:50.073] [DEBUG] 发送数据: A5 60 9F A5 01 0D 3B 3C 33 33 33 65 C4 37 33 33 33 33 33 C2 55
[2025-09-09 19:39:50.073] [DEBUG] 接收数据超时
[2025-09-09 19:39:50.073] [INFO] 结果: FAIL | 用时: 0.004s
[2025-09-09 19:39:50.073] [INFO] ==== 执行用例 #10068 ====
[2025-09-09 19:39:50.073] [INFO] 参数: {'screen_on': 1, 'brightness': 4, 'digital': 50, 'logo': 2, 'rim_state': 1, 'rdygo': 0, 'turn_left': 2, 'turn_right': 1, 'ring': 2} | 备注: nan
[2025-09-09 19:39:50.073] [DEBUG] 修改后的LED显示信息:
[2025-09-09 19:39:50.073] [INFO]   屏幕状态: 开
  亮度级别: 4
  数字显示: 50
  LOGO状态: 2 (0关, 1白, 2红)
  护盾状态: 1 (0关, 1白, 2绿)
  ReadyGo状态: 0 (0关, 1白, 2红)
  左转向灯: 2 (0关, 1白, 2橙)
  右转向灯: 1 (0关, 1白, 2橙)
  灯环状态: 2 (0关, 1蓝, 2红)
[2025-09-09 19:39:50.073] [DEBUG] 组包成功，数据长度: 21 字节
[2025-09-09 19:39:50.073] [DEBUG] 发送数据: A5 60 9F A5 03 0D 3B 3C 33 33 33 65 F6 37 33 33 33 33 33 C9 55
[2025-09-09 19:39:50.073] [DEBUG] 接收数据超时
[2025-09-09 19:39:50.073] [DEBUG] 组包成功，数据长度: 21 字节
[2025-09-09 19:39:50.077] [DEBUG] 发送数据: A5 60 9F A5 01 0D 3B 3C 33 33 33 65 F6 37 33 33 33 33 33 8E 55
[2025-09-09 19:39:50.077] [DEBUG] 接收数据超时
[2025-09-09 19:39:50.077] [INFO] 结果: FAIL | 用时: 0.004s
[2025-09-09 19:39:50.077] [INFO] ==== 执行用例 #10282 ====
[2025-09-09 19:39:50.077] [INFO] 参数: {'screen_on': 1, 'brightness': 4, 'digital': 100, 'logo': 0, 'rim_state': 0, 'rdygo': 2, 'turn_left': 2, 'turn_right': 1, 'ring': 0} | 备注: nan
[2025-09-09 19:39:50.077] [DEBUG] 修改后的LED显示信息:
[2025-09-09 19:39:50.077] [INFO]   屏幕状态: 开
  亮度级别: 4
  数字显示: 100
  LOGO状态: 0 (0关, 1白, 2红)
  护盾状态: 0 (0关, 1白, 2绿)
  ReadyGo状态: 2 (0关, 1白, 2红)
  左转向灯: 2 (0关, 1白, 2橙)
  右转向灯: 1 (0关, 1白, 2橙)
  灯环状态: 0 (0关, 1蓝, 2红)
[2025-09-09 19:39:50.077] [DEBUG] 组包成功，数据长度: 21 字节
[2025-09-09 19:39:50.077] [DEBUG] 发送数据: A5 60 9F A5 03 0D 3B 3C 33 33 33 97 03 33 33 33 33 33 33 D5 55
[2025-09-09 19:39:50.077] [DEBUG] 接收数据超时
[2025-09-09 19:39:50.077] [DEBUG] 组包成功，数据长度: 21 字节
[2025-09-09 19:39:50.081] [DEBUG] 发送数据: A5 60 9F A5 01 0D 3B 3C 33 33 33 97 03 33 33 33 33 33 33 92 55
[2025-09-09 19:39:50.082] [DEBUG] 接收数据超时
[2025-09-09 19:39:50.082] [INFO] 结果: FAIL | 用时: 0.005s
[2025-09-09 19:39:50.082] [INFO] ==== 执行用例 #10509 ====
[2025-09-09 19:39:50.082] [INFO] 参数: {'screen_on': 1, 'brightness': 4, 'digital': 100, 'logo': 1, 'rim_state': 0, 'rdygo': 2, 'turn_left': 0, 'turn_right': 1, 'ring': 2} | 备注: nan
[2025-09-09 19:39:50.082] [DEBUG] 修改后的LED显示信息:
[2025-09-09 19:39:50.082] [INFO]   屏幕状态: 开
  亮度级别: 4
  数字显示: 100
  LOGO状态: 1 (0关, 1白, 2红)
  护盾状态: 0 (0关, 1白, 2绿)
  ReadyGo状态: 2 (0关, 1白, 2红)
  左转向灯: 0 (0关, 1白, 2橙)
  右转向灯: 1 (0关, 1白, 2橙)
  灯环状态: 2 (0关, 1蓝, 2红)
[2025-09-09 19:39:50.082] [DEBUG] 组包成功，数据长度: 21 字节
[2025-09-09 19:39:50.082] [DEBUG] 发送数据: A5 60 9F A5 03 0D 3B 3C 33 33 33 17 C3 37 33 33 33 33 33 56 55
[2025-09-09 19:39:50.082] [DEBUG] 接收数据超时
[2025-09-09 19:39:50.082] [DEBUG] 组包成功，数据长度: 21 字节
[2025-09-09 19:39:50.082] [DEBUG] 发送数据: A5 60 9F A5 01 0D 3B 3C 33 33 33 17 C3 37 33 33 33 33 33 11 55
[2025-09-09 19:39:50.086] [DEBUG] 接收数据超时
[2025-09-09 19:39:50.086] [INFO] 结果: FAIL | 用时: 0.004s
[2025-09-09 19:39:50.086] [INFO] ==== 执行用例 #11108 ====
[2025-09-09 19:39:50.086] [INFO] 参数: {'screen_on': 1, 'brightness': 5, 'digital': 0, 'logo': 0, 'rim_state': 2, 'rdygo': 0, 'turn_left': 1, 'turn_right': 0, 'ring': 1} | 备注: nan
[2025-09-09 19:39:50.086] [DEBUG] 修改后的LED显示信息:
[2025-09-09 19:39:50.086] [INFO]   屏幕状态: 开
  亮度级别: 5
  数字显示: 0
  LOGO状态: 0 (0关, 1白, 2红)
  护盾状态: 2 (0关, 1白, 2绿)
  ReadyGo状态: 0 (0关, 1白, 2红)
  左转向灯: 1 (0关, 1白, 2橙)
  右转向灯: 0 (0关, 1白, 2橙)
  灯环状态: 1 (0关, 1蓝, 2红)
[2025-09-09 19:39:50.086] [DEBUG] 组包成功，数据长度: 21 字节
[2025-09-09 19:39:50.086] [DEBUG] 发送数据: A5 60 9F A5 03 0D 3B 3E 33 33 33 33 57 35 33 33 33 33 33 6E 55
[2025-09-09 19:39:50.086] [DEBUG] 接收数据超时
[2025-09-09 19:39:50.086] [DEBUG] 组包成功，数据长度: 21 字节
[2025-09-09 19:39:50.086] [DEBUG] 发送数据: A5 60 9F A5 01 0D 3B 3E 33 33 33 33 57 35 33 33 33 33 33 29 55
[2025-09-09 19:39:50.089] [DEBUG] 接收数据超时
[2025-09-09 19:39:50.089] [INFO] 结果: FAIL | 用时: 0.004s
[2025-09-09 19:39:50.089] [INFO] ==== 执行用例 #11309 ====
[2025-09-09 19:39:50.089] [INFO] 参数: {'screen_on': 1, 'brightness': 5, 'digital': 0, 'logo': 1, 'rim_state': 1, 'rdygo': 1, 'turn_left': 2, 'turn_right': 1, 'ring': 1} | 备注: nan
[2025-09-09 19:39:50.089] [DEBUG] 修改后的LED显示信息:
[2025-09-09 19:39:50.089] [INFO]   屏幕状态: 开
  亮度级别: 5
  数字显示: 0
  LOGO状态: 1 (0关, 1白, 2红)
  护盾状态: 1 (0关, 1白, 2绿)
  ReadyGo状态: 1 (0关, 1白, 2红)
  左转向灯: 2 (0关, 1白, 2橙)
  右转向灯: 1 (0关, 1白, 2橙)
  灯环状态: 1 (0关, 1蓝, 2红)
[2025-09-09 19:39:50.089] [DEBUG] 组包成功，数据长度: 21 字节
[2025-09-09 19:39:50.089] [DEBUG] 发送数据: A5 60 9F A5 03 0D 3B 3E 33 33 33 B3 FD 35 33 33 33 33 33 82 55
[2025-09-09 19:39:50.094] [DEBUG] 接收数据超时
[2025-09-09 19:39:50.094] [DEBUG] 组包成功，数据长度: 21 字节
[2025-09-09 19:39:50.094] [DEBUG] 发送数据: A5 60 9F A5 01 0D 3B 3E 33 33 33 B3 FD 35 33 33 33 33 33 C5 55
[2025-09-09 19:39:50.095] [DEBUG] 接收数据超时
[2025-09-09 19:39:50.095] [INFO] 结果: FAIL | 用时: 0.005s
[2025-09-09 19:39:50.095] [INFO] ==== 执行用例 #11460 ====
[2025-09-09 19:39:50.095] [INFO] 参数: {'screen_on': 1, 'brightness': 5, 'digital': 0, 'logo': 2, 'rim_state': 0, 'rdygo': 1, 'turn_left': 1, 'turn_right': 0, 'ring': 2} | 备注: nan
[2025-09-09 19:39:50.095] [DEBUG] 修改后的LED显示信息:
[2025-09-09 19:39:50.095] [INFO]   屏幕状态: 开
  亮度级别: 5
  数字显示: 0
  LOGO状态: 2 (0关, 1白, 2红)
  护盾状态: 0 (0关, 1白, 2绿)
  ReadyGo状态: 1 (0关, 1白, 2红)
  左转向灯: 1 (0关, 1白, 2橙)
  右转向灯: 0 (0关, 1白, 2橙)
  灯环状态: 2 (0关, 1蓝, 2红)
[2025-09-09 19:39:50.095] [DEBUG] 组包成功，数据长度: 21 字节
[2025-09-09 19:39:50.095] [DEBUG] 发送数据: A5 60 9F A5 03 0D 3B 3E 33 33 33 33 5C 37 33 33 33 33 33 AD 55
[2025-09-09 19:39:50.098] [DEBUG] 接收数据超时
[2025-09-09 19:39:50.098] [DEBUG] 组包成功，数据长度: 21 字节
[2025-09-09 19:39:50.098] [DEBUG] 发送数据: A5 60 9F A5 01 0D 3B 3E 33 33 33 33 5C 37 33 33 33 33 33 EA 55
[2025-09-09 19:39:50.098] [DEBUG] 接收数据超时
[2025-09-09 19:39:50.098] [INFO] 结果: FAIL | 用时: 0.004s
[2025-09-09 19:39:50.098] [INFO] ==== 执行用例 #12960 ====
[2025-09-09 19:39:50.098] [INFO] 参数: {'screen_on': 1, 'brightness': 5, 'digital': 100, 'logo': 2, 'rim_state': 0, 'rdygo': 2, 'turn_left': 2, 'turn_right': 2, 'ring': 2} | 备注: nan
[2025-09-09 19:39:50.098] [DEBUG] 修改后的LED显示信息:
[2025-09-09 19:39:50.098] [INFO]   屏幕状态: 开
  亮度级别: 5
  数字显示: 100
  LOGO状态: 2 (0关, 1白, 2红)
  护盾状态: 0 (0关, 1白, 2绿)
  ReadyGo状态: 2 (0关, 1白, 2红)
  左转向灯: 2 (0关, 1白, 2橙)
  右转向灯: 2 (0关, 1白, 2橙)
  灯环状态: 2 (0关, 1蓝, 2红)
[2025-09-09 19:39:50.098] [DEBUG] 组包成功，数据长度: 21 字节
[2025-09-09 19:39:50.098] [DEBUG] 发送数据: A5 60 9F A5 03 0D 3B 3E 33 33 33 97 84 38 33 33 33 33 33 9E 55
[2025-09-09 19:39:50.098] [DEBUG] 接收数据超时
[2025-09-09 19:39:50.102] [DEBUG] 组包成功，数据长度: 21 字节
[2025-09-09 19:39:50.102] [DEBUG] 发送数据: A5 60 9F A5 01 0D 3B 3E 33 33 33 97 84 38 33 33 33 33 33 D9 55
[2025-09-09 19:39:50.102] [DEBUG] 接收数据超时
[2025-09-09 19:39:50.102] [INFO] 结果: FAIL | 用时: 0.004s
[2025-09-09 19:39:50.102] [INFO] ==== 执行用例 #13191 ====
[2025-09-09 19:39:50.102] [INFO] 参数: {'screen_on': 1, 'brightness': 6, 'digital': 0, 'logo': 0, 'rim_state': 0, 'rdygo': 2, 'turn_left': 1, 'turn_right': 1, 'ring': 2} | 备注: nan
[2025-09-09 19:39:50.102] [DEBUG] 修改后的LED显示信息:
[2025-09-09 19:39:50.102] [INFO]   屏幕状态: 开
  亮度级别: 6
  数字显示: 0
  LOGO状态: 0 (0关, 1白, 2红)
  护盾状态: 0 (0关, 1白, 2绿)
  ReadyGo状态: 2 (0关, 1白, 2红)
  左转向灯: 1 (0关, 1白, 2橙)
  右转向灯: 1 (0关, 1白, 2橙)
  灯环状态: 2 (0关, 1蓝, 2红)
[2025-09-09 19:39:50.102] [DEBUG] 组包成功，数据长度: 21 字节
[2025-09-09 19:39:50.102] [DEBUG] 发送数据: A5 60 9F A5 03 0D 3B 40 33 33 33 33 E3 37 33 33 33 33 33 02 55
[2025-09-09 19:39:50.106] [DEBUG] 接收数据超时
[2025-09-09 19:39:50.106] [DEBUG] 组包成功，数据长度: 21 字节
[2025-09-09 19:39:50.106] [DEBUG] 发送数据: A5 60 9F A5 01 0D 3B 40 33 33 33 33 E3 37 33 33 33 33 33 45 55
[2025-09-09 19:39:50.106] [DEBUG] 接收数据超时
[2025-09-09 19:39:50.106] [INFO] 结果: FAIL | 用时: 0.004s
[2025-09-09 19:39:50.106] [INFO] ==== 执行用例 #13602 ====
[2025-09-09 19:39:50.106] [INFO] 参数: {'screen_on': 1, 'brightness': 6, 'digital': 0, 'logo': 1, 'rim_state': 2, 'rdygo': 2, 'turn_left': 2, 'turn_right': 0, 'ring': 2} | 备注: nan
[2025-09-09 19:39:50.106] [DEBUG] 修改后的LED显示信息:
[2025-09-09 19:39:50.106] [INFO]   屏幕状态: 开
  亮度级别: 6
  数字显示: 0
  LOGO状态: 1 (0关, 1白, 2红)
  护盾状态: 2 (0关, 1白, 2绿)
  ReadyGo状态: 2 (0关, 1白, 2红)
  左转向灯: 2 (0关, 1白, 2橙)
  右转向灯: 0 (0关, 1白, 2橙)
  灯环状态: 2 (0关, 1蓝, 2红)
[2025-09-09 19:39:50.110] [DEBUG] 组包成功，数据长度: 21 字节
[2025-09-09 19:39:50.110] [DEBUG] 发送数据: A5 60 9F A5 03 0D 3B 40 33 33 33 B3 87 37 33 33 33 33 33 62 55
[2025-09-09 19:39:50.110] [DEBUG] 接收数据超时
[2025-09-09 19:39:50.110] [DEBUG] 组包成功，数据长度: 21 字节
[2025-09-09 19:39:50.110] [DEBUG] 发送数据: A5 60 9F A5 01 0D 3B 40 33 33 33 B3 87 37 33 33 33 33 33 25 55
[2025-09-09 19:39:50.110] [DEBUG] 接收数据超时
[2025-09-09 19:39:50.110] [INFO] 结果: FAIL | 用时: 0.004s
[2025-09-09 19:39:50.110] [INFO] ==== 执行用例 #14453 ====
[2025-09-09 19:39:50.110] [INFO] 参数: {'screen_on': 1, 'brightness': 6, 'digital': 50, 'logo': 2, 'rim_state': 1, 'rdygo': 1, 'turn_left': 0, 'turn_right': 2, 'ring': 1} | 备注: nan
[2025-09-09 19:39:50.114] [DEBUG] 修改后的LED显示信息:
[2025-09-09 19:39:50.114] [INFO]   屏幕状态: 开
  亮度级别: 6
  数字显示: 50
  LOGO状态: 2 (0关, 1白, 2红)
  护盾状态: 1 (0关, 1白, 2绿)
  ReadyGo状态: 1 (0关, 1白, 2红)
  左转向灯: 0 (0关, 1白, 2橙)
  右转向灯: 2 (0关, 1白, 2橙)
  灯环状态: 1 (0关, 1蓝, 2红)
[2025-09-09 19:39:50.114] [DEBUG] 组包成功，数据长度: 21 字节
[2025-09-09 19:39:50.114] [DEBUG] 发送数据: A5 60 9F A5 03 0D 3B 40 33 33 33 65 3E 36 33 33 33 33 33 D5 55
[2025-09-09 19:39:50.114] [DEBUG] 接收数据超时
[2025-09-09 19:39:50.114] [DEBUG] 组包成功，数据长度: 21 字节
[2025-09-09 19:39:50.114] [DEBUG] 发送数据: A5 60 9F A5 01 0D 3B 40 33 33 33 65 3E 36 33 33 33 33 33 92 55
[2025-09-09 19:39:50.114] [DEBUG] 接收数据超时
[2025-09-09 19:39:50.118] [INFO] 结果: FAIL | 用时: 0.008s
[2025-09-09 19:39:50.118] [INFO] ==== 执行用例 #14934 ====
[2025-09-09 19:39:50.118] [INFO] 参数: {'screen_on': 1, 'brightness': 6, 'digital': 100, 'logo': 1, 'rim_state': 1, 'rdygo': 1, 'turn_left': 0, 'turn_right': 0, 'ring': 2} | 备注: nan
[2025-09-09 19:39:50.118] [DEBUG] 修改后的LED显示信息:
[2025-09-09 19:39:50.118] [INFO]   屏幕状态: 开
  亮度级别: 6
  数字显示: 100
  LOGO状态: 1 (0关, 1白, 2红)
  护盾状态: 1 (0关, 1白, 2绿)
  ReadyGo状态: 1 (0关, 1白, 2红)
  左转向灯: 0 (0关, 1白, 2橙)
  右转向灯: 0 (0关, 1白, 2橙)
  灯环状态: 2 (0关, 1蓝, 2红)
[2025-09-09 19:39:50.118] [DEBUG] 组包成功，数据长度: 21 字节
[2025-09-09 19:39:50.118] [DEBUG] 发送数据: A5 60 9F A5 03 0D 3B 40 33 33 33 17 3D 37 33 33 33 33 33 46 55
[2025-09-09 19:39:50.122] [DEBUG] 接收数据超时
[2025-09-09 19:39:50.122] [DEBUG] 组包成功，数据长度: 21 字节
[2025-09-09 19:39:50.123] [DEBUG] 发送数据: A5 60 9F A5 01 0D 3B 40 33 33 33 17 3D 37 33 33 33 33 33 01 55
[2025-09-09 19:39:50.123] [DEBUG] 接收数据超时
[2025-09-09 19:39:50.123] [INFO] 结果: FAIL | 用时: 0.005s
[2025-09-09 19:39:50.123] [INFO] ==== 执行用例 #15192 ====
[2025-09-09 19:39:50.123] [INFO] 参数: {'screen_on': 1, 'brightness': 6, 'digital': 100, 'logo': 2, 'rim_state': 1, 'rdygo': 1, 'turn_left': 1, 'turn_right': 2, 'ring': 2} | 备注: nan
[2025-09-09 19:39:50.123] [DEBUG] 修改后的LED显示信息:
[2025-09-09 19:39:50.123] [INFO]   屏幕状态: 开
  亮度级别: 6
  数字显示: 100
  LOGO状态: 2 (0关, 1白, 2红)
  护盾状态: 1 (0关, 1白, 2绿)
  ReadyGo状态: 1 (0关, 1白, 2红)
  左转向灯: 1 (0关, 1白, 2橙)
  右转向灯: 2 (0关, 1白, 2橙)
  灯环状态: 2 (0关, 1蓝, 2红)
[2025-09-09 19:39:50.123] [DEBUG] 组包成功，数据长度: 21 字节
[2025-09-09 19:39:50.123] [DEBUG] 发送数据: A5 60 9F A5 03 0D 3B 40 33 33 33 97 5E 38 33 33 33 33 33 7E 55
[2025-09-09 19:39:50.123] [DEBUG] 接收数据超时
[2025-09-09 19:39:50.123] [DEBUG] 组包成功，数据长度: 21 字节
[2025-09-09 19:39:50.127] [DEBUG] 发送数据: A5 60 9F A5 01 0D 3B 40 33 33 33 97 5E 38 33 33 33 33 33 39 55
[2025-09-09 19:39:50.127] [DEBUG] 接收数据超时
[2025-09-09 19:39:50.127] [INFO] 结果: FAIL | 用时: 0.003s
[2025-09-09 19:39:50.127] [INFO] ==== 执行用例 #15583 ====
[2025-09-09 19:39:50.127] [INFO] 参数: {'screen_on': 1, 'brightness': 7, 'digital': 0, 'logo': 1, 'rim_state': 0, 'rdygo': 1, 'turn_left': 0, 'turn_right': 1, 'ring': 0} | 备注: nan
[2025-09-09 19:39:50.127] [DEBUG] 修改后的LED显示信息:
[2025-09-09 19:39:50.127] [INFO]   屏幕状态: 开
  亮度级别: 7
  数字显示: 0
  LOGO状态: 1 (0关, 1白, 2红)
  护盾状态: 0 (0关, 1白, 2绿)
  ReadyGo状态: 1 (0关, 1白, 2红)
  左转向灯: 0 (0关, 1白, 2橙)
  右转向灯: 1 (0关, 1白, 2橙)
  灯环状态: 0 (0关, 1蓝, 2红)
[2025-09-09 19:39:50.127] [DEBUG] 组包成功，数据长度: 21 字节
[2025-09-09 19:39:50.127] [DEBUG] 发送数据: A5 60 9F A5 03 0D 3B 42 33 33 33 B3 BB 33 33 33 33 33 33 AB 55
[2025-09-09 19:39:50.131] [DEBUG] 接收数据超时
[2025-09-09 19:39:50.131] [DEBUG] 组包成功，数据长度: 21 字节
[2025-09-09 19:39:50.131] [DEBUG] 发送数据: A5 60 9F A5 01 0D 3B 42 33 33 33 B3 BB 33 33 33 33 33 33 EC 55
[2025-09-09 19:39:50.131] [DEBUG] 接收数据超时
[2025-09-09 19:39:50.131] [INFO] 结果: FAIL | 用时: 0.004s
[2025-09-09 19:39:50.131] [INFO] ==== 执行用例 #16100 ====
[2025-09-09 19:39:50.131] [INFO] 参数: {'screen_on': 1, 'brightness': 7, 'digital': 50, 'logo': 0, 'rim_state': 0, 'rdygo': 2, 'turn_left': 0, 'turn_right': 2, 'ring': 1} | 备注: nan
[2025-09-09 19:39:50.131] [DEBUG] 修改后的LED显示信息:
[2025-09-09 19:39:50.131] [INFO]   屏幕状态: 开
  亮度级别: 7
  数字显示: 50
  LOGO状态: 0 (0关, 1白, 2红)
  护盾状态: 0 (0关, 1白, 2绿)
  ReadyGo状态: 2 (0关, 1白, 2红)
  左转向灯: 0 (0关, 1白, 2橙)
  右转向灯: 2 (0关, 1白, 2橙)
  灯环状态: 1 (0关, 1蓝, 2红)
[2025-09-09 19:39:50.135] [DEBUG] 组包成功，数据长度: 21 字节
[2025-09-09 19:39:50.135] [DEBUG] 发送数据: A5 60 9F A5 03 0D 3B 42 33 33 33 65 43 36 33 33 33 33 33 99 55
[2025-09-09 19:39:50.135] [DEBUG] 接收数据超时
[2025-09-09 19:39:50.135] [DEBUG] 组包成功，数据长度: 21 字节
[2025-09-09 19:39:50.135] [DEBUG] 发送数据: A5 60 9F A5 01 0D 3B 42 33 33 33 65 43 36 33 33 33 33 33 DE 55
[2025-09-09 19:39:50.135] [DEBUG] 接收数据超时
[2025-09-09 19:39:50.138] [INFO] 结果: FAIL | 用时: 0.006s
[2025-09-09 19:39:50.138] [INFO] ==== 执行用例 #16418 ====
[2025-09-09 19:39:50.138] [INFO] 参数: {'screen_on': 1, 'brightness': 7, 'digital': 50, 'logo': 1, 'rim_state': 1, 'rdygo': 2, 'turn_left': 0, 'turn_right': 0, 'ring': 1} | 备注: nan
[2025-09-09 19:39:50.138] [DEBUG] 修改后的LED显示信息:
[2025-09-09 19:39:50.138] [INFO]   屏幕状态: 开
  亮度级别: 7
  数字显示: 50
  LOGO状态: 1 (0关, 1白, 2红)
  护盾状态: 1 (0关, 1白, 2绿)
  ReadyGo状态: 2 (0关, 1白, 2红)
  左转向灯: 0 (0关, 1白, 2橙)
  右转向灯: 0 (0关, 1白, 2橙)
  灯环状态: 1 (0关, 1蓝, 2红)
[2025-09-09 19:39:50.139] [DEBUG] 组包成功，数据长度: 21 字节
[2025-09-09 19:39:50.139] [DEBUG] 发送数据: A5 60 9F A5 03 0D 3B 42 33 33 33 E5 45 35 33 33 33 33 33 11 55
[2025-09-09 19:39:50.139] [DEBUG] 接收数据超时
[2025-09-09 19:39:50.139] [DEBUG] 组包成功，数据长度: 21 字节
[2025-09-09 19:39:50.139] [DEBUG] 发送数据: A5 60 9F A5 01 0D 3B 42 33 33 33 E5 45 35 33 33 33 33 33 56 55
[2025-09-09 19:39:50.139] [DEBUG] 接收数据超时
[2025-09-09 19:39:50.139] [INFO] 结果: FAIL | 用时: 0.002s
[2025-09-09 19:39:50.139] [INFO] ==== 执行用例 #16485 ====
[2025-09-09 19:39:50.139] [INFO] 参数: {'screen_on': 1, 'brightness': 7, 'digital': 50, 'logo': 1, 'rim_state': 2, 'rdygo': 1, 'turn_left': 1, 'turn_right': 1, 'ring': 2} | 备注: nan
[2025-09-09 19:39:50.139] [DEBUG] 修改后的LED显示信息:
[2025-09-09 19:39:50.139] [INFO]   屏幕状态: 开
  亮度级别: 7
  数字显示: 50
  LOGO状态: 1 (0关, 1白, 2红)
  护盾状态: 2 (0关, 1白, 2绿)
  ReadyGo状态: 1 (0关, 1白, 2红)
  左转向灯: 1 (0关, 1白, 2橙)
  右转向灯: 1 (0关, 1白, 2橙)
  灯环状态: 2 (0关, 1蓝, 2红)
[2025-09-09 19:39:50.143] [DEBUG] 组包成功，数据长度: 21 字节
[2025-09-09 19:39:50.143] [DEBUG] 发送数据: A5 60 9F A5 03 0D 3B 42 33 33 33 E5 DF 37 33 33 33 33 33 79 55
[2025-09-09 19:39:50.143] [DEBUG] 接收数据超时
[2025-09-09 19:39:50.143] [DEBUG] 组包成功，数据长度: 21 字节
[2025-09-09 19:39:50.143] [DEBUG] 发送数据: A5 60 9F A5 01 0D 3B 42 33 33 33 E5 DF 37 33 33 33 33 33 3E 55
[2025-09-09 19:39:50.143] [DEBUG] 接收数据超时
[2025-09-09 19:39:50.143] [INFO] 结果: FAIL | 用时: 0.004s
[2025-09-09 19:39:50.143] [INFO] ==== 执行用例 #16555 ====
[2025-09-09 19:39:50.143] [INFO] 参数: {'screen_on': 1, 'brightness': 7, 'digital': 50, 'logo': 2, 'rim_state': 0, 'rdygo': 1, 'turn_left': 0, 'turn_right': 1, 'ring': 0} | 备注: nan
[2025-09-09 19:39:50.143] [DEBUG] 修改后的LED显示信息:
[2025-09-09 19:39:50.143] [INFO]   屏幕状态: 开
  亮度级别: 7
  数字显示: 50
  LOGO状态: 2 (0关, 1白, 2红)
  护盾状态: 0 (0关, 1白, 2绿)
  ReadyGo状态: 1 (0关, 1白, 2红)
  左转向灯: 0 (0关, 1白, 2橙)
  右转向灯: 1 (0关, 1白, 2橙)
  灯环状态: 0 (0关, 1蓝, 2红)
[2025-09-09 19:39:50.143] [DEBUG] 组包成功，数据长度: 21 字节
[2025-09-09 19:39:50.147] [DEBUG] 发送数据: A5 60 9F A5 03 0D 3B 42 33 33 33 65 BC 33 33 33 33 33 33 1D 55
[2025-09-09 19:39:50.148] [DEBUG] 接收数据超时
[2025-09-09 19:39:50.148] [DEBUG] 组包成功，数据长度: 21 字节
[2025-09-09 19:39:50.148] [DEBUG] 发送数据: A5 60 9F A5 01 0D 3B 42 33 33 33 65 BC 33 33 33 33 33 33 5A 55
[2025-09-09 19:39:50.148] [DEBUG] 接收数据超时
[2025-09-09 19:39:50.148] [INFO] 结果: FAIL | 用时: 0.005s
[2025-09-09 19:39:50.148] [INFO] 开始压力循环: 次数=1, 间隔=0.5s, 参数={'screen_on': 1, 'brightness': 1, 'digital': 50, 'logo': 0, 'rim_state': 1, 'rdygo': 0, 'turn_left': 0, 'turn_right': 0, 'ring': 2}
[2025-09-09 19:39:50.148] [DEBUG] 修改后的LED显示信息:
[2025-09-09 19:39:50.151] [INFO]   屏幕状态: 开
  亮度级别: 1
  数字显示: 50
  LOGO状态: 0 (0关, 1白, 2红)
  护盾状态: 1 (0关, 1白, 2绿)
  ReadyGo状态: 0 (0关, 1白, 2红)
  左转向灯: 0 (0关, 1白, 2橙)
  右转向灯: 0 (0关, 1白, 2橙)
  灯环状态: 2 (0关, 1蓝, 2红)
[2025-09-09 19:39:50.151] [DEBUG] 组包成功，数据长度: 21 字节
[2025-09-09 19:39:50.151] [DEBUG] 发送数据: A5 60 9F A5 03 0D 3B 36 33 33 33 65 35 37 33 33 33 33 33 6A 55
[2025-09-09 19:39:50.151] [DEBUG] 接收数据: A5 60 9F A5 83 55 33 93 7F 63 64 33 33 33 33 33 33 33 33 33 33 33 33 33 33 33 33 33 33 33 33 33 33 33 33 33 33 33 33 33 33 33 33 89 66 69 66 65 85 64 63 64 76 63 64 92 75 A7 63 65 33 33 33 33 33 37 33 38 33 33 33 36 33 33 33 65 35 37 33 33 33 33 33 33 33 33 33 33 33 33 33 42 55 A5 60 9F A5 83 55 33 93 7F 63 64 33 33 33 33 33 33 33 33 33 33 33 33 33 33 33 33 33 33 33 33 33 33 33 33 33 33 33 33 33 33 33 33 89 66 69 66 65 85 64 63 64 76 63 64 92 75 A7 63 65 33 33 33 33 33 37 33 38 33 33 33 38 33 33 33 65 33 37 33 33 33 33 33 33 33 33 33 33 33 33 33 EE 55 A5 60 9F A5 83 55 33 93 7F 63 64 33 33 33 33 33 33 33 33 33 33 33 33 33 33 33 33 33 33 33 33 33 33 33 33 33 33 33 33 33 33 33 33 89 66 69 66 65 85 64 63 64 76 63 64 92 75 A7 63 65 33 33 33 33 33 37 33 38 33 33 33 3A 33 33 33 33 57 34 33 33 33 33 33 33 33 33 33 33 33 33 33 53 55 A5 60 9F A5 81 0D 3B 3A 33 33 33 33 57 34 33 33 33 33 33 92 55 A5 60 9F A5 83 55 33 93 7F 63 64 33 33 33 33 33 33 33 33 33 33 33 33 33 33 33 33 33 33 33 33 33 33 33 33 33 33 33 33 33 33 33 33 89 66 69 66 65 85 64 63 64 76 63 64 92 75 A7 63 65 33 33 33 33 33 37 33 38 33 33 33 3A 33 33 33 B3 5D 37 33 33 33 33 33 33 33 33 33 33 33 33 33 A2 55 A5 60 9F A5 83 55 33 93 7F 63 64 33 33 33 33 33 33 33 33 33 33 33 33 33 33 33 33 33 33 33 33 33 33 33 33 33 33 33 33 33 33 33 33 89 66 69 66 65 85 64 63 64 76 63 64 92 75 A7 63 65 33 33 33 33 33 37 33 38 33 33 33 3A 33 33 33 65 43 37 33 33 33 33 33 33 33 33 33 33 33 33 33 54 55 A5 60 9F A5 83 55 33 93 7F 63 64 33 33 33 33 33 33 33 33 33 33 33 33 33 33 33 33 33 33 33 33 33 33 33 33 33 33 33 33 33 33 33 33 89 66 69 66 65 85 64 63 64 76 63 64 92 75 A7 63 65 33 33 33 33 33 37 33 38 33 33 33 3A 33 33 33 E5 D3 37 33 33 33 33 33 33 33 33 33 33 33 33 33 79 55 A5 60 9F A5 83 55 33 93 7F 63 64 33 33 33 33 33 33 33 33 33 33 33 33 33 33 33 33 33 33 33 33 33 33 33 33 33 33 33 33 33 33 33 33 89 66 69 66 65 85 64 63 64 76 63 64 92 75 A7 63 65 33 33 33 33 33 37 33 38 33 33 33 3A 33 33 33 65 60 33 33 33 33 33 33 33 33 33 33 33 33 33 33 A5 55 A5 60 9F A5 81 0D 3B 3A 33 33 33 65 60 33 33 33 33 33 33 A7 55 A5 60 9F A5 83 55 33 93 7F 63 64 33 33 33 33 33 33 33 33 33 33 33 33 33 33 33 33 33 33 33 33 33 33 33 33 33 33 33 33 33 33 33 33 89 66 69 66 65 85 64 63 64 76 63 64 92 75 A7 63 65 33 33 33 33 33 37 33 38 33 33 33 3A 33 33 33 97 7D 33 33 33 33 33 33 33 33 33 33 33 33 33 33 06 55 A5 60 9F A5 83 55 33 93 7F 63 64 33 33 33 33 33 33 33 33 33 33 33 33 33 33 33 33 33 33 33 33 33 33 33 33 33 33 33 33 33 33 33 33 89 66 69 66 65 85 64 63 64 76 63 64 92 75 A7 63 65 33 33 33 33 33 37 33 38 33 33 33 3C 33 33 33 65 5B 34 33 33 33 33 33 33 33 33 33 33 33 33 33 1E 55 A5 60 9F A5 83 55 33 93 7F 63 64 33 33 33 33 33 33 33 33 33 33 33 33 33 33 33 33 33 33 33 33 33 33 33 33 33 33 33 33 33 33 33 33 89 66 69 66 65 85 64 63 64 76 63 64 92 75 A7 63 65 33 33 33 33 33 37 33 38 33 33 33 3C 33 33 33 E5 DF 33 33 33 33 33 33 33 33 33 33 33 33 33 33 8F 55 A5 60 9F A5 83 55 33 93 7F 63 64 33 33 33 33 33 33 33 33 33 33 33 33 33 33 33 33 33 33 33 33 33 33 33 33 33 33 33 33 33 33 33 33 89 66 69 66 65 85 64 63 64 76 63 64 92 75 A7 63 65 33 33 33 33 33 37 33 38 33 33 33 3C 33 33 33 65 C4 37 33 33 33 33 33 33 33 33 33 33 33 33 33 61 55 A5 60 9F A5 81 0D 3B 3C 33 33 33 65 C4 37 33 33 33 33 33 F5 55 A5 60 9F A5 83 55 33 93 7F 63 64 33 33 33 33 33 33 33 33 33 33 33 33 33 33 33 33 33 33 33 33 33 33 33 33 33 33 33 33 33 33 33 33 89 66 69 66 65 85 64 63 64 76 63 64 92 75 A7 63 65 33 33 33 33 33 37 33 38 33 33 33 3C 33 33 33 65 F6 37 33 33 33 33 33 33 33 33 33 33 33 33 33 20 55 A5 60 9F A5 83 55 33 93 7F 63 64 33 33 33 33 33 33 33 33 33 33 33 33 33 33 33 33 33 33 33 33 33 33 33 33 33 33 33 33 33 33 33 33 89 66 69 66 65 85 64 63 64 76 63 64 92 75 A7 63 65 33 33 33 33 33 37 33 38 33 33 33 3C 33 33 33 97 03 33 33 33 33 33 33 33 33 33 33 33 33 33 33 3B 55 A5 60 9F A5 83 55 33 93 7F 63 64 33 33 33 33 33 33 33 33 33 33 33 33 33 33 33 33 33 33 33 33 33 33 33 33 33 33 33 33 33 33 33 33 89 66 69 66 65 85 64 63 64 76 63 64 92 75 A7 63 65 33 33 33 33 33 37 33 37 33 33 33 3C 33 33 33 17 C3 37 33 33 33 33 33 33 33 33 33 33 33 33 33 DA 55 A5 60 9F A5 83 55 33 93 7F 63 64 33 33 33 33 33 33 33 33 33 33 33 33 33 33 33 33 33 33 33 33 33 33 33 33 33 33 33 33 33 33 33 33 89 66 69 66 65 85 64 63 64 76 63 64 92 75 A7 63 65 33 33 33 33 33 37 33 37 33 33 33 3E 33 33 33 33 57 35 33 33 33 33 33 33 33 33 33 33 33 33 33 36 55 A5 60 9F A5 83 55 33 93 7F 63 64 33 33 33 33 33 33 33 33 33 33 33 33 33 33 33 33 33 33 33 33 33 33 33 33 33 33 33 33 33 33 33 33 89 66 69 66 65 85 64 63 64 76 63 64 92 75 A7 63 65 33 33 33 33 33 37 33 37 33 33 33 3E 33 33 33 B3 FD 35 33 33 33 33 33 33 33 33 33 33 33 33 33 5B 55 A5 60 9F A5 83 55 33 93 7F 63 64 33 33 33 33 33 33 33 33 33 33 33 33 33 33 33 33 33 33 33 33 33 33 33 33 33 33 33 33 33 33 33 33 89 66 69 66 65 85 64 63 64 76 63 64 92 75 A7 63 65 33 33 33 33 33 37 33 37 33 33 33 3E 33 33 33 33 5C 37 33 33 33 33 33 33 33 33 33 33 33 33 33 9C 55 A5 60 9F A5 83 55 33 93 7F 63 64 33 33 33 33 33 33 33 33 33 33 33 33 33 33 33 33 33 33 33 33 33 33 33 33 33 33 33 33 33 33 33 33 89 66 69 66 65 85 64 63 64 76 63 64 92 75 A7 63 65 33 33 33 33 33 37 33 37 33 33 33 3E 33 33 33 97 84 38 33 33 33 33 33 33 33 33 33 33 33 33 33 94 55 A5 60 9F A5 83 55 33 93 7F 63 64 33 33 33 33 33 33 33 33 33 33 33 33 33 33 33 33 33 33 33 33 33 33 33 33 33 33 33 33 33 33 33 33 89 66 69 66 65 85 64 63 64 76 63 64 92 75 A7 63 65 33 33 33 33 33 37 33 37 33 33 33 40 33 33 33 33 E3 37 33 33 33 33 33 33 33 33 33 33 33 33 33 56 55 A5 60 9F A5 83 55 33 93 7F 63 64 33 33 33 33 33 33 33 33 33 33 33 33 33 33 33 33 33 33 33 33 33 33 33 33 33 33 33 33 33 33 33 33 89 66 69 66 65 85 64 63 64 76 63 64 92 75 A7 63 65 33 33 33 33 33 37 33 37 33 33 33 40 33 33 33 B3 87 37 33 33 33 33 33 33 33 33 33 33 33 33 33 D1 55 A5 60 9F A5 83 55 33 93 7F 63 64 33 33 33 33 33 33 33 33 33 33 33 33 33 33 33 33 33 33 33 33 33 33 33 33 33 33 33 33 33 33 33 33 89 66 69 66 65 85 64 63 64 76 63 64 92 75 A7 63 65 33 33 33 33 33 37 33 37 33 33 33 40 33 33 33 65 3E 36 33 33 33 33 33 33 33 33 33 33 33 33 33 9E 55 A5 60 9F A5 81 0D 3B 40 33 33 33 65 3E 36 33 33 33 33 33 A5 55 A5 60 9F A5 83 55 33 93 7F 63 64 33 33 33 33 33 33 33 33 33 33 33 33 33 33 33 33 33 33 33 33 33 33 33 33 33 33 33 33 33 33 33 33 89 66 69 66 65 85 64 63 64 76 63 64 92 75 A7 63 65 33 33 33 33 33 37 33 37 33 33 33 40 33 33 33 17 3D 37 33 33 33 33 33 33 33 33 33 33 33 33 33 81 55 A5 60 9F A5 81 0D 3B 40 33 33 33 17 3D 37 33 33 33 33 33 36 55 A5 60 9F A5 83 55 33 93 7F 63 64 33 33 33 33 33 33 33 33 33 33 33 33 33 33 33 33 33 33 33 33 33 33 33 33 33 33 33 33 33 33 33 33 89 66 69 66 65 85 64 63 64 76 63 64 92 75 A7 63 65 33 33 33 33 33 37 33 37 33 33 33 40 33 33 33 97 5E 38 33 33 33 33 33 33 33 33 33 33 33 33 33 EC 55 A5 60 9F A5 83 55 33 93 7F 63 64 33 33 33 33 33 33 33 33 33 33 33 33 33 33 33 33 33 33 33 33 33 33 33 33 33 33 33 33 33 33 33 33 89 66 69 66 65 85 64 63 64 76 63 64 92 75 A7 63 65 33 33 33 33 33 37 33 37 33 33 33 42 33 33 33 B3 BB 33 33 33 33 33 33 33 33 33 33 33 33 33 33 6E 55 A5 60 9F A5 83 55 33 93 7F 63 64 33 33 33 33 33 33 33 33 33 33 33 33 33 33 33 33 33 33 33 33 33 33 33 33 33 33 33 33 33 33 33 33 89 66 69 66 65 85 64 63 64 76 63 64 92 75 A7 63 65 33 33 33 33 33 37 33 37 33 33 33 42 33 33 33 65 43 36 33 33 33 33 33 33 33 33 33 33 33 33 33 86 55 A5 60 9F A5 83 55 33 93 7F 63 64 33 33 33 33 33 33 33 33 33 33 33 33 33 33 33 33 33 33 33 33 33 33 33 33 33 33 33 33 33 33 33 33 89 66 69 66 65 85 64 63 64 76 63 64 92 75 A7 63 65 33 33 33 33 33 37 33 37 33 33 33 42 33 33 33 E5 45 35 33 33 33 33 33 33 33 33 33 33 33 33 33 F8 55 A5 60 9F A5 83 55 33 93 7F 63 64 33 33 33 33 33 33 33 33 33 33 33 33 33 33 33 33 33 33 33 33 33 33 33 33 33 33 33 33 33 33 33 33 89 66 69 66 65 85 64 63 64 76 63 64 92 75 A7 63 65 33 33 33 33 33 37 33 37 33 33 33 42 33 33 33 E5 DF 37 33 33 33 33 33 33 33 33 33 33 33 33 33 4A 55 A5 60 9F A5 83 55 33 93 7F 63 64 33 33 33 33 33 33 33 33 33 33 33 33 33 33 33 33 33 33 33 33 33
[2025-09-09 19:39:50.151] [DEBUG] 数据解析成功:
[2025-09-09 19:39:50.151] [INFO]   ID: 0x60
  命令: 0x83 (读)
  寄存器地址: 0x00
  寄存器数量: 0
[2025-09-09 19:39:50.156] [INFO] [循环 1/1] 发送 OK
[2025-09-09 19:39:50.656] [INFO] 已保存结果: reports\2025-09-09_19-39-49\results.csv
[2025-09-09 19:39:50.660] [INFO] 已生成报告: reports\2025-09-09_19-39-49\report.html
[2025-09-09 19:39:50.661] [DEBUG] 串口已关闭
[2025-09-09 19:39:50.661] [INFO] 程序结束
