[2025-08-26 20:01:15.118] [INFO] 初始化 BLE 协议通信...
[2025-08-26 20:01:15.292] [INFO] 加载用例 2 条 来自: testcases.xlsx
[2025-08-26 20:01:15.297] [INFO] ==== 执行用例 #1 ====
[2025-08-26 20:01:15.297] [INFO] 参数: {'screen_on': 1, 'brightness': 7, 'digital': 88, 'logo': 1, 'rim_state': 1, 'rdygo': 1, 'turn_left': 2, 'turn_right': 2, 'ring': 2} | 备注: 基本点亮 + 白LOGO + 左右转向橙
[2025-08-26 20:01:15.318] [DEBUG] 修改后的LED显示信息:
[2025-08-26 20:01:15.324] [INFO]   屏幕状态: 开
  亮度级别: 7
  数字显示: 88
  LOGO状态: 1 (0关, 1白, 2红)
  护盾状态: 1 (0关, 1白, 2绿)
  ReadyGo状态: 1 (0关, 1白, 2红)
  左转向灯: 2 (0关, 1白, 2橙)
  右转向灯: 2 (0关, 1白, 2橙)
  灯环状态: 2 (0关, 1蓝, 2红)
[2025-08-26 20:01:15.345] [DEBUG] 组包成功，数据长度: 21 字节
[2025-08-26 20:01:15.350] [DEBUG] 发送数据: A5 60 9F A5 03 0D 3B 42 33 33 33 0B 7D 38 33 33 33 33 33 BA 55
[2025-08-26 20:01:16.375] [DEBUG] 接收数据: A5 60 9F A5 83 55 33 93 7F 63 64 33 33 33 33 33 33 33 33 33 33 33 33 33 33 33 33 33 33 33 33 33 33 33 33 33 33 33 33 33 33 33 33 89 66 69 66 65 85 64 63 64 76 63 64 92 75 A7 63 65 33 33 33 33 33 37 33 36 33 33 33 42 33 33 33 0B 7D 38 33 33 33 33 33 33 33 33 33 33 33 33 33 D3 55
[2025-08-26 20:01:16.417] [DEBUG] 数据解析成功:
[2025-08-26 20:01:16.433] [INFO]   ID: 0x60
  命令: 0x83 (读)
  寄存器地址: 0x00
  寄存器数量: 0
[2025-08-26 20:01:16.455] [DEBUG] 组包成功，数据长度: 21 字节
[2025-08-26 20:01:16.468] [DEBUG] 发送数据: A5 60 9F A5 01 0D 3B 42 33 33 33 0B 7D 38 33 33 33 33 33 FD 55
[2025-08-26 20:01:17.503] [DEBUG] 接收数据: A5 60 9F A5 81 0D 3B 42 33 33 33 0B 7D 38 33 33 33 33 33 CA 55
[2025-08-26 20:01:17.539] [DEBUG] 数据解析成功:
[2025-08-26 20:01:17.558] [INFO]   ID: 0x60
  命令: 0x81 (读)
  寄存器地址: 0x08
  寄存器数量: 0
[2025-08-26 20:01:17.577] [INFO] 
全局变量中的LED显示信息已更新:
[2025-08-26 20:01:17.598] [INFO]   屏幕状态: 开
  亮度级别: 7
  数字显示: 88
  LOGO状态: 1 (0关, 1白, 2红)
  护盾状态: 1 (0关, 1白, 2绿)
  ReadyGo状态: 1 (0关, 1白, 2红)
  左转向灯: 2 (0关, 1白, 2橙)
  右转向灯: 2 (0关, 1白, 2橙)
  灯环状态: 2 (0关, 1蓝, 2红)
[2025-08-26 20:01:17.614] [INFO] 结果: PASS | 用时: 2.317s
[2025-08-26 20:01:17.827] [INFO] ==== 执行用例 #2 ====
[2025-08-26 20:01:17.861] [INFO] 参数: {'screen_on': 0, 'brightness': 3, 'digital': 0, 'logo': 0, 'rim_state': 0, 'rdygo': 0, 'turn_left': 0, 'turn_right': 0, 'ring': 0} | 备注: 关闭显示，校验全部为0（除 brightness）
[2025-08-26 20:01:17.895] [DEBUG] 修改后的LED显示信息:
[2025-08-26 20:01:17.906] [INFO]   屏幕状态: 关
  亮度级别: 3
  数字显示: 0
  LOGO状态: 0 (0关, 1白, 2红)
  护盾状态: 0 (0关, 1白, 2绿)
  ReadyGo状态: 0 (0关, 1白, 2红)
  左转向灯: 0 (0关, 1白, 2橙)
  右转向灯: 0 (0关, 1白, 2橙)
  灯环状态: 0 (0关, 1蓝, 2红)
[2025-08-26 20:01:17.921] [DEBUG] 组包成功，数据长度: 21 字节
[2025-08-26 20:01:17.933] [DEBUG] 发送数据: A5 60 9F A5 03 0D 3B 39 33 33 33 33 33 33 33 33 33 33 33 12 55
[2025-08-26 20:01:18.958] [DEBUG] 接收数据: A5 60 9F A5 83 55 33 93 7F 63 64 33 33 33 33 33 33 33 33 33 33 33 33 33 33 33 33 33 33 33 33 33 33 33 33 33 33 33 33 33 33 33 33 89 66 69 66 65 85 64 63 64 76 63 64 92 75 A7 63 65 33 33 33 33 33 37 33 37 33 33 33 39 33 33 33 33 33 33 33 33 33 33 33 33 33 33 33 33 33 33 33 4B 55
[2025-08-26 20:01:19.000] [DEBUG] 数据解析成功:
[2025-08-26 20:01:19.011] [INFO]   ID: 0x60
  命令: 0x83 (读)
  寄存器地址: 0x00
  寄存器数量: 0
[2025-08-26 20:01:19.031] [DEBUG] 组包成功，数据长度: 21 字节
[2025-08-26 20:01:19.046] [DEBUG] 发送数据: A5 60 9F A5 01 0D 3B 39 33 33 33 33 33 33 33 33 33 33 33 55 55
[2025-08-26 20:01:20.077] [DEBUG] 接收数据: A5 60 9F A5 81 0D 3B 39 33 33 33 33 33 33 33 33 33 33 33 62 55
[2025-08-26 20:01:20.124] [DEBUG] 数据解析成功:
[2025-08-26 20:01:20.145] [INFO]   ID: 0x60
  命令: 0x81 (读)
  寄存器地址: 0x08
  寄存器数量: 0
[2025-08-26 20:01:20.168] [INFO] 
全局变量中的LED显示信息已更新:
[2025-08-26 20:01:20.187] [INFO]   屏幕状态: 关
  亮度级别: 3
  数字显示: 0
  LOGO状态: 0 (0关, 1白, 2红)
  护盾状态: 0 (0关, 1白, 2绿)
  ReadyGo状态: 0 (0关, 1白, 2红)
  左转向灯: 0 (0关, 1白, 2橙)
  右转向灯: 0 (0关, 1白, 2橙)
  灯环状态: 0 (0关, 1蓝, 2红)
[2025-08-26 20:01:20.202] [INFO] 结果: PASS | 用时: 2.375s
[2025-08-26 20:01:20.414] [DEBUG] 串口已关闭
[2025-08-26 20:01:20.440] [INFO] 程序结束
