[2025-09-09 19:40:54.100] [INFO] 初始化 BLE 协议通信...
[2025-09-09 19:40:54.154] [INFO] 生成排列组合用例 17496 条
[2025-09-09 19:40:54.175] [INFO] ==== 执行用例 #1 ====
[2025-09-09 19:40:54.175] [INFO] 参数: {'screen_on': 1, 'brightness': 0, 'digital': 0, 'logo': 0, 'rim_state': 0, 'rdygo': 0, 'turn_left': 0, 'turn_right': 0, 'ring': 0} | 备注: 
[2025-09-09 19:40:54.196] [DEBUG] 修改后的LED显示信息:
[2025-09-09 19:40:54.205] [INFO]   屏幕状态: 开
  亮度级别: 0
  数字显示: 0
  LOGO状态: 0 (0关, 1白, 2红)
  护盾状态: 0 (0关, 1白, 2绿)
  ReadyGo状态: 0 (0关, 1白, 2红)
  左转向灯: 0 (0关, 1白, 2橙)
  右转向灯: 0 (0关, 1白, 2橙)
  灯环状态: 0 (0关, 1蓝, 2红)
[2025-09-09 19:40:54.222] [DEBUG] 组包成功，数据长度: 21 字节
[2025-09-09 19:40:54.234] [DEBUG] 发送数据: A5 60 9F A5 03 0D 3B 34 33 33 33 33 33 33 33 33 33 33 33 C9 55
[2025-09-09 19:40:55.254] [DEBUG] 接收数据: A5 60 9F A5 83 55 33 93 7F 63 64 33 33 33 33 33 33 33 33 33 33 33 33 33 33 33 33 33 33 33 33 33 33 33 33 33 33 33 33 33 33 33 33 89 66 69 66 65 85 64 63 64 76 63 64 92 75 A7 63 65 33 33 33 33 33 37 33 38 33 33 33 34 33 33 33 33 33 33 33 33 33 33 33 33 33 33 33 33 33 33 33 99 55
[2025-09-09 19:40:55.301] [DEBUG] 数据解析成功:
[2025-09-09 19:40:55.313] [INFO]   ID: 0x60
  命令: 0x83 (读)
  寄存器地址: 0x00
  寄存器数量: 0
[2025-09-09 19:40:55.338] [DEBUG] 组包成功，数据长度: 21 字节
[2025-09-09 19:40:55.350] [DEBUG] 发送数据: A5 60 9F A5 01 0D 3B 34 33 33 33 33 33 33 33 33 33 33 33 8E 55
[2025-09-09 19:40:56.383] [DEBUG] 接收数据: A5 60 9F A5 81 0D 3B 34 33 33 33 33 33 33 33 33 33 33 33 B9 55
[2025-09-09 19:40:56.419] [DEBUG] 数据解析成功:
[2025-09-09 19:40:56.434] [INFO]   ID: 0x60
  命令: 0x81 (读)
  寄存器地址: 0x08
  寄存器数量: 0
[2025-09-09 19:40:56.456] [INFO] 
全局变量中的LED显示信息已更新:
[2025-09-09 19:40:56.475] [INFO]   屏幕状态: 开
  亮度级别: 0
  数字显示: 0
  LOGO状态: 0 (0关, 1白, 2红)
  护盾状态: 0 (0关, 1白, 2绿)
  ReadyGo状态: 0 (0关, 1白, 2红)
  左转向灯: 0 (0关, 1白, 2橙)
  右转向灯: 0 (0关, 1白, 2橙)
  灯环状态: 0 (0关, 1蓝, 2红)
[2025-09-09 19:40:56.489] [INFO] 结果: PASS | 用时: 2.314s
[2025-09-09 19:40:56.502] [INFO] ==== 执行用例 #2 ====
[2025-09-09 19:40:56.510] [INFO] 参数: {'screen_on': 1, 'brightness': 0, 'digital': 0, 'logo': 0, 'rim_state': 0, 'rdygo': 0, 'turn_left': 0, 'turn_right': 0, 'ring': 1} | 备注: 
[2025-09-09 19:40:56.539] [DEBUG] 修改后的LED显示信息:
[2025-09-09 19:40:56.552] [INFO]   屏幕状态: 开
  亮度级别: 0
  数字显示: 0
  LOGO状态: 0 (0关, 1白, 2红)
  护盾状态: 0 (0关, 1白, 2绿)
  ReadyGo状态: 0 (0关, 1白, 2红)
  左转向灯: 0 (0关, 1白, 2橙)
  右转向灯: 0 (0关, 1白, 2橙)
  灯环状态: 1 (0关, 1蓝, 2红)
[2025-09-09 19:40:56.568] [DEBUG] 组包成功，数据长度: 21 字节
[2025-09-09 19:40:56.577] [DEBUG] 发送数据: A5 60 9F A5 03 0D 3B 34 33 33 33 33 33 35 33 33 33 33 33 38 55
[2025-09-09 19:40:57.602] [DEBUG] 接收数据: A5 60 9F A5 83 55 33 93 7F 63 64 33 33 33 33 33 33 33 33 33 33 33 33 33 33 33 33 33 33 33 33 33 33 33 33 33 33 33 33 33 33 33 33 89 66 69 66 65 85 64 63 64 76 63 64 92 75 A7 63 65 33 33 33 33 33 37 33 37 33 33 33 34 33 33 33 33 33 35 33 33 33 33 33 33 33 33 33 33 33 33 33 83 55
[2025-09-09 19:40:57.647] [DEBUG] 数据解析成功:
[2025-09-09 19:40:57.659] [INFO]   ID: 0x60
  命令: 0x83 (读)
  寄存器地址: 0x00
  寄存器数量: 0
[2025-09-09 19:40:57.684] [DEBUG] 组包成功，数据长度: 21 字节
[2025-09-09 19:40:57.696] [DEBUG] 发送数据: A5 60 9F A5 01 0D 3B 34 33 33 33 33 33 35 33 33 33 33 33 7F 55
[2025-09-09 19:40:58.722] [DEBUG] 接收数据: A5 60 9F A5 81 0D 3B 34 33 33 33 33 33 35 33 33 33 33 33 48 55
[2025-09-09 19:40:58.758] [DEBUG] 数据解析成功:
[2025-09-09 19:40:58.775] [INFO]   ID: 0x60
  命令: 0x81 (读)
  寄存器地址: 0x08
  寄存器数量: 0
[2025-09-09 19:40:58.795] [INFO] 
全局变量中的LED显示信息已更新:
[2025-09-09 19:40:58.815] [INFO]   屏幕状态: 开
  亮度级别: 0
  数字显示: 0
  LOGO状态: 0 (0关, 1白, 2红)
  护盾状态: 0 (0关, 1白, 2绿)
  ReadyGo状态: 0 (0关, 1白, 2红)
  左转向灯: 0 (0关, 1白, 2橙)
  右转向灯: 0 (0关, 1白, 2橙)
  灯环状态: 1 (0关, 1蓝, 2红)
[2025-09-09 19:40:58.834] [INFO] 结果: PASS | 用时: 2.333s
[2025-09-09 19:40:58.845] [INFO] ==== 执行用例 #3 ====
[2025-09-09 19:40:58.853] [INFO] 参数: {'screen_on': 1, 'brightness': 0, 'digital': 0, 'logo': 0, 'rim_state': 0, 'rdygo': 0, 'turn_left': 0, 'turn_right': 0, 'ring': 2} | 备注: 
[2025-09-09 19:40:58.884] [DEBUG] 修改后的LED显示信息:
[2025-09-09 19:40:58.896] [INFO]   屏幕状态: 开
  亮度级别: 0
  数字显示: 0
  LOGO状态: 0 (0关, 1白, 2红)
  护盾状态: 0 (0关, 1白, 2绿)
  ReadyGo状态: 0 (0关, 1白, 2红)
  左转向灯: 0 (0关, 1白, 2橙)
  右转向灯: 0 (0关, 1白, 2橙)
  灯环状态: 2 (0关, 1蓝, 2红)
[2025-09-09 19:40:58.913] [DEBUG] 组包成功，数据长度: 21 字节
[2025-09-09 19:40:58.923] [DEBUG] 发送数据: A5 60 9F A5 03 0D 3B 34 33 33 33 33 33 37 33 33 33 33 33 9C 55
[2025-09-09 19:40:59.942] [DEBUG] 接收数据: A5 60 9F A5 83 55 33 93 7F 63 64 33 33 33 33 33 33 33 33 33 33 33 33 33 33 33 33 33 33 33 33 33 33 33 33 33 33 33 33 33 33 33 33 89 66 69 66 65 85 64 63 64 76 63 64 92 75 A7 63 65 33 33 33 33 33 37 33 38 33 33 33 34 33 33 33 33 33 37 33 33 33 33 33 33 33 33 33 33 33 33 33 06 55
[2025-09-09 19:40:59.997] [DEBUG] 数据解析成功:
[2025-09-09 19:41:00.011] [INFO]   ID: 0x60
  命令: 0x83 (读)
  寄存器地址: 0x00
  寄存器数量: 0
[2025-09-09 19:41:00.038] [DEBUG] 组包成功，数据长度: 21 字节
[2025-09-09 19:41:00.050] [DEBUG] 发送数据: A5 60 9F A5 01 0D 3B 34 33 33 33 33 33 37 33 33 33 33 33 DB 55
[2025-09-09 19:41:01.088] [DEBUG] 接收数据: A5 60 9F A5 81 0D 3B 34 33 33 33 33 33 37 33 33 33 33 33 EC 55
[2025-09-09 19:41:01.122] [DEBUG] 数据解析成功:
[2025-09-09 19:41:01.139] [INFO]   ID: 0x60
  命令: 0x81 (读)
  寄存器地址: 0x08
  寄存器数量: 0
[2025-09-09 19:41:01.159] [INFO] 
全局变量中的LED显示信息已更新:
[2025-09-09 19:41:01.180] [INFO]   屏幕状态: 开
  亮度级别: 0
  数字显示: 0
  LOGO状态: 0 (0关, 1白, 2红)
  护盾状态: 0 (0关, 1白, 2绿)
  ReadyGo状态: 0 (0关, 1白, 2红)
  左转向灯: 0 (0关, 1白, 2橙)
  右转向灯: 0 (0关, 1白, 2橙)
  灯环状态: 2 (0关, 1蓝, 2红)
[2025-09-09 19:41:01.197] [INFO] 结果: PASS | 用时: 2.352s
[2025-09-09 19:41:01.205] [INFO] ==== 执行用例 #4 ====
[2025-09-09 19:41:01.218] [INFO] 参数: {'screen_on': 1, 'brightness': 0, 'digital': 0, 'logo': 0, 'rim_state': 0, 'rdygo': 0, 'turn_left': 0, 'turn_right': 1, 'ring': 0} | 备注: 
[2025-09-09 19:41:01.247] [DEBUG] 修改后的LED显示信息:
[2025-09-09 19:41:01.259] [INFO]   屏幕状态: 开
  亮度级别: 0
  数字显示: 0
  LOGO状态: 0 (0关, 1白, 2红)
  护盾状态: 0 (0关, 1白, 2绿)
  ReadyGo状态: 0 (0关, 1白, 2红)
  左转向灯: 0 (0关, 1白, 2橙)
  右转向灯: 1 (0关, 1白, 2橙)
  灯环状态: 0 (0关, 1蓝, 2红)
[2025-09-09 19:41:01.272] [DEBUG] 组包成功，数据长度: 21 字节
[2025-09-09 19:41:01.285] [DEBUG] 发送数据: A5 60 9F A5 03 0D 3B 34 33 33 33 33 B3 33 33 33 33 33 33 E0 55
[2025-09-09 19:41:02.311] [DEBUG] 接收数据: A5 60 9F A5 83 55 33 93 7F 63 64 33 33 33 33 33 33 33 33 33 33 33 33 33 33 33 33 33 33 33 33 33 33 33 33 33 33 33 33 33 33 33 33 89 66 69 66 65 85 64 63 64 76 63 64 92 75 A7 63 65 33 33 33 33 33 37 33 38 33 33 33 34 33 33 33 33 B3 33 33 33 33 33 33 33 33 33 33 33 33 33 33 AE 55
[2025-09-09 19:41:02.356] [DEBUG] 数据解析成功:
[2025-09-09 19:41:02.365] [INFO]   ID: 0x60
  命令: 0x83 (读)
  寄存器地址: 0x00
  寄存器数量: 0
[2025-09-09 19:41:02.387] [DEBUG] 组包成功，数据长度: 21 字节
[2025-09-09 19:41:02.399] [DEBUG] 发送数据: A5 60 9F A5 01 0D 3B 34 33 33 33 33 B3 33 33 33 33 33 33 A7 55
[2025-09-09 19:41:03.430] [DEBUG] 接收数据: A5 60 9F A5 81 0D 3B 34 33 33 33 33 B3 33 33 33 33 33 33 90 55
[2025-09-09 19:41:03.464] [DEBUG] 数据解析成功:
[2025-09-09 19:41:03.481] [INFO]   ID: 0x60
  命令: 0x81 (读)
  寄存器地址: 0x08
  寄存器数量: 0
[2025-09-09 19:41:03.506] [INFO] 
全局变量中的LED显示信息已更新:
[2025-09-09 19:41:03.526] [INFO]   屏幕状态: 开
  亮度级别: 0
  数字显示: 0
  LOGO状态: 0 (0关, 1白, 2红)
  护盾状态: 0 (0关, 1白, 2绿)
  ReadyGo状态: 0 (0关, 1白, 2红)
  左转向灯: 0 (0关, 1白, 2橙)
  右转向灯: 1 (0关, 1白, 2橙)
  灯环状态: 0 (0关, 1蓝, 2红)
[2025-09-09 19:41:03.543] [INFO] 结果: PASS | 用时: 2.339s
[2025-09-09 19:41:03.554] [INFO] ==== 执行用例 #5 ====
[2025-09-09 19:41:03.562] [INFO] 参数: {'screen_on': 1, 'brightness': 0, 'digital': 0, 'logo': 0, 'rim_state': 0, 'rdygo': 0, 'turn_left': 0, 'turn_right': 1, 'ring': 1} | 备注: 
[2025-09-09 19:41:03.595] [DEBUG] 修改后的LED显示信息:
[2025-09-09 19:41:03.603] [INFO]   屏幕状态: 开
  亮度级别: 0
  数字显示: 0
  LOGO状态: 0 (0关, 1白, 2红)
  护盾状态: 0 (0关, 1白, 2绿)
  ReadyGo状态: 0 (0关, 1白, 2红)
  左转向灯: 0 (0关, 1白, 2橙)
  右转向灯: 1 (0关, 1白, 2橙)
  灯环状态: 1 (0关, 1蓝, 2红)
[2025-09-09 19:41:03.624] [DEBUG] 组包成功，数据长度: 21 字节
[2025-09-09 19:41:03.632] [DEBUG] 发送数据: A5 60 9F A5 03 0D 3B 34 33 33 33 33 B3 35 33 33 33 33 33 11 55
[2025-09-09 19:41:04.658] [DEBUG] 接收数据: A5 60 9F A5 83 55 33 93 7F 63 64 33 33 33 33 33 33 33 33 33 33 33 33 33 33 33 33 33 33 33 33 33 33 33 33 33 33 33 33 33 33 33 33 89 66 69 66 65 85 64 63 64 76 63 64 92 75 A7 63 65 33 33 33 33 33 37 33 37 33 33 33 34 33 33 33 33 B3 35 33 33 33 33 33 33 33 33 33 33 33 33 33 B4 55
[2025-09-09 19:41:04.705] [DEBUG] 数据解析成功:
[2025-09-09 19:41:04.717] [INFO]   ID: 0x60
  命令: 0x83 (读)
  寄存器地址: 0x00
  寄存器数量: 0
[2025-09-09 19:41:04.738] [DEBUG] 组包成功，数据长度: 21 字节
[2025-09-09 19:41:04.752] [DEBUG] 发送数据: A5 60 9F A5 01 0D 3B 34 33 33 33 33 B3 35 33 33 33 33 33 56 55
[2025-09-09 19:41:05.787] [DEBUG] 接收数据: A5 60 9F A5 81 0D 3B 34 33 33 33 33 B3 35 33 33 33 33 33 61 55
[2025-09-09 19:41:05.822] [DEBUG] 数据解析成功:
[2025-09-09 19:41:05.839] [INFO]   ID: 0x60
  命令: 0x81 (读)
  寄存器地址: 0x08
  寄存器数量: 0
[2025-09-09 19:41:05.856] [INFO] 
全局变量中的LED显示信息已更新:
[2025-09-09 19:41:05.878] [INFO]   屏幕状态: 开
  亮度级别: 0
  数字显示: 0
  LOGO状态: 0 (0关, 1白, 2红)
  护盾状态: 0 (0关, 1白, 2绿)
  ReadyGo状态: 0 (0关, 1白, 2红)
  左转向灯: 0 (0关, 1白, 2橙)
  右转向灯: 1 (0关, 1白, 2橙)
  灯环状态: 1 (0关, 1蓝, 2红)
[2025-09-09 19:41:05.893] [INFO] 结果: PASS | 用时: 2.339s
[2025-09-09 19:41:05.906] [INFO] ==== 执行用例 #6 ====
[2025-09-09 19:41:05.913] [INFO] 参数: {'screen_on': 1, 'brightness': 0, 'digital': 0, 'logo': 0, 'rim_state': 0, 'rdygo': 0, 'turn_left': 0, 'turn_right': 1, 'ring': 2} | 备注: 
[2025-09-09 19:41:05.946] [DEBUG] 修改后的LED显示信息:
[2025-09-09 19:41:05.955] [INFO]   屏幕状态: 开
  亮度级别: 0
  数字显示: 0
  LOGO状态: 0 (0关, 1白, 2红)
  护盾状态: 0 (0关, 1白, 2绿)
  ReadyGo状态: 0 (0关, 1白, 2红)
  左转向灯: 0 (0关, 1白, 2橙)
  右转向灯: 1 (0关, 1白, 2橙)
  灯环状态: 2 (0关, 1蓝, 2红)
[2025-09-09 19:41:05.973] [DEBUG] 组包成功，数据长度: 21 字节
[2025-09-09 19:41:05.984] [DEBUG] 发送数据: A5 60 9F A5 03 0D 3B 34 33 33 33 33 B3 37 33 33 33 33 33 B5 55
[2025-09-09 19:41:07.005] [DEBUG] 接收数据: A5 60 9F A5 83 55 33 93 7F 63 64 33 33 33 33 33 33 33 33 33 33 33 33 33 33 33 33 33 33 33 33 33 33 33 33 33 33 33 33 33 33 33 33 89 66 69 66 65 85 64 63 64 76 63 64 92 75 A7 63 65 33 33 33 33 33 37 33 38 33 33 33 34 33 33 33 33 B3 37 33 33 33 33 33 33 33 33 33 33 33 33 33 31 55
[2025-09-09 19:41:07.051] [DEBUG] 数据解析成功:
[2025-09-09 19:41:07.064] [INFO]   ID: 0x60
  命令: 0x83 (读)
  寄存器地址: 0x00
  寄存器数量: 0
[2025-09-09 19:41:07.088] [DEBUG] 组包成功，数据长度: 21 字节
[2025-09-09 19:41:07.104] [DEBUG] 发送数据: A5 60 9F A5 01 0D 3B 34 33 33 33 33 B3 37 33 33 33 33 33 F2 55
[2025-09-09 19:41:08.139] [DEBUG] 接收数据: A5 60 9F A5 81 0D 3B 34 33 33 33 33 B3 37 33 33 33 33 33 C5 55
[2025-09-09 19:41:08.170] [DEBUG] 数据解析成功:
[2025-09-09 19:41:08.186] [INFO]   ID: 0x60
  命令: 0x81 (读)
  寄存器地址: 0x08
  寄存器数量: 0
[2025-09-09 19:41:08.207] [INFO] 
全局变量中的LED显示信息已更新:
[2025-09-09 19:41:08.228] [INFO]   屏幕状态: 开
  亮度级别: 0
  数字显示: 0
  LOGO状态: 0 (0关, 1白, 2红)
  护盾状态: 0 (0关, 1白, 2绿)
  ReadyGo状态: 0 (0关, 1白, 2红)
  左转向灯: 0 (0关, 1白, 2橙)
  右转向灯: 1 (0关, 1白, 2橙)
  灯环状态: 2 (0关, 1蓝, 2红)
[2025-09-09 19:41:08.241] [INFO] 结果: PASS | 用时: 2.335s
[2025-09-09 19:41:08.254] [INFO] ==== 执行用例 #7 ====
[2025-09-09 19:41:08.264] [INFO] 参数: {'screen_on': 1, 'brightness': 0, 'digital': 0, 'logo': 0, 'rim_state': 0, 'rdygo': 0, 'turn_left': 0, 'turn_right': 2, 'ring': 0} | 备注: 
[2025-09-09 19:41:08.295] [DEBUG] 修改后的LED显示信息:
[2025-09-09 19:41:08.307] [INFO]   屏幕状态: 开
  亮度级别: 0
  数字显示: 0
  LOGO状态: 0 (0关, 1白, 2红)
  护盾状态: 0 (0关, 1白, 2绿)
  ReadyGo状态: 0 (0关, 1白, 2红)
  左转向灯: 0 (0关, 1白, 2橙)
  右转向灯: 2 (0关, 1白, 2橙)
  灯环状态: 0 (0关, 1蓝, 2红)
[2025-09-09 19:41:08.322] [DEBUG] 组包成功，数据长度: 21 字节
[2025-09-09 19:41:08.329] [DEBUG] 发送数据: A5 60 9F A5 03 0D 3B 34 33 33 33 33 33 34 33 33 33 33 33 6A 55
[2025-09-09 19:41:09.358] [DEBUG] 接收数据: A5 60 9F A5 83 55 33 93 7F 63 64 33 33 33 33 33 33 33 33 33 33 33 33 33 33 33 33 33 33 33 33 33 33 33 33 33 33 33 33 33 33 33 33 89 66 69 66 65 85 64 63 64 76 63 64 92 75 A7 63 65 33 33 33 33 33 37 33 38 33 33 33 34 33 33 33 33 33 34 33 33 33 33 33 33 33 33 33 33 33 33 33 A9 55
[2025-09-09 19:41:09.401] [DEBUG] 数据解析成功:
[2025-09-09 19:41:09.418] [INFO]   ID: 0x60
  命令: 0x83 (读)
  寄存器地址: 0x00
  寄存器数量: 0
[2025-09-09 19:41:09.438] [DEBUG] 组包成功，数据长度: 21 字节
[2025-09-09 19:41:09.451] [DEBUG] 发送数据: A5 60 9F A5 01 0D 3B 34 33 33 33 33 33 34 33 33 33 33 33 2D 55
[2025-09-09 19:41:10.485] [DEBUG] 接收数据: A5 60 9F A5 81 0D 3B 34 33 33 33 33 33 34 33 33 33 33 33 1A 55
[2025-09-09 19:41:10.519] [DEBUG] 数据解析成功:
[2025-09-09 19:41:10.534] [INFO]   ID: 0x60
  命令: 0x81 (读)
  寄存器地址: 0x08
  寄存器数量: 0
[2025-09-09 19:41:10.559] [INFO] 
全局变量中的LED显示信息已更新:
[2025-09-09 19:41:10.580] [INFO]   屏幕状态: 开
  亮度级别: 0
  数字显示: 0
  LOGO状态: 0 (0关, 1白, 2红)
  护盾状态: 0 (0关, 1白, 2绿)
  ReadyGo状态: 0 (0关, 1白, 2红)
  左转向灯: 0 (0关, 1白, 2橙)
  右转向灯: 2 (0关, 1白, 2橙)
  灯环状态: 0 (0关, 1蓝, 2红)
[2025-09-09 19:41:10.597] [INFO] 结果: PASS | 用时: 2.344s
[2025-09-09 19:41:10.607] [INFO] ==== 执行用例 #8 ====
[2025-09-09 19:41:10.613] [INFO] 参数: {'screen_on': 1, 'brightness': 0, 'digital': 0, 'logo': 0, 'rim_state': 0, 'rdygo': 0, 'turn_left': 0, 'turn_right': 2, 'ring': 1} | 备注: 
[2025-09-09 19:41:10.648] [DEBUG] 修改后的LED显示信息:
[2025-09-09 19:41:10.659] [INFO]   屏幕状态: 开
  亮度级别: 0
  数字显示: 0
  LOGO状态: 0 (0关, 1白, 2红)
  护盾状态: 0 (0关, 1白, 2绿)
  ReadyGo状态: 0 (0关, 1白, 2红)
  左转向灯: 0 (0关, 1白, 2橙)
  右转向灯: 2 (0关, 1白, 2橙)
  灯环状态: 1 (0关, 1蓝, 2红)
[2025-09-09 19:41:10.675] [DEBUG] 组包成功，数据长度: 21 字节
[2025-09-09 19:41:10.687] [DEBUG] 发送数据: A5 60 9F A5 03 0D 3B 34 33 33 33 33 33 36 33 33 33 33 33 CE 55
[2025-09-09 19:41:11.711] [DEBUG] 接收数据: A5 60 9F A5 83 55 33 93 7F 63 64 33 33 33 33 33 33 33 33 33 33 33 33 33 33 33 33 33 33 33 33 33 33 33 33 33 33 33 33 33 33 33 33 89 66 69 66 65 85 64 63 64 76 63 64 92 75 A7 63 65 33 33 33 33 33 37 33 37 33 33 33 34 33 33 33 33 33 36 33 33 33 33 33 33 33 33 33 33 33 33 33 2C 55
[2025-09-09 19:41:11.810] [DEBUG] 数据解析成功:
[2025-09-09 19:41:11.824] [INFO]   ID: 0x60
  命令: 0x83 (读)
  寄存器地址: 0x00
  寄存器数量: 0
[2025-09-09 19:41:11.848] [DEBUG] 组包成功，数据长度: 21 字节
[2025-09-09 19:41:11.865] [DEBUG] 发送数据: A5 60 9F A5 01 0D 3B 34 33 33 33 33 33 36 33 33 33 33 33 89 55
[2025-09-09 19:41:12.902] [DEBUG] 接收数据: A5 60 9F A5 81 0D 3B 34 33 33 33 33 33 36 33 33 33 33 33 BE 55
[2025-09-09 19:41:12.938] [DEBUG] 数据解析成功:
[2025-09-09 19:41:12.959] [INFO]   ID: 0x60
  命令: 0x81 (读)
  寄存器地址: 0x08
  寄存器数量: 0
[2025-09-09 19:41:12.981] [INFO] 
全局变量中的LED显示信息已更新:
[2025-09-09 19:41:13.001] [INFO]   屏幕状态: 开
  亮度级别: 0
  数字显示: 0
  LOGO状态: 0 (0关, 1白, 2红)
  护盾状态: 0 (0关, 1白, 2绿)
  ReadyGo状态: 0 (0关, 1白, 2红)
  左转向灯: 0 (0关, 1白, 2橙)
  右转向灯: 2 (0关, 1白, 2橙)
  灯环状态: 1 (0关, 1蓝, 2红)
[2025-09-09 19:41:13.018] [INFO] 结果: PASS | 用时: 2.411s
[2025-09-09 19:41:13.026] [INFO] ==== 执行用例 #9 ====
[2025-09-09 19:41:13.034] [INFO] 参数: {'screen_on': 1, 'brightness': 0, 'digital': 0, 'logo': 0, 'rim_state': 0, 'rdygo': 0, 'turn_left': 0, 'turn_right': 2, 'ring': 2} | 备注: 
[2025-09-09 19:41:13.067] [DEBUG] 修改后的LED显示信息:
[2025-09-09 19:41:13.080] [INFO]   屏幕状态: 开
  亮度级别: 0
  数字显示: 0
  LOGO状态: 0 (0关, 1白, 2红)
  护盾状态: 0 (0关, 1白, 2绿)
  ReadyGo状态: 0 (0关, 1白, 2红)
  左转向灯: 0 (0关, 1白, 2橙)
  右转向灯: 2 (0关, 1白, 2橙)
  灯环状态: 2 (0关, 1蓝, 2红)
[2025-09-09 19:41:13.096] [DEBUG] 组包成功，数据长度: 21 字节
[2025-09-09 19:41:13.108] [DEBUG] 发送数据: A5 60 9F A5 03 0D 3B 34 33 33 33 33 33 38 33 33 33 33 33 95 55
[2025-09-09 19:41:14.133] [DEBUG] 接收数据: A5 60 9F A5 83 55 33 93 7F 63 64 33 33 33 33 33 33 33 33 33 33 33 33 33 33 33 33 33 33 33 33 33 33 33 33 33 33 33 33 33 33 33 33 89 66 69 66 65 85 64 63 64 76 63 64 92 75 A7 63 65 33 33 33 33 33 37 33 38 33 33 33 34 33 33 33 33 33 38 33 33 33 33 33 33 33 33 33 33 33 33 33 08 55
[2025-09-09 19:41:14.180] [DEBUG] 数据解析成功:
[2025-09-09 19:41:14.205] [INFO]   ID: 0x60
  命令: 0x83 (读)
  寄存器地址: 0x00
  寄存器数量: 0
[2025-09-09 19:41:14.226] [DEBUG] 组包成功，数据长度: 21 字节
[2025-09-09 19:41:14.240] [DEBUG] 发送数据: A5 60 9F A5 01 0D 3B 34 33 33 33 33 33 38 33 33 33 33 33 D2 55
[2025-09-09 19:41:15.278] [DEBUG] 接收数据: A5 60 9F A5 81 0D 3B 34 33 33 33 33 33 38 33 33 33 33 33 E5 55
[2025-09-09 19:41:15.315] [DEBUG] 数据解析成功:
[2025-09-09 19:41:15.332] [INFO]   ID: 0x60
  命令: 0x81 (读)
  寄存器地址: 0x08
  寄存器数量: 0
[2025-09-09 19:41:15.352] [INFO] 
全局变量中的LED显示信息已更新:
[2025-09-09 19:41:15.373] [INFO]   屏幕状态: 开
  亮度级别: 0
  数字显示: 0
  LOGO状态: 0 (0关, 1白, 2红)
  护盾状态: 0 (0关, 1白, 2绿)
  ReadyGo状态: 0 (0关, 1白, 2红)
  左转向灯: 0 (0关, 1白, 2橙)
  右转向灯: 2 (0关, 1白, 2橙)
  灯环状态: 2 (0关, 1蓝, 2红)
[2025-09-09 19:41:15.390] [INFO] 结果: PASS | 用时: 2.364s
[2025-09-09 19:41:15.399] [INFO] ==== 执行用例 #10 ====
[2025-09-09 19:41:15.406] [INFO] 参数: {'screen_on': 1, 'brightness': 0, 'digital': 0, 'logo': 0, 'rim_state': 0, 'rdygo': 0, 'turn_left': 1, 'turn_right': 0, 'ring': 0} | 备注: 
[2025-09-09 19:41:15.440] [DEBUG] 修改后的LED显示信息:
[2025-09-09 19:41:15.452] [INFO]   屏幕状态: 开
  亮度级别: 0
  数字显示: 0
  LOGO状态: 0 (0关, 1白, 2红)
  护盾状态: 0 (0关, 1白, 2绿)
  ReadyGo状态: 0 (0关, 1白, 2红)
  左转向灯: 1 (0关, 1白, 2橙)
  右转向灯: 0 (0关, 1白, 2橙)
  灯环状态: 0 (0关, 1蓝, 2红)
[2025-09-09 19:41:15.467] [DEBUG] 组包成功，数据长度: 21 字节
[2025-09-09 19:41:15.477] [DEBUG] 发送数据: A5 60 9F A5 03 0D 3B 34 33 33 33 33 53 33 33 33 33 33 33 5E 55
[2025-09-09 19:41:16.509] [DEBUG] 接收数据: A5 60 9F A5 83 55 33 93 7F 63 64 33 33 33 33 33 33 33 33 33 33 33 33 33 33 33 33 33 33 33 33 33 33 33 33 33 33 33 33 33 33 33 33 89 66 69 66 65 85 64 63 64 76 63 64 92 75 A7 63 65 33 33 33 33 33 37 33 38 33 33 33 34 33 33 33 33 53 33 33 33 33 33 33 33 33 33 33 33 33 33 33 88 55
[2025-09-09 19:41:16.553] [DEBUG] 数据解析成功:
[2025-09-09 19:41:16.566] [INFO]   ID: 0x60
  命令: 0x83 (读)
  寄存器地址: 0x00
  寄存器数量: 0
[2025-09-09 19:41:16.596] [DEBUG] 组包成功，数据长度: 21 字节
[2025-09-09 19:41:16.609] [DEBUG] 发送数据: A5 60 9F A5 01 0D 3B 34 33 33 33 33 53 33 33 33 33 33 33 19 55
[2025-09-09 19:41:17.639] [DEBUG] 接收数据: A5 60 9F A5 81 0D 3B 34 33 33 33 33 53 33 33 33 33 33 33 2E 55
[2025-09-09 19:41:17.670] [DEBUG] 数据解析成功:
[2025-09-09 19:41:17.691] [INFO]   ID: 0x60
  命令: 0x81 (读)
  寄存器地址: 0x08
  寄存器数量: 0
[2025-09-09 19:41:17.712] [INFO] 
全局变量中的LED显示信息已更新:
[2025-09-09 19:41:17.732] [INFO]   屏幕状态: 开
  亮度级别: 0
  数字显示: 0
  LOGO状态: 0 (0关, 1白, 2红)
  护盾状态: 0 (0关, 1白, 2绿)
  ReadyGo状态: 0 (0关, 1白, 2红)
  左转向灯: 1 (0关, 1白, 2橙)
  右转向灯: 0 (0关, 1白, 2橙)
  灯环状态: 0 (0关, 1蓝, 2红)
[2025-09-09 19:41:17.747] [INFO] 结果: PASS | 用时: 2.348s
[2025-09-09 19:41:17.758] [INFO] ==== 执行用例 #11 ====
[2025-09-09 19:41:17.767] [INFO] 参数: {'screen_on': 1, 'brightness': 0, 'digital': 0, 'logo': 0, 'rim_state': 0, 'rdygo': 0, 'turn_left': 1, 'turn_right': 0, 'ring': 1} | 备注: 
[2025-09-09 19:41:17.795] [DEBUG] 修改后的LED显示信息:
[2025-09-09 19:41:17.809] [INFO]   屏幕状态: 开
  亮度级别: 0
  数字显示: 0
  LOGO状态: 0 (0关, 1白, 2红)
  护盾状态: 0 (0关, 1白, 2绿)
  ReadyGo状态: 0 (0关, 1白, 2红)
  左转向灯: 1 (0关, 1白, 2橙)
  右转向灯: 0 (0关, 1白, 2橙)
  灯环状态: 1 (0关, 1蓝, 2红)
[2025-09-09 19:41:17.824] [DEBUG] 组包成功，数据长度: 21 字节
[2025-09-09 19:41:17.832] [DEBUG] 发送数据: A5 60 9F A5 03 0D 3B 34 33 33 33 33 53 35 33 33 33 33 33 AF 55
[2025-09-09 19:41:18.859] [DEBUG] 接收数据: A5 60 9F A5 83 55 33 93 7F 63 64 33 33 33 33 33 33 33 33 33 33 33 33 33 33 33 33 33 33 33 33 33 33 33 33 33 33 33 33 33 33 33 33 89 66 69 66 65 85 64 63 64 76 63 64 92 75 A7 63 65 33 33 33 33 33 37 33 37 33 33 33 34 33 33 33 33 53 35 33 33 33 33 33 33 33 33 33 33 33 33 33 92 55
[2025-09-09 19:41:18.903] [DEBUG] 数据解析成功:
[2025-09-09 19:41:18.916] [INFO]   ID: 0x60
  命令: 0x83 (读)
  寄存器地址: 0x00
  寄存器数量: 0
[2025-09-09 19:41:18.938] [DEBUG] 组包成功，数据长度: 21 字节
[2025-09-09 19:41:18.950] [DEBUG] 发送数据: A5 60 9F A5 01 0D 3B 34 33 33 33 33 53 35 33 33 33 33 33 E8 55
[2025-09-09 19:41:19.984] [DEBUG] 接收数据: A5 60 9F A5 81 0D 3B 34 33 33 33 33 53 35 33 33 33 33 33 DF 55
[2025-09-09 19:41:20.019] [DEBUG] 数据解析成功:
[2025-09-09 19:41:20.035] [INFO]   ID: 0x60
  命令: 0x81 (读)
  寄存器地址: 0x08
  寄存器数量: 0
[2025-09-09 19:41:20.057] [INFO] 
全局变量中的LED显示信息已更新:
[2025-09-09 19:41:20.076] [INFO]   屏幕状态: 开
  亮度级别: 0
  数字显示: 0
  LOGO状态: 0 (0关, 1白, 2红)
  护盾状态: 0 (0关, 1白, 2绿)
  ReadyGo状态: 0 (0关, 1白, 2红)
  左转向灯: 1 (0关, 1白, 2橙)
  右转向灯: 0 (0关, 1白, 2橙)
  灯环状态: 1 (0关, 1蓝, 2红)
[2025-09-09 19:41:20.095] [INFO] 结果: PASS | 用时: 2.337s
[2025-09-09 19:41:20.107] [INFO] ==== 执行用例 #12 ====
[2025-09-09 19:41:20.115] [INFO] 参数: {'screen_on': 1, 'brightness': 0, 'digital': 0, 'logo': 0, 'rim_state': 0, 'rdygo': 0, 'turn_left': 1, 'turn_right': 0, 'ring': 2} | 备注: 
[2025-09-09 19:41:20.149] [DEBUG] 修改后的LED显示信息:
[2025-09-09 19:41:20.162] [INFO]   屏幕状态: 开
  亮度级别: 0
  数字显示: 0
  LOGO状态: 0 (0关, 1白, 2红)
  护盾状态: 0 (0关, 1白, 2绿)
  ReadyGo状态: 0 (0关, 1白, 2红)
  左转向灯: 1 (0关, 1白, 2橙)
  右转向灯: 0 (0关, 1白, 2橙)
  灯环状态: 2 (0关, 1蓝, 2红)
[2025-09-09 19:41:20.182] [DEBUG] 组包成功，数据长度: 21 字节
[2025-09-09 19:41:20.191] [DEBUG] 发送数据: A5 60 9F A5 03 0D 3B 34 33 33 33 33 53 37 33 33 33 33 33 0B 55
[2025-09-09 19:41:21.217] [DEBUG] 接收数据: A5 60 9F A5 83 55 33 93 7F 63 64 33 33 33 33 33 33 33 33 33 33 33 33 33 33 33 33 33 33 33 33 33 33 33 33 33 33 33 33 33 33 33 33 89 66 69 66 65 85 64 63 64 76 63 64 92 75 A7 63 65 33 33 33 33 33 37 33 36 33 33 33 34 33 33 33 33 53 37 33 33 33 33 33 33 33 33 33 33 33 33 33 A6 55
[2025-09-09 19:41:21.277] [DEBUG] 数据解析成功:
[2025-09-09 19:41:21.290] [INFO]   ID: 0x60
  命令: 0x83 (读)
  寄存器地址: 0x00
  寄存器数量: 0
[2025-09-09 19:41:21.314] [DEBUG] 组包成功，数据长度: 21 字节
[2025-09-09 19:41:21.327] [DEBUG] 发送数据: A5 60 9F A5 01 0D 3B 34 33 33 33 33 53 37 33 33 33 33 33 4C 55
[2025-09-09 19:41:22.360] [DEBUG] 接收数据: A5 60 9F A5 81 0D 3B 34 33 33 33 33 53 37 33 33 33 33 33 7B 55
[2025-09-09 19:41:22.393] [DEBUG] 数据解析成功:
[2025-09-09 19:41:22.410] [INFO]   ID: 0x60
  命令: 0x81 (读)
  寄存器地址: 0x08
  寄存器数量: 0
[2025-09-09 19:41:22.434] [INFO] 
全局变量中的LED显示信息已更新:
[2025-09-09 19:41:22.456] [INFO]   屏幕状态: 开
  亮度级别: 0
  数字显示: 0
  LOGO状态: 0 (0关, 1白, 2红)
  护盾状态: 0 (0关, 1白, 2绿)
  ReadyGo状态: 0 (0关, 1白, 2红)
  左转向灯: 1 (0关, 1白, 2橙)
  右转向灯: 0 (0关, 1白, 2橙)
  灯环状态: 2 (0关, 1蓝, 2红)
[2025-09-09 19:41:22.471] [INFO] 结果: PASS | 用时: 2.364s
[2025-09-09 19:41:22.479] [INFO] ==== 执行用例 #13 ====
[2025-09-09 19:41:22.492] [INFO] 参数: {'screen_on': 1, 'brightness': 0, 'digital': 0, 'logo': 0, 'rim_state': 0, 'rdygo': 0, 'turn_left': 1, 'turn_right': 1, 'ring': 0} | 备注: 
[2025-09-09 19:41:22.521] [DEBUG] 修改后的LED显示信息:
[2025-09-09 19:41:22.533] [INFO]   屏幕状态: 开
  亮度级别: 0
  数字显示: 0
  LOGO状态: 0 (0关, 1白, 2红)
  护盾状态: 0 (0关, 1白, 2绿)
  ReadyGo状态: 0 (0关, 1白, 2红)
  左转向灯: 1 (0关, 1白, 2橙)
  右转向灯: 1 (0关, 1白, 2橙)
  灯环状态: 0 (0关, 1蓝, 2红)
[2025-09-09 19:41:22.550] [DEBUG] 组包成功，数据长度: 21 字节
[2025-09-09 19:41:22.561] [DEBUG] 发送数据: A5 60 9F A5 03 0D 3B 34 33 33 33 33 D3 33 33 33 33 33 33 77 55
[2025-09-09 19:41:23.585] [DEBUG] 接收数据: A5 60 9F A5 83 55 33 93 7F 63 64 33 33 33 33 33 33 33 33 33 33 33 33 33 33 33 33 33 33 33 33 33 33 33 33 33 33 33 33 33 33 33 33 89 66 69 66 65 85 64 63 64 76 63 64 92 75 A7 63 65 33 33 33 33 33 37 33 38 33 33 33 34 33 33 33 33 D3 33 33 33 33 33 33 33 33 33 33 33 33 33 33 BF 55
[2025-09-09 19:41:23.632] [DEBUG] 数据解析成功:
[2025-09-09 19:41:23.641] [INFO]   ID: 0x60
  命令: 0x83 (读)
  寄存器地址: 0x00
  寄存器数量: 0
[2025-09-09 19:41:23.666] [DEBUG] 组包成功，数据长度: 21 字节
[2025-09-09 19:41:23.678] [DEBUG] 发送数据: A5 60 9F A5 01 0D 3B 34 33 33 33 33 D3 33 33 33 33 33 33 30 55
[2025-09-09 19:41:24.707] [DEBUG] 接收数据: A5 60 9F A5 81 0D 3B 34 33 33 33 33 D3 33 33 33 33 33 33 07 55
[2025-09-09 19:41:25.287] [DEBUG] 数据解析成功:
[2025-09-09 19:41:25.306] [INFO]   ID: 0x60
  命令: 0x81 (读)
  寄存器地址: 0x08
  寄存器数量: 0
[2025-09-09 19:41:25.325] [INFO] 
全局变量中的LED显示信息已更新:
[2025-09-09 19:41:25.347] [INFO]   屏幕状态: 开
  亮度级别: 0
  数字显示: 0
  LOGO状态: 0 (0关, 1白, 2红)
  护盾状态: 0 (0关, 1白, 2绿)
  ReadyGo状态: 0 (0关, 1白, 2红)
  左转向灯: 1 (0关, 1白, 2橙)
  右转向灯: 1 (0关, 1白, 2橙)
  灯环状态: 0 (0关, 1蓝, 2红)
[2025-09-09 19:41:25.364] [INFO] 结果: PASS | 用时: 2.885s
[2025-09-09 19:41:25.373] [INFO] ==== 执行用例 #14 ====
[2025-09-09 19:41:25.381] [INFO] 参数: {'screen_on': 1, 'brightness': 0, 'digital': 0, 'logo': 0, 'rim_state': 0, 'rdygo': 0, 'turn_left': 1, 'turn_right': 1, 'ring': 1} | 备注: 
[2025-09-09 19:41:25.410] [DEBUG] 修改后的LED显示信息:
[2025-09-09 19:41:25.422] [INFO]   屏幕状态: 开
  亮度级别: 0
  数字显示: 0
  LOGO状态: 0 (0关, 1白, 2红)
  护盾状态: 0 (0关, 1白, 2绿)
  ReadyGo状态: 0 (0关, 1白, 2红)
  左转向灯: 1 (0关, 1白, 2橙)
  右转向灯: 1 (0关, 1白, 2橙)
  灯环状态: 1 (0关, 1蓝, 2红)
[2025-09-09 19:41:25.439] [DEBUG] 组包成功，数据长度: 21 字节
[2025-09-09 19:41:25.452] [DEBUG] 发送数据: A5 60 9F A5 03 0D 3B 34 33 33 33 33 D3 35 33 33 33 33 33 86 55
[2025-09-09 19:41:26.474] [DEBUG] 接收数据: A5 60 9F A5 83 55 33 93 7F 63 64 33 33 33 33 33 33 33 33 33 33 33 33 33 33 33 33 33 33 33 33 33 33 33 33 33 33 33 33 33 33 33 33 89 66 69 66 65 85 64 63 64 76 63 64 92 75 A7 63 65 33 33 33 33 33 37 33 37 33 33 33 34 33 33 33 33 D3 35 33 33 33 33 33 33 33 33 33 33 33 33 33 A5 55
[2025-09-09 19:41:26.519] [DEBUG] 数据解析成功:
[2025-09-09 19:41:26.530] [INFO]   ID: 0x60
  命令: 0x83 (读)
  寄存器地址: 0x00
  寄存器数量: 0
[2025-09-09 19:41:26.551] [DEBUG] 组包成功，数据长度: 21 字节
[2025-09-09 19:41:26.564] [DEBUG] 发送数据: A5 60 9F A5 01 0D 3B 34 33 33 33 33 D3 35 33 33 33 33 33 C1 55
