[2025-08-29 15:15:13.976] [INFO] 初始化 BLE 协议通信...
[2025-08-29 15:15:14.166] [INFO] 加载用例 14 条 来自: testcases.xlsx
[2025-08-29 15:15:14.221] [INFO] ==== 执行用例 #1 ====
[2025-08-29 15:15:14.225] [INFO] 参数: {'screen_on': 1, 'brightness': 5, 'digital': 50, 'logo': 1, 'rim_state': 0, 'rdygo': 1, 'turn_left': 1, 'turn_right': 1, 'ring': 0} | 备注: nan
[2025-08-29 15:15:14.244] [DEBUG] 修改后的LED显示信息:
[2025-08-29 15:15:14.253] [INFO]   屏幕状态: 开
  亮度级别: 5
  数字显示: 50
  LOGO状态: 1 (0关, 1白, 2红)
  护盾状态: 0 (0关, 1白, 2绿)
  ReadyGo状态: 1 (0关, 1白, 2红)
  左转向灯: 1 (0关, 1白, 2橙)
  右转向灯: 1 (0关, 1白, 2橙)
  灯环状态: 0 (0关, 1蓝, 2红)
[2025-08-29 15:15:14.277] [DEBUG] 组包成功，数据长度: 21 字节
[2025-08-29 15:15:14.287] [DEBUG] 发送数据: A5 60 9F A5 03 0D 3B 3E 33 33 33 E5 DB 33 33 33 33 33 33 67 55
[2025-08-29 15:15:14.307] [DEBUG] 接收数据超时
[2025-08-29 15:15:14.313] [DEBUG] 组包成功，数据长度: 21 字节
[2025-08-29 15:15:14.321] [DEBUG] 发送数据: A5 60 9F A5 01 0D 3B 3E 33 33 33 E5 DB 33 33 33 33 33 33 20 55
[2025-08-29 15:15:14.347] [DEBUG] 接收数据超时
[2025-08-29 15:15:14.356] [INFO] 结果: FAIL | 用时: 0.135s
[2025-08-29 15:15:14.365] [INFO] ==== 执行用例 #2 ====
[2025-08-29 15:15:14.375] [INFO] 参数: {'screen_on': 1, 'brightness': 6, 'digital': 50, 'logo': 1, 'rim_state': 1, 'rdygo': 1, 'turn_left': 1, 'turn_right': 0, 'ring': 0} | 备注: nan
[2025-08-29 15:15:14.414] [DEBUG] 修改后的LED显示信息:
[2025-08-29 15:15:14.427] [INFO]   屏幕状态: 开
  亮度级别: 6
  数字显示: 50
  LOGO状态: 1 (0关, 1白, 2红)
  护盾状态: 1 (0关, 1白, 2绿)
  ReadyGo状态: 1 (0关, 1白, 2红)
  左转向灯: 1 (0关, 1白, 2橙)
  右转向灯: 0 (0关, 1白, 2橙)
  灯环状态: 0 (0关, 1蓝, 2红)
[2025-08-29 15:15:14.444] [DEBUG] 组包成功，数据长度: 21 字节
[2025-08-29 15:15:14.457] [DEBUG] 发送数据: A5 60 9F A5 03 0D 3B 40 33 33 33 E5 5D 33 33 33 33 33 33 E3 55
[2025-08-29 15:15:14.490] [DEBUG] 接收数据超时
[2025-08-29 15:15:14.504] [DEBUG] 组包成功，数据长度: 21 字节
[2025-08-29 15:15:14.517] [DEBUG] 发送数据: A5 60 9F A5 01 0D 3B 40 33 33 33 E5 5D 33 33 33 33 33 33 A4 55
[2025-08-29 15:15:14.542] [DEBUG] 接收数据超时
[2025-08-29 15:15:14.555] [INFO] 结果: FAIL | 用时: 0.190s
[2025-08-29 15:15:14.564] [INFO] ==== 执行用例 #3 ====
[2025-08-29 15:15:14.574] [INFO] 参数: {'screen_on': 1, 'brightness': 6, 'digital': 50, 'logo': 2, 'rim_state': 2, 'rdygo': 2, 'turn_left': 1, 'turn_right': 2, 'ring': 0} | 备注: nan
[2025-08-29 15:15:14.608] [DEBUG] 修改后的LED显示信息:
[2025-08-29 15:15:14.622] [INFO]   屏幕状态: 开
  亮度级别: 6
  数字显示: 50
  LOGO状态: 2 (0关, 1白, 2红)
  护盾状态: 2 (0关, 1白, 2绿)
  ReadyGo状态: 2 (0关, 1白, 2红)
  左转向灯: 1 (0关, 1白, 2橙)
  右转向灯: 2 (0关, 1白, 2橙)
  灯环状态: 0 (0关, 1蓝, 2红)
[2025-08-29 15:15:14.641] [DEBUG] 组包成功，数据长度: 21 字节
[2025-08-29 15:15:14.653] [DEBUG] 发送数据: A5 60 9F A5 03 0D 3B 40 33 33 33 65 68 34 33 33 33 33 33 B8 55
[2025-08-29 15:15:14.679] [DEBUG] 接收数据超时
[2025-08-29 15:15:14.694] [DEBUG] 组包成功，数据长度: 21 字节
[2025-08-29 15:15:14.706] [DEBUG] 发送数据: A5 60 9F A5 01 0D 3B 40 33 33 33 65 68 34 33 33 33 33 33 FF 55
[2025-08-29 15:15:14.735] [DEBUG] 接收数据超时
[2025-08-29 15:15:14.746] [INFO] 结果: FAIL | 用时: 0.182s
[2025-08-29 15:15:14.756] [INFO] ==== 执行用例 #4 ====
[2025-08-29 15:15:14.768] [INFO] 参数: {'screen_on': 1, 'brightness': 6, 'digital': 100, 'logo': 0, 'rim_state': 1, 'rdygo': 2, 'turn_left': 1, 'turn_right': 0, 'ring': 2} | 备注: nan
[2025-08-29 15:15:14.807] [DEBUG] 修改后的LED显示信息:
[2025-08-29 15:15:14.822] [INFO]   屏幕状态: 开
  亮度级别: 6
  数字显示: 100
  LOGO状态: 0 (0关, 1白, 2红)
  护盾状态: 1 (0关, 1白, 2绿)
  ReadyGo状态: 2 (0关, 1白, 2红)
  左转向灯: 1 (0关, 1白, 2橙)
  右转向灯: 0 (0关, 1白, 2橙)
  灯环状态: 2 (0关, 1蓝, 2红)
[2025-08-29 15:15:14.845] [DEBUG] 组包成功，数据长度: 21 字节
[2025-08-29 15:15:14.859] [DEBUG] 发送数据: A5 60 9F A5 03 0D 3B 40 33 33 33 97 65 37 33 33 33 33 33 D5 55
[2025-08-29 15:15:14.891] [DEBUG] 接收数据超时
[2025-08-29 15:15:14.904] [DEBUG] 组包成功，数据长度: 21 字节
[2025-08-29 15:15:14.916] [DEBUG] 发送数据: A5 60 9F A5 01 0D 3B 40 33 33 33 97 65 37 33 33 33 33 33 92 55
[2025-08-29 15:15:14.943] [DEBUG] 接收数据超时
[2025-08-29 15:15:14.954] [INFO] 结果: FAIL | 用时: 0.199s
[2025-08-29 15:15:14.964] [INFO] ==== 执行用例 #5 ====
[2025-08-29 15:15:14.976] [INFO] 参数: {'screen_on': 1, 'brightness': 6, 'digital': 100, 'logo': 1, 'rim_state': 0, 'rdygo': 2, 'turn_left': 0, 'turn_right': 0, 'ring': 2} | 备注: nan
[2025-08-29 15:15:15.010] [DEBUG] 修改后的LED显示信息:
[2025-08-29 15:15:15.028] [INFO]   屏幕状态: 开
  亮度级别: 6
  数字显示: 100
  LOGO状态: 1 (0关, 1白, 2红)
  护盾状态: 0 (0关, 1白, 2绿)
  ReadyGo状态: 2 (0关, 1白, 2红)
  左转向灯: 0 (0关, 1白, 2橙)
  右转向灯: 0 (0关, 1白, 2橙)
  灯环状态: 2 (0关, 1蓝, 2红)
[2025-08-29 15:15:15.046] [DEBUG] 组包成功，数据长度: 21 字节
[2025-08-29 15:15:15.059] [DEBUG] 发送数据: A5 60 9F A5 03 0D 3B 40 33 33 33 17 43 37 33 33 33 33 33 26 55
[2025-08-29 15:15:15.087] [DEBUG] 接收数据超时
[2025-08-29 15:15:15.101] [DEBUG] 组包成功，数据长度: 21 字节
[2025-08-29 15:15:15.111] [DEBUG] 发送数据: A5 60 9F A5 01 0D 3B 40 33 33 33 17 43 37 33 33 33 33 33 61 55
[2025-08-29 15:15:15.140] [DEBUG] 接收数据超时
[2025-08-29 15:15:15.151] [INFO] 结果: FAIL | 用时: 0.187s
[2025-08-29 15:15:15.165] [INFO] ==== 执行用例 #6 ====
[2025-08-29 15:15:15.178] [INFO] 参数: {'screen_on': 1, 'brightness': 6, 'digital': 100, 'logo': 2, 'rim_state': 0, 'rdygo': 2, 'turn_left': 2, 'turn_right': 0, 'ring': 2} | 备注: nan
[2025-08-29 15:15:15.210] [DEBUG] 修改后的LED显示信息:
[2025-08-29 15:15:15.222] [INFO]   屏幕状态: 开
  亮度级别: 6
  数字显示: 100
  LOGO状态: 2 (0关, 1白, 2红)
  护盾状态: 0 (0关, 1白, 2绿)
  ReadyGo状态: 2 (0关, 1白, 2红)
  左转向灯: 2 (0关, 1白, 2橙)
  右转向灯: 0 (0关, 1白, 2橙)
  灯环状态: 2 (0关, 1蓝, 2红)
[2025-08-29 15:15:15.242] [DEBUG] 组包成功，数据长度: 21 字节
[2025-08-29 15:15:15.254] [DEBUG] 发送数据: A5 60 9F A5 03 0D 3B 40 33 33 33 97 84 37 33 33 33 33 33 A1 55
[2025-08-29 15:15:15.280] [DEBUG] 接收数据超时
[2025-08-29 15:15:15.291] [DEBUG] 组包成功，数据长度: 21 字节
[2025-08-29 15:15:15.305] [DEBUG] 发送数据: A5 60 9F A5 01 0D 3B 40 33 33 33 97 84 37 33 33 33 33 33 E6 55
[2025-08-29 15:15:15.328] [DEBUG] 接收数据超时
[2025-08-29 15:15:15.340] [INFO] 结果: FAIL | 用时: 0.176s
[2025-08-29 15:15:15.352] [INFO] ==== 执行用例 #7 ====
[2025-08-29 15:15:15.364] [INFO] 参数: {'screen_on': 1, 'brightness': 7, 'digital': 50, 'logo': 0, 'rim_state': 0, 'rdygo': 1, 'turn_left': 2, 'turn_right': 0, 'ring': 2} | 备注: nan
[2025-08-29 15:15:15.404] [DEBUG] 修改后的LED显示信息:
[2025-08-29 15:15:15.418] [INFO]   屏幕状态: 开
  亮度级别: 7
  数字显示: 50
  LOGO状态: 0 (0关, 1白, 2红)
  护盾状态: 0 (0关, 1白, 2绿)
  ReadyGo状态: 1 (0关, 1白, 2红)
  左转向灯: 2 (0关, 1白, 2橙)
  右转向灯: 0 (0关, 1白, 2橙)
  灯环状态: 2 (0关, 1蓝, 2红)
[2025-08-29 15:15:15.440] [DEBUG] 组包成功，数据长度: 21 字节
[2025-08-29 15:15:15.452] [DEBUG] 发送数据: A5 60 9F A5 03 0D 3B 42 33 33 33 65 7B 37 33 33 33 33 33 2A 55
[2025-08-29 15:15:15.479] [DEBUG] 接收数据超时
[2025-08-29 15:15:15.490] [DEBUG] 组包成功，数据长度: 21 字节
[2025-08-29 15:15:15.501] [DEBUG] 发送数据: A5 60 9F A5 01 0D 3B 42 33 33 33 65 7B 37 33 33 33 33 33 6D 55
[2025-08-29 15:15:15.527] [DEBUG] 接收数据超时
[2025-08-29 15:15:15.537] [INFO] 结果: FAIL | 用时: 0.184s
[2025-08-29 15:15:15.546] [INFO] ==== 执行用例 #8 ====
[2025-08-29 15:15:15.555] [INFO] 参数: {'screen_on': 1, 'brightness': 7, 'digital': 50, 'logo': 0, 'rim_state': 1, 'rdygo': 1, 'turn_left': 1, 'turn_right': 1, 'ring': 1} | 备注: nan
[2025-08-29 15:15:15.592] [DEBUG] 修改后的LED显示信息:
[2025-08-29 15:15:15.606] [INFO]   屏幕状态: 开
  亮度级别: 7
  数字显示: 50
  LOGO状态: 0 (0关, 1白, 2红)
  护盾状态: 1 (0关, 1白, 2绿)
  ReadyGo状态: 1 (0关, 1白, 2红)
  左转向灯: 1 (0关, 1白, 2橙)
  右转向灯: 1 (0关, 1白, 2橙)
  灯环状态: 1 (0关, 1蓝, 2红)
[2025-08-29 15:15:15.628] [DEBUG] 组包成功，数据长度: 21 字节
[2025-08-29 15:15:15.641] [DEBUG] 发送数据: A5 60 9F A5 03 0D 3B 42 33 33 33 65 DD 35 33 33 33 33 33 B1 55
[2025-08-29 15:15:15.672] [DEBUG] 接收数据超时
[2025-08-29 15:15:15.683] [DEBUG] 组包成功，数据长度: 21 字节
[2025-08-29 15:15:15.696] [DEBUG] 发送数据: A5 60 9F A5 01 0D 3B 42 33 33 33 65 DD 35 33 33 33 33 33 F6 55
[2025-08-29 15:15:15.726] [DEBUG] 接收数据超时
[2025-08-29 15:15:15.735] [INFO] 结果: FAIL | 用时: 0.188s
[2025-08-29 15:15:15.748] [INFO] ==== 执行用例 #9 ====
[2025-08-29 15:15:15.757] [INFO] 参数: {'screen_on': 1, 'brightness': 7, 'digital': 50, 'logo': 1, 'rim_state': 1, 'rdygo': 2, 'turn_left': 0, 'turn_right': 0, 'ring': 1} | 备注: nan
[2025-08-29 15:15:15.799] [DEBUG] 修改后的LED显示信息:
[2025-08-29 15:15:15.812] [INFO]   屏幕状态: 开
  亮度级别: 7
  数字显示: 50
  LOGO状态: 1 (0关, 1白, 2红)
  护盾状态: 1 (0关, 1白, 2绿)
  ReadyGo状态: 2 (0关, 1白, 2红)
  左转向灯: 0 (0关, 1白, 2橙)
  右转向灯: 0 (0关, 1白, 2橙)
  灯环状态: 1 (0关, 1蓝, 2红)
[2025-08-29 15:15:15.831] [DEBUG] 组包成功，数据长度: 21 字节
[2025-08-29 15:15:15.845] [DEBUG] 发送数据: A5 60 9F A5 03 0D 3B 42 33 33 33 E5 45 35 33 33 33 33 33 11 55
[2025-08-29 15:15:15.873] [DEBUG] 接收数据超时
[2025-08-29 15:15:15.885] [DEBUG] 组包成功，数据长度: 21 字节
[2025-08-29 15:15:15.895] [DEBUG] 发送数据: A5 60 9F A5 01 0D 3B 42 33 33 33 E5 45 35 33 33 33 33 33 56 55
[2025-08-29 15:15:15.919] [DEBUG] 接收数据超时
[2025-08-29 15:15:15.929] [INFO] 结果: FAIL | 用时: 0.182s
[2025-08-29 15:15:15.940] [INFO] ==== 执行用例 #10 ====
[2025-08-29 15:15:15.949] [INFO] 参数: {'screen_on': 1, 'brightness': 7, 'digital': 50, 'logo': 2, 'rim_state': 0, 'rdygo': 1, 'turn_left': 0, 'turn_right': 1, 'ring': 0} | 备注: nan
[2025-08-29 15:15:15.987] [DEBUG] 修改后的LED显示信息:
[2025-08-29 15:15:16.000] [INFO]   屏幕状态: 开
  亮度级别: 7
  数字显示: 50
  LOGO状态: 2 (0关, 1白, 2红)
  护盾状态: 0 (0关, 1白, 2绿)
  ReadyGo状态: 1 (0关, 1白, 2红)
  左转向灯: 0 (0关, 1白, 2橙)
  右转向灯: 1 (0关, 1白, 2橙)
  灯环状态: 0 (0关, 1蓝, 2红)
[2025-08-29 15:15:16.024] [DEBUG] 组包成功，数据长度: 21 字节
[2025-08-29 15:15:16.037] [DEBUG] 发送数据: A5 60 9F A5 03 0D 3B 42 33 33 33 65 BC 33 33 33 33 33 33 1D 55
[2025-08-29 15:15:16.067] [DEBUG] 接收数据超时
[2025-08-29 15:15:16.082] [DEBUG] 组包成功，数据长度: 21 字节
[2025-08-29 15:15:16.095] [DEBUG] 发送数据: A5 60 9F A5 01 0D 3B 42 33 33 33 65 BC 33 33 33 33 33 33 5A 55
[2025-08-29 15:15:16.122] [DEBUG] 接收数据超时
[2025-08-29 15:15:16.134] [INFO] 结果: FAIL | 用时: 0.193s
[2025-08-29 15:15:16.143] [INFO] ==== 执行用例 #11 ====
[2025-08-29 15:15:16.155] [INFO] 参数: {'screen_on': 1, 'brightness': 7, 'digital': 100, 'logo': 1, 'rim_state': 0, 'rdygo': 1, 'turn_left': 0, 'turn_right': 2, 'ring': 2} | 备注: nan
[2025-08-29 15:15:16.198] [DEBUG] 修改后的LED显示信息:
[2025-08-29 15:15:16.211] [INFO]   屏幕状态: 开
  亮度级别: 7
  数字显示: 100
  LOGO状态: 1 (0关, 1白, 2红)
  护盾状态: 0 (0关, 1白, 2绿)
  ReadyGo状态: 1 (0关, 1白, 2红)
  左转向灯: 0 (0关, 1白, 2橙)
  右转向灯: 2 (0关, 1白, 2橙)
  灯环状态: 2 (0关, 1蓝, 2红)
[2025-08-29 15:15:16.231] [DEBUG] 组包成功，数据长度: 21 字节
[2025-08-29 15:15:16.244] [DEBUG] 发送数据: A5 60 9F A5 03 0D 3B 42 33 33 33 17 3B 38 33 33 33 33 33 BB 55
[2025-08-29 15:15:16.269] [DEBUG] 接收数据超时
[2025-08-29 15:15:16.278] [DEBUG] 组包成功，数据长度: 21 字节
[2025-08-29 15:15:16.286] [DEBUG] 发送数据: A5 60 9F A5 01 0D 3B 42 33 33 33 17 3B 38 33 33 33 33 33 FC 55
[2025-08-29 15:15:16.308] [DEBUG] 接收数据超时
[2025-08-29 15:15:16.316] [INFO] 结果: FAIL | 用时: 0.173s
[2025-08-29 15:15:16.325] [INFO] ==== 执行用例 #12 ====
[2025-08-29 15:15:16.338] [INFO] 参数: {'screen_on': 1, 'brightness': 7, 'digital': 100, 'logo': 1, 'rim_state': 0, 'rdygo': 2, 'turn_left': 1, 'turn_right': 0, 'ring': 0} | 备注: nan
[2025-08-29 15:15:16.368] [DEBUG] 修改后的LED显示信息:
[2025-08-29 15:15:16.385] [INFO]   屏幕状态: 开
  亮度级别: 7
  数字显示: 100
  LOGO状态: 1 (0关, 1白, 2红)
  护盾状态: 0 (0关, 1白, 2绿)
  ReadyGo状态: 2 (0关, 1白, 2红)
  左转向灯: 1 (0关, 1白, 2橙)
  右转向灯: 0 (0关, 1白, 2橙)
  灯环状态: 0 (0关, 1蓝, 2红)
[2025-08-29 15:15:16.407] [DEBUG] 组包成功，数据长度: 21 字节
[2025-08-29 15:15:16.420] [DEBUG] 发送数据: A5 60 9F A5 03 0D 3B 42 33 33 33 17 63 33 33 33 33 33 33 91 55
[2025-08-29 15:15:16.453] [DEBUG] 接收数据超时
[2025-08-29 15:15:16.466] [DEBUG] 组包成功，数据长度: 21 字节
[2025-08-29 15:15:16.479] [DEBUG] 发送数据: A5 60 9F A5 01 0D 3B 42 33 33 33 17 63 33 33 33 33 33 33 D6 55
[2025-08-29 15:15:16.507] [DEBUG] 接收数据超时
[2025-08-29 15:15:16.518] [INFO] 结果: FAIL | 用时: 0.193s
[2025-08-29 15:15:16.529] [INFO] ==== 执行用例 #13 ====
[2025-08-29 15:15:16.541] [INFO] 参数: {'screen_on': 1, 'brightness': 7, 'digital': 100, 'logo': 1, 'rim_state': 0, 'rdygo': 2, 'turn_left': 1, 'turn_right': 0, 'ring': 2} | 备注: nan
[2025-08-29 15:15:16.579] [DEBUG] 修改后的LED显示信息:
[2025-08-29 15:15:16.594] [INFO]   屏幕状态: 开
  亮度级别: 7
  数字显示: 100
  LOGO状态: 1 (0关, 1白, 2红)
  护盾状态: 0 (0关, 1白, 2绿)
  ReadyGo状态: 2 (0关, 1白, 2红)
  左转向灯: 1 (0关, 1白, 2橙)
  右转向灯: 0 (0关, 1白, 2橙)
  灯环状态: 2 (0关, 1蓝, 2红)
[2025-08-29 15:15:16.616] [DEBUG] 组包成功，数据长度: 21 字节
[2025-08-29 15:15:16.632] [DEBUG] 发送数据: A5 60 9F A5 03 0D 3B 42 33 33 33 17 63 37 33 33 33 33 33 C4 55
[2025-08-29 15:15:16.663] [DEBUG] 接收数据超时
[2025-08-29 15:15:16.676] [DEBUG] 组包成功，数据长度: 21 字节
[2025-08-29 15:15:16.689] [DEBUG] 发送数据: A5 60 9F A5 01 0D 3B 42 33 33 33 17 63 37 33 33 33 33 33 83 55
[2025-08-29 15:15:16.708] [DEBUG] 接收数据超时
[2025-08-29 15:15:16.721] [INFO] 结果: FAIL | 用时: 0.192s
[2025-08-29 15:15:16.730] [INFO] ==== 执行用例 #14 ====
[2025-08-29 15:15:16.742] [INFO] 参数: {'screen_on': 1, 'brightness': 7, 'digital': 100, 'logo': 1, 'rim_state': 2, 'rdygo': 1, 'turn_left': 1, 'turn_right': 0, 'ring': 2} | 备注: nan
[2025-08-29 15:15:16.777] [DEBUG] 修改后的LED显示信息:
[2025-08-29 15:15:16.789] [INFO]   屏幕状态: 开
  亮度级别: 7
  数字显示: 100
  LOGO状态: 1 (0关, 1白, 2红)
  护盾状态: 2 (0关, 1白, 2绿)
  ReadyGo状态: 1 (0关, 1白, 2红)
  左转向灯: 1 (0关, 1白, 2橙)
  右转向灯: 0 (0关, 1白, 2橙)
  灯环状态: 2 (0关, 1蓝, 2红)
[2025-08-29 15:15:16.812] [DEBUG] 组包成功，数据长度: 21 字节
[2025-08-29 15:15:16.823] [DEBUG] 发送数据: A5 60 9F A5 03 0D 3B 42 33 33 33 17 5F 37 33 33 33 33 33 37 55
[2025-08-29 15:15:16.851] [DEBUG] 接收数据超时
[2025-08-29 15:15:16.866] [DEBUG] 组包成功，数据长度: 21 字节
[2025-08-29 15:15:16.879] [DEBUG] 发送数据: A5 60 9F A5 01 0D 3B 42 33 33 33 17 5F 37 33 33 33 33 33 70 55
[2025-08-29 15:15:16.901] [DEBUG] 接收数据超时
[2025-08-29 15:15:16.916] [INFO] 结果: FAIL | 用时: 0.187s
[2025-08-29 15:15:16.927] [INFO] 开始压力循环: 次数=1, 间隔=0.5s, 参数={'screen_on': 1, 'brightness': 5, 'digital': 50, 'logo': 1, 'rim_state': 0, 'rdygo': 1, 'turn_left': 1, 'turn_right': 1, 'ring': 0}
[2025-08-29 15:15:16.967] [DEBUG] 修改后的LED显示信息:
[2025-08-29 15:15:16.982] [INFO]   屏幕状态: 开
  亮度级别: 5
  数字显示: 50
  LOGO状态: 1 (0关, 1白, 2红)
  护盾状态: 0 (0关, 1白, 2绿)
  ReadyGo状态: 1 (0关, 1白, 2红)
  左转向灯: 1 (0关, 1白, 2橙)
  右转向灯: 1 (0关, 1白, 2橙)
  灯环状态: 0 (0关, 1蓝, 2红)
[2025-08-29 15:15:17.003] [DEBUG] 组包成功，数据长度: 21 字节
[2025-08-29 15:15:17.018] [DEBUG] 发送数据: A5 60 9F A5 03 0D 3B 3E 33 33 33 E5 DB 33 33 33 33 33 33 67 55
[2025-08-29 15:15:17.048] [DEBUG] 接收数据: A5 60 9F A5 83 55 33 93 7F 63 64 33 33 33 33 33 33 33 33 33 33 33 33 33 33 33 33 33 33 33 33 33 33 33 33 33 33 33 33 33 33 33 33 89 66 69 66 65 85 64 63 64 76 63 64 92 75 A7 63 65 33 33 33 33 33 37 33 36 33 33 33 3E 33 33 33 E5 DB 33 33 33 33 33 33 33 33 33 33 33 33 33 33 19 55 A5 60 9F A5 81 0D 3B 3E 33 33 33 E5 DB 33 33 33 33 33 33 17 55 A5 60 9F A5 83 55 33 93 7F 63 64 33 33 33 33 33 33 33 33 33 33 33 33 33 33 33 33 33 33 33 33 33 33 33 33 33 33 33 33 33 33 33 33 89 66 69 66 65 85 64 63 64 76 63 64 92 75 A7 63 65 33 33 33 33 33 37 33 36 33 33 33 40 33 33 33 E5 5D 33 33 33 33 33 33 33 33 33 33 33 33 33 33 F9 55 A5 60 9F A5 81 0D 3B 40 33 33 33 E5 5D 33 33 33 33 33 33 93 55 A5 60 9F A5 83 55 33 93 7F 63 64 33 33 33 33 33 33 33 33 33 33 33 33 33 33 33 33 33 33 33 33 33 33 33 33 33 33 33 33 33 33 33 33 89 66 69 66 65 85 64 63 64 76 63 64 92 75 A7 63 65 33 33 33 33 33 37 33 36 33 33 33 40 33 33 33 65 68 34 33 33 33 33 33 33 33 33 33 33 33 33 33 74 55 A5 60 9F A5 81 0D 3B 40 33 33 33 65 68 34 33 33 33 33 33 C8 55 A5 60 9F A5 83 55 33 93 7F 63 64 33 33 33 33 33 33 33 33 33 33 33 33 33 33 33 33 33 33 33 33 33 33 33 33 33 33 33 33 33 33 33 33 89 66 69 66 65 85 64 63 64 76 63 64 92 75 A7 63 65 33 33 33 33 33 37 33 37 33 33 33 40 33 33 33 97 65 37 33 33 33 33 33 33 33 33 33 33 33 33 33 8F 55 A5 60 9F A5 81 0D 3B 40 33 33 33 97 65 37 33 33 33 33 33 A5 55 A5 60 9F A5 83 55 33 93 7F 63 64 33 33 33 33 33 33 33 33 33 33 33 33 33 33 33 33 33 33 33 33 33 33 33 33 33 33 33 33 33 33 33 33 89 66 69 66 65 85 64 63 64 76 63 64 92 75 A7 63 65 33 33 33 33 33 37 33 37 33 33 33 40 33 33 33 17 43 37 33 33 33 33 33 33 33 33 33 33 33 33 33 5A 55 A5 60 9F A5 81 0D 3B 40 33 33 33 17 43 37 33 33 33 33 33 56 55 A5 60 9F A5 83 55 33 93 7F 63 64 33 33 33 33 33 33 33 33 33 33 33 33 33 33 33 33 33 33 33 33 33 33 33 33 33 33 33 33 33 33 33 33 89 66 69 66 65 85 64 63 64 76 63 64 92 75 A7 63 65 33 33 33 33 33 37 33 37 33 33 33 40 33 33 33 97 84 37 33 33 33 33 33 33 33 33 33 33 33 33 33 84 55 A5 60 9F A5 81 0D 3B 40 33 33 33 97 84 37 33 33 33 33 33 D1 55 A5 60 9F A5 83 55 33 93 7F 63 64 33 33 33 33 33 33 33 33 33 33 33 33 33 33 33 33 33 33 33 33 33 33 33 33 33 33 33 33 33 33 33 33 89 66 69 66 65 85 64 63 64 76 63 64 92 75 A7 63 65 33 33 33 33 33 37 33 37 33 33 33 42 33 33 33 65 7B 37 33 33 33 33 33 33 33 33 33 33 33 33 33 EF 55 A5 60 9F A5 81 0D 3B 42 33 33 33 65 7B 37 33 33 33 33 33 5A 55 A5 60 9F A5 83 55 33 93 7F 63 64 33 33 33 33 33 33 33 33 33 33 33 33 33 33 33 33 33 33 33 33 33 33 33 33 33 33 33 33 33 33 33 33 89 66 69 66 65 85 64 63 64 76 63 64 92 75 A7 63 65 33 33 33 33 33 37 33 37 33 33 33 42 33 33 33 65 DD 35 33 33 33 33 33 33 33 33 33 33 33 33 33 D4 55 A5 60 9F A5 81 0D 3B 42 33 33 33 65 DD 35 33 33 33 33 33 C1 55 A5 60 9F A5 83 55 33 93 7F 63 64 33 33 33 33 33 33 33 33 33 33 33 33 33 33 33 33 33 33 33 33 33 33 33 33 33 33 33 33 33 33 33 33 89 66 69 66 65 85 64 63 64 76 63 64 92 75 A7 63 65 33 33 33 33 33 37 33 37 33 33 33 42 33 33 33 E5 45 35 33 33 33 33 33 33 33 33 33 33 33 33 33 F8 55 A5 60 9F A5 81 0D 3B 42 33 33 33 E5 45 35 33 33 33 33 33 61 55 A5 60 9F A5 83 55 33 93 7F 63 64 33 33 33 33 33 33 33 33 33 33 33 33 33 33 33 33 33 33 33 33 33 33 33 33 33 33 33 33 33 33 33 33 89 66 69 66 65 85 64 63 64 76 63 64 92 75 A7 63 65 33 33 33 33 33 37 33 37 33 33 33 42 33 33 33 65 BC 33 33 33 33 33 33 33 33 33 33 33 33 33 33 B6 55 A5 60 9F A5 81 0D 3B 42 33 33 33 65 BC 33 33 33 33 33 33 6D 55 A5 60 9F A5 83 55 33 93 7F 63 64 33 33 33 33 33 33 33 33 33 33 33 33 33 33 33 33 33 33 33 33 33 33 33 33 33 33 33 33 33 33 33 33 89 66 69 66 65 85 64 63 64 76 63 64 92 75 A7 63 65 33 33 33 33 33 37 33 37 33 33 33 42 33 33 33 17 3B 38 33 33 33 33 33 33 33 33 33 33 33 33 33 EF 55 A5 60 9F A5 81 0D 3B 42 33 33 33 17 3B 38 33 33 33 33 33 CB 55 A5 60 9F A5 83 55 33 93 7F 63 64 33 33 33 33 33 33 33 33 33 33 33 33 33 33 33 33 33 33 33 33 33 33 33 33 33 33 33 33 33 33 33 33 89 66 69 66 65 85 64 63 64 76 63 64 92 75 A7 63 65 33 33 33 33 33 37 33 36 33 33 33 42 33 33 33 17 63 33 33 33 33 33 33 33 33 33 33 33 33 33 33 9D 55 A5 60 9F A5 81 0D 3B 42 33 33 33 17 63 33 33 33 33 33 33 E1 55 A5 60 9F A5 83 55 33 93 7F 63 64 33 33 33 33 33 33 33 33 33 33 33 33 33 33 33 33 33 33 33 33 33 33 33 33 33 33 33 33 33 33 33 33 89 66 69 66 65 85 64 63 64 76 63 64 92 75 A7 63 65 33 33 33 33 33 37 33 37 33 33 33 42 33 33 33 17 63 37 33 33 33 33 33 33 33 33 33 33 33 33 33 F7 55 A5 60 9F A5 81 0D 3B 42 33 33 33 17 63 37 33 33 33 33 33 B4 55 A5 60 9F A5 83 55 33 93 7F 63 64 33 33 33 33 33 33 33 33 33 33 33 33 33 33 33 33 33 33 33 33 33 33 33 33 33 33 33 33 33 33 33 33 89 66 69 66 65 85 64 63 64 76 63 64 92 75 A7 63 65 33 33 33 33 33 37 33 37 33 33 33 42 33 33 33 17 5F 37 33 33 33 33 33 33 33 33 33 33 33 33 33 7E 55 A5 60 9F A5 81 0D 3B 42 33 33 33 17 5F 37 33 33 33 33 33 47 55
[2025-08-29 15:15:17.079] [ERROR] 数据解析失败，返回码: 0
[2025-08-29 15:15:17.656] [INFO] [循环 1/1] 发送 OK
[2025-08-29 15:15:18.213] [INFO] 已保存结果: reports\2025-08-29_15-15-13\results.csv
[2025-08-29 15:15:18.362] [INFO] 已生成报告: reports\2025-08-29_15-15-13\report.html
[2025-08-29 15:15:18.507] [DEBUG] 串口已关闭
[2025-08-29 15:15:18.581] [INFO] 程序结束
