[2025-08-25 19:54:18.873] [INFO] 初始化 BLE 协议通信...
[2025-08-25 19:54:19.083] [INFO] 加载用例 1 条 来自: testcases.xlsx
[2025-08-25 19:54:19.084] [INFO] ==== 执行用例 #1 ====
[2025-08-25 19:54:19.084] [INFO] 参数: {'screen_on': 1, 'brightness': 7, 'digital': 1, 'logo': 1, 'rim_state': 1, 'rdygo': 1, 'turn_left': 1, 'turn_right': 1, 'ring': 1} | 备注: 最小点亮测试
[2025-08-25 19:54:19.084] [DEBUG] 修改后的LED显示信息:
[2025-08-25 19:54:19.084] [INFO]   屏幕状态: 开
  亮度级别: 7
  数字显示: 1
  LOGO状态: 1 (0关, 1白, 2红)
  护盾状态: 1 (0关, 1白, 2绿)
  ReadyGo状态: 1 (0关, 1白, 2红)
  左转向灯: 1 (0关, 1白, 2橙)
  右转向灯: 1 (0关, 1白, 2橙)
  灯环状态: 1 (0关, 1蓝, 2红)
[2025-08-25 19:54:19.084] [DEBUG] 组包成功，数据长度: 21 字节
[2025-08-25 19:54:19.084] [DEBUG] 发送数据: A5 60 9F A5 03 0D 3B 42 33 33 33 B4 DD 35 33 33 33 33 33 B6 55
[2025-08-25 19:54:20.090] [DEBUG] 接收数据: A5 60 9F A5 83 55 33 93 7F 63 64 33 33 33 33 33 33 33 33 33 33 33 33 33 33 33 33 33 33 33 33 33 33 33 33 33 33 33 33 33 33 33 33 89 66 69 66 65 85 64 63 64 76 63 64 92 75 A7 63 65 33 33 33 33 33 37 33 36 33 33 33 42 33 33 33 B4 DD 35 33 33 33 33 33 33 33 33 33 33 33 33 33 DF 55
[2025-08-25 19:54:20.093] [DEBUG] 数据解析成功:
[2025-08-25 19:54:20.094] [INFO]   ID: 0x60
  命令: 0x83 (读)
  寄存器地址: 0x00
  寄存器数量: 0
[2025-08-25 19:54:20.094] [DEBUG] 组包成功，数据长度: 21 字节
[2025-08-25 19:54:20.094] [DEBUG] 发送数据: A5 60 9F A5 01 0D 3B 42 33 33 33 B4 DD 35 33 33 33 33 33 F1 55
[2025-08-25 19:54:21.097] [DEBUG] 接收数据: A5 60 9F A5 81 0D 3B 42 33 33 33 B4 DD 35 33 33 33 33 33 C6 55
[2025-08-25 19:54:21.100] [DEBUG] 数据解析成功:
[2025-08-25 19:54:21.100] [INFO]   ID: 0x60
  命令: 0x81 (读)
  寄存器地址: 0x08
  寄存器数量: 0
[2025-08-25 19:54:21.103] [INFO] 
全局变量中的LED显示信息已更新:
[2025-08-25 19:54:21.103] [INFO]   屏幕状态: 开
  亮度级别: 7
  数字显示: 1
  LOGO状态: 1 (0关, 1白, 2红)
  护盾状态: 1 (0关, 1白, 2绿)
  ReadyGo状态: 1 (0关, 1白, 2红)
  左转向灯: 1 (0关, 1白, 2橙)
  右转向灯: 1 (0关, 1白, 2橙)
  灯环状态: 1 (0关, 1蓝, 2红)
[2025-08-25 19:54:21.103] [INFO] 结果: PASS | 用时: 2.018s
[2025-08-25 19:54:21.104] [INFO] 开始压力循环: 次数=1, 间隔=0.5s, 参数={'screen_on': 1, 'brightness': 7, 'digital': 1, 'logo': 1, 'rim_state': 1, 'rdygo': 1, 'turn_left': 1, 'turn_right': 1, 'ring': 1}
[2025-08-25 19:54:21.104] [DEBUG] 修改后的LED显示信息:
[2025-08-25 19:54:21.104] [INFO]   屏幕状态: 开
  亮度级别: 7
  数字显示: 1
  LOGO状态: 1 (0关, 1白, 2红)
  护盾状态: 1 (0关, 1白, 2绿)
  ReadyGo状态: 1 (0关, 1白, 2红)
  左转向灯: 1 (0关, 1白, 2橙)
  右转向灯: 1 (0关, 1白, 2橙)
  灯环状态: 1 (0关, 1蓝, 2红)
[2025-08-25 19:54:21.105] [DEBUG] 组包成功，数据长度: 21 字节
[2025-08-25 19:54:21.105] [DEBUG] 发送数据: A5 60 9F A5 03 0D 3B 42 33 33 33 B4 DD 35 33 33 33 33 33 B6 55
[2025-08-25 19:54:22.110] [DEBUG] 接收数据: A5 60 9F A5 83 55 33 93 7F 63 64 33 33 33 33 33 33 33 33 33 33 33 33 33 33 33 33 33 33 33 33 33 33 33 33 33 33 33 33 33 33 33 33 89 66 69 66 65 85 64 63 64 76 63 64 92 75 A7 63 65 33 33 33 33 33 37 33 36 33 33 33 42 33 33 33 B4 DD 35 33 33 33 33 33 33 33 33 33 33 33 33 33 DF 55
[2025-08-25 19:54:22.112] [DEBUG] 数据解析成功:
[2025-08-25 19:54:22.113] [INFO]   ID: 0x60
  命令: 0x83 (读)
  寄存器地址: 0x00
  寄存器数量: 0
[2025-08-25 19:54:22.113] [INFO] [循环 1/1] 发送 OK
[2025-08-25 19:54:22.619] [INFO] 已保存结果: reports\2025-08-25_19-54-18\results.csv
[2025-08-25 19:54:22.621] [INFO] 已生成报告: reports\2025-08-25_19-54-18\report.html
[2025-08-25 19:54:22.623] [DEBUG] 串口已关闭
[2025-08-25 19:54:22.624] [INFO] 程序结束
