[2025-08-18 19:55:41.421] [INFO] 初始化 BLE 协议通信...
[2025-08-18 19:55:41.595] [INFO] 加载用例 10 条 来自: testcases.xlsx
[2025-08-18 19:55:41.600] [INFO] ==== 执行用例 #1 ====
[2025-08-18 19:55:41.600] [INFO] 参数: {'screen_on': 1, 'brightness': 0, 'digital': 0, 'logo': 0, 'rim_state': 0, 'rdygo': 0, 'turn_left': 0, 'turn_right': 0, 'ring': 0} | 备注: 
[2025-08-18 19:55:41.626] [DEBUG] 修改后的LED显示信息:
[2025-08-18 19:55:41.634] [INFO]   屏幕状态: 开
  亮度级别: 0
  数字显示: 0
  LOGO状态: 0 (0关, 1白, 2红)
  护盾状态: 0 (0关, 1白, 2绿)
  ReadyGo状态: 0 (0关, 1白, 2红)
  左转向灯: 0 (0关, 1白, 2橙)
  右转向灯: 0 (0关, 1白, 2橙)
  灯环状态: 0 (0关, 1蓝, 2红)
[2025-08-18 19:55:41.653] [DEBUG] 组包成功，数据长度: 21 字节
[2025-08-18 19:55:41.663] [DEBUG] 发送数据: A5 60 9F A5 03 0D 3B 34 33 33 33 33 33 33 33 33 33 33 33 C9 55
[2025-08-18 19:55:42.686] [DEBUG] 接收数据: A5 60 9F A5 83 55 33 93 7F 63 64 33 33 33 33 33 33 33 33 33 33 33 33 33 33 33 33 33 33 33 33 33 33 33 33 33 33 33 33 33 33 33 33 89 66 69 66 65 85 65 63 66 76 63 64 92 75 A7 63 65 33 33 33 33 33 33 33 37 33 33 33 34 33 33 33 33 33 33 33 33 33 33 33 33 33 33 33 33 33 33 33 CF 55
[2025-08-18 19:55:42.769] [DEBUG] 数据解析成功:
[2025-08-18 19:55:42.782] [INFO]   ID: 0x60
  命令: 0x83 (读)
  寄存器地址: 0x00
  寄存器数量: 0
[2025-08-18 19:55:42.805] [DEBUG] 组包成功，数据长度: 21 字节
[2025-08-18 19:55:42.816] [DEBUG] 发送数据: A5 60 9F A5 01 0D 3B 34 33 33 33 33 33 33 33 33 33 33 33 8E 55
[2025-08-18 19:55:43.850] [DEBUG] 接收数据: A5 60 9F A5 81 0D 3B 34 33 33 33 33 33 33 33 33 33 33 33 B9 55
[2025-08-18 19:55:43.881] [DEBUG] 数据解析成功:
[2025-08-18 19:55:43.902] [INFO]   ID: 0x60
  命令: 0x81 (读)
  寄存器地址: 0x08
  寄存器数量: 0
[2025-08-18 19:55:43.918] [INFO] 
全局变量中的LED显示信息已更新:
[2025-08-18 19:55:43.944] [INFO]   屏幕状态: 开
  亮度级别: 0
  数字显示: 0
  LOGO状态: 0 (0关, 1白, 2红)
  护盾状态: 0 (0关, 1白, 2绿)
  ReadyGo状态: 0 (0关, 1白, 2红)
  左转向灯: 0 (0关, 1白, 2橙)
  右转向灯: 0 (0关, 1白, 2橙)
  灯环状态: 0 (0关, 1蓝, 2红)
[2025-08-18 19:55:43.960] [INFO] 结果: PASS | 用时: 2.360s
[2025-08-18 19:55:43.965] [INFO] ==== 执行用例 #2 ====
[2025-08-18 19:55:43.977] [INFO] 参数: {'screen_on': 1, 'brightness': 0, 'digital': 0, 'logo': 0, 'rim_state': 0, 'rdygo': 0, 'turn_left': 0, 'turn_right': 0, 'ring': 0} | 备注: 
[2025-08-18 19:55:44.007] [DEBUG] 修改后的LED显示信息:
[2025-08-18 19:55:44.017] [INFO]   屏幕状态: 开
  亮度级别: 0
  数字显示: 0
  LOGO状态: 0 (0关, 1白, 2红)
  护盾状态: 0 (0关, 1白, 2绿)
  ReadyGo状态: 0 (0关, 1白, 2红)
  左转向灯: 0 (0关, 1白, 2橙)
  右转向灯: 0 (0关, 1白, 2橙)
  灯环状态: 0 (0关, 1蓝, 2红)
[2025-08-18 19:55:44.032] [DEBUG] 组包成功，数据长度: 21 字节
[2025-08-18 19:55:44.037] [DEBUG] 发送数据: A5 60 9F A5 03 0D 3B 34 33 33 33 33 33 33 33 33 33 33 33 C9 55
[2025-08-18 19:55:45.063] [DEBUG] 接收数据: A5 60 9F A5 83 55 33 93 7F 63 64 33 33 33 33 33 33 33 33 33 33 33 33 33 33 33 33 33 33 33 33 33 33 33 33 33 33 33 33 33 33 33 33 89 66 69 66 65 85 65 63 66 76 63 64 92 75 A7 63 65 33 33 33 33 33 33 33 36 33 33 33 34 33 33 33 33 33 33 33 33 33 33 33 33 33 33 33 33 33 33 33 3A 55
[2025-08-18 19:55:45.139] [DEBUG] 数据解析成功:
[2025-08-18 19:55:45.153] [INFO]   ID: 0x60
  命令: 0x83 (读)
  寄存器地址: 0x00
  寄存器数量: 0
[2025-08-18 19:55:45.175] [DEBUG] 组包成功，数据长度: 21 字节
[2025-08-18 19:55:45.185] [DEBUG] 发送数据: A5 60 9F A5 01 0D 3B 34 33 33 33 33 33 33 33 33 33 33 33 8E 55
[2025-08-18 19:55:46.215] [DEBUG] 接收数据: A5 60 9F A5 81 0D 3B 34 33 33 33 33 33 33 33 33 33 33 33 B9 55
[2025-08-18 19:55:46.246] [DEBUG] 数据解析成功:
[2025-08-18 19:55:46.260] [INFO]   ID: 0x60
  命令: 0x81 (读)
  寄存器地址: 0x08
  寄存器数量: 0
[2025-08-18 19:55:46.281] [INFO] 
全局变量中的LED显示信息已更新:
[2025-08-18 19:55:46.303] [INFO]   屏幕状态: 开
  亮度级别: 0
  数字显示: 0
  LOGO状态: 0 (0关, 1白, 2红)
  护盾状态: 0 (0关, 1白, 2绿)
  ReadyGo状态: 0 (0关, 1白, 2红)
  左转向灯: 0 (0关, 1白, 2橙)
  右转向灯: 0 (0关, 1白, 2橙)
  灯环状态: 0 (0关, 1蓝, 2红)
[2025-08-18 19:55:46.319] [INFO] 结果: PASS | 用时: 2.353s
[2025-08-18 19:55:46.329] [INFO] ==== 执行用例 #3 ====
[2025-08-18 19:55:46.337] [INFO] 参数: {'screen_on': 1, 'brightness': 0, 'digital': 0, 'logo': 0, 'rim_state': 0, 'rdygo': 0, 'turn_left': 0, 'turn_right': 0, 'ring': 0} | 备注: 
[2025-08-18 19:55:46.367] [DEBUG] 修改后的LED显示信息:
[2025-08-18 19:55:46.381] [INFO]   屏幕状态: 开
  亮度级别: 0
  数字显示: 0
  LOGO状态: 0 (0关, 1白, 2红)
  护盾状态: 0 (0关, 1白, 2绿)
  ReadyGo状态: 0 (0关, 1白, 2红)
  左转向灯: 0 (0关, 1白, 2橙)
  右转向灯: 0 (0关, 1白, 2橙)
  灯环状态: 0 (0关, 1蓝, 2红)
[2025-08-18 19:55:46.397] [DEBUG] 组包成功，数据长度: 21 字节
[2025-08-18 19:55:46.407] [DEBUG] 发送数据: A5 60 9F A5 03 0D 3B 34 33 33 33 33 33 33 33 33 33 33 33 C9 55
[2025-08-18 19:55:47.435] [DEBUG] 接收数据: A5 60 9F A5 83 55 33 93 7F 63 64 33 33 33 33 33 33 33 33 33 33 33 33 33 33 33 33 33 33 33 33 33 33 33 33 33 33 33 33 33 33 33 33 89 66 69 66 65 85 65 63 66 76 63 64 92 75 A7 63 65 33 33 33 33 33 33 33 36 33 33 33 34 33 33 33 33 33 33 33 33 33 33 33 33 33 33 33 33 33 33 33 3A 55
[2025-08-18 19:55:47.478] [DEBUG] 数据解析成功:
[2025-08-18 19:55:47.492] [INFO]   ID: 0x60
  命令: 0x83 (读)
  寄存器地址: 0x00
  寄存器数量: 0
[2025-08-18 19:55:47.512] [DEBUG] 组包成功，数据长度: 21 字节
[2025-08-18 19:55:47.524] [DEBUG] 发送数据: A5 60 9F A5 01 0D 3B 34 33 33 33 33 33 33 33 33 33 33 33 8E 55
