[2025-08-25 19:14:40.640] [INFO] 初始化 BLE 协议通信...
[2025-08-25 19:14:40.662] [INFO] 生成排列组合用例 6561 条
[2025-08-25 19:14:40.662] [INFO] ==== 执行用例 #1 ====
[2025-08-25 19:14:40.663] [INFO] 参数: {'screen_on': 1, 'brightness': 5, 'digital': 0, 'logo': 0, 'rim_state': 0, 'rdygo': 0, 'turn_left': 0, 'turn_right': 0, 'ring': 0} | 备注: 
[2025-08-25 19:14:40.664] [DEBUG] 修改后的LED显示信息:
[2025-08-25 19:14:40.664] [INFO]   屏幕状态: 开
  亮度级别: 5
  数字显示: 0
  LOGO状态: 0 (0关, 1白, 2红)
  护盾状态: 0 (0关, 1白, 2绿)
  ReadyGo状态: 0 (0关, 1白, 2红)
  左转向灯: 0 (0关, 1白, 2橙)
  右转向灯: 0 (0关, 1白, 2橙)
  灯环状态: 0 (0关, 1蓝, 2红)
[2025-08-25 19:14:40.665] [DEBUG] 组包成功，数据长度: 21 字节
[2025-08-25 19:14:40.666] [DEBUG] 发送数据: A5 60 9F A5 03 0D 3B 3E 33 33 33 33 33 33 33 33 33 33 33 1A 55
[2025-08-25 19:14:41.672] [DEBUG] 接收数据: A5 60 9F A5 83 55 33 93 7F 63 64 33 33 33 33 33 33 33 33 33 33 33 33 33 33 33 33 33 33 33 33 33 33 33 33 33 33 33 33 33 33 33 33 89 66 69 66 65 85 64 63 64 76 63 64 92 75 A7 63 65 33 33 33 33 33 37 33 38 33 33 33 3E 33 33 33 33 33 33 33 33 33 33 33 33 33 33 33 33 33 33 33 B3 55
[2025-08-25 19:14:41.673] [DEBUG] 数据解析成功:
[2025-08-25 19:14:41.674] [INFO]   ID: 0x60
  命令: 0x83 (读)
  寄存器地址: 0x00
  寄存器数量: 0
[2025-08-25 19:14:41.674] [DEBUG] 组包成功，数据长度: 21 字节
[2025-08-25 19:14:41.675] [DEBUG] 发送数据: A5 60 9F A5 01 0D 3B 3E 33 33 33 33 33 33 33 33 33 33 33 5D 55
[2025-08-25 19:14:42.680] [DEBUG] 接收数据: A5 60 9F A5 81 0D 3B 3E 33 33 33 33 33 33 33 33 33 33 33 6A 55
[2025-08-25 19:14:42.680] [DEBUG] 数据解析成功:
[2025-08-25 19:14:42.681] [INFO]   ID: 0x60
  命令: 0x81 (读)
  寄存器地址: 0x08
  寄存器数量: 0
[2025-08-25 19:14:42.681] [INFO] 
全局变量中的LED显示信息已更新:
[2025-08-25 19:14:42.681] [INFO]   屏幕状态: 开
  亮度级别: 5
  数字显示: 0
  LOGO状态: 0 (0关, 1白, 2红)
  护盾状态: 0 (0关, 1白, 2绿)
  ReadyGo状态: 0 (0关, 1白, 2红)
  左转向灯: 0 (0关, 1白, 2橙)
  右转向灯: 0 (0关, 1白, 2橙)
  灯环状态: 0 (0关, 1蓝, 2红)
[2025-08-25 19:14:42.681] [INFO] 结果: PASS | 用时: 2.019s
[2025-08-25 19:14:42.683] [INFO] ==== 执行用例 #2 ====
[2025-08-25 19:14:42.683] [INFO] 参数: {'screen_on': 1, 'brightness': 5, 'digital': 0, 'logo': 0, 'rim_state': 0, 'rdygo': 0, 'turn_left': 0, 'turn_right': 0, 'ring': 1} | 备注: 
[2025-08-25 19:14:42.683] [DEBUG] 修改后的LED显示信息:
[2025-08-25 19:14:42.683] [INFO]   屏幕状态: 开
  亮度级别: 5
  数字显示: 0
  LOGO状态: 0 (0关, 1白, 2红)
  护盾状态: 0 (0关, 1白, 2绿)
  ReadyGo状态: 0 (0关, 1白, 2红)
  左转向灯: 0 (0关, 1白, 2橙)
  右转向灯: 0 (0关, 1白, 2橙)
  灯环状态: 1 (0关, 1蓝, 2红)
[2025-08-25 19:14:42.684] [DEBUG] 组包成功，数据长度: 21 字节
[2025-08-25 19:14:42.684] [DEBUG] 发送数据: A5 60 9F A5 03 0D 3B 3E 33 33 33 33 33 35 33 33 33 33 33 EB 55
[2025-08-25 19:14:43.687] [DEBUG] 接收数据: A5 60 9F A5 83 55 33 93 7F 63 64 33 33 33 33 33 33 33 33 33 33 33 33 33 33 33 33 33 33 33 33 33 33 33 33 33 33 33 33 33 33 33 33 89 66 69 66 65 85 64 63 64 76 63 64 92 75 A7 63 65 33 33 33 33 33 37 33 37 33 33 33 3E 33 33 33 33 33 35 33 33 33 33 33 33 33 33 33 33 33 33 33 A9 55
[2025-08-25 19:14:43.688] [DEBUG] 数据解析成功:
[2025-08-25 19:14:43.689] [INFO]   ID: 0x60
  命令: 0x83 (读)
  寄存器地址: 0x00
  寄存器数量: 0
[2025-08-25 19:14:43.691] [DEBUG] 组包成功，数据长度: 21 字节
[2025-08-25 19:14:43.691] [DEBUG] 发送数据: A5 60 9F A5 01 0D 3B 3E 33 33 33 33 33 35 33 33 33 33 33 AC 55
[2025-08-25 19:14:44.693] [DEBUG] 接收数据: A5 60 9F A5 81 0D 3B 3E 33 33 33 33 33 35 33 33 33 33 33 9B 55
[2025-08-25 19:14:44.694] [DEBUG] 数据解析成功:
[2025-08-25 19:14:44.695] [INFO]   ID: 0x60
  命令: 0x81 (读)
  寄存器地址: 0x08
  寄存器数量: 0
[2025-08-25 19:14:44.695] [INFO] 
全局变量中的LED显示信息已更新:
[2025-08-25 19:14:44.696] [INFO]   屏幕状态: 开
  亮度级别: 5
  数字显示: 0
  LOGO状态: 0 (0关, 1白, 2红)
  护盾状态: 0 (0关, 1白, 2绿)
  ReadyGo状态: 0 (0关, 1白, 2红)
  左转向灯: 0 (0关, 1白, 2橙)
  右转向灯: 0 (0关, 1白, 2橙)
  灯环状态: 1 (0关, 1蓝, 2红)
[2025-08-25 19:14:44.697] [INFO] 结果: PASS | 用时: 2.014s
[2025-08-25 19:14:44.697] [INFO] ==== 执行用例 #3 ====
[2025-08-25 19:14:44.697] [INFO] 参数: {'screen_on': 1, 'brightness': 5, 'digital': 0, 'logo': 0, 'rim_state': 0, 'rdygo': 0, 'turn_left': 0, 'turn_right': 0, 'ring': 2} | 备注: 
[2025-08-25 19:14:44.698] [DEBUG] 修改后的LED显示信息:
[2025-08-25 19:14:44.699] [INFO]   屏幕状态: 开
  亮度级别: 5
  数字显示: 0
  LOGO状态: 0 (0关, 1白, 2红)
  护盾状态: 0 (0关, 1白, 2绿)
  ReadyGo状态: 0 (0关, 1白, 2红)
  左转向灯: 0 (0关, 1白, 2橙)
  右转向灯: 0 (0关, 1白, 2橙)
  灯环状态: 2 (0关, 1蓝, 2红)
[2025-08-25 19:14:44.699] [DEBUG] 组包成功，数据长度: 21 字节
[2025-08-25 19:14:44.700] [DEBUG] 发送数据: A5 60 9F A5 03 0D 3B 3E 33 33 33 33 33 37 33 33 33 33 33 4F 55
[2025-08-25 19:14:45.704] [DEBUG] 接收数据: A5 60 9F A5 83 55 33 93 7F 63 64 33 33 33 33 33 33 33 33 33 33 33 33 33 33 33 33 33 33 33 33 33 33 33 33 33 33 33 33 33 33 33 33 89 66 69 66 65 85 64 63 64 76 63 64 92 75 A7 63 65 33 33 33 33 33 37 33 38 33 33 33 3E 33 33 33 33 33 37 33 33 33 33 33 33 33 33 33 33 33 33 33 2C 55
[2025-08-25 19:14:45.706] [DEBUG] 数据解析成功:
[2025-08-25 19:14:45.707] [INFO]   ID: 0x60
  命令: 0x83 (读)
  寄存器地址: 0x00
  寄存器数量: 0
[2025-08-25 19:14:45.708] [DEBUG] 组包成功，数据长度: 21 字节
[2025-08-25 19:14:45.709] [DEBUG] 发送数据: A5 60 9F A5 01 0D 3B 3E 33 33 33 33 33 37 33 33 33 33 33 08 55
[2025-08-25 19:14:46.711] [DEBUG] 接收数据: A5 60 9F A5 81 0D 3B 3E 33 33 33 33 33 37 33 33 33 33 33 3F 55
[2025-08-25 19:14:46.712] [DEBUG] 数据解析成功:
[2025-08-25 19:14:46.713] [INFO]   ID: 0x60
  命令: 0x81 (读)
  寄存器地址: 0x08
  寄存器数量: 0
[2025-08-25 19:14:46.714] [INFO] 
全局变量中的LED显示信息已更新:
[2025-08-25 19:14:46.715] [INFO]   屏幕状态: 开
  亮度级别: 5
  数字显示: 0
  LOGO状态: 0 (0关, 1白, 2红)
  护盾状态: 0 (0关, 1白, 2绿)
  ReadyGo状态: 0 (0关, 1白, 2红)
  左转向灯: 0 (0关, 1白, 2橙)
  右转向灯: 0 (0关, 1白, 2橙)
  灯环状态: 2 (0关, 1蓝, 2红)
[2025-08-25 19:14:46.715] [INFO] 结果: PASS | 用时: 2.018s
[2025-08-25 19:14:46.716] [INFO] ==== 执行用例 #4 ====
[2025-08-25 19:14:46.716] [INFO] 参数: {'screen_on': 1, 'brightness': 5, 'digital': 0, 'logo': 0, 'rim_state': 0, 'rdygo': 0, 'turn_left': 0, 'turn_right': 1, 'ring': 0} | 备注: 
[2025-08-25 19:14:46.717] [DEBUG] 修改后的LED显示信息:
[2025-08-25 19:14:46.718] [INFO]   屏幕状态: 开
  亮度级别: 5
  数字显示: 0
  LOGO状态: 0 (0关, 1白, 2红)
  护盾状态: 0 (0关, 1白, 2绿)
  ReadyGo状态: 0 (0关, 1白, 2红)
  左转向灯: 0 (0关, 1白, 2橙)
  右转向灯: 1 (0关, 1白, 2橙)
  灯环状态: 0 (0关, 1蓝, 2红)
[2025-08-25 19:14:46.718] [DEBUG] 组包成功，数据长度: 21 字节
[2025-08-25 19:14:46.719] [DEBUG] 发送数据: A5 60 9F A5 03 0D 3B 3E 33 33 33 33 B3 33 33 33 33 33 33 33 55
[2025-08-25 19:14:47.723] [DEBUG] 接收数据: A5 60 9F A5 83 55 33 93 7F 63 64 33 33 33 33 33 33 33 33 33 33 33 33 33 33 33 33 33 33 33 33 33 33 33 33 33 33 33 33 33 33 33 33 89 66 69 66 65 85 64 63 64 76 63 64 92 75 A7 63 65 33 33 33 33 33 37 33 38 33 33 33 3E 33 33 33 33 B3 33 33 33 33 33 33 33 33 33 33 33 33 33 33 84 55
[2025-08-25 19:14:47.725] [DEBUG] 数据解析成功:
[2025-08-25 19:14:47.727] [INFO]   ID: 0x60
  命令: 0x83 (读)
  寄存器地址: 0x00
  寄存器数量: 0
[2025-08-25 19:14:47.729] [DEBUG] 组包成功，数据长度: 21 字节
[2025-08-25 19:14:47.731] [DEBUG] 发送数据: A5 60 9F A5 01 0D 3B 3E 33 33 33 33 B3 33 33 33 33 33 33 74 55
[2025-08-25 19:14:48.739] [DEBUG] 接收数据: A5 60 9F A5 81 0D 3B 3E 33 33 33 33 B3 33 33 33 33 33 33 43 55
[2025-08-25 19:14:48.740] [DEBUG] 数据解析成功:
[2025-08-25 19:14:48.742] [INFO]   ID: 0x60
  命令: 0x81 (读)
  寄存器地址: 0x08
  寄存器数量: 0
[2025-08-25 19:14:48.743] [INFO] 
全局变量中的LED显示信息已更新:
[2025-08-25 19:14:48.744] [INFO]   屏幕状态: 开
  亮度级别: 5
  数字显示: 0
  LOGO状态: 0 (0关, 1白, 2红)
  护盾状态: 0 (0关, 1白, 2绿)
  ReadyGo状态: 0 (0关, 1白, 2红)
  左转向灯: 0 (0关, 1白, 2橙)
  右转向灯: 1 (0关, 1白, 2橙)
  灯环状态: 0 (0关, 1蓝, 2红)
[2025-08-25 19:14:48.744] [INFO] 结果: PASS | 用时: 2.027s
[2025-08-25 19:14:48.745] [INFO] ==== 执行用例 #5 ====
[2025-08-25 19:14:48.746] [INFO] 参数: {'screen_on': 1, 'brightness': 5, 'digital': 0, 'logo': 0, 'rim_state': 0, 'rdygo': 0, 'turn_left': 0, 'turn_right': 1, 'ring': 1} | 备注: 
[2025-08-25 19:14:48.746] [DEBUG] 修改后的LED显示信息:
[2025-08-25 19:14:48.747] [INFO]   屏幕状态: 开
  亮度级别: 5
  数字显示: 0
  LOGO状态: 0 (0关, 1白, 2红)
  护盾状态: 0 (0关, 1白, 2绿)
  ReadyGo状态: 0 (0关, 1白, 2红)
  左转向灯: 0 (0关, 1白, 2橙)
  右转向灯: 1 (0关, 1白, 2橙)
  灯环状态: 1 (0关, 1蓝, 2红)
[2025-08-25 19:14:48.748] [DEBUG] 组包成功，数据长度: 21 字节
[2025-08-25 19:14:48.749] [DEBUG] 发送数据: A5 60 9F A5 03 0D 3B 3E 33 33 33 33 B3 35 33 33 33 33 33 C2 55
[2025-08-25 19:14:49.752] [DEBUG] 接收数据: A5 60 9F A5 83 55 33 93 7F 63 64 33 33 33 33 33 33 33 33 33 33 33 33 33 33 33 33 33 33 33 33 33 33 33 33 33 33 33 33 33 33 33 33 89 66 69 66 65 85 64 63 64 76 63 64 92 75 A7 63 65 33 33 33 33 33 37 33 38 33 33 33 3E 33 33 33 33 B3 35 33 33 33 33 33 33 33 33 33 33 33 33 33 DA 55
[2025-08-25 19:14:49.753] [DEBUG] 数据解析成功:
[2025-08-25 19:14:49.754] [INFO]   ID: 0x60
  命令: 0x83 (读)
  寄存器地址: 0x00
  寄存器数量: 0
[2025-08-25 19:14:49.756] [DEBUG] 组包成功，数据长度: 21 字节
[2025-08-25 19:14:49.757] [DEBUG] 发送数据: A5 60 9F A5 01 0D 3B 3E 33 33 33 33 B3 35 33 33 33 33 33 85 55
[2025-08-25 19:14:50.761] [DEBUG] 接收数据: A5 60 9F A5 81 0D 3B 3E 33 33 33 33 B3 35 33 33 33 33 33 B2 55
[2025-08-25 19:14:50.762] [DEBUG] 数据解析成功:
[2025-08-25 19:14:50.762] [INFO]   ID: 0x60
  命令: 0x81 (读)
  寄存器地址: 0x08
  寄存器数量: 0
[2025-08-25 19:14:50.763] [INFO] 
全局变量中的LED显示信息已更新:
[2025-08-25 19:14:50.763] [INFO]   屏幕状态: 开
  亮度级别: 5
  数字显示: 0
  LOGO状态: 0 (0关, 1白, 2红)
  护盾状态: 0 (0关, 1白, 2绿)
  ReadyGo状态: 0 (0关, 1白, 2红)
  左转向灯: 0 (0关, 1白, 2橙)
  右转向灯: 1 (0关, 1白, 2橙)
  灯环状态: 1 (0关, 1蓝, 2红)
[2025-08-25 19:14:50.765] [INFO] 结果: PASS | 用时: 2.020s
[2025-08-25 19:14:50.766] [INFO] ==== 执行用例 #6 ====
[2025-08-25 19:14:50.767] [INFO] 参数: {'screen_on': 1, 'brightness': 5, 'digital': 0, 'logo': 0, 'rim_state': 0, 'rdygo': 0, 'turn_left': 0, 'turn_right': 1, 'ring': 2} | 备注: 
[2025-08-25 19:14:50.768] [DEBUG] 修改后的LED显示信息:
[2025-08-25 19:14:50.770] [INFO]   屏幕状态: 开
  亮度级别: 5
  数字显示: 0
  LOGO状态: 0 (0关, 1白, 2红)
  护盾状态: 0 (0关, 1白, 2绿)
  ReadyGo状态: 0 (0关, 1白, 2红)
  左转向灯: 0 (0关, 1白, 2橙)
  右转向灯: 1 (0关, 1白, 2橙)
  灯环状态: 2 (0关, 1蓝, 2红)
[2025-08-25 19:14:50.771] [DEBUG] 组包成功，数据长度: 21 字节
[2025-08-25 19:14:50.773] [DEBUG] 发送数据: A5 60 9F A5 03 0D 3B 3E 33 33 33 33 B3 37 33 33 33 33 33 66 55
[2025-08-25 19:14:51.777] [DEBUG] 接收数据: A5 60 9F A5 83 55 33 93 7F 63 64 33 33 33 33 33 33 33 33 33 33 33 33 33 33 33 33 33 33 33 33 33 33 33 33 33 33 33 33 33 33 33 33 89 66 69 66 65 85 64 63 64 76 63 64 92 75 A7 63 65 33 33 33 33 33 37 33 37 33 33 33 3E 33 33 33 33 B3 37 33 33 33 33 33 33 33 33 33 33 33 33 33 5F 55
[2025-08-25 19:14:51.777] [DEBUG] 数据解析成功:
[2025-08-25 19:14:51.779] [INFO]   ID: 0x60
  命令: 0x83 (读)
  寄存器地址: 0x00
  寄存器数量: 0
[2025-08-25 19:14:51.780] [DEBUG] 组包成功，数据长度: 21 字节
[2025-08-25 19:14:51.780] [DEBUG] 发送数据: A5 60 9F A5 01 0D 3B 3E 33 33 33 33 B3 37 33 33 33 33 33 21 55
[2025-08-25 19:14:52.787] [DEBUG] 接收数据: A5 60 9F A5 81 0D 3B 3E 33 33 33 33 B3 37 33 33 33 33 33 16 55
[2025-08-25 19:14:52.789] [DEBUG] 数据解析成功:
[2025-08-25 19:14:52.789] [INFO]   ID: 0x60
  命令: 0x81 (读)
  寄存器地址: 0x08
  寄存器数量: 0
[2025-08-25 19:14:52.791] [INFO] 
全局变量中的LED显示信息已更新:
[2025-08-25 19:14:52.792] [INFO]   屏幕状态: 开
  亮度级别: 5
  数字显示: 0
  LOGO状态: 0 (0关, 1白, 2红)
  护盾状态: 0 (0关, 1白, 2绿)
  ReadyGo状态: 0 (0关, 1白, 2红)
  左转向灯: 0 (0关, 1白, 2橙)
  右转向灯: 1 (0关, 1白, 2橙)
  灯环状态: 2 (0关, 1蓝, 2红)
[2025-08-25 19:14:52.792] [INFO] 结果: PASS | 用时: 2.026s
[2025-08-25 19:14:52.794] [INFO] ==== 执行用例 #7 ====
[2025-08-25 19:14:52.794] [INFO] 参数: {'screen_on': 1, 'brightness': 5, 'digital': 0, 'logo': 0, 'rim_state': 0, 'rdygo': 0, 'turn_left': 0, 'turn_right': 2, 'ring': 0} | 备注: 
[2025-08-25 19:14:52.797] [DEBUG] 修改后的LED显示信息:
[2025-08-25 19:14:52.797] [INFO]   屏幕状态: 开
  亮度级别: 5
  数字显示: 0
  LOGO状态: 0 (0关, 1白, 2红)
  护盾状态: 0 (0关, 1白, 2绿)
  ReadyGo状态: 0 (0关, 1白, 2红)
  左转向灯: 0 (0关, 1白, 2橙)
  右转向灯: 2 (0关, 1白, 2橙)
  灯环状态: 0 (0关, 1蓝, 2红)
[2025-08-25 19:14:52.797] [DEBUG] 组包成功，数据长度: 21 字节
[2025-08-25 19:14:52.797] [DEBUG] 发送数据: A5 60 9F A5 03 0D 3B 3E 33 33 33 33 33 34 33 33 33 33 33 B9 55
[2025-08-25 19:14:53.801] [DEBUG] 接收数据: A5 60 9F A5 83 55 33 93 7F 63 64 33 33 33 33 33 33 33 33 33 33 33 33 33 33 33 33 33 33 33 33 33 33 33 33 33 33 33 33 33 33 33 33 89 66 69 66 65 85 64 63 64 76 63 64 92 75 A7 63 65 33 33 33 33 33 37 33 37 33 33 33 3E 33 33 33 33 33 34 33 33 33 33 33 33 33 33 33 33 33 33 33 C7 55
[2025-08-25 19:14:53.801] [DEBUG] 数据解析成功:
[2025-08-25 19:14:53.801] [INFO]   ID: 0x60
  命令: 0x83 (读)
  寄存器地址: 0x00
  寄存器数量: 0
[2025-08-25 19:14:53.801] [DEBUG] 组包成功，数据长度: 21 字节
[2025-08-25 19:14:53.804] [DEBUG] 发送数据: A5 60 9F A5 01 0D 3B 3E 33 33 33 33 33 34 33 33 33 33 33 FE 55
[2025-08-25 19:14:54.810] [DEBUG] 接收数据: A5 60 9F A5 81 0D 3B 3E 33 33 33 33 33 34 33 33 33 33 33 C9 55
[2025-08-25 19:14:54.810] [DEBUG] 数据解析成功:
[2025-08-25 19:14:54.813] [INFO]   ID: 0x60
  命令: 0x81 (读)
  寄存器地址: 0x08
  寄存器数量: 0
[2025-08-25 19:14:54.813] [INFO] 
全局变量中的LED显示信息已更新:
[2025-08-25 19:14:54.818] [INFO]   屏幕状态: 开
  亮度级别: 5
  数字显示: 0
  LOGO状态: 0 (0关, 1白, 2红)
  护盾状态: 0 (0关, 1白, 2绿)
  ReadyGo状态: 0 (0关, 1白, 2红)
  左转向灯: 0 (0关, 1白, 2橙)
  右转向灯: 2 (0关, 1白, 2橙)
  灯环状态: 0 (0关, 1蓝, 2红)
[2025-08-25 19:14:54.820] [INFO] 结果: PASS | 用时: 2.027s
[2025-08-25 19:14:54.820] [INFO] ==== 执行用例 #8 ====
[2025-08-25 19:14:54.823] [INFO] 参数: {'screen_on': 1, 'brightness': 5, 'digital': 0, 'logo': 0, 'rim_state': 0, 'rdygo': 0, 'turn_left': 0, 'turn_right': 2, 'ring': 1} | 备注: 
[2025-08-25 19:14:54.825] [DEBUG] 修改后的LED显示信息:
[2025-08-25 19:14:54.826] [INFO]   屏幕状态: 开
  亮度级别: 5
  数字显示: 0
  LOGO状态: 0 (0关, 1白, 2红)
  护盾状态: 0 (0关, 1白, 2绿)
  ReadyGo状态: 0 (0关, 1白, 2红)
  左转向灯: 0 (0关, 1白, 2橙)
  右转向灯: 2 (0关, 1白, 2橙)
  灯环状态: 1 (0关, 1蓝, 2红)
[2025-08-25 19:14:54.829] [DEBUG] 组包成功，数据长度: 21 字节
[2025-08-25 19:14:54.831] [DEBUG] 发送数据: A5 60 9F A5 03 0D 3B 3E 33 33 33 33 33 36 33 33 33 33 33 1D 55
[2025-08-25 19:14:55.833] [DEBUG] 接收数据: A5 60 9F A5 83 55 33 93 7F 63 64 33 33 33 33 33 33 33 33 33 33 33 33 33 33 33 33 33 33 33 33 33 33 33 33 33 33 33 33 33 33 33 33 89 66 69 66 65 85 64 63 64 76 63 64 92 75 A7 63 65 33 33 33 33 33 37 33 37 33 33 33 3E 33 33 33 33 33 36 33 33 33 33 33 33 33 33 33 33 33 33 33 06 55
[2025-08-25 19:14:55.835] [DEBUG] 数据解析成功:
[2025-08-25 19:14:55.835] [INFO]   ID: 0x60
  命令: 0x83 (读)
  寄存器地址: 0x00
  寄存器数量: 0
[2025-08-25 19:14:55.835] [DEBUG] 组包成功，数据长度: 21 字节
[2025-08-25 19:14:55.840] [DEBUG] 发送数据: A5 60 9F A5 01 0D 3B 3E 33 33 33 33 33 36 33 33 33 33 33 5A 55
[2025-08-25 19:14:56.846] [DEBUG] 接收数据: A5 60 9F A5 81 0D 3B 3E 33 33 33 33 33 36 33 33 33 33 33 6D 55
[2025-08-25 19:14:56.848] [DEBUG] 数据解析成功:
[2025-08-25 19:14:56.849] [INFO]   ID: 0x60
  命令: 0x81 (读)
  寄存器地址: 0x08
  寄存器数量: 0
[2025-08-25 19:14:56.851] [INFO] 
全局变量中的LED显示信息已更新:
[2025-08-25 19:14:56.851] [INFO]   屏幕状态: 开
  亮度级别: 5
  数字显示: 0
  LOGO状态: 0 (0关, 1白, 2红)
  护盾状态: 0 (0关, 1白, 2绿)
  ReadyGo状态: 0 (0关, 1白, 2红)
  左转向灯: 0 (0关, 1白, 2橙)
  右转向灯: 2 (0关, 1白, 2橙)
  灯环状态: 1 (0关, 1蓝, 2红)
[2025-08-25 19:14:56.852] [INFO] 结果: PASS | 用时: 2.031s
[2025-08-25 19:14:56.852] [INFO] ==== 执行用例 #9 ====
[2025-08-25 19:14:56.853] [INFO] 参数: {'screen_on': 1, 'brightness': 5, 'digital': 0, 'logo': 0, 'rim_state': 0, 'rdygo': 0, 'turn_left': 0, 'turn_right': 2, 'ring': 2} | 备注: 
[2025-08-25 19:14:56.855] [DEBUG] 修改后的LED显示信息:
[2025-08-25 19:14:56.855] [INFO]   屏幕状态: 开
  亮度级别: 5
  数字显示: 0
  LOGO状态: 0 (0关, 1白, 2红)
  护盾状态: 0 (0关, 1白, 2绿)
  ReadyGo状态: 0 (0关, 1白, 2红)
  左转向灯: 0 (0关, 1白, 2橙)
  右转向灯: 2 (0关, 1白, 2橙)
  灯环状态: 2 (0关, 1蓝, 2红)
[2025-08-25 19:14:56.858] [DEBUG] 组包成功，数据长度: 21 字节
[2025-08-25 19:14:56.858] [DEBUG] 发送数据: A5 60 9F A5 03 0D 3B 3E 33 33 33 33 33 38 33 33 33 33 33 46 55
[2025-08-25 19:14:57.863] [DEBUG] 接收数据: A5 60 9F A5 83 55 33 93 7F 63 64 33 33 33 33 33 33 33 33 33 33 33 33 33 33 33 33 33 33 33 33 33 33 33 33 33 33 33 33 33 33 33 33 89 66 69 66 65 85 64 63 64 76 63 64 92 75 A7 63 65 33 33 33 33 33 37 33 37 33 33 33 3E 33 33 33 33 33 38 33 33 33 33 33 33 33 33 33 33 33 33 33 66 55
[2025-08-25 19:14:57.865] [DEBUG] 数据解析成功:
[2025-08-25 19:14:57.866] [INFO]   ID: 0x60
  命令: 0x83 (读)
  寄存器地址: 0x00
  寄存器数量: 0
[2025-08-25 19:14:57.868] [DEBUG] 组包成功，数据长度: 21 字节
[2025-08-25 19:14:57.869] [DEBUG] 发送数据: A5 60 9F A5 01 0D 3B 3E 33 33 33 33 33 38 33 33 33 33 33 01 55
[2025-08-25 19:14:58.875] [DEBUG] 接收数据: A5 60 9F A5 81 0D 3B 3E 33 33 33 33 33 38 33 33 33 33 33 36 55
[2025-08-25 19:14:58.876] [DEBUG] 数据解析成功:
[2025-08-25 19:14:58.877] [INFO]   ID: 0x60
  命令: 0x81 (读)
  寄存器地址: 0x08
  寄存器数量: 0
[2025-08-25 19:14:58.878] [INFO] 
全局变量中的LED显示信息已更新:
[2025-08-25 19:14:58.879] [INFO]   屏幕状态: 开
  亮度级别: 5
  数字显示: 0
  LOGO状态: 0 (0关, 1白, 2红)
  护盾状态: 0 (0关, 1白, 2绿)
  ReadyGo状态: 0 (0关, 1白, 2红)
  左转向灯: 0 (0关, 1白, 2橙)
  右转向灯: 2 (0关, 1白, 2橙)
  灯环状态: 2 (0关, 1蓝, 2红)
[2025-08-25 19:14:58.881] [INFO] 结果: PASS | 用时: 2.028s
[2025-08-25 19:14:58.881] [INFO] ==== 执行用例 #10 ====
[2025-08-25 19:14:58.882] [INFO] 参数: {'screen_on': 1, 'brightness': 5, 'digital': 0, 'logo': 0, 'rim_state': 0, 'rdygo': 0, 'turn_left': 1, 'turn_right': 0, 'ring': 0} | 备注: 
[2025-08-25 19:14:58.884] [DEBUG] 修改后的LED显示信息:
[2025-08-25 19:14:58.885] [INFO]   屏幕状态: 开
  亮度级别: 5
  数字显示: 0
  LOGO状态: 0 (0关, 1白, 2红)
  护盾状态: 0 (0关, 1白, 2绿)
  ReadyGo状态: 0 (0关, 1白, 2红)
  左转向灯: 1 (0关, 1白, 2橙)
  右转向灯: 0 (0关, 1白, 2橙)
  灯环状态: 0 (0关, 1蓝, 2红)
[2025-08-25 19:14:58.887] [DEBUG] 组包成功，数据长度: 21 字节
[2025-08-25 19:14:58.888] [DEBUG] 发送数据: A5 60 9F A5 03 0D 3B 3E 33 33 33 33 53 33 33 33 33 33 33 8D 55
[2025-08-25 19:14:59.890] [DEBUG] 接收数据: A5 60 9F A5 83 55 33 93 7F 63 64 33 33 33 33 33 33 33 33 33 33 33 33 33 33 33 33 33 33 33 33 33 33 33 33 33 33 33 33 33 33 33 33 89 66 69 66 65 85 64 63 64 76 63 64 92 75 A7 63 65 33 33 33 34 33 37 33 37 33 33 33 3E 33 33 33 33 53 33 33 33 33 33 33 33 33 33 33 33 33 33 33 87 55
[2025-08-25 19:14:59.891] [DEBUG] 数据解析成功:
[2025-08-25 19:14:59.891] [INFO]   ID: 0x60
  命令: 0x83 (读)
  寄存器地址: 0x00
  寄存器数量: 0
[2025-08-25 19:14:59.894] [DEBUG] 组包成功，数据长度: 21 字节
[2025-08-25 19:14:59.894] [DEBUG] 发送数据: A5 60 9F A5 01 0D 3B 3E 33 33 33 33 53 33 33 33 33 33 33 CA 55
[2025-08-25 19:15:00.897] [DEBUG] 接收数据: A5 60 9F A5 81 0D 3B 3E 33 33 33 33 53 33 33 33 33 33 33 FD 55
[2025-08-25 19:15:00.899] [DEBUG] 数据解析成功:
[2025-08-25 19:15:00.901] [INFO]   ID: 0x60
  命令: 0x81 (读)
  寄存器地址: 0x08
  寄存器数量: 0
[2025-08-25 19:15:00.902] [INFO] 
全局变量中的LED显示信息已更新:
[2025-08-25 19:15:00.903] [INFO]   屏幕状态: 开
  亮度级别: 5
  数字显示: 0
  LOGO状态: 0 (0关, 1白, 2红)
  护盾状态: 0 (0关, 1白, 2绿)
  ReadyGo状态: 0 (0关, 1白, 2红)
  左转向灯: 1 (0关, 1白, 2橙)
  右转向灯: 0 (0关, 1白, 2橙)
  灯环状态: 0 (0关, 1蓝, 2红)
[2025-08-25 19:15:00.905] [INFO] 结果: PASS | 用时: 2.025s
[2025-08-25 19:15:00.906] [INFO] ==== 执行用例 #11 ====
[2025-08-25 19:15:00.908] [INFO] 参数: {'screen_on': 1, 'brightness': 5, 'digital': 0, 'logo': 0, 'rim_state': 0, 'rdygo': 0, 'turn_left': 1, 'turn_right': 0, 'ring': 1} | 备注: 
[2025-08-25 19:15:00.910] [DEBUG] 修改后的LED显示信息:
[2025-08-25 19:15:00.911] [INFO]   屏幕状态: 开
  亮度级别: 5
  数字显示: 0
  LOGO状态: 0 (0关, 1白, 2红)
  护盾状态: 0 (0关, 1白, 2绿)
  ReadyGo状态: 0 (0关, 1白, 2红)
  左转向灯: 1 (0关, 1白, 2橙)
  右转向灯: 0 (0关, 1白, 2橙)
  灯环状态: 1 (0关, 1蓝, 2红)
[2025-08-25 19:15:00.912] [DEBUG] 组包成功，数据长度: 21 字节
[2025-08-25 19:15:00.913] [DEBUG] 发送数据: A5 60 9F A5 03 0D 3B 3E 33 33 33 33 53 35 33 33 33 33 33 7C 55
[2025-08-25 19:15:01.918] [DEBUG] 接收数据: A5 60 9F A5 83 55 33 93 7F 63 64 33 33 33 33 33 33 33 33 33 33 33 33 33 33 33 33 33 33 33 33 33 33 33 33 33 33 33 33 33 33 33 33 89 66 69 66 65 85 64 63 64 76 63 64 92 75 A7 63 65 33 33 33 33 33 37 33 38 33 33 33 3E 33 33 33 33 53 35 33 33 33 33 33 33 33 33 33 33 33 33 33 FC 55
[2025-08-25 19:15:01.918] [DEBUG] 数据解析成功:
[2025-08-25 19:15:01.920] [INFO]   ID: 0x60
  命令: 0x83 (读)
  寄存器地址: 0x00
  寄存器数量: 0
[2025-08-25 19:15:01.921] [DEBUG] 组包成功，数据长度: 21 字节
[2025-08-25 19:15:01.922] [DEBUG] 发送数据: A5 60 9F A5 01 0D 3B 3E 33 33 33 33 53 35 33 33 33 33 33 3B 55
[2025-08-25 19:15:02.925] [DEBUG] 接收数据: A5 60 9F A5 81 0D 3B 3E 33 33 33 33 53 35 33 33 33 33 33 0C 55
[2025-08-25 19:15:02.925] [DEBUG] 数据解析成功:
[2025-08-25 19:15:02.925] [INFO]   ID: 0x60
  命令: 0x81 (读)
  寄存器地址: 0x08
  寄存器数量: 0
[2025-08-25 19:15:02.927] [INFO] 
全局变量中的LED显示信息已更新:
[2025-08-25 19:15:02.927] [INFO]   屏幕状态: 开
  亮度级别: 5
  数字显示: 0
  LOGO状态: 0 (0关, 1白, 2红)
  护盾状态: 0 (0关, 1白, 2绿)
  ReadyGo状态: 0 (0关, 1白, 2红)
  左转向灯: 1 (0关, 1白, 2橙)
  右转向灯: 0 (0关, 1白, 2橙)
  灯环状态: 1 (0关, 1蓝, 2红)
[2025-08-25 19:15:02.929] [INFO] 结果: PASS | 用时: 2.023s
[2025-08-25 19:15:02.930] [INFO] ==== 执行用例 #12 ====
[2025-08-25 19:15:02.930] [INFO] 参数: {'screen_on': 1, 'brightness': 5, 'digital': 0, 'logo': 0, 'rim_state': 0, 'rdygo': 0, 'turn_left': 1, 'turn_right': 0, 'ring': 2} | 备注: 
[2025-08-25 19:15:02.930] [DEBUG] 修改后的LED显示信息:
[2025-08-25 19:15:02.930] [INFO]   屏幕状态: 开
  亮度级别: 5
  数字显示: 0
  LOGO状态: 0 (0关, 1白, 2红)
  护盾状态: 0 (0关, 1白, 2绿)
  ReadyGo状态: 0 (0关, 1白, 2红)
  左转向灯: 1 (0关, 1白, 2橙)
  右转向灯: 0 (0关, 1白, 2橙)
  灯环状态: 2 (0关, 1蓝, 2红)
[2025-08-25 19:15:02.930] [DEBUG] 组包成功，数据长度: 21 字节
[2025-08-25 19:15:02.930] [DEBUG] 发送数据: A5 60 9F A5 03 0D 3B 3E 33 33 33 33 53 37 33 33 33 33 33 D8 55
[2025-08-25 19:15:03.935] [DEBUG] 接收数据: A5 60 9F A5 83 55 33 93 7F 63 64 33 33 33 33 33 33 33 33 33 33 33 33 33 33 33 33 33 33 33 33 33 33 33 33 33 33 33 33 33 33 33 33 89 66 69 66 65 85 64 63 64 76 63 64 92 75 A7 63 65 33 33 33 33 33 37 33 38 33 33 33 3E 33 33 33 33 53 37 33 33 33 33 33 33 33 33 33 33 33 33 33 3D 55
[2025-08-25 19:15:03.937] [DEBUG] 数据解析成功:
[2025-08-25 19:15:03.938] [INFO]   ID: 0x60
  命令: 0x83 (读)
  寄存器地址: 0x00
  寄存器数量: 0
[2025-08-25 19:15:03.938] [DEBUG] 组包成功，数据长度: 21 字节
[2025-08-25 19:15:03.939] [DEBUG] 发送数据: A5 60 9F A5 01 0D 3B 3E 33 33 33 33 53 37 33 33 33 33 33 9F 55
[2025-08-25 19:15:04.942] [DEBUG] 接收数据: A5 60 9F A5 81 0D 3B 3E 33 33 33 33 53 37 33 33 33 33 33 A8 55
[2025-08-25 19:15:04.943] [DEBUG] 数据解析成功:
[2025-08-25 19:15:04.943] [INFO]   ID: 0x60
  命令: 0x81 (读)
  寄存器地址: 0x08
  寄存器数量: 0
[2025-08-25 19:15:04.943] [INFO] 
全局变量中的LED显示信息已更新:
[2025-08-25 19:15:04.946] [INFO]   屏幕状态: 开
  亮度级别: 5
  数字显示: 0
  LOGO状态: 0 (0关, 1白, 2红)
  护盾状态: 0 (0关, 1白, 2绿)
  ReadyGo状态: 0 (0关, 1白, 2红)
  左转向灯: 1 (0关, 1白, 2橙)
  右转向灯: 0 (0关, 1白, 2橙)
  灯环状态: 2 (0关, 1蓝, 2红)
[2025-08-25 19:15:04.946] [INFO] 结果: PASS | 用时: 2.016s
[2025-08-25 19:15:04.946] [INFO] ==== 执行用例 #13 ====
[2025-08-25 19:15:04.946] [INFO] 参数: {'screen_on': 1, 'brightness': 5, 'digital': 0, 'logo': 0, 'rim_state': 0, 'rdygo': 0, 'turn_left': 1, 'turn_right': 1, 'ring': 0} | 备注: 
[2025-08-25 19:15:04.946] [DEBUG] 修改后的LED显示信息:
[2025-08-25 19:15:04.949] [INFO]   屏幕状态: 开
  亮度级别: 5
  数字显示: 0
  LOGO状态: 0 (0关, 1白, 2红)
  护盾状态: 0 (0关, 1白, 2绿)
  ReadyGo状态: 0 (0关, 1白, 2红)
  左转向灯: 1 (0关, 1白, 2橙)
  右转向灯: 1 (0关, 1白, 2橙)
  灯环状态: 0 (0关, 1蓝, 2红)
[2025-08-25 19:15:04.949] [DEBUG] 组包成功，数据长度: 21 字节
[2025-08-25 19:15:04.949] [DEBUG] 发送数据: A5 60 9F A5 03 0D 3B 3E 33 33 33 33 D3 33 33 33 33 33 33 A4 55
[2025-08-25 19:15:05.953] [DEBUG] 接收数据: A5 60 9F A5 83 55 33 93 7F 63 64 33 33 33 33 33 33 33 33 33 33 33 33 33 33 33 33 33 33 33 33 33 33 33 33 33 33 33 33 33 33 33 33 89 66 69 66 65 85 64 63 64 76 63 64 92 75 A7 63 65 33 33 33 33 33 37 33 38 33 33 33 3E 33 33 33 33 D3 33 33 33 33 33 33 33 33 33 33 33 33 33 33 95 55
[2025-08-25 19:15:05.955] [DEBUG] 数据解析成功:
[2025-08-25 19:15:05.956] [INFO]   ID: 0x60
  命令: 0x83 (读)
  寄存器地址: 0x00
  寄存器数量: 0
[2025-08-25 19:15:05.957] [DEBUG] 组包成功，数据长度: 21 字节
[2025-08-25 19:15:05.958] [DEBUG] 发送数据: A5 60 9F A5 01 0D 3B 3E 33 33 33 33 D3 33 33 33 33 33 33 E3 55
[2025-08-25 19:15:06.961] [DEBUG] 接收数据: A5 60 9F A5 81 0D 3B 3E 33 33 33 33 D3 33 33 33 33 33 33 D4 55
[2025-08-25 19:15:06.963] [DEBUG] 数据解析成功:
[2025-08-25 19:15:06.963] [INFO]   ID: 0x60
  命令: 0x81 (读)
  寄存器地址: 0x08
  寄存器数量: 0
[2025-08-25 19:15:06.963] [INFO] 
全局变量中的LED显示信息已更新:
[2025-08-25 19:15:06.963] [INFO]   屏幕状态: 开
  亮度级别: 5
  数字显示: 0
  LOGO状态: 0 (0关, 1白, 2红)
  护盾状态: 0 (0关, 1白, 2绿)
  ReadyGo状态: 0 (0关, 1白, 2红)
  左转向灯: 1 (0关, 1白, 2橙)
  右转向灯: 1 (0关, 1白, 2橙)
  灯环状态: 0 (0关, 1蓝, 2红)
[2025-08-25 19:15:06.963] [INFO] 结果: PASS | 用时: 2.017s
[2025-08-25 19:15:06.968] [INFO] ==== 执行用例 #14 ====
[2025-08-25 19:15:06.968] [INFO] 参数: {'screen_on': 1, 'brightness': 5, 'digital': 0, 'logo': 0, 'rim_state': 0, 'rdygo': 0, 'turn_left': 1, 'turn_right': 1, 'ring': 1} | 备注: 
[2025-08-25 19:15:06.968] [DEBUG] 修改后的LED显示信息:
[2025-08-25 19:15:06.968] [INFO]   屏幕状态: 开
  亮度级别: 5
  数字显示: 0
  LOGO状态: 0 (0关, 1白, 2红)
  护盾状态: 0 (0关, 1白, 2绿)
  ReadyGo状态: 0 (0关, 1白, 2红)
  左转向灯: 1 (0关, 1白, 2橙)
  右转向灯: 1 (0关, 1白, 2橙)
  灯环状态: 1 (0关, 1蓝, 2红)
[2025-08-25 19:15:06.968] [DEBUG] 组包成功，数据长度: 21 字节
[2025-08-25 19:15:06.968] [DEBUG] 发送数据: A5 60 9F A5 03 0D 3B 3E 33 33 33 33 D3 35 33 33 33 33 33 55 55
[2025-08-25 19:15:07.969] [DEBUG] 接收数据: A5 60 9F A5 83 55 33 93 7F 63 64 33 33 33 33 33 33 33 33 33 33 33 33 33 33 33 33 33 33 33 33 33 33 33 33 33 33 33 33 33 33 33 33 89 66 69 66 65 85 64 63 64 76 63 64 92 75 A7 63 65 33 33 33 33 33 37 33 36 33 33 33 3E 33 33 33 33 D3 35 33 33 33 33 33 33 33 33 33 33 33 33 33 7A 55
[2025-08-25 19:15:07.969] [DEBUG] 数据解析成功:
[2025-08-25 19:15:07.969] [INFO]   ID: 0x60
  命令: 0x83 (读)
  寄存器地址: 0x00
  寄存器数量: 0
[2025-08-25 19:15:07.971] [DEBUG] 组包成功，数据长度: 21 字节
[2025-08-25 19:15:07.971] [DEBUG] 发送数据: A5 60 9F A5 01 0D 3B 3E 33 33 33 33 D3 35 33 33 33 33 33 12 55
[2025-08-25 19:15:08.972] [DEBUG] 接收数据: A5 60 9F A5 81 0D 3B 3E 33 33 33 33 D3 35 33 33 33 33 33 25 55
[2025-08-25 19:15:08.973] [DEBUG] 数据解析成功:
[2025-08-25 19:15:08.973] [INFO]   ID: 0x60
  命令: 0x81 (读)
  寄存器地址: 0x08
  寄存器数量: 0
[2025-08-25 19:15:08.973] [INFO] 
全局变量中的LED显示信息已更新:
[2025-08-25 19:15:08.974] [INFO]   屏幕状态: 开
  亮度级别: 5
  数字显示: 0
  LOGO状态: 0 (0关, 1白, 2红)
  护盾状态: 0 (0关, 1白, 2绿)
  ReadyGo状态: 0 (0关, 1白, 2红)
  左转向灯: 1 (0关, 1白, 2橙)
  右转向灯: 1 (0关, 1白, 2橙)
  灯环状态: 1 (0关, 1蓝, 2红)
[2025-08-25 19:15:08.974] [INFO] 结果: PASS | 用时: 2.006s
[2025-08-25 19:15:08.976] [INFO] ==== 执行用例 #15 ====
[2025-08-25 19:15:08.976] [INFO] 参数: {'screen_on': 1, 'brightness': 5, 'digital': 0, 'logo': 0, 'rim_state': 0, 'rdygo': 0, 'turn_left': 1, 'turn_right': 1, 'ring': 2} | 备注: 
[2025-08-25 19:15:08.976] [DEBUG] 修改后的LED显示信息:
[2025-08-25 19:15:08.976] [INFO]   屏幕状态: 开
  亮度级别: 5
  数字显示: 0
  LOGO状态: 0 (0关, 1白, 2红)
  护盾状态: 0 (0关, 1白, 2绿)
  ReadyGo状态: 0 (0关, 1白, 2红)
  左转向灯: 1 (0关, 1白, 2橙)
  右转向灯: 1 (0关, 1白, 2橙)
  灯环状态: 2 (0关, 1蓝, 2红)
[2025-08-25 19:15:08.976] [DEBUG] 组包成功，数据长度: 21 字节
[2025-08-25 19:15:08.976] [DEBUG] 发送数据: A5 60 9F A5 03 0D 3B 3E 33 33 33 33 D3 37 33 33 33 33 33 F1 55
[2025-08-25 19:15:09.978] [DEBUG] 接收数据: A5 60 9F A5 83 55 33 93 7F 63 64 33 33 33 33 33 33 33 33 33 33 33 33 33 33 33 33 33 33 33 33 33 33 33 33 33 33 33 33 33 33 33 33 89 66 69 66 65 85 64 63 64 76 63 64 92 75 A7 63 65 33 33 33 33 33 37 33 37 33 33 33 3E 33 33 33 33 D3 37 33 33 33 33 33 33 33 33 33 33 33 33 33 4E 55
[2025-08-25 19:15:09.980] [DEBUG] 数据解析成功:
[2025-08-25 19:15:09.981] [INFO]   ID: 0x60
  命令: 0x83 (读)
  寄存器地址: 0x00
  寄存器数量: 0
[2025-08-25 19:15:09.982] [DEBUG] 组包成功，数据长度: 21 字节
[2025-08-25 19:15:09.982] [DEBUG] 发送数据: A5 60 9F A5 01 0D 3B 3E 33 33 33 33 D3 37 33 33 33 33 33 B6 55
[2025-08-25 19:15:10.984] [DEBUG] 接收数据: A5 60 9F A5 81 0D 3B 3E 33 33 33 33 D3 37 33 33 33 33 33 81 55
[2025-08-25 19:15:10.986] [DEBUG] 数据解析成功:
[2025-08-25 19:15:10.987] [INFO]   ID: 0x60
  命令: 0x81 (读)
  寄存器地址: 0x08
  寄存器数量: 0
[2025-08-25 19:15:10.987] [INFO] 
全局变量中的LED显示信息已更新:
[2025-08-25 19:15:10.988] [INFO]   屏幕状态: 开
  亮度级别: 5
  数字显示: 0
  LOGO状态: 0 (0关, 1白, 2红)
  护盾状态: 0 (0关, 1白, 2绿)
  ReadyGo状态: 0 (0关, 1白, 2红)
  左转向灯: 1 (0关, 1白, 2橙)
  右转向灯: 1 (0关, 1白, 2橙)
  灯环状态: 2 (0关, 1蓝, 2红)
[2025-08-25 19:15:10.988] [INFO] 结果: PASS | 用时: 2.013s
[2025-08-25 19:15:10.990] [INFO] ==== 执行用例 #16 ====
[2025-08-25 19:15:10.991] [INFO] 参数: {'screen_on': 1, 'brightness': 5, 'digital': 0, 'logo': 0, 'rim_state': 0, 'rdygo': 0, 'turn_left': 1, 'turn_right': 2, 'ring': 0} | 备注: 
[2025-08-25 19:15:10.991] [DEBUG] 修改后的LED显示信息:
[2025-08-25 19:15:10.992] [INFO]   屏幕状态: 开
  亮度级别: 5
  数字显示: 0
  LOGO状态: 0 (0关, 1白, 2红)
  护盾状态: 0 (0关, 1白, 2绿)
  ReadyGo状态: 0 (0关, 1白, 2红)
  左转向灯: 1 (0关, 1白, 2橙)
  右转向灯: 2 (0关, 1白, 2橙)
  灯环状态: 0 (0关, 1蓝, 2红)
[2025-08-25 19:15:10.993] [DEBUG] 组包成功，数据长度: 21 字节
[2025-08-25 19:15:10.995] [DEBUG] 发送数据: A5 60 9F A5 03 0D 3B 3E 33 33 33 33 53 34 33 33 33 33 33 2E 55
[2025-08-25 19:15:11.998] [DEBUG] 接收数据: A5 60 9F A5 83 55 33 93 7F 63 64 33 33 33 33 33 33 33 33 33 33 33 33 33 33 33 33 33 33 33 33 33 33 33 33 33 33 33 33 33 33 33 33 89 66 69 66 65 85 64 63 64 76 63 64 92 75 A7 63 65 33 33 33 33 33 37 33 38 33 33 33 3E 33 33 33 33 53 34 33 33 33 33 33 33 33 33 33 33 33 33 33 92 55
[2025-08-25 19:15:12.001] [DEBUG] 数据解析成功:
[2025-08-25 19:15:12.003] [INFO]   ID: 0x60
  命令: 0x83 (读)
  寄存器地址: 0x00
  寄存器数量: 0
[2025-08-25 19:15:12.003] [DEBUG] 组包成功，数据长度: 21 字节
[2025-08-25 19:15:12.005] [DEBUG] 发送数据: A5 60 9F A5 01 0D 3B 3E 33 33 33 33 53 34 33 33 33 33 33 69 55
[2025-08-25 19:15:13.012] [DEBUG] 接收数据: A5 60 9F A5 81 0D 3B 3E 33 33 33 33 53 34 33 33 33 33 33 5E 55
[2025-08-25 19:15:13.014] [DEBUG] 数据解析成功:
[2025-08-25 19:15:13.015] [INFO]   ID: 0x60
  命令: 0x81 (读)
  寄存器地址: 0x08
  寄存器数量: 0
[2025-08-25 19:15:13.016] [INFO] 
全局变量中的LED显示信息已更新:
[2025-08-25 19:15:13.018] [INFO]   屏幕状态: 开
  亮度级别: 5
  数字显示: 0
  LOGO状态: 0 (0关, 1白, 2红)
  护盾状态: 0 (0关, 1白, 2绿)
  ReadyGo状态: 0 (0关, 1白, 2红)
  左转向灯: 1 (0关, 1白, 2橙)
  右转向灯: 2 (0关, 1白, 2橙)
  灯环状态: 0 (0关, 1蓝, 2红)
[2025-08-25 19:15:13.019] [INFO] 结果: PASS | 用时: 2.030s
[2025-08-25 19:15:13.020] [INFO] ==== 执行用例 #17 ====
[2025-08-25 19:15:13.020] [INFO] 参数: {'screen_on': 1, 'brightness': 5, 'digital': 0, 'logo': 0, 'rim_state': 0, 'rdygo': 0, 'turn_left': 1, 'turn_right': 2, 'ring': 1} | 备注: 
[2025-08-25 19:15:13.021] [DEBUG] 修改后的LED显示信息:
[2025-08-25 19:15:13.022] [INFO]   屏幕状态: 开
  亮度级别: 5
  数字显示: 0
  LOGO状态: 0 (0关, 1白, 2红)
  护盾状态: 0 (0关, 1白, 2绿)
  ReadyGo状态: 0 (0关, 1白, 2红)
  左转向灯: 1 (0关, 1白, 2橙)
  右转向灯: 2 (0关, 1白, 2橙)
  灯环状态: 1 (0关, 1蓝, 2红)
[2025-08-25 19:15:13.024] [DEBUG] 组包成功，数据长度: 21 字节
[2025-08-25 19:15:13.025] [DEBUG] 发送数据: A5 60 9F A5 03 0D 3B 3E 33 33 33 33 53 36 33 33 33 33 33 8A 55
[2025-08-25 19:15:14.030] [DEBUG] 接收数据: A5 60 9F A5 83 55 33 93 7F 63 64 33 33 33 33 33 33 33 33 33 33 33 33 33 33 33 33 33 33 33 33 33 33 33 33 33 33 33 33 33 33 33 33 89 66 69 66 65 85 64 63 64 76 63 64 92 75 A7 63 65 33 33 33 33 33 37 33 38 33 33 33 3E 33 33 33 33 53 36 33 33 33 33 33 33 33 33 33 33 33 33 33 53 55
[2025-08-25 19:15:14.031] [DEBUG] 数据解析成功:
[2025-08-25 19:15:14.031] [INFO]   ID: 0x60
  命令: 0x83 (读)
  寄存器地址: 0x00
  寄存器数量: 0
[2025-08-25 19:15:14.035] [DEBUG] 组包成功，数据长度: 21 字节
[2025-08-25 19:15:14.035] [DEBUG] 发送数据: A5 60 9F A5 01 0D 3B 3E 33 33 33 33 53 36 33 33 33 33 33 CD 55
[2025-08-25 19:15:15.039] [DEBUG] 接收数据: A5 60 9F A5 81 0D 3B 3E 33 33 33 33 53 36 33 33 33 33 33 FA 55
[2025-08-25 19:15:15.039] [DEBUG] 数据解析成功:
[2025-08-25 19:15:15.041] [INFO]   ID: 0x60
  命令: 0x81 (读)
  寄存器地址: 0x08
  寄存器数量: 0
[2025-08-25 19:15:15.041] [INFO] 
全局变量中的LED显示信息已更新:
[2025-08-25 19:15:15.041] [INFO]   屏幕状态: 开
  亮度级别: 5
  数字显示: 0
  LOGO状态: 0 (0关, 1白, 2红)
  护盾状态: 0 (0关, 1白, 2绿)
  ReadyGo状态: 0 (0关, 1白, 2红)
  左转向灯: 1 (0关, 1白, 2橙)
  右转向灯: 2 (0关, 1白, 2橙)
  灯环状态: 1 (0关, 1蓝, 2红)
[2025-08-25 19:15:15.043] [INFO] 结果: PASS | 用时: 2.023s
[2025-08-25 19:15:15.043] [INFO] ==== 执行用例 #18 ====
[2025-08-25 19:15:15.043] [INFO] 参数: {'screen_on': 1, 'brightness': 5, 'digital': 0, 'logo': 0, 'rim_state': 0, 'rdygo': 0, 'turn_left': 1, 'turn_right': 2, 'ring': 2} | 备注: 
[2025-08-25 19:15:15.043] [DEBUG] 修改后的LED显示信息:
[2025-08-25 19:15:15.043] [INFO]   屏幕状态: 开
  亮度级别: 5
  数字显示: 0
  LOGO状态: 0 (0关, 1白, 2红)
  护盾状态: 0 (0关, 1白, 2绿)
  ReadyGo状态: 0 (0关, 1白, 2红)
  左转向灯: 1 (0关, 1白, 2橙)
  右转向灯: 2 (0关, 1白, 2橙)
  灯环状态: 2 (0关, 1蓝, 2红)
[2025-08-25 19:15:15.045] [DEBUG] 组包成功，数据长度: 21 字节
[2025-08-25 19:15:15.045] [DEBUG] 发送数据: A5 60 9F A5 03 0D 3B 3E 33 33 33 33 53 38 33 33 33 33 33 D1 55
[2025-08-25 19:15:16.048] [DEBUG] 接收数据: A5 60 9F A5 83 55 33 93 7F 63 64 33 33 33 33 33 33 33 33 33 33 33 33 33 33 33 33 33 33 33 33 33 33 33 33 33 33 33 33 33 33 33 33 89 66 69 66 65 85 64 63 64 76 63 64 92 75 A7 63 65 33 33 33 33 33 37 33 38 33 33 33 3E 33 33 33 33 53 38 33 33 33 33 33 33 33 33 33 33 33 33 33 33 55
[2025-08-25 19:15:16.048] [DEBUG] 数据解析成功:
[2025-08-25 19:15:16.048] [INFO]   ID: 0x60
  命令: 0x83 (读)
  寄存器地址: 0x00
  寄存器数量: 0
[2025-08-25 19:15:16.051] [DEBUG] 组包成功，数据长度: 21 字节
[2025-08-25 19:15:16.053] [DEBUG] 发送数据: A5 60 9F A5 01 0D 3B 3E 33 33 33 33 53 38 33 33 33 33 33 96 55
[2025-08-25 19:15:17.055] [DEBUG] 接收数据: A5 60 9F A5 81 0D 3B 3E 33 33 33 33 53 38 33 33 33 33 33 A1 55
[2025-08-25 19:15:17.055] [DEBUG] 数据解析成功:
[2025-08-25 19:15:17.055] [INFO]   ID: 0x60
  命令: 0x81 (读)
  寄存器地址: 0x08
  寄存器数量: 0
[2025-08-25 19:15:17.058] [INFO] 
全局变量中的LED显示信息已更新:
[2025-08-25 19:15:17.058] [INFO]   屏幕状态: 开
  亮度级别: 5
  数字显示: 0
  LOGO状态: 0 (0关, 1白, 2红)
  护盾状态: 0 (0关, 1白, 2绿)
  ReadyGo状态: 0 (0关, 1白, 2红)
  左转向灯: 1 (0关, 1白, 2橙)
  右转向灯: 2 (0关, 1白, 2橙)
  灯环状态: 2 (0关, 1蓝, 2红)
[2025-08-25 19:15:17.058] [INFO] 结果: PASS | 用时: 2.014s
[2025-08-25 19:15:17.060] [INFO] ==== 执行用例 #19 ====
[2025-08-25 19:15:17.060] [INFO] 参数: {'screen_on': 1, 'brightness': 5, 'digital': 0, 'logo': 0, 'rim_state': 0, 'rdygo': 0, 'turn_left': 2, 'turn_right': 0, 'ring': 0} | 备注: 
[2025-08-25 19:15:17.061] [DEBUG] 修改后的LED显示信息:
[2025-08-25 19:15:17.061] [INFO]   屏幕状态: 开
  亮度级别: 5
  数字显示: 0
  LOGO状态: 0 (0关, 1白, 2红)
  护盾状态: 0 (0关, 1白, 2绿)
  ReadyGo状态: 0 (0关, 1白, 2红)
  左转向灯: 2 (0关, 1白, 2橙)
  右转向灯: 0 (0关, 1白, 2橙)
  灯环状态: 0 (0关, 1蓝, 2红)
[2025-08-25 19:15:17.063] [DEBUG] 组包成功，数据长度: 21 字节
[2025-08-25 19:15:17.063] [DEBUG] 发送数据: A5 60 9F A5 03 0D 3B 3E 33 33 33 33 73 33 33 33 33 33 33 00 55
[2025-08-25 19:15:18.063] [DEBUG] 接收数据: A5 60 9F A5 83 55 33 93 7F 63 64 33 33 33 33 33 33 33 33 33 33 33 33 33 33 33 33 33 33 33 33 33 33 33 33 33 33 33 33 33 33 33 33 89 66 69 66 65 85 64 63 64 76 63 64 92 75 A7 63 65 33 33 33 33 33 37 33 38 33 33 33 3E 33 33 33 33 73 33 33 33 33 33 33 33 33 33 33 33 33 33 33 A6 55
[2025-08-25 19:15:18.063] [DEBUG] 数据解析成功:
[2025-08-25 19:15:18.063] [INFO]   ID: 0x60
  命令: 0x83 (读)
  寄存器地址: 0x00
  寄存器数量: 0
[2025-08-25 19:15:18.067] [DEBUG] 组包成功，数据长度: 21 字节
[2025-08-25 19:15:18.067] [DEBUG] 发送数据: A5 60 9F A5 01 0D 3B 3E 33 33 33 33 73 33 33 33 33 33 33 47 55
[2025-08-25 19:15:19.072] [DEBUG] 接收数据: A5 60 9F A5 81 0D 3B 3E 33 33 33 33 73 33 33 33 33 33 33 70 55
[2025-08-25 19:15:19.072] [DEBUG] 数据解析成功:
[2025-08-25 19:15:19.072] [INFO]   ID: 0x60
  命令: 0x81 (读)
  寄存器地址: 0x08
  寄存器数量: 0
[2025-08-25 19:15:19.074] [INFO] 
全局变量中的LED显示信息已更新:
[2025-08-25 19:15:19.074] [INFO]   屏幕状态: 开
  亮度级别: 5
  数字显示: 0
  LOGO状态: 0 (0关, 1白, 2红)
  护盾状态: 0 (0关, 1白, 2绿)
  ReadyGo状态: 0 (0关, 1白, 2红)
  左转向灯: 2 (0关, 1白, 2橙)
  右转向灯: 0 (0关, 1白, 2橙)
  灯环状态: 0 (0关, 1蓝, 2红)
[2025-08-25 19:15:19.074] [INFO] 结果: PASS | 用时: 2.014s
[2025-08-25 19:15:19.074] [INFO] ==== 执行用例 #20 ====
[2025-08-25 19:15:19.075] [INFO] 参数: {'screen_on': 1, 'brightness': 5, 'digital': 0, 'logo': 0, 'rim_state': 0, 'rdygo': 0, 'turn_left': 2, 'turn_right': 0, 'ring': 1} | 备注: 
[2025-08-25 19:15:19.075] [DEBUG] 修改后的LED显示信息:
[2025-08-25 19:15:19.075] [INFO]   屏幕状态: 开
  亮度级别: 5
  数字显示: 0
  LOGO状态: 0 (0关, 1白, 2红)
  护盾状态: 0 (0关, 1白, 2绿)
  ReadyGo状态: 0 (0关, 1白, 2红)
  左转向灯: 2 (0关, 1白, 2橙)
  右转向灯: 0 (0关, 1白, 2橙)
  灯环状态: 1 (0关, 1蓝, 2红)
[2025-08-25 19:15:19.075] [DEBUG] 组包成功，数据长度: 21 字节
[2025-08-25 19:15:19.075] [DEBUG] 发送数据: A5 60 9F A5 03 0D 3B 3E 33 33 33 33 73 35 33 33 33 33 33 F1 55
[2025-08-25 19:15:20.081] [DEBUG] 接收数据: A5 60 9F A5 83 55 33 93 7F 63 64 33 33 33 33 33 33 33 33 33 33 33 33 33 33 33 33 33 33 33 33 33 33 33 33 33 33 33 33 33 33 33 33 89 66 69 66 65 85 64 63 64 76 63 64 92 75 A7 63 65 33 33 33 33 33 37 33 37 33 33 33 3E 33 33 33 33 73 35 33 33 33 33 33 33 33 33 33 33 33 33 33 BC 55
[2025-08-25 19:15:20.081] [DEBUG] 数据解析成功:
[2025-08-25 19:15:20.081] [INFO]   ID: 0x60
  命令: 0x83 (读)
  寄存器地址: 0x00
  寄存器数量: 0
[2025-08-25 19:15:20.081] [DEBUG] 组包成功，数据长度: 21 字节
[2025-08-25 19:15:20.081] [DEBUG] 发送数据: A5 60 9F A5 01 0D 3B 3E 33 33 33 33 73 35 33 33 33 33 33 B6 55
[2025-08-25 19:15:21.085] [DEBUG] 接收数据: A5 60 9F A5 81 0D 3B 3E 33 33 33 33 73 35 33 33 33 33 33 81 55
[2025-08-25 19:15:21.085] [DEBUG] 数据解析成功:
[2025-08-25 19:15:21.085] [INFO]   ID: 0x60
  命令: 0x81 (读)
  寄存器地址: 0x08
  寄存器数量: 0
[2025-08-25 19:15:21.087] [INFO] 
全局变量中的LED显示信息已更新:
[2025-08-25 19:15:21.087] [INFO]   屏幕状态: 开
  亮度级别: 5
  数字显示: 0
  LOGO状态: 0 (0关, 1白, 2红)
  护盾状态: 0 (0关, 1白, 2绿)
  ReadyGo状态: 0 (0关, 1白, 2红)
  左转向灯: 2 (0关, 1白, 2橙)
  右转向灯: 0 (0关, 1白, 2橙)
  灯环状态: 1 (0关, 1蓝, 2红)
[2025-08-25 19:15:21.087] [INFO] 结果: PASS | 用时: 2.012s
[2025-08-25 19:15:21.087] [INFO] ==== 执行用例 #21 ====
[2025-08-25 19:15:21.087] [INFO] 参数: {'screen_on': 1, 'brightness': 5, 'digital': 0, 'logo': 0, 'rim_state': 0, 'rdygo': 0, 'turn_left': 2, 'turn_right': 0, 'ring': 2} | 备注: 
[2025-08-25 19:15:21.090] [DEBUG] 修改后的LED显示信息:
[2025-08-25 19:15:21.090] [INFO]   屏幕状态: 开
  亮度级别: 5
  数字显示: 0
  LOGO状态: 0 (0关, 1白, 2红)
  护盾状态: 0 (0关, 1白, 2绿)
  ReadyGo状态: 0 (0关, 1白, 2红)
  左转向灯: 2 (0关, 1白, 2橙)
  右转向灯: 0 (0关, 1白, 2橙)
  灯环状态: 2 (0关, 1蓝, 2红)
[2025-08-25 19:15:21.090] [DEBUG] 组包成功，数据长度: 21 字节
[2025-08-25 19:15:21.090] [DEBUG] 发送数据: A5 60 9F A5 03 0D 3B 3E 33 33 33 33 73 37 33 33 33 33 33 55 55
[2025-08-25 19:15:22.094] [DEBUG] 接收数据: A5 60 9F A5 83 55 33 93 7F 63 64 33 33 33 33 33 33 33 33 33 33 33 33 33 33 33 33 33 33 33 33 33 33 33 33 33 33 33 33 33 33 33 33 89 66 69 66 65 85 64 63 64 76 63 64 92 75 A7 63 65 33 33 33 33 33 37 33 38 33 33 33 3E 33 33 33 33 73 37 33 33 33 33 33 33 33 33 33 33 33 33 33 39 55
[2025-08-25 19:15:22.094] [DEBUG] 数据解析成功:
[2025-08-25 19:15:22.096] [INFO]   ID: 0x60
  命令: 0x83 (读)
  寄存器地址: 0x00
  寄存器数量: 0
[2025-08-25 19:15:22.096] [DEBUG] 组包成功，数据长度: 21 字节
[2025-08-25 19:15:22.096] [DEBUG] 发送数据: A5 60 9F A5 01 0D 3B 3E 33 33 33 33 73 37 33 33 33 33 33 12 55
[2025-08-25 19:15:23.102] [DEBUG] 接收数据: A5 60 9F A5 81 0D 3B 3E 33 33 33 33 73 37 33 33 33 33 33 25 55
[2025-08-25 19:15:23.102] [DEBUG] 数据解析成功:
[2025-08-25 19:15:23.102] [INFO]   ID: 0x60
  命令: 0x81 (读)
  寄存器地址: 0x08
  寄存器数量: 0
[2025-08-25 19:15:23.104] [INFO] 
全局变量中的LED显示信息已更新:
[2025-08-25 19:15:23.104] [INFO]   屏幕状态: 开
  亮度级别: 5
  数字显示: 0
  LOGO状态: 0 (0关, 1白, 2红)
  护盾状态: 0 (0关, 1白, 2绿)
  ReadyGo状态: 0 (0关, 1白, 2红)
  左转向灯: 2 (0关, 1白, 2橙)
  右转向灯: 0 (0关, 1白, 2橙)
  灯环状态: 2 (0关, 1蓝, 2红)
[2025-08-25 19:15:23.104] [INFO] 结果: PASS | 用时: 2.017s
[2025-08-25 19:15:23.104] [INFO] ==== 执行用例 #22 ====
[2025-08-25 19:15:23.104] [INFO] 参数: {'screen_on': 1, 'brightness': 5, 'digital': 0, 'logo': 0, 'rim_state': 0, 'rdygo': 0, 'turn_left': 2, 'turn_right': 1, 'ring': 0} | 备注: 
[2025-08-25 19:15:23.107] [DEBUG] 修改后的LED显示信息:
[2025-08-25 19:15:23.107] [INFO]   屏幕状态: 开
  亮度级别: 5
  数字显示: 0
  LOGO状态: 0 (0关, 1白, 2红)
  护盾状态: 0 (0关, 1白, 2绿)
  ReadyGo状态: 0 (0关, 1白, 2红)
  左转向灯: 2 (0关, 1白, 2橙)
  右转向灯: 1 (0关, 1白, 2橙)
  灯环状态: 0 (0关, 1蓝, 2红)
[2025-08-25 19:15:23.107] [DEBUG] 组包成功，数据长度: 21 字节
[2025-08-25 19:15:23.107] [DEBUG] 发送数据: A5 60 9F A5 03 0D 3B 3E 33 33 33 33 F3 33 33 33 33 33 33 29 55
[2025-08-25 19:15:24.110] [DEBUG] 接收数据: A5 60 9F A5 83 55 33 93 7F 63 64 33 33 33 33 33 33 33 33 33 33 33 33 33 33 33 33 33 33 33 33 33 33 33 33 33 33 33 33 33 33 33 33 89 66 69 66 65 85 64 63 64 76 63 64 92 75 A7 63 65 33 33 33 34 33 37 33 38 33 33 33 3E 33 33 33 33 F3 33 33 33 33 33 33 33 33 33 33 33 33 33 33 F0 55
[2025-08-25 19:15:24.111] [DEBUG] 数据解析成功:
[2025-08-25 19:15:24.111] [INFO]   ID: 0x60
  命令: 0x83 (读)
  寄存器地址: 0x00
  寄存器数量: 0
[2025-08-25 19:15:24.111] [DEBUG] 组包成功，数据长度: 21 字节
[2025-08-25 19:15:24.113] [DEBUG] 发送数据: A5 60 9F A5 01 0D 3B 3E 33 33 33 33 F3 33 33 33 33 33 33 6E 55
[2025-08-25 19:15:25.116] [DEBUG] 接收数据: A5 60 9F A5 81 0D 3B 3E 33 33 33 33 F3 33 33 33 33 33 33 59 55
[2025-08-25 19:15:25.116] [DEBUG] 数据解析成功:
[2025-08-25 19:15:25.116] [INFO]   ID: 0x60
  命令: 0x81 (读)
  寄存器地址: 0x08
  寄存器数量: 0
[2025-08-25 19:15:25.118] [INFO] 
全局变量中的LED显示信息已更新:
[2025-08-25 19:15:25.118] [INFO]   屏幕状态: 开
  亮度级别: 5
  数字显示: 0
  LOGO状态: 0 (0关, 1白, 2红)
  护盾状态: 0 (0关, 1白, 2绿)
  ReadyGo状态: 0 (0关, 1白, 2红)
  左转向灯: 2 (0关, 1白, 2橙)
  右转向灯: 1 (0关, 1白, 2橙)
  灯环状态: 0 (0关, 1蓝, 2红)
[2025-08-25 19:15:25.118] [INFO] 结果: PASS | 用时: 2.014s
[2025-08-25 19:15:25.118] [INFO] ==== 执行用例 #23 ====
[2025-08-25 19:15:25.118] [INFO] 参数: {'screen_on': 1, 'brightness': 5, 'digital': 0, 'logo': 0, 'rim_state': 0, 'rdygo': 0, 'turn_left': 2, 'turn_right': 1, 'ring': 1} | 备注: 
[2025-08-25 19:15:25.118] [DEBUG] 修改后的LED显示信息:
[2025-08-25 19:15:25.118] [INFO]   屏幕状态: 开
  亮度级别: 5
  数字显示: 0
  LOGO状态: 0 (0关, 1白, 2红)
  护盾状态: 0 (0关, 1白, 2绿)
  ReadyGo状态: 0 (0关, 1白, 2红)
  左转向灯: 2 (0关, 1白, 2橙)
  右转向灯: 1 (0关, 1白, 2橙)
  灯环状态: 1 (0关, 1蓝, 2红)
[2025-08-25 19:15:25.118] [DEBUG] 组包成功，数据长度: 21 字节
[2025-08-25 19:15:25.118] [DEBUG] 发送数据: A5 60 9F A5 03 0D 3B 3E 33 33 33 33 F3 35 33 33 33 33 33 D8 55
[2025-08-25 19:15:26.118] [DEBUG] 接收数据: A5 60 9F A5 83 55 33 93 7F 63 64 33 33 33 33 33 33 33 33 33 33 33 33 33 33 33 33 33 33 33 33 33 33 33 33 33 33 33 33 33 33 33 33 89 66 69 66 65 85 64 63 64 76 63 64 92 75 A7 63 65 33 33 33 33 33 37 33 38 33 33 33 3E 33 33 33 33 F3 35 33 33 33 33 33 33 33 33 33 33 33 33 33 CF 55
[2025-08-25 19:15:26.121] [DEBUG] 数据解析成功:
[2025-08-25 19:15:26.122] [INFO]   ID: 0x60
  命令: 0x83 (读)
  寄存器地址: 0x00
  寄存器数量: 0
[2025-08-25 19:15:26.123] [DEBUG] 组包成功，数据长度: 21 字节
[2025-08-25 19:15:26.124] [DEBUG] 发送数据: A5 60 9F A5 01 0D 3B 3E 33 33 33 33 F3 35 33 33 33 33 33 9F 55
[2025-08-25 19:15:27.127] [DEBUG] 接收数据: A5 60 9F A5 81 0D 3B 3E 33 33 33 33 F3 35 33 33 33 33 33 A8 55
[2025-08-25 19:15:27.127] [DEBUG] 数据解析成功:
[2025-08-25 19:15:27.129] [INFO]   ID: 0x60
  命令: 0x81 (读)
  寄存器地址: 0x08
  寄存器数量: 0
[2025-08-25 19:15:27.130] [INFO] 
全局变量中的LED显示信息已更新:
[2025-08-25 19:15:27.130] [INFO]   屏幕状态: 开
  亮度级别: 5
  数字显示: 0
  LOGO状态: 0 (0关, 1白, 2红)
  护盾状态: 0 (0关, 1白, 2绿)
  ReadyGo状态: 0 (0关, 1白, 2红)
  左转向灯: 2 (0关, 1白, 2橙)
  右转向灯: 1 (0关, 1白, 2橙)
  灯环状态: 1 (0关, 1蓝, 2红)
[2025-08-25 19:15:27.130] [INFO] 结果: PASS | 用时: 2.012s
[2025-08-25 19:15:27.130] [INFO] ==== 执行用例 #24 ====
[2025-08-25 19:15:27.133] [INFO] 参数: {'screen_on': 1, 'brightness': 5, 'digital': 0, 'logo': 0, 'rim_state': 0, 'rdygo': 0, 'turn_left': 2, 'turn_right': 1, 'ring': 2} | 备注: 
[2025-08-25 19:15:27.133] [DEBUG] 修改后的LED显示信息:
[2025-08-25 19:15:27.133] [INFO]   屏幕状态: 开
  亮度级别: 5
  数字显示: 0
  LOGO状态: 0 (0关, 1白, 2红)
  护盾状态: 0 (0关, 1白, 2绿)
  ReadyGo状态: 0 (0关, 1白, 2红)
  左转向灯: 2 (0关, 1白, 2橙)
  右转向灯: 1 (0关, 1白, 2橙)
  灯环状态: 2 (0关, 1蓝, 2红)
[2025-08-25 19:15:27.133] [DEBUG] 组包成功，数据长度: 21 字节
[2025-08-25 19:15:27.133] [DEBUG] 发送数据: A5 60 9F A5 03 0D 3B 3E 33 33 33 33 F3 37 33 33 33 33 33 7C 55
[2025-08-25 19:15:28.137] [DEBUG] 接收数据: A5 60 9F A5 83 55 33 93 7F 63 64 33 33 33 33 33 33 33 33 33 33 33 33 33 33 33 33 33 33 33 33 33 33 33 33 33 33 33 33 33 33 33 33 89 66 69 66 65 85 64 63 64 76 63 64 92 75 A7 63 65 33 33 33 33 33 37 33 38 33 33 33 3E 33 33 33 33 F3 37 33 33 33 33 33 33 33 33 33 33 33 33 33 0E 55
[2025-08-25 19:15:28.140] [DEBUG] 数据解析成功:
[2025-08-25 19:15:28.141] [INFO]   ID: 0x60
  命令: 0x83 (读)
  寄存器地址: 0x00
  寄存器数量: 0
[2025-08-25 19:15:28.141] [DEBUG] 组包成功，数据长度: 21 字节
[2025-08-25 19:15:28.141] [DEBUG] 发送数据: A5 60 9F A5 01 0D 3B 3E 33 33 33 33 F3 37 33 33 33 33 33 3B 55
[2025-08-25 19:15:29.149] [DEBUG] 接收数据: A5 60 9F A5 81 0D 3B 3E 33 33 33 33 F3 37 33 33 33 33 33 0C 55
[2025-08-25 19:15:29.149] [DEBUG] 数据解析成功:
[2025-08-25 19:15:29.149] [INFO]   ID: 0x60
  命令: 0x81 (读)
  寄存器地址: 0x08
  寄存器数量: 0
[2025-08-25 19:15:29.149] [INFO] 
全局变量中的LED显示信息已更新:
[2025-08-25 19:15:29.149] [INFO]   屏幕状态: 开
  亮度级别: 5
  数字显示: 0
  LOGO状态: 0 (0关, 1白, 2红)
  护盾状态: 0 (0关, 1白, 2绿)
  ReadyGo状态: 0 (0关, 1白, 2红)
  左转向灯: 2 (0关, 1白, 2橙)
  右转向灯: 1 (0关, 1白, 2橙)
  灯环状态: 2 (0关, 1蓝, 2红)
[2025-08-25 19:15:29.154] [INFO] 结果: PASS | 用时: 2.024s
[2025-08-25 19:15:29.154] [INFO] ==== 执行用例 #25 ====
[2025-08-25 19:15:29.157] [INFO] 参数: {'screen_on': 1, 'brightness': 5, 'digital': 0, 'logo': 0, 'rim_state': 0, 'rdygo': 0, 'turn_left': 2, 'turn_right': 2, 'ring': 0} | 备注: 
[2025-08-25 19:15:29.157] [DEBUG] 修改后的LED显示信息:
[2025-08-25 19:15:29.159] [INFO]   屏幕状态: 开
  亮度级别: 5
  数字显示: 0
  LOGO状态: 0 (0关, 1白, 2红)
  护盾状态: 0 (0关, 1白, 2绿)
  ReadyGo状态: 0 (0关, 1白, 2红)
  左转向灯: 2 (0关, 1白, 2橙)
  右转向灯: 2 (0关, 1白, 2橙)
  灯环状态: 0 (0关, 1蓝, 2红)
[2025-08-25 19:15:29.160] [DEBUG] 组包成功，数据长度: 21 字节
[2025-08-25 19:15:29.160] [DEBUG] 发送数据: A5 60 9F A5 03 0D 3B 3E 33 33 33 33 73 34 33 33 33 33 33 A3 55
[2025-08-25 19:15:30.167] [DEBUG] 接收数据: A5 60 9F A5 83 55 33 93 7F 63 64 33 33 33 33 33 33 33 33 33 33 33 33 33 33 33 33 33 33 33 33 33 33 33 33 33 33 33 33 33 33 33 33 89 66 69 66 65 85 64 63 64 76 63 64 92 75 A7 63 65 33 33 33 33 33 37 33 37 33 33 33 3E 33 33 33 33 73 34 33 33 33 33 33 33 33 33 33 33 33 33 33 D2 55
[2025-08-25 19:15:30.170] [DEBUG] 数据解析成功:
[2025-08-25 19:15:30.171] [INFO]   ID: 0x60
  命令: 0x83 (读)
  寄存器地址: 0x00
  寄存器数量: 0
[2025-08-25 19:15:30.171] [DEBUG] 组包成功，数据长度: 21 字节
[2025-08-25 19:15:30.171] [DEBUG] 发送数据: A5 60 9F A5 01 0D 3B 3E 33 33 33 33 73 34 33 33 33 33 33 E4 55
[2025-08-25 19:15:31.180] [DEBUG] 接收数据: A5 60 9F A5 81 0D 3B 3E 33 33 33 33 73 34 33 33 33 33 33 D3 55
[2025-08-25 19:15:31.180] [DEBUG] 数据解析成功:
[2025-08-25 19:15:31.185] [INFO]   ID: 0x60
  命令: 0x81 (读)
  寄存器地址: 0x08
  寄存器数量: 0
[2025-08-25 19:15:31.186] [INFO] 
全局变量中的LED显示信息已更新:
[2025-08-25 19:15:31.186] [INFO]   屏幕状态: 开
  亮度级别: 5
  数字显示: 0
  LOGO状态: 0 (0关, 1白, 2红)
  护盾状态: 0 (0关, 1白, 2绿)
  ReadyGo状态: 0 (0关, 1白, 2红)
  左转向灯: 2 (0关, 1白, 2橙)
  右转向灯: 2 (0关, 1白, 2橙)
  灯环状态: 0 (0关, 1蓝, 2红)
[2025-08-25 19:15:31.191] [INFO] 结果: PASS | 用时: 2.036s
[2025-08-25 19:15:31.191] [INFO] ==== 执行用例 #26 ====
[2025-08-25 19:15:31.191] [INFO] 参数: {'screen_on': 1, 'brightness': 5, 'digital': 0, 'logo': 0, 'rim_state': 0, 'rdygo': 0, 'turn_left': 2, 'turn_right': 2, 'ring': 1} | 备注: 
[2025-08-25 19:15:31.191] [DEBUG] 修改后的LED显示信息:
[2025-08-25 19:15:31.196] [INFO]   屏幕状态: 开
  亮度级别: 5
  数字显示: 0
  LOGO状态: 0 (0关, 1白, 2红)
  护盾状态: 0 (0关, 1白, 2绿)
  ReadyGo状态: 0 (0关, 1白, 2红)
  左转向灯: 2 (0关, 1白, 2橙)
  右转向灯: 2 (0关, 1白, 2橙)
  灯环状态: 1 (0关, 1蓝, 2红)
[2025-08-25 19:15:31.198] [DEBUG] 组包成功，数据长度: 21 字节
[2025-08-25 19:15:31.199] [DEBUG] 发送数据: A5 60 9F A5 03 0D 3B 3E 33 33 33 33 73 36 33 33 33 33 33 07 55
[2025-08-25 19:15:32.205] [DEBUG] 接收数据: A5 60 9F A5 83 55 33 93 7F 63 64 33 33 33 33 33 33 33 33 33 33 33 33 33 33 33 33 33 33 33 33 33 33 33 33 33 33 33 33 33 33 33 33 89 66 69 66 65 85 64 63 64 76 63 64 92 75 A7 63 65 33 33 33 33 33 37 33 37 33 33 33 3E 33 33 33 33 73 36 33 33 33 33 33 33 33 33 33 33 33 33 33 13 55
[2025-08-25 19:15:32.205] [DEBUG] 数据解析成功:
[2025-08-25 19:15:32.210] [INFO]   ID: 0x60
  命令: 0x83 (读)
  寄存器地址: 0x00
  寄存器数量: 0
[2025-08-25 19:15:32.210] [DEBUG] 组包成功，数据长度: 21 字节
[2025-08-25 19:15:32.210] [DEBUG] 发送数据: A5 60 9F A5 01 0D 3B 3E 33 33 33 33 73 36 33 33 33 33 33 40 55
[2025-08-25 19:15:33.222] [DEBUG] 接收数据: A5 60 9F A5 81 0D 3B 3E 33 33 33 33 73 36 33 33 33 33 33 77 55
[2025-08-25 19:15:33.222] [DEBUG] 数据解析成功:
[2025-08-25 19:15:33.227] [INFO]   ID: 0x60
  命令: 0x81 (读)
  寄存器地址: 0x08
  寄存器数量: 0
[2025-08-25 19:15:33.227] [INFO] 
全局变量中的LED显示信息已更新:
[2025-08-25 19:15:33.230] [INFO]   屏幕状态: 开
  亮度级别: 5
  数字显示: 0
  LOGO状态: 0 (0关, 1白, 2红)
  护盾状态: 0 (0关, 1白, 2绿)
  ReadyGo状态: 0 (0关, 1白, 2红)
  左转向灯: 2 (0关, 1白, 2橙)
  右转向灯: 2 (0关, 1白, 2橙)
  灯环状态: 1 (0关, 1蓝, 2红)
[2025-08-25 19:15:33.232] [INFO] 结果: PASS | 用时: 2.042s
[2025-08-25 19:15:33.232] [INFO] ==== 执行用例 #27 ====
[2025-08-25 19:15:33.237] [INFO] 参数: {'screen_on': 1, 'brightness': 5, 'digital': 0, 'logo': 0, 'rim_state': 0, 'rdygo': 0, 'turn_left': 2, 'turn_right': 2, 'ring': 2} | 备注: 
[2025-08-25 19:15:33.237] [DEBUG] 修改后的LED显示信息:
[2025-08-25 19:15:33.238] [INFO]   屏幕状态: 开
  亮度级别: 5
  数字显示: 0
  LOGO状态: 0 (0关, 1白, 2红)
  护盾状态: 0 (0关, 1白, 2绿)
  ReadyGo状态: 0 (0关, 1白, 2红)
  左转向灯: 2 (0关, 1白, 2橙)
  右转向灯: 2 (0关, 1白, 2橙)
  灯环状态: 2 (0关, 1蓝, 2红)
[2025-08-25 19:15:33.238] [DEBUG] 组包成功，数据长度: 21 字节
[2025-08-25 19:15:33.238] [DEBUG] 发送数据: A5 60 9F A5 03 0D 3B 3E 33 33 33 33 73 38 33 33 33 33 33 5C 55
[2025-08-25 19:15:34.247] [DEBUG] 接收数据: A5 60 9F A5 83 55 33 93 7F 63 64 33 33 33 33 33 33 33 33 33 33 33 33 33 33 33 33 33 33 33 33 33 33 33 33 33 33 33 33 33 33 33 33 89 66 69 66 65 85 64 63 64 76 63 64 92 75 A7 63 65 33 33 33 34 33 37 33 37 33 33 33 3E 33 33 33 33 73 38 33 33 33 33 33 33 33 33 33 33 33 33 33 12 55
[2025-08-25 19:15:34.247] [DEBUG] 数据解析成功:
[2025-08-25 19:15:34.252] [INFO]   ID: 0x60
  命令: 0x83 (读)
  寄存器地址: 0x00
  寄存器数量: 0
[2025-08-25 19:15:34.253] [DEBUG] 组包成功，数据长度: 21 字节
[2025-08-25 19:15:34.255] [DEBUG] 发送数据: A5 60 9F A5 01 0D 3B 3E 33 33 33 33 73 38 33 33 33 33 33 1B 55
[2025-08-25 19:15:35.263] [DEBUG] 接收数据: A5 60 9F A5 81 0D 3B 3E 33 33 33 33 73 38 33 33 33 33 33 2C 55
[2025-08-25 19:15:35.264] [DEBUG] 数据解析成功:
[2025-08-25 19:15:35.274] [INFO]   ID: 0x60
  命令: 0x81 (读)
  寄存器地址: 0x08
  寄存器数量: 0
[2025-08-25 19:15:35.276] [INFO] 
全局变量中的LED显示信息已更新:
[2025-08-25 19:15:35.276] [INFO]   屏幕状态: 开
  亮度级别: 5
  数字显示: 0
  LOGO状态: 0 (0关, 1白, 2红)
  护盾状态: 0 (0关, 1白, 2绿)
  ReadyGo状态: 0 (0关, 1白, 2红)
  左转向灯: 2 (0关, 1白, 2橙)
  右转向灯: 2 (0关, 1白, 2橙)
  灯环状态: 2 (0关, 1蓝, 2红)
[2025-08-25 19:15:35.276] [INFO] 结果: PASS | 用时: 2.044s
[2025-08-25 19:15:35.279] [INFO] ==== 执行用例 #28 ====
[2025-08-25 19:15:35.279] [INFO] 参数: {'screen_on': 1, 'brightness': 5, 'digital': 0, 'logo': 0, 'rim_state': 0, 'rdygo': 1, 'turn_left': 0, 'turn_right': 0, 'ring': 0} | 备注: 
[2025-08-25 19:15:35.279] [DEBUG] 修改后的LED显示信息:
[2025-08-25 19:15:35.279] [INFO]   屏幕状态: 开
  亮度级别: 5
  数字显示: 0
  LOGO状态: 0 (0关, 1白, 2红)
  护盾状态: 0 (0关, 1白, 2绿)
  ReadyGo状态: 1 (0关, 1白, 2红)
  左转向灯: 0 (0关, 1白, 2橙)
  右转向灯: 0 (0关, 1白, 2橙)
  灯环状态: 0 (0关, 1蓝, 2红)
[2025-08-25 19:15:35.284] [DEBUG] 组包成功，数据长度: 21 字节
[2025-08-25 19:15:35.284] [DEBUG] 发送数据: A5 60 9F A5 03 0D 3B 3E 33 33 33 33 3B 33 33 33 33 33 33 3E 55
[2025-08-25 19:15:36.288] [DEBUG] 接收数据: A5 60 9F A5 83 55 33 93 7F 63 64 33 33 33 33 33 33 33 33 33 33 33 33 33 33 33 33 33 33 33 33 33 33 33 33 33 33 33 33 33 33 33 33 89 66 69 66 65 85 64 63 64 76 63 64 92 75 A7 63 65 33 33 33 33 33 37 33 38 33 33 33 3E 33 33 33 33 3B 33 33 33 33 33 33 33 33 33 33 33 33 33 33 B2 55
[2025-08-25 19:15:36.290] [DEBUG] 数据解析成功:
[2025-08-25 19:15:36.292] [INFO]   ID: 0x60
  命令: 0x83 (读)
  寄存器地址: 0x00
  寄存器数量: 0
[2025-08-25 19:15:36.293] [DEBUG] 组包成功，数据长度: 21 字节
[2025-08-25 19:15:36.293] [DEBUG] 发送数据: A5 60 9F A5 01 0D 3B 3E 33 33 33 33 3B 33 33 33 33 33 33 79 55
[2025-08-25 19:15:37.300] [DEBUG] 接收数据: A5 60 9F A5 81 0D 3B 3E 33 33 33 33 3B 33 33 33 33 33 33 4E 55
[2025-08-25 19:15:37.300] [DEBUG] 数据解析成功:
[2025-08-25 19:15:37.300] [INFO]   ID: 0x60
  命令: 0x81 (读)
  寄存器地址: 0x08
  寄存器数量: 0
[2025-08-25 19:15:37.300] [INFO] 
全局变量中的LED显示信息已更新:
[2025-08-25 19:15:37.305] [INFO]   屏幕状态: 开
  亮度级别: 5
  数字显示: 0
  LOGO状态: 0 (0关, 1白, 2红)
  护盾状态: 0 (0关, 1白, 2绿)
  ReadyGo状态: 1 (0关, 1白, 2红)
  左转向灯: 0 (0关, 1白, 2橙)
  右转向灯: 0 (0关, 1白, 2橙)
  灯环状态: 0 (0关, 1蓝, 2红)
[2025-08-25 19:15:37.305] [INFO] 结果: PASS | 用时: 2.026s
[2025-08-25 19:15:37.305] [INFO] ==== 执行用例 #29 ====
[2025-08-25 19:15:37.308] [INFO] 参数: {'screen_on': 1, 'brightness': 5, 'digital': 0, 'logo': 0, 'rim_state': 0, 'rdygo': 1, 'turn_left': 0, 'turn_right': 0, 'ring': 1} | 备注: 
[2025-08-25 19:15:37.308] [DEBUG] 修改后的LED显示信息:
[2025-08-25 19:15:37.309] [INFO]   屏幕状态: 开
  亮度级别: 5
  数字显示: 0
  LOGO状态: 0 (0关, 1白, 2红)
  护盾状态: 0 (0关, 1白, 2绿)
  ReadyGo状态: 1 (0关, 1白, 2红)
  左转向灯: 0 (0关, 1白, 2橙)
  右转向灯: 0 (0关, 1白, 2橙)
  灯环状态: 1 (0关, 1蓝, 2红)
[2025-08-25 19:15:37.309] [DEBUG] 组包成功，数据长度: 21 字节
[2025-08-25 19:15:37.310] [DEBUG] 发送数据: A5 60 9F A5 03 0D 3B 3E 33 33 33 33 3B 35 33 33 33 33 33 CF 55
[2025-08-25 19:15:38.315] [DEBUG] 接收数据: A5 60 9F A5 83 55 33 93 7F 63 64 33 33 33 33 33 33 33 33 33 33 33 33 33 33 33 33 33 33 33 33 33 33 33 33 33 33 33 33 33 33 33 33 89 66 69 66 65 85 64 63 64 76 63 64 92 75 A7 63 65 33 33 33 33 33 37 33 37 33 33 33 3E 33 33 33 33 3B 35 33 33 33 33 33 33 33 33 33 33 33 33 33 A8 55
[2025-08-25 19:15:38.316] [DEBUG] 数据解析成功:
[2025-08-25 19:15:38.316] [INFO]   ID: 0x60
  命令: 0x83 (读)
  寄存器地址: 0x00
  寄存器数量: 0
[2025-08-25 19:15:38.322] [DEBUG] 组包成功，数据长度: 21 字节
[2025-08-25 19:15:38.324] [DEBUG] 发送数据: A5 60 9F A5 01 0D 3B 3E 33 33 33 33 3B 35 33 33 33 33 33 88 55
