[2025-09-09 19:34:23.249] [INFO] 初始化 BLE 协议通信...
[2025-09-09 19:34:23.537] [INFO] 加载用例 31 条 来自: testcases.xlsx
[2025-09-09 19:34:23.544] [INFO] ==== 执行用例 #2302 ====
[2025-09-09 19:34:23.549] [INFO] 参数: {'screen_on': 1, 'brightness': 1, 'digital': 0, 'logo': 0, 'rim_state': 1, 'rdygo': 1, 'turn_left': 0, 'turn_right': 2, 'ring': 0} | 备注: nan
[2025-09-09 19:34:23.570] [DEBUG] 修改后的LED显示信息:
[2025-09-09 19:34:23.575] [INFO]   屏幕状态: 开
  亮度级别: 1
  数字显示: 0
  LOGO状态: 0 (0关, 1白, 2红)
  护盾状态: 1 (0关, 1白, 2绿)
  ReadyGo状态: 1 (0关, 1白, 2红)
  左转向灯: 0 (0关, 1白, 2橙)
  右转向灯: 2 (0关, 1白, 2橙)
  灯环状态: 0 (0关, 1蓝, 2红)
[2025-09-09 19:34:23.591] [DEBUG] 组包成功，数据长度: 21 字节
[2025-09-09 19:34:23.598] [DEBUG] 发送数据: A5 60 9F A5 03 0D 3B 36 33 33 33 33 3D 34 33 33 33 33 33 BA 55
[2025-09-09 19:34:24.622] [DEBUG] 接收数据: A5 60 9F A5 83 55 33 93 7F 63 64 33 33 33 33 33 33 33 33 33 33 33 33 33 33 33 33 33 33 33 33 33 33 33 33 33 33 33 33 33 33 33 33 89 66 69 66 65 85 64 63 64 76 63 64 92 75 A7 63 65 33 33 33 33 33 33 33 36 33 33 33 36 33 33 33 33 3D 34 33 33 33 33 33 33 33 33 33 33 33 33 33 21 55
[2025-09-09 19:34:24.713] [DEBUG] 数据解析成功:
[2025-09-09 19:34:24.725] [INFO]   ID: 0x60
  命令: 0x83 (读)
  寄存器地址: 0x00
  寄存器数量: 0
[2025-09-09 19:34:24.750] [DEBUG] 组包成功，数据长度: 21 字节
[2025-09-09 19:34:24.766] [DEBUG] 发送数据: A5 60 9F A5 01 0D 3B 36 33 33 33 33 3D 34 33 33 33 33 33 FD 55
[2025-09-09 19:34:25.800] [DEBUG] 接收数据: A5 60 9F A5 81 0D 3B 36 33 33 33 33 3D 34 33 33 33 33 33 CA 55
[2025-09-09 19:34:25.837] [DEBUG] 数据解析成功:
[2025-09-09 19:34:25.858] [INFO]   ID: 0x60
  命令: 0x81 (读)
  寄存器地址: 0x08
  寄存器数量: 0
[2025-09-09 19:34:25.879] [INFO] 
全局变量中的LED显示信息已更新:
[2025-09-09 19:34:25.909] [INFO]   屏幕状态: 开
  亮度级别: 1
  数字显示: 0
  LOGO状态: 0 (0关, 1白, 2红)
  护盾状态: 1 (0关, 1白, 2绿)
  ReadyGo状态: 1 (0关, 1白, 2红)
  左转向灯: 0 (0关, 1白, 2橙)
  右转向灯: 2 (0关, 1白, 2橙)
  灯环状态: 0 (0关, 1蓝, 2红)
[2025-09-09 19:34:25.926] [INFO] 结果: PASS | 用时: 2.381s
[2025-09-09 19:34:26.137] [INFO] ==== 执行用例 #2638 ====
[2025-09-09 19:34:26.165] [INFO] 参数: {'screen_on': 1, 'brightness': 1, 'digital': 0, 'logo': 1, 'rim_state': 2, 'rdygo': 1, 'turn_left': 2, 'turn_right': 0, 'ring': 0} | 备注: nan
[2025-09-09 19:34:26.195] [DEBUG] 修改后的LED显示信息:
[2025-09-09 19:34:26.207] [INFO]   屏幕状态: 开
  亮度级别: 1
  数字显示: 0
  LOGO状态: 1 (0关, 1白, 2红)
  护盾状态: 2 (0关, 1白, 2绿)
  ReadyGo状态: 1 (0关, 1白, 2红)
  左转向灯: 2 (0关, 1白, 2橙)
  右转向灯: 0 (0关, 1白, 2橙)
  灯环状态: 0 (0关, 1蓝, 2红)
[2025-09-09 19:34:26.223] [DEBUG] 组包成功，数据长度: 21 字节
[2025-09-09 19:34:26.236] [DEBUG] 发送数据: A5 60 9F A5 03 0D 3B 36 33 33 33 B3 7F 33 33 33 33 33 33 6F 55
[2025-09-09 19:34:27.261] [DEBUG] 接收数据: A5 60 9F A5 83 55 33 93 7F 63 64 33 33 33 33 33 33 33 33 33 33 33 33 33 33 33 33 33 33 33 33 33 33 33 33 33 33 33 33 33 33 33 33 89 66 69 66 65 85 64 63 64 76 63 64 92 75 A7 63 65 33 33 33 33 33 33 33 38 33 33 33 36 33 33 33 B3 7F 33 33 33 33 33 33 33 33 33 33 33 33 33 33 EA 55
[2025-09-09 19:34:27.308] [DEBUG] 数据解析成功:
[2025-09-09 19:34:27.321] [INFO]   ID: 0x60
  命令: 0x83 (读)
  寄存器地址: 0x00
  寄存器数量: 0
[2025-09-09 19:34:27.346] [DEBUG] 组包成功，数据长度: 21 字节
[2025-09-09 19:34:27.358] [DEBUG] 发送数据: A5 60 9F A5 01 0D 3B 36 33 33 33 B3 7F 33 33 33 33 33 33 28 55
[2025-09-09 19:34:28.388] [DEBUG] 接收数据: A5 60 9F A5 81 0D 3B 36 33 33 33 B3 7F 33 33 33 33 33 33 1F 55
[2025-09-09 19:34:28.424] [DEBUG] 数据解析成功:
[2025-09-09 19:34:28.440] [INFO]   ID: 0x60
  命令: 0x81 (读)
  寄存器地址: 0x08
  寄存器数量: 0
[2025-09-09 19:34:28.465] [INFO] 
全局变量中的LED显示信息已更新:
[2025-09-09 19:34:28.486] [INFO]   屏幕状态: 开
  亮度级别: 1
  数字显示: 0
  LOGO状态: 1 (0关, 1白, 2红)
  护盾状态: 2 (0关, 1白, 2绿)
  ReadyGo状态: 1 (0关, 1白, 2红)
  左转向灯: 2 (0关, 1白, 2橙)
  右转向灯: 0 (0关, 1白, 2橙)
  灯环状态: 0 (0关, 1蓝, 2红)
[2025-09-09 19:34:28.499] [INFO] 结果: PASS | 用时: 2.362s
[2025-09-09 19:34:28.711] [INFO] ==== 执行用例 #2677 ====
[2025-09-09 19:34:28.732] [INFO] 参数: {'screen_on': 1, 'brightness': 1, 'digital': 0, 'logo': 2, 'rim_state': 0, 'rdygo': 0, 'turn_left': 0, 'turn_right': 1, 'ring': 0} | 备注: nan
[2025-09-09 19:34:28.761] [DEBUG] 修改后的LED显示信息:
[2025-09-09 19:34:28.774] [INFO]   屏幕状态: 开
  亮度级别: 1
  数字显示: 0
  LOGO状态: 2 (0关, 1白, 2红)
  护盾状态: 0 (0关, 1白, 2绿)
  ReadyGo状态: 0 (0关, 1白, 2红)
  左转向灯: 0 (0关, 1白, 2橙)
  右转向灯: 1 (0关, 1白, 2橙)
  灯环状态: 0 (0关, 1蓝, 2红)
[2025-09-09 19:34:28.790] [DEBUG] 组包成功，数据长度: 21 字节
[2025-09-09 19:34:28.799] [DEBUG] 发送数据: A5 60 9F A5 03 0D 3B 36 33 33 33 33 B4 33 33 33 33 33 33 DE 55
[2025-09-09 19:34:29.827] [DEBUG] 接收数据: A5 60 9F A5 83 55 33 93 7F 63 64 33 33 33 33 33 33 33 33 33 33 33 33 33 33 33 33 33 33 33 33 33 33 33 33 33 33 33 33 33 33 33 33 89 66 69 66 65 85 64 63 64 76 63 64 92 75 A7 63 65 33 33 33 33 33 33 33 38 33 33 33 36 33 33 33 33 B4 33 33 33 33 33 33 33 33 33 33 33 33 33 33 BB 55
[2025-09-09 19:34:29.873] [DEBUG] 数据解析成功:
[2025-09-09 19:34:29.885] [INFO]   ID: 0x60
  命令: 0x83 (读)
  寄存器地址: 0x00
  寄存器数量: 0
[2025-09-09 19:34:29.907] [DEBUG] 组包成功，数据长度: 21 字节
[2025-09-09 19:34:29.920] [DEBUG] 发送数据: A5 60 9F A5 01 0D 3B 36 33 33 33 33 B4 33 33 33 33 33 33 99 55
[2025-09-09 19:34:30.950] [DEBUG] 接收数据: A5 60 9F A5 81 0D 3B 36 33 33 33 33 B4 33 33 33 33 33 33 AE 55
[2025-09-09 19:34:30.985] [DEBUG] 数据解析成功:
[2025-09-09 19:34:31.006] [INFO]   ID: 0x60
  命令: 0x81 (读)
  寄存器地址: 0x08
  寄存器数量: 0
[2025-09-09 19:34:31.027] [INFO] 
全局变量中的LED显示信息已更新:
[2025-09-09 19:34:31.049] [INFO]   屏幕状态: 开
  亮度级别: 1
  数字显示: 0
  LOGO状态: 2 (0关, 1白, 2红)
  护盾状态: 0 (0关, 1白, 2绿)
  ReadyGo状态: 0 (0关, 1白, 2红)
  左转向灯: 0 (0关, 1白, 2橙)
  右转向灯: 1 (0关, 1白, 2橙)
  灯环状态: 0 (0关, 1蓝, 2红)
[2025-09-09 19:34:31.063] [INFO] 结果: PASS | 用时: 2.351s
[2025-09-09 19:34:31.275] [INFO] ==== 执行用例 #3000 ====
[2025-09-09 19:34:31.303] [INFO] 参数: {'screen_on': 1, 'brightness': 1, 'digital': 50, 'logo': 0, 'rim_state': 1, 'rdygo': 0, 'turn_left': 0, 'turn_right': 0, 'ring': 2} | 备注: nan
[2025-09-09 19:34:31.333] [DEBUG] 修改后的LED显示信息:
[2025-09-09 19:34:31.345] [INFO]   屏幕状态: 开
  亮度级别: 1
  数字显示: 50
  LOGO状态: 0 (0关, 1白, 2红)
  护盾状态: 1 (0关, 1白, 2绿)
  ReadyGo状态: 0 (0关, 1白, 2红)
  左转向灯: 0 (0关, 1白, 2橙)
  右转向灯: 0 (0关, 1白, 2橙)
  灯环状态: 2 (0关, 1蓝, 2红)
[2025-09-09 19:34:31.364] [DEBUG] 组包成功，数据长度: 21 字节
[2025-09-09 19:34:31.371] [DEBUG] 发送数据: A5 60 9F A5 03 0D 3B 36 33 33 33 65 35 37 33 33 33 33 33 6A 55
[2025-09-09 19:34:31.396] [DEBUG] 接收数据超时
[2025-09-09 19:34:31.409] [DEBUG] 组包成功，数据长度: 21 字节
[2025-09-09 19:34:31.419] [DEBUG] 发送数据: A5 60 9F A5 01 0D 3B 36 33 33 33 65 35 37 33 33 33 33 33 2D 55
[2025-09-09 19:34:31.442] [DEBUG] 接收数据超时
[2025-09-09 19:34:31.451] [INFO] 结果: FAIL | 用时: 0.176s
[2025-09-09 19:34:31.459] [INFO] ==== 执行用例 #5106 ====
[2025-09-09 19:34:31.469] [INFO] 参数: {'screen_on': 1, 'brightness': 2, 'digital': 50, 'logo': 0, 'rim_state': 0, 'rdygo': 0, 'turn_left': 0, 'turn_right': 0, 'ring': 2} | 备注: nan
[2025-09-09 19:34:31.501] [DEBUG] 修改后的LED显示信息:
[2025-09-09 19:34:31.513] [INFO]   屏幕状态: 开
  亮度级别: 2
  数字显示: 50
  LOGO状态: 0 (0关, 1白, 2红)
  护盾状态: 0 (0关, 1白, 2绿)
  ReadyGo状态: 0 (0关, 1白, 2红)
  左转向灯: 0 (0关, 1白, 2橙)
  右转向灯: 0 (0关, 1白, 2橙)
  灯环状态: 2 (0关, 1蓝, 2红)
[2025-09-09 19:34:31.531] [DEBUG] 组包成功，数据长度: 21 字节
[2025-09-09 19:34:31.542] [DEBUG] 发送数据: A5 60 9F A5 03 0D 3B 38 33 33 33 65 33 37 33 33 33 33 33 FC 55
[2025-09-09 19:34:31.573] [DEBUG] 接收数据超时
[2025-09-09 19:34:31.585] [DEBUG] 组包成功，数据长度: 21 字节
[2025-09-09 19:34:31.597] [DEBUG] 发送数据: A5 60 9F A5 01 0D 3B 38 33 33 33 65 33 37 33 33 33 33 33 BB 55
[2025-09-09 19:34:31.618] [DEBUG] 接收数据超时
[2025-09-09 19:34:31.631] [INFO] 结果: FAIL | 用时: 0.171s
[2025-09-09 19:34:31.639] [INFO] ==== 执行用例 #6739 ====
[2025-09-09 19:34:31.647] [INFO] 参数: {'screen_on': 1, 'brightness': 3, 'digital': 0, 'logo': 0, 'rim_state': 2, 'rdygo': 0, 'turn_left': 1, 'turn_right': 2, 'ring': 0} | 备注: nan
[2025-09-09 19:34:31.681] [DEBUG] 修改后的LED显示信息:
[2025-09-09 19:34:31.693] [INFO]   屏幕状态: 开
  亮度级别: 3
  数字显示: 0
  LOGO状态: 0 (0关, 1白, 2红)
  护盾状态: 2 (0关, 1白, 2绿)
  ReadyGo状态: 0 (0关, 1白, 2红)
  左转向灯: 1 (0关, 1白, 2橙)
  右转向灯: 2 (0关, 1白, 2橙)
  灯环状态: 0 (0关, 1蓝, 2红)
[2025-09-09 19:34:31.714] [DEBUG] 组包成功，数据长度: 21 字节
[2025-09-09 19:34:31.726] [DEBUG] 发送数据: A5 60 9F A5 03 0D 3B 3A 33 33 33 33 57 34 33 33 33 33 33 E2 55
[2025-09-09 19:34:31.750] [DEBUG] 接收数据超时
[2025-09-09 19:34:31.765] [DEBUG] 组包成功，数据长度: 21 字节
[2025-09-09 19:34:31.773] [DEBUG] 发送数据: A5 60 9F A5 01 0D 3B 3A 33 33 33 33 57 34 33 33 33 33 33 A5 55
[2025-09-09 19:34:31.798] [DEBUG] 接收数据超时
[2025-09-09 19:34:31.806] [INFO] 结果: FAIL | 用时: 0.167s
[2025-09-09 19:34:31.814] [INFO] ==== 执行用例 #6924 ====
[2025-09-09 19:34:31.824] [INFO] 参数: {'screen_on': 1, 'brightness': 3, 'digital': 0, 'logo': 1, 'rim_state': 1, 'rdygo': 1, 'turn_left': 1, 'turn_right': 0, 'ring': 2} | 备注: nan
[2025-09-09 19:34:31.857] [DEBUG] 修改后的LED显示信息:
[2025-09-09 19:34:31.869] [INFO]   屏幕状态: 开
  亮度级别: 3
  数字显示: 0
  LOGO状态: 1 (0关, 1白, 2红)
  护盾状态: 1 (0关, 1白, 2绿)
  ReadyGo状态: 1 (0关, 1白, 2红)
  左转向灯: 1 (0关, 1白, 2橙)
  右转向灯: 0 (0关, 1白, 2橙)
  灯环状态: 2 (0关, 1蓝, 2红)
[2025-09-09 19:34:31.887] [DEBUG] 组包成功，数据长度: 21 字节
[2025-09-09 19:34:31.899] [DEBUG] 发送数据: A5 60 9F A5 03 0D 3B 3A 33 33 33 B3 5D 37 33 33 33 33 33 5C 55
[2025-09-09 19:34:31.925] [DEBUG] 接收数据超时
[2025-09-09 19:34:31.936] [DEBUG] 组包成功，数据长度: 21 字节
[2025-09-09 19:34:31.948] [DEBUG] 发送数据: A5 60 9F A5 01 0D 3B 3A 33 33 33 B3 5D 37 33 33 33 33 33 1B 55
[2025-09-09 19:34:31.969] [DEBUG] 接收数据超时
[2025-09-09 19:34:31.982] [INFO] 结果: FAIL | 用时: 0.168s
[2025-09-09 19:34:31.995] [INFO] ==== 执行用例 #7347 ====
[2025-09-09 19:34:32.005] [INFO] 参数: {'screen_on': 1, 'brightness': 3, 'digital': 50, 'logo': 0, 'rim_state': 0, 'rdygo': 2, 'turn_left': 0, 'turn_right': 0, 'ring': 2} | 备注: nan
[2025-09-09 19:34:32.041] [DEBUG] 修改后的LED显示信息:
[2025-09-09 19:34:32.054] [INFO]   屏幕状态: 开
  亮度级别: 3
  数字显示: 50
  LOGO状态: 0 (0关, 1白, 2红)
  护盾状态: 0 (0关, 1白, 2绿)
  ReadyGo状态: 2 (0关, 1白, 2红)
  左转向灯: 0 (0关, 1白, 2橙)
  右转向灯: 0 (0关, 1白, 2橙)
  灯环状态: 2 (0关, 1蓝, 2红)
[2025-09-09 19:34:32.074] [DEBUG] 组包成功，数据长度: 21 字节
[2025-09-09 19:34:32.087] [DEBUG] 发送数据: A5 60 9F A5 03 0D 3B 3A 33 33 33 65 43 37 33 33 33 33 33 4C 55
[2025-09-09 19:34:32.112] [DEBUG] 接收数据超时
[2025-09-09 19:34:32.124] [DEBUG] 组包成功，数据长度: 21 字节
[2025-09-09 19:34:32.137] [DEBUG] 发送数据: A5 60 9F A5 01 0D 3B 3A 33 33 33 65 43 37 33 33 33 33 33 0B 55
[2025-09-09 19:34:32.162] [DEBUG] 接收数据超时
[2025-09-09 19:34:32.169] [INFO] 结果: FAIL | 用时: 0.174s
[2025-09-09 19:34:32.182] [INFO] ==== 执行用例 #7548 ====
[2025-09-09 19:34:32.191] [INFO] 参数: {'screen_on': 1, 'brightness': 3, 'digital': 50, 'logo': 1, 'rim_state': 0, 'rdygo': 0, 'turn_left': 1, 'turn_right': 1, 'ring': 2} | 备注: nan
[2025-09-09 19:34:32.225] [DEBUG] 修改后的LED显示信息:
[2025-09-09 19:34:32.238] [INFO]   屏幕状态: 开
  亮度级别: 3
  数字显示: 50
  LOGO状态: 1 (0关, 1白, 2红)
  护盾状态: 0 (0关, 1白, 2绿)
  ReadyGo状态: 0 (0关, 1白, 2红)
  左转向灯: 1 (0关, 1白, 2橙)
  右转向灯: 1 (0关, 1白, 2橙)
  灯环状态: 2 (0关, 1蓝, 2红)
[2025-09-09 19:34:32.255] [DEBUG] 组包成功，数据长度: 21 字节
[2025-09-09 19:34:32.265] [DEBUG] 发送数据: A5 60 9F A5 03 0D 3B 3A 33 33 33 E5 D3 37 33 33 33 33 33 C8 55
[2025-09-09 19:34:32.291] [DEBUG] 接收数据超时
[2025-09-09 19:34:32.301] [DEBUG] 组包成功，数据长度: 21 字节
[2025-09-09 19:34:32.315] [DEBUG] 发送数据: A5 60 9F A5 01 0D 3B 3A 33 33 33 E5 D3 37 33 33 33 33 33 8F 55
[2025-09-09 19:34:32.334] [DEBUG] 接收数据超时
[2025-09-09 19:34:32.347] [INFO] 结果: FAIL | 用时: 0.164s
[2025-09-09 19:34:32.355] [INFO] ==== 执行用例 #7975 ====
[2025-09-09 19:34:32.365] [INFO] 参数: {'screen_on': 1, 'brightness': 3, 'digital': 50, 'logo': 2, 'rim_state': 2, 'rdygo': 1, 'turn_left': 1, 'turn_right': 0, 'ring': 0} | 备注: nan
[2025-09-09 19:34:32.397] [DEBUG] 修改后的LED显示信息:
[2025-09-09 19:34:32.410] [INFO]   屏幕状态: 开
  亮度级别: 3
  数字显示: 50
  LOGO状态: 2 (0关, 1白, 2红)
  护盾状态: 2 (0关, 1白, 2绿)
  ReadyGo状态: 1 (0关, 1白, 2红)
  左转向灯: 1 (0关, 1白, 2橙)
  右转向灯: 0 (0关, 1白, 2橙)
  灯环状态: 0 (0关, 1蓝, 2红)
[2025-09-09 19:34:32.430] [DEBUG] 组包成功，数据长度: 21 字节
[2025-09-09 19:34:32.440] [DEBUG] 发送数据: A5 60 9F A5 03 0D 3B 3A 33 33 33 65 60 33 33 33 33 33 33 D7 55
[2025-09-09 19:34:32.466] [DEBUG] 接收数据超时
[2025-09-09 19:34:32.479] [DEBUG] 组包成功，数据长度: 21 字节
[2025-09-09 19:34:32.493] [DEBUG] 发送数据: A5 60 9F A5 01 0D 3B 3A 33 33 33 65 60 33 33 33 33 33 33 90 55
[2025-09-09 19:34:32.515] [DEBUG] 接收数据超时
[2025-09-09 19:34:32.526] [INFO] 结果: FAIL | 用时: 0.171s
[2025-09-09 19:34:32.536] [INFO] ==== 执行用例 #8146 ====
[2025-09-09 19:34:32.544] [INFO] 参数: {'screen_on': 1, 'brightness': 3, 'digital': 100, 'logo': 0, 'rim_state': 1, 'rdygo': 1, 'turn_left': 2, 'turn_right': 0, 'ring': 0} | 备注: nan
[2025-09-09 19:34:32.575] [DEBUG] 修改后的LED显示信息:
[2025-09-09 19:34:32.588] [INFO]   屏幕状态: 开
  亮度级别: 3
  数字显示: 100
  LOGO状态: 0 (0关, 1白, 2红)
  护盾状态: 1 (0关, 1白, 2绿)
  ReadyGo状态: 1 (0关, 1白, 2红)
  左转向灯: 2 (0关, 1白, 2橙)
  右转向灯: 0 (0关, 1白, 2橙)
  灯环状态: 0 (0关, 1蓝, 2红)
[2025-09-09 19:34:32.605] [DEBUG] 组包成功，数据长度: 21 字节
[2025-09-09 19:34:32.618] [DEBUG] 发送数据: A5 60 9F A5 03 0D 3B 3A 33 33 33 97 7D 33 33 33 33 33 33 04 55
[2025-09-09 19:34:32.643] [DEBUG] 接收数据超时
[2025-09-09 19:34:32.652] [DEBUG] 组包成功，数据长度: 21 字节
[2025-09-09 19:34:32.666] [DEBUG] 发送数据: A5 60 9F A5 01 0D 3B 3A 33 33 33 97 7D 33 33 33 33 33 33 43 55
[2025-09-09 19:34:32.686] [DEBUG] 接收数据超时
[2025-09-09 19:34:32.695] [INFO] 结果: FAIL | 用时: 0.159s
[2025-09-09 19:34:32.704] [INFO] ==== 执行用例 #9520 ====
[2025-09-09 19:34:32.716] [INFO] 参数: {'screen_on': 1, 'brightness': 4, 'digital': 50, 'logo': 0, 'rim_state': 0, 'rdygo': 1, 'turn_left': 1, 'turn_right': 2, 'ring': 0} | 备注: nan
[2025-09-09 19:34:32.746] [DEBUG] 修改后的LED显示信息:
[2025-09-09 19:34:32.755] [INFO]   屏幕状态: 开
  亮度级别: 4
  数字显示: 50
  LOGO状态: 0 (0关, 1白, 2红)
  护盾状态: 0 (0关, 1白, 2绿)
  ReadyGo状态: 1 (0关, 1白, 2红)
  左转向灯: 1 (0关, 1白, 2橙)
  右转向灯: 2 (0关, 1白, 2橙)
  灯环状态: 0 (0关, 1蓝, 2红)
[2025-09-09 19:34:32.776] [DEBUG] 组包成功，数据长度: 21 字节
[2025-09-09 19:34:32.786] [DEBUG] 发送数据: A5 60 9F A5 03 0D 3B 3C 33 33 33 65 5B 34 33 33 33 33 33 67 55
[2025-09-09 19:34:32.810] [DEBUG] 接收数据超时
[2025-09-09 19:34:32.823] [DEBUG] 组包成功，数据长度: 21 字节
[2025-09-09 19:34:32.831] [DEBUG] 发送数据: A5 60 9F A5 01 0D 3B 3C 33 33 33 65 5B 34 33 33 33 33 33 20 55
[2025-09-09 19:34:32.852] [DEBUG] 接收数据超时
[2025-09-09 19:34:32.865] [INFO] 结果: FAIL | 用时: 0.161s
[2025-09-09 19:34:32.874] [INFO] ==== 执行用例 #9922 ====
[2025-09-09 19:34:32.881] [INFO] 参数: {'screen_on': 1, 'brightness': 4, 'digital': 50, 'logo': 1, 'rim_state': 2, 'rdygo': 1, 'turn_left': 1, 'turn_right': 1, 'ring': 0} | 备注: nan
[2025-09-09 19:34:32.922] [DEBUG] 修改后的LED显示信息:
[2025-09-09 19:34:32.938] [INFO]   屏幕状态: 开
  亮度级别: 4
  数字显示: 50
  LOGO状态: 1 (0关, 1白, 2红)
  护盾状态: 2 (0关, 1白, 2绿)
  ReadyGo状态: 1 (0关, 1白, 2红)
  左转向灯: 1 (0关, 1白, 2橙)
  右转向灯: 1 (0关, 1白, 2橙)
  灯环状态: 0 (0关, 1蓝, 2红)
[2025-09-09 19:34:32.955] [DEBUG] 组包成功，数据长度: 21 字节
[2025-09-09 19:34:32.963] [DEBUG] 发送数据: A5 60 9F A5 03 0D 3B 3C 33 33 33 E5 DF 33 33 33 33 33 33 1A 55
[2025-09-09 19:34:32.993] [DEBUG] 接收数据超时
[2025-09-09 19:34:33.004] [DEBUG] 组包成功，数据长度: 21 字节
[2025-09-09 19:34:33.017] [DEBUG] 发送数据: A5 60 9F A5 01 0D 3B 3C 33 33 33 E5 DF 33 33 33 33 33 33 5D 55
[2025-09-09 19:34:33.038] [DEBUG] 接收数据超时
[2025-09-09 19:34:33.047] [INFO] 结果: FAIL | 用时: 0.173s
[2025-09-09 19:34:33.060] [INFO] ==== 执行用例 #10023 ====
[2025-09-09 19:34:33.068] [INFO] 参数: {'screen_on': 1, 'brightness': 4, 'digital': 50, 'logo': 2, 'rim_state': 0, 'rdygo': 2, 'turn_left': 0, 'turn_right': 1, 'ring': 2} | 备注: nan
[2025-09-09 19:34:33.098] [DEBUG] 修改后的LED显示信息:
[2025-09-09 19:34:33.111] [INFO]   屏幕状态: 开
  亮度级别: 4
  数字显示: 50
  LOGO状态: 2 (0关, 1白, 2红)
  护盾状态: 0 (0关, 1白, 2绿)
  ReadyGo状态: 2 (0关, 1白, 2红)
  左转向灯: 0 (0关, 1白, 2橙)
  右转向灯: 1 (0关, 1白, 2橙)
  灯环状态: 2 (0关, 1蓝, 2红)
[2025-09-09 19:34:33.133] [DEBUG] 组包成功，数据长度: 21 字节
[2025-09-09 19:34:33.140] [DEBUG] 发送数据: A5 60 9F A5 03 0D 3B 3C 33 33 33 65 C4 37 33 33 33 33 33 85 55
[2025-09-09 19:34:33.171] [DEBUG] 接收数据超时
[2025-09-09 19:34:33.182] [DEBUG] 组包成功，数据长度: 21 字节
[2025-09-09 19:34:33.192] [DEBUG] 发送数据: A5 60 9F A5 01 0D 3B 3C 33 33 33 65 C4 37 33 33 33 33 33 C2 55
[2025-09-09 19:34:33.216] [DEBUG] 接收数据超时
[2025-09-09 19:34:33.225] [INFO] 结果: FAIL | 用时: 0.165s
[2025-09-09 19:34:33.235] [INFO] ==== 执行用例 #10068 ====
[2025-09-09 19:34:33.245] [INFO] 参数: {'screen_on': 1, 'brightness': 4, 'digital': 50, 'logo': 2, 'rim_state': 1, 'rdygo': 0, 'turn_left': 2, 'turn_right': 1, 'ring': 2} | 备注: nan
[2025-09-09 19:34:33.274] [DEBUG] 修改后的LED显示信息:
[2025-09-09 19:34:33.286] [INFO]   屏幕状态: 开
  亮度级别: 4
  数字显示: 50
  LOGO状态: 2 (0关, 1白, 2红)
  护盾状态: 1 (0关, 1白, 2绿)
  ReadyGo状态: 0 (0关, 1白, 2红)
  左转向灯: 2 (0关, 1白, 2橙)
  右转向灯: 1 (0关, 1白, 2橙)
  灯环状态: 2 (0关, 1蓝, 2红)
[2025-09-09 19:34:33.305] [DEBUG] 组包成功，数据长度: 21 字节
[2025-09-09 19:34:33.316] [DEBUG] 发送数据: A5 60 9F A5 03 0D 3B 3C 33 33 33 65 F6 37 33 33 33 33 33 C9 55
[2025-09-09 19:34:33.341] [DEBUG] 接收数据超时
[2025-09-09 19:34:33.353] [DEBUG] 组包成功，数据长度: 21 字节
[2025-09-09 19:34:33.366] [DEBUG] 发送数据: A5 60 9F A5 01 0D 3B 3C 33 33 33 65 F6 37 33 33 33 33 33 8E 55
[2025-09-09 19:34:33.388] [DEBUG] 接收数据超时
[2025-09-09 19:34:33.396] [INFO] 结果: FAIL | 用时: 0.162s
[2025-09-09 19:34:33.404] [INFO] ==== 执行用例 #10282 ====
[2025-09-09 19:34:33.416] [INFO] 参数: {'screen_on': 1, 'brightness': 4, 'digital': 100, 'logo': 0, 'rim_state': 0, 'rdygo': 2, 'turn_left': 2, 'turn_right': 1, 'ring': 0} | 备注: nan
[2025-09-09 19:34:33.449] [DEBUG] 修改后的LED显示信息:
[2025-09-09 19:34:33.461] [INFO]   屏幕状态: 开
  亮度级别: 4
  数字显示: 100
  LOGO状态: 0 (0关, 1白, 2红)
  护盾状态: 0 (0关, 1白, 2绿)
  ReadyGo状态: 2 (0关, 1白, 2红)
  左转向灯: 2 (0关, 1白, 2橙)
  右转向灯: 1 (0关, 1白, 2橙)
  灯环状态: 0 (0关, 1蓝, 2红)
[2025-09-09 19:34:33.482] [DEBUG] 组包成功，数据长度: 21 字节
[2025-09-09 19:34:33.494] [DEBUG] 发送数据: A5 60 9F A5 03 0D 3B 3C 33 33 33 97 03 33 33 33 33 33 33 D5 55
[2025-09-09 19:34:33.519] [DEBUG] 接收数据超时
[2025-09-09 19:34:33.532] [DEBUG] 组包成功，数据长度: 21 字节
[2025-09-09 19:34:33.541] [DEBUG] 发送数据: A5 60 9F A5 01 0D 3B 3C 33 33 33 97 03 33 33 33 33 33 33 92 55
[2025-09-09 19:34:33.561] [DEBUG] 接收数据超时
[2025-09-09 19:34:33.574] [INFO] 结果: FAIL | 用时: 0.170s
[2025-09-09 19:34:33.584] [INFO] ==== 执行用例 #10509 ====
[2025-09-09 19:34:33.595] [INFO] 参数: {'screen_on': 1, 'brightness': 4, 'digital': 100, 'logo': 1, 'rim_state': 0, 'rdygo': 2, 'turn_left': 0, 'turn_right': 1, 'ring': 2} | 备注: nan
[2025-09-09 19:34:33.625] [DEBUG] 修改后的LED显示信息:
[2025-09-09 19:34:33.637] [INFO]   屏幕状态: 开
  亮度级别: 4
  数字显示: 100
  LOGO状态: 1 (0关, 1白, 2红)
  护盾状态: 0 (0关, 1白, 2绿)
  ReadyGo状态: 2 (0关, 1白, 2红)
  左转向灯: 0 (0关, 1白, 2橙)
  右转向灯: 1 (0关, 1白, 2橙)
  灯环状态: 2 (0关, 1蓝, 2红)
[2025-09-09 19:34:33.654] [DEBUG] 组包成功，数据长度: 21 字节
[2025-09-09 19:34:33.668] [DEBUG] 发送数据: A5 60 9F A5 03 0D 3B 3C 33 33 33 17 C3 37 33 33 33 33 33 56 55
[2025-09-09 19:34:33.692] [DEBUG] 接收数据超时
[2025-09-09 19:34:33.705] [DEBUG] 组包成功，数据长度: 21 字节
[2025-09-09 19:34:33.718] [DEBUG] 发送数据: A5 60 9F A5 01 0D 3B 3C 33 33 33 17 C3 37 33 33 33 33 33 11 55
[2025-09-09 19:34:33.740] [DEBUG] 接收数据超时
[2025-09-09 19:34:33.747] [INFO] 结果: FAIL | 用时: 0.164s
[2025-09-09 19:34:33.760] [INFO] ==== 执行用例 #11108 ====
[2025-09-09 19:34:33.768] [INFO] 参数: {'screen_on': 1, 'brightness': 5, 'digital': 0, 'logo': 0, 'rim_state': 2, 'rdygo': 0, 'turn_left': 1, 'turn_right': 0, 'ring': 1} | 备注: nan
[2025-09-09 19:34:33.803] [DEBUG] 修改后的LED显示信息:
[2025-09-09 19:34:33.815] [INFO]   屏幕状态: 开
  亮度级别: 5
  数字显示: 0
  LOGO状态: 0 (0关, 1白, 2红)
  护盾状态: 2 (0关, 1白, 2绿)
  ReadyGo状态: 0 (0关, 1白, 2红)
  左转向灯: 1 (0关, 1白, 2橙)
  右转向灯: 0 (0关, 1白, 2橙)
  灯环状态: 1 (0关, 1蓝, 2红)
[2025-09-09 19:34:33.837] [DEBUG] 组包成功，数据长度: 21 字节
[2025-09-09 19:34:33.849] [DEBUG] 发送数据: A5 60 9F A5 03 0D 3B 3E 33 33 33 33 57 35 33 33 33 33 33 6E 55
[2025-09-09 19:34:33.873] [DEBUG] 接收数据超时
[2025-09-09 19:34:33.888] [DEBUG] 组包成功，数据长度: 21 字节
[2025-09-09 19:34:33.898] [DEBUG] 发送数据: A5 60 9F A5 01 0D 3B 3E 33 33 33 33 57 35 33 33 33 33 33 29 55
[2025-09-09 19:34:33.922] [DEBUG] 接收数据超时
[2025-09-09 19:34:33.932] [INFO] 结果: FAIL | 用时: 0.172s
[2025-09-09 19:34:33.939] [INFO] ==== 执行用例 #11309 ====
[2025-09-09 19:34:33.951] [INFO] 参数: {'screen_on': 1, 'brightness': 5, 'digital': 0, 'logo': 1, 'rim_state': 1, 'rdygo': 1, 'turn_left': 2, 'turn_right': 1, 'ring': 1} | 备注: nan
[2025-09-09 19:34:33.982] [DEBUG] 修改后的LED显示信息:
[2025-09-09 19:34:33.994] [INFO]   屏幕状态: 开
  亮度级别: 5
  数字显示: 0
  LOGO状态: 1 (0关, 1白, 2红)
  护盾状态: 1 (0关, 1白, 2绿)
  ReadyGo状态: 1 (0关, 1白, 2红)
  左转向灯: 2 (0关, 1白, 2橙)
  右转向灯: 1 (0关, 1白, 2橙)
  灯环状态: 1 (0关, 1蓝, 2红)
[2025-09-09 19:34:34.016] [DEBUG] 组包成功，数据长度: 21 字节
[2025-09-09 19:34:34.024] [DEBUG] 发送数据: A5 60 9F A5 03 0D 3B 3E 33 33 33 B3 FD 35 33 33 33 33 33 82 55
[2025-09-09 19:34:34.050] [DEBUG] 接收数据超时
[2025-09-09 19:34:34.063] [DEBUG] 组包成功，数据长度: 21 字节
[2025-09-09 19:34:34.071] [DEBUG] 发送数据: A5 60 9F A5 01 0D 3B 3E 33 33 33 B3 FD 35 33 33 33 33 33 C5 55
[2025-09-09 19:34:34.096] [DEBUG] 接收数据超时
[2025-09-09 19:34:34.105] [INFO] 结果: FAIL | 用时: 0.166s
[2025-09-09 19:34:34.115] [INFO] ==== 执行用例 #11460 ====
[2025-09-09 19:34:34.121] [INFO] 参数: {'screen_on': 1, 'brightness': 5, 'digital': 0, 'logo': 2, 'rim_state': 0, 'rdygo': 1, 'turn_left': 1, 'turn_right': 0, 'ring': 2} | 备注: nan
[2025-09-09 19:34:34.156] [DEBUG] 修改后的LED显示信息:
[2025-09-09 19:34:34.167] [INFO]   屏幕状态: 开
  亮度级别: 5
  数字显示: 0
  LOGO状态: 2 (0关, 1白, 2红)
  护盾状态: 0 (0关, 1白, 2绿)
  ReadyGo状态: 1 (0关, 1白, 2红)
  左转向灯: 1 (0关, 1白, 2橙)
  右转向灯: 0 (0关, 1白, 2橙)
  灯环状态: 2 (0关, 1蓝, 2红)
[2025-09-09 19:34:34.188] [DEBUG] 组包成功，数据长度: 21 字节
[2025-09-09 19:34:34.196] [DEBUG] 发送数据: A5 60 9F A5 03 0D 3B 3E 33 33 33 33 5C 37 33 33 33 33 33 AD 55
[2025-09-09 19:34:34.222] [DEBUG] 接收数据超时
[2025-09-09 19:34:34.235] [DEBUG] 组包成功，数据长度: 21 字节
[2025-09-09 19:34:34.246] [DEBUG] 发送数据: A5 60 9F A5 01 0D 3B 3E 33 33 33 33 5C 37 33 33 33 33 33 EA 55
[2025-09-09 19:34:34.270] [DEBUG] 接收数据超时
[2025-09-09 19:34:34.279] [INFO] 结果: FAIL | 用时: 0.164s
[2025-09-09 19:34:34.287] [INFO] ==== 执行用例 #12960 ====
[2025-09-09 19:34:34.295] [INFO] 参数: {'screen_on': 1, 'brightness': 5, 'digital': 100, 'logo': 2, 'rim_state': 0, 'rdygo': 2, 'turn_left': 2, 'turn_right': 2, 'ring': 2} | 备注: nan
[2025-09-09 19:34:34.329] [DEBUG] 修改后的LED显示信息:
[2025-09-09 19:34:34.342] [INFO]   屏幕状态: 开
  亮度级别: 5
  数字显示: 100
  LOGO状态: 2 (0关, 1白, 2红)
  护盾状态: 0 (0关, 1白, 2绿)
  ReadyGo状态: 2 (0关, 1白, 2红)
  左转向灯: 2 (0关, 1白, 2橙)
  右转向灯: 2 (0关, 1白, 2橙)
  灯环状态: 2 (0关, 1蓝, 2红)
[2025-09-09 19:34:34.361] [DEBUG] 组包成功，数据长度: 21 字节
[2025-09-09 19:34:34.369] [DEBUG] 发送数据: A5 60 9F A5 03 0D 3B 3E 33 33 33 97 84 38 33 33 33 33 33 9E 55
[2025-09-09 19:34:34.395] [DEBUG] 接收数据超时
[2025-09-09 19:34:34.409] [DEBUG] 组包成功，数据长度: 21 字节
[2025-09-09 19:34:34.420] [DEBUG] 发送数据: A5 60 9F A5 01 0D 3B 3E 33 33 33 97 84 38 33 33 33 33 33 D9 55
[2025-09-09 19:34:34.441] [DEBUG] 接收数据超时
[2025-09-09 19:34:34.452] [INFO] 结果: FAIL | 用时: 0.165s
[2025-09-09 19:34:34.462] [INFO] ==== 执行用例 #13191 ====
[2025-09-09 19:34:34.471] [INFO] 参数: {'screen_on': 1, 'brightness': 6, 'digital': 0, 'logo': 0, 'rim_state': 0, 'rdygo': 2, 'turn_left': 1, 'turn_right': 1, 'ring': 2} | 备注: nan
[2025-09-09 19:34:34.504] [DEBUG] 修改后的LED显示信息:
[2025-09-09 19:34:34.516] [INFO]   屏幕状态: 开
  亮度级别: 6
  数字显示: 0
  LOGO状态: 0 (0关, 1白, 2红)
  护盾状态: 0 (0关, 1白, 2绿)
  ReadyGo状态: 2 (0关, 1白, 2红)
  左转向灯: 1 (0关, 1白, 2橙)
  右转向灯: 1 (0关, 1白, 2橙)
  灯环状态: 2 (0关, 1蓝, 2红)
[2025-09-09 19:34:34.537] [DEBUG] 组包成功，数据长度: 21 字节
[2025-09-09 19:34:34.550] [DEBUG] 发送数据: A5 60 9F A5 03 0D 3B 40 33 33 33 33 E3 37 33 33 33 33 33 02 55
[2025-09-09 19:34:34.575] [DEBUG] 接收数据超时
[2025-09-09 19:34:34.586] [DEBUG] 组包成功，数据长度: 21 字节
[2025-09-09 19:34:34.597] [DEBUG] 发送数据: A5 60 9F A5 01 0D 3B 40 33 33 33 33 E3 37 33 33 33 33 33 45 55
[2025-09-09 19:34:34.621] [DEBUG] 接收数据超时
[2025-09-09 19:34:34.628] [INFO] 结果: FAIL | 用时: 0.165s
[2025-09-09 19:34:34.636] [INFO] ==== 执行用例 #13602 ====
[2025-09-09 19:34:34.650] [INFO] 参数: {'screen_on': 1, 'brightness': 6, 'digital': 0, 'logo': 1, 'rim_state': 2, 'rdygo': 2, 'turn_left': 2, 'turn_right': 0, 'ring': 2} | 备注: nan
[2025-09-09 19:34:34.678] [DEBUG] 修改后的LED显示信息:
[2025-09-09 19:34:34.692] [INFO]   屏幕状态: 开
  亮度级别: 6
  数字显示: 0
  LOGO状态: 1 (0关, 1白, 2红)
  护盾状态: 2 (0关, 1白, 2绿)
  ReadyGo状态: 2 (0关, 1白, 2红)
  左转向灯: 2 (0关, 1白, 2橙)
  右转向灯: 0 (0关, 1白, 2橙)
  灯环状态: 2 (0关, 1蓝, 2红)
[2025-09-09 19:34:34.708] [DEBUG] 组包成功，数据长度: 21 字节
[2025-09-09 19:34:34.720] [DEBUG] 发送数据: A5 60 9F A5 03 0D 3B 40 33 33 33 B3 87 37 33 33 33 33 33 62 55
[2025-09-09 19:34:34.745] [DEBUG] 接收数据超时
[2025-09-09 19:34:34.758] [DEBUG] 组包成功，数据长度: 21 字节
[2025-09-09 19:34:34.770] [DEBUG] 发送数据: A5 60 9F A5 01 0D 3B 40 33 33 33 B3 87 37 33 33 33 33 33 25 55
[2025-09-09 19:34:34.792] [DEBUG] 接收数据超时
[2025-09-09 19:34:34.801] [INFO] 结果: FAIL | 用时: 0.165s
[2025-09-09 19:34:34.810] [INFO] ==== 执行用例 #14453 ====
[2025-09-09 19:34:34.822] [INFO] 参数: {'screen_on': 1, 'brightness': 6, 'digital': 50, 'logo': 2, 'rim_state': 1, 'rdygo': 1, 'turn_left': 0, 'turn_right': 2, 'ring': 1} | 备注: nan
[2025-09-09 19:34:34.856] [DEBUG] 修改后的LED显示信息:
[2025-09-09 19:34:34.869] [INFO]   屏幕状态: 开
  亮度级别: 6
  数字显示: 50
  LOGO状态: 2 (0关, 1白, 2红)
  护盾状态: 1 (0关, 1白, 2绿)
  ReadyGo状态: 1 (0关, 1白, 2红)
  左转向灯: 0 (0关, 1白, 2橙)
  右转向灯: 2 (0关, 1白, 2橙)
  灯环状态: 1 (0关, 1蓝, 2红)
[2025-09-09 19:34:34.885] [DEBUG] 组包成功，数据长度: 21 字节
[2025-09-09 19:34:34.898] [DEBUG] 发送数据: A5 60 9F A5 03 0D 3B 40 33 33 33 65 3E 36 33 33 33 33 33 D5 55
[2025-09-09 19:34:34.923] [DEBUG] 接收数据超时
[2025-09-09 19:34:34.936] [DEBUG] 组包成功，数据长度: 21 字节
[2025-09-09 19:34:34.949] [DEBUG] 发送数据: A5 60 9F A5 01 0D 3B 40 33 33 33 65 3E 36 33 33 33 33 33 92 55
[2025-09-09 19:34:34.970] [DEBUG] 接收数据超时
[2025-09-09 19:34:34.980] [INFO] 结果: FAIL | 用时: 0.170s
[2025-09-09 19:34:34.991] [INFO] ==== 执行用例 #14934 ====
[2025-09-09 19:34:34.999] [INFO] 参数: {'screen_on': 1, 'brightness': 6, 'digital': 100, 'logo': 1, 'rim_state': 1, 'rdygo': 1, 'turn_left': 0, 'turn_right': 0, 'ring': 2} | 备注: nan
[2025-09-09 19:34:35.036] [DEBUG] 修改后的LED显示信息:
[2025-09-09 19:34:35.049] [INFO]   屏幕状态: 开
  亮度级别: 6
  数字显示: 100
  LOGO状态: 1 (0关, 1白, 2红)
  护盾状态: 1 (0关, 1白, 2绿)
  ReadyGo状态: 1 (0关, 1白, 2红)
  左转向灯: 0 (0关, 1白, 2橙)
  右转向灯: 0 (0关, 1白, 2橙)
  灯环状态: 2 (0关, 1蓝, 2红)
[2025-09-09 19:34:35.066] [DEBUG] 组包成功，数据长度: 21 字节
[2025-09-09 19:34:35.079] [DEBUG] 发送数据: A5 60 9F A5 03 0D 3B 40 33 33 33 17 3D 37 33 33 33 33 33 46 55
[2025-09-09 19:34:35.104] [DEBUG] 接收数据超时
[2025-09-09 19:34:35.114] [DEBUG] 组包成功，数据长度: 21 字节
[2025-09-09 19:34:35.125] [DEBUG] 发送数据: A5 60 9F A5 01 0D 3B 40 33 33 33 17 3D 37 33 33 33 33 33 01 55
[2025-09-09 19:34:35.146] [DEBUG] 接收数据超时
[2025-09-09 19:34:35.158] [INFO] 结果: FAIL | 用时: 0.167s
[2025-09-09 19:34:35.167] [INFO] ==== 执行用例 #15192 ====
[2025-09-09 19:34:35.179] [INFO] 参数: {'screen_on': 1, 'brightness': 6, 'digital': 100, 'logo': 2, 'rim_state': 1, 'rdygo': 1, 'turn_left': 1, 'turn_right': 2, 'ring': 2} | 备注: nan
[2025-09-09 19:34:35.212] [DEBUG] 修改后的LED显示信息:
[2025-09-09 19:34:35.225] [INFO]   屏幕状态: 开
  亮度级别: 6
  数字显示: 100
  LOGO状态: 2 (0关, 1白, 2红)
  护盾状态: 1 (0关, 1白, 2绿)
  ReadyGo状态: 1 (0关, 1白, 2红)
  左转向灯: 1 (0关, 1白, 2橙)
  右转向灯: 2 (0关, 1白, 2橙)
  灯环状态: 2 (0关, 1蓝, 2红)
[2025-09-09 19:34:35.243] [DEBUG] 组包成功，数据长度: 21 字节
[2025-09-09 19:34:35.255] [DEBUG] 发送数据: A5 60 9F A5 03 0D 3B 40 33 33 33 97 5E 38 33 33 33 33 33 7E 55
[2025-09-09 19:34:35.279] [DEBUG] 接收数据超时
[2025-09-09 19:34:35.291] [DEBUG] 组包成功，数据长度: 21 字节
[2025-09-09 19:34:35.303] [DEBUG] 发送数据: A5 60 9F A5 01 0D 3B 40 33 33 33 97 5E 38 33 33 33 33 33 39 55
[2025-09-09 19:34:35.327] [DEBUG] 接收数据超时
[2025-09-09 19:34:35.336] [INFO] 结果: FAIL | 用时: 0.169s
[2025-09-09 19:34:35.346] [INFO] ==== 执行用例 #15583 ====
[2025-09-09 19:34:35.353] [INFO] 参数: {'screen_on': 1, 'brightness': 7, 'digital': 0, 'logo': 1, 'rim_state': 0, 'rdygo': 1, 'turn_left': 0, 'turn_right': 1, 'ring': 0} | 备注: nan
[2025-09-09 19:34:35.388] [DEBUG] 修改后的LED显示信息:
[2025-09-09 19:34:35.400] [INFO]   屏幕状态: 开
  亮度级别: 7
  数字显示: 0
  LOGO状态: 1 (0关, 1白, 2红)
  护盾状态: 0 (0关, 1白, 2绿)
  ReadyGo状态: 1 (0关, 1白, 2红)
  左转向灯: 0 (0关, 1白, 2橙)
  右转向灯: 1 (0关, 1白, 2橙)
  灯环状态: 0 (0关, 1蓝, 2红)
[2025-09-09 19:34:35.418] [DEBUG] 组包成功，数据长度: 21 字节
[2025-09-09 19:34:35.429] [DEBUG] 发送数据: A5 60 9F A5 03 0D 3B 42 33 33 33 B3 BB 33 33 33 33 33 33 AB 55
[2025-09-09 19:34:35.459] [DEBUG] 接收数据超时
[2025-09-09 19:34:35.471] [DEBUG] 组包成功，数据长度: 21 字节
[2025-09-09 19:34:35.480] [DEBUG] 发送数据: A5 60 9F A5 01 0D 3B 42 33 33 33 B3 BB 33 33 33 33 33 33 EC 55
[2025-09-09 19:34:35.505] [DEBUG] 接收数据超时
[2025-09-09 19:34:35.513] [INFO] 结果: FAIL | 用时: 0.167s
[2025-09-09 19:34:35.521] [INFO] ==== 执行用例 #16100 ====
[2025-09-09 19:34:35.530] [INFO] 参数: {'screen_on': 1, 'brightness': 7, 'digital': 50, 'logo': 0, 'rim_state': 0, 'rdygo': 2, 'turn_left': 0, 'turn_right': 2, 'ring': 1} | 备注: nan
[2025-09-09 19:34:35.564] [DEBUG] 修改后的LED显示信息:
[2025-09-09 19:34:35.577] [INFO]   屏幕状态: 开
  亮度级别: 7
  数字显示: 50
  LOGO状态: 0 (0关, 1白, 2红)
  护盾状态: 0 (0关, 1白, 2绿)
  ReadyGo状态: 2 (0关, 1白, 2红)
  左转向灯: 0 (0关, 1白, 2橙)
  右转向灯: 2 (0关, 1白, 2橙)
  灯环状态: 1 (0关, 1蓝, 2红)
[2025-09-09 19:34:35.593] [DEBUG] 组包成功，数据长度: 21 字节
[2025-09-09 19:34:35.606] [DEBUG] 发送数据: A5 60 9F A5 03 0D 3B 42 33 33 33 65 43 36 33 33 33 33 33 99 55
[2025-09-09 19:34:35.631] [DEBUG] 接收数据超时
[2025-09-09 19:34:35.644] [DEBUG] 组包成功，数据长度: 21 字节
[2025-09-09 19:34:35.653] [DEBUG] 发送数据: A5 60 9F A5 01 0D 3B 42 33 33 33 65 43 36 33 33 33 33 33 DE 55
[2025-09-09 19:34:35.678] [DEBUG] 接收数据超时
[2025-09-09 19:34:35.690] [INFO] 结果: FAIL | 用时: 0.169s
[2025-09-09 19:34:35.700] [INFO] ==== 执行用例 #16418 ====
[2025-09-09 19:34:35.707] [INFO] 参数: {'screen_on': 1, 'brightness': 7, 'digital': 50, 'logo': 1, 'rim_state': 1, 'rdygo': 2, 'turn_left': 0, 'turn_right': 0, 'ring': 1} | 备注: nan
[2025-09-09 19:34:35.740] [DEBUG] 修改后的LED显示信息:
[2025-09-09 19:34:35.753] [INFO]   屏幕状态: 开
  亮度级别: 7
  数字显示: 50
  LOGO状态: 1 (0关, 1白, 2红)
  护盾状态: 1 (0关, 1白, 2绿)
  ReadyGo状态: 2 (0关, 1白, 2红)
  左转向灯: 0 (0关, 1白, 2橙)
  右转向灯: 0 (0关, 1白, 2橙)
  灯环状态: 1 (0关, 1蓝, 2红)
[2025-09-09 19:34:35.772] [DEBUG] 组包成功，数据长度: 21 字节
[2025-09-09 19:34:35.783] [DEBUG] 发送数据: A5 60 9F A5 03 0D 3B 42 33 33 33 E5 45 35 33 33 33 33 33 11 55
[2025-09-09 19:34:35.808] [DEBUG] 接收数据超时
[2025-09-09 19:34:35.821] [DEBUG] 组包成功，数据长度: 21 字节
[2025-09-09 19:34:35.836] [DEBUG] 发送数据: A5 60 9F A5 01 0D 3B 42 33 33 33 E5 45 35 33 33 33 33 33 56 55
[2025-09-09 19:34:35.855] [DEBUG] 接收数据超时
[2025-09-09 19:34:35.868] [INFO] 结果: FAIL | 用时: 0.168s
[2025-09-09 19:34:35.877] [INFO] ==== 执行用例 #16485 ====
[2025-09-09 19:34:35.884] [INFO] 参数: {'screen_on': 1, 'brightness': 7, 'digital': 50, 'logo': 1, 'rim_state': 2, 'rdygo': 1, 'turn_left': 1, 'turn_right': 1, 'ring': 2} | 备注: nan
[2025-09-09 19:34:35.922] [DEBUG] 修改后的LED显示信息:
[2025-09-09 19:34:35.935] [INFO]   屏幕状态: 开
  亮度级别: 7
  数字显示: 50
  LOGO状态: 1 (0关, 1白, 2红)
  护盾状态: 2 (0关, 1白, 2绿)
  ReadyGo状态: 1 (0关, 1白, 2红)
  左转向灯: 1 (0关, 1白, 2橙)
  右转向灯: 1 (0关, 1白, 2橙)
  灯环状态: 2 (0关, 1蓝, 2红)
[2025-09-09 19:34:35.951] [DEBUG] 组包成功，数据长度: 21 字节
[2025-09-09 19:34:35.964] [DEBUG] 发送数据: A5 60 9F A5 03 0D 3B 42 33 33 33 E5 DF 37 33 33 33 33 33 79 55
[2025-09-09 19:34:35.989] [DEBUG] 接收数据超时
[2025-09-09 19:34:36.002] [DEBUG] 组包成功，数据长度: 21 字节
[2025-09-09 19:34:36.015] [DEBUG] 发送数据: A5 60 9F A5 01 0D 3B 42 33 33 33 E5 DF 37 33 33 33 33 33 3E 55
[2025-09-09 19:34:36.036] [DEBUG] 接收数据超时
[2025-09-09 19:34:36.048] [INFO] 结果: FAIL | 用时: 0.171s
[2025-09-09 19:34:36.056] [INFO] ==== 执行用例 #16555 ====
[2025-09-09 19:34:36.064] [INFO] 参数: {'screen_on': 1, 'brightness': 7, 'digital': 50, 'logo': 2, 'rim_state': 0, 'rdygo': 1, 'turn_left': 0, 'turn_right': 1, 'ring': 0} | 备注: nan
[2025-09-09 19:34:36.097] [DEBUG] 修改后的LED显示信息:
[2025-09-09 19:34:36.110] [INFO]   屏幕状态: 开
  亮度级别: 7
  数字显示: 50
  LOGO状态: 2 (0关, 1白, 2红)
  护盾状态: 0 (0关, 1白, 2绿)
  ReadyGo状态: 1 (0关, 1白, 2红)
  左转向灯: 0 (0关, 1白, 2橙)
  右转向灯: 1 (0关, 1白, 2橙)
  灯环状态: 0 (0关, 1蓝, 2红)
[2025-09-09 19:34:36.131] [DEBUG] 组包成功，数据长度: 21 字节
[2025-09-09 19:34:36.142] [DEBUG] 发送数据: A5 60 9F A5 03 0D 3B 42 33 33 33 65 BC 33 33 33 33 33 33 1D 55
[2025-09-09 19:34:36.170] [DEBUG] 接收数据超时
[2025-09-09 19:34:36.182] [DEBUG] 组包成功，数据长度: 21 字节
[2025-09-09 19:34:36.193] [DEBUG] 发送数据: A5 60 9F A5 01 0D 3B 42 33 33 33 65 BC 33 33 33 33 33 33 5A 55
[2025-09-09 19:34:36.218] [DEBUG] 接收数据超时
[2025-09-09 19:34:36.229] [INFO] 结果: FAIL | 用时: 0.173s
[2025-09-09 19:34:36.245] [INFO] 开始压力循环: 次数=1, 间隔=0.5s, 参数={'screen_on': 1, 'brightness': 1, 'digital': 0, 'logo': 0, 'rim_state': 1, 'rdygo': 1, 'turn_left': 0, 'turn_right': 2, 'ring': 0}
[2025-09-09 19:34:36.278] [DEBUG] 修改后的LED显示信息:
[2025-09-09 19:34:36.291] [INFO]   屏幕状态: 开
  亮度级别: 1
  数字显示: 0
  LOGO状态: 0 (0关, 1白, 2红)
  护盾状态: 1 (0关, 1白, 2绿)
  ReadyGo状态: 1 (0关, 1白, 2红)
  左转向灯: 0 (0关, 1白, 2橙)
  右转向灯: 2 (0关, 1白, 2橙)
  灯环状态: 0 (0关, 1蓝, 2红)
[2025-09-09 19:34:36.312] [DEBUG] 组包成功，数据长度: 21 字节
[2025-09-09 19:34:36.320] [DEBUG] 发送数据: A5 60 9F A5 03 0D 3B 36 33 33 33 33 3D 34 33 33 33 33 33 BA 55
[2025-09-09 19:34:36.348] [DEBUG] 接收数据: A5 60 9F A5 83 55 33 93 7F 63 64 33 33 33 33 33 33 33 33 33 33 33 33 33 33 33 33 33 33 33 33 33 33 33 33 33 33 33 33 33 33 33 33 89 66 69 66 65 85 64 63 64 76 63 64 92 75 A7 63 65 33 33 33 33 33 33 33 38 33 33 33 36 33 33 33 65 35 37 33 33 33 33 33 33 33 33 33 33 33 33 33 1A 55 A5 60 9F A5 81 0D 3B 36 33 33 33 65 35 37 33 33 33 33 33 1A 55 A5 60 9F A5 83 55 33 93 7F 63 64 33 33 33 33 33 33 33 33 33 33 33 33 33 33 33 33 33 33 33 33 33 33 33 33 33 33 33 33 33 33 33 33 89 66 69 66 65 85 64 63 64 76 63 64 92 75 A7 63 65 33 33 33 33 33 33 33 38 33 33 33 38 33 33 33 65 33 37 33 33 33 33 33 33 33 33 33 33 33 33 33 B6 55 A5 60 9F A5 81 0D 3B 38 33 33 33 65 33 37 33 33 33 33 33 8C 55 A5 60 9F A5 83 55 33 93 7F 63 64 33 33 33 33 33 33 33 33 33 33 33 33 33 33 33 33 33 33 33 33 33 33 33 33 33 33 33 33 33 33 33 33 89 66 69 66 65 85 64 63 64 76 63 64 92 75 A7 63 65 33 33 33 33 33 33 33 38 33 33 33 3A 33 33 33 33 57 34 33 33 33 33 33 33 33 33 33 33 33 33 33 0B 55 A5 60 9F A5 81 0D 3B 3A 33 33 33 33 57 34 33 33 33 33 33 92 55 A5 60 9F A5 83 55 33 93 7F 63 64 33 33 33 33 33 33 33 33 33 33 33 33 33 33 33 33 33 33 33 33 33 33 33 33 33 33 33 33 33 33 33 33 89 66 69 66 65 85 64 63 64 76 63 64 92 75 A7 63 65 33 33 33 33 33 33 33 37 33 33 33 3A 33 33 33 B3 5D 37 33 33 33 33 33 33 33 33 33 33 33 33 33 BE 55 A5 60 9F A5 81 0D 3B 3A 33 33 33 B3 5D 37 33 33 33 33 33 2C 55 A5 60 9F A5 83 55 33 93 7F 63 64 33 33 33 33 33 33 33 33 33 33 33 33 33 33 33 33 33 33 33 33 33 33 33 33 33 33 33 33 33 33 33 33 89 66 69 66 65 85 64 63 64 76 63 64 92 75 A7 63 65 33 33 33 33 33 33 33 37 33 33 33 3A 33 33 33 65 43 37 33 33 33 33 33 33 33 33 33 33 33 33 33 48 55 A5 60 9F A5 81 0D 3B 3A 33 33 33 65 43 37 33 33 33 33 33 3C 55 A5 60 9F A5 83 55 33 93 7F 63 64 33 33 33 33 33 33 33 33 33 33 33 33 33 33 33 33 33 33 33 33 33 33 33 33 33 33 33 33 33 33 33 33 89 66 69 66 65 85 64 63 64 76 63 64 92 75 A7 63 65 33 33 33 33 33 33 33 38 33 33 33 3A 33 33 33 E5 D3 37 33 33 33 33 33 33 33 33 33 33 33 33 33 21 55 A5 60 9F A5 81 0D 3B 3A 33 33 33 E5 D3 37 33 33 33 33 33 B8 55 A5 60 9F A5 83 55 33 93 7F 63 64 33 33 33 33 33 33 33 33 33 33 33 33 33 33 33 33 33 33 33 33 33 33 33 33 33 33 33 33 33 33 33 33 89 66 69 66 65 85 64 63 64 76 63 64 92 75 A7 63 65 33 33 33 33 33 33 33 36 33 33 33 3A 33 33 33 65 60 33 33 33 33 33 33 33 33 33 33 33 33 33 33 4C 55 A5 60 9F A5 81 0D 3B 3A 33 33 33 65 60 33 33 33 33 33 33 A7 55 A5 60 9F A5 83 55 33 93 7F 63 64 33 33 33 33 33 33 33 33 33 33 33 33 33 33 33 33 33 33 33 33 33 33 33 33 33 33 33 33 33 33 33 33 89 66 69 66 65 85 64 63 64 76 63 64 92 75 A7 63 65 33 33 33 33 33 33 33 38 33 33 33 3A 33 33 33 97 7D 33 33 33 33 33 33 33 33 33 33 33 33 33 33 5E 55 A5 60 9F A5 81 0D 3B 3A 33 33 33 97 7D 33 33 33 33 33 33 74 55 A5 60 9F A5 83 55 33 93 7F 63 64 33 33 33 33 33 33 33 33 33 33 33 33 33 33 33 33 33 33 33 33 33 33 33 33 33 33 33 33 33 33 33 33 89 66 69 66 65 85 64 63 64 76 63 64 92 75 A7 63 65 33 33 33 33 33 33 33 38 33 33 33 3C 33 33 33 65 5B 34 33 33 33 33 33 33 33 33 33 33 33 33 33 46 55 A5 60 9F A5 81 0D 3B 3C 33 33 33 65 5B 34 33 33 33 33 33 17 55 A5 60 9F A5 83 55 33 93 7F 63 64 33 33 33 33 33 33 33 33 33 33 33 33 33 33 33 33 33 33 33 33 33 33 33 33 33 33 33 33 33 33 33 33 89 66 69 66 65 85 64 63 64 76 63 64 92 75 A7 63 65 33 33 33 33 33 33 33 37 33 33 33 3C 33 33 33 E5 DF 33 33 33 33 33 33 33 33 33 33 33 33 33 33 93 55 A5 60 9F A5 81 0D 3B 3C 33 33 33 E5 DF 33 33 33 33 33 33 6A 55 A5 60 9F A5 83 55 33 93 7F 63 64 33 33 33 33 33 33 33 33 33 33 33 33 33 33 33 33 33 33 33 33 33 33 33 33 33 33 33 33 33 33 33 33 89 66 69 66 65 85 64 63 64 76 63 64 92 75 A7 63 65 33 33 33 33 33 33 33 36 33 33 33 3C 33 33 33 65 C4 37 33 33 33 33 33 33 33 33 33 33 33 33 33 88 55 A5 60 9F A5 81 0D 3B 3C 33 33 33 65 C4 37 33 33 33 33 33 F5 55 A5 60 9F A5 83 55 33 93 7F 63 64 33 33 33 33 33 33 33 33 33 33 33 33 33 33 33 33 33 33 33 33 33 33 33 33 33 33 33 33 33 33 33 33 89 66 69 66 65 85 64 63 64 76 63 64 92 75 A7 63 65 33 33 33 33 33 33 33 37 33 33 33 3C 33 33 33 65 F6 37 33 33 33 33 33 33 33 33 33 33 33 33 33 3C 55 A5 60 9F A5 81 0D 3B 3C 33 33 33 65 F6 37 33 33 33 33 33 B9 55 A5 60 9F A5 83 55 33 93 7F 63 64 33 33 33 33 33 33 33 33 33 33 33 33 33 33 33 33 33 33 33 33 33 33 33 33 33 33 33 33 33 33 33 33 89 66 69 66 65 85 64 63 64 76 63 64 92 75 A7 63 65 33 33 33 33 33 33 33 37 33 33 33 3C 33 33 33 97 03 33 33 33 33 33 33 33 33 33 33 33 33 33 33 27 55 A5 60 9F A5 81 0D 3B 3C 33 33 33 97 03 33 33 33 33 33 33 A5 55 A5 60 9F A5 83 55 33 93 7F 63 64 33 33 33 33 33 33 33 33 33 33 33 33 33 33 33 33 33 33 33 33 33 33 33 33 33 33 33 33 33 33 33 33 89 66 69 66 65 85 64 63 64 76 63 64 92 75 A7 63 65 33 33 33 33 33 33 33 38 33 33 33 3C 33 33 33 17 C3 37 33 33 33 33 33 33 33 33 33 33 33 33 33 C6 55 A5 60 9F A5 81 0D 3B 3C 33 33 33 17 C3 37 33 33 33 33 33 26 55 A5 60 9F A5 83 55 33 93 7F 63 64 33 33 33 33 33 33 33 33 33 33 33 33 33 33 33 33 33 33 33 33 33 33 33 33 33 33 33 33 33 33 33 33 89 66 69 66 65 85 64 63 64 76 63 64 92 75 A7 63 65 33 33 33 33 33 33 33 37 33 33 33 3E 33 33 33 33 57 35 33 33 33 33 33 33 33 33 33 33 33 33 33 6E 55 A5 60 9F A5 81 0D 3B 3E 33 33 33 33 57 35 33 33 33 33 33 1E 55 A5 60 9F A5 81 0D 3B 3E 33 33 33 33 57 35 33 33 33 33 33 1E 55 A5 60 9F A5 83 55 33 93 7F 63 64 33 33 33 33 33 33 33 33 33 33 33 33 33 33 33 33 33 33 33 33 33 33 33 33 33 33 33 33 33 33 33 33 89 66 69 66 65 85 64 63 64 76 63 64 92 75 A7 63 65 33 33 33 34 33 37 33 38 33 33 33 3E 33 33 33 33 5C 37 33 33 33 33 33 33 33 33 33 33 33 33 33 B9 55 A5 60 9F A5 81 0D 3B 3E 33 33 33 33 5C 37 33 33 33 33 33 DD 55 A5 60 9F A5 83 55 33 93 7F 63 64 33 33 33 33 33 33 33 33 33 33 33 33 33 33 33 33 33 33 33 33 33 33 33 33 33 33 33 33 33 33 33 33 89 66 69 66 65 85 64 63 64 76 63 64 92 75 A7 63 65 33 33 33 33 33 37 33 37 33 33 33 3E 33 33 33 97 84 38 33 33 33 33 33 33 33 33 33 33 33 33 33 94 55 A5 60 9F A5 81 0D 3B 3E 33 33 33 97 84 38 33 33 33 33 33 EE 55 A5 60 9F A5 83 55 33 93 7F 63 64 33 33 33 33 33 33 33 33 33 33 33 33 33 33 33 33 33 33 33 33 33 33 33 33 33 33 33 33 33 33 33 33 89 66 69 66 65 85 64 63 64 76 63 64 92 75 A7 63 65 33 33 33 33 33 37 33 36 33 33 33 40 33 33 33 33 E3 37 33 33 33 33 33 33 33 33 33 33 33 33 33 A3 55 A5 60 9F A5 81 0D 3B 40 33 33 33 33 E3 37 33 33 33 33 33 72 55 A5 60 9F A5 83 55 33 93 7F 63 64 33 33 33 33 33 33 33 33 33 33 33 33 33 33 33 33 33 33 33 33 33 33 33 33 33 33 33 33 33 33 33 33 89 66 69 66 65 85 64 63 64 76 63 64 92 75 A7 63 65 33 33 33 33 33 37 33 38 33 33 33 40 33 33 33 B3 87 37 33 33 33 33 33 33 33 33 33 33 33 33 33 95 55 A5 60 9F A5 81 0D 3B 40 33 33 33 B3 87 37 33 33 33 33 33 12 55 A5 60 9F A5 83 55 33 93 7F 63 64 33 33 33 33 33 33 33 33 33 33 33 33 33 33 33 33 33 33 33 33 33 33 33 33 33 33 33 33 33 33 33 33 89 66 69 66 65 85 64 63 64 76 63 64 92 75 A7 63 65 33 33 33 33 33 37 33 37 33 33 33 40 33 33 33 65 3E 36 33 33 33 33 33 33 33 33 33 33 33 33 33 9E 55 A5 60 9F A5 81 0D 3B 40 33 33 33 65 3E 36 33 33 33 33 33 A5 55 A5 60 9F A5 83 55 33 93 7F 63 64 33 33 33 33 33 33 33 33 33 33 33 33 33 33 33 33 33 33 33 33 33 33 33 33 33 33 33 33 33 33 33 33 89 66 69 66 65 85 64 63 64 76 63 64 92 75 A7 63 65 33 33 33 33 33 37 33 37 33 33 33 40 33 33 33 17 3D 37 33 33 33 33 33 33 33 33 33 33 33 33 33 81 55 A5 60 9F A5 81 0D 3B 40 33 33 33 17 3D 37 33 33 33 33 33 36 55 A5 60 9F A5 83 55 33 93 7F 63 64 33 33 33 33 33 33 33 33 33 33 33 33 33 33 33 33 33 33 33 33 33 33 33 33 33 33 33 33 33 33 33 33 89 66 69 66 65 85 64 63 64 76 63 64 92 75 A7 63 65 33 33 33 33 33 37 33 37 33 33 33 40 33 33 33 97 5E 38 33 33 33 33 33 33 33 33 33 33 33 33 33 EC 55 A5 60 9F A5 81 0D 3B 40 33 33 33 97 5E 38 33 33 33 33 33 0E 55 A5 60 9F A5 83 55 33 93 7F 63 64 33 33 33 33 33 33 33 33 33 33 33 33 33 33 33 33 33 33 33 33 33 33 33 33 33 33 33 33 33 33 33 33 89 66 69 66 65 85 64 63 64 76 63 64 92 75 A7 63 65 33 33 33 33 33 37 33 37 33 33 33 42 33 33 33 B3 BB 33 33 33 33 33 33 33 33 33 33 33 33 33 33 6E 55 A5 60 9F A5 81 0D 3B 42 33 33 33 B3 BB 33 33 33 33 33 33 DB 55 A5 60 9F A5 83 55 33 93 7F 63 64 33 33 33 33 33 33 33 33 33 33 33 33 33 33 33 33 33 33 33 33 33 33 33 33 33 33 33 33 33 33 33 33 89 66 69 66 65 85 64 63 64 76 63 64 92 75 A7 63 65 33 33 33 33 33 37 33 37 33 33 33 42 33 33 33 65 43 36 33 33 33 33 33 33 33 33 33 33 33 33 33 86 55 A5 60 9F A5 81 0D 3B 42 33 33 33 65 43 36 33 33 33 33 33 E9 55 A5 60 9F A5 83 55 33 93 7F 63 64 33 33 33 33 33 33 33 33 33 33 33 33 33 33 33 33 33 33 33 33 33 33 33 33 33 33 33 33 33 33 33 33 89 66 69 66 65 85 64 63 64 76 63 64 92 75 A7 63 65 33 33 33 33 33 37 33 38 33 33 33 42 33 33 33 E5 45 35 33 33 33 33 33 33 33 33 33 33 33 33 33 BC 55 A5 60 9F A5 81 0D 3B 42 33 33 33 E5 45 35 33 33 33 33 33 61 55 A5 60 9F A5 83 55 33 93 7F 63 64 33 33 33 33 33 33 33 33 33 33 33 33 33 33 33 33 33 33 33 33 33 33 33 33 33 33 33 33 33 33 33 33 89 66 69 66 65 85 64 63 64 76 63 64 92 75 A7 63 65 33 33 33 33 33 37 33 37 33 33 33 42 33 33 33 E5 DF 37 33 33 33 33 33 33 33 33 33 33 33 33 33 4A 55 A5 60 9F A5 81 0D 3B 42 33 33 33 E5 DF 37 33 33 33 33 33 09 55 A5 60 9F A5 83 55 33 93 7F 63 64 33 33 33 33 33 33 33 33 33 33 33 33 33 33 33 33 33 33 33 33 33 33 33 33 33 33 33 33 33 33 33 33 89 66 69 66 65 85 64 63 64 76 63 64 92 75 A7 63 65 33 33 33 34 33 37 33 36 33 33 33 42 33 33 33 65 BC 33 33 33 33 33 33 33 33 33 33 33 33 33 33 22 55 A5 60 9F A5 81 0D 3B 42 33 33 33 65 BC 33 33 33 33 33 33 6D 55
[2025-09-09 19:34:36.428] [ERROR] 数据解析失败，返回码: 0
[2025-09-09 19:34:36.463] [INFO] [循环 1/1] 发送 OK
[2025-09-09 19:34:36.978] [INFO] 已保存结果: reports\2025-09-09_19-34-23\results.csv
[2025-09-09 19:34:37.019] [INFO] 已生成报告: reports\2025-09-09_19-34-23\report.html
[2025-09-09 19:34:37.048] [DEBUG] 串口已关闭
[2025-09-09 19:34:37.066] [INFO] 程序结束
