[2025-08-19 19:07:50.635] [INFO] 初始化 BLE 协议通信...
[2025-08-19 19:07:52.160] [INFO] 加载用例 10 条 来自: testcases.xlsx
[2025-08-19 19:07:52.197] [INFO] ==== 执行用例 #1 ====
[2025-08-19 19:07:52.197] [INFO] 参数: {'screen_on': 1, 'brightness': 0, 'digital': 0, 'logo': 0, 'rim_state': 0, 'rdygo': 0, 'turn_left': 0, 'turn_right': 0, 'ring': 0} | 备注: 
[2025-08-19 19:07:52.208] [DEBUG] 修改后的LED显示信息:
[2025-08-19 19:07:52.223] [INFO]   屏幕状态: 开
  亮度级别: 0
  数字显示: 0
  LOGO状态: 0 (0关, 1白, 2红)
  护盾状态: 0 (0关, 1白, 2绿)
  ReadyGo状态: 0 (0关, 1白, 2红)
  左转向灯: 0 (0关, 1白, 2橙)
  右转向灯: 0 (0关, 1白, 2橙)
  灯环状态: 0 (0关, 1蓝, 2红)
[2025-08-19 19:07:52.239] [DEBUG] 组包成功，数据长度: 21 字节
[2025-08-19 19:07:52.239] [DEBUG] 发送数据: A5 60 9F A5 03 0D 3B 34 33 33 33 33 33 33 33 33 33 33 33 C9 55
[2025-08-19 19:07:53.276] [DEBUG] 接收数据超时
[2025-08-19 19:07:53.276] [DEBUG] 组包成功，数据长度: 21 字节
[2025-08-19 19:07:53.291] [DEBUG] 发送数据: A5 60 9F A5 01 0D 3B 34 33 33 33 33 33 33 33 33 33 33 33 8E 55
[2025-08-19 19:07:54.308] [DEBUG] 接收数据超时
[2025-08-19 19:07:54.312] [INFO] 结果: FAIL | 用时: 2.115s
[2025-08-19 19:07:54.328] [INFO] ==== 执行用例 #2 ====
[2025-08-19 19:07:54.328] [INFO] 参数: {'screen_on': 1, 'brightness': 0, 'digital': 0, 'logo': 0, 'rim_state': 0, 'rdygo': 0, 'turn_left': 0, 'turn_right': 0, 'ring': 0} | 备注: 
[2025-08-19 19:07:54.360] [DEBUG] 修改后的LED显示信息:
[2025-08-19 19:07:54.360] [INFO]   屏幕状态: 开
  亮度级别: 0
  数字显示: 0
  LOGO状态: 0 (0关, 1白, 2红)
  护盾状态: 0 (0关, 1白, 2绿)
  ReadyGo状态: 0 (0关, 1白, 2红)
  左转向灯: 0 (0关, 1白, 2橙)
  右转向灯: 0 (0关, 1白, 2橙)
  灯环状态: 0 (0关, 1蓝, 2红)
[2025-08-19 19:07:54.392] [DEBUG] 组包成功，数据长度: 21 字节
[2025-08-19 19:07:54.402] [DEBUG] 发送数据: A5 60 9F A5 03 0D 3B 34 33 33 33 33 33 33 33 33 33 33 33 C9 55
[2025-08-19 19:07:55.427] [DEBUG] 接收数据超时
[2025-08-19 19:07:55.430] [DEBUG] 组包成功，数据长度: 21 字节
[2025-08-19 19:07:55.450] [DEBUG] 发送数据: A5 60 9F A5 01 0D 3B 34 33 33 33 33 33 33 33 33 33 33 33 8E 55
[2025-08-19 19:07:56.467] [DEBUG] 接收数据超时
[2025-08-19 19:07:56.512] [INFO] 结果: FAIL | 用时: 2.184s
[2025-08-19 19:07:56.523] [INFO] ==== 执行用例 #3 ====
[2025-08-19 19:07:56.533] [INFO] 参数: {'screen_on': 1, 'brightness': 0, 'digital': 0, 'logo': 0, 'rim_state': 0, 'rdygo': 0, 'turn_left': 0, 'turn_right': 0, 'ring': 0} | 备注: 
[2025-08-19 19:07:56.564] [DEBUG] 修改后的LED显示信息:
[2025-08-19 19:07:56.564] [INFO]   屏幕状态: 开
  亮度级别: 0
  数字显示: 0
  LOGO状态: 0 (0关, 1白, 2红)
  护盾状态: 0 (0关, 1白, 2绿)
  ReadyGo状态: 0 (0关, 1白, 2红)
  左转向灯: 0 (0关, 1白, 2橙)
  右转向灯: 0 (0关, 1白, 2橙)
  灯环状态: 0 (0关, 1蓝, 2红)
[2025-08-19 19:07:56.582] [DEBUG] 组包成功，数据长度: 21 字节
[2025-08-19 19:07:56.602] [DEBUG] 发送数据: A5 60 9F A5 03 0D 3B 34 33 33 33 33 33 33 33 33 33 33 33 C9 55
[2025-08-19 19:07:57.630] [DEBUG] 接收数据超时
[2025-08-19 19:07:57.685] [DEBUG] 组包成功，数据长度: 21 字节
[2025-08-19 19:07:57.707] [DEBUG] 发送数据: A5 60 9F A5 01 0D 3B 34 33 33 33 33 33 33 33 33 33 33 33 8E 55
[2025-08-19 19:07:58.725] [DEBUG] 接收数据超时
[2025-08-19 19:07:58.737] [INFO] 结果: FAIL | 用时: 2.214s
[2025-08-19 19:07:58.746] [INFO] ==== 执行用例 #4 ====
[2025-08-19 19:07:58.753] [INFO] 参数: {'screen_on': 1, 'brightness': 0, 'digital': 0, 'logo': 0, 'rim_state': 0, 'rdygo': 0, 'turn_left': 0, 'turn_right': 0, 'ring': 0} | 备注: 
[2025-08-19 19:07:58.796] [DEBUG] 修改后的LED显示信息:
[2025-08-19 19:07:58.808] [INFO]   屏幕状态: 开
  亮度级别: 0
  数字显示: 0
  LOGO状态: 0 (0关, 1白, 2红)
  护盾状态: 0 (0关, 1白, 2绿)
  ReadyGo状态: 0 (0关, 1白, 2红)
  左转向灯: 0 (0关, 1白, 2橙)
  右转向灯: 0 (0关, 1白, 2橙)
  灯环状态: 0 (0关, 1蓝, 2红)
[2025-08-19 19:07:58.827] [DEBUG] 组包成功，数据长度: 21 字节
[2025-08-19 19:07:58.838] [DEBUG] 发送数据: A5 60 9F A5 03 0D 3B 34 33 33 33 33 33 33 33 33 33 33 33 C9 55
[2025-08-19 19:07:59.858] [DEBUG] 接收数据超时
[2025-08-19 19:07:59.886] [DEBUG] 组包成功，数据长度: 21 字节
[2025-08-19 19:07:59.896] [DEBUG] 发送数据: A5 60 9F A5 01 0D 3B 34 33 33 33 33 33 33 33 33 33 33 33 8E 55
[2025-08-19 19:08:00.922] [DEBUG] 接收数据超时
[2025-08-19 19:08:00.930] [INFO] 结果: FAIL | 用时: 2.183s
[2025-08-19 19:08:00.943] [INFO] ==== 执行用例 #5 ====
[2025-08-19 19:08:00.951] [INFO] 参数: {'screen_on': 1, 'brightness': 0, 'digital': 0, 'logo': 0, 'rim_state': 0, 'rdygo': 0, 'turn_left': 0, 'turn_right': 0, 'ring': 0} | 备注: 
[2025-08-19 19:08:00.977] [DEBUG] 修改后的LED显示信息:
[2025-08-19 19:08:00.994] [INFO]   屏幕状态: 开
  亮度级别: 0
  数字显示: 0
  LOGO状态: 0 (0关, 1白, 2红)
  护盾状态: 0 (0关, 1白, 2绿)
  ReadyGo状态: 0 (0关, 1白, 2红)
  左转向灯: 0 (0关, 1白, 2橙)
  右转向灯: 0 (0关, 1白, 2橙)
  灯环状态: 0 (0关, 1蓝, 2红)
[2025-08-19 19:08:01.015] [DEBUG] 组包成功，数据长度: 21 字节
[2025-08-19 19:08:01.026] [DEBUG] 发送数据: A5 60 9F A5 03 0D 3B 34 33 33 33 33 33 33 33 33 33 33 33 C9 55
[2025-08-19 19:08:02.039] [DEBUG] 接收数据超时
[2025-08-19 19:08:02.051] [DEBUG] 组包成功，数据长度: 21 字节
[2025-08-19 19:08:02.062] [DEBUG] 发送数据: A5 60 9F A5 01 0D 3B 34 33 33 33 33 33 33 33 33 33 33 33 8E 55
[2025-08-19 19:08:03.091] [DEBUG] 接收数据超时
[2025-08-19 19:08:03.130] [INFO] 结果: FAIL | 用时: 2.187s
[2025-08-19 19:08:03.139] [INFO] ==== 执行用例 #6 ====
[2025-08-19 19:08:03.148] [INFO] 参数: {'screen_on': 1, 'brightness': 0, 'digital': 0, 'logo': 0, 'rim_state': 0, 'rdygo': 0, 'turn_left': 0, 'turn_right': 0, 'ring': 0} | 备注: 
[2025-08-19 19:08:03.181] [DEBUG] 修改后的LED显示信息:
[2025-08-19 19:08:03.192] [INFO]   屏幕状态: 开
  亮度级别: 0
  数字显示: 0
  LOGO状态: 0 (0关, 1白, 2红)
  护盾状态: 0 (0关, 1白, 2绿)
  ReadyGo状态: 0 (0关, 1白, 2红)
  左转向灯: 0 (0关, 1白, 2橙)
  右转向灯: 0 (0关, 1白, 2橙)
  灯环状态: 0 (0关, 1蓝, 2红)
[2025-08-19 19:08:03.211] [DEBUG] 组包成功，数据长度: 21 字节
[2025-08-19 19:08:03.220] [DEBUG] 发送数据: A5 60 9F A5 03 0D 3B 34 33 33 33 33 33 33 33 33 33 33 33 C9 55
[2025-08-19 19:08:04.250] [DEBUG] 接收数据超时
[2025-08-19 19:08:04.310] [DEBUG] 组包成功，数据长度: 21 字节
[2025-08-19 19:08:04.318] [DEBUG] 发送数据: A5 60 9F A5 01 0D 3B 34 33 33 33 33 33 33 33 33 33 33 33 8E 55
[2025-08-19 19:08:05.339] [DEBUG] 接收数据超时
[2025-08-19 19:08:05.351] [INFO] 结果: FAIL | 用时: 2.212s
[2025-08-19 19:08:05.351] [INFO] ==== 执行用例 #7 ====
[2025-08-19 19:08:05.367] [INFO] 参数: {'screen_on': 1, 'brightness': 0, 'digital': 0, 'logo': 0, 'rim_state': 0, 'rdygo': 0, 'turn_left': 0, 'turn_right': 0, 'ring': 0} | 备注: 
[2025-08-19 19:08:05.399] [DEBUG] 修改后的LED显示信息:
[2025-08-19 19:08:05.411] [INFO]   屏幕状态: 开
  亮度级别: 0
  数字显示: 0
  LOGO状态: 0 (0关, 1白, 2红)
  护盾状态: 0 (0关, 1白, 2绿)
  ReadyGo状态: 0 (0关, 1白, 2红)
  左转向灯: 0 (0关, 1白, 2橙)
  右转向灯: 0 (0关, 1白, 2橙)
  灯环状态: 0 (0关, 1蓝, 2红)
[2025-08-19 19:08:05.420] [DEBUG] 组包成功，数据长度: 21 字节
[2025-08-19 19:08:05.439] [DEBUG] 发送数据: A5 60 9F A5 03 0D 3B 34 33 33 33 33 33 33 33 33 33 33 33 C9 55
[2025-08-19 19:08:06.466] [DEBUG] 接收数据超时
[2025-08-19 19:08:06.475] [DEBUG] 组包成功，数据长度: 21 字节
[2025-08-19 19:08:06.486] [DEBUG] 发送数据: A5 60 9F A5 01 0D 3B 34 33 33 33 33 33 33 33 33 33 33 33 8E 55
