[2025-08-26 11:16:53.526] [INFO] 初始化 BLE 协议通信...
[2025-08-26 11:16:55.000] [INFO] 加载用例 1 条 来自: testcases.xlsx
[2025-08-26 11:16:55.005] [INFO] ==== 执行用例 #1 ====
[2025-08-26 11:16:55.010] [INFO] 参数: {'screen_on': 1, 'brightness': 7, 'digital': 0, 'logo': 0, 'rim_state': 0, 'rdygo': 0, 'turn_left': 0, 'turn_right': 0, 'ring': 1} | 备注: 最小点亮测试
[2025-08-26 11:16:55.031] [DEBUG] 修改后的LED显示信息:
[2025-08-26 11:16:55.042] [INFO]   屏幕状态: 开
  亮度级别: 7
  数字显示: 0
  LOGO状态: 0 (0关, 1白, 2红)
  护盾状态: 0 (0关, 1白, 2绿)
  ReadyGo状态: 0 (0关, 1白, 2红)
  左转向灯: 0 (0关, 1白, 2橙)
  右转向灯: 0 (0关, 1白, 2橙)
  灯环状态: 1 (0关, 1蓝, 2红)
[2025-08-26 11:16:55.057] [DEBUG] 组包成功，数据长度: 21 字节
[2025-08-26 11:16:55.070] [DEBUG] 发送数据: A5 60 9F A5 03 0D 3B 42 33 33 33 33 33 35 33 33 33 33 33 B2 55
[2025-08-26 11:16:56.094] [DEBUG] 接收数据: A5 60 9F A5 83 55 33 93 7F 63 64 33 33 33 33 33 33 33 33 33 33 33 33 33 33 33 33 33 33 33 33 33 33 33 33 33 33 33 33 33 33 33 33 89 66 69 66 65 85 64 63 64 76 63 64 92 75 A7 63 65 33 33 33 33 33 37 33 38 33 33 33 42 33 33 33 33 33 35 33 33 33 33 33 33 33 33 33 33 33 33 33 5A 55
[2025-08-26 11:16:56.171] [DEBUG] 数据解析成功:
[2025-08-26 11:16:56.186] [INFO]   ID: 0x60
  命令: 0x83 (读)
  寄存器地址: 0x00
  寄存器数量: 0
[2025-08-26 11:16:56.207] [DEBUG] 组包成功，数据长度: 21 字节
[2025-08-26 11:16:56.220] [DEBUG] 发送数据: A5 60 9F A5 01 0D 3B 42 33 33 33 33 33 35 33 33 33 33 33 F5 55
[2025-08-26 11:16:57.251] [DEBUG] 接收数据: A5 60 9F A5 81 0D 3B 42 33 33 33 33 33 35 33 33 33 33 33 C2 55
[2025-08-26 11:16:57.283] [DEBUG] 数据解析成功:
[2025-08-26 11:16:57.300] [INFO]   ID: 0x60
  命令: 0x81 (读)
  寄存器地址: 0x08
  寄存器数量: 0
[2025-08-26 11:16:57.321] [INFO] 
全局变量中的LED显示信息已更新:
[2025-08-26 11:16:57.343] [INFO]   屏幕状态: 开
  亮度级别: 7
  数字显示: 0
  LOGO状态: 0 (0关, 1白, 2红)
  护盾状态: 0 (0关, 1白, 2绿)
  ReadyGo状态: 0 (0关, 1白, 2红)
  左转向灯: 0 (0关, 1白, 2橙)
  右转向灯: 0 (0关, 1白, 2橙)
  灯环状态: 1 (0关, 1蓝, 2红)
[2025-08-26 11:16:57.361] [INFO] 结果: FAIL | 用时: 2.356s
[2025-08-26 11:16:57.370] [INFO] 开始压力循环: 次数=1, 间隔=0.5s, 参数={'screen_on': 1, 'brightness': 7, 'digital': 0, 'logo': 0, 'rim_state': 0, 'rdygo': 0, 'turn_left': 0, 'turn_right': 0, 'ring': 1}
[2025-08-26 11:16:57.398] [DEBUG] 修改后的LED显示信息:
[2025-08-26 11:16:57.410] [INFO]   屏幕状态: 开
  亮度级别: 7
  数字显示: 0
  LOGO状态: 0 (0关, 1白, 2红)
  护盾状态: 0 (0关, 1白, 2绿)
  ReadyGo状态: 0 (0关, 1白, 2红)
  左转向灯: 0 (0关, 1白, 2橙)
  右转向灯: 0 (0关, 1白, 2橙)
  灯环状态: 1 (0关, 1蓝, 2红)
[2025-08-26 11:16:57.428] [DEBUG] 组包成功，数据长度: 21 字节
[2025-08-26 11:16:57.434] [DEBUG] 发送数据: A5 60 9F A5 03 0D 3B 42 33 33 33 33 33 35 33 33 33 33 33 B2 55
[2025-08-26 11:16:58.459] [DEBUG] 接收数据: A5 60 9F A5 83 55 33 93 7F 63 64 33 33 33 33 33 33 33 33 33 33 33 33 33 33 33 33 33 33 33 33 33 33 33 33 33 33 33 33 33 33 33 33 89 66 69 66 65 85 64 63 64 76 63 64 92 75 A7 63 65 33 33 33 33 33 37 33 37 33 33 33 42 33 33 33 33 33 35 33 33 33 33 33 33 33 33 33 33 33 33 33 1E 55
[2025-08-26 11:16:58.526] [DEBUG] 数据解析成功:
[2025-08-26 11:16:58.536] [INFO]   ID: 0x60
  命令: 0x83 (读)
  寄存器地址: 0x00
  寄存器数量: 0
[2025-08-26 11:16:58.562] [INFO] [循环 1/1] 发送 OK
[2025-08-26 11:16:59.078] [INFO] 已保存结果: reports\2025-08-26_11-16-53\results.csv
[2025-08-26 11:16:59.158] [INFO] 已生成报告: reports\2025-08-26_11-16-53\report.html
[2025-08-26 11:16:59.193] [DEBUG] 串口已关闭
[2025-08-26 11:16:59.208] [INFO] 程序结束
