[2025-08-28 19:28:19.645] [INFO] 初始化 BLE 协议通信...
[2025-08-28 19:28:19.818] [INFO] 加载用例 2 条 来自: testcases.xlsx
[2025-08-28 19:28:19.837] [INFO] ==== 执行用例 #1 ====
[2025-08-28 19:28:19.837] [INFO] 参数: {'screen_on': 1, 'brightness': 7, 'digital': 22, 'logo': 1, 'rim_state': 0, 'rdygo': 0, 'turn_left': 0, 'turn_right': 0, 'ring': 0} | 备注: 关闭显示，校验全部为0（除 brightness）
[2025-08-28 19:28:19.859] [DEBUG] 修改后的LED显示信息:
[2025-08-28 19:28:19.863] [INFO]   屏幕状态: 开
  亮度级别: 7
  数字显示: 22
  LOGO状态: 1 (0关, 1白, 2红)
  护盾状态: 0 (0关, 1白, 2绿)
  ReadyGo状态: 0 (0关, 1白, 2红)
  左转向灯: 0 (0关, 1白, 2橙)
  右转向灯: 0 (0关, 1白, 2橙)
  灯环状态: 0 (0关, 1蓝, 2红)
[2025-08-28 19:28:19.879] [DEBUG] 组包成功，数据长度: 21 字节
[2025-08-28 19:28:19.879] [DEBUG] 发送数据: A5 60 9F A5 03 0D 3B 42 33 33 33 C9 33 33 33 33 33 33 33 45 55
[2025-08-28 19:28:20.916] [DEBUG] 接收数据: A5 60 9F A5 83 55 33 93 7F 63 64 33 33 33 33 33 33 33 33 33 33 33 33 33 33 33 33 33 33 33 33 33 33 33 33 33 33 33 33 33 33 33 33 89 66 69 66 65 85 64 63 64 76 63 64 92 75 A7 63 65 33 33 33 33 33 37 33 36 33 33 33 42 33 33 33 C9 33 33 33 33 33 33 33 33 33 33 33 33 33 33 33 D9 55
[2025-08-28 19:28:20.962] [DEBUG] 数据解析成功:
[2025-08-28 19:28:20.973] [INFO]   ID: 0x60
  命令: 0x83 (读)
  寄存器地址: 0x00
  寄存器数量: 0
[2025-08-28 19:28:20.989] [DEBUG] 组包成功，数据长度: 21 字节
[2025-08-28 19:28:21.004] [DEBUG] 发送数据: A5 60 9F A5 01 0D 3B 42 33 33 33 C9 33 33 33 33 33 33 33 02 55
[2025-08-28 19:28:22.038] [DEBUG] 接收数据: A5 60 9F A5 81 0D 3B 42 33 33 33 C9 33 33 33 33 33 33 33 35 55
[2025-08-28 19:28:22.070] [DEBUG] 数据解析成功:
[2025-08-28 19:28:22.083] [INFO]   ID: 0x60
  命令: 0x81 (读)
  寄存器地址: 0x08
  寄存器数量: 0
[2025-08-28 19:28:22.106] [INFO] 
全局变量中的LED显示信息已更新:
[2025-08-28 19:28:22.128] [INFO]   屏幕状态: 开
  亮度级别: 7
  数字显示: 22
  LOGO状态: 1 (0关, 1白, 2红)
  护盾状态: 0 (0关, 1白, 2绿)
  ReadyGo状态: 0 (0关, 1白, 2红)
  左转向灯: 0 (0关, 1白, 2橙)
  右转向灯: 0 (0关, 1白, 2橙)
  灯环状态: 0 (0关, 1蓝, 2红)
[2025-08-28 19:28:22.145] [INFO] 结果: PASS | 用时: 2.308s
[2025-08-28 19:28:22.355] [INFO] ==== 执行用例 #2 ====
[2025-08-28 19:28:22.423] [INFO] 参数: {'screen_on': 1, 'brightness': 4, 'digital': 11, 'logo': 1, 'rim_state': 0, 'rdygo': 0, 'turn_left': 0, 'turn_right': 0, 'ring': 0} | 备注: 关闭显示，校验全部为0（除 brightness）
[2025-08-28 19:28:22.444] [DEBUG] 修改后的LED显示信息:
[2025-08-28 19:28:22.467] [INFO]   屏幕状态: 开
  亮度级别: 4
  数字显示: 11
  LOGO状态: 1 (0关, 1白, 2红)
  护盾状态: 0 (0关, 1白, 2绿)
  ReadyGo状态: 0 (0关, 1白, 2红)
  左转向灯: 0 (0关, 1白, 2橙)
  右转向灯: 0 (0关, 1白, 2橙)
  灯环状态: 0 (0关, 1蓝, 2红)
[2025-08-28 19:28:22.483] [DEBUG] 组包成功，数据长度: 21 字节
[2025-08-28 19:28:22.492] [DEBUG] 发送数据: A5 60 9F A5 03 0D 3B 3C 33 33 33 BE 33 33 33 33 33 33 33 8E 55
[2025-08-28 19:28:23.508] [DEBUG] 接收数据: A5 60 9F A5 83 55 33 93 7F 63 64 33 33 33 33 33 33 33 33 33 33 33 33 33 33 33 33 33 33 33 33 33 33 33 33 33 33 33 33 33 33 33 33 89 66 69 66 65 85 64 63 64 76 63 64 92 75 A7 63 65 33 33 33 33 33 37 33 37 33 33 33 3C 33 33 33 BE 33 33 33 33 33 33 33 33 33 33 33 33 33 33 33 B9 55
[2025-08-28 19:28:23.553] [DEBUG] 数据解析成功:
[2025-08-28 19:28:23.562] [INFO]   ID: 0x60
  命令: 0x83 (读)
  寄存器地址: 0x00
  寄存器数量: 0
[2025-08-28 19:28:23.583] [DEBUG] 组包成功，数据长度: 21 字节
[2025-08-28 19:28:23.599] [DEBUG] 发送数据: A5 60 9F A5 01 0D 3B 3C 33 33 33 BE 33 33 33 33 33 33 33 C9 55
[2025-08-28 19:28:24.624] [DEBUG] 接收数据: A5 60 9F A5 81 0D 3B 3C 33 33 33 BE 33 33 33 33 33 33 33 FE 55
[2025-08-28 19:28:24.646] [DEBUG] 数据解析成功:
[2025-08-28 19:28:24.676] [INFO]   ID: 0x60
  命令: 0x81 (读)
  寄存器地址: 0x08
  寄存器数量: 0
[2025-08-28 19:28:24.694] [INFO] 
全局变量中的LED显示信息已更新:
[2025-08-28 19:28:24.709] [INFO]   屏幕状态: 开
  亮度级别: 4
  数字显示: 11
  LOGO状态: 1 (0关, 1白, 2红)
  护盾状态: 0 (0关, 1白, 2绿)
  ReadyGo状态: 0 (0关, 1白, 2红)
  左转向灯: 0 (0关, 1白, 2橙)
  右转向灯: 0 (0关, 1白, 2橙)
  灯环状态: 0 (0关, 1蓝, 2红)
[2025-08-28 19:28:24.730] [INFO] 结果: PASS | 用时: 2.375s
[2025-08-28 19:28:24.943] [INFO] 开始压力循环: 次数=1, 间隔=0.5s, 参数={'screen_on': 1, 'brightness': 7, 'digital': 22, 'logo': 1, 'rim_state': 0, 'rdygo': 0, 'turn_left': 0, 'turn_right': 0, 'ring': 0}
[2025-08-28 19:28:25.006] [DEBUG] 修改后的LED显示信息:
[2025-08-28 19:28:25.018] [INFO]   屏幕状态: 开
  亮度级别: 7
  数字显示: 22
  LOGO状态: 1 (0关, 1白, 2红)
  护盾状态: 0 (0关, 1白, 2绿)
  ReadyGo状态: 0 (0关, 1白, 2红)
  左转向灯: 0 (0关, 1白, 2橙)
  右转向灯: 0 (0关, 1白, 2橙)
  灯环状态: 0 (0关, 1蓝, 2红)
[2025-08-28 19:28:25.034] [DEBUG] 组包成功，数据长度: 21 字节
[2025-08-28 19:28:25.043] [DEBUG] 发送数据: A5 60 9F A5 03 0D 3B 42 33 33 33 C9 33 33 33 33 33 33 33 45 55
[2025-08-28 19:28:26.069] [DEBUG] 接收数据: A5 60 9F A5 83 55 33 93 7F 63 64 33 33 33 33 33 33 33 33 33 33 33 33 33 33 33 33 33 33 33 33 33 33 33 33 33 33 33 33 33 33 33 33 89 66 69 66 65 85 64 63 64 76 63 64 92 75 A7 63 65 33 33 33 33 33 37 33 37 33 33 33 42 33 33 33 C9 33 33 33 33 33 33 33 33 33 33 33 33 33 33 33 2C 55
[2025-08-28 19:28:26.159] [DEBUG] 数据解析成功:
[2025-08-28 19:28:26.172] [INFO]   ID: 0x60
  命令: 0x83 (读)
  寄存器地址: 0x00
  寄存器数量: 0
[2025-08-28 19:28:26.224] [INFO] [循环 1/1] 发送 OK
[2025-08-28 19:28:26.738] [DEBUG] 串口已关闭
[2025-08-28 19:28:26.755] [INFO] 程序结束
