[2025-08-25 19:13:08.725] [INFO] 初始化 BLE 协议通信...
[2025-08-25 19:13:08.747] [INFO] 生成排列组合用例 6561 条
[2025-08-25 19:13:08.748] [INFO] ==== 执行用例 #1 ====
[2025-08-25 19:13:08.749] [INFO] 参数: {'screen_on': 1, 'brightness': 5, 'digital': 0, 'logo': 0, 'rim_state': 0, 'rdygo': 0, 'turn_left': 0, 'turn_right': 0, 'ring': 0} | 备注: 
[2025-08-25 19:13:08.749] [DEBUG] 修改后的LED显示信息:
[2025-08-25 19:13:08.750] [INFO]   屏幕状态: 开
  亮度级别: 5
  数字显示: 0
  LOGO状态: 0 (0关, 1白, 2红)
  护盾状态: 0 (0关, 1白, 2绿)
  ReadyGo状态: 0 (0关, 1白, 2红)
  左转向灯: 0 (0关, 1白, 2橙)
  右转向灯: 0 (0关, 1白, 2橙)
  灯环状态: 0 (0关, 1蓝, 2红)
[2025-08-25 19:13:08.751] [DEBUG] 组包成功，数据长度: 21 字节
[2025-08-25 19:13:08.751] [DEBUG] 发送数据: A5 60 9F A5 03 0D 3B 3E 33 33 33 33 33 33 33 33 33 33 33 1A 55
[2025-08-25 19:13:09.756] [DEBUG] 接收数据: A5 60 9F A5 83 55 33 93 7F 63 64 33 33 33 33 33 33 33 33 33 33 33 33 33 33 33 33 33 33 33 33 33 33 33 33 33 33 33 33 33 33 33 33 89 66 69 66 65 85 64 63 64 76 63 64 92 75 A7 63 65 33 33 33 34 33 37 33 37 33 33 33 3E 33 33 33 33 33 33 33 33 33 33 33 33 33 33 33 33 33 33 33 96 55
[2025-08-25 19:13:09.757] [DEBUG] 数据解析成功:
[2025-08-25 19:13:09.758] [INFO]   ID: 0x60
  命令: 0x83 (读)
  寄存器地址: 0x00
  寄存器数量: 0
[2025-08-25 19:13:09.759] [DEBUG] 组包成功，数据长度: 21 字节
[2025-08-25 19:13:09.759] [DEBUG] 发送数据: A5 60 9F A5 01 0D 3B 3E 33 33 33 33 33 33 33 33 33 33 33 5D 55
