[2025-08-25 20:10:36.725] [INFO] 初始化 BLE 协议通信...
[2025-08-25 20:10:36.915] [INFO] 加载用例 1 条 来自: testcases.xlsx
[2025-08-25 20:10:36.956] [INFO] ==== 执行用例 #1 ====
[2025-08-25 20:10:36.963] [INFO] 参数: {'screen_on': 1, 'brightness': 7, 'digital': 0, 'logo': 0, 'rim_state': 0, 'rdygo': 0, 'turn_left': 0, 'turn_right': 0, 'ring': 1} | 备注: 最小点亮测试
[2025-08-25 20:10:36.994] [DEBUG] 修改后的LED显示信息:
[2025-08-25 20:10:37.000] [INFO]   屏幕状态: 开
  亮度级别: 7
  数字显示: 0
  LOGO状态: 0 (0关, 1白, 2红)
  护盾状态: 0 (0关, 1白, 2绿)
  ReadyGo状态: 0 (0关, 1白, 2红)
  左转向灯: 0 (0关, 1白, 2橙)
  右转向灯: 0 (0关, 1白, 2橙)
  灯环状态: 1 (0关, 1蓝, 2红)
[2025-08-25 20:10:37.017] [DEBUG] 组包成功，数据长度: 21 字节
[2025-08-25 20:10:37.024] [DEBUG] 发送数据: A5 60 9F A5 03 0D 3B 42 33 33 33 33 33 35 33 33 33 33 33 B2 55
[2025-08-25 20:10:38.048] [DEBUG] 接收数据: A5 60 9F A5 83 55 33 93 7F 63 64 33 33 33 33 33 33 33 33 33 33 33 33 33 33 33 33 33 33 33 33 33 33 33 33 33 33 33 33 33 33 33 33 89 66 69 66 65 85 64 63 64 76 63 64 92 75 A7 63 65 33 33 33 33 33 37 33 38 33 33 33 42 33 33 33 33 33 35 33 33 33 33 33 33 33 33 33 33 33 33 33 5A 55
[2025-08-25 20:10:38.095] [DEBUG] 数据解析成功:
[2025-08-25 20:10:38.105] [INFO]   ID: 0x60
  命令: 0x83 (读)
  寄存器地址: 0x00
  寄存器数量: 0
[2025-08-25 20:10:38.127] [DEBUG] 组包成功，数据长度: 21 字节
[2025-08-25 20:10:38.142] [DEBUG] 发送数据: A5 60 9F A5 01 0D 3B 42 33 33 33 33 33 35 33 33 33 33 33 F5 55
[2025-08-25 20:10:39.174] [DEBUG] 接收数据: A5 60 9F A5 81 0D 3B 42 33 33 33 33 33 35 33 33 33 33 33 C2 55
[2025-08-25 20:10:39.207] [DEBUG] 数据解析成功:
[2025-08-25 20:10:39.226] [INFO]   ID: 0x60
  命令: 0x81 (读)
  寄存器地址: 0x08
  寄存器数量: 0
[2025-08-25 20:10:39.245] [INFO] 
全局变量中的LED显示信息已更新:
[2025-08-25 20:10:39.268] [INFO]   屏幕状态: 开
  亮度级别: 7
  数字显示: 0
  LOGO状态: 0 (0关, 1白, 2红)
  护盾状态: 0 (0关, 1白, 2绿)
  ReadyGo状态: 0 (0关, 1白, 2红)
  左转向灯: 0 (0关, 1白, 2橙)
  右转向灯: 0 (0关, 1白, 2橙)
  灯环状态: 1 (0关, 1蓝, 2红)
[2025-08-25 20:10:39.284] [INFO] 结果: FAIL | 用时: 2.328s
[2025-08-25 20:10:39.289] [INFO] 开始压力循环: 次数=10, 间隔=0.5s, 参数={'screen_on': 1, 'brightness': 7, 'digital': 0, 'logo': 0, 'rim_state': 0, 'rdygo': 0, 'turn_left': 0, 'turn_right': 0, 'ring': 1}
[2025-08-25 20:10:39.322] [DEBUG] 修改后的LED显示信息:
[2025-08-25 20:10:39.334] [INFO]   屏幕状态: 开
  亮度级别: 7
  数字显示: 0
  LOGO状态: 0 (0关, 1白, 2红)
  护盾状态: 0 (0关, 1白, 2绿)
  ReadyGo状态: 0 (0关, 1白, 2红)
  左转向灯: 0 (0关, 1白, 2橙)
  右转向灯: 0 (0关, 1白, 2橙)
  灯环状态: 1 (0关, 1蓝, 2红)
[2025-08-25 20:10:39.348] [DEBUG] 组包成功，数据长度: 21 字节
[2025-08-25 20:10:39.360] [DEBUG] 发送数据: A5 60 9F A5 03 0D 3B 42 33 33 33 33 33 35 33 33 33 33 33 B2 55
[2025-08-25 20:10:40.384] [DEBUG] 接收数据: A5 60 9F A5 83 55 33 93 7F 63 64 33 33 33 33 33 33 33 33 33 33 33 33 33 33 33 33 33 33 33 33 33 33 33 33 33 33 33 33 33 33 33 33 89 66 69 66 65 85 64 63 64 76 63 64 92 75 A7 63 65 33 33 33 33 33 37 33 37 33 33 33 42 33 33 33 33 33 35 33 33 33 33 33 33 33 33 33 33 33 33 33 1E 55
[2025-08-25 20:10:40.425] [DEBUG] 数据解析成功:
[2025-08-25 20:10:40.439] [INFO]   ID: 0x60
  命令: 0x83 (读)
  寄存器地址: 0x00
  寄存器数量: 0
[2025-08-25 20:10:40.460] [INFO] [循环 1/10] 发送 OK
[2025-08-25 20:10:40.974] [DEBUG] 修改后的LED显示信息:
[2025-08-25 20:10:41.033] [INFO]   屏幕状态: 开
  亮度级别: 7
  数字显示: 0
  LOGO状态: 0 (0关, 1白, 2红)
  护盾状态: 0 (0关, 1白, 2绿)
  ReadyGo状态: 0 (0关, 1白, 2红)
  左转向灯: 0 (0关, 1白, 2橙)
  右转向灯: 0 (0关, 1白, 2橙)
  灯环状态: 1 (0关, 1蓝, 2红)
[2025-08-25 20:10:41.049] [DEBUG] 组包成功，数据长度: 21 字节
[2025-08-25 20:10:41.061] [DEBUG] 发送数据: A5 60 9F A5 03 0D 3B 42 33 33 33 33 33 35 33 33 33 33 33 B2 55
[2025-08-25 20:10:42.089] [DEBUG] 接收数据: A5 60 9F A5 83 55 33 93 7F 63 64 33 33 33 33 33 33 33 33 33 33 33 33 33 33 33 33 33 33 33 33 33 33 33 33 33 33 33 33 33 33 33 33 89 66 69 66 65 85 64 63 64 76 63 64 92 75 A7 63 65 33 33 33 34 33 37 33 37 33 33 33 42 33 33 33 33 33 35 33 33 33 33 33 33 33 33 33 33 33 33 33 7F 55
[2025-08-25 20:10:42.135] [DEBUG] 数据解析成功:
[2025-08-25 20:10:42.153] [INFO]   ID: 0x60
  命令: 0x83 (读)
  寄存器地址: 0x00
  寄存器数量: 0
[2025-08-25 20:10:42.176] [INFO] [循环 2/10] 发送 OK
[2025-08-25 20:10:42.696] [DEBUG] 修改后的LED显示信息:
[2025-08-25 20:10:42.715] [INFO]   屏幕状态: 开
  亮度级别: 7
  数字显示: 0
  LOGO状态: 0 (0关, 1白, 2红)
  护盾状态: 0 (0关, 1白, 2绿)
  ReadyGo状态: 0 (0关, 1白, 2红)
  左转向灯: 0 (0关, 1白, 2橙)
  右转向灯: 0 (0关, 1白, 2橙)
  灯环状态: 1 (0关, 1蓝, 2红)
[2025-08-25 20:10:42.725] [DEBUG] 组包成功，数据长度: 21 字节
[2025-08-25 20:10:42.737] [DEBUG] 发送数据: A5 60 9F A5 03 0D 3B 42 33 33 33 33 33 35 33 33 33 33 33 B2 55
[2025-08-25 20:10:43.760] [DEBUG] 接收数据: A5 60 9F A5 83 55 33 93 7F 63 64 33 33 33 33 33 33 33 33 33 33 33 33 33 33 33 33 33 33 33 33 33 33 33 33 33 33 33 33 33 33 33 33 89 66 69 66 65 85 64 63 64 76 63 64 92 75 A7 63 65 33 33 33 33 33 37 33 38 33 33 33 42 33 33 33 33 33 35 33 33 33 33 33 33 33 33 33 33 33 33 33 5A 55
[2025-08-25 20:10:43.812] [DEBUG] 数据解析成功:
[2025-08-25 20:10:43.822] [INFO]   ID: 0x60
  命令: 0x83 (读)
  寄存器地址: 0x00
  寄存器数量: 0
[2025-08-25 20:10:43.849] [INFO] [循环 3/10] 发送 OK
[2025-08-25 20:10:44.365] [DEBUG] 修改后的LED显示信息:
[2025-08-25 20:10:44.438] [INFO]   屏幕状态: 开
  亮度级别: 7
  数字显示: 0
  LOGO状态: 0 (0关, 1白, 2红)
  护盾状态: 0 (0关, 1白, 2绿)
  ReadyGo状态: 0 (0关, 1白, 2红)
  左转向灯: 0 (0关, 1白, 2橙)
  右转向灯: 0 (0关, 1白, 2橙)
  灯环状态: 1 (0关, 1蓝, 2红)
[2025-08-25 20:10:44.455] [DEBUG] 组包成功，数据长度: 21 字节
[2025-08-25 20:10:44.459] [DEBUG] 发送数据: A5 60 9F A5 03 0D 3B 42 33 33 33 33 33 35 33 33 33 33 33 B2 55
[2025-08-25 20:10:45.487] [DEBUG] 接收数据: A5 60 9F A5 83 55 33 93 7F 63 64 33 33 33 33 33 33 33 33 33 33 33 33 33 33 33 33 33 33 33 33 33 33 33 33 33 33 33 33 33 33 33 33 89 66 69 66 65 85 64 63 64 76 63 64 92 75 A7 63 65 33 33 33 33 33 37 33 38 33 33 33 42 33 33 33 33 33 35 33 33 33 33 33 33 33 33 33 33 33 33 33 5A 55
[2025-08-25 20:10:45.550] [DEBUG] 数据解析成功:
[2025-08-25 20:10:45.565] [INFO]   ID: 0x60
  命令: 0x83 (读)
  寄存器地址: 0x00
  寄存器数量: 0
[2025-08-25 20:10:45.586] [INFO] [循环 4/10] 发送 OK
[2025-08-25 20:10:46.104] [DEBUG] 修改后的LED显示信息:
[2025-08-25 20:10:46.155] [INFO]   屏幕状态: 开
  亮度级别: 7
  数字显示: 0
  LOGO状态: 0 (0关, 1白, 2红)
  护盾状态: 0 (0关, 1白, 2绿)
  ReadyGo状态: 0 (0关, 1白, 2红)
  左转向灯: 0 (0关, 1白, 2橙)
  右转向灯: 0 (0关, 1白, 2橙)
  灯环状态: 1 (0关, 1蓝, 2红)
[2025-08-25 20:10:46.169] [DEBUG] 组包成功，数据长度: 21 字节
[2025-08-25 20:10:46.179] [DEBUG] 发送数据: A5 60 9F A5 03 0D 3B 42 33 33 33 33 33 35 33 33 33 33 33 B2 55
[2025-08-25 20:10:47.205] [DEBUG] 接收数据: A5 60 9F A5 83 55 33 93 7F 63 64 33 33 33 33 33 33 33 33 33 33 33 33 33 33 33 33 33 33 33 33 33 33 33 33 33 33 33 33 33 33 33 33 89 66 69 66 65 85 64 63 64 76 63 64 92 75 A7 63 65 33 33 33 33 33 37 33 37 33 33 33 42 33 33 33 33 33 35 33 33 33 33 33 33 33 33 33 33 33 33 33 1E 55
[2025-08-25 20:10:47.296] [DEBUG] 数据解析成功:
[2025-08-25 20:10:47.312] [INFO]   ID: 0x60
  命令: 0x83 (读)
  寄存器地址: 0x00
  寄存器数量: 0
[2025-08-25 20:10:47.339] [INFO] [循环 5/10] 发送 OK
[2025-08-25 20:10:47.854] [DEBUG] 修改后的LED显示信息:
[2025-08-25 20:10:47.870] [INFO]   屏幕状态: 开
  亮度级别: 7
  数字显示: 0
  LOGO状态: 0 (0关, 1白, 2红)
  护盾状态: 0 (0关, 1白, 2绿)
  ReadyGo状态: 0 (0关, 1白, 2红)
  左转向灯: 0 (0关, 1白, 2橙)
  右转向灯: 0 (0关, 1白, 2橙)
  灯环状态: 1 (0关, 1蓝, 2红)
[2025-08-25 20:10:47.881] [DEBUG] 组包成功，数据长度: 21 字节
[2025-08-25 20:10:47.890] [DEBUG] 发送数据: A5 60 9F A5 03 0D 3B 42 33 33 33 33 33 35 33 33 33 33 33 B2 55
