[2025-08-26 10:08:49.761] [INFO] 初始化 BLE 协议通信...
[2025-08-26 10:08:49.951] [INFO] 加载用例 1 条 来自: testcases.xlsx
[2025-08-26 10:08:49.993] [INFO] ==== 执行用例 #1 ====
[2025-08-26 10:08:49.996] [INFO] 参数: {'screen_on': 1, 'brightness': 7, 'digital': 0, 'logo': 0, 'rim_state': 0, 'rdygo': 0, 'turn_left': 0, 'turn_right': 0, 'ring': 1} | 备注: 最小点亮测试
[2025-08-26 10:08:50.015] [DEBUG] 修改后的LED显示信息:
[2025-08-26 10:08:50.025] [INFO]   屏幕状态: 开
  亮度级别: 7
  数字显示: 0
  LOGO状态: 0 (0关, 1白, 2红)
  护盾状态: 0 (0关, 1白, 2绿)
  ReadyGo状态: 0 (0关, 1白, 2红)
  左转向灯: 0 (0关, 1白, 2橙)
  右转向灯: 0 (0关, 1白, 2橙)
  灯环状态: 1 (0关, 1蓝, 2红)
[2025-08-26 10:08:50.047] [DEBUG] 组包成功，数据长度: 21 字节
[2025-08-26 10:08:50.057] [DEBUG] 发送数据: A5 60 9F A5 03 0D 3B 42 33 33 33 33 33 35 33 33 33 33 33 B2 55
[2025-08-26 10:08:51.083] [DEBUG] 接收数据: A5 60 9F A5 83 55 33 93 7F 63 64 33 33 33 33 33 33 33 33 33 33 33 33 33 33 33 33 33 33 33 33 33 33 33 33 33 33 33 33 33 33 33 33 89 66 69 66 65 85 64 63 64 76 63 64 92 75 A7 63 65 33 33 33 34 33 37 33 37 33 33 33 42 33 33 33 33 33 35 33 33 33 33 33 33 33 33 33 33 33 33 33 7F 55
[2025-08-26 10:08:51.133] [DEBUG] 数据解析成功:
[2025-08-26 10:08:51.146] [INFO]   ID: 0x60
  命令: 0x83 (读)
  寄存器地址: 0x00
  寄存器数量: 0
[2025-08-26 10:08:51.176] [DEBUG] 组包成功，数据长度: 21 字节
[2025-08-26 10:08:51.200] [DEBUG] 发送数据: A5 60 9F A5 01 0D 3B 42 33 33 33 33 33 35 33 33 33 33 33 F5 55
[2025-08-26 10:08:52.245] [DEBUG] 接收数据: A5 60 9F A5 81 0D 3B 42 33 33 33 33 33 35 33 33 33 33 33 C2 55
[2025-08-26 10:08:52.282] [DEBUG] 数据解析成功:
[2025-08-26 10:08:52.299] [INFO]   ID: 0x60
  命令: 0x81 (读)
  寄存器地址: 0x08
  寄存器数量: 0
[2025-08-26 10:08:52.320] [INFO] 
全局变量中的LED显示信息已更新:
[2025-08-26 10:08:52.340] [INFO]   屏幕状态: 开
  亮度级别: 7
  数字显示: 0
  LOGO状态: 0 (0关, 1白, 2红)
  护盾状态: 0 (0关, 1白, 2绿)
  ReadyGo状态: 0 (0关, 1白, 2红)
  左转向灯: 0 (0关, 1白, 2橙)
  右转向灯: 0 (0关, 1白, 2橙)
  灯环状态: 1 (0关, 1蓝, 2红)
[2025-08-26 10:08:52.358] [INFO] 结果: FAIL | 用时: 2.365s
[2025-08-26 10:08:52.367] [INFO] 开始压力循环: 次数=1, 间隔=0.5s, 参数={'screen_on': 1, 'brightness': 7, 'digital': 0, 'logo': 0, 'rim_state': 0, 'rdygo': 0, 'turn_left': 0, 'turn_right': 0, 'ring': 1}
[2025-08-26 10:08:52.398] [DEBUG] 修改后的LED显示信息:
[2025-08-26 10:08:52.408] [INFO]   屏幕状态: 开
  亮度级别: 7
  数字显示: 0
  LOGO状态: 0 (0关, 1白, 2红)
  护盾状态: 0 (0关, 1白, 2绿)
  ReadyGo状态: 0 (0关, 1白, 2红)
  左转向灯: 0 (0关, 1白, 2橙)
  右转向灯: 0 (0关, 1白, 2橙)
  灯环状态: 1 (0关, 1蓝, 2红)
[2025-08-26 10:08:52.423] [DEBUG] 组包成功，数据长度: 21 字节
[2025-08-26 10:08:52.433] [DEBUG] 发送数据: A5 60 9F A5 03 0D 3B 42 33 33 33 33 33 35 33 33 33 33 33 B2 55
[2025-08-26 10:08:53.463] [DEBUG] 接收数据: A5 60 9F A5 83 55 33 93 7F 63 64 33 33 33 33 33 33 33 33 33 33 33 33 33 33 33 33 33 33 33 33 33 33 33 33 33 33 33 33 33 33 33 33 89 66 69 66 65 85 64 63 64 76 63 64 92 75 A7 63 65 33 33 33 33 33 37 33 38 33 33 33 42 33 33 33 33 33 35 33 33 33 33 33 33 33 33 33 33 33 33 33 5A 55
[2025-08-26 10:08:53.506] [DEBUG] 数据解析成功:
[2025-08-26 10:08:53.524] [INFO]   ID: 0x60
  命令: 0x83 (读)
  寄存器地址: 0x00
  寄存器数量: 0
[2025-08-26 10:08:53.545] [INFO] [循环 1/1] 发送 OK
[2025-08-26 10:08:54.059] [INFO] 已保存结果: reports\2025-08-26_10-08-49\results.csv
[2025-08-26 10:08:54.155] [INFO] 已生成报告: reports\2025-08-26_10-08-49\report.html
[2025-08-26 10:08:54.187] [DEBUG] 串口已关闭
[2025-08-26 10:08:54.203] [INFO] 程序结束
