[2025-09-09 19:37:33.597] [INFO] 初始化 BLE 协议通信...
[2025-09-09 19:37:33.805] [INFO] 加载用例 31 条 来自: testcases.xlsx
[2025-09-09 19:37:33.835] [INFO] ==== 执行用例 #2302 ====
[2025-09-09 19:37:33.839] [INFO] 参数: {'screen_on': 1, 'brightness': 1, 'digital': 0, 'logo': 0, 'rim_state': 1, 'rdygo': 1, 'turn_left': 0, 'turn_right': 2, 'ring': 0} | 备注: nan
[2025-09-09 19:37:33.860] [DEBUG] 修改后的LED显示信息:
[2025-09-09 19:37:33.867] [INFO]   屏幕状态: 开
  亮度级别: 1
  数字显示: 0
  LOGO状态: 0 (0关, 1白, 2红)
  护盾状态: 1 (0关, 1白, 2绿)
  ReadyGo状态: 1 (0关, 1白, 2红)
  左转向灯: 0 (0关, 1白, 2橙)
  右转向灯: 2 (0关, 1白, 2橙)
  灯环状态: 0 (0关, 1蓝, 2红)
[2025-09-09 19:37:33.882] [DEBUG] 组包成功，数据长度: 21 字节
[2025-09-09 19:37:33.891] [DEBUG] 发送数据: A5 60 9F A5 03 0D 3B 36 33 33 33 33 3D 34 33 33 33 33 33 BA 55
[2025-09-09 19:37:34.914] [DEBUG] 接收数据: A5 60 9F A5 83 55 33 93 7F 63 64 33 33 33 33 33 33 33 33 33 33 33 33 33 33 33 33 33 33 33 33 33 33 33 33 33 33 33 33 33 33 33 33 89 66 69 66 65 85 64 63 64 76 63 64 92 75 A7 63 65 33 33 33 33 33 37 33 38 33 33 33 36 33 33 33 33 3D 34 33 33 33 33 33 33 33 33 33 33 33 33 33 C8 55
[2025-09-09 19:37:34.957] [DEBUG] 数据解析成功:
[2025-09-09 19:37:34.970] [INFO]   ID: 0x60
  命令: 0x83 (读)
  寄存器地址: 0x00
  寄存器数量: 0
[2025-09-09 19:37:34.992] [DEBUG] 组包成功，数据长度: 21 字节
[2025-09-09 19:37:35.005] [DEBUG] 发送数据: A5 60 9F A5 01 0D 3B 36 33 33 33 33 3D 34 33 33 33 33 33 FD 55
[2025-09-09 19:37:36.041] [DEBUG] 接收数据: A5 60 9F A5 81 0D 3B 36 33 33 33 33 3D 34 33 33 33 33 33 CA 55
[2025-09-09 19:37:36.111] [DEBUG] 数据解析成功:
[2025-09-09 19:37:36.128] [INFO]   ID: 0x60
  命令: 0x81 (读)
  寄存器地址: 0x08
  寄存器数量: 0
[2025-09-09 19:37:36.147] [INFO] 
全局变量中的LED显示信息已更新:
[2025-09-09 19:37:36.167] [INFO]   屏幕状态: 开
  亮度级别: 1
  数字显示: 0
  LOGO状态: 0 (0关, 1白, 2红)
  护盾状态: 1 (0关, 1白, 2绿)
  ReadyGo状态: 1 (0关, 1白, 2红)
  左转向灯: 0 (0关, 1白, 2橙)
  右转向灯: 2 (0关, 1白, 2橙)
  灯环状态: 0 (0关, 1蓝, 2红)
[2025-09-09 19:37:36.184] [INFO] 结果: PASS | 用时: 2.349s
[2025-09-09 19:37:36.395] [INFO] ==== 执行用例 #2638 ====
[2025-09-09 19:37:36.426] [INFO] 参数: {'screen_on': 1, 'brightness': 1, 'digital': 0, 'logo': 1, 'rim_state': 2, 'rdygo': 1, 'turn_left': 2, 'turn_right': 0, 'ring': 0} | 备注: nan
[2025-09-09 19:37:36.453] [DEBUG] 修改后的LED显示信息:
[2025-09-09 19:37:36.465] [INFO]   屏幕状态: 开
  亮度级别: 1
  数字显示: 0
  LOGO状态: 1 (0关, 1白, 2红)
  护盾状态: 2 (0关, 1白, 2绿)
  ReadyGo状态: 1 (0关, 1白, 2红)
  左转向灯: 2 (0关, 1白, 2橙)
  右转向灯: 0 (0关, 1白, 2橙)
  灯环状态: 0 (0关, 1蓝, 2红)
[2025-09-09 19:37:36.481] [DEBUG] 组包成功，数据长度: 21 字节
[2025-09-09 19:37:36.491] [DEBUG] 发送数据: A5 60 9F A5 03 0D 3B 36 33 33 33 B3 7F 33 33 33 33 33 33 6F 55
[2025-09-09 19:37:37.513] [DEBUG] 接收数据: A5 60 9F A5 83 55 33 93 7F 63 64 33 33 33 33 33 33 33 33 33 33 33 33 33 33 33 33 33 33 33 33 33 33 33 33 33 33 33 33 33 33 33 33 89 66 69 66 65 85 64 63 64 76 63 64 92 75 A7 63 65 33 33 33 33 33 37 33 3A 33 33 33 36 33 33 33 B3 7F 33 33 33 33 33 33 33 33 33 33 33 33 33 33 58 55
[2025-09-09 19:37:37.579] [DEBUG] 数据解析成功:
[2025-09-09 19:37:37.593] [INFO]   ID: 0x60
  命令: 0x83 (读)
  寄存器地址: 0x00
  寄存器数量: 0
[2025-09-09 19:37:37.616] [DEBUG] 组包成功，数据长度: 21 字节
[2025-09-09 19:37:37.628] [DEBUG] 发送数据: A5 60 9F A5 01 0D 3B 36 33 33 33 B3 7F 33 33 33 33 33 33 28 55
[2025-09-09 19:37:38.661] [DEBUG] 接收数据: A5 60 9F A5 81 0D 3B 36 33 33 33 B3 7F 33 33 33 33 33 33 1F 55
[2025-09-09 19:37:38.737] [DEBUG] 数据解析成功:
[2025-09-09 19:37:38.752] [INFO]   ID: 0x60
  命令: 0x81 (读)
  寄存器地址: 0x08
  寄存器数量: 0
[2025-09-09 19:37:38.774] [INFO] 
全局变量中的LED显示信息已更新:
[2025-09-09 19:37:38.792] [INFO]   屏幕状态: 开
  亮度级别: 1
  数字显示: 0
  LOGO状态: 1 (0关, 1白, 2红)
  护盾状态: 2 (0关, 1白, 2绿)
  ReadyGo状态: 1 (0关, 1白, 2红)
  左转向灯: 2 (0关, 1白, 2橙)
  右转向灯: 0 (0关, 1白, 2橙)
  灯环状态: 0 (0关, 1蓝, 2红)
[2025-09-09 19:37:38.806] [INFO] 结果: PASS | 用时: 2.411s
[2025-09-09 19:37:39.017] [INFO] ==== 执行用例 #2677 ====
[2025-09-09 19:37:39.048] [INFO] 参数: {'screen_on': 1, 'brightness': 1, 'digital': 0, 'logo': 2, 'rim_state': 0, 'rdygo': 0, 'turn_left': 0, 'turn_right': 1, 'ring': 0} | 备注: nan
[2025-09-09 19:37:39.077] [DEBUG] 修改后的LED显示信息:
[2025-09-09 19:37:39.086] [INFO]   屏幕状态: 开
  亮度级别: 1
  数字显示: 0
  LOGO状态: 2 (0关, 1白, 2红)
  护盾状态: 0 (0关, 1白, 2绿)
  ReadyGo状态: 0 (0关, 1白, 2红)
  左转向灯: 0 (0关, 1白, 2橙)
  右转向灯: 1 (0关, 1白, 2橙)
  灯环状态: 0 (0关, 1蓝, 2红)
[2025-09-09 19:37:39.104] [DEBUG] 组包成功，数据长度: 21 字节
[2025-09-09 19:37:39.114] [DEBUG] 发送数据: A5 60 9F A5 03 0D 3B 36 33 33 33 33 B4 33 33 33 33 33 33 DE 55
[2025-09-09 19:37:40.138] [DEBUG] 接收数据: A5 60 9F A5 83 55 33 93 7F 63 64 33 33 33 33 33 33 33 33 33 33 33 33 33 33 33 33 33 33 33 33 33 33 33 33 33 33 33 33 33 33 33 33 89 66 69 66 65 85 64 63 64 76 63 64 92 75 A7 63 65 33 33 33 33 33 37 33 37 33 33 33 36 33 33 33 33 B4 33 33 33 33 33 33 33 33 33 33 33 33 33 33 A7 55
[2025-09-09 19:37:40.207] [DEBUG] 数据解析成功:
[2025-09-09 19:37:40.221] [INFO]   ID: 0x60
  命令: 0x83 (读)
  寄存器地址: 0x00
  寄存器数量: 0
[2025-09-09 19:37:40.243] [DEBUG] 组包成功，数据长度: 21 字节
[2025-09-09 19:37:40.255] [DEBUG] 发送数据: A5 60 9F A5 01 0D 3B 36 33 33 33 33 B4 33 33 33 33 33 33 99 55
[2025-09-09 19:37:41.286] [DEBUG] 接收数据: A5 60 9F A5 81 0D 3B 36 33 33 33 33 B4 33 33 33 33 33 33 AE 55
[2025-09-09 19:37:41.328] [DEBUG] 数据解析成功:
[2025-09-09 19:37:41.346] [INFO]   ID: 0x60
  命令: 0x81 (读)
  寄存器地址: 0x08
  寄存器数量: 0
[2025-09-09 19:37:41.366] [INFO] 
全局变量中的LED显示信息已更新:
[2025-09-09 19:37:41.386] [INFO]   屏幕状态: 开
  亮度级别: 1
  数字显示: 0
  LOGO状态: 2 (0关, 1白, 2红)
  护盾状态: 0 (0关, 1白, 2绿)
  ReadyGo状态: 0 (0关, 1白, 2红)
  左转向灯: 0 (0关, 1白, 2橙)
  右转向灯: 1 (0关, 1白, 2橙)
  灯环状态: 0 (0关, 1蓝, 2红)
[2025-09-09 19:37:41.406] [INFO] 结果: PASS | 用时: 2.390s
[2025-09-09 19:37:41.615] [INFO] ==== 执行用例 #3000 ====
[2025-09-09 19:37:41.649] [INFO] 参数: {'screen_on': 1, 'brightness': 1, 'digital': 50, 'logo': 0, 'rim_state': 1, 'rdygo': 0, 'turn_left': 0, 'turn_right': 0, 'ring': 2} | 备注: nan
[2025-09-09 19:37:41.681] [DEBUG] 修改后的LED显示信息:
[2025-09-09 19:37:41.693] [INFO]   屏幕状态: 开
  亮度级别: 1
  数字显示: 50
  LOGO状态: 0 (0关, 1白, 2红)
  护盾状态: 1 (0关, 1白, 2绿)
  ReadyGo状态: 0 (0关, 1白, 2红)
  左转向灯: 0 (0关, 1白, 2橙)
  右转向灯: 0 (0关, 1白, 2橙)
  灯环状态: 2 (0关, 1蓝, 2红)
[2025-09-09 19:37:41.707] [DEBUG] 组包成功，数据长度: 21 字节
[2025-09-09 19:37:41.716] [DEBUG] 发送数据: A5 60 9F A5 03 0D 3B 36 33 33 33 65 35 37 33 33 33 33 33 6A 55
[2025-09-09 19:37:41.738] [DEBUG] 接收数据超时
[2025-09-09 19:37:41.747] [DEBUG] 组包成功，数据长度: 21 字节
[2025-09-09 19:37:41.757] [DEBUG] 发送数据: A5 60 9F A5 01 0D 3B 36 33 33 33 65 35 37 33 33 33 33 33 2D 55
[2025-09-09 19:37:41.774] [DEBUG] 接收数据超时
[2025-09-09 19:37:41.782] [INFO] 结果: FAIL | 用时: 0.167s
[2025-09-09 19:37:41.797] [INFO] ==== 执行用例 #5106 ====
[2025-09-09 19:37:41.805] [INFO] 参数: {'screen_on': 1, 'brightness': 2, 'digital': 50, 'logo': 0, 'rim_state': 0, 'rdygo': 0, 'turn_left': 0, 'turn_right': 0, 'ring': 2} | 备注: nan
[2025-09-09 19:37:41.833] [DEBUG] 修改后的LED显示信息:
[2025-09-09 19:37:41.844] [INFO]   屏幕状态: 开
  亮度级别: 2
  数字显示: 50
  LOGO状态: 0 (0关, 1白, 2红)
  护盾状态: 0 (0关, 1白, 2绿)
  ReadyGo状态: 0 (0关, 1白, 2红)
  左转向灯: 0 (0关, 1白, 2橙)
  右转向灯: 0 (0关, 1白, 2橙)
  灯环状态: 2 (0关, 1蓝, 2红)
[2025-09-09 19:37:41.857] [DEBUG] 组包成功，数据长度: 21 字节
[2025-09-09 19:37:41.872] [DEBUG] 发送数据: A5 60 9F A5 03 0D 3B 38 33 33 33 65 33 37 33 33 33 33 33 FC 55
[2025-09-09 19:37:41.895] [DEBUG] 接收数据超时
[2025-09-09 19:37:41.906] [DEBUG] 组包成功，数据长度: 21 字节
[2025-09-09 19:37:41.918] [DEBUG] 发送数据: A5 60 9F A5 01 0D 3B 38 33 33 33 65 33 37 33 33 33 33 33 BB 55
[2025-09-09 19:37:41.936] [DEBUG] 接收数据超时
[2025-09-09 19:37:41.946] [INFO] 结果: FAIL | 用时: 0.150s
[2025-09-09 19:37:41.958] [INFO] ==== 执行用例 #6739 ====
[2025-09-09 19:37:41.966] [INFO] 参数: {'screen_on': 1, 'brightness': 3, 'digital': 0, 'logo': 0, 'rim_state': 2, 'rdygo': 0, 'turn_left': 1, 'turn_right': 2, 'ring': 0} | 备注: nan
[2025-09-09 19:37:42.001] [DEBUG] 修改后的LED显示信息:
[2025-09-09 19:37:42.011] [INFO]   屏幕状态: 开
  亮度级别: 3
  数字显示: 0
  LOGO状态: 0 (0关, 1白, 2红)
  护盾状态: 2 (0关, 1白, 2绿)
  ReadyGo状态: 0 (0关, 1白, 2红)
  左转向灯: 1 (0关, 1白, 2橙)
  右转向灯: 2 (0关, 1白, 2橙)
  灯环状态: 0 (0关, 1蓝, 2红)
[2025-09-09 19:37:42.031] [DEBUG] 组包成功，数据长度: 21 字节
[2025-09-09 19:37:42.043] [DEBUG] 发送数据: A5 60 9F A5 03 0D 3B 3A 33 33 33 33 57 34 33 33 33 33 33 E2 55
[2025-09-09 19:37:42.065] [DEBUG] 接收数据超时
[2025-09-09 19:37:42.078] [DEBUG] 组包成功，数据长度: 21 字节
[2025-09-09 19:37:42.090] [DEBUG] 发送数据: A5 60 9F A5 01 0D 3B 3A 33 33 33 33 57 34 33 33 33 33 33 A5 55
[2025-09-09 19:37:42.111] [DEBUG] 接收数据超时
[2025-09-09 19:37:42.126] [INFO] 结果: FAIL | 用时: 0.168s
[2025-09-09 19:37:42.138] [INFO] ==== 执行用例 #6924 ====
[2025-09-09 19:37:42.148] [INFO] 参数: {'screen_on': 1, 'brightness': 3, 'digital': 0, 'logo': 1, 'rim_state': 1, 'rdygo': 1, 'turn_left': 1, 'turn_right': 0, 'ring': 2} | 备注: nan
[2025-09-09 19:37:42.181] [DEBUG] 修改后的LED显示信息:
[2025-09-09 19:37:42.193] [INFO]   屏幕状态: 开
  亮度级别: 3
  数字显示: 0
  LOGO状态: 1 (0关, 1白, 2红)
  护盾状态: 1 (0关, 1白, 2绿)
  ReadyGo状态: 1 (0关, 1白, 2红)
  左转向灯: 1 (0关, 1白, 2橙)
  右转向灯: 0 (0关, 1白, 2橙)
  灯环状态: 2 (0关, 1蓝, 2红)
[2025-09-09 19:37:42.211] [DEBUG] 组包成功，数据长度: 21 字节
[2025-09-09 19:37:42.220] [DEBUG] 发送数据: A5 60 9F A5 03 0D 3B 3A 33 33 33 B3 5D 37 33 33 33 33 33 5C 55
[2025-09-09 19:37:42.244] [DEBUG] 接收数据超时
[2025-09-09 19:37:42.255] [DEBUG] 组包成功，数据长度: 21 字节
[2025-09-09 19:37:42.265] [DEBUG] 发送数据: A5 60 9F A5 01 0D 3B 3A 33 33 33 B3 5D 37 33 33 33 33 33 1B 55
[2025-09-09 19:37:42.286] [DEBUG] 接收数据超时
[2025-09-09 19:37:42.296] [INFO] 结果: FAIL | 用时: 0.158s
[2025-09-09 19:37:42.306] [INFO] ==== 执行用例 #7347 ====
[2025-09-09 19:37:42.316] [INFO] 参数: {'screen_on': 1, 'brightness': 3, 'digital': 50, 'logo': 0, 'rim_state': 0, 'rdygo': 2, 'turn_left': 0, 'turn_right': 0, 'ring': 2} | 备注: nan
[2025-09-09 19:37:42.347] [DEBUG] 修改后的LED显示信息:
[2025-09-09 19:37:42.359] [INFO]   屏幕状态: 开
  亮度级别: 3
  数字显示: 50
  LOGO状态: 0 (0关, 1白, 2红)
  护盾状态: 0 (0关, 1白, 2绿)
  ReadyGo状态: 2 (0关, 1白, 2红)
  左转向灯: 0 (0关, 1白, 2橙)
  右转向灯: 0 (0关, 1白, 2橙)
  灯环状态: 2 (0关, 1蓝, 2红)
[2025-09-09 19:37:42.378] [DEBUG] 组包成功，数据长度: 21 字节
[2025-09-09 19:37:42.386] [DEBUG] 发送数据: A5 60 9F A5 03 0D 3B 3A 33 33 33 65 43 37 33 33 33 33 33 4C 55
[2025-09-09 19:37:42.411] [DEBUG] 接收数据超时
[2025-09-09 19:37:42.422] [DEBUG] 组包成功，数据长度: 21 字节
[2025-09-09 19:37:42.432] [DEBUG] 发送数据: A5 60 9F A5 01 0D 3B 3A 33 33 33 65 43 37 33 33 33 33 33 0B 55
[2025-09-09 19:37:42.453] [DEBUG] 接收数据超时
[2025-09-09 19:37:42.463] [INFO] 结果: FAIL | 用时: 0.156s
[2025-09-09 19:37:42.473] [INFO] ==== 执行用例 #7548 ====
[2025-09-09 19:37:42.483] [INFO] 参数: {'screen_on': 1, 'brightness': 3, 'digital': 50, 'logo': 1, 'rim_state': 0, 'rdygo': 0, 'turn_left': 1, 'turn_right': 1, 'ring': 2} | 备注: nan
[2025-09-09 19:37:42.511] [DEBUG] 修改后的LED显示信息:
[2025-09-09 19:37:42.528] [INFO]   屏幕状态: 开
  亮度级别: 3
  数字显示: 50
  LOGO状态: 1 (0关, 1白, 2红)
  护盾状态: 0 (0关, 1白, 2绿)
  ReadyGo状态: 0 (0关, 1白, 2红)
  左转向灯: 1 (0关, 1白, 2橙)
  右转向灯: 1 (0关, 1白, 2橙)
  灯环状态: 2 (0关, 1蓝, 2红)
[2025-09-09 19:37:42.546] [DEBUG] 组包成功，数据长度: 21 字节
[2025-09-09 19:37:42.557] [DEBUG] 发送数据: A5 60 9F A5 03 0D 3B 3A 33 33 33 E5 D3 37 33 33 33 33 33 C8 55
[2025-09-09 19:37:42.585] [DEBUG] 接收数据超时
[2025-09-09 19:37:42.596] [DEBUG] 组包成功，数据长度: 21 字节
[2025-09-09 19:37:42.607] [DEBUG] 发送数据: A5 60 9F A5 01 0D 3B 3A 33 33 33 E5 D3 37 33 33 33 33 33 8F 55
[2025-09-09 19:37:42.629] [DEBUG] 接收数据超时
[2025-09-09 19:37:42.639] [INFO] 结果: FAIL | 用时: 0.166s
[2025-09-09 19:37:42.650] [INFO] ==== 执行用例 #7975 ====
[2025-09-09 19:37:42.656] [INFO] 参数: {'screen_on': 1, 'brightness': 3, 'digital': 50, 'logo': 2, 'rim_state': 2, 'rdygo': 1, 'turn_left': 1, 'turn_right': 0, 'ring': 0} | 备注: nan
[2025-09-09 19:37:42.691] [DEBUG] 修改后的LED显示信息:
[2025-09-09 19:37:42.703] [INFO]   屏幕状态: 开
  亮度级别: 3
  数字显示: 50
  LOGO状态: 2 (0关, 1白, 2红)
  护盾状态: 2 (0关, 1白, 2绿)
  ReadyGo状态: 1 (0关, 1白, 2红)
  左转向灯: 1 (0关, 1白, 2橙)
  右转向灯: 0 (0关, 1白, 2橙)
  灯环状态: 0 (0关, 1蓝, 2红)
[2025-09-09 19:37:42.720] [DEBUG] 组包成功，数据长度: 21 字节
[2025-09-09 19:37:42.728] [DEBUG] 发送数据: A5 60 9F A5 03 0D 3B 3A 33 33 33 65 60 33 33 33 33 33 33 D7 55
[2025-09-09 19:37:42.756] [DEBUG] 接收数据超时
[2025-09-09 19:37:42.766] [DEBUG] 组包成功，数据长度: 21 字节
[2025-09-09 19:37:42.777] [DEBUG] 发送数据: A5 60 9F A5 01 0D 3B 3A 33 33 33 65 60 33 33 33 33 33 33 90 55
[2025-09-09 19:37:42.794] [DEBUG] 接收数据超时
[2025-09-09 19:37:42.807] [INFO] 结果: FAIL | 用时: 0.157s
[2025-09-09 19:37:42.817] [INFO] ==== 执行用例 #8146 ====
[2025-09-09 19:37:42.827] [INFO] 参数: {'screen_on': 1, 'brightness': 3, 'digital': 100, 'logo': 0, 'rim_state': 1, 'rdygo': 1, 'turn_left': 2, 'turn_right': 0, 'ring': 0} | 备注: nan
[2025-09-09 19:37:42.857] [DEBUG] 修改后的LED显示信息:
[2025-09-09 19:37:42.870] [INFO]   屏幕状态: 开
  亮度级别: 3
  数字显示: 100
  LOGO状态: 0 (0关, 1白, 2红)
  护盾状态: 1 (0关, 1白, 2绿)
  ReadyGo状态: 1 (0关, 1白, 2红)
  左转向灯: 2 (0关, 1白, 2橙)
  右转向灯: 0 (0关, 1白, 2橙)
  灯环状态: 0 (0关, 1蓝, 2红)
[2025-09-09 19:37:42.887] [DEBUG] 组包成功，数据长度: 21 字节
[2025-09-09 19:37:42.898] [DEBUG] 发送数据: A5 60 9F A5 03 0D 3B 3A 33 33 33 97 7D 33 33 33 33 33 33 04 55
[2025-09-09 19:37:42.923] [DEBUG] 接收数据超时
[2025-09-09 19:37:42.932] [DEBUG] 组包成功，数据长度: 21 字节
[2025-09-09 19:37:42.941] [DEBUG] 发送数据: A5 60 9F A5 01 0D 3B 3A 33 33 33 97 7D 33 33 33 33 33 33 43 55
[2025-09-09 19:37:42.968] [DEBUG] 接收数据超时
[2025-09-09 19:37:42.974] [INFO] 结果: FAIL | 用时: 0.157s
[2025-09-09 19:37:42.990] [INFO] ==== 执行用例 #9520 ====
[2025-09-09 19:37:42.998] [INFO] 参数: {'screen_on': 1, 'brightness': 4, 'digital': 50, 'logo': 0, 'rim_state': 0, 'rdygo': 1, 'turn_left': 1, 'turn_right': 2, 'ring': 0} | 备注: nan
[2025-09-09 19:37:43.031] [DEBUG] 修改后的LED显示信息:
[2025-09-09 19:37:43.043] [INFO]   屏幕状态: 开
  亮度级别: 4
  数字显示: 50
  LOGO状态: 0 (0关, 1白, 2红)
  护盾状态: 0 (0关, 1白, 2绿)
  ReadyGo状态: 1 (0关, 1白, 2红)
  左转向灯: 1 (0关, 1白, 2橙)
  右转向灯: 2 (0关, 1白, 2橙)
  灯环状态: 0 (0关, 1蓝, 2红)
[2025-09-09 19:37:43.057] [DEBUG] 组包成功，数据长度: 21 字节
[2025-09-09 19:37:43.073] [DEBUG] 发送数据: A5 60 9F A5 03 0D 3B 3C 33 33 33 65 5B 34 33 33 33 33 33 67 55
[2025-09-09 19:37:43.097] [DEBUG] 接收数据超时
[2025-09-09 19:37:43.109] [DEBUG] 组包成功，数据长度: 21 字节
[2025-09-09 19:37:43.119] [DEBUG] 发送数据: A5 60 9F A5 01 0D 3B 3C 33 33 33 65 5B 34 33 33 33 33 33 20 55
[2025-09-09 19:37:43.142] [DEBUG] 接收数据超时
[2025-09-09 19:37:43.151] [INFO] 结果: FAIL | 用时: 0.162s
[2025-09-09 19:37:43.161] [INFO] ==== 执行用例 #9922 ====
[2025-09-09 19:37:43.171] [INFO] 参数: {'screen_on': 1, 'brightness': 4, 'digital': 50, 'logo': 1, 'rim_state': 2, 'rdygo': 1, 'turn_left': 1, 'turn_right': 1, 'ring': 0} | 备注: nan
[2025-09-09 19:37:43.205] [DEBUG] 修改后的LED显示信息:
[2025-09-09 19:37:43.217] [INFO]   屏幕状态: 开
  亮度级别: 4
  数字显示: 50
  LOGO状态: 1 (0关, 1白, 2红)
  护盾状态: 2 (0关, 1白, 2绿)
  ReadyGo状态: 1 (0关, 1白, 2红)
  左转向灯: 1 (0关, 1白, 2橙)
  右转向灯: 1 (0关, 1白, 2橙)
  灯环状态: 0 (0关, 1蓝, 2红)
[2025-09-09 19:37:43.234] [DEBUG] 组包成功，数据长度: 21 字节
[2025-09-09 19:37:43.245] [DEBUG] 发送数据: A5 60 9F A5 03 0D 3B 3C 33 33 33 E5 DF 33 33 33 33 33 33 1A 55
[2025-09-09 19:37:43.271] [DEBUG] 接收数据超时
[2025-09-09 19:37:43.281] [DEBUG] 组包成功，数据长度: 21 字节
[2025-09-09 19:37:43.291] [DEBUG] 发送数据: A5 60 9F A5 01 0D 3B 3C 33 33 33 E5 DF 33 33 33 33 33 33 5D 55
[2025-09-09 19:37:43.314] [DEBUG] 接收数据超时
[2025-09-09 19:37:43.324] [INFO] 结果: FAIL | 用时: 0.163s
[2025-09-09 19:37:43.334] [INFO] ==== 执行用例 #10023 ====
[2025-09-09 19:37:43.343] [INFO] 参数: {'screen_on': 1, 'brightness': 4, 'digital': 50, 'logo': 2, 'rim_state': 0, 'rdygo': 2, 'turn_left': 0, 'turn_right': 1, 'ring': 2} | 备注: nan
[2025-09-09 19:37:43.374] [DEBUG] 修改后的LED显示信息:
[2025-09-09 19:37:43.386] [INFO]   屏幕状态: 开
  亮度级别: 4
  数字显示: 50
  LOGO状态: 2 (0关, 1白, 2红)
  护盾状态: 0 (0关, 1白, 2绿)
  ReadyGo状态: 2 (0关, 1白, 2红)
  左转向灯: 0 (0关, 1白, 2橙)
  右转向灯: 1 (0关, 1白, 2橙)
  灯环状态: 2 (0关, 1蓝, 2红)
[2025-09-09 19:37:43.407] [DEBUG] 组包成功，数据长度: 21 字节
[2025-09-09 19:37:43.415] [DEBUG] 发送数据: A5 60 9F A5 03 0D 3B 3C 33 33 33 65 C4 37 33 33 33 33 33 85 55
[2025-09-09 19:37:43.442] [DEBUG] 接收数据超时
[2025-09-09 19:37:43.453] [DEBUG] 组包成功，数据长度: 21 字节
[2025-09-09 19:37:43.463] [DEBUG] 发送数据: A5 60 9F A5 01 0D 3B 3C 33 33 33 65 C4 37 33 33 33 33 33 C2 55
[2025-09-09 19:37:43.485] [DEBUG] 接收数据超时
[2025-09-09 19:37:43.496] [INFO] 结果: FAIL | 用时: 0.162s
[2025-09-09 19:37:43.507] [INFO] ==== 执行用例 #10068 ====
[2025-09-09 19:37:43.516] [INFO] 参数: {'screen_on': 1, 'brightness': 4, 'digital': 50, 'logo': 2, 'rim_state': 1, 'rdygo': 0, 'turn_left': 2, 'turn_right': 1, 'ring': 2} | 备注: nan
[2025-09-09 19:37:43.549] [DEBUG] 修改后的LED显示信息:
[2025-09-09 19:37:43.561] [INFO]   屏幕状态: 开
  亮度级别: 4
  数字显示: 50
  LOGO状态: 2 (0关, 1白, 2红)
  护盾状态: 1 (0关, 1白, 2绿)
  ReadyGo状态: 0 (0关, 1白, 2红)
  左转向灯: 2 (0关, 1白, 2橙)
  右转向灯: 1 (0关, 1白, 2橙)
  灯环状态: 2 (0关, 1蓝, 2红)
[2025-09-09 19:37:43.579] [DEBUG] 组包成功，数据长度: 21 字节
[2025-09-09 19:37:43.590] [DEBUG] 发送数据: A5 60 9F A5 03 0D 3B 3C 33 33 33 65 F6 37 33 33 33 33 33 C9 55
[2025-09-09 19:37:43.611] [DEBUG] 接收数据超时
[2025-09-09 19:37:43.625] [DEBUG] 组包成功，数据长度: 21 字节
[2025-09-09 19:37:43.636] [DEBUG] 发送数据: A5 60 9F A5 01 0D 3B 3C 33 33 33 65 F6 37 33 33 33 33 33 8E 55
[2025-09-09 19:37:43.657] [DEBUG] 接收数据超时
[2025-09-09 19:37:43.665] [INFO] 结果: FAIL | 用时: 0.159s
[2025-09-09 19:37:43.679] [INFO] ==== 执行用例 #10282 ====
[2025-09-09 19:37:43.688] [INFO] 参数: {'screen_on': 1, 'brightness': 4, 'digital': 100, 'logo': 0, 'rim_state': 0, 'rdygo': 2, 'turn_left': 2, 'turn_right': 1, 'ring': 0} | 备注: nan
[2025-09-09 19:37:43.720] [DEBUG] 修改后的LED显示信息:
[2025-09-09 19:37:43.731] [INFO]   屏幕状态: 开
  亮度级别: 4
  数字显示: 100
  LOGO状态: 0 (0关, 1白, 2红)
  护盾状态: 0 (0关, 1白, 2绿)
  ReadyGo状态: 2 (0关, 1白, 2红)
  左转向灯: 2 (0关, 1白, 2橙)
  右转向灯: 1 (0关, 1白, 2橙)
  灯环状态: 0 (0关, 1蓝, 2红)
[2025-09-09 19:37:43.748] [DEBUG] 组包成功，数据长度: 21 字节
[2025-09-09 19:37:43.761] [DEBUG] 发送数据: A5 60 9F A5 03 0D 3B 3C 33 33 33 97 03 33 33 33 33 33 33 D5 55
[2025-09-09 19:37:43.795] [DEBUG] 接收数据超时
[2025-09-09 19:37:43.808] [DEBUG] 组包成功，数据长度: 21 字节
[2025-09-09 19:37:43.818] [DEBUG] 发送数据: A5 60 9F A5 01 0D 3B 3C 33 33 33 97 03 33 33 33 33 33 33 92 55
[2025-09-09 19:37:43.840] [DEBUG] 接收数据超时
[2025-09-09 19:37:43.848] [INFO] 结果: FAIL | 用时: 0.169s
[2025-09-09 19:37:43.861] [INFO] ==== 执行用例 #10509 ====
[2025-09-09 19:37:43.869] [INFO] 参数: {'screen_on': 1, 'brightness': 4, 'digital': 100, 'logo': 1, 'rim_state': 0, 'rdygo': 2, 'turn_left': 0, 'turn_right': 1, 'ring': 2} | 备注: nan
[2025-09-09 19:37:43.901] [DEBUG] 修改后的LED显示信息:
[2025-09-09 19:37:43.912] [INFO]   屏幕状态: 开
  亮度级别: 4
  数字显示: 100
  LOGO状态: 1 (0关, 1白, 2红)
  护盾状态: 0 (0关, 1白, 2绿)
  ReadyGo状态: 2 (0关, 1白, 2红)
  左转向灯: 0 (0关, 1白, 2橙)
  右转向灯: 1 (0关, 1白, 2橙)
  灯环状态: 2 (0关, 1蓝, 2红)
[2025-09-09 19:37:43.933] [DEBUG] 组包成功，数据长度: 21 字节
[2025-09-09 19:37:43.945] [DEBUG] 发送数据: A5 60 9F A5 03 0D 3B 3C 33 33 33 17 C3 37 33 33 33 33 33 56 55
[2025-09-09 19:37:43.966] [DEBUG] 接收数据超时
[2025-09-09 19:37:43.979] [DEBUG] 组包成功，数据长度: 21 字节
[2025-09-09 19:37:43.993] [DEBUG] 发送数据: A5 60 9F A5 01 0D 3B 3C 33 33 33 17 C3 37 33 33 33 33 33 11 55
[2025-09-09 19:37:44.014] [DEBUG] 接收数据超时
[2025-09-09 19:37:44.023] [INFO] 结果: FAIL | 用时: 0.162s
[2025-09-09 19:37:44.038] [INFO] ==== 执行用例 #11108 ====
[2025-09-09 19:37:44.047] [INFO] 参数: {'screen_on': 1, 'brightness': 5, 'digital': 0, 'logo': 0, 'rim_state': 2, 'rdygo': 0, 'turn_left': 1, 'turn_right': 0, 'ring': 1} | 备注: nan
[2025-09-09 19:37:44.080] [DEBUG] 修改后的LED显示信息:
[2025-09-09 19:37:44.091] [INFO]   屏幕状态: 开
  亮度级别: 5
  数字显示: 0
  LOGO状态: 0 (0关, 1白, 2红)
  护盾状态: 2 (0关, 1白, 2绿)
  ReadyGo状态: 0 (0关, 1白, 2红)
  左转向灯: 1 (0关, 1白, 2橙)
  右转向灯: 0 (0关, 1白, 2橙)
  灯环状态: 1 (0关, 1蓝, 2红)
[2025-09-09 19:37:44.110] [DEBUG] 组包成功，数据长度: 21 字节
[2025-09-09 19:37:44.118] [DEBUG] 发送数据: A5 60 9F A5 03 0D 3B 3E 33 33 33 33 57 35 33 33 33 33 33 6E 55
[2025-09-09 19:37:44.145] [DEBUG] 接收数据超时
[2025-09-09 19:37:44.156] [DEBUG] 组包成功，数据长度: 21 字节
[2025-09-09 19:37:44.166] [DEBUG] 发送数据: A5 60 9F A5 01 0D 3B 3E 33 33 33 33 57 35 33 33 33 33 33 29 55
[2025-09-09 19:37:44.192] [DEBUG] 接收数据超时
[2025-09-09 19:37:44.202] [INFO] 结果: FAIL | 用时: 0.164s
[2025-09-09 19:37:44.215] [INFO] ==== 执行用例 #11309 ====
[2025-09-09 19:37:44.224] [INFO] 参数: {'screen_on': 1, 'brightness': 5, 'digital': 0, 'logo': 1, 'rim_state': 1, 'rdygo': 1, 'turn_left': 2, 'turn_right': 1, 'ring': 1} | 备注: nan
[2025-09-09 19:37:44.255] [DEBUG] 修改后的LED显示信息:
[2025-09-09 19:37:44.267] [INFO]   屏幕状态: 开
  亮度级别: 5
  数字显示: 0
  LOGO状态: 1 (0关, 1白, 2红)
  护盾状态: 1 (0关, 1白, 2绿)
  ReadyGo状态: 1 (0关, 1白, 2红)
  左转向灯: 2 (0关, 1白, 2橙)
  右转向灯: 1 (0关, 1白, 2橙)
  灯环状态: 1 (0关, 1蓝, 2红)
[2025-09-09 19:37:44.285] [DEBUG] 组包成功，数据长度: 21 字节
[2025-09-09 19:37:44.294] [DEBUG] 发送数据: A5 60 9F A5 03 0D 3B 3E 33 33 33 B3 FD 35 33 33 33 33 33 82 55
[2025-09-09 19:37:44.319] [DEBUG] 接收数据超时
[2025-09-09 19:37:44.327] [DEBUG] 组包成功，数据长度: 21 字节
[2025-09-09 19:37:44.340] [DEBUG] 发送数据: A5 60 9F A5 01 0D 3B 3E 33 33 33 B3 FD 35 33 33 33 33 33 C5 55
[2025-09-09 19:37:44.362] [DEBUG] 接收数据超时
[2025-09-09 19:37:44.373] [INFO] 结果: FAIL | 用时: 0.158s
[2025-09-09 19:37:44.381] [INFO] ==== 执行用例 #11460 ====
[2025-09-09 19:37:44.390] [INFO] 参数: {'screen_on': 1, 'brightness': 5, 'digital': 0, 'logo': 2, 'rim_state': 0, 'rdygo': 1, 'turn_left': 1, 'turn_right': 0, 'ring': 2} | 备注: nan
[2025-09-09 19:37:44.424] [DEBUG] 修改后的LED显示信息:
[2025-09-09 19:37:44.442] [INFO]   屏幕状态: 开
  亮度级别: 5
  数字显示: 0
  LOGO状态: 2 (0关, 1白, 2红)
  护盾状态: 0 (0关, 1白, 2绿)
  ReadyGo状态: 1 (0关, 1白, 2红)
  左转向灯: 1 (0关, 1白, 2橙)
  右转向灯: 0 (0关, 1白, 2橙)
  灯环状态: 2 (0关, 1蓝, 2红)
[2025-09-09 19:37:44.456] [DEBUG] 组包成功，数据长度: 21 字节
[2025-09-09 19:37:44.470] [DEBUG] 发送数据: A5 60 9F A5 03 0D 3B 3E 33 33 33 33 5C 37 33 33 33 33 33 AD 55
[2025-09-09 19:37:44.494] [DEBUG] 接收数据超时
[2025-09-09 19:37:44.504] [DEBUG] 组包成功，数据长度: 21 字节
[2025-09-09 19:37:44.513] [DEBUG] 发送数据: A5 60 9F A5 01 0D 3B 3E 33 33 33 33 5C 37 33 33 33 33 33 EA 55
[2025-09-09 19:37:44.536] [DEBUG] 接收数据超时
[2025-09-09 19:37:44.546] [INFO] 结果: FAIL | 用时: 0.164s
[2025-09-09 19:37:44.553] [INFO] ==== 执行用例 #12960 ====
[2025-09-09 19:37:44.565] [INFO] 参数: {'screen_on': 1, 'brightness': 5, 'digital': 100, 'logo': 2, 'rim_state': 0, 'rdygo': 2, 'turn_left': 2, 'turn_right': 2, 'ring': 2} | 备注: nan
[2025-09-09 19:37:44.598] [DEBUG] 修改后的LED显示信息:
[2025-09-09 19:37:44.610] [INFO]   屏幕状态: 开
  亮度级别: 5
  数字显示: 100
  LOGO状态: 2 (0关, 1白, 2红)
  护盾状态: 0 (0关, 1白, 2绿)
  ReadyGo状态: 2 (0关, 1白, 2红)
  左转向灯: 2 (0关, 1白, 2橙)
  右转向灯: 2 (0关, 1白, 2橙)
  灯环状态: 2 (0关, 1蓝, 2红)
[2025-09-09 19:37:44.627] [DEBUG] 组包成功，数据长度: 21 字节
[2025-09-09 19:37:44.640] [DEBUG] 发送数据: A5 60 9F A5 03 0D 3B 3E 33 33 33 97 84 38 33 33 33 33 33 9E 55
[2025-09-09 19:37:44.664] [DEBUG] 接收数据超时
[2025-09-09 19:37:44.673] [DEBUG] 组包成功，数据长度: 21 字节
[2025-09-09 19:37:44.682] [DEBUG] 发送数据: A5 60 9F A5 01 0D 3B 3E 33 33 33 97 84 38 33 33 33 33 33 D9 55
[2025-09-09 19:37:44.707] [DEBUG] 接收数据超时
[2025-09-09 19:37:44.716] [INFO] 结果: FAIL | 用时: 0.163s
[2025-09-09 19:37:44.726] [INFO] ==== 执行用例 #13191 ====
[2025-09-09 19:37:44.735] [INFO] 参数: {'screen_on': 1, 'brightness': 6, 'digital': 0, 'logo': 0, 'rim_state': 0, 'rdygo': 2, 'turn_left': 1, 'turn_right': 1, 'ring': 2} | 备注: nan
[2025-09-09 19:37:44.767] [DEBUG] 修改后的LED显示信息:
[2025-09-09 19:37:44.779] [INFO]   屏幕状态: 开
  亮度级别: 6
  数字显示: 0
  LOGO状态: 0 (0关, 1白, 2红)
  护盾状态: 0 (0关, 1白, 2绿)
  ReadyGo状态: 2 (0关, 1白, 2红)
  左转向灯: 1 (0关, 1白, 2橙)
  右转向灯: 1 (0关, 1白, 2橙)
  灯环状态: 2 (0关, 1蓝, 2红)
[2025-09-09 19:37:44.795] [DEBUG] 组包成功，数据长度: 21 字节
[2025-09-09 19:37:44.808] [DEBUG] 发送数据: A5 60 9F A5 03 0D 3B 40 33 33 33 33 E3 37 33 33 33 33 33 02 55
[2025-09-09 19:37:44.833] [DEBUG] 接收数据超时
[2025-09-09 19:37:44.843] [DEBUG] 组包成功，数据长度: 21 字节
[2025-09-09 19:37:44.853] [DEBUG] 发送数据: A5 60 9F A5 01 0D 3B 40 33 33 33 33 E3 37 33 33 33 33 33 45 55
[2025-09-09 19:37:44.875] [DEBUG] 接收数据超时
[2025-09-09 19:37:44.885] [INFO] 结果: FAIL | 用时: 0.159s
[2025-09-09 19:37:44.895] [INFO] ==== 执行用例 #13602 ====
[2025-09-09 19:37:44.903] [INFO] 参数: {'screen_on': 1, 'brightness': 6, 'digital': 0, 'logo': 1, 'rim_state': 2, 'rdygo': 2, 'turn_left': 2, 'turn_right': 0, 'ring': 2} | 备注: nan
[2025-09-09 19:37:44.938] [DEBUG] 修改后的LED显示信息:
[2025-09-09 19:37:44.949] [INFO]   屏幕状态: 开
  亮度级别: 6
  数字显示: 0
  LOGO状态: 1 (0关, 1白, 2红)
  护盾状态: 2 (0关, 1白, 2绿)
  ReadyGo状态: 2 (0关, 1白, 2红)
  左转向灯: 2 (0关, 1白, 2橙)
  右转向灯: 0 (0关, 1白, 2橙)
  灯环状态: 2 (0关, 1蓝, 2红)
[2025-09-09 19:37:44.965] [DEBUG] 组包成功，数据长度: 21 字节
[2025-09-09 19:37:44.978] [DEBUG] 发送数据: A5 60 9F A5 03 0D 3B 40 33 33 33 B3 87 37 33 33 33 33 33 62 55
[2025-09-09 19:37:45.002] [DEBUG] 接收数据超时
[2025-09-09 19:37:45.013] [DEBUG] 组包成功，数据长度: 21 字节
[2025-09-09 19:37:45.020] [DEBUG] 发送数据: A5 60 9F A5 01 0D 3B 40 33 33 33 B3 87 37 33 33 33 33 33 25 55
[2025-09-09 19:37:45.045] [DEBUG] 接收数据超时
[2025-09-09 19:37:45.055] [INFO] 结果: FAIL | 用时: 0.160s
[2025-09-09 19:37:45.065] [INFO] ==== 执行用例 #14453 ====
[2025-09-09 19:37:45.073] [INFO] 参数: {'screen_on': 1, 'brightness': 6, 'digital': 50, 'logo': 2, 'rim_state': 1, 'rdygo': 1, 'turn_left': 0, 'turn_right': 2, 'ring': 1} | 备注: nan
[2025-09-09 19:37:45.105] [DEBUG] 修改后的LED显示信息:
[2025-09-09 19:37:45.117] [INFO]   屏幕状态: 开
  亮度级别: 6
  数字显示: 50
  LOGO状态: 2 (0关, 1白, 2红)
  护盾状态: 1 (0关, 1白, 2绿)
  ReadyGo状态: 1 (0关, 1白, 2红)
  左转向灯: 0 (0关, 1白, 2橙)
  右转向灯: 2 (0关, 1白, 2橙)
  灯环状态: 1 (0关, 1蓝, 2红)
[2025-09-09 19:37:45.137] [DEBUG] 组包成功，数据长度: 21 字节
[2025-09-09 19:37:45.148] [DEBUG] 发送数据: A5 60 9F A5 03 0D 3B 40 33 33 33 65 3E 36 33 33 33 33 33 D5 55
[2025-09-09 19:37:45.178] [DEBUG] 接收数据超时
[2025-09-09 19:37:45.188] [DEBUG] 组包成功，数据长度: 21 字节
[2025-09-09 19:37:45.200] [DEBUG] 发送数据: A5 60 9F A5 01 0D 3B 40 33 33 33 65 3E 36 33 33 33 33 33 92 55
[2025-09-09 19:37:45.222] [DEBUG] 接收数据超时
[2025-09-09 19:37:45.232] [INFO] 结果: FAIL | 用时: 0.167s
[2025-09-09 19:37:45.243] [INFO] ==== 执行用例 #14934 ====
[2025-09-09 19:37:45.251] [INFO] 参数: {'screen_on': 1, 'brightness': 6, 'digital': 100, 'logo': 1, 'rim_state': 1, 'rdygo': 1, 'turn_left': 0, 'turn_right': 0, 'ring': 2} | 备注: nan
[2025-09-09 19:37:45.285] [DEBUG] 修改后的LED显示信息:
[2025-09-09 19:37:45.294] [INFO]   屏幕状态: 开
  亮度级别: 6
  数字显示: 100
  LOGO状态: 1 (0关, 1白, 2红)
  护盾状态: 1 (0关, 1白, 2绿)
  ReadyGo状态: 1 (0关, 1白, 2红)
  左转向灯: 0 (0关, 1白, 2橙)
  右转向灯: 0 (0关, 1白, 2橙)
  灯环状态: 2 (0关, 1蓝, 2红)
[2025-09-09 19:37:45.316] [DEBUG] 组包成功，数据长度: 21 字节
[2025-09-09 19:37:45.329] [DEBUG] 发送数据: A5 60 9F A5 03 0D 3B 40 33 33 33 17 3D 37 33 33 33 33 33 46 55
[2025-09-09 19:37:45.352] [DEBUG] 接收数据超时
[2025-09-09 19:37:45.363] [DEBUG] 组包成功，数据长度: 21 字节
[2025-09-09 19:37:45.374] [DEBUG] 发送数据: A5 60 9F A5 01 0D 3B 40 33 33 33 17 3D 37 33 33 33 33 33 01 55
[2025-09-09 19:37:45.395] [DEBUG] 接收数据超时
[2025-09-09 19:37:45.405] [INFO] 结果: FAIL | 用时: 0.162s
[2025-09-09 19:37:45.414] [INFO] ==== 执行用例 #15192 ====
[2025-09-09 19:37:45.424] [INFO] 参数: {'screen_on': 1, 'brightness': 6, 'digital': 100, 'logo': 2, 'rim_state': 1, 'rdygo': 1, 'turn_left': 1, 'turn_right': 2, 'ring': 2} | 备注: nan
[2025-09-09 19:37:45.457] [DEBUG] 修改后的LED显示信息:
[2025-09-09 19:37:45.468] [INFO]   屏幕状态: 开
  亮度级别: 6
  数字显示: 100
  LOGO状态: 2 (0关, 1白, 2红)
  护盾状态: 1 (0关, 1白, 2绿)
  ReadyGo状态: 1 (0关, 1白, 2红)
  左转向灯: 1 (0关, 1白, 2橙)
  右转向灯: 2 (0关, 1白, 2橙)
  灯环状态: 2 (0关, 1蓝, 2红)
[2025-09-09 19:37:45.487] [DEBUG] 组包成功，数据长度: 21 字节
[2025-09-09 19:37:45.497] [DEBUG] 发送数据: A5 60 9F A5 03 0D 3B 40 33 33 33 97 5E 38 33 33 33 33 33 7E 55
[2025-09-09 19:37:45.520] [DEBUG] 接收数据超时
[2025-09-09 19:37:45.532] [DEBUG] 组包成功，数据长度: 21 字节
[2025-09-09 19:37:45.544] [DEBUG] 发送数据: A5 60 9F A5 01 0D 3B 40 33 33 33 97 5E 38 33 33 33 33 33 39 55
[2025-09-09 19:37:45.564] [DEBUG] 接收数据超时
[2025-09-09 19:37:45.576] [INFO] 结果: FAIL | 用时: 0.162s
[2025-09-09 19:37:45.586] [INFO] ==== 执行用例 #15583 ====
[2025-09-09 19:37:45.595] [INFO] 参数: {'screen_on': 1, 'brightness': 7, 'digital': 0, 'logo': 1, 'rim_state': 0, 'rdygo': 1, 'turn_left': 0, 'turn_right': 1, 'ring': 0} | 备注: nan
[2025-09-09 19:37:45.624] [DEBUG] 修改后的LED显示信息:
[2025-09-09 19:37:45.638] [INFO]   屏幕状态: 开
  亮度级别: 7
  数字显示: 0
  LOGO状态: 1 (0关, 1白, 2红)
  护盾状态: 0 (0关, 1白, 2绿)
  ReadyGo状态: 1 (0关, 1白, 2红)
  左转向灯: 0 (0关, 1白, 2橙)
  右转向灯: 1 (0关, 1白, 2橙)
  灯环状态: 0 (0关, 1蓝, 2红)
[2025-09-09 19:37:45.660] [DEBUG] 组包成功，数据长度: 21 字节
[2025-09-09 19:37:45.669] [DEBUG] 发送数据: A5 60 9F A5 03 0D 3B 42 33 33 33 B3 BB 33 33 33 33 33 33 AB 55
[2025-09-09 19:37:45.696] [DEBUG] 接收数据超时
[2025-09-09 19:37:45.706] [DEBUG] 组包成功，数据长度: 21 字节
[2025-09-09 19:37:45.716] [DEBUG] 发送数据: A5 60 9F A5 01 0D 3B 42 33 33 33 B3 BB 33 33 33 33 33 33 EC 55
[2025-09-09 19:37:45.736] [DEBUG] 接收数据超时
[2025-09-09 19:37:45.745] [INFO] 结果: FAIL | 用时: 0.159s
[2025-09-09 19:37:45.758] [INFO] ==== 执行用例 #16100 ====
[2025-09-09 19:37:45.769] [INFO] 参数: {'screen_on': 1, 'brightness': 7, 'digital': 50, 'logo': 0, 'rim_state': 0, 'rdygo': 2, 'turn_left': 0, 'turn_right': 2, 'ring': 1} | 备注: nan
[2025-09-09 19:37:45.798] [DEBUG] 修改后的LED显示信息:
[2025-09-09 19:37:45.812] [INFO]   屏幕状态: 开
  亮度级别: 7
  数字显示: 50
  LOGO状态: 0 (0关, 1白, 2红)
  护盾状态: 0 (0关, 1白, 2绿)
  ReadyGo状态: 2 (0关, 1白, 2红)
  左转向灯: 0 (0关, 1白, 2橙)
  右转向灯: 2 (0关, 1白, 2橙)
  灯环状态: 1 (0关, 1蓝, 2红)
[2025-09-09 19:37:45.832] [DEBUG] 组包成功，数据长度: 21 字节
[2025-09-09 19:37:45.840] [DEBUG] 发送数据: A5 60 9F A5 03 0D 3B 42 33 33 33 65 43 36 33 33 33 33 33 99 55
[2025-09-09 19:37:45.862] [DEBUG] 接收数据超时
[2025-09-09 19:37:45.874] [DEBUG] 组包成功，数据长度: 21 字节
[2025-09-09 19:37:45.887] [DEBUG] 发送数据: A5 60 9F A5 01 0D 3B 42 33 33 33 65 43 36 33 33 33 33 33 DE 55
[2025-09-09 19:37:45.907] [DEBUG] 接收数据超时
[2025-09-09 19:37:45.915] [INFO] 结果: FAIL | 用时: 0.158s
[2025-09-09 19:37:45.924] [INFO] ==== 执行用例 #16418 ====
[2025-09-09 19:37:45.936] [INFO] 参数: {'screen_on': 1, 'brightness': 7, 'digital': 50, 'logo': 1, 'rim_state': 1, 'rdygo': 2, 'turn_left': 0, 'turn_right': 0, 'ring': 1} | 备注: nan
[2025-09-09 19:37:45.965] [DEBUG] 修改后的LED显示信息:
[2025-09-09 19:37:45.978] [INFO]   屏幕状态: 开
  亮度级别: 7
  数字显示: 50
  LOGO状态: 1 (0关, 1白, 2红)
  护盾状态: 1 (0关, 1白, 2绿)
  ReadyGo状态: 2 (0关, 1白, 2红)
  左转向灯: 0 (0关, 1白, 2橙)
  右转向灯: 0 (0关, 1白, 2橙)
  灯环状态: 1 (0关, 1蓝, 2红)
[2025-09-09 19:37:46.003] [DEBUG] 组包成功，数据长度: 21 字节
[2025-09-09 19:37:46.015] [DEBUG] 发送数据: A5 60 9F A5 03 0D 3B 42 33 33 33 E5 45 35 33 33 33 33 33 11 55
[2025-09-09 19:37:46.036] [DEBUG] 接收数据超时
[2025-09-09 19:37:46.051] [DEBUG] 组包成功，数据长度: 21 字节
[2025-09-09 19:37:46.062] [DEBUG] 发送数据: A5 60 9F A5 01 0D 3B 42 33 33 33 E5 45 35 33 33 33 33 33 56 55
[2025-09-09 19:37:46.082] [DEBUG] 接收数据超时
[2025-09-09 19:37:46.094] [INFO] 结果: FAIL | 用时: 0.171s
[2025-09-09 19:37:46.104] [INFO] ==== 执行用例 #16485 ====
[2025-09-09 19:37:46.114] [INFO] 参数: {'screen_on': 1, 'brightness': 7, 'digital': 50, 'logo': 1, 'rim_state': 2, 'rdygo': 1, 'turn_left': 1, 'turn_right': 1, 'ring': 2} | 备注: nan
[2025-09-09 19:37:46.148] [DEBUG] 修改后的LED显示信息:
[2025-09-09 19:37:46.160] [INFO]   屏幕状态: 开
  亮度级别: 7
  数字显示: 50
  LOGO状态: 1 (0关, 1白, 2红)
  护盾状态: 2 (0关, 1白, 2绿)
  ReadyGo状态: 1 (0关, 1白, 2红)
  左转向灯: 1 (0关, 1白, 2橙)
  右转向灯: 1 (0关, 1白, 2橙)
  灯环状态: 2 (0关, 1蓝, 2红)
[2025-09-09 19:37:46.178] [DEBUG] 组包成功，数据长度: 21 字节
[2025-09-09 19:37:46.190] [DEBUG] 发送数据: A5 60 9F A5 03 0D 3B 42 33 33 33 E5 DF 37 33 33 33 33 33 79 55
[2025-09-09 19:37:46.217] [DEBUG] 接收数据超时
[2025-09-09 19:37:46.228] [DEBUG] 组包成功，数据长度: 21 字节
[2025-09-09 19:37:46.240] [DEBUG] 发送数据: A5 60 9F A5 01 0D 3B 42 33 33 33 E5 DF 37 33 33 33 33 33 3E 55
[2025-09-09 19:37:46.262] [DEBUG] 接收数据超时
[2025-09-09 19:37:46.273] [INFO] 结果: FAIL | 用时: 0.169s
[2025-09-09 19:37:46.284] [INFO] ==== 执行用例 #16555 ====
[2025-09-09 19:37:46.292] [INFO] 参数: {'screen_on': 1, 'brightness': 7, 'digital': 50, 'logo': 2, 'rim_state': 0, 'rdygo': 1, 'turn_left': 0, 'turn_right': 1, 'ring': 0} | 备注: nan
[2025-09-09 19:37:46.325] [DEBUG] 修改后的LED显示信息:
[2025-09-09 19:37:46.337] [INFO]   屏幕状态: 开
  亮度级别: 7
  数字显示: 50
  LOGO状态: 2 (0关, 1白, 2红)
  护盾状态: 0 (0关, 1白, 2绿)
  ReadyGo状态: 1 (0关, 1白, 2红)
  左转向灯: 0 (0关, 1白, 2橙)
  右转向灯: 1 (0关, 1白, 2橙)
  灯环状态: 0 (0关, 1蓝, 2红)
[2025-09-09 19:37:46.353] [DEBUG] 组包成功，数据长度: 21 字节
[2025-09-09 19:37:46.364] [DEBUG] 发送数据: A5 60 9F A5 03 0D 3B 42 33 33 33 65 BC 33 33 33 33 33 33 1D 55
[2025-09-09 19:37:46.386] [DEBUG] 接收数据超时
[2025-09-09 19:37:46.398] [DEBUG] 组包成功，数据长度: 21 字节
[2025-09-09 19:37:46.407] [DEBUG] 发送数据: A5 60 9F A5 01 0D 3B 42 33 33 33 65 BC 33 33 33 33 33 33 5A 55
[2025-09-09 19:37:46.429] [DEBUG] 接收数据超时
[2025-09-09 19:37:46.440] [INFO] 结果: FAIL | 用时: 0.156s
[2025-09-09 19:37:46.450] [INFO] 开始压力循环: 次数=1, 间隔=0.5s, 参数={'screen_on': 1, 'brightness': 1, 'digital': 0, 'logo': 0, 'rim_state': 1, 'rdygo': 1, 'turn_left': 0, 'turn_right': 2, 'ring': 0}
[2025-09-09 19:37:46.482] [DEBUG] 修改后的LED显示信息:
[2025-09-09 19:37:46.498] [INFO]   屏幕状态: 开
  亮度级别: 1
  数字显示: 0
  LOGO状态: 0 (0关, 1白, 2红)
  护盾状态: 1 (0关, 1白, 2绿)
  ReadyGo状态: 1 (0关, 1白, 2红)
  左转向灯: 0 (0关, 1白, 2橙)
  右转向灯: 2 (0关, 1白, 2橙)
  灯环状态: 0 (0关, 1蓝, 2红)
[2025-09-09 19:37:46.515] [DEBUG] 组包成功，数据长度: 21 字节
[2025-09-09 19:37:46.524] [DEBUG] 发送数据: A5 60 9F A5 03 0D 3B 36 33 33 33 33 3D 34 33 33 33 33 33 BA 55
[2025-09-09 19:37:46.549] [DEBUG] 接收数据: A5 60 9F A5 83 55 33 93 7F 63 64 33 33 33 33 33 33 33 33 33 33 33 33 33 33 33 33 33 33 33 33 33 33 33 33 33 33 33 33 33 33 33 33 89 66 69 66 65 85 64 63 64 76 63 64 92 75 A7 63 65 33 33 33 33 33 37 33 37 33 33 33 36 33 33 33 65 35 37 33 33 33 33 33 33 33 33 33 33 33 33 33 06 55 A5 60 9F A5 81 0D 3B 36 33 33 33 65 35 37 33 33 33 33 33 1A 55 A5 60 9F A5 83 55 33 93 7F 63 64 33 33 33 33 33 33 33 33 33 33 33 33 33 33 33 33 33 33 33 33 33 33 33 33 33 33 33 33 33 33 33 33 89 66 69 66 65 85 64 63 64 76 63 64 92 75 A7 63 65 33 33 33 33 33 37 33 38 33 33 33 38 33 33 33 65 33 37 33 33 33 33 33 33 33 33 33 33 33 33 33 EE 55 A5 60 9F A5 81 0D 3B 38 33 33 33 65 33 37 33 33 33 33 33 8C 55 A5 60 9F A5 83 55 33 93 7F 63 64 33 33 33 33 33 33 33 33 33 33 33 33 33 33 33 33 33 33 33 33 33 33 33 33 33 33 33 33 33 33 33 33 89 66 69 66 65 85 64 63 64 76 63 64 92 75 A7 63 65 33 33 33 33 33 37 33 37 33 33 33 3A 33 33 33 33 57 34 33 33 33 33 33 33 33 33 33 33 33 33 33 17 55 A5 60 9F A5 81 0D 3B 3A 33 33 33 33 57 34 33 33 33 33 33 92 55 A5 60 9F A5 83 55 33 93 7F 63 64 33 33 33 33 33 33 33 33 33 33 33 33 33 33 33 33 33 33 33 33 33 33 33 33 33 33 33 33 33 33 33 33 89 66 69 66 65 85 64 63 64 76 63 64 92 75 A7 63 65 33 33 33 33 33 37 33 37 33 33 33 3A 33 33 33 B3 5D 37 33 33 33 33 33 33 33 33 33 33 33 33 33 E6 55 A5 60 9F A5 81 0D 3B 3A 33 33 33 B3 5D 37 33 33 33 33 33 2C 55 A5 60 9F A5 83 55 33 93 7F 63 64 33 33 33 33 33 33 33 33 33 33 33 33 33 33 33 33 33 33 33 33 33 33 33 33 33 33 33 33 33 33 33 33 89 66 69 66 65 85 64 63 64 76 63 64 92 75 A7 63 65 33 33 33 33 33 37 33 38 33 33 33 3A 33 33 33 65 43 37 33 33 33 33 33 33 33 33 33 33 33 33 33 54 55 A5 60 9F A5 81 0D 3B 3A 33 33 33 65 43 37 33 33 33 33 33 3C 55 A5 60 9F A5 83 55 33 93 7F 63 64 33 33 33 33 33 33 33 33 33 33 33 33 33 33 33 33 33 33 33 33 33 33 33 33 33 33 33 33 33 33 33 33 89 66 69 66 65 85 64 63 64 76 63 64 92 75 A7 63 65 33 33 33 33 33 37 33 37 33 33 33 3A 33 33 33 E5 D3 37 33 33 33 33 33 33 33 33 33 33 33 33 33 3D 55 A5 60 9F A5 81 0D 3B 3A 33 33 33 E5 D3 37 33 33 33 33 33 B8 55 A5 60 9F A5 83 55 33 93 7F 63 64 33 33 33 33 33 33 33 33 33 33 33 33 33 33 33 33 33 33 33 33 33 33 33 33 33 33 33 33 33 33 33 33 89 66 69 66 65 85 64 63 64 76 63 64 92 75 A7 63 65 33 33 33 33 33 37 33 36 33 33 33 3A 33 33 33 65 60 33 33 33 33 33 33 33 33 33 33 33 33 33 33 14 55 A5 60 9F A5 81 0D 3B 3A 33 33 33 65 60 33 33 33 33 33 33 A7 55 A5 60 9F A5 83 55 33 93 7F 63 64 33 33 33 33 33 33 33 33 33 33 33 33 33 33 33 33 33 33 33 33 33 33 33 33 33 33 33 33 33 33 33 33 89 66 69 66 65 85 64 63 64 76 63 64 92 75 A7 63 65 33 33 33 33 33 37 33 37 33 33 33 3A 33 33 33 97 7D 33 33 33 33 33 33 33 33 33 33 33 33 33 33 42 55 A5 60 9F A5 81 0D 3B 3A 33 33 33 97 7D 33 33 33 33 33 33 74 55 A5 60 9F A5 83 55 33 93 7F 63 64 33 33 33 33 33 33 33 33 33 33 33 33 33 33 33 33 33 33 33 33 33 33 33 33 33 33 33 33 33 33 33 33 89 66 69 66 65 85 64 63 64 76 63 64 92 75 A7 63 65 33 33 33 33 33 37 33 38 33 33 33 3C 33 33 33 65 5B 34 33 33 33 33 33 33 33 33 33 33 33 33 33 1E 55 A5 60 9F A5 81 0D 3B 3C 33 33 33 65 5B 34 33 33 33 33 33 17 55 A5 60 9F A5 83 55 33 93 7F 63 64 33 33 33 33 33 33 33 33 33 33 33 33 33 33 33 33 33 33 33 33 33 33 33 33 33 33 33 33 33 33 33 33 89 66 69 66 65 85 64 63 64 76 63 64 92 75 A7 63 65 33 33 33 33 33 37 33 38 33 33 33 3C 33 33 33 E5 DF 33 33 33 33 33 33 33 33 33 33 33 33 33 33 8F 55 A5 60 9F A5 81 0D 3B 3C 33 33 33 E5 DF 33 33 33 33 33 33 6A 55 A5 60 9F A5 83 55 33 93 7F 63 64 33 33 33 33 33 33 33 33 33 33 33 33 33 33 33 33 33 33 33 33 33 33 33 33 33 33 33 33 33 33 33 33 89 66 69 66 65 85 64 63 64 76 63 64 92 75 A7 63 65 33 33 33 33 33 37 33 37 33 33 33 3C 33 33 33 65 C4 37 33 33 33 33 33 33 33 33 33 33 33 33 33 25 55 A5 60 9F A5 81 0D 3B 3C 33 33 33 65 C4 37 33 33 33 33 33 F5 55 A5 60 9F A5 83 55 33 93 7F 63 64 33 33 33 33 33 33 33 33 33 33 33 33 33 33 33 33 33 33 33 33 33 33 33 33 33 33 33 33 33 33 33 33 89 66 69 66 65 85 64 63 64 76 63 64 92 75 A7 63 65 33 33 33 33 33 37 33 38 33 33 33 3C 33 33 33 65 F6 37 33 33 33 33 33 33 33 33 33 33 33 33 33 20 55 A5 60 9F A5 81 0D 3B 3C 33 33 33 65 F6 37 33 33 33 33 33 B9 55 A5 60 9F A5 83 55 33 93 7F 63 64 33 33 33 33 33 33 33 33 33 33 33 33 33 33 33 33 33 33 33 33 33 33 33 33 33 33 33 33 33 33 33 33 89 66 69 66 65 85 64 63 64 76 63 64 92 75 A7 63 65 33 33 33 33 33 37 33 37 33 33 33 3C 33 33 33 97 03 33 33 33 33 33 33 33 33 33 33 33 33 33 33 7F 55 A5 60 9F A5 81 0D 3B 3C 33 33 33 97 03 33 33 33 33 33 33 A5 55 A5 60 9F A5 83 55 33 93 7F 63 64 33 33 33 33 33 33 33 33 33 33 33 33 33 33 33 33 33 33 33 33 33 33 33 33 33 33 33 33 33 33 33 33 89 66 69 66 65 85 64 63 64 76 63 64 92 75 A7 63 65 33 33 33 33 33 37 33 37 33 33 33 3C 33 33 33 17 C3 37 33 33 33 33 33 33 33 33 33 33 33 33 33 DA 55 A5 60 9F A5 81 0D 3B 3C 33 33 33 17 C3 37 33 33 33 33 33 26 55 A5 60 9F A5 83 55 33 93 7F 63 64 33 33 33 33 33 33 33 33 33 33 33 33 33 33 33 33 33 33 33 33 33 33 33 33 33 33 33 33 33 33 33 33 89 66 69 66 65 85 64 63 64 76 63 64 92 75 A7 63 65 33 33 33 33 33 37 33 38 33 33 33 3E 33 33 33 33 57 35 33 33 33 33 33 33 33 33 33 33 33 33 33 72 55 A5 60 9F A5 81 0D 3B 3E 33 33 33 33 57 35 33 33 33 33 33 1E 55 A5 60 9F A5 83 55 33 93 7F 63 64 33 33 33 33 33 33 33 33 33 33 33 33 33 33 33 33 33 33 33 33 33 33 33 33 33 33 33 33 33 33 33 33 89 66 69 66 65 85 64 63 64 76 63 64 92 75 A7 63 65 33 33 33 33 33 37 33 37 33 33 33 3E 33 33 33 B3 FD 35 33 33 33 33 33 33 33 33 33 33 33 33 33 5B 55 A5 60 9F A5 81 0D 3B 3E 33 33 33 B3 FD 35 33 33 33 33 33 F2 55 A5 60 9F A5 83 55 33 93 7F 63 64 33 33 33 33 33 33 33 33 33 33 33 33 33 33 33 33 33 33 33 33 33 33 33 33 33 33 33 33 33 33 33 33 89 66 69 66 65 85 64 63 64 76 63 64 92 75 A7 63 65 33 33 33 33 33 37 33 37 33 33 33 3E 33 33 33 33 5C 37 33 33 33 33 33 33 33 33 33 33 33 33 33 9C 55 A5 60 9F A5 81 0D 3B 3E 33 33 33 33 5C 37 33 33 33 33 33 DD 55 A5 60 9F A5 83 55 33 93 7F 63 64 33 33 33 33 33 33 33 33 33 33 33 33 33 33 33 33 33 33 33 33 33 33 33 33 33 33 33 33 33 33 33 33 89 66 69 66 65 85 64 63 64 76 63 64 92 75 A7 63 65 33 33 33 33 33 37 33 37 33 33 33 3E 33 33 33 97 84 38 33 33 33 33 33 33 33 33 33 33 33 33 33 94 55 A5 60 9F A5 81 0D 3B 3E 33 33 33 97 84 38 33 33 33 33 33 EE 55 A5 60 9F A5 83 55 33 93 7F 63 64 33 33 33 33 33 33 33 33 33 33 33 33 33 33 33 33 33 33 33 33 33 33 33 33 33 33 33 33 33 33 33 33 89 66 69 66 65 85 64 63 64 76 63 64 92 75 A7 63 65 33 33 33 33 33 37 33 37 33 33 33 40 33 33 33 33 E3 37 33 33 33 33 33 33 33 33 33 33 33 33 33 56 55 A5 60 9F A5 81 0D 3B 40 33 33 33 33 E3 37 33 33 33 33 33 72 55 A5 60 9F A5 83 55 33 93 7F 63 64 33 33 33 33 33 33 33 33 33 33 33 33 33 33 33 33 33 33 33 33 33 33 33 33 33 33 33 33 33 33 33 33 89 66 69 66 65 85 64 63 64 76 63 64 92 75 A7 63 65 33 33 33 33 33 37 33 38 33 33 33 40 33 33 33 B3 87 37 33 33 33 33 33 33 33 33 33 33 33 33 33 95 55 A5 60 9F A5 81 0D 3B 40 33 33 33 B3 87 37 33 33 33 33 33 12 55 A5 60 9F A5 83 55 33 93 7F 63 64 33 33 33 33 33 33 33 33 33 33 33 33 33 33 33 33 33 33 33 33 33 33 33 33 33 33 33 33 33 33 33 33 89 66 69 66 65 85 64 63 64 76 63 64 92 75 A7 63 65 33 33 33 33 33 37 33 36 33 33 33 40 33 33 33 65 3E 36 33 33 33 33 33 33 33 33 33 33 33 33 33 6B 55 A5 60 9F A5 81 0D 3B 40 33 33 33 65 3E 36 33 33 33 33 33 A5 55 A5 60 9F A5 83 55 33 93 7F 63 64 33 33 33 33 33 33 33 33 33 33 33 33 33 33 33 33 33 33 33 33 33 33 33 33 33 33 33 33 33 33 33 33 89 66 69 66 65 85 64 63 64 76 63 64 92 75 A7 63 65 33 33 33 33 33 37 33 36 33 33 33 40 33 33 33 17 3D 37 33 33 33 33 33 33 33 33 33 33 33 33 33 74 55 A5 60 9F A5 81 0D 3B 40 33 33 33 17 3D 37 33 33 33 33 33 36 55 A5 60 9F A5 83 55 33 93 7F 63 64 33 33 33 33 33 33 33 33 33 33 33 33 33 33 33 33 33 33 33 33 33 33 33 33 33 33 33 33 33 33 33 33 89 66 69 66 65 85 64 63 64 76 63 64 92 75 A7 63 65 33 33 33 33 33 37 33 37 33 33 33 40 33 33 33 97 5E 38 33 33 33 33 33 33 33 33 33 33 33 33 33 EC 55 A5 60 9F A5 81 0D 3B 40 33 33 33 97 5E 38 33 33 33 33 33 0E 55 A5 60 9F A5 83 55 33 93 7F 63 64 33 33 33 33 33 33 33 33 33 33 33 33 33 33 33 33 33 33 33 33 33 33 33 33 33 33 33 33 33 33 33 33 89 66 69 66 65 85 64 63 64 76 63 64 92 75 A7 63 65 33 33 33 34 33 37 33 36 33 33 33 42 33 33 33 B3 BB 33 33 33 33 33 33 33 33 33 33 33 33 33 33 FA 55 A5 60 9F A5 81 0D 3B 42 33 33 33 B3 BB 33 33 33 33 33 33 DB 55 A5 60 9F A5 83 55 33 93 7F 63 64 33 33 33 33 33 33 33 33 33 33 33 33 33 33 33 33 33 33 33 33 33 33 33 33 33 33 33 33 33 33 33 33 89 66 69 66 65 85 64 63 64 76 63 64 92 75 A7 63 65 33 33 33 34 33 37 33 37 33 33 33 42 33 33 33 65 43 36 33 33 33 33 33 33 33 33 33 33 33 33 33 E7 55 A5 60 9F A5 81 0D 3B 42 33 33 33 65 43 36 33 33 33 33 33 E9 55 A5 60 9F A5 83 55 33 93 7F 63 64 33 33 33 33 33 33 33 33 33 33 33 33 33 33 33 33 33 33 33 33 33 33 33 33 33 33 33 33 33 33 33 33 89 66 69 66 65 85 64 63 64 76 63 64 92 75 A7 63 65 33 33 33 33 33 37 33 37 33 33 33 42 33 33 33 E5 45 35 33 33 33 33 33 33 33 33 33 33 33 33 33 F8 55 A5 60 9F A5 81 0D 3B 42 33 33 33 E5 45 35 33 33 33 33 33 61 55 A5 60 9F A5 83 55 33 93 7F 63 64 33 33 33 33 33 33 33 33 33 33 33 33 33 33 33 33 33 33 33 33 33 33 33 33 33 33 33 33 33 33 33 33 89 66 69 66 65 85 64 63 64 76 63 64 92 75 A7 63 65 33 33 33 33 33 37 33 36 33 33 33 42 33 33 33 E5 DF 37 33 33 33 33 33 33 33 33 33 33 33 33 33 BF 55 A5 60 9F A5 81 0D 3B 42 33 33 33 E5 DF 37 33 33 33 33 33 09 55 A5 60 9F A5 83 55 33 93 7F 63 64 33 33 33 33 33 33 33 33 33 33 33 33 33 33 33 33 33 33 33 33 33 33 33 33 33 33 33 33 33 33 33 33 89 66 69 66 65 85 64 63 64 76 63 64 92 75 A7 63 65 33 33 33 33 33 37 33 37 33 33 33 42 33 33 33 65 BC 33 33 33 33 33 33 33 33 33 33 33 33 33 33 B6 55 A5 60 9F A5 81 0D 3B 42 33 33 33 65 BC 33 33 33 33 33 33 6D 55
[2025-09-09 19:37:46.623] [DEBUG] 数据解析成功:
[2025-09-09 19:37:46.636] [INFO]   ID: 0x60
  命令: 0x83 (读)
  寄存器地址: 0x00
  寄存器数量: 0
[2025-09-09 19:37:46.683] [INFO] [循环 1/1] 发送 OK
[2025-09-09 19:37:47.200] [INFO] 已保存结果: reports\2025-09-09_19-37-33\results.csv
[2025-09-09 19:37:47.279] [INFO] 已生成报告: reports\2025-09-09_19-37-33\report.html
[2025-09-09 19:37:47.310] [DEBUG] 串口已关闭
[2025-09-09 19:37:47.326] [INFO] 程序结束
