[2025-08-26 20:16:52.703] [INFO] 初始化 BLE 协议通信...
[2025-08-26 20:16:52.885] [INFO] 加载用例 3 条 来自: testcases.xlsx
[2025-08-26 20:16:52.893] [INFO] ==== 执行用例 #1 ====
[2025-08-26 20:16:52.895] [INFO] 参数: {'screen_on': 1, 'brightness': 7, 'digital': 88, 'logo': 1, 'rim_state': 1, 'rdygo': 1, 'turn_left': 2, 'turn_right': 2, 'ring': 2} | 备注: 基本点亮 + 白LOGO + 左右转向橙
[2025-08-26 20:16:52.916] [DEBUG] 修改后的LED显示信息:
[2025-08-26 20:16:52.924] [INFO]   屏幕状态: 开
  亮度级别: 7
  数字显示: 88
  LOGO状态: 1 (0关, 1白, 2红)
  护盾状态: 1 (0关, 1白, 2绿)
  ReadyGo状态: 1 (0关, 1白, 2红)
  左转向灯: 2 (0关, 1白, 2橙)
  右转向灯: 2 (0关, 1白, 2橙)
  灯环状态: 2 (0关, 1蓝, 2红)
[2025-08-26 20:16:52.938] [DEBUG] 组包成功，数据长度: 21 字节
[2025-08-26 20:16:52.945] [DEBUG] 发送数据: A5 60 9F A5 03 0D 3B 42 33 33 33 0B 7D 38 33 33 33 33 33 BA 55
[2025-08-26 20:16:53.968] [DEBUG] 接收数据: A5 60 9F A5 83 55 33 93 7F 63 64 33 33 33 33 33 33 33 33 33 33 33 33 33 33 33 33 33 33 33 33 33 33 33 33 33 33 33 33 33 33 33 33 89 66 69 66 65 85 64 63 64 76 63 64 92 75 A7 63 65 33 33 33 33 33 37 33 36 33 33 33 42 33 33 33 0B 7D 38 33 33 33 33 33 33 33 33 33 33 33 33 33 D3 55
[2025-08-26 20:16:54.014] [DEBUG] 数据解析成功:
[2025-08-26 20:16:54.025] [INFO]   ID: 0x60
  命令: 0x83 (读)
  寄存器地址: 0x00
  寄存器数量: 0
[2025-08-26 20:16:54.047] [DEBUG] 组包成功，数据长度: 21 字节
[2025-08-26 20:16:54.060] [DEBUG] 发送数据: A5 60 9F A5 01 0D 3B 42 33 33 33 0B 7D 38 33 33 33 33 33 FD 55
[2025-08-26 20:16:55.093] [DEBUG] 接收数据: A5 60 9F A5 81 0D 3B 42 33 33 33 0B 7D 38 33 33 33 33 33 CA 55
[2025-08-26 20:16:55.128] [DEBUG] 数据解析成功:
[2025-08-26 20:16:55.144] [INFO]   ID: 0x60
  命令: 0x81 (读)
  寄存器地址: 0x08
  寄存器数量: 0
[2025-08-26 20:16:55.166] [INFO] 
全局变量中的LED显示信息已更新:
[2025-08-26 20:16:55.185] [INFO]   屏幕状态: 开
  亮度级别: 7
  数字显示: 88
  LOGO状态: 1 (0关, 1白, 2红)
  护盾状态: 1 (0关, 1白, 2绿)
  ReadyGo状态: 1 (0关, 1白, 2红)
  左转向灯: 2 (0关, 1白, 2橙)
  右转向灯: 2 (0关, 1白, 2橙)
  灯环状态: 2 (0关, 1蓝, 2红)
[2025-08-26 20:16:55.201] [INFO] 结果: PASS | 用时: 2.308s
[2025-08-26 20:16:55.411] [INFO] ==== 执行用例 #2 ====
[2025-08-26 20:16:55.451] [INFO] 参数: {'screen_on': 0, 'brightness': 3, 'digital': 0, 'logo': 0, 'rim_state': 0, 'rdygo': 0, 'turn_left': 0, 'turn_right': 0, 'ring': 0} | 备注: 关闭显示，校验全部为0（除 brightness）
[2025-08-26 20:16:55.481] [DEBUG] 修改后的LED显示信息:
[2025-08-26 20:16:55.493] [INFO]   屏幕状态: 关
  亮度级别: 3
  数字显示: 0
  LOGO状态: 0 (0关, 1白, 2红)
  护盾状态: 0 (0关, 1白, 2绿)
  ReadyGo状态: 0 (0关, 1白, 2红)
  左转向灯: 0 (0关, 1白, 2橙)
  右转向灯: 0 (0关, 1白, 2橙)
  灯环状态: 0 (0关, 1蓝, 2红)
[2025-08-26 20:16:55.508] [DEBUG] 组包成功，数据长度: 21 字节
[2025-08-26 20:16:55.518] [DEBUG] 发送数据: A5 60 9F A5 03 0D 3B 39 33 33 33 33 33 33 33 33 33 33 33 12 55
[2025-08-26 20:16:56.549] [DEBUG] 接收数据: A5 60 9F A5 83 55 33 93 7F 63 64 33 33 33 33 33 33 33 33 33 33 33 33 33 33 33 33 33 33 33 33 33 33 33 33 33 33 33 33 33 33 33 33 89 66 69 66 65 85 64 63 64 76 63 64 92 75 A7 63 65 33 33 33 33 33 37 33 37 33 33 33 39 33 33 33 33 33 33 33 33 33 33 33 33 33 33 33 33 33 33 33 4B 55
[2025-08-26 20:16:56.636] [DEBUG] 数据解析成功:
[2025-08-26 20:16:56.647] [INFO]   ID: 0x60
  命令: 0x83 (读)
  寄存器地址: 0x00
  寄存器数量: 0
[2025-08-26 20:16:56.667] [DEBUG] 组包成功，数据长度: 21 字节
[2025-08-26 20:16:56.678] [DEBUG] 发送数据: A5 60 9F A5 01 0D 3B 39 33 33 33 33 33 33 33 33 33 33 33 55 55
[2025-08-26 20:16:57.714] [DEBUG] 接收数据: A5 60 9F A5 81 0D 3B 39 33 33 33 33 33 33 33 33 33 33 33 62 55
[2025-08-26 20:16:57.761] [DEBUG] 数据解析成功:
[2025-08-26 20:16:57.778] [INFO]   ID: 0x60
  命令: 0x81 (读)
  寄存器地址: 0x08
  寄存器数量: 0
[2025-08-26 20:16:57.797] [INFO] 
全局变量中的LED显示信息已更新:
[2025-08-26 20:16:57.819] [INFO]   屏幕状态: 关
  亮度级别: 3
  数字显示: 0
  LOGO状态: 0 (0关, 1白, 2红)
  护盾状态: 0 (0关, 1白, 2绿)
  ReadyGo状态: 0 (0关, 1白, 2红)
  左转向灯: 0 (0关, 1白, 2橙)
  右转向灯: 0 (0关, 1白, 2橙)
  灯环状态: 0 (0关, 1蓝, 2红)
[2025-08-26 20:16:57.835] [INFO] 结果: PASS | 用时: 2.424s
[2025-08-26 20:16:58.045] [INFO] ==== 执行用例 #3 ====
[2025-08-26 20:16:58.093] [INFO] 参数: {'screen_on': 1, 'brightness': 7, 'digital': 11, 'logo': 1, 'rim_state': 0, 'rdygo': 0, 'turn_left': 0, 'turn_right': 0, 'ring': 0} | 备注: 关闭显示，校验全部为0（除 brightness）
[2025-08-26 20:16:58.122] [DEBUG] 修改后的LED显示信息:
[2025-08-26 20:16:58.134] [INFO]   屏幕状态: 开
  亮度级别: 7
  数字显示: 11
  LOGO状态: 1 (0关, 1白, 2红)
  护盾状态: 0 (0关, 1白, 2绿)
  ReadyGo状态: 0 (0关, 1白, 2红)
  左转向灯: 0 (0关, 1白, 2橙)
  右转向灯: 0 (0关, 1白, 2橙)
  灯环状态: 0 (0关, 1蓝, 2红)
[2025-08-26 20:16:58.150] [DEBUG] 组包成功，数据长度: 21 字节
[2025-08-26 20:16:58.159] [DEBUG] 发送数据: A5 60 9F A5 03 0D 3B 42 33 33 33 BE 33 33 33 33 33 33 33 B8 55
[2025-08-26 20:16:59.186] [DEBUG] 接收数据: A5 60 9F A5 83 55 33 93 7F 63 64 33 33 33 33 33 33 33 33 33 33 33 33 33 33 33 33 33 33 33 33 33 33 33 33 33 33 33 33 33 33 33 33 89 66 69 66 65 85 64 63 64 76 63 64 92 75 A7 63 65 33 33 33 33 33 37 33 39 33 33 33 42 33 33 33 BE 33 33 33 33 33 33 33 33 33 33 33 33 33 33 33 16 55
[2025-08-26 20:16:59.229] [DEBUG] 数据解析成功:
[2025-08-26 20:16:59.241] [INFO]   ID: 0x60
  命令: 0x83 (读)
  寄存器地址: 0x00
  寄存器数量: 0
[2025-08-26 20:16:59.262] [DEBUG] 组包成功，数据长度: 21 字节
[2025-08-26 20:16:59.273] [DEBUG] 发送数据: A5 60 9F A5 01 0D 3B 42 33 33 33 BE 33 33 33 33 33 33 33 FF 55
[2025-08-26 20:17:00.305] [DEBUG] 接收数据: A5 60 9F A5 81 0D 3B 42 33 33 33 BE 33 33 33 33 33 33 33 C8 55
[2025-08-26 20:17:00.340] [DEBUG] 数据解析成功:
[2025-08-26 20:17:00.355] [INFO]   ID: 0x60
  命令: 0x81 (读)
  寄存器地址: 0x08
  寄存器数量: 0
[2025-08-26 20:17:00.375] [INFO] 
全局变量中的LED显示信息已更新:
[2025-08-26 20:17:00.395] [INFO]   屏幕状态: 开
  亮度级别: 7
  数字显示: 11
  LOGO状态: 1 (0关, 1白, 2红)
  护盾状态: 0 (0关, 1白, 2绿)
  ReadyGo状态: 0 (0关, 1白, 2红)
  左转向灯: 0 (0关, 1白, 2橙)
  右转向灯: 0 (0关, 1白, 2橙)
  灯环状态: 0 (0关, 1蓝, 2红)
[2025-08-26 20:17:00.411] [INFO] 结果: PASS | 用时: 2.366s
[2025-08-26 20:17:00.621] [INFO] 开始压力循环: 次数=1, 间隔=0.5s, 参数={'screen_on': 1, 'brightness': 7, 'digital': 88, 'logo': 1, 'rim_state': 1, 'rdygo': 1, 'turn_left': 2, 'turn_right': 2, 'ring': 2}
[2025-08-26 20:17:00.678] [DEBUG] 修改后的LED显示信息:
[2025-08-26 20:17:00.690] [INFO]   屏幕状态: 开
  亮度级别: 7
  数字显示: 88
  LOGO状态: 1 (0关, 1白, 2红)
  护盾状态: 1 (0关, 1白, 2绿)
  ReadyGo状态: 1 (0关, 1白, 2红)
  左转向灯: 2 (0关, 1白, 2橙)
  右转向灯: 2 (0关, 1白, 2橙)
  灯环状态: 2 (0关, 1蓝, 2红)
[2025-08-26 20:17:00.704] [DEBUG] 组包成功，数据长度: 21 字节
[2025-08-26 20:17:00.713] [DEBUG] 发送数据: A5 60 9F A5 03 0D 3B 42 33 33 33 0B 7D 38 33 33 33 33 33 BA 55
[2025-08-26 20:17:01.737] [DEBUG] 接收数据: A5 60 9F A5 83 55 33 93 7F 63 64 33 33 33 33 33 33 33 33 33 33 33 33 33 33 33 33 33 33 33 33 33 33 33 33 33 33 33 33 33 33 33 33 89 66 69 66 65 85 64 63 64 76 63 64 92 75 A7 63 65 33 33 33 33 33 37 33 37 33 33 33 42 33 33 33 0B 7D 38 33 33 33 33 33 33 33 33 33 33 33 33 33 26 55
[2025-08-26 20:17:01.781] [DEBUG] 数据解析成功:
[2025-08-26 20:17:01.793] [INFO]   ID: 0x60
  命令: 0x83 (读)
  寄存器地址: 0x00
  寄存器数量: 0
[2025-08-26 20:17:01.812] [INFO] [循环 1/1] 发送 OK
[2025-08-26 20:17:02.326] [INFO] 已保存结果: reports\2025-08-26_20-16-52\results.csv
[2025-08-26 20:17:02.354] [INFO] 已生成报告: reports\2025-08-26_20-16-52\report.html
[2025-08-26 20:17:02.387] [DEBUG] 串口已关闭
[2025-08-26 20:17:02.403] [INFO] 程序结束
