[2025-08-29 14:13:19.993] [INFO] 初始化 BLE 协议通信...
[2025-08-29 14:13:20.169] [INFO] 加载用例 14 条 来自: testcases.xlsx
[2025-08-29 14:13:20.174] [INFO] ==== 执行用例 #1012 ====
[2025-08-29 14:13:20.174] [INFO] 参数: {'screen_on': 1, 'brightness': 5, 'digital': 50, 'logo': 1, 'rim_state': 0, 'rdygo': 1, 'turn_left': 1, 'turn_right': 1, 'ring': 0} | 备注: nan
[2025-08-29 14:13:20.175] [DEBUG] 修改后的LED显示信息:
[2025-08-29 14:13:20.175] [INFO]   屏幕状态: 开
  亮度级别: 5
  数字显示: 50
  LOGO状态: 1 (0关, 1白, 2红)
  护盾状态: 0 (0关, 1白, 2绿)
  ReadyGo状态: 1 (0关, 1白, 2红)
  左转向灯: 1 (0关, 1白, 2橙)
  右转向灯: 1 (0关, 1白, 2橙)
  灯环状态: 0 (0关, 1蓝, 2红)
[2025-08-29 14:13:20.175] [DEBUG] 组包成功，数据长度: 21 字节
[2025-08-29 14:13:20.178] [DEBUG] 发送数据: A5 60 9F A5 03 0D 3B 3E 33 33 33 E5 DB 33 33 33 33 33 33 67 55
[2025-08-29 14:13:20.178] [DEBUG] 接收数据超时
[2025-08-29 14:13:20.178] [DEBUG] 组包成功，数据长度: 21 字节
[2025-08-29 14:13:20.178] [DEBUG] 发送数据: A5 60 9F A5 01 0D 3B 3E 33 33 33 E5 DB 33 33 33 33 33 33 20 55
[2025-08-29 14:13:20.178] [DEBUG] 接收数据超时
[2025-08-29 14:13:20.178] [INFO] 结果: FAIL | 用时: 0.004s
[2025-08-29 14:13:20.178] [INFO] ==== 执行用例 #3277 ====
[2025-08-29 14:13:20.178] [INFO] 参数: {'screen_on': 1, 'brightness': 6, 'digital': 50, 'logo': 1, 'rim_state': 1, 'rdygo': 1, 'turn_left': 1, 'turn_right': 0, 'ring': 0} | 备注: nan
[2025-08-29 14:13:20.178] [DEBUG] 修改后的LED显示信息:
[2025-08-29 14:13:20.182] [INFO]   屏幕状态: 开
  亮度级别: 6
  数字显示: 50
  LOGO状态: 1 (0关, 1白, 2红)
  护盾状态: 1 (0关, 1白, 2绿)
  ReadyGo状态: 1 (0关, 1白, 2红)
  左转向灯: 1 (0关, 1白, 2橙)
  右转向灯: 0 (0关, 1白, 2橙)
  灯环状态: 0 (0关, 1蓝, 2红)
[2025-08-29 14:13:20.182] [DEBUG] 组包成功，数据长度: 21 字节
[2025-08-29 14:13:20.182] [DEBUG] 发送数据: A5 60 9F A5 03 0D 3B 40 33 33 33 E5 5D 33 33 33 33 33 33 E3 55
[2025-08-29 14:13:20.182] [DEBUG] 接收数据超时
[2025-08-29 14:13:20.182] [DEBUG] 组包成功，数据长度: 21 字节
[2025-08-29 14:13:20.182] [DEBUG] 发送数据: A5 60 9F A5 01 0D 3B 40 33 33 33 E5 5D 33 33 33 33 33 33 A4 55
[2025-08-29 14:13:20.182] [DEBUG] 接收数据超时
[2025-08-29 14:13:20.182] [INFO] 结果: FAIL | 用时: 0.005s
[2025-08-29 14:13:20.182] [INFO] ==== 执行用例 #3634 ====
[2025-08-29 14:13:20.182] [INFO] 参数: {'screen_on': 1, 'brightness': 6, 'digital': 50, 'logo': 2, 'rim_state': 2, 'rdygo': 2, 'turn_left': 1, 'turn_right': 2, 'ring': 0} | 备注: nan
[2025-08-29 14:13:20.182] [DEBUG] 修改后的LED显示信息:
[2025-08-29 14:13:20.187] [INFO]   屏幕状态: 开
  亮度级别: 6
  数字显示: 50
  LOGO状态: 2 (0关, 1白, 2红)
  护盾状态: 2 (0关, 1白, 2绿)
  ReadyGo状态: 2 (0关, 1白, 2红)
  左转向灯: 1 (0关, 1白, 2橙)
  右转向灯: 2 (0关, 1白, 2橙)
  灯环状态: 0 (0关, 1蓝, 2红)
[2025-08-29 14:13:20.187] [DEBUG] 组包成功，数据长度: 21 字节
[2025-08-29 14:13:20.187] [DEBUG] 发送数据: A5 60 9F A5 03 0D 3B 40 33 33 33 65 68 34 33 33 33 33 33 B8 55
[2025-08-29 14:13:20.187] [DEBUG] 接收数据超时
[2025-08-29 14:13:20.187] [DEBUG] 组包成功，数据长度: 21 字节
[2025-08-29 14:13:20.187] [DEBUG] 发送数据: A5 60 9F A5 01 0D 3B 40 33 33 33 65 68 34 33 33 33 33 33 FF 55
[2025-08-29 14:13:20.187] [DEBUG] 接收数据超时
[2025-08-29 14:13:20.187] [INFO] 结果: FAIL | 用时: 0.004s
[2025-08-29 14:13:20.187] [INFO] ==== 执行用例 #3792 ====
[2025-08-29 14:13:20.191] [INFO] 参数: {'screen_on': 1, 'brightness': 6, 'digital': 100, 'logo': 0, 'rim_state': 1, 'rdygo': 2, 'turn_left': 1, 'turn_right': 0, 'ring': 2} | 备注: nan
[2025-08-29 14:13:20.191] [DEBUG] 修改后的LED显示信息:
[2025-08-29 14:13:20.191] [INFO]   屏幕状态: 开
  亮度级别: 6
  数字显示: 100
  LOGO状态: 0 (0关, 1白, 2红)
  护盾状态: 1 (0关, 1白, 2绿)
  ReadyGo状态: 2 (0关, 1白, 2红)
  左转向灯: 1 (0关, 1白, 2橙)
  右转向灯: 0 (0关, 1白, 2橙)
  灯环状态: 2 (0关, 1蓝, 2红)
[2025-08-29 14:13:20.191] [DEBUG] 组包成功，数据长度: 21 字节
[2025-08-29 14:13:20.191] [DEBUG] 发送数据: A5 60 9F A5 03 0D 3B 40 33 33 33 97 65 37 33 33 33 33 33 D5 55
[2025-08-29 14:13:20.191] [DEBUG] 接收数据超时
[2025-08-29 14:13:20.191] [DEBUG] 组包成功，数据长度: 21 字节
[2025-08-29 14:13:20.191] [DEBUG] 发送数据: A5 60 9F A5 01 0D 3B 40 33 33 33 97 65 37 33 33 33 33 33 92 55
[2025-08-29 14:13:20.191] [DEBUG] 接收数据超时
[2025-08-29 14:13:20.191] [INFO] 结果: FAIL | 用时: 0.004s
[2025-08-29 14:13:20.195] [INFO] ==== 执行用例 #3945 ====
[2025-08-29 14:13:20.195] [INFO] 参数: {'screen_on': 1, 'brightness': 6, 'digital': 100, 'logo': 1, 'rim_state': 0, 'rdygo': 2, 'turn_left': 0, 'turn_right': 0, 'ring': 2} | 备注: nan
[2025-08-29 14:13:20.195] [DEBUG] 修改后的LED显示信息:
[2025-08-29 14:13:20.195] [INFO]   屏幕状态: 开
  亮度级别: 6
  数字显示: 100
  LOGO状态: 1 (0关, 1白, 2红)
  护盾状态: 0 (0关, 1白, 2绿)
  ReadyGo状态: 2 (0关, 1白, 2红)
  左转向灯: 0 (0关, 1白, 2橙)
  右转向灯: 0 (0关, 1白, 2橙)
  灯环状态: 2 (0关, 1蓝, 2红)
[2025-08-29 14:13:20.195] [DEBUG] 组包成功，数据长度: 21 字节
[2025-08-29 14:13:20.195] [DEBUG] 发送数据: A5 60 9F A5 03 0D 3B 40 33 33 33 17 43 37 33 33 33 33 33 26 55
[2025-08-29 14:13:20.195] [DEBUG] 接收数据超时
[2025-08-29 14:13:20.195] [DEBUG] 组包成功，数据长度: 21 字节
[2025-08-29 14:13:20.195] [DEBUG] 发送数据: A5 60 9F A5 01 0D 3B 40 33 33 33 17 43 37 33 33 33 33 33 61 55
[2025-08-29 14:13:20.195] [DEBUG] 接收数据超时
[2025-08-29 14:13:20.195] [INFO] 结果: FAIL | 用时: 0.000s
[2025-08-29 14:13:20.195] [INFO] ==== 执行用例 #4206 ====
[2025-08-29 14:13:20.200] [INFO] 参数: {'screen_on': 1, 'brightness': 6, 'digital': 100, 'logo': 2, 'rim_state': 0, 'rdygo': 2, 'turn_left': 2, 'turn_right': 0, 'ring': 2} | 备注: nan
[2025-08-29 14:13:20.200] [DEBUG] 修改后的LED显示信息:
[2025-08-29 14:13:20.200] [INFO]   屏幕状态: 开
  亮度级别: 6
  数字显示: 100
  LOGO状态: 2 (0关, 1白, 2红)
  护盾状态: 0 (0关, 1白, 2绿)
  ReadyGo状态: 2 (0关, 1白, 2红)
  左转向灯: 2 (0关, 1白, 2橙)
  右转向灯: 0 (0关, 1白, 2橙)
  灯环状态: 2 (0关, 1蓝, 2红)
[2025-08-29 14:13:20.200] [DEBUG] 组包成功，数据长度: 21 字节
[2025-08-29 14:13:20.200] [DEBUG] 发送数据: A5 60 9F A5 03 0D 3B 40 33 33 33 97 84 37 33 33 33 33 33 A1 55
[2025-08-29 14:13:20.200] [DEBUG] 接收数据超时
[2025-08-29 14:13:20.200] [DEBUG] 组包成功，数据长度: 21 字节
[2025-08-29 14:13:20.200] [DEBUG] 发送数据: A5 60 9F A5 01 0D 3B 40 33 33 33 97 84 37 33 33 33 33 33 E6 55
[2025-08-29 14:13:20.200] [DEBUG] 接收数据超时
[2025-08-29 14:13:20.200] [INFO] 结果: FAIL | 用时: 0.005s
[2025-08-29 14:13:20.200] [INFO] ==== 执行用例 #5151 ====
[2025-08-29 14:13:20.204] [INFO] 参数: {'screen_on': 1, 'brightness': 7, 'digital': 50, 'logo': 0, 'rim_state': 0, 'rdygo': 1, 'turn_left': 2, 'turn_right': 0, 'ring': 2} | 备注: nan
[2025-08-29 14:13:20.204] [DEBUG] 修改后的LED显示信息:
[2025-08-29 14:13:20.204] [INFO]   屏幕状态: 开
  亮度级别: 7
  数字显示: 50
  LOGO状态: 0 (0关, 1白, 2红)
  护盾状态: 0 (0关, 1白, 2绿)
  ReadyGo状态: 1 (0关, 1白, 2红)
  左转向灯: 2 (0关, 1白, 2橙)
  右转向灯: 0 (0关, 1白, 2橙)
  灯环状态: 2 (0关, 1蓝, 2红)
[2025-08-29 14:13:20.204] [DEBUG] 组包成功，数据长度: 21 字节
[2025-08-29 14:13:20.204] [DEBUG] 发送数据: A5 60 9F A5 03 0D 3B 42 33 33 33 65 7B 37 33 33 33 33 33 2A 55
[2025-08-29 14:13:20.204] [DEBUG] 接收数据超时
[2025-08-29 14:13:20.204] [DEBUG] 组包成功，数据长度: 21 字节
[2025-08-29 14:13:20.204] [DEBUG] 发送数据: A5 60 9F A5 01 0D 3B 42 33 33 33 65 7B 37 33 33 33 33 33 6D 55
[2025-08-29 14:13:20.204] [DEBUG] 接收数据超时
[2025-08-29 14:13:20.209] [INFO] 结果: FAIL | 用时: 0.009s
[2025-08-29 14:13:20.209] [INFO] ==== 执行用例 #5225 ====
[2025-08-29 14:13:20.209] [INFO] 参数: {'screen_on': 1, 'brightness': 7, 'digital': 50, 'logo': 0, 'rim_state': 1, 'rdygo': 1, 'turn_left': 1, 'turn_right': 1, 'ring': 1} | 备注: nan
[2025-08-29 14:13:20.209] [DEBUG] 修改后的LED显示信息:
[2025-08-29 14:13:20.209] [INFO]   屏幕状态: 开
  亮度级别: 7
  数字显示: 50
  LOGO状态: 0 (0关, 1白, 2红)
  护盾状态: 1 (0关, 1白, 2绿)
  ReadyGo状态: 1 (0关, 1白, 2红)
  左转向灯: 1 (0关, 1白, 2橙)
  右转向灯: 1 (0关, 1白, 2橙)
  灯环状态: 1 (0关, 1蓝, 2红)
[2025-08-29 14:13:20.209] [DEBUG] 组包成功，数据长度: 21 字节
[2025-08-29 14:13:20.209] [DEBUG] 发送数据: A5 60 9F A5 03 0D 3B 42 33 33 33 65 DD 35 33 33 33 33 33 B1 55
[2025-08-29 14:13:20.212] [DEBUG] 接收数据超时
[2025-08-29 14:13:20.212] [DEBUG] 组包成功，数据长度: 21 字节
[2025-08-29 14:13:20.212] [DEBUG] 发送数据: A5 60 9F A5 01 0D 3B 42 33 33 33 65 DD 35 33 33 33 33 33 F6 55
[2025-08-29 14:13:20.213] [DEBUG] 接收数据超时
[2025-08-29 14:13:20.213] [INFO] 结果: FAIL | 用时: 0.004s
[2025-08-29 14:13:20.213] [INFO] ==== 执行用例 #5483 ====
[2025-08-29 14:13:20.213] [INFO] 参数: {'screen_on': 1, 'brightness': 7, 'digital': 50, 'logo': 1, 'rim_state': 1, 'rdygo': 2, 'turn_left': 0, 'turn_right': 0, 'ring': 1} | 备注: nan
[2025-08-29 14:13:20.213] [DEBUG] 修改后的LED显示信息:
[2025-08-29 14:13:20.213] [INFO]   屏幕状态: 开
  亮度级别: 7
  数字显示: 50
  LOGO状态: 1 (0关, 1白, 2红)
  护盾状态: 1 (0关, 1白, 2绿)
  ReadyGo状态: 2 (0关, 1白, 2红)
  左转向灯: 0 (0关, 1白, 2橙)
  右转向灯: 0 (0关, 1白, 2橙)
  灯环状态: 1 (0关, 1蓝, 2红)
[2025-08-29 14:13:20.213] [DEBUG] 组包成功，数据长度: 21 字节
[2025-08-29 14:13:20.213] [DEBUG] 发送数据: A5 60 9F A5 03 0D 3B 42 33 33 33 E5 45 35 33 33 33 33 33 11 55
[2025-08-29 14:13:20.213] [DEBUG] 接收数据超时
[2025-08-29 14:13:20.213] [DEBUG] 组包成功，数据长度: 21 字节
[2025-08-29 14:13:20.213] [DEBUG] 发送数据: A5 60 9F A5 01 0D 3B 42 33 33 33 E5 45 35 33 33 33 33 33 56 55
[2025-08-29 14:13:20.217] [DEBUG] 接收数据超时
[2025-08-29 14:13:20.217] [INFO] 结果: FAIL | 用时: 0.004s
[2025-08-29 14:13:20.217] [INFO] ==== 执行用例 #5620 ====
[2025-08-29 14:13:20.217] [INFO] 参数: {'screen_on': 1, 'brightness': 7, 'digital': 50, 'logo': 2, 'rim_state': 0, 'rdygo': 1, 'turn_left': 0, 'turn_right': 1, 'ring': 0} | 备注: nan
[2025-08-29 14:13:20.217] [DEBUG] 修改后的LED显示信息:
[2025-08-29 14:13:20.217] [INFO]   屏幕状态: 开
  亮度级别: 7
  数字显示: 50
  LOGO状态: 2 (0关, 1白, 2红)
  护盾状态: 0 (0关, 1白, 2绿)
  ReadyGo状态: 1 (0关, 1白, 2红)
  左转向灯: 0 (0关, 1白, 2橙)
  右转向灯: 1 (0关, 1白, 2橙)
  灯环状态: 0 (0关, 1蓝, 2红)
[2025-08-29 14:13:20.217] [DEBUG] 组包成功，数据长度: 21 字节
[2025-08-29 14:13:20.217] [DEBUG] 发送数据: A5 60 9F A5 03 0D 3B 42 33 33 33 65 BC 33 33 33 33 33 33 1D 55
[2025-08-29 14:13:20.217] [DEBUG] 接收数据超时
[2025-08-29 14:13:20.217] [DEBUG] 组包成功，数据长度: 21 字节
[2025-08-29 14:13:20.221] [DEBUG] 发送数据: A5 60 9F A5 01 0D 3B 42 33 33 33 65 BC 33 33 33 33 33 33 5A 55
[2025-08-29 14:13:20.222] [DEBUG] 接收数据超时
[2025-08-29 14:13:20.222] [INFO] 结果: FAIL | 用时: 0.005s
[2025-08-29 14:13:20.222] [INFO] ==== 执行用例 #6111 ====
[2025-08-29 14:13:20.222] [INFO] 参数: {'screen_on': 1, 'brightness': 7, 'digital': 100, 'logo': 1, 'rim_state': 0, 'rdygo': 1, 'turn_left': 0, 'turn_right': 2, 'ring': 2} | 备注: nan
[2025-08-29 14:13:20.222] [DEBUG] 修改后的LED显示信息:
[2025-08-29 14:13:20.222] [INFO]   屏幕状态: 开
  亮度级别: 7
  数字显示: 100
  LOGO状态: 1 (0关, 1白, 2红)
  护盾状态: 0 (0关, 1白, 2绿)
  ReadyGo状态: 1 (0关, 1白, 2红)
  左转向灯: 0 (0关, 1白, 2橙)
  右转向灯: 2 (0关, 1白, 2橙)
  灯环状态: 2 (0关, 1蓝, 2红)
[2025-08-29 14:13:20.222] [DEBUG] 组包成功，数据长度: 21 字节
[2025-08-29 14:13:20.222] [DEBUG] 发送数据: A5 60 9F A5 03 0D 3B 42 33 33 33 17 3B 38 33 33 33 33 33 BB 55
[2025-08-29 14:13:20.225] [DEBUG] 接收数据超时
[2025-08-29 14:13:20.225] [DEBUG] 组包成功，数据长度: 21 字节
[2025-08-29 14:13:20.225] [DEBUG] 发送数据: A5 60 9F A5 01 0D 3B 42 33 33 33 17 3B 38 33 33 33 33 33 FC 55
[2025-08-29 14:13:20.225] [DEBUG] 接收数据超时
[2025-08-29 14:13:20.225] [INFO] 结果: FAIL | 用时: 0.003s
[2025-08-29 14:13:20.225] [INFO] ==== 执行用例 #6139 ====
[2025-08-29 14:13:20.225] [INFO] 参数: {'screen_on': 1, 'brightness': 7, 'digital': 100, 'logo': 1, 'rim_state': 0, 'rdygo': 2, 'turn_left': 1, 'turn_right': 0, 'ring': 0} | 备注: nan
[2025-08-29 14:13:20.225] [DEBUG] 修改后的LED显示信息:
[2025-08-29 14:13:20.225] [INFO]   屏幕状态: 开
  亮度级别: 7
  数字显示: 100
  LOGO状态: 1 (0关, 1白, 2红)
  护盾状态: 0 (0关, 1白, 2绿)
  ReadyGo状态: 2 (0关, 1白, 2红)
  左转向灯: 1 (0关, 1白, 2橙)
  右转向灯: 0 (0关, 1白, 2橙)
  灯环状态: 0 (0关, 1蓝, 2红)
[2025-08-29 14:13:20.225] [DEBUG] 组包成功，数据长度: 21 字节
[2025-08-29 14:13:20.225] [DEBUG] 发送数据: A5 60 9F A5 03 0D 3B 42 33 33 33 17 63 33 33 33 33 33 33 91 55
[2025-08-29 14:13:20.229] [DEBUG] 接收数据超时
[2025-08-29 14:13:20.229] [DEBUG] 组包成功，数据长度: 21 字节
[2025-08-29 14:13:20.229] [DEBUG] 发送数据: A5 60 9F A5 01 0D 3B 42 33 33 33 17 63 33 33 33 33 33 33 D6 55
[2025-08-29 14:13:20.229] [DEBUG] 接收数据超时
[2025-08-29 14:13:20.229] [INFO] 结果: FAIL | 用时: 0.004s
[2025-08-29 14:13:20.229] [INFO] ==== 执行用例 #6141 ====
[2025-08-29 14:13:20.229] [INFO] 参数: {'screen_on': 1, 'brightness': 7, 'digital': 100, 'logo': 1, 'rim_state': 0, 'rdygo': 2, 'turn_left': 1, 'turn_right': 0, 'ring': 2} | 备注: nan
[2025-08-29 14:13:20.229] [DEBUG] 修改后的LED显示信息:
[2025-08-29 14:13:20.229] [INFO]   屏幕状态: 开
  亮度级别: 7
  数字显示: 100
  LOGO状态: 1 (0关, 1白, 2红)
  护盾状态: 0 (0关, 1白, 2绿)
  ReadyGo状态: 2 (0关, 1白, 2红)
  左转向灯: 1 (0关, 1白, 2橙)
  右转向灯: 0 (0关, 1白, 2橙)
  灯环状态: 2 (0关, 1蓝, 2红)
[2025-08-29 14:13:20.233] [DEBUG] 组包成功，数据长度: 21 字节
[2025-08-29 14:13:20.233] [DEBUG] 发送数据: A5 60 9F A5 03 0D 3B 42 33 33 33 17 63 37 33 33 33 33 33 C4 55
[2025-08-29 14:13:20.233] [DEBUG] 接收数据超时
[2025-08-29 14:13:20.233] [DEBUG] 组包成功，数据长度: 21 字节
[2025-08-29 14:13:20.233] [DEBUG] 发送数据: A5 60 9F A5 01 0D 3B 42 33 33 33 17 63 37 33 33 33 33 33 83 55
[2025-08-29 14:13:20.233] [DEBUG] 接收数据超时
[2025-08-29 14:13:20.233] [INFO] 结果: FAIL | 用时: 0.004s
[2025-08-29 14:13:20.233] [INFO] ==== 执行用例 #6276 ====
[2025-08-29 14:13:20.237] [INFO] 参数: {'screen_on': 1, 'brightness': 7, 'digital': 100, 'logo': 1, 'rim_state': 2, 'rdygo': 1, 'turn_left': 1, 'turn_right': 0, 'ring': 2} | 备注: nan
[2025-08-29 14:13:20.237] [DEBUG] 修改后的LED显示信息:
[2025-08-29 14:13:20.237] [INFO]   屏幕状态: 开
  亮度级别: 7
  数字显示: 100
  LOGO状态: 1 (0关, 1白, 2红)
  护盾状态: 2 (0关, 1白, 2绿)
  ReadyGo状态: 1 (0关, 1白, 2红)
  左转向灯: 1 (0关, 1白, 2橙)
  右转向灯: 0 (0关, 1白, 2橙)
  灯环状态: 2 (0关, 1蓝, 2红)
[2025-08-29 14:13:20.237] [DEBUG] 组包成功，数据长度: 21 字节
[2025-08-29 14:13:20.237] [DEBUG] 发送数据: A5 60 9F A5 03 0D 3B 42 33 33 33 17 5F 37 33 33 33 33 33 37 55
[2025-08-29 14:13:20.237] [DEBUG] 接收数据超时
[2025-08-29 14:13:20.237] [DEBUG] 组包成功，数据长度: 21 字节
[2025-08-29 14:13:20.237] [DEBUG] 发送数据: A5 60 9F A5 01 0D 3B 42 33 33 33 17 5F 37 33 33 33 33 33 70 55
[2025-08-29 14:13:20.237] [DEBUG] 接收数据超时
[2025-08-29 14:13:20.242] [INFO] 结果: FAIL | 用时: 0.008s
[2025-08-29 14:13:20.242] [INFO] 开始压力循环: 次数=1, 间隔=0.5s, 参数={'screen_on': 1, 'brightness': 5, 'digital': 50, 'logo': 1, 'rim_state': 0, 'rdygo': 1, 'turn_left': 1, 'turn_right': 1, 'ring': 0}
[2025-08-29 14:13:20.242] [DEBUG] 修改后的LED显示信息:
[2025-08-29 14:13:20.242] [INFO]   屏幕状态: 开
  亮度级别: 5
  数字显示: 50
  LOGO状态: 1 (0关, 1白, 2红)
  护盾状态: 0 (0关, 1白, 2绿)
  ReadyGo状态: 1 (0关, 1白, 2红)
  左转向灯: 1 (0关, 1白, 2橙)
  右转向灯: 1 (0关, 1白, 2橙)
  灯环状态: 0 (0关, 1蓝, 2红)
[2025-08-29 14:13:20.242] [DEBUG] 组包成功，数据长度: 21 字节
[2025-08-29 14:13:20.242] [DEBUG] 发送数据: A5 60 9F A5 03 0D 3B 3E 33 33 33 E5 DB 33 33 33 33 33 33 67 55
[2025-08-29 14:13:20.242] [DEBUG] 接收数据: A5 60 9F A5 83 55 33 93 7F 63 64 33 33 33 33 33 33 33 33 33 33 33 33 33 33 33 33 33 33 33 33 33 33 33 33 33 33 33 33 33 33 33 33 89 66 69 66 65 85 64 63 64 76 63 64 92 75 A7 63 65 33 33 33 33 33 37 33 37 33 33 33 3E 33 33 33 E5 DB 33 33 33 33 33 33 33 33 33 33 33 33 33 33 EC 55 A5 60 9F A5 81 0D 3B 3E 33 33 33 E5 DB 33 33 33 33 33 33 17 55 A5 60 9F A5 83 55 33 93 7F 63 64 33 33 33 33 33 33 33 33 33 33 33 33 33 33 33 33 33 33 33 33 33 33 33 33 33 33 33 33 33 33 33 33 89 66 69 66 65 85 64 63 64 76 63 64 92 75 A7 63 65 33 33 33 33 33 37 33 37 33 33 33 40 33 33 33 E5 5D 33 33 33 33 33 33 33 33 33 33 33 33 33 33 0C 55 A5 60 9F A5 83 55 33 93 7F 63 64 33 33 33 33 33 33 33 33 33 33 33 33 33 33 33 33 33 33 33 33 33 33 33 33 33 33 33 33 33 33 33 33 89 66 69 66 65 85 64 63 64 76 63 64 92 75 A7 63 65 33 33 33 33 33 37 33 37 33 33 33 40 33 33 33 65 68 34 33 33 33 33 33 33 33 33 33 33 33 33 33 81 55 A5 60 9F A5 81 0D 3B 40 33 33 33 65 68 34 33 33 33 33 33 C8 55 A5 60 9F A5 83 55 33 93 7F 63 64 33 33 33 33 33 33 33 33 33 33 33 33 33 33 33 33 33 33 33 33 33 33 33 33 33 33 33 33 33 33 33 33 89 66 69 66 65 85 64 63 64 76 63 64 92 75 A7 63 65 33 33 33 33 33 37 33 37 33 33 33 40 33 33 33 97 65 37 33 33 33 33 33 33 33 33 33 33 33 33 33 8F 55 A5 60 9F A5 83 55 33 93 7F 63 64 33 33 33 33 33 33 33 33 33 33 33 33 33 33 33 33 33 33 33 33 33 33 33 33 33 33 33 33 33 33 33 33 89 66 69 66 65 85 64 63 64 76 63 64 92 75 A7 63 65 33 33 33 33 33 37 33 37 33 33 33 40 33 33 33 17 43 37 33 33 33 33 33 33 33 33 33 33 33 33 33 5A 55 A5 60 9F A5 83 55 33 93 7F 63 64 33 33 33 33 33 33 33 33 33 33 33 33 33 33 33 33 33 33 33 33 33 33 33 33 33 33 33 33 33 33 33 33 89 66 69 66 65 85 64 63 64 76 63 64 92 75 A7 63 65 33 33 33 33 33 37 33 37 33 33 33 40 33 33 33 97 84 37 33 33 33 33 33 33 33 33 33 33 33 33 33 84 55 A5 60 9F A5 83 55 33 93 7F 63 64 33 33 33 33 33 33 33 33 33 33 33 33 33 33 33 33 33 33 33 33 33 33 33 33 33 33 33 33 33 33 33 33 89 66 69 66 65 85 64 63 64 76 63 64 92 75 A7 63 65 33 33 33 33 33 37 33 37 33 33 33 42 33 33 33 65 7B 37 33 33 33 33 33 33 33 33 33 33 33 33 33 EF 55 A5 60 9F A5 81 0D 3B 42 33 33 33 65 7B 37 33 33 33 33 33 5A 55 A5 60 9F A5 83 55 33 93 7F 63 64 33 33 33 33 33 33 33 33 33 33 33 33 33 33 33 33 33 33 33 33 33 33 33 33 33 33 33 33 33 33 33 33 89 66 69 66 65 85 64 63 64 76 63 64 92 75 A7 63 65 33 33 33 33 33 37 33 37 33 33 33 42 33 33 33 65 DD 35 33 33 33 33 33 33 33 33 33 33 33 33 33 D4 55 A5 60 9F A5 83 55 33 93 7F 63 64 33 33 33 33 33 33 33 33 33 33 33 33 33 33 33 33 33 33 33 33 33 33 33 33 33 33 33 33 33 33 33 33 89 66 69 66 65 85 64 63 64 76 63 64 92 75 A7 63 65 33 33 33 33 33 37 33 37 33 33 33 42 33 33 33 E5 45 35 33 33 33 33 33 33 33 33 33 33 33 33 33 F8 55 A5 60 9F A5 83 55 33 93 7F 63 64 33 33 33 33 33 33 33 33 33 33 33 33 33 33 33 33 33 33 33 33 33 33 33 33 33 33 33 33 33 33 33 33 89 66 69 66 65 85 64 63 64 76 63 64 92 75 A7 63 65 33 33 33 33 33 37 33 37 33 33 33 42 33 33 33 65 BC 33 33 33 33 33 33 33 33 33 33 33 33 33 33 B6 55 A5 60 9F A5 83 55 33 93 7F 63 64 33 33 33 33 33 33 33 33 33 33 33 33 33 33 33 33 33 33 33 33 33 33 33 33 33 33 33 33 33 33 33 33 89 66 69 66 65 85 64 63 64 76 63 64 92 75 A7 63 65 33 33 33 33 33 37 33 37 33 33 33 42 33 33 33 17 3B 38 33 33 33 33 33 33 33 33 33 33 33 33 33 EF 55 A5 60 9F A5 83 55 33 93 7F 63 64 33 33 33 33 33 33 33 33 33 33 33 33 33 33 33 33 33 33 33 33 33 33 33 33 33 33 33 33 33 33 33 33 89 66 69 66 65 85 64 63 64 76 63 64 92 75 A7 63 65 33 33 33 33 33 37 33 37 33 33 33 42 33 33 33 17 63 33 33 33 33 33 33 33 33 33 33 33 33 33 33 68 55 A5 60 9F A5 83 55 33 93 7F 63 64 33 33 33 33 33 33 33 33 33 33 33 33 33 33 33 33 33 33 33 33 33 33 33 33 33 33 33 33 33 33 33 33 89 66 69 66 65 85 64 63 64 76 63 64 92 75 A7 63 65 33 33 33 33 33 37 33 37 33 33 33 42 33 33 33 17 63 37 33 33 33 33 33 33 33 33 33 33 33 33 33 F7 55 A5 60 9F A5 83 55 33 93 7F 63 64 33 33 33 33 33 33 33 33 33 33 33 33 33 33 33 33 33 33 33 33 33 33 33 33 33 33 33 33 33 33 33 33 89 66 69 66 65 85 64 63 64 76 63 64 92 75 A7 63 65 33 33 33 33
[2025-08-29 14:13:20.242] [ERROR] 数据解析失败，返回码: 0
[2025-08-29 14:13:20.246] [INFO] [循环 1/1] 发送 OK
[2025-08-29 14:13:20.747] [INFO] 已保存结果: reports\2025-08-29_14-13-19\results.csv
[2025-08-29 14:13:20.747] [INFO] 已生成报告: reports\2025-08-29_14-13-19\report.html
[2025-08-29 14:13:20.750] [DEBUG] 串口已关闭
[2025-08-29 14:13:20.750] [INFO] 程序结束
