[2025-08-26 15:35:04.299] [INFO] 初始化 BLE 协议通信...
[2025-08-26 15:35:04.501] [INFO] 加载用例 2 条 来自: testcases.xlsx
[2025-08-26 15:35:04.541] [INFO] ==== 执行用例 #1 ====
[2025-08-26 15:35:04.545] [INFO] 参数: {'screen_on': 1, 'brightness': 7, 'digital': 0, 'logo': 1, 'rim_state': 0, 'rdygo': 0, 'turn_left': 0, 'turn_right': 0, 'ring': 1} | 备注: 最小点亮测试
[2025-08-26 15:35:04.566] [DEBUG] 修改后的LED显示信息:
[2025-08-26 15:35:04.576] [INFO]   屏幕状态: 开
  亮度级别: 7
  数字显示: 0
  LOGO状态: 1 (0关, 1白, 2红)
  护盾状态: 0 (0关, 1白, 2绿)
  ReadyGo状态: 0 (0关, 1白, 2红)
  左转向灯: 0 (0关, 1白, 2橙)
  右转向灯: 0 (0关, 1白, 2橙)
  灯环状态: 1 (0关, 1蓝, 2红)
[2025-08-26 15:35:04.591] [DEBUG] 组包成功，数据长度: 21 字节
[2025-08-26 15:35:04.601] [DEBUG] 发送数据: A5 60 9F A5 03 0D 3B 42 33 33 33 B3 33 35 33 33 33 33 33 57 55
[2025-08-26 15:35:05.625] [DEBUG] 接收数据: A5 60 9F A5 83 55 33 93 7F 63 64 33 33 33 33 33 33 33 33 33 33 33 33 33 33 33 33 33 33 33 33 33 33 33 33 33 33 33 33 33 33 33 33 89 66 69 66 65 85 64 63 64 76 63 64 92 75 A7 63 65 33 33 33 33 33 37 33 36 33 33 33 42 33 33 33 B3 33 35 33 33 33 33 33 33 33 33 33 33 33 33 33 F3 55
[2025-08-26 15:35:05.679] [DEBUG] 数据解析成功:
[2025-08-26 15:35:05.691] [INFO]   ID: 0x60
  命令: 0x83 (读)
  寄存器地址: 0x00
  寄存器数量: 0
[2025-08-26 15:35:05.717] [DEBUG] 组包成功，数据长度: 21 字节
[2025-08-26 15:35:05.731] [DEBUG] 发送数据: A5 60 9F A5 01 0D 3B 42 33 33 33 B3 33 35 33 33 33 33 33 10 55
