[2025-08-18 19:25:31.084] [INFO] 初始化 BLE 协议通信...
[2025-08-18 19:25:31.258] [INFO] 加载用例 10 条 来自: testcases.xlsx
[2025-08-18 19:25:31.258] [INFO] ==== 执行用例 #1 ====
[2025-08-18 19:25:31.258] [INFO] 参数: {'screen_on': 1, 'brightness': 0, 'digital': 0, 'logo': 0, 'rim_state': 0, 'rdygo': 0, 'turn_left': 0, 'turn_right': 0, 'ring': 0} | 备注: 
[2025-08-18 19:25:31.258] [DEBUG] 修改后的LED显示信息:
[2025-08-18 19:25:31.258] [INFO]   屏幕状态: 开
  亮度级别: 0
  数字显示: 0
  LOGO状态: 0 (0关, 1白, 2红)
  护盾状态: 0 (0关, 1白, 2绿)
  ReadyGo状态: 0 (0关, 1白, 2红)
  左转向灯: 0 (0关, 1白, 2橙)
  右转向灯: 0 (0关, 1白, 2橙)
  灯环状态: 0 (0关, 1蓝, 2红)
[2025-08-18 19:25:31.258] [DEBUG] 组包成功，数据长度: 21 字节
[2025-08-18 19:25:31.258] [DEBUG] 发送数据: A5 60 9F A5 03 0D 3B 34 33 33 33 33 33 33 33 33 33 33 33 C9 55
[2025-08-18 19:25:32.262] [DEBUG] 接收数据: A5 60 9F A5 83 55 33 93 7F 63 64 33 33 33 33 33 33 33 33 33 33 33 33 33 33 33 33 33 33 33 33 33 33 33 33 33 33 33 33 33 33 33 33 89 66 69 66 65 85 65 63 66 76 63 64 92 75 A7 63 65 33 33 33 33 33 33 33 36 33 33 33 34 33 33 33 33 33 33 33 33 33 33 33 33 33 33 33 33 33 33 33 3A 55
[2025-08-18 19:25:32.262] [DEBUG] 数据解析成功:
[2025-08-18 19:25:32.262] [INFO]   ID: 0x60
  命令: 0x83 (读)
  寄存器地址: 0x00
  寄存器数量: 0
[2025-08-18 19:25:32.262] [DEBUG] 组包成功，数据长度: 21 字节
[2025-08-18 19:25:32.262] [DEBUG] 发送数据: A5 60 9F A5 01 0D 3B 34 33 33 33 33 33 33 33 33 33 33 33 8E 55
[2025-08-18 19:25:33.265] [DEBUG] 接收数据: A5 60 9F A5 81 0D 3B 34 33 33 33 33 33 33 33 33 33 33 33 B9 55
[2025-08-18 19:25:33.266] [DEBUG] 数据解析成功:
[2025-08-18 19:25:33.266] [INFO]   ID: 0x60
  命令: 0x81 (读)
  寄存器地址: 0x08
  寄存器数量: 0
[2025-08-18 19:25:33.266] [INFO] 
全局变量中的LED显示信息已更新:
[2025-08-18 19:25:33.266] [INFO]   屏幕状态: 开
  亮度级别: 0
  数字显示: 0
  LOGO状态: 0 (0关, 1白, 2红)
  护盾状态: 0 (0关, 1白, 2绿)
  ReadyGo状态: 0 (0关, 1白, 2红)
  左转向灯: 0 (0关, 1白, 2橙)
  右转向灯: 0 (0关, 1白, 2橙)
  灯环状态: 0 (0关, 1蓝, 2红)
[2025-08-18 19:25:33.266] [INFO] 结果: PASS | 用时: 2.008s
[2025-08-18 19:25:33.266] [INFO] ==== 执行用例 #2 ====
[2025-08-18 19:25:33.266] [INFO] 参数: {'screen_on': 1, 'brightness': 0, 'digital': 0, 'logo': 0, 'rim_state': 0, 'rdygo': 0, 'turn_left': 0, 'turn_right': 0, 'ring': 0} | 备注: 
[2025-08-18 19:25:33.266] [DEBUG] 修改后的LED显示信息:
[2025-08-18 19:25:33.266] [INFO]   屏幕状态: 开
  亮度级别: 0
  数字显示: 0
  LOGO状态: 0 (0关, 1白, 2红)
  护盾状态: 0 (0关, 1白, 2绿)
  ReadyGo状态: 0 (0关, 1白, 2红)
  左转向灯: 0 (0关, 1白, 2橙)
  右转向灯: 0 (0关, 1白, 2橙)
  灯环状态: 0 (0关, 1蓝, 2红)
[2025-08-18 19:25:33.266] [DEBUG] 组包成功，数据长度: 21 字节
[2025-08-18 19:25:33.266] [DEBUG] 发送数据: A5 60 9F A5 03 0D 3B 34 33 33 33 33 33 33 33 33 33 33 33 C9 55
[2025-08-18 19:25:34.270] [DEBUG] 接收数据: A5 60 9F A5 83 55 33 93 7F 63 64 33 33 33 33 33 33 33 33 33 33 33 33 33 33 33 33 33 33 33 33 33 33 33 33 33 33 33 33 33 33 33 33 89 66 69 66 65 85 65 63 66 76 63 64 92 75 A7 63 65 33 33 33 33 33 33 33 37 33 33 33 34 33 33 33 33 33 33 33 33 33 33 33 33 33 33 33 33 33 33 33 CF 55
[2025-08-18 19:25:34.270] [DEBUG] 数据解析成功:
[2025-08-18 19:25:34.270] [INFO]   ID: 0x60
  命令: 0x83 (读)
  寄存器地址: 0x00
  寄存器数量: 0
[2025-08-18 19:25:34.270] [DEBUG] 组包成功，数据长度: 21 字节
[2025-08-18 19:25:34.270] [DEBUG] 发送数据: A5 60 9F A5 01 0D 3B 34 33 33 33 33 33 33 33 33 33 33 33 8E 55
[2025-08-18 19:25:35.274] [DEBUG] 接收数据: A5 60 9F A5 81 0D 3B 34 33 33 33 33 33 33 33 33 33 33 33 B9 55
[2025-08-18 19:25:35.274] [DEBUG] 数据解析成功:
[2025-08-18 19:25:35.275] [INFO]   ID: 0x60
  命令: 0x81 (读)
  寄存器地址: 0x08
  寄存器数量: 0
[2025-08-18 19:25:35.275] [INFO] 
全局变量中的LED显示信息已更新:
[2025-08-18 19:25:35.275] [INFO]   屏幕状态: 开
  亮度级别: 0
  数字显示: 0
  LOGO状态: 0 (0关, 1白, 2红)
  护盾状态: 0 (0关, 1白, 2绿)
  ReadyGo状态: 0 (0关, 1白, 2红)
  左转向灯: 0 (0关, 1白, 2橙)
  右转向灯: 0 (0关, 1白, 2橙)
  灯环状态: 0 (0关, 1蓝, 2红)
[2025-08-18 19:25:35.275] [INFO] 结果: PASS | 用时: 2.009s
[2025-08-18 19:25:35.275] [INFO] ==== 执行用例 #3 ====
[2025-08-18 19:25:35.275] [INFO] 参数: {'screen_on': 1, 'brightness': 0, 'digital': 0, 'logo': 0, 'rim_state': 0, 'rdygo': 0, 'turn_left': 0, 'turn_right': 0, 'ring': 0} | 备注: 
[2025-08-18 19:25:35.275] [DEBUG] 修改后的LED显示信息:
[2025-08-18 19:25:35.275] [INFO]   屏幕状态: 开
  亮度级别: 0
  数字显示: 0
  LOGO状态: 0 (0关, 1白, 2红)
  护盾状态: 0 (0关, 1白, 2绿)
  ReadyGo状态: 0 (0关, 1白, 2红)
  左转向灯: 0 (0关, 1白, 2橙)
  右转向灯: 0 (0关, 1白, 2橙)
  灯环状态: 0 (0关, 1蓝, 2红)
[2025-08-18 19:25:35.275] [DEBUG] 组包成功，数据长度: 21 字节
[2025-08-18 19:25:35.275] [DEBUG] 发送数据: A5 60 9F A5 03 0D 3B 34 33 33 33 33 33 33 33 33 33 33 33 C9 55
[2025-08-18 19:25:36.280] [DEBUG] 接收数据: A5 60 9F A5 83 55 33 93 7F 63 64 33 33 33 33 33 33 33 33 33 33 33 33 33 33 33 33 33 33 33 33 33 33 33 33 33 33 33 33 33 33 33 33 89 66 69 66 65 85 65 63 66 76 63 64 92 75 A7 63 65 33 33 33 33 33 33 33 36 33 33 33 34 33 33 33 33 33 33 33 33 33 33 33 33 33 33 33 33 33 33 33 3A 55
[2025-08-18 19:25:36.280] [DEBUG] 数据解析成功:
[2025-08-18 19:25:36.280] [INFO]   ID: 0x60
  命令: 0x83 (读)
  寄存器地址: 0x00
  寄存器数量: 0
[2025-08-18 19:25:36.280] [DEBUG] 组包成功，数据长度: 21 字节
[2025-08-18 19:25:36.280] [DEBUG] 发送数据: A5 60 9F A5 01 0D 3B 34 33 33 33 33 33 33 33 33 33 33 33 8E 55
[2025-08-18 19:25:37.288] [DEBUG] 接收数据: A5 60 9F A5 81 0D 3B 34 33 33 33 33 33 33 33 33 33 33 33 B9 55
[2025-08-18 19:25:37.290] [DEBUG] 数据解析成功:
[2025-08-18 19:25:37.290] [INFO]   ID: 0x60
  命令: 0x81 (读)
  寄存器地址: 0x08
  寄存器数量: 0
[2025-08-18 19:25:37.290] [INFO] 
全局变量中的LED显示信息已更新:
[2025-08-18 19:25:37.290] [INFO]   屏幕状态: 开
  亮度级别: 0
  数字显示: 0
  LOGO状态: 0 (0关, 1白, 2红)
  护盾状态: 0 (0关, 1白, 2绿)
  ReadyGo状态: 0 (0关, 1白, 2红)
  左转向灯: 0 (0关, 1白, 2橙)
  右转向灯: 0 (0关, 1白, 2橙)
  灯环状态: 0 (0关, 1蓝, 2红)
[2025-08-18 19:25:37.290] [INFO] 结果: PASS | 用时: 2.015s
[2025-08-18 19:25:37.290] [INFO] ==== 执行用例 #4 ====
[2025-08-18 19:25:37.290] [INFO] 参数: {'screen_on': 1, 'brightness': 0, 'digital': 0, 'logo': 0, 'rim_state': 0, 'rdygo': 0, 'turn_left': 0, 'turn_right': 0, 'ring': 0} | 备注: 
[2025-08-18 19:25:37.290] [DEBUG] 修改后的LED显示信息:
[2025-08-18 19:25:37.290] [INFO]   屏幕状态: 开
  亮度级别: 0
  数字显示: 0
  LOGO状态: 0 (0关, 1白, 2红)
  护盾状态: 0 (0关, 1白, 2绿)
  ReadyGo状态: 0 (0关, 1白, 2红)
  左转向灯: 0 (0关, 1白, 2橙)
  右转向灯: 0 (0关, 1白, 2橙)
  灯环状态: 0 (0关, 1蓝, 2红)
[2025-08-18 19:25:37.290] [DEBUG] 组包成功，数据长度: 21 字节
[2025-08-18 19:25:37.290] [DEBUG] 发送数据: A5 60 9F A5 03 0D 3B 34 33 33 33 33 33 33 33 33 33 33 33 C9 55
[2025-08-18 19:25:38.294] [DEBUG] 接收数据: A5 60 9F A5 83 55 33 93 7F 63 64 33 33 33 33 33 33 33 33 33 33 33 33 33 33 33 33 33 33 33 33 33 33 33 33 33 33 33 33 33 33 33 33 89 66 69 66 65 85 65 63 66 76 63 64 92 75 A7 63 65 33 33 33 33 33 33 33 37 33 33 33 34 33 33 33 33 33 33 33 33 33 33 33 33 33 33 33 33 33 33 33 CF 55
[2025-08-18 19:25:38.294] [DEBUG] 数据解析成功:
[2025-08-18 19:25:38.294] [INFO]   ID: 0x60
  命令: 0x83 (读)
  寄存器地址: 0x00
  寄存器数量: 0
[2025-08-18 19:25:38.294] [DEBUG] 组包成功，数据长度: 21 字节
[2025-08-18 19:25:38.296] [DEBUG] 发送数据: A5 60 9F A5 01 0D 3B 34 33 33 33 33 33 33 33 33 33 33 33 8E 55
[2025-08-18 19:25:39.299] [DEBUG] 接收数据: A5 60 9F A5 81 0D 3B 34 33 33 33 33 33 33 33 33 33 33 33 B9 55
[2025-08-18 19:25:39.299] [DEBUG] 数据解析成功:
[2025-08-18 19:25:39.299] [INFO]   ID: 0x60
  命令: 0x81 (读)
  寄存器地址: 0x08
  寄存器数量: 0
[2025-08-18 19:25:39.299] [INFO] 
全局变量中的LED显示信息已更新:
[2025-08-18 19:25:39.299] [INFO]   屏幕状态: 开
  亮度级别: 0
  数字显示: 0
  LOGO状态: 0 (0关, 1白, 2红)
  护盾状态: 0 (0关, 1白, 2绿)
  ReadyGo状态: 0 (0关, 1白, 2红)
  左转向灯: 0 (0关, 1白, 2橙)
  右转向灯: 0 (0关, 1白, 2橙)
  灯环状态: 0 (0关, 1蓝, 2红)
[2025-08-18 19:25:39.299] [INFO] 结果: PASS | 用时: 2.010s
[2025-08-18 19:25:39.299] [INFO] ==== 执行用例 #5 ====
[2025-08-18 19:25:39.299] [INFO] 参数: {'screen_on': 1, 'brightness': 0, 'digital': 0, 'logo': 0, 'rim_state': 0, 'rdygo': 0, 'turn_left': 0, 'turn_right': 0, 'ring': 0} | 备注: 
[2025-08-18 19:25:39.299] [DEBUG] 修改后的LED显示信息:
[2025-08-18 19:25:39.299] [INFO]   屏幕状态: 开
  亮度级别: 0
  数字显示: 0
  LOGO状态: 0 (0关, 1白, 2红)
  护盾状态: 0 (0关, 1白, 2绿)
  ReadyGo状态: 0 (0关, 1白, 2红)
  左转向灯: 0 (0关, 1白, 2橙)
  右转向灯: 0 (0关, 1白, 2橙)
  灯环状态: 0 (0关, 1蓝, 2红)
[2025-08-18 19:25:39.299] [DEBUG] 组包成功，数据长度: 21 字节
[2025-08-18 19:25:39.299] [DEBUG] 发送数据: A5 60 9F A5 03 0D 3B 34 33 33 33 33 33 33 33 33 33 33 33 C9 55
[2025-08-18 19:25:40.301] [DEBUG] 接收数据: A5 60 9F A5 83 55 33 93 7F 63 64 33 33 33 33 33 33 33 33 33 33 33 33 33 33 33 33 33 33 33 33 33 33 33 33 33 33 33 33 33 33 33 33 89 66 69 66 65 85 65 63 66 76 63 64 92 75 A7 63 65 33 33 33 33 33 33 33 37 33 33 33 34 33 33 33 33 33 33 33 33 33 33 33 33 33 33 33 33 33 33 33 CF 55
[2025-08-18 19:25:40.301] [DEBUG] 数据解析成功:
[2025-08-18 19:25:40.301] [INFO]   ID: 0x60
  命令: 0x83 (读)
  寄存器地址: 0x00
  寄存器数量: 0
[2025-08-18 19:25:40.301] [DEBUG] 组包成功，数据长度: 21 字节
[2025-08-18 19:25:40.301] [DEBUG] 发送数据: A5 60 9F A5 01 0D 3B 34 33 33 33 33 33 33 33 33 33 33 33 8E 55
[2025-08-18 19:25:41.302] [DEBUG] 接收数据: A5 60 9F A5 81 0D 3B 34 33 33 33 33 33 33 33 33 33 33 33 B9 55
[2025-08-18 19:25:41.303] [DEBUG] 数据解析成功:
[2025-08-18 19:25:41.303] [INFO]   ID: 0x60
  命令: 0x81 (读)
  寄存器地址: 0x08
  寄存器数量: 0
[2025-08-18 19:25:41.303] [INFO] 
全局变量中的LED显示信息已更新:
[2025-08-18 19:25:41.303] [INFO]   屏幕状态: 开
  亮度级别: 0
  数字显示: 0
  LOGO状态: 0 (0关, 1白, 2红)
  护盾状态: 0 (0关, 1白, 2绿)
  ReadyGo状态: 0 (0关, 1白, 2红)
  左转向灯: 0 (0关, 1白, 2橙)
  右转向灯: 0 (0关, 1白, 2橙)
  灯环状态: 0 (0关, 1蓝, 2红)
[2025-08-18 19:25:41.303] [INFO] 结果: PASS | 用时: 2.004s
[2025-08-18 19:25:41.304] [INFO] ==== 执行用例 #6 ====
[2025-08-18 19:25:41.304] [INFO] 参数: {'screen_on': 1, 'brightness': 0, 'digital': 0, 'logo': 0, 'rim_state': 0, 'rdygo': 0, 'turn_left': 0, 'turn_right': 0, 'ring': 0} | 备注: 
[2025-08-18 19:25:41.304] [DEBUG] 修改后的LED显示信息:
[2025-08-18 19:25:41.305] [INFO]   屏幕状态: 开
  亮度级别: 0
  数字显示: 0
  LOGO状态: 0 (0关, 1白, 2红)
  护盾状态: 0 (0关, 1白, 2绿)
  ReadyGo状态: 0 (0关, 1白, 2红)
  左转向灯: 0 (0关, 1白, 2橙)
  右转向灯: 0 (0关, 1白, 2橙)
  灯环状态: 0 (0关, 1蓝, 2红)
[2025-08-18 19:25:41.305] [DEBUG] 组包成功，数据长度: 21 字节
[2025-08-18 19:25:41.306] [DEBUG] 发送数据: A5 60 9F A5 03 0D 3B 34 33 33 33 33 33 33 33 33 33 33 33 C9 55
[2025-08-18 19:25:42.308] [DEBUG] 接收数据: A5 60 9F A5 83 55 33 93 7F 63 64 33 33 33 33 33 33 33 33 33 33 33 33 33 33 33 33 33 33 33 33 33 33 33 33 33 33 33 33 33 33 33 33 89 66 69 66 65 85 65 63 66 76 63 64 92 75 A7 63 65 33 33 33 33 33 33 33 36 33 33 33 34 33 33 33 33 33 33 33 33 33 33 33 33 33 33 33 33 33 33 33 3A 55
[2025-08-18 19:25:42.308] [DEBUG] 数据解析成功:
[2025-08-18 19:25:42.308] [INFO]   ID: 0x60
  命令: 0x83 (读)
  寄存器地址: 0x00
  寄存器数量: 0
[2025-08-18 19:25:42.308] [DEBUG] 组包成功，数据长度: 21 字节
[2025-08-18 19:25:42.308] [DEBUG] 发送数据: A5 60 9F A5 01 0D 3B 34 33 33 33 33 33 33 33 33 33 33 33 8E 55
[2025-08-18 19:25:43.311] [DEBUG] 接收数据: A5 60 9F A5 81 0D 3B 34 33 33 33 33 33 33 33 33 33 33 33 B9 55
[2025-08-18 19:25:43.312] [DEBUG] 数据解析成功:
[2025-08-18 19:25:43.312] [INFO]   ID: 0x60
  命令: 0x81 (读)
  寄存器地址: 0x08
  寄存器数量: 0
[2025-08-18 19:25:43.312] [INFO] 
全局变量中的LED显示信息已更新:
[2025-08-18 19:25:43.312] [INFO]   屏幕状态: 开
  亮度级别: 0
  数字显示: 0
  LOGO状态: 0 (0关, 1白, 2红)
  护盾状态: 0 (0关, 1白, 2绿)
  ReadyGo状态: 0 (0关, 1白, 2红)
  左转向灯: 0 (0关, 1白, 2橙)
  右转向灯: 0 (0关, 1白, 2橙)
  灯环状态: 0 (0关, 1蓝, 2红)
[2025-08-18 19:25:43.313] [INFO] 结果: PASS | 用时: 2.009s
[2025-08-18 19:25:43.313] [INFO] ==== 执行用例 #7 ====
[2025-08-18 19:25:43.313] [INFO] 参数: {'screen_on': 1, 'brightness': 0, 'digital': 0, 'logo': 0, 'rim_state': 0, 'rdygo': 0, 'turn_left': 0, 'turn_right': 0, 'ring': 0} | 备注: 
[2025-08-18 19:25:43.313] [DEBUG] 修改后的LED显示信息:
[2025-08-18 19:25:43.313] [INFO]   屏幕状态: 开
  亮度级别: 0
  数字显示: 0
  LOGO状态: 0 (0关, 1白, 2红)
  护盾状态: 0 (0关, 1白, 2绿)
  ReadyGo状态: 0 (0关, 1白, 2红)
  左转向灯: 0 (0关, 1白, 2橙)
  右转向灯: 0 (0关, 1白, 2橙)
  灯环状态: 0 (0关, 1蓝, 2红)
[2025-08-18 19:25:43.313] [DEBUG] 组包成功，数据长度: 21 字节
[2025-08-18 19:25:43.313] [DEBUG] 发送数据: A5 60 9F A5 03 0D 3B 34 33 33 33 33 33 33 33 33 33 33 33 C9 55
[2025-08-18 19:25:44.316] [DEBUG] 接收数据: A5 60 9F A5 83 55 33 93 7F 63 64 33 33 33 33 33 33 33 33 33 33 33 33 33 33 33 33 33 33 33 33 33 33 33 33 33 33 33 33 33 33 33 33 89 66 69 66 65 85 65 63 66 76 63 64 92 75 A7 63 65 33 33 33 33 33 33 33 37 33 33 33 34 33 33 33 33 33 33 33 33 33 33 33 33 33 33 33 33 33 33 33 CF 55
[2025-08-18 19:25:44.317] [DEBUG] 数据解析成功:
[2025-08-18 19:25:44.317] [INFO]   ID: 0x60
  命令: 0x83 (读)
  寄存器地址: 0x00
  寄存器数量: 0
[2025-08-18 19:25:44.317] [DEBUG] 组包成功，数据长度: 21 字节
[2025-08-18 19:25:44.317] [DEBUG] 发送数据: A5 60 9F A5 01 0D 3B 34 33 33 33 33 33 33 33 33 33 33 33 8E 55
[2025-08-18 19:25:45.318] [DEBUG] 接收数据: A5 60 9F A5 81 0D 3B 34 33 33 33 33 33 33 33 33 33 33 33 B9 55
[2025-08-18 19:25:45.318] [DEBUG] 数据解析成功:
[2025-08-18 19:25:45.318] [INFO]   ID: 0x60
  命令: 0x81 (读)
  寄存器地址: 0x08
  寄存器数量: 0
[2025-08-18 19:25:45.318] [INFO] 
全局变量中的LED显示信息已更新:
[2025-08-18 19:25:45.318] [INFO]   屏幕状态: 开
  亮度级别: 0
  数字显示: 0
  LOGO状态: 0 (0关, 1白, 2红)
  护盾状态: 0 (0关, 1白, 2绿)
  ReadyGo状态: 0 (0关, 1白, 2红)
  左转向灯: 0 (0关, 1白, 2橙)
  右转向灯: 0 (0关, 1白, 2橙)
  灯环状态: 0 (0关, 1蓝, 2红)
[2025-08-18 19:25:45.318] [INFO] 结果: PASS | 用时: 2.005s
[2025-08-18 19:25:45.318] [INFO] ==== 执行用例 #8 ====
[2025-08-18 19:25:45.318] [INFO] 参数: {'screen_on': 1, 'brightness': 0, 'digital': 0, 'logo': 0, 'rim_state': 0, 'rdygo': 0, 'turn_left': 0, 'turn_right': 0, 'ring': 0} | 备注: 
[2025-08-18 19:25:45.318] [DEBUG] 修改后的LED显示信息:
[2025-08-18 19:25:45.318] [INFO]   屏幕状态: 开
  亮度级别: 0
  数字显示: 0
  LOGO状态: 0 (0关, 1白, 2红)
  护盾状态: 0 (0关, 1白, 2绿)
  ReadyGo状态: 0 (0关, 1白, 2红)
  左转向灯: 0 (0关, 1白, 2橙)
  右转向灯: 0 (0关, 1白, 2橙)
  灯环状态: 0 (0关, 1蓝, 2红)
[2025-08-18 19:25:45.318] [DEBUG] 组包成功，数据长度: 21 字节
[2025-08-18 19:25:45.318] [DEBUG] 发送数据: A5 60 9F A5 03 0D 3B 34 33 33 33 33 33 33 33 33 33 33 33 C9 55
[2025-08-18 19:25:46.319] [DEBUG] 接收数据: A5 60 9F A5 83 55 33 93 7F 63 64 33 33 33 33 33 33 33 33 33 33 33 33 33 33 33 33 33 33 33 33 33 33 33 33 33 33 33 33 33 33 33 33 89 66 69 66 65 85 65 63 66 76 63 64 92 75 A7 63 65 33 33 33 33 33 33 33 36 33 33 33 34 33 33 33 33 33 33 33 33 33 33 33 33 33 33 33 33 33 33 33 3A 55
[2025-08-18 19:25:46.319] [DEBUG] 数据解析成功:
[2025-08-18 19:25:46.319] [INFO]   ID: 0x60
  命令: 0x83 (读)
  寄存器地址: 0x00
  寄存器数量: 0
[2025-08-18 19:25:46.319] [DEBUG] 组包成功，数据长度: 21 字节
[2025-08-18 19:25:46.321] [DEBUG] 发送数据: A5 60 9F A5 01 0D 3B 34 33 33 33 33 33 33 33 33 33 33 33 8E 55
[2025-08-18 19:25:47.325] [DEBUG] 接收数据: A5 60 9F A5 81 0D 3B 34 33 33 33 33 33 33 33 33 33 33 33 B9 55
[2025-08-18 19:25:47.325] [DEBUG] 数据解析成功:
[2025-08-18 19:25:47.325] [INFO]   ID: 0x60
  命令: 0x81 (读)
  寄存器地址: 0x08
  寄存器数量: 0
[2025-08-18 19:25:47.325] [INFO] 
全局变量中的LED显示信息已更新:
[2025-08-18 19:25:47.328] [INFO]   屏幕状态: 开
  亮度级别: 0
  数字显示: 0
  LOGO状态: 0 (0关, 1白, 2红)
  护盾状态: 0 (0关, 1白, 2绿)
  ReadyGo状态: 0 (0关, 1白, 2红)
  左转向灯: 0 (0关, 1白, 2橙)
  右转向灯: 0 (0关, 1白, 2橙)
  灯环状态: 0 (0关, 1蓝, 2红)
[2025-08-18 19:25:47.328] [INFO] 结果: PASS | 用时: 2.010s
[2025-08-18 19:25:47.328] [INFO] ==== 执行用例 #9 ====
[2025-08-18 19:25:47.328] [INFO] 参数: {'screen_on': 1, 'brightness': 0, 'digital': 0, 'logo': 0, 'rim_state': 0, 'rdygo': 0, 'turn_left': 0, 'turn_right': 0, 'ring': 0} | 备注: 
[2025-08-18 19:25:47.328] [DEBUG] 修改后的LED显示信息:
[2025-08-18 19:25:47.328] [INFO]   屏幕状态: 开
  亮度级别: 0
  数字显示: 0
  LOGO状态: 0 (0关, 1白, 2红)
  护盾状态: 0 (0关, 1白, 2绿)
  ReadyGo状态: 0 (0关, 1白, 2红)
  左转向灯: 0 (0关, 1白, 2橙)
  右转向灯: 0 (0关, 1白, 2橙)
  灯环状态: 0 (0关, 1蓝, 2红)
[2025-08-18 19:25:47.328] [DEBUG] 组包成功，数据长度: 21 字节
[2025-08-18 19:25:47.328] [DEBUG] 发送数据: A5 60 9F A5 03 0D 3B 34 33 33 33 33 33 33 33 33 33 33 33 C9 55
[2025-08-18 19:25:48.330] [DEBUG] 接收数据: A5 60 9F A5 83 55 33 93 7F 63 64 33 33 33 33 33 33 33 33 33 33 33 33 33 33 33 33 33 33 33 33 33 33 33 33 33 33 33 33 33 33 33 33 89 66 69 66 65 85 65 63 66 76 63 64 92 75 A7 63 65 33 33 33 33 33 33 33 37 33 33 33 34 33 33 33 33 33 33 33 33 33 33 33 33 33 33 33 33 33 33 33 CF 55
[2025-08-18 19:25:48.330] [DEBUG] 数据解析成功:
[2025-08-18 19:25:48.330] [INFO]   ID: 0x60
  命令: 0x83 (读)
  寄存器地址: 0x00
  寄存器数量: 0
[2025-08-18 19:25:48.330] [DEBUG] 组包成功，数据长度: 21 字节
[2025-08-18 19:25:48.330] [DEBUG] 发送数据: A5 60 9F A5 01 0D 3B 34 33 33 33 33 33 33 33 33 33 33 33 8E 55
[2025-08-18 19:25:49.338] [DEBUG] 接收数据: A5 60 9F A5 81 0D 3B 34 33 33 33 33 33 33 33 33 33 33 33 B9 55
[2025-08-18 19:25:49.338] [DEBUG] 数据解析成功:
[2025-08-18 19:25:49.340] [INFO]   ID: 0x60
  命令: 0x81 (读)
  寄存器地址: 0x08
  寄存器数量: 0
[2025-08-18 19:25:49.340] [INFO] 
全局变量中的LED显示信息已更新:
[2025-08-18 19:25:49.340] [INFO]   屏幕状态: 开
  亮度级别: 0
  数字显示: 0
  LOGO状态: 0 (0关, 1白, 2红)
  护盾状态: 0 (0关, 1白, 2绿)
  ReadyGo状态: 0 (0关, 1白, 2红)
  左转向灯: 0 (0关, 1白, 2橙)
  右转向灯: 0 (0关, 1白, 2橙)
  灯环状态: 0 (0关, 1蓝, 2红)
[2025-08-18 19:25:49.340] [INFO] 结果: PASS | 用时: 2.012s
[2025-08-18 19:25:49.342] [INFO] ==== 执行用例 #10 ====
[2025-08-18 19:25:49.342] [INFO] 参数: {'screen_on': 1, 'brightness': 0, 'digital': 0, 'logo': 0, 'rim_state': 0, 'rdygo': 0, 'turn_left': 0, 'turn_right': 0, 'ring': 0} | 备注: 
[2025-08-18 19:25:49.343] [DEBUG] 修改后的LED显示信息:
[2025-08-18 19:25:49.343] [INFO]   屏幕状态: 开
  亮度级别: 0
  数字显示: 0
  LOGO状态: 0 (0关, 1白, 2红)
  护盾状态: 0 (0关, 1白, 2绿)
  ReadyGo状态: 0 (0关, 1白, 2红)
  左转向灯: 0 (0关, 1白, 2橙)
  右转向灯: 0 (0关, 1白, 2橙)
  灯环状态: 0 (0关, 1蓝, 2红)
[2025-08-18 19:25:49.343] [DEBUG] 组包成功，数据长度: 21 字节
[2025-08-18 19:25:49.343] [DEBUG] 发送数据: A5 60 9F A5 03 0D 3B 34 33 33 33 33 33 33 33 33 33 33 33 C9 55
[2025-08-18 19:25:50.349] [DEBUG] 接收数据: A5 60 9F A5 83 55 33 93 7F 63 64 33 33 33 33 33 33 33 33 33 33 33 33 33 33 33 33 33 33 33 33 33 33 33 33 33 33 33 33 33 33 33 33 89 66 69 66 65 85 65 63 66 76 63 64 92 75 A7 63 65 33 33 33 33 33 33 33 37 33 33 33 34 33 33 33 33 33 33 33 33 33 33 33 33 33 33 33 33 33 33 33 CF 55
[2025-08-18 19:25:50.349] [DEBUG] 数据解析成功:
[2025-08-18 19:25:50.349] [INFO]   ID: 0x60
  命令: 0x83 (读)
  寄存器地址: 0x00
  寄存器数量: 0
[2025-08-18 19:25:50.349] [DEBUG] 组包成功，数据长度: 21 字节
[2025-08-18 19:25:50.351] [DEBUG] 发送数据: A5 60 9F A5 01 0D 3B 34 33 33 33 33 33 33 33 33 33 33 33 8E 55
[2025-08-18 19:25:51.353] [DEBUG] 接收数据: A5 60 9F A5 81 0D 3B 34 33 33 33 33 33 33 33 33 33 33 33 B9 55
[2025-08-18 19:25:51.353] [DEBUG] 数据解析成功:
[2025-08-18 19:25:51.353] [INFO]   ID: 0x60
  命令: 0x81 (读)
  寄存器地址: 0x08
  寄存器数量: 0
[2025-08-18 19:25:51.353] [INFO] 
全局变量中的LED显示信息已更新:
[2025-08-18 19:25:51.355] [INFO]   屏幕状态: 开
  亮度级别: 0
  数字显示: 0
  LOGO状态: 0 (0关, 1白, 2红)
  护盾状态: 0 (0关, 1白, 2绿)
  ReadyGo状态: 0 (0关, 1白, 2红)
  左转向灯: 0 (0关, 1白, 2橙)
  右转向灯: 0 (0关, 1白, 2橙)
  灯环状态: 0 (0关, 1蓝, 2红)
[2025-08-18 19:25:51.357] [INFO] 结果: PASS | 用时: 2.015s
[2025-08-18 19:25:51.357] [INFO] 已保存结果: reports\2025-08-18_19-25-31\results.csv
[2025-08-18 19:25:51.357] [INFO] 已生成报告: reports\2025-08-18_19-25-31\report.html
[2025-08-18 19:25:51.357] [DEBUG] 串口已关闭
[2025-08-18 19:25:51.357] [INFO] 程序结束
