[2025-09-09 19:49:06.190] [INFO] 初始化 BLE 协议通信...
[2025-09-09 19:49:06.400] [INFO] 加载用例 3 条 来自: testcases.xlsx
[2025-09-09 19:49:06.437] [INFO] ==== 执行用例 #1 ====
[2025-09-09 19:49:06.441] [INFO] 参数: {'screen_on': 1, 'brightness': 7, 'digital': 88, 'logo': 1, 'rim_state': 1, 'rdygo': 1, 'turn_left': 2, 'turn_right': 2, 'ring': 2} | 备注: 基本点亮 + 白LOGO + 左右转向橙
[2025-09-09 19:49:06.459] [DEBUG] 修改后的LED显示信息:
[2025-09-09 19:49:06.467] [INFO]   屏幕状态: 开
  亮度级别: 7
  数字显示: 88
  LOGO状态: 1 (0关, 1白, 2红)
  护盾状态: 1 (0关, 1白, 2绿)
  ReadyGo状态: 1 (0关, 1白, 2红)
  左转向灯: 2 (0关, 1白, 2橙)
  右转向灯: 2 (0关, 1白, 2橙)
  灯环状态: 2 (0关, 1蓝, 2红)
[2025-09-09 19:49:06.493] [DEBUG] 组包成功，数据长度: 21 字节
[2025-09-09 19:49:06.503] [DEBUG] 发送数据: A5 60 9F A5 03 0D 3B 42 33 33 33 0B 7D 38 33 33 33 33 33 BA 55
[2025-09-09 19:49:07.525] [DEBUG] 接收数据: A5 60 9F A5 83 55 33 93 7F 63 64 33 33 33 33 33 33 33 33 33 33 33 33 33 33 33 33 33 33 33 33 33 33 33 33 33 33 33 33 33 33 33 33 89 66 69 66 65 85 64 63 64 76 63 64 92 75 A7 63 65 33 33 33 33 33 37 33 3B 33 33 33 42 33 33 33 0B 7D 38 33 33 33 33 33 33 33 33 33 33 33 33 33 7D 55
[2025-09-09 19:49:07.571] [DEBUG] 数据解析成功:
[2025-09-09 19:49:07.583] [INFO]   ID: 0x60
  命令: 0x83 (读)
  寄存器地址: 0x00
  寄存器数量: 0
[2025-09-09 19:49:07.603] [DEBUG] 组包成功，数据长度: 21 字节
[2025-09-09 19:49:07.616] [DEBUG] 发送数据: A5 60 9F A5 01 0D 3B 42 33 33 33 0B 7D 38 33 33 33 33 33 FD 55
[2025-09-09 19:49:08.650] [DEBUG] 接收数据: A5 60 9F A5 81 0D 3B 42 33 33 33 0B 7D 38 33 33 33 33 33 CA 55
[2025-09-09 19:49:08.684] [DEBUG] 数据解析成功:
[2025-09-09 19:49:08.701] [INFO]   ID: 0x60
  命令: 0x81 (读)
  寄存器地址: 0x08
  寄存器数量: 0
[2025-09-09 19:49:08.721] [INFO] 
全局变量中的LED显示信息已更新:
[2025-09-09 19:49:08.742] [INFO]   屏幕状态: 开
  亮度级别: 7
  数字显示: 88
  LOGO状态: 1 (0关, 1白, 2红)
  护盾状态: 1 (0关, 1白, 2绿)
  ReadyGo状态: 1 (0关, 1白, 2红)
  左转向灯: 2 (0关, 1白, 2橙)
  右转向灯: 2 (0关, 1白, 2橙)
  灯环状态: 2 (0关, 1蓝, 2红)
[2025-09-09 19:49:08.758] [INFO] 结果: PASS | 用时: 2.321s
[2025-09-09 19:49:08.970] [INFO] ==== 执行用例 #2 ====
[2025-09-09 19:49:08.989] [INFO] 参数: {'screen_on': 0, 'brightness': 3, 'digital': 0, 'logo': 0, 'rim_state': 0, 'rdygo': 0, 'turn_left': 0, 'turn_right': 0, 'ring': 0} | 备注: 关闭显示，校验全部为0（除 brightness）
[2025-09-09 19:49:09.018] [DEBUG] 修改后的LED显示信息:
[2025-09-09 19:49:09.032] [INFO]   屏幕状态: 关
  亮度级别: 3
  数字显示: 0
  LOGO状态: 0 (0关, 1白, 2红)
  护盾状态: 0 (0关, 1白, 2绿)
  ReadyGo状态: 0 (0关, 1白, 2红)
  左转向灯: 0 (0关, 1白, 2橙)
  右转向灯: 0 (0关, 1白, 2橙)
  灯环状态: 0 (0关, 1蓝, 2红)
[2025-09-09 19:49:09.049] [DEBUG] 组包成功，数据长度: 21 字节
[2025-09-09 19:49:09.060] [DEBUG] 发送数据: A5 60 9F A5 03 0D 3B 39 33 33 33 33 33 33 33 33 33 33 33 12 55
[2025-09-09 19:49:10.084] [DEBUG] 接收数据: A5 60 9F A5 83 55 33 93 7F 63 64 33 33 33 33 33 33 33 33 33 33 33 33 33 33 33 33 33 33 33 33 33 33 33 33 33 33 33 33 33 33 33 33 89 66 69 66 65 85 64 63 64 76 63 64 92 75 A7 63 65 33 33 33 33 33 37 33 36 33 33 33 39 33 33 33 33 33 33 33 33 33 33 33 33 33 33 33 33 33 33 33 BE 55
[2025-09-09 19:49:10.130] [DEBUG] 数据解析成功:
[2025-09-09 19:49:10.142] [INFO]   ID: 0x60
  命令: 0x83 (读)
  寄存器地址: 0x00
  寄存器数量: 0
[2025-09-09 19:49:10.163] [DEBUG] 组包成功，数据长度: 21 字节
[2025-09-09 19:49:10.177] [DEBUG] 发送数据: A5 60 9F A5 01 0D 3B 39 33 33 33 33 33 33 33 33 33 33 33 55 55
[2025-09-09 19:49:11.204] [DEBUG] 接收数据: A5 60 9F A5 81 0D 3B 39 33 33 33 33 33 33 33 33 33 33 33 62 55
[2025-09-09 19:49:11.240] [DEBUG] 数据解析成功:
[2025-09-09 19:49:11.253] [INFO]   ID: 0x60
  命令: 0x81 (读)
  寄存器地址: 0x08
  寄存器数量: 0
[2025-09-09 19:49:11.274] [INFO] 
全局变量中的LED显示信息已更新:
[2025-09-09 19:49:11.295] [INFO]   屏幕状态: 关
  亮度级别: 3
  数字显示: 0
  LOGO状态: 0 (0关, 1白, 2红)
  护盾状态: 0 (0关, 1白, 2绿)
  ReadyGo状态: 0 (0关, 1白, 2红)
  左转向灯: 0 (0关, 1白, 2橙)
  右转向灯: 0 (0关, 1白, 2橙)
  灯环状态: 0 (0关, 1蓝, 2红)
[2025-09-09 19:49:11.312] [INFO] 结果: PASS | 用时: 2.342s
[2025-09-09 19:49:11.524] [INFO] ==== 执行用例 #3 ====
[2025-09-09 19:49:11.559] [INFO] 参数: {'screen_on': 1, 'brightness': 7, 'digital': 11, 'logo': 1, 'rim_state': 0, 'rdygo': 0, 'turn_left': 0, 'turn_right': 0, 'ring': 0} | 备注: 关闭显示，校验全部为0（除 brightness）
[2025-09-09 19:49:11.593] [DEBUG] 修改后的LED显示信息:
[2025-09-09 19:49:11.605] [INFO]   屏幕状态: 开
  亮度级别: 7
  数字显示: 11
  LOGO状态: 1 (0关, 1白, 2红)
  护盾状态: 0 (0关, 1白, 2绿)
  ReadyGo状态: 0 (0关, 1白, 2红)
  左转向灯: 0 (0关, 1白, 2橙)
  右转向灯: 0 (0关, 1白, 2橙)
  灯环状态: 0 (0关, 1蓝, 2红)
[2025-09-09 19:49:11.617] [DEBUG] 组包成功，数据长度: 21 字节
[2025-09-09 19:49:11.626] [DEBUG] 发送数据: A5 60 9F A5 03 0D 3B 42 33 33 33 BE 33 33 33 33 33 33 33 B8 55
[2025-09-09 19:49:12.655] [DEBUG] 接收数据: A5 60 9F A5 83 55 33 93 7F 63 64 33 33 33 33 33 33 33 33 33 33 33 33 33 33 33 33 33 33 33 33 33 33 33 33 33 33 33 33 33 33 33 33 89 66 69 66 65 85 64 63 64 76 63 64 92 75 A7 63 65 33 33 33 33 33 37 33 3B 33 33 33 42 33 33 33 BE 33 33 33 33 33 33 33 33 33 33 33 33 33 33 33 FC 55
[2025-09-09 19:49:12.701] [DEBUG] 数据解析成功:
[2025-09-09 19:49:12.716] [INFO]   ID: 0x60
  命令: 0x83 (读)
  寄存器地址: 0x00
  寄存器数量: 0
[2025-09-09 19:49:12.738] [DEBUG] 组包成功，数据长度: 21 字节
[2025-09-09 19:49:12.751] [DEBUG] 发送数据: A5 60 9F A5 01 0D 3B 42 33 33 33 BE 33 33 33 33 33 33 33 FF 55
[2025-09-09 19:49:13.781] [DEBUG] 接收数据: A5 60 9F A5 81 0D 3B 42 33 33 33 BE 33 33 33 33 33 33 33 C8 55
[2025-09-09 19:49:13.815] [DEBUG] 数据解析成功:
[2025-09-09 19:49:13.831] [INFO]   ID: 0x60
  命令: 0x81 (读)
  寄存器地址: 0x08
  寄存器数量: 0
[2025-09-09 19:49:13.851] [INFO] 
全局变量中的LED显示信息已更新:
[2025-09-09 19:49:13.873] [INFO]   屏幕状态: 开
  亮度级别: 7
  数字显示: 11
  LOGO状态: 1 (0关, 1白, 2红)
  护盾状态: 0 (0关, 1白, 2绿)
  ReadyGo状态: 0 (0关, 1白, 2红)
  左转向灯: 0 (0关, 1白, 2橙)
  右转向灯: 0 (0关, 1白, 2橙)
  灯环状态: 0 (0关, 1蓝, 2红)
[2025-09-09 19:49:13.890] [INFO] 结果: PASS | 用时: 2.367s
[2025-09-09 19:49:14.101] [INFO] 开始压力循环: 次数=1, 间隔=0.5s, 参数={'screen_on': 1, 'brightness': 7, 'digital': 88, 'logo': 1, 'rim_state': 1, 'rdygo': 1, 'turn_left': 2, 'turn_right': 2, 'ring': 2}
[2025-09-09 19:49:14.145] [DEBUG] 修改后的LED显示信息:
[2025-09-09 19:49:14.158] [INFO]   屏幕状态: 开
  亮度级别: 7
  数字显示: 88
  LOGO状态: 1 (0关, 1白, 2红)
  护盾状态: 1 (0关, 1白, 2绿)
  ReadyGo状态: 1 (0关, 1白, 2红)
  左转向灯: 2 (0关, 1白, 2橙)
  右转向灯: 2 (0关, 1白, 2橙)
  灯环状态: 2 (0关, 1蓝, 2红)
[2025-09-09 19:49:14.173] [DEBUG] 组包成功，数据长度: 21 字节
[2025-09-09 19:49:14.184] [DEBUG] 发送数据: A5 60 9F A5 03 0D 3B 42 33 33 33 0B 7D 38 33 33 33 33 33 BA 55
[2025-09-09 19:49:15.207] [DEBUG] 接收数据: A5 60 9F A5 83 55 33 93 7F 63 64 33 33 33 33 33 33 33 33 33 33 33 33 33 33 33 33 33 33 33 33 33 33 33 33 33 33 33 33 33 33 33 33 89 66 69 66 65 85 64 63 64 76 63 64 92 75 A7 63 65 33 33 33 33 33 37 33 38 33 33 33 42 33 33 33 0B 7D 38 33 33 33 33 33 33 33 33 33 33 33 33 33 62 55
[2025-09-09 19:49:15.251] [DEBUG] 数据解析成功:
[2025-09-09 19:49:15.263] [INFO]   ID: 0x60
  命令: 0x83 (读)
  寄存器地址: 0x00
  寄存器数量: 0
[2025-09-09 19:49:15.314] [INFO] [循环 1/1] 发送 OK
[2025-09-09 19:49:15.830] [INFO] 已保存结果: reports\2025-09-09_19-49-06\results.csv
[2025-09-09 19:49:15.893] [INFO] 已生成报告: reports\2025-09-09_19-49-06\report.html
[2025-09-09 19:49:15.932] [DEBUG] 串口已关闭
[2025-09-09 19:49:15.944] [INFO] 程序结束
