[2025-09-09 19:39:58.459] [INFO] 初始化 BLE 协议通信...
[2025-09-09 19:39:58.671] [INFO] 加载用例 28 条 来自: testcases.xlsx
[2025-09-09 19:39:58.691] [INFO] ==== 执行用例 #3000 ====
[2025-09-09 19:39:58.695] [INFO] 参数: {'screen_on': 1, 'brightness': 1, 'digital': 50, 'logo': 0, 'rim_state': 1, 'rdygo': 0, 'turn_left': 0, 'turn_right': 0, 'ring': 2} | 备注: nan
[2025-09-09 19:39:58.713] [DEBUG] 修改后的LED显示信息:
[2025-09-09 19:39:58.721] [INFO]   屏幕状态: 开
  亮度级别: 1
  数字显示: 50
  LOGO状态: 0 (0关, 1白, 2红)
  护盾状态: 1 (0关, 1白, 2绿)
  ReadyGo状态: 0 (0关, 1白, 2红)
  左转向灯: 0 (0关, 1白, 2橙)
  右转向灯: 0 (0关, 1白, 2橙)
  灯环状态: 2 (0关, 1蓝, 2红)
[2025-09-09 19:39:58.734] [DEBUG] 组包成功，数据长度: 21 字节
[2025-09-09 19:39:58.743] [DEBUG] 发送数据: A5 60 9F A5 03 0D 3B 36 33 33 33 65 35 37 33 33 33 33 33 6A 55
[2025-09-09 19:39:58.764] [DEBUG] 接收数据超时
[2025-09-09 19:39:58.778] [DEBUG] 组包成功，数据长度: 21 字节
[2025-09-09 19:39:58.786] [DEBUG] 发送数据: A5 60 9F A5 01 0D 3B 36 33 33 33 65 35 37 33 33 33 33 33 2D 55
[2025-09-09 19:39:58.807] [DEBUG] 接收数据超时
[2025-09-09 19:39:58.815] [INFO] 结果: FAIL | 用时: 0.124s
[2025-09-09 19:39:58.827] [INFO] ==== 执行用例 #5106 ====
[2025-09-09 19:39:58.836] [INFO] 参数: {'screen_on': 1, 'brightness': 2, 'digital': 50, 'logo': 0, 'rim_state': 0, 'rdygo': 0, 'turn_left': 0, 'turn_right': 0, 'ring': 2} | 备注: nan
[2025-09-09 19:39:58.869] [DEBUG] 修改后的LED显示信息:
[2025-09-09 19:39:58.882] [INFO]   屏幕状态: 开
  亮度级别: 2
  数字显示: 50
  LOGO状态: 0 (0关, 1白, 2红)
  护盾状态: 0 (0关, 1白, 2绿)
  ReadyGo状态: 0 (0关, 1白, 2红)
  左转向灯: 0 (0关, 1白, 2橙)
  右转向灯: 0 (0关, 1白, 2橙)
  灯环状态: 2 (0关, 1蓝, 2红)
[2025-09-09 19:39:58.903] [DEBUG] 组包成功，数据长度: 21 字节
[2025-09-09 19:39:58.917] [DEBUG] 发送数据: A5 60 9F A5 03 0D 3B 38 33 33 33 65 33 37 33 33 33 33 33 FC 55
[2025-09-09 19:39:58.943] [DEBUG] 接收数据超时
[2025-09-09 19:39:58.953] [DEBUG] 组包成功，数据长度: 21 字节
[2025-09-09 19:39:58.966] [DEBUG] 发送数据: A5 60 9F A5 01 0D 3B 38 33 33 33 65 33 37 33 33 33 33 33 BB 55
[2025-09-09 19:39:58.996] [DEBUG] 接收数据超时
[2025-09-09 19:39:59.004] [INFO] 结果: FAIL | 用时: 0.177s
[2025-09-09 19:39:59.018] [INFO] ==== 执行用例 #6739 ====
[2025-09-09 19:39:59.029] [INFO] 参数: {'screen_on': 1, 'brightness': 3, 'digital': 0, 'logo': 0, 'rim_state': 2, 'rdygo': 0, 'turn_left': 1, 'turn_right': 2, 'ring': 0} | 备注: nan
[2025-09-09 19:39:59.060] [DEBUG] 修改后的LED显示信息:
[2025-09-09 19:39:59.074] [INFO]   屏幕状态: 开
  亮度级别: 3
  数字显示: 0
  LOGO状态: 0 (0关, 1白, 2红)
  护盾状态: 2 (0关, 1白, 2绿)
  ReadyGo状态: 0 (0关, 1白, 2红)
  左转向灯: 1 (0关, 1白, 2橙)
  右转向灯: 2 (0关, 1白, 2橙)
  灯环状态: 0 (0关, 1蓝, 2红)
[2025-09-09 19:39:59.093] [DEBUG] 组包成功，数据长度: 21 字节
[2025-09-09 19:39:59.106] [DEBUG] 发送数据: A5 60 9F A5 03 0D 3B 3A 33 33 33 33 57 34 33 33 33 33 33 E2 55
[2025-09-09 19:39:59.131] [DEBUG] 接收数据超时
[2025-09-09 19:39:59.144] [DEBUG] 组包成功，数据长度: 21 字节
[2025-09-09 19:39:59.152] [DEBUG] 发送数据: A5 60 9F A5 01 0D 3B 3A 33 33 33 33 57 34 33 33 33 33 33 A5 55
[2025-09-09 19:39:59.174] [DEBUG] 接收数据超时
[2025-09-09 19:39:59.182] [INFO] 结果: FAIL | 用时: 0.164s
[2025-09-09 19:39:59.195] [INFO] ==== 执行用例 #6924 ====
[2025-09-09 19:39:59.203] [INFO] 参数: {'screen_on': 1, 'brightness': 3, 'digital': 0, 'logo': 1, 'rim_state': 1, 'rdygo': 1, 'turn_left': 1, 'turn_right': 0, 'ring': 2} | 备注: nan
[2025-09-09 19:39:59.239] [DEBUG] 修改后的LED显示信息:
[2025-09-09 19:39:59.253] [INFO]   屏幕状态: 开
  亮度级别: 3
  数字显示: 0
  LOGO状态: 1 (0关, 1白, 2红)
  护盾状态: 1 (0关, 1白, 2绿)
  ReadyGo状态: 1 (0关, 1白, 2红)
  左转向灯: 1 (0关, 1白, 2橙)
  右转向灯: 0 (0关, 1白, 2橙)
  灯环状态: 2 (0关, 1蓝, 2红)
[2025-09-09 19:39:59.271] [DEBUG] 组包成功，数据长度: 21 字节
[2025-09-09 19:39:59.285] [DEBUG] 发送数据: A5 60 9F A5 03 0D 3B 3A 33 33 33 B3 5D 37 33 33 33 33 33 5C 55
[2025-09-09 19:39:59.310] [DEBUG] 接收数据超时
[2025-09-09 19:39:59.323] [DEBUG] 组包成功，数据长度: 21 字节
[2025-09-09 19:39:59.333] [DEBUG] 发送数据: A5 60 9F A5 01 0D 3B 3A 33 33 33 B3 5D 37 33 33 33 33 33 1B 55
[2025-09-09 19:39:59.358] [DEBUG] 接收数据超时
[2025-09-09 19:39:59.366] [INFO] 结果: FAIL | 用时: 0.171s
[2025-09-09 19:39:59.378] [INFO] ==== 执行用例 #7347 ====
[2025-09-09 19:39:59.386] [INFO] 参数: {'screen_on': 1, 'brightness': 3, 'digital': 50, 'logo': 0, 'rim_state': 0, 'rdygo': 2, 'turn_left': 0, 'turn_right': 0, 'ring': 2} | 备注: nan
[2025-09-09 19:39:59.433] [DEBUG] 修改后的LED显示信息:
[2025-09-09 19:39:59.445] [INFO]   屏幕状态: 开
  亮度级别: 3
  数字显示: 50
  LOGO状态: 0 (0关, 1白, 2红)
  护盾状态: 0 (0关, 1白, 2绿)
  ReadyGo状态: 2 (0关, 1白, 2红)
  左转向灯: 0 (0关, 1白, 2橙)
  右转向灯: 0 (0关, 1白, 2橙)
  灯环状态: 2 (0关, 1蓝, 2红)
[2025-09-09 19:39:59.466] [DEBUG] 组包成功，数据长度: 21 字节
[2025-09-09 19:39:59.479] [DEBUG] 发送数据: A5 60 9F A5 03 0D 3B 3A 33 33 33 65 43 37 33 33 33 33 33 4C 55
[2025-09-09 19:39:59.508] [DEBUG] 接收数据超时
[2025-09-09 19:39:59.520] [DEBUG] 组包成功，数据长度: 21 字节
[2025-09-09 19:39:59.534] [DEBUG] 发送数据: A5 60 9F A5 01 0D 3B 3A 33 33 33 65 43 37 33 33 33 33 33 0B 55
[2025-09-09 19:39:59.557] [DEBUG] 接收数据超时
[2025-09-09 19:39:59.568] [INFO] 结果: FAIL | 用时: 0.190s
[2025-09-09 19:39:59.576] [INFO] ==== 执行用例 #7548 ====
[2025-09-09 19:39:59.590] [INFO] 参数: {'screen_on': 1, 'brightness': 3, 'digital': 50, 'logo': 1, 'rim_state': 0, 'rdygo': 0, 'turn_left': 1, 'turn_right': 1, 'ring': 2} | 备注: nan
[2025-09-09 19:39:59.621] [DEBUG] 修改后的LED显示信息:
[2025-09-09 19:39:59.634] [INFO]   屏幕状态: 开
  亮度级别: 3
  数字显示: 50
  LOGO状态: 1 (0关, 1白, 2红)
  护盾状态: 0 (0关, 1白, 2绿)
  ReadyGo状态: 0 (0关, 1白, 2红)
  左转向灯: 1 (0关, 1白, 2橙)
  右转向灯: 1 (0关, 1白, 2橙)
  灯环状态: 2 (0关, 1蓝, 2红)
[2025-09-09 19:39:59.655] [DEBUG] 组包成功，数据长度: 21 字节
[2025-09-09 19:39:59.664] [DEBUG] 发送数据: A5 60 9F A5 03 0D 3B 3A 33 33 33 E5 D3 37 33 33 33 33 33 C8 55
[2025-09-09 19:39:59.694] [DEBUG] 接收数据超时
[2025-09-09 19:39:59.707] [DEBUG] 组包成功，数据长度: 21 字节
[2025-09-09 19:39:59.719] [DEBUG] 发送数据: A5 60 9F A5 01 0D 3B 3A 33 33 33 E5 D3 37 33 33 33 33 33 8F 55
[2025-09-09 19:39:59.741] [DEBUG] 接收数据超时
[2025-09-09 19:39:59.749] [INFO] 结果: FAIL | 用时: 0.173s
[2025-09-09 19:39:59.762] [INFO] ==== 执行用例 #7975 ====
[2025-09-09 19:39:59.770] [INFO] 参数: {'screen_on': 1, 'brightness': 3, 'digital': 50, 'logo': 2, 'rim_state': 2, 'rdygo': 1, 'turn_left': 1, 'turn_right': 0, 'ring': 0} | 备注: nan
[2025-09-09 19:39:59.799] [DEBUG] 修改后的LED显示信息:
[2025-09-09 19:39:59.812] [INFO]   屏幕状态: 开
  亮度级别: 3
  数字显示: 50
  LOGO状态: 2 (0关, 1白, 2红)
  护盾状态: 2 (0关, 1白, 2绿)
  ReadyGo状态: 1 (0关, 1白, 2红)
  左转向灯: 1 (0关, 1白, 2橙)
  右转向灯: 0 (0关, 1白, 2橙)
  灯环状态: 0 (0关, 1蓝, 2红)
[2025-09-09 19:39:59.835] [DEBUG] 组包成功，数据长度: 21 字节
[2025-09-09 19:39:59.846] [DEBUG] 发送数据: A5 60 9F A5 03 0D 3B 3A 33 33 33 65 60 33 33 33 33 33 33 D7 55
[2025-09-09 19:39:59.871] [DEBUG] 接收数据超时
[2025-09-09 19:39:59.883] [DEBUG] 组包成功，数据长度: 21 字节
[2025-09-09 19:39:59.895] [DEBUG] 发送数据: A5 60 9F A5 01 0D 3B 3A 33 33 33 65 60 33 33 33 33 33 33 90 55
[2025-09-09 19:39:59.917] [DEBUG] 接收数据超时
[2025-09-09 19:39:59.929] [INFO] 结果: FAIL | 用时: 0.168s
[2025-09-09 19:39:59.937] [INFO] ==== 执行用例 #8146 ====
[2025-09-09 19:39:59.950] [INFO] 参数: {'screen_on': 1, 'brightness': 3, 'digital': 100, 'logo': 0, 'rim_state': 1, 'rdygo': 1, 'turn_left': 2, 'turn_right': 0, 'ring': 0} | 备注: nan
[2025-09-09 19:39:59.983] [DEBUG] 修改后的LED显示信息:
[2025-09-09 19:39:59.998] [INFO]   屏幕状态: 开
  亮度级别: 3
  数字显示: 100
  LOGO状态: 0 (0关, 1白, 2红)
  护盾状态: 1 (0关, 1白, 2绿)
  ReadyGo状态: 1 (0关, 1白, 2红)
  左转向灯: 2 (0关, 1白, 2橙)
  右转向灯: 0 (0关, 1白, 2橙)
  灯环状态: 0 (0关, 1蓝, 2红)
[2025-09-09 19:40:00.016] [DEBUG] 组包成功，数据长度: 21 字节
[2025-09-09 19:40:00.032] [DEBUG] 发送数据: A5 60 9F A5 03 0D 3B 3A 33 33 33 97 7D 33 33 33 33 33 33 04 55
[2025-09-09 19:40:00.057] [DEBUG] 接收数据超时
[2025-09-09 19:40:00.069] [DEBUG] 组包成功，数据长度: 21 字节
[2025-09-09 19:40:00.077] [DEBUG] 发送数据: A5 60 9F A5 01 0D 3B 3A 33 33 33 97 7D 33 33 33 33 33 33 43 55
[2025-09-09 19:40:00.102] [DEBUG] 接收数据超时
[2025-09-09 19:40:00.115] [INFO] 结果: FAIL | 用时: 0.177s
[2025-09-09 19:40:00.127] [INFO] ==== 执行用例 #9520 ====
[2025-09-09 19:40:00.136] [INFO] 参数: {'screen_on': 1, 'brightness': 4, 'digital': 50, 'logo': 0, 'rim_state': 0, 'rdygo': 1, 'turn_left': 1, 'turn_right': 2, 'ring': 0} | 备注: nan
[2025-09-09 19:40:00.169] [DEBUG] 修改后的LED显示信息:
[2025-09-09 19:40:00.186] [INFO]   屏幕状态: 开
  亮度级别: 4
  数字显示: 50
  LOGO状态: 0 (0关, 1白, 2红)
  护盾状态: 0 (0关, 1白, 2绿)
  ReadyGo状态: 1 (0关, 1白, 2红)
  左转向灯: 1 (0关, 1白, 2橙)
  右转向灯: 2 (0关, 1白, 2橙)
  灯环状态: 0 (0关, 1蓝, 2红)
[2025-09-09 19:40:00.205] [DEBUG] 组包成功，数据长度: 21 字节
[2025-09-09 19:40:00.217] [DEBUG] 发送数据: A5 60 9F A5 03 0D 3B 3C 33 33 33 65 5B 34 33 33 33 33 33 67 55
[2025-09-09 19:40:00.270] [DEBUG] 接收数据超时
[2025-09-09 19:40:00.282] [DEBUG] 组包成功，数据长度: 21 字节
[2025-09-09 19:40:00.295] [DEBUG] 发送数据: A5 60 9F A5 01 0D 3B 3C 33 33 33 65 5B 34 33 33 33 33 33 20 55
[2025-09-09 19:40:00.320] [DEBUG] 接收数据超时
[2025-09-09 19:40:00.329] [INFO] 结果: FAIL | 用时: 0.202s
[2025-09-09 19:40:00.341] [INFO] ==== 执行用例 #9922 ====
[2025-09-09 19:40:00.354] [INFO] 参数: {'screen_on': 1, 'brightness': 4, 'digital': 50, 'logo': 1, 'rim_state': 2, 'rdygo': 1, 'turn_left': 1, 'turn_right': 1, 'ring': 0} | 备注: nan
[2025-09-09 19:40:00.387] [DEBUG] 修改后的LED显示信息:
[2025-09-09 19:40:00.400] [INFO]   屏幕状态: 开
  亮度级别: 4
  数字显示: 50
  LOGO状态: 1 (0关, 1白, 2红)
  护盾状态: 2 (0关, 1白, 2绿)
  ReadyGo状态: 1 (0关, 1白, 2红)
  左转向灯: 1 (0关, 1白, 2橙)
  右转向灯: 1 (0关, 1白, 2橙)
  灯环状态: 0 (0关, 1蓝, 2红)
[2025-09-09 19:40:00.421] [DEBUG] 组包成功，数据长度: 21 字节
[2025-09-09 19:40:00.434] [DEBUG] 发送数据: A5 60 9F A5 03 0D 3B 3C 33 33 33 E5 DF 33 33 33 33 33 33 1A 55
[2025-09-09 19:40:00.459] [DEBUG] 接收数据超时
[2025-09-09 19:40:00.467] [DEBUG] 组包成功，数据长度: 21 字节
[2025-09-09 19:40:00.481] [DEBUG] 发送数据: A5 60 9F A5 01 0D 3B 3C 33 33 33 E5 DF 33 33 33 33 33 33 5D 55
[2025-09-09 19:40:00.502] [DEBUG] 接收数据超时
[2025-09-09 19:40:00.515] [INFO] 结果: FAIL | 用时: 0.174s
[2025-09-09 19:40:00.524] [INFO] ==== 执行用例 #10023 ====
[2025-09-09 19:40:00.537] [INFO] 参数: {'screen_on': 1, 'brightness': 4, 'digital': 50, 'logo': 2, 'rim_state': 0, 'rdygo': 2, 'turn_left': 0, 'turn_right': 1, 'ring': 2} | 备注: nan
[2025-09-09 19:40:00.571] [DEBUG] 修改后的LED显示信息:
[2025-09-09 19:40:00.584] [INFO]   屏幕状态: 开
  亮度级别: 4
  数字显示: 50
  LOGO状态: 2 (0关, 1白, 2红)
  护盾状态: 0 (0关, 1白, 2绿)
  ReadyGo状态: 2 (0关, 1白, 2红)
  左转向灯: 0 (0关, 1白, 2橙)
  右转向灯: 1 (0关, 1白, 2橙)
  灯环状态: 2 (0关, 1蓝, 2红)
[2025-09-09 19:40:00.601] [DEBUG] 组包成功，数据长度: 21 字节
[2025-09-09 19:40:00.613] [DEBUG] 发送数据: A5 60 9F A5 03 0D 3B 3C 33 33 33 65 C4 37 33 33 33 33 33 85 55
[2025-09-09 19:40:00.639] [DEBUG] 接收数据超时
[2025-09-09 19:40:00.651] [DEBUG] 组包成功，数据长度: 21 字节
[2025-09-09 19:40:00.660] [DEBUG] 发送数据: A5 60 9F A5 01 0D 3B 3C 33 33 33 65 C4 37 33 33 33 33 33 C2 55
[2025-09-09 19:40:00.681] [DEBUG] 接收数据超时
[2025-09-09 19:40:00.694] [INFO] 结果: FAIL | 用时: 0.170s
[2025-09-09 19:40:00.702] [INFO] ==== 执行用例 #10068 ====
[2025-09-09 19:40:00.715] [INFO] 参数: {'screen_on': 1, 'brightness': 4, 'digital': 50, 'logo': 2, 'rim_state': 1, 'rdygo': 0, 'turn_left': 2, 'turn_right': 1, 'ring': 2} | 备注: nan
[2025-09-09 19:40:00.745] [DEBUG] 修改后的LED显示信息:
[2025-09-09 19:40:00.758] [INFO]   屏幕状态: 开
  亮度级别: 4
  数字显示: 50
  LOGO状态: 2 (0关, 1白, 2红)
  护盾状态: 1 (0关, 1白, 2绿)
  ReadyGo状态: 0 (0关, 1白, 2红)
  左转向灯: 2 (0关, 1白, 2橙)
  右转向灯: 1 (0关, 1白, 2橙)
  灯环状态: 2 (0关, 1蓝, 2红)
[2025-09-09 19:40:00.779] [DEBUG] 组包成功，数据长度: 21 字节
[2025-09-09 19:40:00.792] [DEBUG] 发送数据: A5 60 9F A5 03 0D 3B 3C 33 33 33 65 F6 37 33 33 33 33 33 C9 55
[2025-09-09 19:40:00.813] [DEBUG] 接收数据超时
[2025-09-09 19:40:00.826] [DEBUG] 组包成功，数据长度: 21 字节
[2025-09-09 19:40:00.840] [DEBUG] 发送数据: A5 60 9F A5 01 0D 3B 3C 33 33 33 65 F6 37 33 33 33 33 33 8E 55
[2025-09-09 19:40:00.859] [DEBUG] 接收数据超时
[2025-09-09 19:40:00.873] [INFO] 结果: FAIL | 用时: 0.171s
[2025-09-09 19:40:00.885] [INFO] ==== 执行用例 #10282 ====
[2025-09-09 19:40:00.896] [INFO] 参数: {'screen_on': 1, 'brightness': 4, 'digital': 100, 'logo': 0, 'rim_state': 0, 'rdygo': 2, 'turn_left': 2, 'turn_right': 1, 'ring': 0} | 备注: nan
[2025-09-09 19:40:00.932] [DEBUG] 修改后的LED显示信息:
[2025-09-09 19:40:00.949] [INFO]   屏幕状态: 开
  亮度级别: 4
  数字显示: 100
  LOGO状态: 0 (0关, 1白, 2红)
  护盾状态: 0 (0关, 1白, 2绿)
  ReadyGo状态: 2 (0关, 1白, 2红)
  左转向灯: 2 (0关, 1白, 2橙)
  右转向灯: 1 (0关, 1白, 2橙)
  灯环状态: 0 (0关, 1蓝, 2红)
[2025-09-09 19:40:00.968] [DEBUG] 组包成功，数据长度: 21 字节
[2025-09-09 19:40:00.982] [DEBUG] 发送数据: A5 60 9F A5 03 0D 3B 3C 33 33 33 97 03 33 33 33 33 33 33 D5 55
[2025-09-09 19:40:01.006] [DEBUG] 接收数据超时
[2025-09-09 19:40:01.017] [DEBUG] 组包成功，数据长度: 21 字节
[2025-09-09 19:40:01.029] [DEBUG] 发送数据: A5 60 9F A5 01 0D 3B 3C 33 33 33 97 03 33 33 33 33 33 33 92 55
[2025-09-09 19:40:01.050] [DEBUG] 接收数据超时
[2025-09-09 19:40:01.063] [INFO] 结果: FAIL | 用时: 0.178s
[2025-09-09 19:40:01.075] [INFO] ==== 执行用例 #10509 ====
[2025-09-09 19:40:01.083] [INFO] 参数: {'screen_on': 1, 'brightness': 4, 'digital': 100, 'logo': 1, 'rim_state': 0, 'rdygo': 2, 'turn_left': 0, 'turn_right': 1, 'ring': 2} | 备注: nan
[2025-09-09 19:40:01.116] [DEBUG] 修改后的LED显示信息:
[2025-09-09 19:40:01.129] [INFO]   屏幕状态: 开
  亮度级别: 4
  数字显示: 100
  LOGO状态: 1 (0关, 1白, 2红)
  护盾状态: 0 (0关, 1白, 2绿)
  ReadyGo状态: 2 (0关, 1白, 2红)
  左转向灯: 0 (0关, 1白, 2橙)
  右转向灯: 1 (0关, 1白, 2橙)
  灯环状态: 2 (0关, 1蓝, 2红)
[2025-09-09 19:40:01.151] [DEBUG] 组包成功，数据长度: 21 字节
[2025-09-09 19:40:01.162] [DEBUG] 发送数据: A5 60 9F A5 03 0D 3B 3C 33 33 33 17 C3 37 33 33 33 33 33 56 55
[2025-09-09 19:40:01.185] [DEBUG] 接收数据超时
[2025-09-09 19:40:01.197] [DEBUG] 组包成功，数据长度: 21 字节
[2025-09-09 19:40:01.209] [DEBUG] 发送数据: A5 60 9F A5 01 0D 3B 3C 33 33 33 17 C3 37 33 33 33 33 33 11 55
[2025-09-09 19:40:01.231] [DEBUG] 接收数据超时
[2025-09-09 19:40:01.240] [INFO] 结果: FAIL | 用时: 0.165s
[2025-09-09 19:40:01.249] [INFO] ==== 执行用例 #11108 ====
[2025-09-09 19:40:01.257] [INFO] 参数: {'screen_on': 1, 'brightness': 5, 'digital': 0, 'logo': 0, 'rim_state': 2, 'rdygo': 0, 'turn_left': 1, 'turn_right': 0, 'ring': 1} | 备注: nan
[2025-09-09 19:40:01.291] [DEBUG] 修改后的LED显示信息:
[2025-09-09 19:40:01.307] [INFO]   屏幕状态: 开
  亮度级别: 5
  数字显示: 0
  LOGO状态: 0 (0关, 1白, 2红)
  护盾状态: 2 (0关, 1白, 2绿)
  ReadyGo状态: 0 (0关, 1白, 2红)
  左转向灯: 1 (0关, 1白, 2橙)
  右转向灯: 0 (0关, 1白, 2橙)
  灯环状态: 1 (0关, 1蓝, 2红)
[2025-09-09 19:40:01.325] [DEBUG] 组包成功，数据长度: 21 字节
[2025-09-09 19:40:01.337] [DEBUG] 发送数据: A5 60 9F A5 03 0D 3B 3E 33 33 33 33 57 35 33 33 33 33 33 6E 55
[2025-09-09 19:40:01.361] [DEBUG] 接收数据超时
[2025-09-09 19:40:01.373] [DEBUG] 组包成功，数据长度: 21 字节
[2025-09-09 19:40:01.382] [DEBUG] 发送数据: A5 60 9F A5 01 0D 3B 3E 33 33 33 33 57 35 33 33 33 33 33 29 55
[2025-09-09 19:40:01.407] [DEBUG] 接收数据超时
[2025-09-09 19:40:01.420] [INFO] 结果: FAIL | 用时: 0.171s
[2025-09-09 19:40:01.428] [INFO] ==== 执行用例 #11309 ====
[2025-09-09 19:40:01.440] [INFO] 参数: {'screen_on': 1, 'brightness': 5, 'digital': 0, 'logo': 1, 'rim_state': 1, 'rdygo': 1, 'turn_left': 2, 'turn_right': 1, 'ring': 1} | 备注: nan
[2025-09-09 19:40:01.469] [DEBUG] 修改后的LED显示信息:
[2025-09-09 19:40:01.486] [INFO]   屏幕状态: 开
  亮度级别: 5
  数字显示: 0
  LOGO状态: 1 (0关, 1白, 2红)
  护盾状态: 1 (0关, 1白, 2绿)
  ReadyGo状态: 1 (0关, 1白, 2红)
  左转向灯: 2 (0关, 1白, 2橙)
  右转向灯: 1 (0关, 1白, 2橙)
  灯环状态: 1 (0关, 1蓝, 2红)
[2025-09-09 19:40:01.502] [DEBUG] 组包成功，数据长度: 21 字节
[2025-09-09 19:40:01.518] [DEBUG] 发送数据: A5 60 9F A5 03 0D 3B 3E 33 33 33 B3 FD 35 33 33 33 33 33 82 55
[2025-09-09 19:40:01.544] [DEBUG] 接收数据超时
[2025-09-09 19:40:01.552] [DEBUG] 组包成功，数据长度: 21 字节
[2025-09-09 19:40:01.568] [DEBUG] 发送数据: A5 60 9F A5 01 0D 3B 3E 33 33 33 B3 FD 35 33 33 33 33 33 C5 55
[2025-09-09 19:40:01.588] [DEBUG] 接收数据超时
[2025-09-09 19:40:01.597] [INFO] 结果: FAIL | 用时: 0.169s
[2025-09-09 19:40:01.610] [INFO] ==== 执行用例 #11460 ====
[2025-09-09 19:40:01.622] [INFO] 参数: {'screen_on': 1, 'brightness': 5, 'digital': 0, 'logo': 2, 'rim_state': 0, 'rdygo': 1, 'turn_left': 1, 'turn_right': 0, 'ring': 2} | 备注: nan
[2025-09-09 19:40:01.655] [DEBUG] 修改后的LED显示信息:
[2025-09-09 19:40:01.671] [INFO]   屏幕状态: 开
  亮度级别: 5
  数字显示: 0
  LOGO状态: 2 (0关, 1白, 2红)
  护盾状态: 0 (0关, 1白, 2绿)
  ReadyGo状态: 1 (0关, 1白, 2红)
  左转向灯: 1 (0关, 1白, 2橙)
  右转向灯: 0 (0关, 1白, 2橙)
  灯环状态: 2 (0关, 1蓝, 2红)
[2025-09-09 19:40:01.692] [DEBUG] 组包成功，数据长度: 21 字节
[2025-09-09 19:40:01.705] [DEBUG] 发送数据: A5 60 9F A5 03 0D 3B 3E 33 33 33 33 5C 37 33 33 33 33 33 AD 55
[2025-09-09 19:40:01.730] [DEBUG] 接收数据超时
[2025-09-09 19:40:01.743] [DEBUG] 组包成功，数据长度: 21 字节
[2025-09-09 19:40:01.755] [DEBUG] 发送数据: A5 60 9F A5 01 0D 3B 3E 33 33 33 33 5C 37 33 33 33 33 33 EA 55
[2025-09-09 19:40:01.780] [DEBUG] 接收数据超时
[2025-09-09 19:40:01.788] [INFO] 结果: FAIL | 用时: 0.178s
[2025-09-09 19:40:01.803] [INFO] ==== 执行用例 #12960 ====
[2025-09-09 19:40:01.813] [INFO] 参数: {'screen_on': 1, 'brightness': 5, 'digital': 100, 'logo': 2, 'rim_state': 0, 'rdygo': 2, 'turn_left': 2, 'turn_right': 2, 'ring': 2} | 备注: nan
[2025-09-09 19:40:01.843] [DEBUG] 修改后的LED显示信息:
[2025-09-09 19:40:01.859] [INFO]   屏幕状态: 开
  亮度级别: 5
  数字显示: 100
  LOGO状态: 2 (0关, 1白, 2红)
  护盾状态: 0 (0关, 1白, 2绿)
  ReadyGo状态: 2 (0关, 1白, 2红)
  左转向灯: 2 (0关, 1白, 2橙)
  右转向灯: 2 (0关, 1白, 2橙)
  灯环状态: 2 (0关, 1蓝, 2红)
[2025-09-09 19:40:01.878] [DEBUG] 组包成功，数据长度: 21 字节
[2025-09-09 19:40:01.892] [DEBUG] 发送数据: A5 60 9F A5 03 0D 3B 3E 33 33 33 97 84 38 33 33 33 33 33 9E 55
[2025-09-09 19:40:01.916] [DEBUG] 接收数据超时
[2025-09-09 19:40:01.929] [DEBUG] 组包成功，数据长度: 21 字节
[2025-09-09 19:40:01.941] [DEBUG] 发送数据: A5 60 9F A5 01 0D 3B 3E 33 33 33 97 84 38 33 33 33 33 33 D9 55
[2025-09-09 19:40:01.962] [DEBUG] 接收数据超时
[2025-09-09 19:40:01.971] [INFO] 结果: FAIL | 用时: 0.167s
[2025-09-09 19:40:01.984] [INFO] ==== 执行用例 #13191 ====
[2025-09-09 19:40:01.996] [INFO] 参数: {'screen_on': 1, 'brightness': 6, 'digital': 0, 'logo': 0, 'rim_state': 0, 'rdygo': 2, 'turn_left': 1, 'turn_right': 1, 'ring': 2} | 备注: nan
[2025-09-09 19:40:02.026] [DEBUG] 修改后的LED显示信息:
[2025-09-09 19:40:02.040] [INFO]   屏幕状态: 开
  亮度级别: 6
  数字显示: 0
  LOGO状态: 0 (0关, 1白, 2红)
  护盾状态: 0 (0关, 1白, 2绿)
  ReadyGo状态: 2 (0关, 1白, 2红)
  左转向灯: 1 (0关, 1白, 2橙)
  右转向灯: 1 (0关, 1白, 2橙)
  灯环状态: 2 (0关, 1蓝, 2红)
[2025-09-09 19:40:02.058] [DEBUG] 组包成功，数据长度: 21 字节
[2025-09-09 19:40:02.070] [DEBUG] 发送数据: A5 60 9F A5 03 0D 3B 40 33 33 33 33 E3 37 33 33 33 33 33 02 55
[2025-09-09 19:40:02.094] [DEBUG] 接收数据超时
[2025-09-09 19:40:02.107] [DEBUG] 组包成功，数据长度: 21 字节
[2025-09-09 19:40:02.119] [DEBUG] 发送数据: A5 60 9F A5 01 0D 3B 40 33 33 33 33 E3 37 33 33 33 33 33 45 55
[2025-09-09 19:40:02.140] [DEBUG] 接收数据超时
[2025-09-09 19:40:02.148] [INFO] 结果: FAIL | 用时: 0.164s
[2025-09-09 19:40:02.162] [INFO] ==== 执行用例 #13602 ====
[2025-09-09 19:40:02.174] [INFO] 参数: {'screen_on': 1, 'brightness': 6, 'digital': 0, 'logo': 1, 'rim_state': 2, 'rdygo': 2, 'turn_left': 2, 'turn_right': 0, 'ring': 2} | 备注: nan
[2025-09-09 19:40:02.205] [DEBUG] 修改后的LED显示信息:
[2025-09-09 19:40:02.216] [INFO]   屏幕状态: 开
  亮度级别: 6
  数字显示: 0
  LOGO状态: 1 (0关, 1白, 2红)
  护盾状态: 2 (0关, 1白, 2绿)
  ReadyGo状态: 2 (0关, 1白, 2红)
  左转向灯: 2 (0关, 1白, 2橙)
  右转向灯: 0 (0关, 1白, 2橙)
  灯环状态: 2 (0关, 1蓝, 2红)
[2025-09-09 19:40:02.238] [DEBUG] 组包成功，数据长度: 21 字节
[2025-09-09 19:40:02.245] [DEBUG] 发送数据: A5 60 9F A5 03 0D 3B 40 33 33 33 B3 87 37 33 33 33 33 33 62 55
[2025-09-09 19:40:02.271] [DEBUG] 接收数据超时
[2025-09-09 19:40:02.283] [DEBUG] 组包成功，数据长度: 21 字节
[2025-09-09 19:40:02.292] [DEBUG] 发送数据: A5 60 9F A5 01 0D 3B 40 33 33 33 B3 87 37 33 33 33 33 33 25 55
[2025-09-09 19:40:02.314] [DEBUG] 接收数据超时
[2025-09-09 19:40:02.325] [INFO] 结果: FAIL | 用时: 0.163s
[2025-09-09 19:40:02.338] [INFO] ==== 执行用例 #14453 ====
[2025-09-09 19:40:02.351] [INFO] 参数: {'screen_on': 1, 'brightness': 6, 'digital': 50, 'logo': 2, 'rim_state': 1, 'rdygo': 1, 'turn_left': 0, 'turn_right': 2, 'ring': 1} | 备注: nan
[2025-09-09 19:40:02.384] [DEBUG] 修改后的LED显示信息:
[2025-09-09 19:40:02.397] [INFO]   屏幕状态: 开
  亮度级别: 6
  数字显示: 50
  LOGO状态: 2 (0关, 1白, 2红)
  护盾状态: 1 (0关, 1白, 2绿)
  ReadyGo状态: 1 (0关, 1白, 2红)
  左转向灯: 0 (0关, 1白, 2橙)
  右转向灯: 2 (0关, 1白, 2橙)
  灯环状态: 1 (0关, 1蓝, 2红)
[2025-09-09 19:40:02.421] [DEBUG] 组包成功，数据长度: 21 字节
[2025-09-09 19:40:02.434] [DEBUG] 发送数据: A5 60 9F A5 03 0D 3B 40 33 33 33 65 3E 36 33 33 33 33 33 D5 55
[2025-09-09 19:40:02.458] [DEBUG] 接收数据超时
[2025-09-09 19:40:02.471] [DEBUG] 组包成功，数据长度: 21 字节
[2025-09-09 19:40:02.479] [DEBUG] 发送数据: A5 60 9F A5 01 0D 3B 40 33 33 33 65 3E 36 33 33 33 33 33 92 55
[2025-09-09 19:40:02.505] [DEBUG] 接收数据超时
[2025-09-09 19:40:02.514] [INFO] 结果: FAIL | 用时: 0.176s
[2025-09-09 19:40:02.522] [INFO] ==== 执行用例 #14934 ====
[2025-09-09 19:40:02.535] [INFO] 参数: {'screen_on': 1, 'brightness': 6, 'digital': 100, 'logo': 1, 'rim_state': 1, 'rdygo': 1, 'turn_left': 0, 'turn_right': 0, 'ring': 2} | 备注: nan
[2025-09-09 19:40:02.565] [DEBUG] 修改后的LED显示信息:
[2025-09-09 19:40:02.580] [INFO]   屏幕状态: 开
  亮度级别: 6
  数字显示: 100
  LOGO状态: 1 (0关, 1白, 2红)
  护盾状态: 1 (0关, 1白, 2绿)
  ReadyGo状态: 1 (0关, 1白, 2红)
  左转向灯: 0 (0关, 1白, 2橙)
  右转向灯: 0 (0关, 1白, 2橙)
  灯环状态: 2 (0关, 1蓝, 2红)
[2025-09-09 19:40:02.599] [DEBUG] 组包成功，数据长度: 21 字节
[2025-09-09 19:40:02.611] [DEBUG] 发送数据: A5 60 9F A5 03 0D 3B 40 33 33 33 17 3D 37 33 33 33 33 33 46 55
[2025-09-09 19:40:02.638] [DEBUG] 接收数据超时
[2025-09-09 19:40:02.649] [DEBUG] 组包成功，数据长度: 21 字节
[2025-09-09 19:40:02.658] [DEBUG] 发送数据: A5 60 9F A5 01 0D 3B 40 33 33 33 17 3D 37 33 33 33 33 33 01 55
[2025-09-09 19:40:02.683] [DEBUG] 接收数据超时
[2025-09-09 19:40:02.692] [INFO] 结果: FAIL | 用时: 0.169s
[2025-09-09 19:40:02.700] [INFO] ==== 执行用例 #15192 ====
[2025-09-09 19:40:02.713] [INFO] 参数: {'screen_on': 1, 'brightness': 6, 'digital': 100, 'logo': 2, 'rim_state': 1, 'rdygo': 1, 'turn_left': 1, 'turn_right': 2, 'ring': 2} | 备注: nan
[2025-09-09 19:40:02.743] [DEBUG] 修改后的LED显示信息:
[2025-09-09 19:40:02.757] [INFO]   屏幕状态: 开
  亮度级别: 6
  数字显示: 100
  LOGO状态: 2 (0关, 1白, 2红)
  护盾状态: 1 (0关, 1白, 2绿)
  ReadyGo状态: 1 (0关, 1白, 2红)
  左转向灯: 1 (0关, 1白, 2橙)
  右转向灯: 2 (0关, 1白, 2橙)
  灯环状态: 2 (0关, 1蓝, 2红)
[2025-09-09 19:40:02.777] [DEBUG] 组包成功，数据长度: 21 字节
[2025-09-09 19:40:02.789] [DEBUG] 发送数据: A5 60 9F A5 03 0D 3B 40 33 33 33 97 5E 38 33 33 33 33 33 7E 55
[2025-09-09 19:40:02.810] [DEBUG] 接收数据超时
[2025-09-09 19:40:02.823] [DEBUG] 组包成功，数据长度: 21 字节
[2025-09-09 19:40:02.835] [DEBUG] 发送数据: A5 60 9F A5 01 0D 3B 40 33 33 33 97 5E 38 33 33 33 33 33 39 55
[2025-09-09 19:40:02.856] [DEBUG] 接收数据超时
[2025-09-09 19:40:02.865] [INFO] 结果: FAIL | 用时: 0.164s
[2025-09-09 19:40:02.877] [INFO] ==== 执行用例 #15583 ====
[2025-09-09 19:40:02.886] [INFO] 参数: {'screen_on': 1, 'brightness': 7, 'digital': 0, 'logo': 1, 'rim_state': 0, 'rdygo': 1, 'turn_left': 0, 'turn_right': 1, 'ring': 0} | 备注: nan
[2025-09-09 19:40:02.920] [DEBUG] 修改后的LED显示信息:
[2025-09-09 19:40:02.928] [INFO]   屏幕状态: 开
  亮度级别: 7
  数字显示: 0
  LOGO状态: 1 (0关, 1白, 2红)
  护盾状态: 0 (0关, 1白, 2绿)
  ReadyGo状态: 1 (0关, 1白, 2红)
  左转向灯: 0 (0关, 1白, 2橙)
  右转向灯: 1 (0关, 1白, 2橙)
  灯环状态: 0 (0关, 1蓝, 2红)
[2025-09-09 19:40:02.949] [DEBUG] 组包成功，数据长度: 21 字节
[2025-09-09 19:40:02.961] [DEBUG] 发送数据: A5 60 9F A5 03 0D 3B 42 33 33 33 B3 BB 33 33 33 33 33 33 AB 55
[2025-09-09 19:40:02.987] [DEBUG] 接收数据超时
[2025-09-09 19:40:02.999] [DEBUG] 组包成功，数据长度: 21 字节
[2025-09-09 19:40:03.009] [DEBUG] 发送数据: A5 60 9F A5 01 0D 3B 42 33 33 33 B3 BB 33 33 33 33 33 33 EC 55
[2025-09-09 19:40:03.033] [DEBUG] 接收数据超时
[2025-09-09 19:40:03.040] [INFO] 结果: FAIL | 用时: 0.163s
[2025-09-09 19:40:03.053] [INFO] ==== 执行用例 #16100 ====
[2025-09-09 19:40:03.061] [INFO] 参数: {'screen_on': 1, 'brightness': 7, 'digital': 50, 'logo': 0, 'rim_state': 0, 'rdygo': 2, 'turn_left': 0, 'turn_right': 2, 'ring': 1} | 备注: nan
[2025-09-09 19:40:03.095] [DEBUG] 修改后的LED显示信息:
[2025-09-09 19:40:03.107] [INFO]   屏幕状态: 开
  亮度级别: 7
  数字显示: 50
  LOGO状态: 0 (0关, 1白, 2红)
  护盾状态: 0 (0关, 1白, 2绿)
  ReadyGo状态: 2 (0关, 1白, 2红)
  左转向灯: 0 (0关, 1白, 2橙)
  右转向灯: 2 (0关, 1白, 2橙)
  灯环状态: 1 (0关, 1蓝, 2红)
[2025-09-09 19:40:03.125] [DEBUG] 组包成功，数据长度: 21 字节
[2025-09-09 19:40:03.139] [DEBUG] 发送数据: A5 60 9F A5 03 0D 3B 42 33 33 33 65 43 36 33 33 33 33 33 99 55
[2025-09-09 19:40:03.163] [DEBUG] 接收数据超时
[2025-09-09 19:40:03.172] [DEBUG] 组包成功，数据长度: 21 字节
[2025-09-09 19:40:03.185] [DEBUG] 发送数据: A5 60 9F A5 01 0D 3B 42 33 33 33 65 43 36 33 33 33 33 33 DE 55
[2025-09-09 19:40:03.207] [DEBUG] 接收数据超时
[2025-09-09 19:40:03.215] [INFO] 结果: FAIL | 用时: 0.162s
[2025-09-09 19:40:03.227] [INFO] ==== 执行用例 #16418 ====
[2025-09-09 19:40:03.234] [INFO] 参数: {'screen_on': 1, 'brightness': 7, 'digital': 50, 'logo': 1, 'rim_state': 1, 'rdygo': 2, 'turn_left': 0, 'turn_right': 0, 'ring': 1} | 备注: nan
[2025-09-09 19:40:03.264] [DEBUG] 修改后的LED显示信息:
[2025-09-09 19:40:03.277] [INFO]   屏幕状态: 开
  亮度级别: 7
  数字显示: 50
  LOGO状态: 1 (0关, 1白, 2红)
  护盾状态: 1 (0关, 1白, 2绿)
  ReadyGo状态: 2 (0关, 1白, 2红)
  左转向灯: 0 (0关, 1白, 2橙)
  右转向灯: 0 (0关, 1白, 2橙)
  灯环状态: 1 (0关, 1蓝, 2红)
[2025-09-09 19:40:03.298] [DEBUG] 组包成功，数据长度: 21 字节
[2025-09-09 19:40:03.307] [DEBUG] 发送数据: A5 60 9F A5 03 0D 3B 42 33 33 33 E5 45 35 33 33 33 33 33 11 55
[2025-09-09 19:40:03.332] [DEBUG] 接收数据超时
[2025-09-09 19:40:03.341] [DEBUG] 组包成功，数据长度: 21 字节
[2025-09-09 19:40:03.353] [DEBUG] 发送数据: A5 60 9F A5 01 0D 3B 42 33 33 33 E5 45 35 33 33 33 33 33 56 55
[2025-09-09 19:40:03.375] [DEBUG] 接收数据超时
[2025-09-09 19:40:03.385] [INFO] 结果: FAIL | 用时: 0.158s
[2025-09-09 19:40:03.395] [INFO] ==== 执行用例 #16485 ====
[2025-09-09 19:40:03.407] [INFO] 参数: {'screen_on': 1, 'brightness': 7, 'digital': 50, 'logo': 1, 'rim_state': 2, 'rdygo': 1, 'turn_left': 1, 'turn_right': 1, 'ring': 2} | 备注: nan
[2025-09-09 19:40:03.438] [DEBUG] 修改后的LED显示信息:
[2025-09-09 19:40:03.450] [INFO]   屏幕状态: 开
  亮度级别: 7
  数字显示: 50
  LOGO状态: 1 (0关, 1白, 2红)
  护盾状态: 2 (0关, 1白, 2绿)
  ReadyGo状态: 1 (0关, 1白, 2红)
  左转向灯: 1 (0关, 1白, 2橙)
  右转向灯: 1 (0关, 1白, 2橙)
  灯环状态: 2 (0关, 1蓝, 2红)
[2025-09-09 19:40:03.474] [DEBUG] 组包成功，数据长度: 21 字节
[2025-09-09 19:40:03.483] [DEBUG] 发送数据: A5 60 9F A5 03 0D 3B 42 33 33 33 E5 DF 37 33 33 33 33 33 79 55
[2025-09-09 19:40:03.510] [DEBUG] 接收数据超时
[2025-09-09 19:40:03.521] [DEBUG] 组包成功，数据长度: 21 字节
[2025-09-09 19:40:03.534] [DEBUG] 发送数据: A5 60 9F A5 01 0D 3B 42 33 33 33 E5 DF 37 33 33 33 33 33 3E 55
[2025-09-09 19:40:03.558] [DEBUG] 接收数据超时
[2025-09-09 19:40:03.567] [INFO] 结果: FAIL | 用时: 0.172s
[2025-09-09 19:40:03.575] [INFO] ==== 执行用例 #16555 ====
[2025-09-09 19:40:03.587] [INFO] 参数: {'screen_on': 1, 'brightness': 7, 'digital': 50, 'logo': 2, 'rim_state': 0, 'rdygo': 1, 'turn_left': 0, 'turn_right': 1, 'ring': 0} | 备注: nan
[2025-09-09 19:40:03.619] [DEBUG] 修改后的LED显示信息:
[2025-09-09 19:40:03.630] [INFO]   屏幕状态: 开
  亮度级别: 7
  数字显示: 50
  LOGO状态: 2 (0关, 1白, 2红)
  护盾状态: 0 (0关, 1白, 2绿)
  ReadyGo状态: 1 (0关, 1白, 2红)
  左转向灯: 0 (0关, 1白, 2橙)
  右转向灯: 1 (0关, 1白, 2橙)
  灯环状态: 0 (0关, 1蓝, 2红)
[2025-09-09 19:40:03.651] [DEBUG] 组包成功，数据长度: 21 字节
[2025-09-09 19:40:03.664] [DEBUG] 发送数据: A5 60 9F A5 03 0D 3B 42 33 33 33 65 BC 33 33 33 33 33 33 1D 55
[2025-09-09 19:40:03.687] [DEBUG] 接收数据超时
[2025-09-09 19:40:03.698] [DEBUG] 组包成功，数据长度: 21 字节
[2025-09-09 19:40:03.710] [DEBUG] 发送数据: A5 60 9F A5 01 0D 3B 42 33 33 33 65 BC 33 33 33 33 33 33 5A 55
[2025-09-09 19:40:03.730] [DEBUG] 接收数据超时
[2025-09-09 19:40:03.744] [INFO] 结果: FAIL | 用时: 0.168s
[2025-09-09 19:40:03.752] [INFO] 开始压力循环: 次数=1, 间隔=0.5s, 参数={'screen_on': 1, 'brightness': 1, 'digital': 50, 'logo': 0, 'rim_state': 1, 'rdygo': 0, 'turn_left': 0, 'turn_right': 0, 'ring': 2}
[2025-09-09 19:40:03.781] [DEBUG] 修改后的LED显示信息:
[2025-09-09 19:40:03.794] [INFO]   屏幕状态: 开
  亮度级别: 1
  数字显示: 50
  LOGO状态: 0 (0关, 1白, 2红)
  护盾状态: 1 (0关, 1白, 2绿)
  ReadyGo状态: 0 (0关, 1白, 2红)
  左转向灯: 0 (0关, 1白, 2橙)
  右转向灯: 0 (0关, 1白, 2橙)
  灯环状态: 2 (0关, 1蓝, 2红)
[2025-09-09 19:40:03.815] [DEBUG] 组包成功，数据长度: 21 字节
[2025-09-09 19:40:03.824] [DEBUG] 发送数据: A5 60 9F A5 03 0D 3B 36 33 33 33 65 35 37 33 33 33 33 33 6A 55
[2025-09-09 19:40:03.849] [DEBUG] 接收数据: A5 60 9F A5 83 55 33 93 7F 63 64 33 33 33 33 33 33 33 33 33 33 33 33 33 33 33 33 33 33 33 33 33 33 33 33 33 33 33 33 33 33 33 33 89 66 69 66 65 85 64 63 64 76 63 64 92 75 A7 63 65 33 33 33 33 33 37 33 38 33 33 33 36 33 33 33 65 35 37 33 33 33 33 33 33 33 33 33 33 33 33 33 42 55 A5 60 9F A5 81 0D 3B 36 33 33 33 65 35 37 33 33 33 33 33 1A 55 A5 60 9F A5 83 55 33 93 7F 63 64 33 33 33 33 33 33 33 33 33 33 33 33 33 33 33 33 33 33 33 33 33 33 33 33 33 33 33 33 33 33 33 33 89 66 69 66 65 85 64 63 64 76 63 64 92 75 A7 63 65 33 33 33 33 33 37 33 38 33 33 33 38 33 33 33 65 33 37 33 33 33 33 33 33 33 33 33 33 33 33 33 EE 55 A5 60 9F A5 81 0D 3B 38 33 33 33 65 33 37 33 33 33 33 33 8C 55 A5 60 9F A5 83 55 33 93 7F 63 64 33 33 33 33 33 33 33 33 33 33 33 33 33 33 33 33 33 33 33 33 33 33 33 33 33 33 33 33 33 33 33 33 89 66 69 66 65 85 64 63 64 76 63 64 92 75 A7 63 65 33 33 33 33 33 37 33 38 33 33 33 3A 33 33 33 33 57 34 33 33 33 33 33 33 33 33 33 33 33 33 33 53 55 A5 60 9F A5 81 0D 3B 3A 33 33 33 33 57 34 33 33 33 33 33 92 55 A5 60 9F A5 83 55 33 93 7F 63 64 33 33 33 33 33 33 33 33 33 33 33 33 33 33 33 33 33 33 33 33 33 33 33 33 33 33 33 33 33 33 33 33 89 66 69 66 65 85 64 63 64 76 63 64 92 75 A7 63 65 33 33 33 33 33 37 33 38 33 33 33 3A 33 33 33 B3 5D 37 33 33 33 33 33 33 33 33 33 33 33 33 33 A2 55 A5 60 9F A5 81 0D 3B 3A 33 33 33 B3 5D 37 33 33 33 33 33 2C 55 A5 60 9F A5 83 55 33 93 7F 63 64 33 33 33 33 33 33 33 33 33 33 33 33 33 33 33 33 33 33 33 33 33 33 33 33 33 33 33 33 33 33 33 33 89 66 69 66 65 85 64 63 64 76 63 64 92 75 A7 63 65 33 33 33 33 33 37 33 36 33 33 33 3A 33 33 33 65 43 37 33 33 33 33 33 33 33 33 33 33 33 33 33 E5 55 A5 60 9F A5 81 0D 3B 3A 33 33 33 65 43 37 33 33 33 33 33 3C 55 A5 60 9F A5 83 55 33 93 7F 63 64 33 33 33 33 33 33 33 33 33 33 33 33 33 33 33 33 33 33 33 33 33 33 33 33 33 33 33 33 33 33 33 33 89 66 69 66 65 85 64 63 64 76 63 64 92 75 A7 63 65 33 33 33 33 33 37 33 38 33 33 33 3A 33 33 33 E5 D3 37 33 33 33 33 33 33 33 33 33 33 33 33 33 79 55 A5 60 9F A5 81 0D 3B 3A 33 33 33 E5 D3 37 33 33 33 33 33 B8 55 A5 60 9F A5 83 55 33 93 7F 63 64 33 33 33 33 33 33 33 33 33 33 33 33 33 33 33 33 33 33 33 33 33 33 33 33 33 33 33 33 33 33 33 33 89 66 69 66 65 85 64 63 64 76 63 64 92 75 A7 63 65 33 33 33 33 33 37 33 37 33 33 33 3A 33 33 33 65 60 33 33 33 33 33 33 33 33 33 33 33 33 33 33 E1 55 A5 60 9F A5 81 0D 3B 3A 33 33 33 65 60 33 33 33 33 33 33 A7 55 A5 60 9F A5 83 55 33 93 7F 63 64 33 33 33 33 33 33 33 33 33 33 33 33 33 33 33 33 33 33 33 33 33 33 33 33 33 33 33 33 33 33 33 33 89 66 69 66 65 85 64 63 64 76 63 64 92 75 A7 63 65 33 33 33 34 33 37 33 38 33 33 33 3A 33 33 33 97 7D 33 33 33 33 33 33 33 33 33 33 33 33 33 33 67 55 A5 60 9F A5 81 0D 3B 3A 33 33 33 97 7D 33 33 33 33 33 33 74 55 A5 60 9F A5 83 55 33 93 7F 63 64 33 33 33 33 33 33 33 33 33 33 33 33 33 33 33 33 33 33 33 33 33 33 33 33 33 33 33 33 33 33 33 33 89 66 69 66 65 85 64 63 64 76 63 64 92 75 A7 63 65 33 33 33 34 33 37 33 37 33 33 33 3C 33 33 33 65 5B 34 33 33 33 33 33 33 33 33 33 33 33 33 33 3B 55 A5 60 9F A5 81 0D 3B 3C 33 33 33 65 5B 34 33 33 33 33 33 17 55 A5 60 9F A5 83 55 33 93 7F 63 64 33 33 33 33 33 33 33 33 33 33 33 33 33 33 33 33 33 33 33 33 33 33 33 33 33 33 33 33 33 33 33 33 89 66 69 66 65 85 64 63 64 76 63 64 92 75 A7 63 65 33 33 33 33 33 37 33 37 33 33 33 3C 33 33 33 E5 DF 33 33 33 33 33 33 33 33 33 33 33 33 33 33 CB 55 A5 60 9F A5 81 0D 3B 3C 33 33 33 E5 DF 33 33 33 33 33 33 6A 55 A5 60 9F A5 83 55 33 93 7F 63 64 33 33 33 33 33 33 33 33 33 33 33 33 33 33 33 33 33 33 33 33 33 33 33 33 33 33 33 33 33 33 33 33 89 66 69 66 65 85 64 63 64 76 63 64 92 75 A7 63 65 33 33 33 33 33 37 33 37 33 33 33 3C 33 33 33 65 C4 37 33 33 33 33 33 33 33 33 33 33 33 33 33 25 55 A5 60 9F A5 81 0D 3B 3C 33 33 33 65 C4 37 33 33 33 33 33 F5 55 A5 60 9F A5 83 55 33 93 7F 63 64 33 33 33 33 33 33 33 33 33 33 33 33 33 33 33 33 33 33 33 33 33 33 33 33 33 33 33 33 33 33 33 33 89 66 69 66 65 85 64 63 64 76 63 64 92 75 A7 63 65 33 33 33 33 33 37 33 36 33 33 33 3C 33 33 33 65 F6 37 33 33 33 33 33 33 33 33 33 33 33 33 33 91 55 A5 60 9F A5 81 0D 3B 3C 33 33 33 65 F6 37 33 33 33 33 33 B9 55 A5 60 9F A5 83 55 33 93 7F 63 64 33 33 33 33 33 33 33 33 33 33 33 33 33 33 33 33 33 33 33 33 33 33 33 33 33 33 33 33 33 33 33 33 89 66 69 66 65 85 64 63 64 76 63 64 92 75 A7 63 65 33 33 33 33 33 37 33 36 33 33 33 3C 33 33 33 97 03 33 33 33 33 33 33 33 33 33 33 33 33 33 33 8A 55 A5 60 9F A5 81 0D 3B 3C 33 33 33 97 03 33 33 33 33 33 33 A5 55 A5 60 9F A5 83 55 33 93 7F 63 64 33 33 33 33 33 33 33 33 33 33 33 33 33 33 33 33 33 33 33 33 33 33 33 33 33 33 33 33 33 33 33 33 89 66 69 66 65 85 64 63 64 76 63 64 92 75 A7 63 65 33 33 33 33 33 37 33 37 33 33 33 3C 33 33 33 17 C3 37 33 33 33 33 33 33 33 33 33 33 33 33 33 DA 55 A5 60 9F A5 81 0D 3B 3C 33 33 33 17 C3 37 33 33 33 33 33 26 55 A5 60 9F A5 83 55 33 93 7F 63 64 33 33 33 33 33 33 33 33 33 33 33 33 33 33 33 33 33 33 33 33 33 33 33 33 33 33 33 33 33 33 33 33 89 66 69 66 65 85 64 63 64 76 63 64 92 75 A7 63 65 33 33 33 33 33 37 33 37 33 33 33 3E 33 33 33 33 57 35 33 33 33 33 33 33 33 33 33 33 33 33 33 36 55 A5 60 9F A5 81 0D 3B 3E 33 33 33 33 57 35 33 33 33 33 33 1E 55 A5 60 9F A5 83 55 33 93 7F 63 64 33 33 33 33 33 33 33 33 33 33 33 33 33 33 33 33 33 33 33 33 33 33 33 33 33 33 33 33 33 33 33 33 89 66 69 66 65 85 64 63 64 76 63 64 92 75 A7 63 65 33 33 33 33 33 37 33 38 33 33 33 3E 33 33 33 B3 FD 35 33 33 33 33 33 33 33 33 33 33 33 33 33 1F 55 A5 60 9F A5 81 0D 3B 3E 33 33 33 B3 FD 35 33 33 33 33 33 F2 55 A5 60 9F A5 83 55 33 93 7F 63 64 33 33 33 33 33 33 33 33 33 33 33 33 33 33 33 33 33 33 33 33 33 33 33 33 33 33 33 33 33 33 33 33 89 66 69 66 65 85 64 63 64 76 63 64 92 75 A7 63 65 33 33 33 33 33 37 33 37 33 33 33 3E 33 33 33 33 5C 37 33 33 33 33 33 33 33 33 33 33 33 33 33 9C 55 A5 60 9F A5 81 0D 3B 3E 33 33 33 33 5C 37 33 33 33 33 33 DD 55 A5 60 9F A5 83 55 33 93 7F 63 64 33 33 33 33 33 33 33 33 33 33 33 33 33 33 33 33 33 33 33 33 33 33 33 33 33 33 33 33 33 33 33 33 89 66 69 66 65 85 64 63 64 76 63 64 92 75 A7 63 65 33 33 33 33 33 37 33 37 33 33 33 3E 33 33 33 97 84 38 33 33 33 33 33 33 33 33 33 33 33 33 33 94 55 A5 60 9F A5 81 0D 3B 3E 33 33 33 97 84 38 33 33 33 33 33 EE 55 A5 60 9F A5 83 55 33 93 7F 63 64 33 33 33 33 33 33 33 33 33 33 33 33 33 33 33 33 33 33 33 33 33 33 33 33 33 33 33 33 33 33 33 33 89 66 69 66 65 85 64 63 64 76 63 64 92 75 A7 63 65 33 33 33 33 33 37 33 37 33 33 33 40 33 33 33 33 E3 37 33 33 33 33 33 33 33 33 33 33 33 33 33 56 55 A5 60 9F A5 81 0D 3B 40 33 33 33 33 E3 37 33 33 33 33 33 72 55 A5 60 9F A5 83 55 33 93 7F 63 64 33 33 33 33 33 33 33 33 33 33 33 33 33 33 33 33 33 33 33 33 33 33 33 33 33 33 33 33 33 33 33 33 89 66 69 66 65 85 64 63 64 76 63 64 92 75 A7 63 65 33 33 33 33 33 37 33 38 33 33 33 40 33 33 33 B3 87 37 33 33 33 33 33 33 33 33 33 33 33 33 33 95 55 A5 60 9F A5 81 0D 3B 40 33 33 33 B3 87 37 33 33 33 33 33 12 55 A5 60 9F A5 83 55 33 93 7F 63 64 33 33 33 33 33 33 33 33 33 33 33 33 33 33 33 33 33 33 33 33 33 33 33 33 33 33 33 33 33 33 33 33 89 66 69 66 65 85 64 63 64 76 63 64 92 75 A7 63 65 33 33 33 33 33 37 33 37 33 33 33 40 33 33 33 65 3E 36 33 33 33 33 33 33 33 33 33 33 33 33 33 9E 55 A5 60 9F A5 81 0D 3B 40 33 33 33 65 3E 36 33 33 33 33 33 A5 55 A5 60 9F A5 83 55 33 93 7F 63 64 33 33 33 33 33 33 33 33 33 33 33 33 33 33 33 33 33 33 33 33 33 33 33 33 33 33 33 33 33 33 33 33 89 66 69 66 65 85 64 63 64 76 63 64 92 75 A7 63 65 33 33 33 34 33 37 33 36 33 33 33 40 33 33 33 17 3D 37 33 33 33 33 33 33 33 33 33 33 33 33 33 15 55 A5 60 9F A5 81 0D 3B 40 33 33 33 17 3D 37 33 33 33 33 33 36 55 A5 60 9F A5 83 55 33 93 7F 63 64 33 33 33 33 33 33 33 33 33 33 33 33 33 33 33 33 33 33 33 33 33 33 33 33 33 33 33 33 33 33 33 33 89 66 69 66 65 85 64 63 64 76 63 64 92 75 A7 63 65 33 33 33 34 33 37 33 36 33 33 33 40 33 33 33 97 5E 38 33 33 33 33 33 33 33 33 33 33 33 33 33 78 55 A5 60 9F A5 81 0D 3B 40 33 33 33 97 5E 38 33 33 33 33 33 0E 55 A5 60 9F A5 83 55 33 93 7F 63 64 33 33 33 33 33 33 33 33 33 33 33 33 33 33 33 33 33 33 33 33 33 33 33 33 33 33 33 33 33 33 33 33 89 66 69 66 65 85 64 63 64 76 63 64 92 75 A7 63 65 33 33 33 34 33 37 33 37 33 33 33 42 33 33 33 B3 BB 33 33 33 33 33 33 33 33 33 33 33 33 33 33 0F 55 A5 60 9F A5 81 0D 3B 42 33 33 33 B3 BB 33 33 33 33 33 33 DB 55 A5 60 9F A5 83 55 33 93 7F 63 64 33 33 33 33 33 33 33 33 33 33 33 33 33 33 33 33 33 33 33 33 33 33 33 33 33 33 33 33 33 33 33 33 89 66 69 66 65 85 64 63 64 76 63 64 92 75 A7 63 65 33 33 33 33 33 37 33 37 33 33 33 42 33 33 33 65 43 36 33 33 33 33 33 33 33 33 33 33 33 33 33 86 55 A5 60 9F A5 81 0D 3B 42 33 33 33 65 43 36 33 33 33 33 33 E9 55 A5 60 9F A5 83 55 33 93 7F 63 64 33 33 33 33 33 33 33 33 33 33 33 33 33 33 33 33 33 33 33 33 33 33 33 33 33 33 33 33 33 33 33 33 89 66 69 66 65 85 64 63 64 76 63 64 92 75 A7 63 65 33 33 33 33 33 37 33 37 33 33 33 42 33 33 33 E5 45 35 33 33 33 33 33 33 33 33 33 33 33 33 33 F8 55 A5 60 9F A5 81 0D 3B 42 33 33 33 E5 45 35 33 33 33 33 33 61 55 A5 60 9F A5 83 55 33 93 7F 63 64 33 33 33 33 33 33 33 33 33 33 33 33 33 33 33 33 33 33 33 33 33 33 33 33 33 33 33 33 33 33 33 33 89 66 69 66 65 85 64 63 64 76 63 64 92 75 A7 63 65 33 33 33 33 33 37 33 36 33 33 33 42 33 33 33 E5 DF 37 33 33 33 33 33 33 33 33 33 33 33 33 33 BF 55 A5 60 9F A5 81 0D 3B 42 33 33 33 E5 DF 37 33 33 33 33 33 09 55 A5 60 9F A5 83 55 33 93 7F 63 64 33 33 33 33 33 33 33 33 33 33 33 33 33 33 33 33 33 33 33 33 33 33 33 33 33 33 33 33 33 33 33 33 89 66 69 66 65 85 64 63 64 76 63 64 92 75 A7 63 65 33 33 33 33 33 37 33 36 33 33 33 42 33 33 33 65 BC 33 33 33 33 33 33 33 33 33 33 33 33 33 33 43 55 A5 60 9F A5 81 0D 3B 42 33 33 33 65 BC 33 33 33 33 33 33 6D 55
[2025-09-09 19:40:03.931] [DEBUG] 数据解析成功:
[2025-09-09 19:40:03.941] [INFO]   ID: 0x60
  命令: 0x83 (读)
  寄存器地址: 0x00
  寄存器数量: 0
[2025-09-09 19:40:03.989] [INFO] [循环 1/1] 发送 OK
[2025-09-09 19:40:04.503] [INFO] 已保存结果: reports\2025-09-09_19-39-58\results.csv
[2025-09-09 19:40:04.557] [INFO] 已生成报告: reports\2025-09-09_19-39-58\report.html
[2025-09-09 19:40:04.590] [DEBUG] 串口已关闭
[2025-09-09 19:40:04.603] [INFO] 程序结束
