[2025-08-27 16:18:20.093] [INFO] 初始化 BLE 协议通信...
[2025-08-27 16:18:20.272] [INFO] 加载用例 5 条 来自: testcases.xlsx
[2025-08-27 16:18:20.272] [INFO] ==== 执行用例 #1 ====
[2025-08-27 16:18:20.272] [INFO] 参数: {'screen_on': 1, 'brightness': 7, 'digital': 88, 'logo': 1, 'rim_state': 1, 'rdygo': 1, 'turn_left': 2, 'turn_right': 2, 'ring': 2} | 备注: 基本点亮 + 白LOGO + 左右转向橙
[2025-08-27 16:18:20.272] [DEBUG] 修改后的LED显示信息:
[2025-08-27 16:18:20.272] [INFO]   屏幕状态: 开
  亮度级别: 7
  数字显示: 88
  LOGO状态: 1 (0关, 1白, 2红)
  护盾状态: 1 (0关, 1白, 2绿)
  ReadyGo状态: 1 (0关, 1白, 2红)
  左转向灯: 2 (0关, 1白, 2橙)
  右转向灯: 2 (0关, 1白, 2橙)
  灯环状态: 2 (0关, 1蓝, 2红)
[2025-08-27 16:18:20.272] [DEBUG] 组包成功，数据长度: 21 字节
[2025-08-27 16:18:20.272] [DEBUG] 发送数据: A5 60 9F A5 03 0D 3B 42 33 33 33 0B 7D 38 33 33 33 33 33 BA 55
[2025-08-27 16:18:21.273] [DEBUG] 接收数据: A5 60 9F A5 83 55 33 93 7F 63 64 33 33 33 33 33 33 33 33 33 33 33 33 33 33 33 33 33 33 33 33 33 33 33 33 33 33 33 33 33 33 33 33 89 66 69 66 65 85 64 63 64 76 63 64 92 75 A7 63 65 33 33 33 34 33 37 33 37 33 33 33 42 33 33 33 0B 7D 38 33 33 33 33 33 33 33 33 33 33 33 33 33 47 55
[2025-08-27 16:18:21.275] [DEBUG] 数据解析成功:
[2025-08-27 16:18:21.277] [INFO]   ID: 0x60
  命令: 0x83 (读)
  寄存器地址: 0x00
  寄存器数量: 0
[2025-08-27 16:18:21.277] [DEBUG] 组包成功，数据长度: 21 字节
[2025-08-27 16:18:21.277] [DEBUG] 发送数据: A5 60 9F A5 01 0D 3B 42 33 33 33 0B 7D 38 33 33 33 33 33 FD 55
[2025-08-27 16:18:22.282] [DEBUG] 接收数据: A5 60 9F A5 81 0D 3B 42 33 33 33 0B 7D 38 33 33 33 33 33 CA 55
[2025-08-27 16:18:22.282] [DEBUG] 数据解析成功:
[2025-08-27 16:18:22.282] [INFO]   ID: 0x60
  命令: 0x81 (读)
  寄存器地址: 0x08
  寄存器数量: 0
[2025-08-27 16:18:22.282] [INFO] 
全局变量中的LED显示信息已更新:
[2025-08-27 16:18:22.282] [INFO]   屏幕状态: 开
  亮度级别: 7
  数字显示: 88
  LOGO状态: 1 (0关, 1白, 2红)
  护盾状态: 1 (0关, 1白, 2绿)
  ReadyGo状态: 1 (0关, 1白, 2红)
  左转向灯: 2 (0关, 1白, 2橙)
  右转向灯: 2 (0关, 1白, 2橙)
  灯环状态: 2 (0关, 1蓝, 2红)
[2025-08-27 16:18:22.282] [INFO] 结果: PASS | 用时: 2.011s
[2025-08-27 16:18:22.490] [INFO] ==== 执行用例 #2 ====
[2025-08-27 16:18:22.494] [INFO] 参数: {'screen_on': 0, 'brightness': 3, 'digital': 0, 'logo': 0, 'rim_state': 0, 'rdygo': 0, 'turn_left': 0, 'turn_right': 0, 'ring': 0} | 备注: 关闭显示，校验全部为0（除 brightness）
[2025-08-27 16:18:22.494] [DEBUG] 修改后的LED显示信息:
[2025-08-27 16:18:22.494] [INFO]   屏幕状态: 关
  亮度级别: 3
  数字显示: 0
  LOGO状态: 0 (0关, 1白, 2红)
  护盾状态: 0 (0关, 1白, 2绿)
  ReadyGo状态: 0 (0关, 1白, 2红)
  左转向灯: 0 (0关, 1白, 2橙)
  右转向灯: 0 (0关, 1白, 2橙)
  灯环状态: 0 (0关, 1蓝, 2红)
[2025-08-27 16:18:22.494] [DEBUG] 组包成功，数据长度: 21 字节
[2025-08-27 16:18:22.494] [DEBUG] 发送数据: A5 60 9F A5 03 0D 3B 39 33 33 33 33 33 33 33 33 33 33 33 12 55
[2025-08-27 16:18:23.497] [DEBUG] 接收数据: A5 60 9F A5 83 55 33 93 7F 63 64 33 33 33 33 33 33 33 33 33 33 33 33 33 33 33 33 33 33 33 33 33 33 33 33 33 33 33 33 33 33 33 33 89 66 69 66 65 85 64 63 64 76 63 64 92 75 A7 63 65 33 33 33 33 33 37 33 36 33 33 33 39 33 33 33 33 33 33 33 33 33 33 33 33 33 33 33 33 33 33 33 BE 55
[2025-08-27 16:18:23.499] [DEBUG] 数据解析成功:
[2025-08-27 16:18:23.499] [INFO]   ID: 0x60
  命令: 0x83 (读)
  寄存器地址: 0x00
  寄存器数量: 0
[2025-08-27 16:18:23.499] [DEBUG] 组包成功，数据长度: 21 字节
[2025-08-27 16:18:23.499] [DEBUG] 发送数据: A5 60 9F A5 01 0D 3B 39 33 33 33 33 33 33 33 33 33 33 33 55 55
[2025-08-27 16:18:24.501] [DEBUG] 接收数据: A5 60 9F A5 81 0D 3B 39 33 33 33 33 33 33 33 33 33 33 33 62 55
[2025-08-27 16:18:24.505] [DEBUG] 数据解析成功:
[2025-08-27 16:18:24.505] [INFO]   ID: 0x60
  命令: 0x81 (读)
  寄存器地址: 0x08
  寄存器数量: 0
[2025-08-27 16:18:24.507] [INFO] 
全局变量中的LED显示信息已更新:
[2025-08-27 16:18:24.507] [INFO]   屏幕状态: 关
  亮度级别: 3
  数字显示: 0
  LOGO状态: 0 (0关, 1白, 2红)
  护盾状态: 0 (0关, 1白, 2绿)
  ReadyGo状态: 0 (0关, 1白, 2红)
  左转向灯: 0 (0关, 1白, 2橙)
  右转向灯: 0 (0关, 1白, 2橙)
  灯环状态: 0 (0关, 1蓝, 2红)
[2025-08-27 16:18:24.508] [INFO] 结果: PASS | 用时: 2.018s
[2025-08-27 16:18:24.710] [INFO] ==== 执行用例 #3 ====
[2025-08-27 16:18:24.718] [INFO] 参数: {'screen_on': 1, 'brightness': 7, 'digital': 11, 'logo': 1, 'rim_state': 0, 'rdygo': 0, 'turn_left': 0, 'turn_right': 0, 'ring': 0} | 备注: 关闭显示，校验全部为0（除 brightness）
[2025-08-27 16:18:24.718] [DEBUG] 修改后的LED显示信息:
[2025-08-27 16:18:24.718] [INFO]   屏幕状态: 开
  亮度级别: 7
  数字显示: 11
  LOGO状态: 1 (0关, 1白, 2红)
  护盾状态: 0 (0关, 1白, 2绿)
  ReadyGo状态: 0 (0关, 1白, 2红)
  左转向灯: 0 (0关, 1白, 2橙)
  右转向灯: 0 (0关, 1白, 2橙)
  灯环状态: 0 (0关, 1蓝, 2红)
[2025-08-27 16:18:24.726] [DEBUG] 组包成功，数据长度: 21 字节
[2025-08-27 16:18:24.727] [DEBUG] 发送数据: A5 60 9F A5 03 0D 3B 42 33 33 33 BE 33 33 33 33 33 33 33 B8 55
[2025-08-27 16:18:25.729] [DEBUG] 接收数据: A5 60 9F A5 83 55 33 93 7F 63 64 33 33 33 33 33 33 33 33 33 33 33 33 33 33 33 33 33 33 33 33 33 33 33 33 33 33 33 33 33 33 33 33 89 66 69 66 65 85 64 63 64 76 63 64 92 75 A7 63 65 33 33 33 33 33 37 33 39 33 33 33 42 33 33 33 BE 33 33 33 33 33 33 33 33 33 33 33 33 33 33 33 16 55
[2025-08-27 16:18:25.731] [DEBUG] 数据解析成功:
[2025-08-27 16:18:25.732] [INFO]   ID: 0x60
  命令: 0x83 (读)
  寄存器地址: 0x00
  寄存器数量: 0
[2025-08-27 16:18:25.732] [DEBUG] 组包成功，数据长度: 21 字节
[2025-08-27 16:18:25.732] [DEBUG] 发送数据: A5 60 9F A5 01 0D 3B 42 33 33 33 BE 33 33 33 33 33 33 33 FF 55
[2025-08-27 16:18:26.740] [DEBUG] 接收数据: A5 60 9F A5 81 0D 3B 42 33 33 33 BE 33 33 33 33 33 33 33 C8 55
[2025-08-27 16:18:26.741] [DEBUG] 数据解析成功:
[2025-08-27 16:18:26.741] [INFO]   ID: 0x60
  命令: 0x81 (读)
  寄存器地址: 0x08
  寄存器数量: 0
[2025-08-27 16:18:26.741] [INFO] 
全局变量中的LED显示信息已更新:
[2025-08-27 16:18:26.741] [INFO]   屏幕状态: 开
  亮度级别: 7
  数字显示: 11
  LOGO状态: 1 (0关, 1白, 2红)
  护盾状态: 0 (0关, 1白, 2绿)
  ReadyGo状态: 0 (0关, 1白, 2红)
  左转向灯: 0 (0关, 1白, 2橙)
  右转向灯: 0 (0关, 1白, 2橙)
  灯环状态: 0 (0关, 1蓝, 2红)
[2025-08-27 16:18:26.741] [INFO] 结果: PASS | 用时: 2.030s
[2025-08-27 16:18:26.948] [INFO] ==== 执行用例 #4 ====
[2025-08-27 16:18:26.948] [INFO] 参数: {'screen_on': 1, 'brightness': 7, 'digital': 22, 'logo': 1, 'rim_state': 0, 'rdygo': 0, 'turn_left': 0, 'turn_right': 0, 'ring': 0} | 备注: 关闭显示，校验全部为0（除 brightness）
[2025-08-27 16:18:26.948] [DEBUG] 修改后的LED显示信息:
[2025-08-27 16:18:26.948] [INFO]   屏幕状态: 开
  亮度级别: 7
  数字显示: 22
  LOGO状态: 1 (0关, 1白, 2红)
  护盾状态: 0 (0关, 1白, 2绿)
  ReadyGo状态: 0 (0关, 1白, 2红)
  左转向灯: 0 (0关, 1白, 2橙)
  右转向灯: 0 (0关, 1白, 2橙)
  灯环状态: 0 (0关, 1蓝, 2红)
[2025-08-27 16:18:26.948] [DEBUG] 组包成功，数据长度: 21 字节
[2025-08-27 16:18:26.948] [DEBUG] 发送数据: A5 60 9F A5 03 0D 3B 42 33 33 33 C9 33 33 33 33 33 33 33 45 55
[2025-08-27 16:18:27.949] [DEBUG] 接收数据: A5 60 9F A5 83 55 33 93 7F 63 64 33 33 33 33 33 33 33 33 33 33 33 33 33 33 33 33 33 33 33 33 33 33 33 33 33 33 33 33 33 33 33 33 89 66 69 66 65 85 64 63 64 76 63 64 92 75 A7 63 65 33 33 33 33 33 37 33 38 33 33 33 42 33 33 33 C9 33 33 33 33 33 33 33 33 33 33 33 33 33 33 33 68 55
[2025-08-27 16:18:27.949] [DEBUG] 数据解析成功:
[2025-08-27 16:18:27.949] [INFO]   ID: 0x60
  命令: 0x83 (读)
  寄存器地址: 0x00
  寄存器数量: 0
[2025-08-27 16:18:27.949] [DEBUG] 组包成功，数据长度: 21 字节
[2025-08-27 16:18:27.954] [DEBUG] 发送数据: A5 60 9F A5 01 0D 3B 42 33 33 33 C9 33 33 33 33 33 33 33 02 55
[2025-08-27 16:18:28.961] [DEBUG] 接收数据: A5 60 9F A5 81 0D 3B 42 33 33 33 C9 33 33 33 33 33 33 33 35 55
[2025-08-27 16:18:28.961] [DEBUG] 数据解析成功:
[2025-08-27 16:18:28.961] [INFO]   ID: 0x60
  命令: 0x81 (读)
  寄存器地址: 0x08
  寄存器数量: 0
[2025-08-27 16:18:28.961] [INFO] 
全局变量中的LED显示信息已更新:
[2025-08-27 16:18:28.961] [INFO]   屏幕状态: 开
  亮度级别: 7
  数字显示: 22
  LOGO状态: 1 (0关, 1白, 2红)
  护盾状态: 0 (0关, 1白, 2绿)
  ReadyGo状态: 0 (0关, 1白, 2红)
  左转向灯: 0 (0关, 1白, 2橙)
  右转向灯: 0 (0关, 1白, 2橙)
  灯环状态: 0 (0关, 1蓝, 2红)
[2025-08-27 16:18:28.961] [INFO] 结果: PASS | 用时: 2.013s
[2025-08-27 16:18:29.169] [INFO] ==== 执行用例 #5 ====
[2025-08-27 16:18:29.172] [INFO] 参数: {'screen_on': 1, 'brightness': 7, 'digital': 0, 'logo': 1, 'rim_state': 0, 'rdygo': 0, 'turn_left': 0, 'turn_right': 0, 'ring': 0} | 备注: 关闭显示，校验全部为0（除 brightness）
[2025-08-27 16:18:29.172] [DEBUG] 修改后的LED显示信息:
[2025-08-27 16:18:29.172] [INFO]   屏幕状态: 开
  亮度级别: 7
  数字显示: 0
  LOGO状态: 1 (0关, 1白, 2红)
  护盾状态: 0 (0关, 1白, 2绿)
  ReadyGo状态: 0 (0关, 1白, 2红)
  左转向灯: 0 (0关, 1白, 2橙)
  右转向灯: 0 (0关, 1白, 2橙)
  灯环状态: 0 (0关, 1蓝, 2红)
[2025-08-27 16:18:29.172] [DEBUG] 组包成功，数据长度: 21 字节
[2025-08-27 16:18:29.178] [DEBUG] 发送数据: A5 60 9F A5 03 0D 3B 42 33 33 33 B3 33 33 33 33 33 33 33 A6 55
[2025-08-27 16:18:30.178] [DEBUG] 接收数据: A5 60 9F A5 83 55 33 93 7F 63 64 33 33 33 33 33 33 33 33 33 33 33 33 33 33 33 33 33 33 33 33 33 33 33 33 33 33 33 33 33 33 33 33 89 66 69 66 65 85 64 63 64 76 63 64 92 75 A7 63 65 33 33 33 33 33 37 33 37 33 33 33 42 33 33 33 B3 33 33 33 33 33 33 33 33 33 33 33 33 33 33 33 58 55
[2025-08-27 16:18:30.178] [DEBUG] 数据解析成功:
[2025-08-27 16:18:30.178] [INFO]   ID: 0x60
  命令: 0x83 (读)
  寄存器地址: 0x00
  寄存器数量: 0
[2025-08-27 16:18:30.178] [DEBUG] 组包成功，数据长度: 21 字节
[2025-08-27 16:18:30.182] [DEBUG] 发送数据: A5 60 9F A5 01 0D 3B 42 33 33 33 B3 33 33 33 33 33 33 33 E1 55
[2025-08-27 16:18:31.186] [DEBUG] 接收数据: A5 60 9F A5 81 0D 3B 42 33 33 33 B3 33 33 33 33 33 33 33 D6 55
[2025-08-27 16:18:31.188] [DEBUG] 数据解析成功:
[2025-08-27 16:18:31.188] [INFO]   ID: 0x60
  命令: 0x81 (读)
  寄存器地址: 0x08
  寄存器数量: 0
[2025-08-27 16:18:31.188] [INFO] 
全局变量中的LED显示信息已更新:
[2025-08-27 16:18:31.188] [INFO]   屏幕状态: 开
  亮度级别: 7
  数字显示: 0
  LOGO状态: 1 (0关, 1白, 2红)
  护盾状态: 0 (0关, 1白, 2绿)
  ReadyGo状态: 0 (0关, 1白, 2红)
  左转向灯: 0 (0关, 1白, 2橙)
  右转向灯: 0 (0关, 1白, 2橙)
  灯环状态: 0 (0关, 1蓝, 2红)
[2025-08-27 16:18:31.188] [INFO] 结果: PASS | 用时: 2.019s
[2025-08-27 16:18:31.394] [INFO] 开始压力循环: 次数=1, 间隔=0.5s, 参数={'screen_on': 1, 'brightness': 7, 'digital': 88, 'logo': 1, 'rim_state': 1, 'rdygo': 1, 'turn_left': 2, 'turn_right': 2, 'ring': 2}
[2025-08-27 16:18:31.398] [DEBUG] 修改后的LED显示信息:
[2025-08-27 16:18:31.398] [INFO]   屏幕状态: 开
  亮度级别: 7
  数字显示: 88
  LOGO状态: 1 (0关, 1白, 2红)
  护盾状态: 1 (0关, 1白, 2绿)
  ReadyGo状态: 1 (0关, 1白, 2红)
  左转向灯: 2 (0关, 1白, 2橙)
  右转向灯: 2 (0关, 1白, 2橙)
  灯环状态: 2 (0关, 1蓝, 2红)
[2025-08-27 16:18:31.398] [DEBUG] 组包成功，数据长度: 21 字节
[2025-08-27 16:18:31.398] [DEBUG] 发送数据: A5 60 9F A5 03 0D 3B 42 33 33 33 0B 7D 38 33 33 33 33 33 BA 55
[2025-08-27 16:18:32.401] [DEBUG] 接收数据: A5 60 9F A5 83 55 33 93 7F 63 64 33 33 33 33 33 33 33 33 33 33 33 33 33 33 33 33 33 33 33 33 33 33 33 33 33 33 33 33 33 33 33 33 89 66 69 66 65 85 64 63 64 76 63 64 92 75 A7 63 65 33 33 33 33 33 37 33 37 33 33 33 42 33 33 33 0B 7D 38 33 33 33 33 33 33 33 33 33 33 33 33 33 26 55
[2025-08-27 16:18:32.401] [DEBUG] 数据解析成功:
[2025-08-27 16:18:32.401] [INFO]   ID: 0x60
  命令: 0x83 (读)
  寄存器地址: 0x00
  寄存器数量: 0
[2025-08-27 16:18:32.401] [INFO] [循环 1/1] 发送 OK
[2025-08-27 16:18:32.907] [INFO] 已保存结果: reports\2025-08-27_16-18-20\results.csv
[2025-08-27 16:18:32.907] [INFO] 已生成报告: reports\2025-08-27_16-18-20\report.html
[2025-08-27 16:18:32.907] [DEBUG] 串口已关闭
[2025-08-27 16:18:32.907] [INFO] 程序结束
