[2025-08-25 20:06:14.964] [INFO] 初始化 BLE 协议通信...
[2025-08-25 20:06:15.140] [INFO] 加载用例 10 条 来自: testcases.xlsx
[2025-08-25 20:06:15.141] [INFO] ==== 执行用例 #1 ====
[2025-08-25 20:06:15.141] [INFO] 参数: {'screen_on': 1, 'brightness': 0, 'digital': 0, 'logo': 0, 'rim_state': 0, 'rdygo': 0, 'turn_left': 0, 'turn_right': 0, 'ring': 0} | 备注: 
[2025-08-25 20:06:15.142] [DEBUG] 修改后的LED显示信息:
[2025-08-25 20:06:15.142] [INFO]   屏幕状态: 开
  亮度级别: 0
  数字显示: 0
  LOGO状态: 0 (0关, 1白, 2红)
  护盾状态: 0 (0关, 1白, 2绿)
  ReadyGo状态: 0 (0关, 1白, 2红)
  左转向灯: 0 (0关, 1白, 2橙)
  右转向灯: 0 (0关, 1白, 2橙)
  灯环状态: 0 (0关, 1蓝, 2红)
[2025-08-25 20:06:15.143] [DEBUG] 组包成功，数据长度: 21 字节
[2025-08-25 20:06:15.143] [DEBUG] 发送数据: A5 60 9F A5 03 0D 3B 34 33 33 33 33 33 33 33 33 33 33 33 C9 55
[2025-08-25 20:06:16.144] [DEBUG] 接收数据: A5 60 9F A5 83 55 33 93 7F 63 64 33 33 33 33 33 33 33 33 33 33 33 33 33 33 33 33 33 33 33 33 33 33 33 33 33 33 33 33 33 33 33 33 89 66 69 66 65 85 64 63 64 76 63 64 92 75 A7 63 65 33 33 33 33 33 37 33 37 33 33 33 34 33 33 33 33 33 33 33 33 33 33 33 33 33 33 33 33 33 33 33 DD 55
[2025-08-25 20:06:16.147] [DEBUG] 数据解析成功:
[2025-08-25 20:06:16.147] [INFO]   ID: 0x60
  命令: 0x83 (读)
  寄存器地址: 0x00
  寄存器数量: 0
[2025-08-25 20:06:16.148] [DEBUG] 组包成功，数据长度: 21 字节
[2025-08-25 20:06:16.148] [DEBUG] 发送数据: A5 60 9F A5 01 0D 3B 34 33 33 33 33 33 33 33 33 33 33 33 8E 55
[2025-08-25 20:06:17.152] [DEBUG] 接收数据: A5 60 9F A5 81 0D 3B 34 33 33 33 33 33 33 33 33 33 33 33 B9 55
[2025-08-25 20:06:17.152] [DEBUG] 数据解析成功:
[2025-08-25 20:06:17.153] [INFO]   ID: 0x60
  命令: 0x81 (读)
  寄存器地址: 0x08
  寄存器数量: 0
[2025-08-25 20:06:17.153] [INFO] 
全局变量中的LED显示信息已更新:
[2025-08-25 20:06:17.154] [INFO]   屏幕状态: 开
  亮度级别: 0
  数字显示: 0
  LOGO状态: 0 (0关, 1白, 2红)
  护盾状态: 0 (0关, 1白, 2绿)
  ReadyGo状态: 0 (0关, 1白, 2红)
  左转向灯: 0 (0关, 1白, 2橙)
  右转向灯: 0 (0关, 1白, 2橙)
  灯环状态: 0 (0关, 1蓝, 2红)
[2025-08-25 20:06:17.154] [INFO] 结果: PASS | 用时: 2.013s
[2025-08-25 20:06:17.155] [INFO] ==== 执行用例 #2 ====
[2025-08-25 20:06:17.155] [INFO] 参数: {'screen_on': 1, 'brightness': 0, 'digital': 0, 'logo': 0, 'rim_state': 0, 'rdygo': 0, 'turn_left': 0, 'turn_right': 0, 'ring': 0} | 备注: 
[2025-08-25 20:06:17.155] [DEBUG] 修改后的LED显示信息:
[2025-08-25 20:06:17.156] [INFO]   屏幕状态: 开
  亮度级别: 0
  数字显示: 0
  LOGO状态: 0 (0关, 1白, 2红)
  护盾状态: 0 (0关, 1白, 2绿)
  ReadyGo状态: 0 (0关, 1白, 2红)
  左转向灯: 0 (0关, 1白, 2橙)
  右转向灯: 0 (0关, 1白, 2橙)
  灯环状态: 0 (0关, 1蓝, 2红)
[2025-08-25 20:06:17.156] [DEBUG] 组包成功，数据长度: 21 字节
[2025-08-25 20:06:17.157] [DEBUG] 发送数据: A5 60 9F A5 03 0D 3B 34 33 33 33 33 33 33 33 33 33 33 33 C9 55
[2025-08-25 20:06:18.161] [DEBUG] 接收数据: A5 60 9F A5 83 55 33 93 7F 63 64 33 33 33 33 33 33 33 33 33 33 33 33 33 33 33 33 33 33 33 33 33 33 33 33 33 33 33 33 33 33 33 33 89 66 69 66 65 85 64 63 64 76 63 64 92 75 A7 63 65 33 33 33 33 33 37 33 37 33 33 33 34 33 33 33 33 33 33 33 33 33 33 33 33 33 33 33 33 33 33 33 DD 55
[2025-08-25 20:06:18.163] [DEBUG] 数据解析成功:
[2025-08-25 20:06:18.165] [INFO]   ID: 0x60
  命令: 0x83 (读)
  寄存器地址: 0x00
  寄存器数量: 0
[2025-08-25 20:06:18.165] [DEBUG] 组包成功，数据长度: 21 字节
[2025-08-25 20:06:18.166] [DEBUG] 发送数据: A5 60 9F A5 01 0D 3B 34 33 33 33 33 33 33 33 33 33 33 33 8E 55
[2025-08-25 20:06:19.169] [DEBUG] 接收数据: A5 60 9F A5 81 0D 3B 34 33 33 33 33 33 33 33 33 33 33 33 B9 55
[2025-08-25 20:06:19.171] [DEBUG] 数据解析成功:
[2025-08-25 20:06:19.172] [INFO]   ID: 0x60
  命令: 0x81 (读)
  寄存器地址: 0x08
  寄存器数量: 0
[2025-08-25 20:06:19.173] [INFO] 
全局变量中的LED显示信息已更新:
[2025-08-25 20:06:19.173] [INFO]   屏幕状态: 开
  亮度级别: 0
  数字显示: 0
  LOGO状态: 0 (0关, 1白, 2红)
  护盾状态: 0 (0关, 1白, 2绿)
  ReadyGo状态: 0 (0关, 1白, 2红)
  左转向灯: 0 (0关, 1白, 2橙)
  右转向灯: 0 (0关, 1白, 2橙)
  灯环状态: 0 (0关, 1蓝, 2红)
[2025-08-25 20:06:19.174] [INFO] 结果: PASS | 用时: 2.019s
[2025-08-25 20:06:19.175] [INFO] ==== 执行用例 #3 ====
[2025-08-25 20:06:19.175] [INFO] 参数: {'screen_on': 1, 'brightness': 0, 'digital': 0, 'logo': 0, 'rim_state': 0, 'rdygo': 0, 'turn_left': 0, 'turn_right': 0, 'ring': 0} | 备注: 
[2025-08-25 20:06:19.176] [DEBUG] 修改后的LED显示信息:
[2025-08-25 20:06:19.176] [INFO]   屏幕状态: 开
  亮度级别: 0
  数字显示: 0
  LOGO状态: 0 (0关, 1白, 2红)
  护盾状态: 0 (0关, 1白, 2绿)
  ReadyGo状态: 0 (0关, 1白, 2红)
  左转向灯: 0 (0关, 1白, 2橙)
  右转向灯: 0 (0关, 1白, 2橙)
  灯环状态: 0 (0关, 1蓝, 2红)
[2025-08-25 20:06:19.176] [DEBUG] 组包成功，数据长度: 21 字节
[2025-08-25 20:06:19.177] [DEBUG] 发送数据: A5 60 9F A5 03 0D 3B 34 33 33 33 33 33 33 33 33 33 33 33 C9 55
[2025-08-25 20:06:20.182] [DEBUG] 接收数据: A5 60 9F A5 83 55 33 93 7F 63 64 33 33 33 33 33 33 33 33 33 33 33 33 33 33 33 33 33 33 33 33 33 33 33 33 33 33 33 33 33 33 33 33 89 66 69 66 65 85 64 63 64 76 63 64 92 75 A7 63 65 33 33 33 33 33 37 33 36 33 33 33 34 33 33 33 33 33 33 33 33 33 33 33 33 33 33 33 33 33 33 33 28 55
[2025-08-25 20:06:20.185] [DEBUG] 数据解析成功:
[2025-08-25 20:06:20.185] [INFO]   ID: 0x60
  命令: 0x83 (读)
  寄存器地址: 0x00
  寄存器数量: 0
[2025-08-25 20:06:20.186] [DEBUG] 组包成功，数据长度: 21 字节
[2025-08-25 20:06:20.187] [DEBUG] 发送数据: A5 60 9F A5 01 0D 3B 34 33 33 33 33 33 33 33 33 33 33 33 8E 55
[2025-08-25 20:06:21.189] [DEBUG] 接收数据: A5 60 9F A5 81 0D 3B 34 33 33 33 33 33 33 33 33 33 33 33 B9 55
[2025-08-25 20:06:21.190] [DEBUG] 数据解析成功:
[2025-08-25 20:06:21.191] [INFO]   ID: 0x60
  命令: 0x81 (读)
  寄存器地址: 0x08
  寄存器数量: 0
[2025-08-25 20:06:21.192] [INFO] 
全局变量中的LED显示信息已更新:
[2025-08-25 20:06:21.193] [INFO]   屏幕状态: 开
  亮度级别: 0
  数字显示: 0
  LOGO状态: 0 (0关, 1白, 2红)
  护盾状态: 0 (0关, 1白, 2绿)
  ReadyGo状态: 0 (0关, 1白, 2红)
  左转向灯: 0 (0关, 1白, 2橙)
  右转向灯: 0 (0关, 1白, 2橙)
  灯环状态: 0 (0关, 1蓝, 2红)
[2025-08-25 20:06:21.194] [INFO] 结果: PASS | 用时: 2.018s
[2025-08-25 20:06:21.194] [INFO] ==== 执行用例 #4 ====
[2025-08-25 20:06:21.195] [INFO] 参数: {'screen_on': 1, 'brightness': 0, 'digital': 0, 'logo': 0, 'rim_state': 0, 'rdygo': 0, 'turn_left': 0, 'turn_right': 0, 'ring': 0} | 备注: 
[2025-08-25 20:06:21.195] [DEBUG] 修改后的LED显示信息:
[2025-08-25 20:06:21.196] [INFO]   屏幕状态: 开
  亮度级别: 0
  数字显示: 0
  LOGO状态: 0 (0关, 1白, 2红)
  护盾状态: 0 (0关, 1白, 2绿)
  ReadyGo状态: 0 (0关, 1白, 2红)
  左转向灯: 0 (0关, 1白, 2橙)
  右转向灯: 0 (0关, 1白, 2橙)
  灯环状态: 0 (0关, 1蓝, 2红)
[2025-08-25 20:06:21.196] [DEBUG] 组包成功，数据长度: 21 字节
[2025-08-25 20:06:21.197] [DEBUG] 发送数据: A5 60 9F A5 03 0D 3B 34 33 33 33 33 33 33 33 33 33 33 33 C9 55
[2025-08-25 20:06:22.200] [DEBUG] 接收数据: A5 60 9F A5 83 55 33 93 7F 63 64 33 33 33 33 33 33 33 33 33 33 33 33 33 33 33 33 33 33 33 33 33 33 33 33 33 33 33 33 33 33 33 33 89 66 69 66 65 85 64 63 64 76 63 64 92 75 A7 63 65 33 33 33 33 33 37 33 37 33 33 33 34 33 33 33 33 33 33 33 33 33 33 33 33 33 33 33 33 33 33 33 DD 55
[2025-08-25 20:06:22.201] [DEBUG] 数据解析成功:
[2025-08-25 20:06:22.201] [INFO]   ID: 0x60
  命令: 0x83 (读)
  寄存器地址: 0x00
  寄存器数量: 0
[2025-08-25 20:06:22.202] [DEBUG] 组包成功，数据长度: 21 字节
[2025-08-25 20:06:22.203] [DEBUG] 发送数据: A5 60 9F A5 01 0D 3B 34 33 33 33 33 33 33 33 33 33 33 33 8E 55
[2025-08-25 20:06:23.205] [DEBUG] 接收数据: A5 60 9F A5 81 0D 3B 34 33 33 33 33 33 33 33 33 33 33 33 B9 55
[2025-08-25 20:06:23.205] [DEBUG] 数据解析成功:
[2025-08-25 20:06:23.206] [INFO]   ID: 0x60
  命令: 0x81 (读)
  寄存器地址: 0x08
  寄存器数量: 0
[2025-08-25 20:06:23.207] [INFO] 
全局变量中的LED显示信息已更新:
[2025-08-25 20:06:23.207] [INFO]   屏幕状态: 开
  亮度级别: 0
  数字显示: 0
  LOGO状态: 0 (0关, 1白, 2红)
  护盾状态: 0 (0关, 1白, 2绿)
  ReadyGo状态: 0 (0关, 1白, 2红)
  左转向灯: 0 (0关, 1白, 2橙)
  右转向灯: 0 (0关, 1白, 2橙)
  灯环状态: 0 (0关, 1蓝, 2红)
[2025-08-25 20:06:23.207] [INFO] 结果: PASS | 用时: 2.013s
[2025-08-25 20:06:23.208] [INFO] ==== 执行用例 #5 ====
[2025-08-25 20:06:23.208] [INFO] 参数: {'screen_on': 1, 'brightness': 0, 'digital': 0, 'logo': 0, 'rim_state': 0, 'rdygo': 0, 'turn_left': 0, 'turn_right': 0, 'ring': 0} | 备注: 
[2025-08-25 20:06:23.208] [DEBUG] 修改后的LED显示信息:
[2025-08-25 20:06:23.209] [INFO]   屏幕状态: 开
  亮度级别: 0
  数字显示: 0
  LOGO状态: 0 (0关, 1白, 2红)
  护盾状态: 0 (0关, 1白, 2绿)
  ReadyGo状态: 0 (0关, 1白, 2红)
  左转向灯: 0 (0关, 1白, 2橙)
  右转向灯: 0 (0关, 1白, 2橙)
  灯环状态: 0 (0关, 1蓝, 2红)
[2025-08-25 20:06:23.209] [DEBUG] 组包成功，数据长度: 21 字节
[2025-08-25 20:06:23.210] [DEBUG] 发送数据: A5 60 9F A5 03 0D 3B 34 33 33 33 33 33 33 33 33 33 33 33 C9 55
[2025-08-25 20:06:24.216] [DEBUG] 接收数据: A5 60 9F A5 83 55 33 93 7F 63 64 33 33 33 33 33 33 33 33 33 33 33 33 33 33 33 33 33 33 33 33 33 33 33 33 33 33 33 33 33 33 33 33 89 66 69 66 65 85 64 63 64 76 63 64 92 75 A7 63 65 33 33 33 33 33 37 33 37 33 33 33 34 33 33 33 33 33 33 33 33 33 33 33 33 33 33 33 33 33 33 33 DD 55
[2025-08-25 20:06:24.217] [DEBUG] 数据解析成功:
[2025-08-25 20:06:24.218] [INFO]   ID: 0x60
  命令: 0x83 (读)
  寄存器地址: 0x00
  寄存器数量: 0
[2025-08-25 20:06:24.218] [DEBUG] 组包成功，数据长度: 21 字节
[2025-08-25 20:06:24.219] [DEBUG] 发送数据: A5 60 9F A5 01 0D 3B 34 33 33 33 33 33 33 33 33 33 33 33 8E 55
[2025-08-25 20:06:25.220] [DEBUG] 接收数据: A5 60 9F A5 81 0D 3B 34 33 33 33 33 33 33 33 33 33 33 33 B9 55
[2025-08-25 20:06:25.220] [DEBUG] 数据解析成功:
[2025-08-25 20:06:25.222] [INFO]   ID: 0x60
  命令: 0x81 (读)
  寄存器地址: 0x08
  寄存器数量: 0
[2025-08-25 20:06:25.223] [INFO] 
全局变量中的LED显示信息已更新:
[2025-08-25 20:06:25.224] [INFO]   屏幕状态: 开
  亮度级别: 0
  数字显示: 0
  LOGO状态: 0 (0关, 1白, 2红)
  护盾状态: 0 (0关, 1白, 2绿)
  ReadyGo状态: 0 (0关, 1白, 2红)
  左转向灯: 0 (0关, 1白, 2橙)
  右转向灯: 0 (0关, 1白, 2橙)
  灯环状态: 0 (0关, 1蓝, 2红)
[2025-08-25 20:06:25.225] [INFO] 结果: PASS | 用时: 2.016s
[2025-08-25 20:06:25.225] [INFO] ==== 执行用例 #6 ====
[2025-08-25 20:06:25.225] [INFO] 参数: {'screen_on': 1, 'brightness': 0, 'digital': 0, 'logo': 0, 'rim_state': 0, 'rdygo': 0, 'turn_left': 0, 'turn_right': 0, 'ring': 0} | 备注: 
[2025-08-25 20:06:25.226] [DEBUG] 修改后的LED显示信息:
[2025-08-25 20:06:25.226] [INFO]   屏幕状态: 开
  亮度级别: 0
  数字显示: 0
  LOGO状态: 0 (0关, 1白, 2红)
  护盾状态: 0 (0关, 1白, 2绿)
  ReadyGo状态: 0 (0关, 1白, 2红)
  左转向灯: 0 (0关, 1白, 2橙)
  右转向灯: 0 (0关, 1白, 2橙)
  灯环状态: 0 (0关, 1蓝, 2红)
[2025-08-25 20:06:25.226] [DEBUG] 组包成功，数据长度: 21 字节
[2025-08-25 20:06:25.226] [DEBUG] 发送数据: A5 60 9F A5 03 0D 3B 34 33 33 33 33 33 33 33 33 33 33 33 C9 55
[2025-08-25 20:06:26.230] [DEBUG] 接收数据: A5 60 9F A5 83 55 33 93 7F 63 64 33 33 33 33 33 33 33 33 33 33 33 33 33 33 33 33 33 33 33 33 33 33 33 33 33 33 33 33 33 33 33 33 89 66 69 66 65 85 64 63 64 76 63 64 92 75 A7 63 65 33 33 33 33 33 37 33 38 33 33 33 34 33 33 33 33 33 33 33 33 33 33 33 33 33 33 33 33 33 33 33 99 55
[2025-08-25 20:06:26.232] [DEBUG] 数据解析成功:
[2025-08-25 20:06:26.233] [INFO]   ID: 0x60
  命令: 0x83 (读)
  寄存器地址: 0x00
  寄存器数量: 0
[2025-08-25 20:06:26.234] [DEBUG] 组包成功，数据长度: 21 字节
[2025-08-25 20:06:26.234] [DEBUG] 发送数据: A5 60 9F A5 01 0D 3B 34 33 33 33 33 33 33 33 33 33 33 33 8E 55
[2025-08-25 20:06:27.236] [DEBUG] 接收数据: A5 60 9F A5 81 0D 3B 34 33 33 33 33 33 33 33 33 33 33 33 B9 55
[2025-08-25 20:06:27.238] [DEBUG] 数据解析成功:
[2025-08-25 20:06:27.239] [INFO]   ID: 0x60
  命令: 0x81 (读)
  寄存器地址: 0x08
  寄存器数量: 0
[2025-08-25 20:06:27.240] [INFO] 
全局变量中的LED显示信息已更新:
[2025-08-25 20:06:27.242] [INFO]   屏幕状态: 开
  亮度级别: 0
  数字显示: 0
  LOGO状态: 0 (0关, 1白, 2红)
  护盾状态: 0 (0关, 1白, 2绿)
  ReadyGo状态: 0 (0关, 1白, 2红)
  左转向灯: 0 (0关, 1白, 2橙)
  右转向灯: 0 (0关, 1白, 2橙)
  灯环状态: 0 (0关, 1蓝, 2红)
[2025-08-25 20:06:27.243] [INFO] 结果: PASS | 用时: 2.018s
[2025-08-25 20:06:27.243] [INFO] ==== 执行用例 #7 ====
[2025-08-25 20:06:27.244] [INFO] 参数: {'screen_on': 1, 'brightness': 0, 'digital': 0, 'logo': 0, 'rim_state': 0, 'rdygo': 0, 'turn_left': 0, 'turn_right': 0, 'ring': 0} | 备注: 
[2025-08-25 20:06:27.244] [DEBUG] 修改后的LED显示信息:
[2025-08-25 20:06:27.245] [INFO]   屏幕状态: 开
  亮度级别: 0
  数字显示: 0
  LOGO状态: 0 (0关, 1白, 2红)
  护盾状态: 0 (0关, 1白, 2绿)
  ReadyGo状态: 0 (0关, 1白, 2红)
  左转向灯: 0 (0关, 1白, 2橙)
  右转向灯: 0 (0关, 1白, 2橙)
  灯环状态: 0 (0关, 1蓝, 2红)
[2025-08-25 20:06:27.245] [DEBUG] 组包成功，数据长度: 21 字节
[2025-08-25 20:06:27.246] [DEBUG] 发送数据: A5 60 9F A5 03 0D 3B 34 33 33 33 33 33 33 33 33 33 33 33 C9 55
[2025-08-25 20:06:28.248] [DEBUG] 接收数据: A5 60 9F A5 83 55 33 93 7F 63 64 33 33 33 33 33 33 33 33 33 33 33 33 33 33 33 33 33 33 33 33 33 33 33 33 33 33 33 33 33 33 33 33 89 66 69 66 65 85 64 63 64 76 63 64 92 75 A7 63 65 33 33 33 33 33 37 33 37 33 33 33 34 33 33 33 33 33 33 33 33 33 33 33 33 33 33 33 33 33 33 33 DD 55
[2025-08-25 20:06:28.249] [DEBUG] 数据解析成功:
[2025-08-25 20:06:28.251] [INFO]   ID: 0x60
  命令: 0x83 (读)
  寄存器地址: 0x00
  寄存器数量: 0
[2025-08-25 20:06:28.252] [DEBUG] 组包成功，数据长度: 21 字节
[2025-08-25 20:06:28.253] [DEBUG] 发送数据: A5 60 9F A5 01 0D 3B 34 33 33 33 33 33 33 33 33 33 33 33 8E 55
[2025-08-25 20:06:29.258] [DEBUG] 接收数据: A5 60 9F A5 81 0D 3B 34 33 33 33 33 33 33 33 33 33 33 33 B9 55
[2025-08-25 20:06:29.260] [DEBUG] 数据解析成功:
[2025-08-25 20:06:29.261] [INFO]   ID: 0x60
  命令: 0x81 (读)
  寄存器地址: 0x08
  寄存器数量: 0
[2025-08-25 20:06:29.262] [INFO] 
全局变量中的LED显示信息已更新:
[2025-08-25 20:06:29.263] [INFO]   屏幕状态: 开
  亮度级别: 0
  数字显示: 0
  LOGO状态: 0 (0关, 1白, 2红)
  护盾状态: 0 (0关, 1白, 2绿)
  ReadyGo状态: 0 (0关, 1白, 2红)
  左转向灯: 0 (0关, 1白, 2橙)
  右转向灯: 0 (0关, 1白, 2橙)
  灯环状态: 0 (0关, 1蓝, 2红)
[2025-08-25 20:06:29.264] [INFO] 结果: PASS | 用时: 2.020s
[2025-08-25 20:06:29.265] [INFO] ==== 执行用例 #8 ====
[2025-08-25 20:06:29.265] [INFO] 参数: {'screen_on': 1, 'brightness': 0, 'digital': 0, 'logo': 0, 'rim_state': 0, 'rdygo': 0, 'turn_left': 0, 'turn_right': 0, 'ring': 0} | 备注: 
[2025-08-25 20:06:29.266] [DEBUG] 修改后的LED显示信息:
[2025-08-25 20:06:29.267] [INFO]   屏幕状态: 开
  亮度级别: 0
  数字显示: 0
  LOGO状态: 0 (0关, 1白, 2红)
  护盾状态: 0 (0关, 1白, 2绿)
  ReadyGo状态: 0 (0关, 1白, 2红)
  左转向灯: 0 (0关, 1白, 2橙)
  右转向灯: 0 (0关, 1白, 2橙)
  灯环状态: 0 (0关, 1蓝, 2红)
[2025-08-25 20:06:29.267] [DEBUG] 组包成功，数据长度: 21 字节
[2025-08-25 20:06:29.268] [DEBUG] 发送数据: A5 60 9F A5 03 0D 3B 34 33 33 33 33 33 33 33 33 33 33 33 C9 55
[2025-08-25 20:06:30.272] [DEBUG] 接收数据: A5 60 9F A5 83 55 33 93 7F 63 64 33 33 33 33 33 33 33 33 33 33 33 33 33 33 33 33 33 33 33 33 33 33 33 33 33 33 33 33 33 33 33 33 89 66 69 66 65 85 64 63 64 76 63 64 92 75 A7 63 65 33 33 33 33 33 37 33 37 33 33 33 34 33 33 33 33 33 33 33 33 33 33 33 33 33 33 33 33 33 33 33 DD 55
[2025-08-25 20:06:30.273] [DEBUG] 数据解析成功:
[2025-08-25 20:06:30.275] [INFO]   ID: 0x60
  命令: 0x83 (读)
  寄存器地址: 0x00
  寄存器数量: 0
[2025-08-25 20:06:30.276] [DEBUG] 组包成功，数据长度: 21 字节
[2025-08-25 20:06:30.277] [DEBUG] 发送数据: A5 60 9F A5 01 0D 3B 34 33 33 33 33 33 33 33 33 33 33 33 8E 55
[2025-08-25 20:06:31.279] [DEBUG] 接收数据: A5 60 9F A5 81 0D 3B 34 33 33 33 33 33 33 33 33 33 33 33 B9 55
[2025-08-25 20:06:31.279] [DEBUG] 数据解析成功:
[2025-08-25 20:06:31.281] [INFO]   ID: 0x60
  命令: 0x81 (读)
  寄存器地址: 0x08
  寄存器数量: 0
[2025-08-25 20:06:31.282] [INFO] 
全局变量中的LED显示信息已更新:
[2025-08-25 20:06:31.282] [INFO]   屏幕状态: 开
  亮度级别: 0
  数字显示: 0
  LOGO状态: 0 (0关, 1白, 2红)
  护盾状态: 0 (0关, 1白, 2绿)
  ReadyGo状态: 0 (0关, 1白, 2红)
  左转向灯: 0 (0关, 1白, 2橙)
  右转向灯: 0 (0关, 1白, 2橙)
  灯环状态: 0 (0关, 1蓝, 2红)
[2025-08-25 20:06:31.284] [INFO] 结果: PASS | 用时: 2.019s
[2025-08-25 20:06:31.284] [INFO] ==== 执行用例 #9 ====
[2025-08-25 20:06:31.284] [INFO] 参数: {'screen_on': 1, 'brightness': 0, 'digital': 0, 'logo': 0, 'rim_state': 0, 'rdygo': 0, 'turn_left': 0, 'turn_right': 0, 'ring': 0} | 备注: 
[2025-08-25 20:06:31.284] [DEBUG] 修改后的LED显示信息:
[2025-08-25 20:06:31.286] [INFO]   屏幕状态: 开
  亮度级别: 0
  数字显示: 0
  LOGO状态: 0 (0关, 1白, 2红)
  护盾状态: 0 (0关, 1白, 2绿)
  ReadyGo状态: 0 (0关, 1白, 2红)
  左转向灯: 0 (0关, 1白, 2橙)
  右转向灯: 0 (0关, 1白, 2橙)
  灯环状态: 0 (0关, 1蓝, 2红)
[2025-08-25 20:06:31.286] [DEBUG] 组包成功，数据长度: 21 字节
[2025-08-25 20:06:31.286] [DEBUG] 发送数据: A5 60 9F A5 03 0D 3B 34 33 33 33 33 33 33 33 33 33 33 33 C9 55
[2025-08-25 20:06:32.292] [DEBUG] 接收数据: A5 60 9F A5 83 55 33 93 7F 63 64 33 33 33 33 33 33 33 33 33 33 33 33 33 33 33 33 33 33 33 33 33 33 33 33 33 33 33 33 33 33 33 33 89 66 69 66 65 85 64 63 64 76 63 64 92 75 A7 63 65 33 33 33 33 33 37 33 38 33 33 33 34 33 33 33 33 33 33 33 33 33 33 33 33 33 33 33 33 33 33 33 99 55
[2025-08-25 20:06:32.293] [DEBUG] 数据解析成功:
[2025-08-25 20:06:32.294] [INFO]   ID: 0x60
  命令: 0x83 (读)
  寄存器地址: 0x00
  寄存器数量: 0
[2025-08-25 20:06:32.295] [DEBUG] 组包成功，数据长度: 21 字节
[2025-08-25 20:06:32.296] [DEBUG] 发送数据: A5 60 9F A5 01 0D 3B 34 33 33 33 33 33 33 33 33 33 33 33 8E 55
[2025-08-25 20:06:33.302] [DEBUG] 接收数据: A5 60 9F A5 81 0D 3B 34 33 33 33 33 33 33 33 33 33 33 33 B9 55
[2025-08-25 20:06:33.302] [DEBUG] 数据解析成功:
[2025-08-25 20:06:33.303] [INFO]   ID: 0x60
  命令: 0x81 (读)
  寄存器地址: 0x08
  寄存器数量: 0
[2025-08-25 20:06:33.303] [INFO] 
全局变量中的LED显示信息已更新:
[2025-08-25 20:06:33.304] [INFO]   屏幕状态: 开
  亮度级别: 0
  数字显示: 0
  LOGO状态: 0 (0关, 1白, 2红)
  护盾状态: 0 (0关, 1白, 2绿)
  ReadyGo状态: 0 (0关, 1白, 2红)
  左转向灯: 0 (0关, 1白, 2橙)
  右转向灯: 0 (0关, 1白, 2橙)
  灯环状态: 0 (0关, 1蓝, 2红)
[2025-08-25 20:06:33.304] [INFO] 结果: PASS | 用时: 2.019s
[2025-08-25 20:06:33.305] [INFO] ==== 执行用例 #10 ====
[2025-08-25 20:06:33.305] [INFO] 参数: {'screen_on': 1, 'brightness': 0, 'digital': 0, 'logo': 0, 'rim_state': 0, 'rdygo': 0, 'turn_left': 0, 'turn_right': 0, 'ring': 0} | 备注: 
[2025-08-25 20:06:33.305] [DEBUG] 修改后的LED显示信息:
[2025-08-25 20:06:33.306] [INFO]   屏幕状态: 开
  亮度级别: 0
  数字显示: 0
  LOGO状态: 0 (0关, 1白, 2红)
  护盾状态: 0 (0关, 1白, 2绿)
  ReadyGo状态: 0 (0关, 1白, 2红)
  左转向灯: 0 (0关, 1白, 2橙)
  右转向灯: 0 (0关, 1白, 2橙)
  灯环状态: 0 (0关, 1蓝, 2红)
[2025-08-25 20:06:33.306] [DEBUG] 组包成功，数据长度: 21 字节
[2025-08-25 20:06:33.306] [DEBUG] 发送数据: A5 60 9F A5 03 0D 3B 34 33 33 33 33 33 33 33 33 33 33 33 C9 55
[2025-08-25 20:06:34.309] [DEBUG] 接收数据: A5 60 9F A5 83 55 33 93 7F 63 64 33 33 33 33 33 33 33 33 33 33 33 33 33 33 33 33 33 33 33 33 33 33 33 33 33 33 33 33 33 33 33 33 89 66 69 66 65 85 64 63 64 76 63 64 92 75 A7 63 65 33 33 33 33 33 37 33 38 33 33 33 34 33 33 33 33 33 33 33 33 33 33 33 33 33 33 33 33 33 33 33 99 55
[2025-08-25 20:06:34.310] [DEBUG] 数据解析成功:
[2025-08-25 20:06:34.311] [INFO]   ID: 0x60
  命令: 0x83 (读)
  寄存器地址: 0x00
  寄存器数量: 0
[2025-08-25 20:06:34.311] [DEBUG] 组包成功，数据长度: 21 字节
[2025-08-25 20:06:34.313] [DEBUG] 发送数据: A5 60 9F A5 01 0D 3B 34 33 33 33 33 33 33 33 33 33 33 33 8E 55
[2025-08-25 20:06:35.318] [DEBUG] 接收数据: A5 60 9F A5 81 0D 3B 34 33 33 33 33 33 33 33 33 33 33 33 B9 55
[2025-08-25 20:06:35.319] [DEBUG] 数据解析成功:
[2025-08-25 20:06:35.320] [INFO]   ID: 0x60
  命令: 0x81 (读)
  寄存器地址: 0x08
  寄存器数量: 0
[2025-08-25 20:06:35.321] [INFO] 
全局变量中的LED显示信息已更新:
[2025-08-25 20:06:35.321] [INFO]   屏幕状态: 开
  亮度级别: 0
  数字显示: 0
  LOGO状态: 0 (0关, 1白, 2红)
  护盾状态: 0 (0关, 1白, 2绿)
  ReadyGo状态: 0 (0关, 1白, 2红)
  左转向灯: 0 (0关, 1白, 2橙)
  右转向灯: 0 (0关, 1白, 2橙)
  灯环状态: 0 (0关, 1蓝, 2红)
[2025-08-25 20:06:35.322] [INFO] 结果: PASS | 用时: 2.017s
[2025-08-25 20:06:35.323] [INFO] 开始压力循环: 次数=1, 间隔=0.5s, 参数={'screen_on': 1, 'brightness': 0, 'digital': 0, 'logo': 0, 'rim_state': 0, 'rdygo': 0, 'turn_left': 0, 'turn_right': 0, 'ring': 0}
[2025-08-25 20:06:35.323] [DEBUG] 修改后的LED显示信息:
[2025-08-25 20:06:35.323] [INFO]   屏幕状态: 开
  亮度级别: 0
  数字显示: 0
  LOGO状态: 0 (0关, 1白, 2红)
  护盾状态: 0 (0关, 1白, 2绿)
  ReadyGo状态: 0 (0关, 1白, 2红)
  左转向灯: 0 (0关, 1白, 2橙)
  右转向灯: 0 (0关, 1白, 2橙)
  灯环状态: 0 (0关, 1蓝, 2红)
[2025-08-25 20:06:35.324] [DEBUG] 组包成功，数据长度: 21 字节
[2025-08-25 20:06:35.324] [DEBUG] 发送数据: A5 60 9F A5 03 0D 3B 34 33 33 33 33 33 33 33 33 33 33 33 C9 55
[2025-08-25 20:06:36.326] [DEBUG] 接收数据: A5 60 9F A5 83 55 33 93 7F 63 64 33 33 33 33 33 33 33 33 33 33 33 33 33 33 33 33 33 33 33 33 33 33 33 33 33 33 33 33 33 33 33 33 89 66 69 66 65 85 64 63 64 76 63 64 92 75 A7 63 65 33 33 33 33 33 37 33 36 33 33 33 34 33 33 33 33 33 33 33 33 33 33 33 33 33 33 33 33 33 33 33 28 55
[2025-08-25 20:06:36.326] [DEBUG] 数据解析成功:
[2025-08-25 20:06:36.327] [INFO]   ID: 0x60
  命令: 0x83 (读)
  寄存器地址: 0x00
  寄存器数量: 0
[2025-08-25 20:06:36.327] [INFO] [循环 1/1] 发送 OK
[2025-08-25 20:06:36.830] [INFO] 已保存结果: reports\2025-08-25_20-06-14\results.csv
[2025-08-25 20:06:36.830] [INFO] 已生成报告: reports\2025-08-25_20-06-14\report.html
[2025-08-25 20:06:36.832] [DEBUG] 串口已关闭
[2025-08-25 20:06:36.832] [INFO] 程序结束
