[2025-08-25 15:10:22.780] [INFO] 初始化 BLE 协议通信...
[2025-08-25 15:10:22.811] [INFO] 生成排列组合用例 34992 条
[2025-08-25 15:10:22.811] [INFO] ==== 执行用例 #1 ====
[2025-08-25 15:10:22.812] [INFO] 参数: {'screen_on': 0, 'brightness': 0, 'digital': 0, 'logo': 0, 'rim_state': 0, 'rdygo': 0, 'turn_left': 0, 'turn_right': 0, 'ring': 0} | 备注: 
[2025-08-25 15:10:22.812] [DEBUG] 修改后的LED显示信息:
[2025-08-25 15:10:22.812] [INFO]   屏幕状态: 关
  亮度级别: 0
  数字显示: 0
  LOGO状态: 0 (0关, 1白, 2红)
  护盾状态: 0 (0关, 1白, 2绿)
  ReadyGo状态: 0 (0关, 1白, 2红)
  左转向灯: 0 (0关, 1白, 2橙)
  右转向灯: 0 (0关, 1白, 2橙)
  灯环状态: 0 (0关, 1蓝, 2红)
[2025-08-25 15:10:22.813] [DEBUG] 组包成功，数据长度: 21 字节
[2025-08-25 15:10:22.814] [DEBUG] 发送数据: A5 60 9F A5 03 0D 3B 33 33 33 33 33 33 33 33 33 33 33 33 C1 55
[2025-08-25 15:10:23.816] [DEBUG] 接收数据: A5 60 9F A5 83 55 33 93 7F 63 64 33 33 33 33 33 33 33 33 33 33 33 33 33 33 33 33 33 33 33 33 33 33 33 33 33 33 33 33 33 33 33 33 89 66 69 66 65 85 64 63 64 76 63 64 92 75 A7 63 65 33 33 33 33 33 37 33 37 33 33 33 33 33 33 33 33 33 33 33 33 33 33 33 33 33 33 33 33 33 33 33 61 55
[2025-08-25 15:10:23.817] [DEBUG] 数据解析成功:
[2025-08-25 15:10:23.818] [INFO]   ID: 0x60
  命令: 0x83 (读)
  寄存器地址: 0x00
  寄存器数量: 0
[2025-08-25 15:10:23.818] [DEBUG] 组包成功，数据长度: 21 字节
[2025-08-25 15:10:23.819] [DEBUG] 发送数据: A5 60 9F A5 01 0D 3B 33 33 33 33 33 33 33 33 33 33 33 33 86 55
[2025-08-25 15:10:24.820] [DEBUG] 接收数据: A5 60 9F A5 81 0D 3B 33 33 33 33 33 33 33 33 33 33 33 33 B1 55
[2025-08-25 15:10:24.821] [DEBUG] 数据解析成功:
[2025-08-25 15:10:24.822] [INFO]   ID: 0x60
  命令: 0x81 (读)
  寄存器地址: 0x08
  寄存器数量: 0
[2025-08-25 15:10:24.822] [INFO] 
全局变量中的LED显示信息已更新:
[2025-08-25 15:10:24.822] [INFO]   屏幕状态: 关
  亮度级别: 0
  数字显示: 0
  LOGO状态: 0 (0关, 1白, 2红)
  护盾状态: 0 (0关, 1白, 2绿)
  ReadyGo状态: 0 (0关, 1白, 2红)
  左转向灯: 0 (0关, 1白, 2橙)
  右转向灯: 0 (0关, 1白, 2橙)
  灯环状态: 0 (0关, 1蓝, 2红)
[2025-08-25 15:10:24.823] [INFO] 结果: PASS | 用时: 2.012s
[2025-08-25 15:10:24.824] [INFO] ==== 执行用例 #2 ====
[2025-08-25 15:10:24.824] [INFO] 参数: {'screen_on': 0, 'brightness': 0, 'digital': 0, 'logo': 0, 'rim_state': 0, 'rdygo': 0, 'turn_left': 0, 'turn_right': 0, 'ring': 1} | 备注: 
[2025-08-25 15:10:24.825] [DEBUG] 修改后的LED显示信息:
[2025-08-25 15:10:24.825] [INFO]   屏幕状态: 关
  亮度级别: 0
  数字显示: 0
  LOGO状态: 0 (0关, 1白, 2红)
  护盾状态: 0 (0关, 1白, 2绿)
  ReadyGo状态: 0 (0关, 1白, 2红)
  左转向灯: 0 (0关, 1白, 2橙)
  右转向灯: 0 (0关, 1白, 2橙)
  灯环状态: 1 (0关, 1蓝, 2红)
[2025-08-25 15:10:24.825] [DEBUG] 组包成功，数据长度: 21 字节
[2025-08-25 15:10:24.826] [DEBUG] 发送数据: A5 60 9F A5 03 0D 3B 33 33 33 33 33 33 35 33 33 33 33 33 30 55
[2025-08-25 15:10:25.828] [DEBUG] 接收数据: A5 60 9F A5 83 55 33 93 7F 63 64 33 33 33 33 33 33 33 33 33 33 33 33 33 33 33 33 33 33 33 33 33 33 33 33 33 33 33 33 33 33 33 33 89 66 69 66 65 85 64 63 64 76 63 64 92 75 A7 63 65 33 33 33 33 33 37 33 39 33 33 33 33 33 33 33 33 33 35 33 33 33 33 33 33 33 33 33 33 33 33 33 8E 55
[2025-08-25 15:10:25.829] [DEBUG] 数据解析成功:
[2025-08-25 15:10:25.830] [INFO]   ID: 0x60
  命令: 0x83 (读)
  寄存器地址: 0x00
  寄存器数量: 0
[2025-08-25 15:10:25.831] [DEBUG] 组包成功，数据长度: 21 字节
[2025-08-25 15:10:25.831] [DEBUG] 发送数据: A5 60 9F A5 01 0D 3B 33 33 33 33 33 33 35 33 33 33 33 33 77 55
[2025-08-25 15:10:26.836] [DEBUG] 接收数据: A5 60 9F A5 81 0D 3B 33 33 33 33 33 33 35 33 33 33 33 33 40 55
[2025-08-25 15:10:26.836] [DEBUG] 数据解析成功:
[2025-08-25 15:10:26.837] [INFO]   ID: 0x60
  命令: 0x81 (读)
  寄存器地址: 0x08
  寄存器数量: 0
[2025-08-25 15:10:26.839] [INFO] 
全局变量中的LED显示信息已更新:
[2025-08-25 15:10:26.839] [INFO]   屏幕状态: 关
  亮度级别: 0
  数字显示: 0
  LOGO状态: 0 (0关, 1白, 2红)
  护盾状态: 0 (0关, 1白, 2绿)
  ReadyGo状态: 0 (0关, 1白, 2红)
  左转向灯: 0 (0关, 1白, 2橙)
  右转向灯: 0 (0关, 1白, 2橙)
  灯环状态: 1 (0关, 1蓝, 2红)
[2025-08-25 15:10:26.839] [INFO] 结果: PASS | 用时: 2.015s
[2025-08-25 15:10:26.840] [INFO] ==== 执行用例 #3 ====
[2025-08-25 15:10:26.840] [INFO] 参数: {'screen_on': 0, 'brightness': 0, 'digital': 0, 'logo': 0, 'rim_state': 0, 'rdygo': 0, 'turn_left': 0, 'turn_right': 0, 'ring': 2} | 备注: 
[2025-08-25 15:10:26.840] [DEBUG] 修改后的LED显示信息:
[2025-08-25 15:10:26.840] [INFO]   屏幕状态: 关
  亮度级别: 0
  数字显示: 0
  LOGO状态: 0 (0关, 1白, 2红)
  护盾状态: 0 (0关, 1白, 2绿)
  ReadyGo状态: 0 (0关, 1白, 2红)
  左转向灯: 0 (0关, 1白, 2橙)
  右转向灯: 0 (0关, 1白, 2橙)
  灯环状态: 2 (0关, 1蓝, 2红)
[2025-08-25 15:10:26.841] [DEBUG] 组包成功，数据长度: 21 字节
[2025-08-25 15:10:26.841] [DEBUG] 发送数据: A5 60 9F A5 03 0D 3B 33 33 33 33 33 33 37 33 33 33 33 33 94 55
