[2025-08-27 20:18:13.880] [INFO] 初始化 BLE 协议通信...
[2025-08-27 20:18:14.068] [INFO] 加载用例 5 条 来自: testcases.xlsx
[2025-08-27 20:18:14.073] [INFO] ==== 执行用例 #1 ====
[2025-08-27 20:18:14.076] [INFO] 参数: {'screen_on': 1, 'brightness': 7, 'digital': 88, 'logo': 1, 'rim_state': 1, 'rdygo': 1, 'turn_left': 2, 'turn_right': 2, 'ring': 2, 'ble_id': 96, 'ble_cmd': 3, 'ble_reg_addr': 8, 'ble_reg_nums': 1} | 备注: 基本点亮 + 白LOGO + 左右转向橙
[2025-08-27 20:18:14.109] [DEBUG] 修改后的LED显示信息:
[2025-08-27 20:18:14.119] [INFO]   屏幕状态: 开
  亮度级别: 7
  数字显示: 88
  LOGO状态: 1 (0关, 1白, 2红)
  护盾状态: 1 (0关, 1白, 2绿)
  ReadyGo状态: 1 (0关, 1白, 2红)
  左转向灯: 2 (0关, 1白, 2橙)
  右转向灯: 2 (0关, 1白, 2橙)
  灯环状态: 2 (0关, 1蓝, 2红)
[2025-08-27 20:18:14.139] [DEBUG] 使用的ppx_ble_msg_t结构体:
[2025-08-27 20:18:14.150] [INFO]   ID: 0x60
  命令: 0x03 (写)
  寄存器地址: 0x08
  寄存器数量: 1
[2025-08-27 20:18:14.161] [DEBUG] 组包成功，数据长度: 21 字节
[2025-08-27 20:18:14.168] [DEBUG] 发送数据: A5 60 9F A5 03 0D 3B 42 33 33 33 0B 7D 38 33 33 33 33 33 BA 55
[2025-08-27 20:18:15.193] [DEBUG] 接收数据: A5 60 9F A5 83 55 33 93 7F 63 64 33 33 33 33 33 33 33 33 33 33 33 33 33 33 33 33 33 33 33 33 33 33 33 33 33 33 33 33 33 33 33 33 89 66 69 66 65 85 64 63 64 76 63 64 92 75 A7 63 65 33 33 33 33 33 37 33 37 33 33 33 42 33 33 33 0B 7D 38 33 33 33 33 33 33 33 33 33 33 33 33 33 26 55
[2025-08-27 20:18:15.284] [DEBUG] 数据解析成功:
[2025-08-27 20:18:15.297] [INFO]   ID: 0x60
  命令: 0x83 (读)
  寄存器地址: 0x00
  寄存器数量: 0
[2025-08-27 20:18:15.319] [DEBUG] 使用的ppx_ble_msg_t结构体(读取操作):
[2025-08-27 20:18:15.333] [INFO]   ID: 0x60
  命令: 0x01 (读)
  寄存器地址: 0x08
  寄存器数量: 1
[2025-08-27 20:18:15.359] [DEBUG] 组包成功，数据长度: 21 字节
[2025-08-27 20:18:15.375] [DEBUG] 发送数据: A5 60 9F A5 01 0D 3B 42 33 33 33 0B 7D 38 33 33 33 33 33 FD 55
[2025-08-27 20:18:16.408] [DEBUG] 接收数据: A5 60 9F A5 81 0D 3B 42 33 33 33 0B 7D 38 33 33 33 33 33 CA 55
[2025-08-27 20:18:16.441] [DEBUG] 数据解析成功:
[2025-08-27 20:18:16.451] [INFO]   ID: 0x60
  命令: 0x81 (读)
  寄存器地址: 0x08
  寄存器数量: 0
[2025-08-27 20:18:16.470] [INFO] 
全局变量中的LED显示信息已更新:
[2025-08-27 20:18:16.489] [INFO]   屏幕状态: 开
  亮度级别: 7
  数字显示: 88
  LOGO状态: 1 (0关, 1白, 2红)
  护盾状态: 1 (0关, 1白, 2绿)
  ReadyGo状态: 1 (0关, 1白, 2红)
  左转向灯: 2 (0关, 1白, 2橙)
  右转向灯: 2 (0关, 1白, 2橙)
  灯环状态: 2 (0关, 1蓝, 2红)
[2025-08-27 20:18:16.505] [INFO] 结果: PASS | 用时: 2.432s
[2025-08-27 20:18:16.714] [INFO] ==== 执行用例 #2 ====
[2025-08-27 20:18:16.765] [INFO] 参数: {'screen_on': 0, 'brightness': 3, 'digital': 0, 'logo': 0, 'rim_state': 0, 'rdygo': 0, 'turn_left': 0, 'turn_right': 0, 'ring': 0, 'ble_id': 96, 'ble_cmd': 3, 'ble_reg_addr': 8, 'ble_reg_nums': 1} | 备注: 关闭显示，校验全部为0（除 brightness）
[2025-08-27 20:18:16.808] [DEBUG] 修改后的LED显示信息:
[2025-08-27 20:18:16.823] [INFO]   屏幕状态: 关
  亮度级别: 3
  数字显示: 0
  LOGO状态: 0 (0关, 1白, 2红)
  护盾状态: 0 (0关, 1白, 2绿)
  ReadyGo状态: 0 (0关, 1白, 2红)
  左转向灯: 0 (0关, 1白, 2橙)
  右转向灯: 0 (0关, 1白, 2橙)
  灯环状态: 0 (0关, 1蓝, 2红)
[2025-08-27 20:18:16.843] [DEBUG] 使用的ppx_ble_msg_t结构体:
[2025-08-27 20:18:16.854] [INFO]   ID: 0x60
  命令: 0x03 (写)
  寄存器地址: 0x08
  寄存器数量: 1
[2025-08-27 20:18:16.867] [DEBUG] 组包成功，数据长度: 21 字节
[2025-08-27 20:18:16.875] [DEBUG] 发送数据: A5 60 9F A5 03 0D 3B 39 33 33 33 33 33 33 33 33 33 33 33 12 55
[2025-08-27 20:18:17.899] [DEBUG] 接收数据: A5 60 9F A5 83 55 33 93 7F 63 64 33 33 33 33 33 33 33 33 33 33 33 33 33 33 33 33 33 33 33 33 33 33 33 33 33 33 33 33 33 33 33 33 89 66 69 66 65 85 64 63 64 76 63 64 92 75 A7 63 65 33 33 33 33 33 37 33 37 33 33 33 39 33 33 33 33 33 33 33 33 33 33 33 33 33 33 33 33 33 33 33 4B 55
[2025-08-27 20:18:17.979] [DEBUG] 数据解析成功:
[2025-08-27 20:18:17.992] [INFO]   ID: 0x60
  命令: 0x83 (读)
  寄存器地址: 0x00
  寄存器数量: 0
[2025-08-27 20:18:18.014] [DEBUG] 使用的ppx_ble_msg_t结构体(读取操作):
[2025-08-27 20:18:18.027] [INFO]   ID: 0x60
  命令: 0x01 (读)
  寄存器地址: 0x08
  寄存器数量: 1
[2025-08-27 20:18:18.049] [DEBUG] 组包成功，数据长度: 21 字节
[2025-08-27 20:18:18.064] [DEBUG] 发送数据: A5 60 9F A5 01 0D 3B 39 33 33 33 33 33 33 33 33 33 33 33 55 55
[2025-08-27 20:18:19.097] [DEBUG] 接收数据: A5 60 9F A5 81 0D 3B 39 33 33 33 33 33 33 33 33 33 33 33 62 55
[2025-08-27 20:18:19.188] [DEBUG] 数据解析成功:
[2025-08-27 20:18:19.199] [INFO]   ID: 0x60
  命令: 0x81 (读)
  寄存器地址: 0x08
  寄存器数量: 0
[2025-08-27 20:18:19.219] [INFO] 
全局变量中的LED显示信息已更新:
[2025-08-27 20:18:19.236] [INFO]   屏幕状态: 关
  亮度级别: 3
  数字显示: 0
  LOGO状态: 0 (0关, 1白, 2红)
  护盾状态: 0 (0关, 1白, 2绿)
  ReadyGo状态: 0 (0关, 1白, 2红)
  左转向灯: 0 (0关, 1白, 2橙)
  右转向灯: 0 (0关, 1白, 2橙)
  灯环状态: 0 (0关, 1蓝, 2红)
[2025-08-27 20:18:19.253] [INFO] 结果: PASS | 用时: 2.539s
[2025-08-27 20:18:19.462] [INFO] ==== 执行用例 #3 ====
[2025-08-27 20:18:19.508] [INFO] 参数: {'screen_on': 1, 'brightness': 7, 'digital': 11, 'logo': 1, 'rim_state': 0, 'rdygo': 0, 'turn_left': 0, 'turn_right': 0, 'ring': 0, 'ble_id': 96, 'ble_cmd': 3, 'ble_reg_addr': 8, 'ble_reg_nums': 1} | 备注: 关闭显示，校验全部为0（除 brightness）
[2025-08-27 20:18:19.549] [DEBUG] 修改后的LED显示信息:
[2025-08-27 20:18:19.565] [INFO]   屏幕状态: 开
  亮度级别: 7
  数字显示: 11
  LOGO状态: 1 (0关, 1白, 2红)
  护盾状态: 0 (0关, 1白, 2绿)
  ReadyGo状态: 0 (0关, 1白, 2红)
  左转向灯: 0 (0关, 1白, 2橙)
  右转向灯: 0 (0关, 1白, 2橙)
  灯环状态: 0 (0关, 1蓝, 2红)
[2025-08-27 20:18:19.583] [DEBUG] 使用的ppx_ble_msg_t结构体:
[2025-08-27 20:18:19.595] [INFO]   ID: 0x60
  命令: 0x03 (写)
  寄存器地址: 0x08
  寄存器数量: 1
[2025-08-27 20:18:19.609] [DEBUG] 组包成功，数据长度: 21 字节
[2025-08-27 20:18:19.616] [DEBUG] 发送数据: A5 60 9F A5 03 0D 3B 42 33 33 33 BE 33 33 33 33 33 33 33 B8 55
[2025-08-27 20:18:20.639] [DEBUG] 接收数据: A5 60 9F A5 83 55 33 93 7F 63 64 33 33 33 33 33 33 33 33 33 33 33 33 33 33 33 33 33 33 33 33 33 33 33 33 33 33 33 33 33 33 33 33 89 66 69 66 65 85 64 63 64 76 63 64 92 75 A7 63 65 33 33 33 33 33 37 33 38 33 33 33 42 33 33 33 BE 33 33 33 33 33 33 33 33 33 33 33 33 33 33 33 E3 55
[2025-08-27 20:18:20.746] [DEBUG] 数据解析成功:
[2025-08-27 20:18:20.760] [INFO]   ID: 0x60
  命令: 0x83 (读)
  寄存器地址: 0x00
  寄存器数量: 0
[2025-08-27 20:18:20.782] [DEBUG] 使用的ppx_ble_msg_t结构体(读取操作):
[2025-08-27 20:18:20.795] [INFO]   ID: 0x60
  命令: 0x01 (读)
  寄存器地址: 0x08
  寄存器数量: 1
[2025-08-27 20:18:20.819] [DEBUG] 组包成功，数据长度: 21 字节
[2025-08-27 20:18:20.834] [DEBUG] 发送数据: A5 60 9F A5 01 0D 3B 42 33 33 33 BE 33 33 33 33 33 33 33 FF 55
[2025-08-27 20:18:21.871] [DEBUG] 接收数据: A5 60 9F A5 81 0D 3B 42 33 33 33 BE 33 33 33 33 33 33 33 C8 55
[2025-08-27 20:18:21.955] [DEBUG] 数据解析成功:
[2025-08-27 20:18:21.965] [INFO]   ID: 0x60
  命令: 0x81 (读)
  寄存器地址: 0x08
  寄存器数量: 0
[2025-08-27 20:18:21.983] [INFO] 
全局变量中的LED显示信息已更新:
[2025-08-27 20:18:22.000] [INFO]   屏幕状态: 开
  亮度级别: 7
  数字显示: 11
  LOGO状态: 1 (0关, 1白, 2红)
  护盾状态: 0 (0关, 1白, 2绿)
  ReadyGo状态: 0 (0关, 1白, 2红)
  左转向灯: 0 (0关, 1白, 2橙)
  右转向灯: 0 (0关, 1白, 2橙)
  灯环状态: 0 (0关, 1蓝, 2红)
[2025-08-27 20:18:22.017] [INFO] 结果: FAIL | 用时: 2.554s
[2025-08-27 20:18:22.229] [INFO] ==== 执行用例 #4 ====
[2025-08-27 20:18:22.271] [INFO] 参数: {'screen_on': 1, 'brightness': 7, 'digital': 22, 'logo': 1, 'rim_state': 0, 'rdygo': 0, 'turn_left': 0, 'turn_right': 0, 'ring': 0, 'ble_id': 96, 'ble_cmd': 3, 'ble_reg_addr': 8, 'ble_reg_nums': 1} | 备注: 关闭显示，校验全部为0（除 brightness）
[2025-08-27 20:18:22.312] [DEBUG] 修改后的LED显示信息:
[2025-08-27 20:18:22.327] [INFO]   屏幕状态: 开
  亮度级别: 7
  数字显示: 22
  LOGO状态: 1 (0关, 1白, 2红)
  护盾状态: 0 (0关, 1白, 2绿)
  ReadyGo状态: 0 (0关, 1白, 2红)
  左转向灯: 0 (0关, 1白, 2橙)
  右转向灯: 0 (0关, 1白, 2橙)
  灯环状态: 0 (0关, 1蓝, 2红)
[2025-08-27 20:18:22.345] [DEBUG] 使用的ppx_ble_msg_t结构体:
[2025-08-27 20:18:22.358] [INFO]   ID: 0x60
  命令: 0x03 (写)
  寄存器地址: 0x08
  寄存器数量: 1
[2025-08-27 20:18:22.371] [DEBUG] 组包成功，数据长度: 21 字节
[2025-08-27 20:18:22.381] [DEBUG] 发送数据: A5 60 9F A5 03 0D 3B 42 33 33 33 C9 33 33 33 33 33 33 33 45 55
[2025-08-27 20:18:23.402] [DEBUG] 接收数据: A5 60 9F A5 83 55 33 93 7F 63 64 33 33 33 33 33 33 33 33 33 33 33 33 33 33 33 33 33 33 33 33 33 33 33 33 33 33 33 33 33 33 33 33 89 66 69 66 65 85 64 63 64 76 63 64 92 75 A7 63 65 33 33 33 33 33 37 33 36 33 33 33 42 33 33 33 C9 33 33 33 33 33 33 33 33 33 33 33 33 33 33 33 D9 55
[2025-08-27 20:18:23.497] [DEBUG] 数据解析成功:
[2025-08-27 20:18:23.511] [INFO]   ID: 0x60
  命令: 0x83 (读)
  寄存器地址: 0x00
  寄存器数量: 0
[2025-08-27 20:18:23.533] [DEBUG] 使用的ppx_ble_msg_t结构体(读取操作):
[2025-08-27 20:18:23.546] [INFO]   ID: 0x60
  命令: 0x01 (读)
  寄存器地址: 0x08
  寄存器数量: 1
[2025-08-27 20:18:23.571] [DEBUG] 组包成功，数据长度: 21 字节
[2025-08-27 20:18:23.584] [DEBUG] 发送数据: A5 60 9F A5 01 0D 3B 42 33 33 33 C9 33 33 33 33 33 33 33 02 55
[2025-08-27 20:18:24.615] [DEBUG] 接收数据: A5 60 9F A5 81 0D 3B 42 33 33 33 C9 33 33 33 33 33 33 33 35 55
[2025-08-27 20:18:24.700] [DEBUG] 数据解析成功:
[2025-08-27 20:18:24.710] [INFO]   ID: 0x60
  命令: 0x81 (读)
  寄存器地址: 0x08
  寄存器数量: 0
[2025-08-27 20:18:24.728] [INFO] 
全局变量中的LED显示信息已更新:
[2025-08-27 20:18:24.745] [INFO]   屏幕状态: 开
  亮度级别: 7
  数字显示: 22
  LOGO状态: 1 (0关, 1白, 2红)
  护盾状态: 0 (0关, 1白, 2绿)
  ReadyGo状态: 0 (0关, 1白, 2红)
  左转向灯: 0 (0关, 1白, 2橙)
  右转向灯: 0 (0关, 1白, 2橙)
  灯环状态: 0 (0关, 1蓝, 2红)
[2025-08-27 20:18:24.763] [INFO] 结果: FAIL | 用时: 2.534s
[2025-08-27 20:18:24.974] [INFO] ==== 执行用例 #5 ====
[2025-08-27 20:18:25.026] [INFO] 参数: {'screen_on': 1, 'brightness': 9, 'digital': 99, 'logo': 1, 'rim_state': 0, 'rdygo': 0, 'turn_left': 0, 'turn_right': 0, 'ring': 0, 'ble_id': 96, 'ble_cmd': 3, 'ble_reg_addr': 8, 'ble_reg_nums': 1} | 备注: 关闭显示，校验全部为0（除 brightness）
[2025-08-27 20:18:25.067] [DEBUG] 修改后的LED显示信息:
[2025-08-27 20:18:25.081] [INFO]   屏幕状态: 开
  亮度级别: 1
  数字显示: 99
  LOGO状态: 1 (0关, 1白, 2红)
  护盾状态: 0 (0关, 1白, 2绿)
  ReadyGo状态: 0 (0关, 1白, 2红)
  左转向灯: 0 (0关, 1白, 2橙)
  右转向灯: 0 (0关, 1白, 2橙)
  灯环状态: 0 (0关, 1蓝, 2红)
[2025-08-27 20:18:25.101] [DEBUG] 使用的ppx_ble_msg_t结构体:
[2025-08-27 20:18:25.114] [INFO]   ID: 0x60
  命令: 0x03 (写)
  寄存器地址: 0x08
  寄存器数量: 1
[2025-08-27 20:18:25.128] [DEBUG] 组包成功，数据长度: 21 字节
[2025-08-27 20:18:25.139] [DEBUG] 发送数据: A5 60 9F A5 03 0D 3B 36 33 33 33 16 33 33 33 33 33 33 33 67 55
[2025-08-27 20:18:26.160] [DEBUG] 接收数据: A5 60 9F A5 83 55 33 93 7F 63 64 33 33 33 33 33 33 33 33 33 33 33 33 33 33 33 33 33 33 33 33 33 33 33 33 33 33 33 33 33 33 33 33 89 66 69 66 65 85 64 63 64 76 63 64 92 75 A7 63 65 33 33 33 33 33 37 33 36 33 33 33 36 33 33 33 16 33 33 33 33 33 33 33 33 33 33 33 33 33 33 33 97 55
[2025-08-27 20:18:26.205] [DEBUG] 数据解析成功:
[2025-08-27 20:18:26.217] [INFO]   ID: 0x60
  命令: 0x83 (读)
  寄存器地址: 0x00
  寄存器数量: 0
[2025-08-27 20:18:26.240] [DEBUG] 使用的ppx_ble_msg_t结构体(读取操作):
[2025-08-27 20:18:26.252] [INFO]   ID: 0x60
  命令: 0x01 (读)
  寄存器地址: 0x08
  寄存器数量: 1
[2025-08-27 20:18:26.278] [DEBUG] 组包成功，数据长度: 21 字节
[2025-08-27 20:18:26.293] [DEBUG] 发送数据: A5 60 9F A5 01 0D 3B 36 33 33 33 16 33 33 33 33 33 33 33 20 55
[2025-08-27 20:18:27.324] [DEBUG] 接收数据: A5 60 9F A5 81 0D 3B 36 33 33 33 16 33 33 33 33 33 33 33 17 55
[2025-08-27 20:18:27.356] [DEBUG] 数据解析成功:
[2025-08-27 20:18:27.366] [INFO]   ID: 0x60
  命令: 0x81 (读)
  寄存器地址: 0x08
  寄存器数量: 0
[2025-08-27 20:18:27.383] [INFO] 
全局变量中的LED显示信息已更新:
[2025-08-27 20:18:27.400] [INFO]   屏幕状态: 开
  亮度级别: 1
  数字显示: 99
  LOGO状态: 1 (0关, 1白, 2红)
  护盾状态: 0 (0关, 1白, 2绿)
  ReadyGo状态: 0 (0关, 1白, 2红)
  左转向灯: 0 (0关, 1白, 2橙)
  右转向灯: 0 (0关, 1白, 2橙)
  灯环状态: 0 (0关, 1蓝, 2红)
[2025-08-27 20:18:27.417] [INFO] 结果: FAIL | 用时: 2.444s
[2025-08-27 20:18:27.630] [INFO] 已保存结果: reports\2025-08-27_20-18-13\results.csv
[2025-08-27 20:18:27.689] [INFO] 已生成报告: reports\2025-08-27_20-18-13\report.html
[2025-08-27 20:18:27.716] [DEBUG] 串口已关闭
[2025-08-27 20:18:27.729] [INFO] 程序结束
