[2025-08-25 20:04:24.761] [INFO] 初始化 BLE 协议通信...
[2025-08-25 20:04:24.943] [INFO] 加载用例 2 条 来自: testcases.xlsx
[2025-08-25 20:04:24.947] [INFO] ==== 执行用例 #1 ====
[2025-08-25 20:04:24.951] [INFO] 参数: {'screen_on': 1, 'brightness': 7, 'digital': 1, 'logo': 1, 'rim_state': 1, 'rdygo': 1, 'turn_left': 1, 'turn_right': 1, 'ring': 1} | 备注: 最小点亮测试
[2025-08-25 20:04:24.971] [DEBUG] 修改后的LED显示信息:
[2025-08-25 20:04:24.978] [INFO]   屏幕状态: 开
  亮度级别: 7
  数字显示: 1
  LOGO状态: 1 (0关, 1白, 2红)
  护盾状态: 1 (0关, 1白, 2绿)
  ReadyGo状态: 1 (0关, 1白, 2红)
  左转向灯: 1 (0关, 1白, 2橙)
  右转向灯: 1 (0关, 1白, 2橙)
  灯环状态: 1 (0关, 1蓝, 2红)
[2025-08-25 20:04:24.998] [DEBUG] 组包成功，数据长度: 21 字节
[2025-08-25 20:04:25.007] [DEBUG] 发送数据: A5 60 9F A5 03 0D 3B 42 33 33 33 B4 DD 35 33 33 33 33 33 B6 55
[2025-08-25 20:04:26.026] [DEBUG] 接收数据: A5 60 9F A5 83 55 33 93 7F 63 64 33 33 33 33 33 33 33 33 33 33 33 33 33 33 33 33 33 33 33 33 33 33 33 33 33 33 33 33 33 33 33 33 89 66 69 66 65 85 64 63 64 76 63 64 92 75 A7 63 65 33 33 33 33 33 37 33 36 33 33 33 42 33 33 33 B4 DD 35 33 33 33 33 33 33 33 33 33 33 33 33 33 DF 55
[2025-08-25 20:04:26.114] [DEBUG] 数据解析成功:
[2025-08-25 20:04:26.134] [INFO]   ID: 0x60
  命令: 0x83 (读)
  寄存器地址: 0x00
  寄存器数量: 0
[2025-08-25 20:04:26.163] [DEBUG] 组包成功，数据长度: 21 字节
[2025-08-25 20:04:26.176] [DEBUG] 发送数据: A5 60 9F A5 01 0D 3B 42 33 33 33 B4 DD 35 33 33 33 33 33 F1 55
[2025-08-25 20:04:27.215] [DEBUG] 接收数据: A5 60 9F A5 81 0D 3B 42 33 33 33 B4 DD 35 33 33 33 33 33 C6 55
[2025-08-25 20:04:27.306] [DEBUG] 数据解析成功:
[2025-08-25 20:04:27.322] [INFO]   ID: 0x60
  命令: 0x81 (读)
  寄存器地址: 0x08
  寄存器数量: 0
[2025-08-25 20:04:27.343] [INFO] 
全局变量中的LED显示信息已更新:
[2025-08-25 20:04:27.364] [INFO]   屏幕状态: 开
  亮度级别: 7
  数字显示: 1
  LOGO状态: 1 (0关, 1白, 2红)
  护盾状态: 1 (0关, 1白, 2绿)
  ReadyGo状态: 1 (0关, 1白, 2红)
  左转向灯: 1 (0关, 1白, 2橙)
  右转向灯: 1 (0关, 1白, 2橙)
  灯环状态: 1 (0关, 1蓝, 2红)
[2025-08-25 20:04:27.380] [INFO] 结果: PASS | 用时: 2.433s
[2025-08-25 20:04:27.389] [INFO] ==== 执行用例 #2 ====
[2025-08-25 20:04:27.401] [INFO] 参数: {'screen_on': 1, 'brightness': 7, 'digital': 1, 'logo': 1, 'rim_state': 1, 'rdygo': 1, 'turn_left': 1, 'turn_right': 1, 'ring': 1} | 备注: 最小点亮测试
[2025-08-25 20:04:27.432] [DEBUG] 修改后的LED显示信息:
[2025-08-25 20:04:27.444] [INFO]   屏幕状态: 开
  亮度级别: 7
  数字显示: 1
  LOGO状态: 1 (0关, 1白, 2红)
  护盾状态: 1 (0关, 1白, 2绿)
  ReadyGo状态: 1 (0关, 1白, 2红)
  左转向灯: 1 (0关, 1白, 2橙)
  右转向灯: 1 (0关, 1白, 2橙)
  灯环状态: 1 (0关, 1蓝, 2红)
[2025-08-25 20:04:27.460] [DEBUG] 组包成功，数据长度: 21 字节
[2025-08-25 20:04:27.469] [DEBUG] 发送数据: A5 60 9F A5 03 0D 3B 42 33 33 33 B4 DD 35 33 33 33 33 33 B6 55
[2025-08-25 20:04:28.499] [DEBUG] 接收数据: A5 60 9F A5 83 55 33 93 7F 63 64 33 33 33 33 33 33 33 33 33 33 33 33 33 33 33 33 33 33 33 33 33 33 33 33 33 33 33 33 33 33 33 33 89 66 69 66 65 85 64 63 64 76 63 64 92 75 A7 63 65 33 33 33 33 33 37 33 37 33 33 33 42 33 33 33 B4 DD 35 33 33 33 33 33 33 33 33 33 33 33 33 33 2A 55
[2025-08-25 20:04:28.589] [DEBUG] 数据解析成功:
[2025-08-25 20:04:28.601] [INFO]   ID: 0x60
  命令: 0x83 (读)
  寄存器地址: 0x00
  寄存器数量: 0
[2025-08-25 20:04:28.622] [DEBUG] 组包成功，数据长度: 21 字节
[2025-08-25 20:04:28.636] [DEBUG] 发送数据: A5 60 9F A5 01 0D 3B 42 33 33 33 B4 DD 35 33 33 33 33 33 F1 55
[2025-08-25 20:04:29.667] [DEBUG] 接收数据: A5 60 9F A5 81 0D 3B 42 33 33 33 B4 DD 35 33 33 33 33 33 C6 55
[2025-08-25 20:04:29.736] [DEBUG] 数据解析成功:
[2025-08-25 20:04:29.754] [INFO]   ID: 0x60
  命令: 0x81 (读)
  寄存器地址: 0x08
  寄存器数量: 0
[2025-08-25 20:04:29.774] [INFO] 
全局变量中的LED显示信息已更新:
[2025-08-25 20:04:29.798] [INFO]   屏幕状态: 开
  亮度级别: 7
  数字显示: 1
  LOGO状态: 1 (0关, 1白, 2红)
  护盾状态: 1 (0关, 1白, 2绿)
  ReadyGo状态: 1 (0关, 1白, 2红)
  左转向灯: 1 (0关, 1白, 2橙)
  右转向灯: 1 (0关, 1白, 2橙)
  灯环状态: 1 (0关, 1蓝, 2红)
[2025-08-25 20:04:29.813] [INFO] 结果: PASS | 用时: 2.423s
[2025-08-25 20:04:29.823] [INFO] 开始压力循环: 次数=1, 间隔=0.5s, 参数={'screen_on': 1, 'brightness': 7, 'digital': 1, 'logo': 1, 'rim_state': 1, 'rdygo': 1, 'turn_left': 1, 'turn_right': 1, 'ring': 1}
[2025-08-25 20:04:29.852] [DEBUG] 修改后的LED显示信息:
[2025-08-25 20:04:29.865] [INFO]   屏幕状态: 开
  亮度级别: 7
  数字显示: 1
  LOGO状态: 1 (0关, 1白, 2红)
  护盾状态: 1 (0关, 1白, 2绿)
  ReadyGo状态: 1 (0关, 1白, 2红)
  左转向灯: 1 (0关, 1白, 2橙)
  右转向灯: 1 (0关, 1白, 2橙)
  灯环状态: 1 (0关, 1蓝, 2红)
[2025-08-25 20:04:29.881] [DEBUG] 组包成功，数据长度: 21 字节
[2025-08-25 20:04:29.891] [DEBUG] 发送数据: A5 60 9F A5 03 0D 3B 42 33 33 33 B4 DD 35 33 33 33 33 33 B6 55
[2025-08-25 20:04:30.917] [DEBUG] 接收数据: A5 60 9F A5 83 55 33 93 7F 63 64 33 33 33 33 33 33 33 33 33 33 33 33 33 33 33 33 33 33 33 33 33 33 33 33 33 33 33 33 33 33 33 33 89 66 69 66 65 85 64 63 64 76 63 64 92 75 A7 63 65 33 33 33 33 33 37 33 37 33 33 33 42 33 33 33 B4 DD 35 33 33 33 33 33 33 33 33 33 33 33 33 33 2A 55
[2025-08-25 20:04:31.023] [DEBUG] 数据解析成功:
[2025-08-25 20:04:31.037] [INFO]   ID: 0x60
  命令: 0x83 (读)
  寄存器地址: 0x00
  寄存器数量: 0
[2025-08-25 20:04:31.058] [INFO] [循环 1/1] 发送 OK
[2025-08-25 20:04:31.574] [INFO] 已保存结果: reports\2025-08-25_20-04-24\results.csv
[2025-08-25 20:04:31.603] [INFO] 已生成报告: reports\2025-08-25_20-04-24\report.html
[2025-08-25 20:04:31.637] [DEBUG] 串口已关闭
[2025-08-25 20:04:31.653] [INFO] 程序结束
