[2025-08-25 19:39:01.427] [INFO] 初始化 BLE 协议通信...
[2025-08-25 19:39:01.448] [INFO] 生成排列组合用例 6561 条
[2025-08-25 19:39:01.449] [INFO] ==== 执行用例 #1 ====
[2025-08-25 19:39:01.450] [INFO] 参数: {'screen_on': 1, 'brightness': 5, 'digital': 0, 'logo': 0, 'rim_state': 0, 'rdygo': 0, 'turn_left': 0, 'turn_right': 0, 'ring': 0} | 备注: 
[2025-08-25 19:39:01.451] [DEBUG] 修改后的LED显示信息:
[2025-08-25 19:39:01.451] [INFO]   屏幕状态: 开
  亮度级别: 5
  数字显示: 0
  LOGO状态: 0 (0关, 1白, 2红)
  护盾状态: 0 (0关, 1白, 2绿)
  ReadyGo状态: 0 (0关, 1白, 2红)
  左转向灯: 0 (0关, 1白, 2橙)
  右转向灯: 0 (0关, 1白, 2橙)
  灯环状态: 0 (0关, 1蓝, 2红)
[2025-08-25 19:39:01.451] [DEBUG] 组包成功，数据长度: 21 字节
[2025-08-25 19:39:01.451] [DEBUG] 发送数据: A5 60 9F A5 03 0D 3B 3E 33 33 33 33 33 33 33 33 33 33 33 1A 55
[2025-08-25 19:39:02.453] [DEBUG] 接收数据: A5 60 9F A5 83 55 33 93 7F 63 64 33 33 33 33 33 33 33 33 33 33 33 33 33 33 33 33 33 33 33 33 33 33 33 33 33 33 33 33 33 33 33 33 89 66 69 66 65 85 64 63 64 76 63 64 92 75 A7 63 65 33 33 33 33 33 37 33 38 33 33 33 3E 33 33 33 33 33 33 33 33 33 33 33 33 33 33 33 33 33 33 33 B3 55
[2025-08-25 19:39:02.453] [DEBUG] 数据解析成功:
[2025-08-25 19:39:02.454] [INFO]   ID: 0x60
  命令: 0x83 (读)
  寄存器地址: 0x00
  寄存器数量: 0
[2025-08-25 19:39:02.454] [DEBUG] 组包成功，数据长度: 21 字节
[2025-08-25 19:39:02.454] [DEBUG] 发送数据: A5 60 9F A5 01 0D 3B 3E 33 33 33 33 33 33 33 33 33 33 33 5D 55
[2025-08-25 19:39:03.459] [DEBUG] 接收数据: A5 60 9F A5 81 0D 3B 3E 33 33 33 33 33 33 33 33 33 33 33 6A 55
[2025-08-25 19:39:03.461] [DEBUG] 数据解析成功:
[2025-08-25 19:39:03.462] [INFO]   ID: 0x60
  命令: 0x81 (读)
  寄存器地址: 0x08
  寄存器数量: 0
[2025-08-25 19:39:03.462] [INFO] 
全局变量中的LED显示信息已更新:
[2025-08-25 19:39:03.463] [INFO]   屏幕状态: 开
  亮度级别: 5
  数字显示: 0
  LOGO状态: 0 (0关, 1白, 2红)
  护盾状态: 0 (0关, 1白, 2绿)
  ReadyGo状态: 0 (0关, 1白, 2红)
  左转向灯: 0 (0关, 1白, 2橙)
  右转向灯: 0 (0关, 1白, 2橙)
  灯环状态: 0 (0关, 1蓝, 2红)
[2025-08-25 19:39:03.464] [INFO] 结果: PASS | 用时: 2.016s
[2025-08-25 19:39:03.465] [INFO] ==== 执行用例 #2 ====
[2025-08-25 19:39:03.465] [INFO] 参数: {'screen_on': 1, 'brightness': 5, 'digital': 0, 'logo': 0, 'rim_state': 0, 'rdygo': 0, 'turn_left': 0, 'turn_right': 0, 'ring': 1} | 备注: 
[2025-08-25 19:39:03.467] [DEBUG] 修改后的LED显示信息:
[2025-08-25 19:39:03.467] [INFO]   屏幕状态: 开
  亮度级别: 5
  数字显示: 0
  LOGO状态: 0 (0关, 1白, 2红)
  护盾状态: 0 (0关, 1白, 2绿)
  ReadyGo状态: 0 (0关, 1白, 2红)
  左转向灯: 0 (0关, 1白, 2橙)
  右转向灯: 0 (0关, 1白, 2橙)
  灯环状态: 1 (0关, 1蓝, 2红)
[2025-08-25 19:39:03.467] [DEBUG] 组包成功，数据长度: 21 字节
[2025-08-25 19:39:03.468] [DEBUG] 发送数据: A5 60 9F A5 03 0D 3B 3E 33 33 33 33 33 35 33 33 33 33 33 EB 55
[2025-08-25 19:39:04.470] [DEBUG] 接收数据: A5 60 9F A5 83 55 33 93 7F 63 64 33 33 33 33 33 33 33 33 33 33 33 33 33 33 33 33 33 33 33 33 33 33 33 33 33 33 33 33 33 33 33 33 89 66 69 66 65 85 64 63 64 76 63 64 92 75 A7 63 65 33 33 33 33 33 37 33 38 33 33 33 3E 33 33 33 33 33 35 33 33 33 33 33 33 33 33 33 33 33 33 33 ED 55
[2025-08-25 19:39:04.470] [DEBUG] 数据解析成功:
[2025-08-25 19:39:04.471] [INFO]   ID: 0x60
  命令: 0x83 (读)
  寄存器地址: 0x00
  寄存器数量: 0
[2025-08-25 19:39:04.471] [DEBUG] 组包成功，数据长度: 21 字节
[2025-08-25 19:39:04.472] [DEBUG] 发送数据: A5 60 9F A5 01 0D 3B 3E 33 33 33 33 33 35 33 33 33 33 33 AC 55
[2025-08-25 19:39:05.478] [DEBUG] 接收数据: A5 60 9F A5 81 0D 3B 3E 33 33 33 33 33 35 33 33 33 33 33 9B 55
[2025-08-25 19:39:05.478] [DEBUG] 数据解析成功:
[2025-08-25 19:39:05.479] [INFO]   ID: 0x60
  命令: 0x81 (读)
  寄存器地址: 0x08
  寄存器数量: 0
[2025-08-25 19:39:05.480] [INFO] 
全局变量中的LED显示信息已更新:
[2025-08-25 19:39:05.480] [INFO]   屏幕状态: 开
  亮度级别: 5
  数字显示: 0
  LOGO状态: 0 (0关, 1白, 2红)
  护盾状态: 0 (0关, 1白, 2绿)
  ReadyGo状态: 0 (0关, 1白, 2红)
  左转向灯: 0 (0关, 1白, 2橙)
  右转向灯: 0 (0关, 1白, 2橙)
  灯环状态: 1 (0关, 1蓝, 2红)
[2025-08-25 19:39:05.481] [INFO] 结果: PASS | 用时: 2.016s
[2025-08-25 19:39:05.481] [INFO] ==== 执行用例 #3 ====
[2025-08-25 19:39:05.482] [INFO] 参数: {'screen_on': 1, 'brightness': 5, 'digital': 0, 'logo': 0, 'rim_state': 0, 'rdygo': 0, 'turn_left': 0, 'turn_right': 0, 'ring': 2} | 备注: 
[2025-08-25 19:39:05.482] [DEBUG] 修改后的LED显示信息:
[2025-08-25 19:39:05.483] [INFO]   屏幕状态: 开
  亮度级别: 5
  数字显示: 0
  LOGO状态: 0 (0关, 1白, 2红)
  护盾状态: 0 (0关, 1白, 2绿)
  ReadyGo状态: 0 (0关, 1白, 2红)
  左转向灯: 0 (0关, 1白, 2橙)
  右转向灯: 0 (0关, 1白, 2橙)
  灯环状态: 2 (0关, 1蓝, 2红)
[2025-08-25 19:39:05.483] [DEBUG] 组包成功，数据长度: 21 字节
[2025-08-25 19:39:05.484] [DEBUG] 发送数据: A5 60 9F A5 03 0D 3B 3E 33 33 33 33 33 37 33 33 33 33 33 4F 55
[2025-08-25 19:39:06.487] [DEBUG] 接收数据: A5 60 9F A5 83 55 33 93 7F 63 64 33 33 33 33 33 33 33 33 33 33 33 33 33 33 33 33 33 33 33 33 33 33 33 33 33 33 33 33 33 33 33 33 89 66 69 66 65 85 64 63 64 76 63 64 92 75 A7 63 65 33 33 33 33 33 37 33 36 33 33 33 3E 33 33 33 33 33 37 33 33 33 33 33 33 33 33 33 33 33 33 33 9D 55
[2025-08-25 19:39:06.489] [DEBUG] 数据解析成功:
[2025-08-25 19:39:06.489] [INFO]   ID: 0x60
  命令: 0x83 (读)
  寄存器地址: 0x00
  寄存器数量: 0
[2025-08-25 19:39:06.490] [DEBUG] 组包成功，数据长度: 21 字节
[2025-08-25 19:39:06.491] [DEBUG] 发送数据: A5 60 9F A5 01 0D 3B 3E 33 33 33 33 33 37 33 33 33 33 33 08 55
[2025-08-25 19:39:07.495] [DEBUG] 接收数据: A5 60 9F A5 81 0D 3B 3E 33 33 33 33 33 37 33 33 33 33 33 3F 55
[2025-08-25 19:39:07.498] [DEBUG] 数据解析成功:
[2025-08-25 19:39:07.499] [INFO]   ID: 0x60
  命令: 0x81 (读)
  寄存器地址: 0x08
  寄存器数量: 0
[2025-08-25 19:39:07.500] [INFO] 
全局变量中的LED显示信息已更新:
[2025-08-25 19:39:07.501] [INFO]   屏幕状态: 开
  亮度级别: 5
  数字显示: 0
  LOGO状态: 0 (0关, 1白, 2红)
  护盾状态: 0 (0关, 1白, 2绿)
  ReadyGo状态: 0 (0关, 1白, 2红)
  左转向灯: 0 (0关, 1白, 2橙)
  右转向灯: 0 (0关, 1白, 2橙)
  灯环状态: 2 (0关, 1蓝, 2红)
[2025-08-25 19:39:07.501] [INFO] 结果: PASS | 用时: 2.020s
[2025-08-25 19:39:07.502] [INFO] ==== 执行用例 #4 ====
[2025-08-25 19:39:07.503] [INFO] 参数: {'screen_on': 1, 'brightness': 5, 'digital': 0, 'logo': 0, 'rim_state': 0, 'rdygo': 0, 'turn_left': 0, 'turn_right': 1, 'ring': 0} | 备注: 
[2025-08-25 19:39:07.503] [DEBUG] 修改后的LED显示信息:
[2025-08-25 19:39:07.504] [INFO]   屏幕状态: 开
  亮度级别: 5
  数字显示: 0
  LOGO状态: 0 (0关, 1白, 2红)
  护盾状态: 0 (0关, 1白, 2绿)
  ReadyGo状态: 0 (0关, 1白, 2红)
  左转向灯: 0 (0关, 1白, 2橙)
  右转向灯: 1 (0关, 1白, 2橙)
  灯环状态: 0 (0关, 1蓝, 2红)
[2025-08-25 19:39:07.505] [DEBUG] 组包成功，数据长度: 21 字节
[2025-08-25 19:39:07.505] [DEBUG] 发送数据: A5 60 9F A5 03 0D 3B 3E 33 33 33 33 B3 33 33 33 33 33 33 33 55
[2025-08-25 19:39:08.510] [DEBUG] 接收数据: A5 60 9F A5 83 55 33 93 7F 63 64 33 33 33 33 33 33 33 33 33 33 33 33 33 33 33 33 33 33 33 33 33 33 33 33 33 33 33 33 33 33 33 33 89 66 69 66 65 85 64 63 64 76 63 64 92 75 A7 63 65 33 33 33 33 33 37 33 38 33 33 33 3E 33 33 33 33 B3 33 33 33 33 33 33 33 33 33 33 33 33 33 33 84 55
[2025-08-25 19:39:08.511] [DEBUG] 数据解析成功:
[2025-08-25 19:39:08.512] [INFO]   ID: 0x60
  命令: 0x83 (读)
  寄存器地址: 0x00
  寄存器数量: 0
[2025-08-25 19:39:08.513] [DEBUG] 组包成功，数据长度: 21 字节
[2025-08-25 19:39:08.513] [DEBUG] 发送数据: A5 60 9F A5 01 0D 3B 3E 33 33 33 33 B3 33 33 33 33 33 33 74 55
[2025-08-25 19:39:09.517] [DEBUG] 接收数据: A5 60 9F A5 81 0D 3B 3E 33 33 33 33 B3 33 33 33 33 33 33 43 55
[2025-08-25 19:39:09.518] [DEBUG] 数据解析成功:
[2025-08-25 19:39:09.519] [INFO]   ID: 0x60
  命令: 0x81 (读)
  寄存器地址: 0x08
  寄存器数量: 0
[2025-08-25 19:39:09.520] [INFO] 
全局变量中的LED显示信息已更新:
[2025-08-25 19:39:09.521] [INFO]   屏幕状态: 开
  亮度级别: 5
  数字显示: 0
  LOGO状态: 0 (0关, 1白, 2红)
  护盾状态: 0 (0关, 1白, 2绿)
  ReadyGo状态: 0 (0关, 1白, 2红)
  左转向灯: 0 (0关, 1白, 2橙)
  右转向灯: 1 (0关, 1白, 2橙)
  灯环状态: 0 (0关, 1蓝, 2红)
[2025-08-25 19:39:09.522] [INFO] 结果: PASS | 用时: 2.020s
[2025-08-25 19:39:09.522] [INFO] ==== 执行用例 #5 ====
[2025-08-25 19:39:09.522] [INFO] 参数: {'screen_on': 1, 'brightness': 5, 'digital': 0, 'logo': 0, 'rim_state': 0, 'rdygo': 0, 'turn_left': 0, 'turn_right': 1, 'ring': 1} | 备注: 
[2025-08-25 19:39:09.522] [DEBUG] 修改后的LED显示信息:
[2025-08-25 19:39:09.523] [INFO]   屏幕状态: 开
  亮度级别: 5
  数字显示: 0
  LOGO状态: 0 (0关, 1白, 2红)
  护盾状态: 0 (0关, 1白, 2绿)
  ReadyGo状态: 0 (0关, 1白, 2红)
  左转向灯: 0 (0关, 1白, 2橙)
  右转向灯: 1 (0关, 1白, 2橙)
  灯环状态: 1 (0关, 1蓝, 2红)
[2025-08-25 19:39:09.523] [DEBUG] 组包成功，数据长度: 21 字节
[2025-08-25 19:39:09.523] [DEBUG] 发送数据: A5 60 9F A5 03 0D 3B 3E 33 33 33 33 B3 35 33 33 33 33 33 C2 55
[2025-08-25 19:39:10.528] [DEBUG] 接收数据: A5 60 9F A5 83 55 33 93 7F 63 64 33 33 33 33 33 33 33 33 33 33 33 33 33 33 33 33 33 33 33 33 33 33 33 33 33 33 33 33 33 33 33 33 89 66 69 66 65 85 64 63 64 76 63 64 92 75 A7 63 65 33 33 33 33 33 37 33 38 33 33 33 3E 33 33 33 33 B3 35 33 33 33 33 33 33 33 33 33 33 33 33 33 DA 55
[2025-08-25 19:39:10.528] [DEBUG] 数据解析成功:
[2025-08-25 19:39:10.528] [INFO]   ID: 0x60
  命令: 0x83 (读)
  寄存器地址: 0x00
  寄存器数量: 0
[2025-08-25 19:39:10.529] [DEBUG] 组包成功，数据长度: 21 字节
[2025-08-25 19:39:10.529] [DEBUG] 发送数据: A5 60 9F A5 01 0D 3B 3E 33 33 33 33 B3 35 33 33 33 33 33 85 55
[2025-08-25 19:39:11.533] [DEBUG] 接收数据: A5 60 9F A5 81 0D 3B 3E 33 33 33 33 B3 35 33 33 33 33 33 B2 55
[2025-08-25 19:39:11.533] [DEBUG] 数据解析成功:
[2025-08-25 19:39:11.534] [INFO]   ID: 0x60
  命令: 0x81 (读)
  寄存器地址: 0x08
  寄存器数量: 0
[2025-08-25 19:39:11.534] [INFO] 
全局变量中的LED显示信息已更新:
[2025-08-25 19:39:11.535] [INFO]   屏幕状态: 开
  亮度级别: 5
  数字显示: 0
  LOGO状态: 0 (0关, 1白, 2红)
  护盾状态: 0 (0关, 1白, 2绿)
  ReadyGo状态: 0 (0关, 1白, 2红)
  左转向灯: 0 (0关, 1白, 2橙)
  右转向灯: 1 (0关, 1白, 2橙)
  灯环状态: 1 (0关, 1蓝, 2红)
[2025-08-25 19:39:11.535] [INFO] 结果: PASS | 用时: 2.013s
[2025-08-25 19:39:11.536] [INFO] ==== 执行用例 #6 ====
[2025-08-25 19:39:11.536] [INFO] 参数: {'screen_on': 1, 'brightness': 5, 'digital': 0, 'logo': 0, 'rim_state': 0, 'rdygo': 0, 'turn_left': 0, 'turn_right': 1, 'ring': 2} | 备注: 
[2025-08-25 19:39:11.536] [DEBUG] 修改后的LED显示信息:
[2025-08-25 19:39:11.537] [INFO]   屏幕状态: 开
  亮度级别: 5
  数字显示: 0
  LOGO状态: 0 (0关, 1白, 2红)
  护盾状态: 0 (0关, 1白, 2绿)
  ReadyGo状态: 0 (0关, 1白, 2红)
  左转向灯: 0 (0关, 1白, 2橙)
  右转向灯: 1 (0关, 1白, 2橙)
  灯环状态: 2 (0关, 1蓝, 2红)
[2025-08-25 19:39:11.538] [DEBUG] 组包成功，数据长度: 21 字节
[2025-08-25 19:39:11.538] [DEBUG] 发送数据: A5 60 9F A5 03 0D 3B 3E 33 33 33 33 B3 37 33 33 33 33 33 66 55
[2025-08-25 19:39:12.544] [DEBUG] 接收数据: A5 60 9F A5 83 55 33 93 7F 63 64 33 33 33 33 33 33 33 33 33 33 33 33 33 33 33 33 33 33 33 33 33 33 33 33 33 33 33 33 33 33 33 33 89 66 69 66 65 85 64 63 64 76 63 64 92 75 A7 63 65 33 33 33 33 33 37 33 38 33 33 33 3E 33 33 33 33 B3 37 33 33 33 33 33 33 33 33 33 33 33 33 33 1B 55
[2025-08-25 19:39:12.547] [DEBUG] 数据解析成功:
[2025-08-25 19:39:12.548] [INFO]   ID: 0x60
  命令: 0x83 (读)
  寄存器地址: 0x00
  寄存器数量: 0
[2025-08-25 19:39:12.549] [DEBUG] 组包成功，数据长度: 21 字节
[2025-08-25 19:39:12.550] [DEBUG] 发送数据: A5 60 9F A5 01 0D 3B 3E 33 33 33 33 B3 37 33 33 33 33 33 21 55
[2025-08-25 19:39:13.556] [DEBUG] 接收数据: A5 60 9F A5 81 0D 3B 3E 33 33 33 33 B3 37 33 33 33 33 33 16 55
[2025-08-25 19:39:13.557] [DEBUG] 数据解析成功:
[2025-08-25 19:39:13.558] [INFO]   ID: 0x60
  命令: 0x81 (读)
  寄存器地址: 0x08
  寄存器数量: 0
[2025-08-25 19:39:13.559] [INFO] 
全局变量中的LED显示信息已更新:
[2025-08-25 19:39:13.559] [INFO]   屏幕状态: 开
  亮度级别: 5
  数字显示: 0
  LOGO状态: 0 (0关, 1白, 2红)
  护盾状态: 0 (0关, 1白, 2绿)
  ReadyGo状态: 0 (0关, 1白, 2红)
  左转向灯: 0 (0关, 1白, 2橙)
  右转向灯: 1 (0关, 1白, 2橙)
  灯环状态: 2 (0关, 1蓝, 2红)
[2025-08-25 19:39:13.560] [INFO] 结果: PASS | 用时: 2.024s
[2025-08-25 19:39:13.561] [INFO] ==== 执行用例 #7 ====
[2025-08-25 19:39:13.561] [INFO] 参数: {'screen_on': 1, 'brightness': 5, 'digital': 0, 'logo': 0, 'rim_state': 0, 'rdygo': 0, 'turn_left': 0, 'turn_right': 2, 'ring': 0} | 备注: 
[2025-08-25 19:39:13.562] [DEBUG] 修改后的LED显示信息:
[2025-08-25 19:39:13.563] [INFO]   屏幕状态: 开
  亮度级别: 5
  数字显示: 0
  LOGO状态: 0 (0关, 1白, 2红)
  护盾状态: 0 (0关, 1白, 2绿)
  ReadyGo状态: 0 (0关, 1白, 2红)
  左转向灯: 0 (0关, 1白, 2橙)
  右转向灯: 2 (0关, 1白, 2橙)
  灯环状态: 0 (0关, 1蓝, 2红)
[2025-08-25 19:39:13.563] [DEBUG] 组包成功，数据长度: 21 字节
[2025-08-25 19:39:13.564] [DEBUG] 发送数据: A5 60 9F A5 03 0D 3B 3E 33 33 33 33 33 34 33 33 33 33 33 B9 55
[2025-08-25 19:39:14.567] [DEBUG] 接收数据: A5 60 9F A5 83 55 33 93 7F 63 64 33 33 33 33 33 33 33 33 33 33 33 33 33 33 33 33 33 33 33 33 33 33 33 33 33 33 33 33 33 33 33 33 89 66 69 66 65 85 64 63 64 76 63 64 92 75 A7 63 65 33 33 33 33 33 37 33 38 33 33 33 3E 33 33 33 33 33 34 33 33 33 33 33 33 33 33 33 33 33 33 33 83 55
[2025-08-25 19:39:14.568] [DEBUG] 数据解析成功:
[2025-08-25 19:39:14.569] [INFO]   ID: 0x60
  命令: 0x83 (读)
  寄存器地址: 0x00
  寄存器数量: 0
[2025-08-25 19:39:14.569] [DEBUG] 组包成功，数据长度: 21 字节
[2025-08-25 19:39:14.569] [DEBUG] 发送数据: A5 60 9F A5 01 0D 3B 3E 33 33 33 33 33 34 33 33 33 33 33 FE 55
[2025-08-25 19:39:15.576] [DEBUG] 接收数据: A5 60 9F A5 81 0D 3B 3E 33 33 33 33 33 34 33 33 33 33 33 C9 55
[2025-08-25 19:39:15.577] [DEBUG] 数据解析成功:
[2025-08-25 19:39:15.578] [INFO]   ID: 0x60
  命令: 0x81 (读)
  寄存器地址: 0x08
  寄存器数量: 0
[2025-08-25 19:39:15.578] [INFO] 
全局变量中的LED显示信息已更新:
[2025-08-25 19:39:15.579] [INFO]   屏幕状态: 开
  亮度级别: 5
  数字显示: 0
  LOGO状态: 0 (0关, 1白, 2红)
  护盾状态: 0 (0关, 1白, 2绿)
  ReadyGo状态: 0 (0关, 1白, 2红)
  左转向灯: 0 (0关, 1白, 2橙)
  右转向灯: 2 (0关, 1白, 2橙)
  灯环状态: 0 (0关, 1蓝, 2红)
[2025-08-25 19:39:15.580] [INFO] 结果: PASS | 用时: 2.019s
[2025-08-25 19:39:15.581] [INFO] ==== 执行用例 #8 ====
[2025-08-25 19:39:15.581] [INFO] 参数: {'screen_on': 1, 'brightness': 5, 'digital': 0, 'logo': 0, 'rim_state': 0, 'rdygo': 0, 'turn_left': 0, 'turn_right': 2, 'ring': 1} | 备注: 
[2025-08-25 19:39:15.582] [DEBUG] 修改后的LED显示信息:
[2025-08-25 19:39:15.582] [INFO]   屏幕状态: 开
  亮度级别: 5
  数字显示: 0
  LOGO状态: 0 (0关, 1白, 2红)
  护盾状态: 0 (0关, 1白, 2绿)
  ReadyGo状态: 0 (0关, 1白, 2红)
  左转向灯: 0 (0关, 1白, 2橙)
  右转向灯: 2 (0关, 1白, 2橙)
  灯环状态: 1 (0关, 1蓝, 2红)
[2025-08-25 19:39:15.584] [DEBUG] 组包成功，数据长度: 21 字节
[2025-08-25 19:39:15.584] [DEBUG] 发送数据: A5 60 9F A5 03 0D 3B 3E 33 33 33 33 33 36 33 33 33 33 33 1D 55
[2025-08-25 19:39:16.587] [DEBUG] 接收数据: A5 60 9F A5 83 55 33 93 7F 63 64 33 33 33 33 33 33 33 33 33 33 33 33 33 33 33 33 33 33 33 33 33 33 33 33 33 33 33 33 33 33 33 33 89 66 69 66 65 85 64 63 64 76 63 64 92 75 A7 63 65 33 33 33 33 33 37 33 38 33 33 33 3E 33 33 33 33 33 36 33 33 33 33 33 33 33 33 33 33 33 33 33 42 55
[2025-08-25 19:39:16.587] [DEBUG] 数据解析成功:
[2025-08-25 19:39:16.588] [INFO]   ID: 0x60
  命令: 0x83 (读)
  寄存器地址: 0x00
  寄存器数量: 0
[2025-08-25 19:39:16.588] [DEBUG] 组包成功，数据长度: 21 字节
[2025-08-25 19:39:16.589] [DEBUG] 发送数据: A5 60 9F A5 01 0D 3B 3E 33 33 33 33 33 36 33 33 33 33 33 5A 55
[2025-08-25 19:39:17.592] [DEBUG] 接收数据: A5 60 9F A5 81 0D 3B 3E 33 33 33 33 33 36 33 33 33 33 33 6D 55
[2025-08-25 19:39:17.594] [DEBUG] 数据解析成功:
[2025-08-25 19:39:17.595] [INFO]   ID: 0x60
  命令: 0x81 (读)
  寄存器地址: 0x08
  寄存器数量: 0
[2025-08-25 19:39:17.596] [INFO] 
全局变量中的LED显示信息已更新:
[2025-08-25 19:39:17.597] [INFO]   屏幕状态: 开
  亮度级别: 5
  数字显示: 0
  LOGO状态: 0 (0关, 1白, 2红)
  护盾状态: 0 (0关, 1白, 2绿)
  ReadyGo状态: 0 (0关, 1白, 2红)
  左转向灯: 0 (0关, 1白, 2橙)
  右转向灯: 2 (0关, 1白, 2橙)
  灯环状态: 1 (0关, 1蓝, 2红)
[2025-08-25 19:39:17.597] [INFO] 结果: PASS | 用时: 2.015s
[2025-08-25 19:39:17.598] [INFO] ==== 执行用例 #9 ====
[2025-08-25 19:39:17.599] [INFO] 参数: {'screen_on': 1, 'brightness': 5, 'digital': 0, 'logo': 0, 'rim_state': 0, 'rdygo': 0, 'turn_left': 0, 'turn_right': 2, 'ring': 2} | 备注: 
[2025-08-25 19:39:17.599] [DEBUG] 修改后的LED显示信息:
[2025-08-25 19:39:17.600] [INFO]   屏幕状态: 开
  亮度级别: 5
  数字显示: 0
  LOGO状态: 0 (0关, 1白, 2红)
  护盾状态: 0 (0关, 1白, 2绿)
  ReadyGo状态: 0 (0关, 1白, 2红)
  左转向灯: 0 (0关, 1白, 2橙)
  右转向灯: 2 (0关, 1白, 2橙)
  灯环状态: 2 (0关, 1蓝, 2红)
[2025-08-25 19:39:17.600] [DEBUG] 组包成功，数据长度: 21 字节
[2025-08-25 19:39:17.601] [DEBUG] 发送数据: A5 60 9F A5 03 0D 3B 3E 33 33 33 33 33 38 33 33 33 33 33 46 55
[2025-08-25 19:39:18.602] [DEBUG] 接收数据: A5 60 9F A5 83 55 33 93 7F 63 64 33 33 33 33 33 33 33 33 33 33 33 33 33 33 33 33 33 33 33 33 33 33 33 33 33 33 33 33 33 33 33 33 89 66 69 66 65 85 64 63 64 76 63 64 92 75 A7 63 65 33 33 33 33 33 37 33 37 33 33 33 3E 33 33 33 33 33 38 33 33 33 33 33 33 33 33 33 33 33 33 33 66 55
[2025-08-25 19:39:18.603] [DEBUG] 数据解析成功:
[2025-08-25 19:39:18.603] [INFO]   ID: 0x60
  命令: 0x83 (读)
  寄存器地址: 0x00
  寄存器数量: 0
[2025-08-25 19:39:18.603] [DEBUG] 组包成功，数据长度: 21 字节
[2025-08-25 19:39:18.604] [DEBUG] 发送数据: A5 60 9F A5 01 0D 3B 3E 33 33 33 33 33 38 33 33 33 33 33 01 55
[2025-08-25 19:39:19.607] [DEBUG] 接收数据: A5 60 9F A5 81 0D 3B 3E 33 33 33 33 33 38 33 33 33 33 33 36 55
[2025-08-25 19:39:19.609] [DEBUG] 数据解析成功:
[2025-08-25 19:39:19.610] [INFO]   ID: 0x60
  命令: 0x81 (读)
  寄存器地址: 0x08
  寄存器数量: 0
[2025-08-25 19:39:19.611] [INFO] 
全局变量中的LED显示信息已更新:
[2025-08-25 19:39:19.613] [INFO]   屏幕状态: 开
  亮度级别: 5
  数字显示: 0
  LOGO状态: 0 (0关, 1白, 2红)
  护盾状态: 0 (0关, 1白, 2绿)
  ReadyGo状态: 0 (0关, 1白, 2红)
  左转向灯: 0 (0关, 1白, 2橙)
  右转向灯: 2 (0关, 1白, 2橙)
  灯环状态: 2 (0关, 1蓝, 2红)
[2025-08-25 19:39:19.614] [INFO] 结果: PASS | 用时: 2.016s
[2025-08-25 19:39:19.615] [INFO] ==== 执行用例 #10 ====
[2025-08-25 19:39:19.615] [INFO] 参数: {'screen_on': 1, 'brightness': 5, 'digital': 0, 'logo': 0, 'rim_state': 0, 'rdygo': 0, 'turn_left': 1, 'turn_right': 0, 'ring': 0} | 备注: 
[2025-08-25 19:39:19.616] [DEBUG] 修改后的LED显示信息:
[2025-08-25 19:39:19.616] [INFO]   屏幕状态: 开
  亮度级别: 5
  数字显示: 0
  LOGO状态: 0 (0关, 1白, 2红)
  护盾状态: 0 (0关, 1白, 2绿)
  ReadyGo状态: 0 (0关, 1白, 2红)
  左转向灯: 1 (0关, 1白, 2橙)
  右转向灯: 0 (0关, 1白, 2橙)
  灯环状态: 0 (0关, 1蓝, 2红)
[2025-08-25 19:39:19.617] [DEBUG] 组包成功，数据长度: 21 字节
[2025-08-25 19:39:19.618] [DEBUG] 发送数据: A5 60 9F A5 03 0D 3B 3E 33 33 33 33 53 33 33 33 33 33 33 8D 55
[2025-08-25 19:39:20.622] [DEBUG] 接收数据: A5 60 9F A5 83 55 33 93 7F 63 64 33 33 33 33 33 33 33 33 33 33 33 33 33 33 33 33 33 33 33 33 33 33 33 33 33 33 33 33 33 33 33 33 89 66 69 66 65 85 64 63 64 76 63 64 92 75 A7 63 65 33 33 33 33 33 37 33 37 33 33 33 3E 33 33 33 33 53 33 33 33 33 33 33 33 33 33 33 33 33 33 33 E6 55
[2025-08-25 19:39:20.622] [DEBUG] 数据解析成功:
[2025-08-25 19:39:20.623] [INFO]   ID: 0x60
  命令: 0x83 (读)
  寄存器地址: 0x00
  寄存器数量: 0
[2025-08-25 19:39:20.623] [DEBUG] 组包成功，数据长度: 21 字节
[2025-08-25 19:39:20.624] [DEBUG] 发送数据: A5 60 9F A5 01 0D 3B 3E 33 33 33 33 53 33 33 33 33 33 33 CA 55
[2025-08-25 19:39:21.629] [DEBUG] 接收数据: A5 60 9F A5 81 0D 3B 3E 33 33 33 33 53 33 33 33 33 33 33 FD 55
[2025-08-25 19:39:21.631] [DEBUG] 数据解析成功:
[2025-08-25 19:39:21.632] [INFO]   ID: 0x60
  命令: 0x81 (读)
  寄存器地址: 0x08
  寄存器数量: 0
[2025-08-25 19:39:21.633] [INFO] 
全局变量中的LED显示信息已更新:
[2025-08-25 19:39:21.634] [INFO]   屏幕状态: 开
  亮度级别: 5
  数字显示: 0
  LOGO状态: 0 (0关, 1白, 2红)
  护盾状态: 0 (0关, 1白, 2绿)
  ReadyGo状态: 0 (0关, 1白, 2红)
  左转向灯: 1 (0关, 1白, 2橙)
  右转向灯: 0 (0关, 1白, 2橙)
  灯环状态: 0 (0关, 1蓝, 2红)
[2025-08-25 19:39:21.635] [INFO] 结果: PASS | 用时: 2.020s
[2025-08-25 19:39:21.636] [INFO] ==== 执行用例 #11 ====
[2025-08-25 19:39:21.636] [INFO] 参数: {'screen_on': 1, 'brightness': 5, 'digital': 0, 'logo': 0, 'rim_state': 0, 'rdygo': 0, 'turn_left': 1, 'turn_right': 0, 'ring': 1} | 备注: 
[2025-08-25 19:39:21.637] [DEBUG] 修改后的LED显示信息:
[2025-08-25 19:39:21.637] [INFO]   屏幕状态: 开
  亮度级别: 5
  数字显示: 0
  LOGO状态: 0 (0关, 1白, 2红)
  护盾状态: 0 (0关, 1白, 2绿)
  ReadyGo状态: 0 (0关, 1白, 2红)
  左转向灯: 1 (0关, 1白, 2橙)
  右转向灯: 0 (0关, 1白, 2橙)
  灯环状态: 1 (0关, 1蓝, 2红)
[2025-08-25 19:39:21.638] [DEBUG] 组包成功，数据长度: 21 字节
[2025-08-25 19:39:21.639] [DEBUG] 发送数据: A5 60 9F A5 03 0D 3B 3E 33 33 33 33 53 35 33 33 33 33 33 7C 55
[2025-08-25 19:39:22.642] [DEBUG] 接收数据: A5 60 9F A5 83 55 33 93 7F 63 64 33 33 33 33 33 33 33 33 33 33 33 33 33 33 33 33 33 33 33 33 33 33 33 33 33 33 33 33 33 33 33 33 89 66 69 66 65 85 64 63 64 76 63 64 92 75 A7 63 65 33 33 33 33 33 37 33 38 33 33 33 3E 33 33 33 33 53 35 33 33 33 33 33 33 33 33 33 33 33 33 33 FC 55
[2025-08-25 19:39:22.642] [DEBUG] 数据解析成功:
[2025-08-25 19:39:22.643] [INFO]   ID: 0x60
  命令: 0x83 (读)
  寄存器地址: 0x00
  寄存器数量: 0
[2025-08-25 19:39:22.643] [DEBUG] 组包成功，数据长度: 21 字节
[2025-08-25 19:39:22.644] [DEBUG] 发送数据: A5 60 9F A5 01 0D 3B 3E 33 33 33 33 53 35 33 33 33 33 33 3B 55
[2025-08-25 19:39:23.648] [DEBUG] 接收数据: A5 60 9F A5 81 0D 3B 3E 33 33 33 33 53 35 33 33 33 33 33 0C 55
[2025-08-25 19:39:23.650] [DEBUG] 数据解析成功:
[2025-08-25 19:39:23.651] [INFO]   ID: 0x60
  命令: 0x81 (读)
  寄存器地址: 0x08
  寄存器数量: 0
[2025-08-25 19:39:23.651] [INFO] 
全局变量中的LED显示信息已更新:
[2025-08-25 19:39:23.653] [INFO]   屏幕状态: 开
  亮度级别: 5
  数字显示: 0
  LOGO状态: 0 (0关, 1白, 2红)
  护盾状态: 0 (0关, 1白, 2绿)
  ReadyGo状态: 0 (0关, 1白, 2红)
  左转向灯: 1 (0关, 1白, 2橙)
  右转向灯: 0 (0关, 1白, 2橙)
  灯环状态: 1 (0关, 1蓝, 2红)
[2025-08-25 19:39:23.653] [INFO] 结果: PASS | 用时: 2.018s
[2025-08-25 19:39:23.654] [INFO] ==== 执行用例 #12 ====
[2025-08-25 19:39:23.655] [INFO] 参数: {'screen_on': 1, 'brightness': 5, 'digital': 0, 'logo': 0, 'rim_state': 0, 'rdygo': 0, 'turn_left': 1, 'turn_right': 0, 'ring': 2} | 备注: 
[2025-08-25 19:39:23.655] [DEBUG] 修改后的LED显示信息:
[2025-08-25 19:39:23.656] [INFO]   屏幕状态: 开
  亮度级别: 5
  数字显示: 0
  LOGO状态: 0 (0关, 1白, 2红)
  护盾状态: 0 (0关, 1白, 2绿)
  ReadyGo状态: 0 (0关, 1白, 2红)
  左转向灯: 1 (0关, 1白, 2橙)
  右转向灯: 0 (0关, 1白, 2橙)
  灯环状态: 2 (0关, 1蓝, 2红)
[2025-08-25 19:39:23.657] [DEBUG] 组包成功，数据长度: 21 字节
[2025-08-25 19:39:23.657] [DEBUG] 发送数据: A5 60 9F A5 03 0D 3B 3E 33 33 33 33 53 37 33 33 33 33 33 D8 55
[2025-08-25 19:39:24.663] [DEBUG] 接收数据: A5 60 9F A5 83 55 33 93 7F 63 64 33 33 33 33 33 33 33 33 33 33 33 33 33 33 33 33 33 33 33 33 33 33 33 33 33 33 33 33 33 33 33 33 89 66 69 66 65 85 64 63 64 76 63 64 92 75 A7 63 65 33 33 33 33 33 37 33 37 33 33 33 3E 33 33 33 33 53 37 33 33 33 33 33 33 33 33 33 33 33 33 33 79 55
[2025-08-25 19:39:24.665] [DEBUG] 数据解析成功:
[2025-08-25 19:39:24.666] [INFO]   ID: 0x60
  命令: 0x83 (读)
  寄存器地址: 0x00
  寄存器数量: 0
[2025-08-25 19:39:24.667] [DEBUG] 组包成功，数据长度: 21 字节
[2025-08-25 19:39:24.668] [DEBUG] 发送数据: A5 60 9F A5 01 0D 3B 3E 33 33 33 33 53 37 33 33 33 33 33 9F 55
[2025-08-25 19:39:25.674] [DEBUG] 接收数据: A5 60 9F A5 81 0D 3B 3E 33 33 33 33 53 37 33 33 33 33 33 A8 55
[2025-08-25 19:39:25.674] [DEBUG] 数据解析成功:
[2025-08-25 19:39:25.675] [INFO]   ID: 0x60
  命令: 0x81 (读)
  寄存器地址: 0x08
  寄存器数量: 0
[2025-08-25 19:39:25.675] [INFO] 
全局变量中的LED显示信息已更新:
[2025-08-25 19:39:25.676] [INFO]   屏幕状态: 开
  亮度级别: 5
  数字显示: 0
  LOGO状态: 0 (0关, 1白, 2红)
  护盾状态: 0 (0关, 1白, 2绿)
  ReadyGo状态: 0 (0关, 1白, 2红)
  左转向灯: 1 (0关, 1白, 2橙)
  右转向灯: 0 (0关, 1白, 2橙)
  灯环状态: 2 (0关, 1蓝, 2红)
[2025-08-25 19:39:25.676] [INFO] 结果: PASS | 用时: 2.022s
[2025-08-25 19:39:25.676] [INFO] ==== 执行用例 #13 ====
[2025-08-25 19:39:25.678] [INFO] 参数: {'screen_on': 1, 'brightness': 5, 'digital': 0, 'logo': 0, 'rim_state': 0, 'rdygo': 0, 'turn_left': 1, 'turn_right': 1, 'ring': 0} | 备注: 
[2025-08-25 19:39:25.678] [DEBUG] 修改后的LED显示信息:
[2025-08-25 19:39:25.678] [INFO]   屏幕状态: 开
  亮度级别: 5
  数字显示: 0
  LOGO状态: 0 (0关, 1白, 2红)
  护盾状态: 0 (0关, 1白, 2绿)
  ReadyGo状态: 0 (0关, 1白, 2红)
  左转向灯: 1 (0关, 1白, 2橙)
  右转向灯: 1 (0关, 1白, 2橙)
  灯环状态: 0 (0关, 1蓝, 2红)
[2025-08-25 19:39:25.679] [DEBUG] 组包成功，数据长度: 21 字节
[2025-08-25 19:39:25.679] [DEBUG] 发送数据: A5 60 9F A5 03 0D 3B 3E 33 33 33 33 D3 33 33 33 33 33 33 A4 55
[2025-08-25 19:39:26.683] [DEBUG] 接收数据: A5 60 9F A5 83 55 33 93 7F 63 64 33 33 33 33 33 33 33 33 33 33 33 33 33 33 33 33 33 33 33 33 33 33 33 33 33 33 33 33 33 33 33 33 89 66 69 66 65 85 64 63 64 76 63 64 92 75 A7 63 65 33 33 33 34 33 37 33 37 33 33 33 3E 33 33 33 33 D3 33 33 33 33 33 33 33 33 33 33 33 33 33 33 B0 55
[2025-08-25 19:39:26.685] [DEBUG] 数据解析成功:
[2025-08-25 19:39:26.685] [INFO]   ID: 0x60
  命令: 0x83 (读)
  寄存器地址: 0x00
  寄存器数量: 0
[2025-08-25 19:39:26.686] [DEBUG] 组包成功，数据长度: 21 字节
[2025-08-25 19:39:26.687] [DEBUG] 发送数据: A5 60 9F A5 01 0D 3B 3E 33 33 33 33 D3 33 33 33 33 33 33 E3 55
[2025-08-25 19:39:27.692] [DEBUG] 接收数据: A5 60 9F A5 81 0D 3B 3E 33 33 33 33 D3 33 33 33 33 33 33 D4 55
[2025-08-25 19:39:27.694] [DEBUG] 数据解析成功:
[2025-08-25 19:39:27.694] [INFO]   ID: 0x60
  命令: 0x81 (读)
  寄存器地址: 0x08
  寄存器数量: 0
[2025-08-25 19:39:27.696] [INFO] 
全局变量中的LED显示信息已更新:
[2025-08-25 19:39:27.696] [INFO]   屏幕状态: 开
  亮度级别: 5
  数字显示: 0
  LOGO状态: 0 (0关, 1白, 2红)
  护盾状态: 0 (0关, 1白, 2绿)
  ReadyGo状态: 0 (0关, 1白, 2红)
  左转向灯: 1 (0关, 1白, 2橙)
  右转向灯: 1 (0关, 1白, 2橙)
  灯环状态: 0 (0关, 1蓝, 2红)
[2025-08-25 19:39:27.697] [INFO] 结果: PASS | 用时: 2.021s
[2025-08-25 19:39:27.698] [INFO] ==== 执行用例 #14 ====
[2025-08-25 19:39:27.698] [INFO] 参数: {'screen_on': 1, 'brightness': 5, 'digital': 0, 'logo': 0, 'rim_state': 0, 'rdygo': 0, 'turn_left': 1, 'turn_right': 1, 'ring': 1} | 备注: 
[2025-08-25 19:39:27.699] [DEBUG] 修改后的LED显示信息:
[2025-08-25 19:39:27.700] [INFO]   屏幕状态: 开
  亮度级别: 5
  数字显示: 0
  LOGO状态: 0 (0关, 1白, 2红)
  护盾状态: 0 (0关, 1白, 2绿)
  ReadyGo状态: 0 (0关, 1白, 2红)
  左转向灯: 1 (0关, 1白, 2橙)
  右转向灯: 1 (0关, 1白, 2橙)
  灯环状态: 1 (0关, 1蓝, 2红)
[2025-08-25 19:39:27.700] [DEBUG] 组包成功，数据长度: 21 字节
[2025-08-25 19:39:27.701] [DEBUG] 发送数据: A5 60 9F A5 03 0D 3B 3E 33 33 33 33 D3 35 33 33 33 33 33 55 55
[2025-08-25 19:39:28.703] [DEBUG] 接收数据: A5 60 9F A5 83 55 33 93 7F 63 64 33 33 33 33 33 33 33 33 33 33 33 33 33 33 33 33 33 33 33 33 33 33 33 33 33 33 33 33 33 33 33 33 89 66 69 66 65 85 64 63 64 76 63 64 92 75 A7 63 65 33 33 33 33 33 37 33 37 33 33 33 3E 33 33 33 33 D3 35 33 33 33 33 33 33 33 33 33 33 33 33 33 8F 55
[2025-08-25 19:39:28.704] [DEBUG] 数据解析成功:
[2025-08-25 19:39:28.704] [INFO]   ID: 0x60
  命令: 0x83 (读)
  寄存器地址: 0x00
  寄存器数量: 0
[2025-08-25 19:39:28.706] [DEBUG] 组包成功，数据长度: 21 字节
[2025-08-25 19:39:28.706] [DEBUG] 发送数据: A5 60 9F A5 01 0D 3B 3E 33 33 33 33 D3 35 33 33 33 33 33 12 55
[2025-08-25 19:39:29.711] [DEBUG] 接收数据: A5 60 9F A5 81 0D 3B 3E 33 33 33 33 D3 35 33 33 33 33 33 25 55
[2025-08-25 19:39:29.712] [DEBUG] 数据解析成功:
[2025-08-25 19:39:29.713] [INFO]   ID: 0x60
  命令: 0x81 (读)
  寄存器地址: 0x08
  寄存器数量: 0
[2025-08-25 19:39:29.713] [INFO] 
全局变量中的LED显示信息已更新:
[2025-08-25 19:39:29.714] [INFO]   屏幕状态: 开
  亮度级别: 5
  数字显示: 0
  LOGO状态: 0 (0关, 1白, 2红)
  护盾状态: 0 (0关, 1白, 2绿)
  ReadyGo状态: 0 (0关, 1白, 2红)
  左转向灯: 1 (0关, 1白, 2橙)
  右转向灯: 1 (0关, 1白, 2橙)
  灯环状态: 1 (0关, 1蓝, 2红)
[2025-08-25 19:39:29.715] [INFO] 结果: PASS | 用时: 2.017s
[2025-08-25 19:39:29.715] [INFO] ==== 执行用例 #15 ====
[2025-08-25 19:39:29.715] [INFO] 参数: {'screen_on': 1, 'brightness': 5, 'digital': 0, 'logo': 0, 'rim_state': 0, 'rdygo': 0, 'turn_left': 1, 'turn_right': 1, 'ring': 2} | 备注: 
[2025-08-25 19:39:29.716] [DEBUG] 修改后的LED显示信息:
[2025-08-25 19:39:29.716] [INFO]   屏幕状态: 开
  亮度级别: 5
  数字显示: 0
  LOGO状态: 0 (0关, 1白, 2红)
  护盾状态: 0 (0关, 1白, 2绿)
  ReadyGo状态: 0 (0关, 1白, 2红)
  左转向灯: 1 (0关, 1白, 2橙)
  右转向灯: 1 (0关, 1白, 2橙)
  灯环状态: 2 (0关, 1蓝, 2红)
[2025-08-25 19:39:29.716] [DEBUG] 组包成功，数据长度: 21 字节
[2025-08-25 19:39:29.717] [DEBUG] 发送数据: A5 60 9F A5 03 0D 3B 3E 33 33 33 33 D3 37 33 33 33 33 33 F1 55
[2025-08-25 19:39:30.718] [DEBUG] 接收数据: A5 60 9F A5 83 55 33 93 7F 63 64 33 33 33 33 33 33 33 33 33 33 33 33 33 33 33 33 33 33 33 33 33 33 33 33 33 33 33 33 33 33 33 33 89 66 69 66 65 85 64 63 64 76 63 64 92 75 A7 63 65 33 33 33 34 33 37 33 38 33 33 33 3E 33 33 33 33 D3 37 33 33 33 33 33 33 33 33 33 33 33 33 33 6B 55
[2025-08-25 19:39:30.719] [DEBUG] 数据解析成功:
[2025-08-25 19:39:30.719] [INFO]   ID: 0x60
  命令: 0x83 (读)
  寄存器地址: 0x00
  寄存器数量: 0
[2025-08-25 19:39:30.720] [DEBUG] 组包成功，数据长度: 21 字节
[2025-08-25 19:39:30.720] [DEBUG] 发送数据: A5 60 9F A5 01 0D 3B 3E 33 33 33 33 D3 37 33 33 33 33 33 B6 55
[2025-08-25 19:39:31.722] [DEBUG] 接收数据: A5 60 9F A5 81 0D 3B 3E 33 33 33 33 D3 37 33 33 33 33 33 81 55
[2025-08-25 19:39:31.723] [DEBUG] 数据解析成功:
[2025-08-25 19:39:31.724] [INFO]   ID: 0x60
  命令: 0x81 (读)
  寄存器地址: 0x08
  寄存器数量: 0
[2025-08-25 19:39:31.726] [INFO] 
全局变量中的LED显示信息已更新:
[2025-08-25 19:39:31.727] [INFO]   屏幕状态: 开
  亮度级别: 5
  数字显示: 0
  LOGO状态: 0 (0关, 1白, 2红)
  护盾状态: 0 (0关, 1白, 2绿)
  ReadyGo状态: 0 (0关, 1白, 2红)
  左转向灯: 1 (0关, 1白, 2橙)
  右转向灯: 1 (0关, 1白, 2橙)
  灯环状态: 2 (0关, 1蓝, 2红)
[2025-08-25 19:39:31.728] [INFO] 结果: PASS | 用时: 2.013s
[2025-08-25 19:39:31.728] [INFO] ==== 执行用例 #16 ====
[2025-08-25 19:39:31.728] [INFO] 参数: {'screen_on': 1, 'brightness': 5, 'digital': 0, 'logo': 0, 'rim_state': 0, 'rdygo': 0, 'turn_left': 1, 'turn_right': 2, 'ring': 0} | 备注: 
[2025-08-25 19:39:31.728] [DEBUG] 修改后的LED显示信息:
[2025-08-25 19:39:31.729] [INFO]   屏幕状态: 开
  亮度级别: 5
  数字显示: 0
  LOGO状态: 0 (0关, 1白, 2红)
  护盾状态: 0 (0关, 1白, 2绿)
  ReadyGo状态: 0 (0关, 1白, 2红)
  左转向灯: 1 (0关, 1白, 2橙)
  右转向灯: 2 (0关, 1白, 2橙)
  灯环状态: 0 (0关, 1蓝, 2红)
[2025-08-25 19:39:31.729] [DEBUG] 组包成功，数据长度: 21 字节
[2025-08-25 19:39:31.729] [DEBUG] 发送数据: A5 60 9F A5 03 0D 3B 3E 33 33 33 33 53 34 33 33 33 33 33 2E 55
[2025-08-25 19:39:32.735] [DEBUG] 接收数据: A5 60 9F A5 83 55 33 93 7F 63 64 33 33 33 33 33 33 33 33 33 33 33 33 33 33 33 33 33 33 33 33 33 33 33 33 33 33 33 33 33 33 33 33 89 66 69 66 65 85 64 63 64 76 63 64 92 75 A7 63 65 33 33 33 34 33 37 33 37 33 33 33 3E 33 33 33 33 53 34 33 33 33 33 33 33 33 33 33 33 33 33 33 B7 55
[2025-08-25 19:39:32.736] [DEBUG] 数据解析成功:
[2025-08-25 19:39:32.736] [INFO]   ID: 0x60
  命令: 0x83 (读)
  寄存器地址: 0x00
  寄存器数量: 0
[2025-08-25 19:39:32.737] [DEBUG] 组包成功，数据长度: 21 字节
[2025-08-25 19:39:32.738] [DEBUG] 发送数据: A5 60 9F A5 01 0D 3B 3E 33 33 33 33 53 34 33 33 33 33 33 69 55
[2025-08-25 19:39:33.740] [DEBUG] 接收数据: A5 60 9F A5 81 0D 3B 3E 33 33 33 33 53 34 33 33 33 33 33 5E 55
[2025-08-25 19:39:33.741] [DEBUG] 数据解析成功:
[2025-08-25 19:39:33.741] [INFO]   ID: 0x60
  命令: 0x81 (读)
  寄存器地址: 0x08
  寄存器数量: 0
[2025-08-25 19:39:33.742] [INFO] 
全局变量中的LED显示信息已更新:
[2025-08-25 19:39:33.743] [INFO]   屏幕状态: 开
  亮度级别: 5
  数字显示: 0
  LOGO状态: 0 (0关, 1白, 2红)
  护盾状态: 0 (0关, 1白, 2绿)
  ReadyGo状态: 0 (0关, 1白, 2红)
  左转向灯: 1 (0关, 1白, 2橙)
  右转向灯: 2 (0关, 1白, 2橙)
  灯环状态: 0 (0关, 1蓝, 2红)
[2025-08-25 19:39:33.744] [INFO] 结果: PASS | 用时: 2.016s
[2025-08-25 19:39:33.744] [INFO] ==== 执行用例 #17 ====
[2025-08-25 19:39:33.744] [INFO] 参数: {'screen_on': 1, 'brightness': 5, 'digital': 0, 'logo': 0, 'rim_state': 0, 'rdygo': 0, 'turn_left': 1, 'turn_right': 2, 'ring': 1} | 备注: 
[2025-08-25 19:39:33.745] [DEBUG] 修改后的LED显示信息:
[2025-08-25 19:39:33.745] [INFO]   屏幕状态: 开
  亮度级别: 5
  数字显示: 0
  LOGO状态: 0 (0关, 1白, 2红)
  护盾状态: 0 (0关, 1白, 2绿)
  ReadyGo状态: 0 (0关, 1白, 2红)
  左转向灯: 1 (0关, 1白, 2橙)
  右转向灯: 2 (0关, 1白, 2橙)
  灯环状态: 1 (0关, 1蓝, 2红)
[2025-08-25 19:39:33.745] [DEBUG] 组包成功，数据长度: 21 字节
[2025-08-25 19:39:33.745] [DEBUG] 发送数据: A5 60 9F A5 03 0D 3B 3E 33 33 33 33 53 36 33 33 33 33 33 8A 55
[2025-08-25 19:39:34.748] [DEBUG] 接收数据: A5 60 9F A5 83 55 33 93 7F 63 64 33 33 33 33 33 33 33 33 33 33 33 33 33 33 33 33 33 33 33 33 33 33 33 33 33 33 33 33 33 33 33 33 89 66 69 66 65 85 64 63 64 76 63 64 92 75 A7 63 65 33 33 33 33 33 37 33 37 33 33 33 3E 33 33 33 33 53 36 33 33 33 33 33 33 33 33 33 33 33 33 33 17 55
[2025-08-25 19:39:34.749] [DEBUG] 数据解析成功:
[2025-08-25 19:39:34.751] [INFO]   ID: 0x60
  命令: 0x83 (读)
  寄存器地址: 0x00
  寄存器数量: 0
[2025-08-25 19:39:34.751] [DEBUG] 组包成功，数据长度: 21 字节
[2025-08-25 19:39:34.752] [DEBUG] 发送数据: A5 60 9F A5 01 0D 3B 3E 33 33 33 33 53 36 33 33 33 33 33 CD 55
[2025-08-25 19:39:35.757] [DEBUG] 接收数据: A5 60 9F A5 81 0D 3B 3E 33 33 33 33 53 36 33 33 33 33 33 FA 55
[2025-08-25 19:39:35.759] [DEBUG] 数据解析成功:
[2025-08-25 19:39:35.760] [INFO]   ID: 0x60
  命令: 0x81 (读)
  寄存器地址: 0x08
  寄存器数量: 0
[2025-08-25 19:39:35.761] [INFO] 
全局变量中的LED显示信息已更新:
[2025-08-25 19:39:35.761] [INFO]   屏幕状态: 开
  亮度级别: 5
  数字显示: 0
  LOGO状态: 0 (0关, 1白, 2红)
  护盾状态: 0 (0关, 1白, 2绿)
  ReadyGo状态: 0 (0关, 1白, 2红)
  左转向灯: 1 (0关, 1白, 2橙)
  右转向灯: 2 (0关, 1白, 2橙)
  灯环状态: 1 (0关, 1蓝, 2红)
[2025-08-25 19:39:35.762] [INFO] 结果: PASS | 用时: 2.018s
[2025-08-25 19:39:35.763] [INFO] ==== 执行用例 #18 ====
[2025-08-25 19:39:35.763] [INFO] 参数: {'screen_on': 1, 'brightness': 5, 'digital': 0, 'logo': 0, 'rim_state': 0, 'rdygo': 0, 'turn_left': 1, 'turn_right': 2, 'ring': 2} | 备注: 
[2025-08-25 19:39:35.764] [DEBUG] 修改后的LED显示信息:
[2025-08-25 19:39:35.764] [INFO]   屏幕状态: 开
  亮度级别: 5
  数字显示: 0
  LOGO状态: 0 (0关, 1白, 2红)
  护盾状态: 0 (0关, 1白, 2绿)
  ReadyGo状态: 0 (0关, 1白, 2红)
  左转向灯: 1 (0关, 1白, 2橙)
  右转向灯: 2 (0关, 1白, 2橙)
  灯环状态: 2 (0关, 1蓝, 2红)
[2025-08-25 19:39:35.765] [DEBUG] 组包成功，数据长度: 21 字节
[2025-08-25 19:39:35.766] [DEBUG] 发送数据: A5 60 9F A5 03 0D 3B 3E 33 33 33 33 53 38 33 33 33 33 33 D1 55
[2025-08-25 19:39:36.769] [DEBUG] 接收数据: A5 60 9F A5 83 55 33 93 7F 63 64 33 33 33 33 33 33 33 33 33 33 33 33 33 33 33 33 33 33 33 33 33 33 33 33 33 33 33 33 33 33 33 33 89 66 69 66 65 85 64 63 64 76 63 64 92 75 A7 63 65 33 33 33 33 33 37 33 37 33 33 33 3E 33 33 33 33 53 38 33 33 33 33 33 33 33 33 33 33 33 33 33 77 55
[2025-08-25 19:39:36.771] [DEBUG] 数据解析成功:
[2025-08-25 19:39:36.771] [INFO]   ID: 0x60
  命令: 0x83 (读)
  寄存器地址: 0x00
  寄存器数量: 0
[2025-08-25 19:39:36.772] [DEBUG] 组包成功，数据长度: 21 字节
[2025-08-25 19:39:36.773] [DEBUG] 发送数据: A5 60 9F A5 01 0D 3B 3E 33 33 33 33 53 38 33 33 33 33 33 96 55
[2025-08-25 19:39:37.775] [DEBUG] 接收数据: A5 60 9F A5 81 0D 3B 3E 33 33 33 33 53 38 33 33 33 33 33 A1 55
[2025-08-25 19:39:37.776] [DEBUG] 数据解析成功:
[2025-08-25 19:39:37.776] [INFO]   ID: 0x60
  命令: 0x81 (读)
  寄存器地址: 0x08
  寄存器数量: 0
[2025-08-25 19:39:37.777] [INFO] 
全局变量中的LED显示信息已更新:
[2025-08-25 19:39:37.778] [INFO]   屏幕状态: 开
  亮度级别: 5
  数字显示: 0
  LOGO状态: 0 (0关, 1白, 2红)
  护盾状态: 0 (0关, 1白, 2绿)
  ReadyGo状态: 0 (0关, 1白, 2红)
  左转向灯: 1 (0关, 1白, 2橙)
  右转向灯: 2 (0关, 1白, 2橙)
  灯环状态: 2 (0关, 1蓝, 2红)
[2025-08-25 19:39:37.779] [INFO] 结果: PASS | 用时: 2.016s
[2025-08-25 19:39:37.779] [INFO] ==== 执行用例 #19 ====
[2025-08-25 19:39:37.779] [INFO] 参数: {'screen_on': 1, 'brightness': 5, 'digital': 0, 'logo': 0, 'rim_state': 0, 'rdygo': 0, 'turn_left': 2, 'turn_right': 0, 'ring': 0} | 备注: 
[2025-08-25 19:39:37.780] [DEBUG] 修改后的LED显示信息:
[2025-08-25 19:39:37.780] [INFO]   屏幕状态: 开
  亮度级别: 5
  数字显示: 0
  LOGO状态: 0 (0关, 1白, 2红)
  护盾状态: 0 (0关, 1白, 2绿)
  ReadyGo状态: 0 (0关, 1白, 2红)
  左转向灯: 2 (0关, 1白, 2橙)
  右转向灯: 0 (0关, 1白, 2橙)
  灯环状态: 0 (0关, 1蓝, 2红)
[2025-08-25 19:39:37.780] [DEBUG] 组包成功，数据长度: 21 字节
[2025-08-25 19:39:37.780] [DEBUG] 发送数据: A5 60 9F A5 03 0D 3B 3E 33 33 33 33 73 33 33 33 33 33 33 00 55
[2025-08-25 19:39:38.786] [DEBUG] 接收数据: A5 60 9F A5 83 55 33 93 7F 63 64 33 33 33 33 33 33 33 33 33 33 33 33 33 33 33 33 33 33 33 33 33 33 33 33 33 33 33 33 33 33 33 33 89 66 69 66 65 85 64 63 64 76 63 64 92 75 A7 63 65 33 33 33 33 33 37 33 37 33 33 33 3E 33 33 33 33 73 33 33 33 33 33 33 33 33 33 33 33 33 33 33 E2 55
[2025-08-25 19:39:38.787] [DEBUG] 数据解析成功:
[2025-08-25 19:39:38.787] [INFO]   ID: 0x60
  命令: 0x83 (读)
  寄存器地址: 0x00
  寄存器数量: 0
[2025-08-25 19:39:38.788] [DEBUG] 组包成功，数据长度: 21 字节
[2025-08-25 19:39:38.789] [DEBUG] 发送数据: A5 60 9F A5 01 0D 3B 3E 33 33 33 33 73 33 33 33 33 33 33 47 55
[2025-08-25 19:39:39.795] [DEBUG] 接收数据: A5 60 9F A5 81 0D 3B 3E 33 33 33 33 73 33 33 33 33 33 33 70 55
[2025-08-25 19:39:39.795] [DEBUG] 数据解析成功:
[2025-08-25 19:39:39.796] [INFO]   ID: 0x60
  命令: 0x81 (读)
  寄存器地址: 0x08
  寄存器数量: 0
[2025-08-25 19:39:39.796] [INFO] 
全局变量中的LED显示信息已更新:
[2025-08-25 19:39:39.796] [INFO]   屏幕状态: 开
  亮度级别: 5
  数字显示: 0
  LOGO状态: 0 (0关, 1白, 2红)
  护盾状态: 0 (0关, 1白, 2绿)
  ReadyGo状态: 0 (0关, 1白, 2红)
  左转向灯: 2 (0关, 1白, 2橙)
  右转向灯: 0 (0关, 1白, 2橙)
  灯环状态: 0 (0关, 1蓝, 2红)
[2025-08-25 19:39:39.797] [INFO] 结果: PASS | 用时: 2.018s
[2025-08-25 19:39:39.798] [INFO] ==== 执行用例 #20 ====
[2025-08-25 19:39:39.798] [INFO] 参数: {'screen_on': 1, 'brightness': 5, 'digital': 0, 'logo': 0, 'rim_state': 0, 'rdygo': 0, 'turn_left': 2, 'turn_right': 0, 'ring': 1} | 备注: 
[2025-08-25 19:39:39.799] [DEBUG] 修改后的LED显示信息:
[2025-08-25 19:39:39.799] [INFO]   屏幕状态: 开
  亮度级别: 5
  数字显示: 0
  LOGO状态: 0 (0关, 1白, 2红)
  护盾状态: 0 (0关, 1白, 2绿)
  ReadyGo状态: 0 (0关, 1白, 2红)
  左转向灯: 2 (0关, 1白, 2橙)
  右转向灯: 0 (0关, 1白, 2橙)
  灯环状态: 1 (0关, 1蓝, 2红)
[2025-08-25 19:39:39.800] [DEBUG] 组包成功，数据长度: 21 字节
[2025-08-25 19:39:39.800] [DEBUG] 发送数据: A5 60 9F A5 03 0D 3B 3E 33 33 33 33 73 35 33 33 33 33 33 F1 55
[2025-08-25 19:39:40.806] [DEBUG] 接收数据: A5 60 9F A5 83 55 33 93 7F 63 64 33 33 33 33 33 33 33 33 33 33 33 33 33 33 33 33 33 33 33 33 33 33 33 33 33 33 33 33 33 33 33 33 89 66 69 66 65 85 64 63 64 76 63 64 92 75 A7 63 65 33 33 33 33 33 37 33 37 33 33 33 3E 33 33 33 33 73 35 33 33 33 33 33 33 33 33 33 33 33 33 33 BC 55
[2025-08-25 19:39:40.807] [DEBUG] 数据解析成功:
[2025-08-25 19:39:40.808] [INFO]   ID: 0x60
  命令: 0x83 (读)
  寄存器地址: 0x00
  寄存器数量: 0
[2025-08-25 19:39:40.808] [DEBUG] 组包成功，数据长度: 21 字节
[2025-08-25 19:39:40.809] [DEBUG] 发送数据: A5 60 9F A5 01 0D 3B 3E 33 33 33 33 73 35 33 33 33 33 33 B6 55
[2025-08-25 19:39:41.810] [DEBUG] 接收数据: A5 60 9F A5 81 0D 3B 3E 33 33 33 33 73 35 33 33 33 33 33 81 55
[2025-08-25 19:39:41.812] [DEBUG] 数据解析成功:
[2025-08-25 19:39:41.812] [INFO]   ID: 0x60
  命令: 0x81 (读)
  寄存器地址: 0x08
  寄存器数量: 0
[2025-08-25 19:39:41.814] [INFO] 
全局变量中的LED显示信息已更新:
[2025-08-25 19:39:41.814] [INFO]   屏幕状态: 开
  亮度级别: 5
  数字显示: 0
  LOGO状态: 0 (0关, 1白, 2红)
  护盾状态: 0 (0关, 1白, 2绿)
  ReadyGo状态: 0 (0关, 1白, 2红)
  左转向灯: 2 (0关, 1白, 2橙)
  右转向灯: 0 (0关, 1白, 2橙)
  灯环状态: 1 (0关, 1蓝, 2红)
[2025-08-25 19:39:41.815] [INFO] 结果: PASS | 用时: 2.017s
[2025-08-25 19:39:41.815] [INFO] ==== 执行用例 #21 ====
[2025-08-25 19:39:41.816] [INFO] 参数: {'screen_on': 1, 'brightness': 5, 'digital': 0, 'logo': 0, 'rim_state': 0, 'rdygo': 0, 'turn_left': 2, 'turn_right': 0, 'ring': 2} | 备注: 
[2025-08-25 19:39:41.816] [DEBUG] 修改后的LED显示信息:
[2025-08-25 19:39:41.817] [INFO]   屏幕状态: 开
  亮度级别: 5
  数字显示: 0
  LOGO状态: 0 (0关, 1白, 2红)
  护盾状态: 0 (0关, 1白, 2绿)
  ReadyGo状态: 0 (0关, 1白, 2红)
  左转向灯: 2 (0关, 1白, 2橙)
  右转向灯: 0 (0关, 1白, 2橙)
  灯环状态: 2 (0关, 1蓝, 2红)
[2025-08-25 19:39:41.817] [DEBUG] 组包成功，数据长度: 21 字节
[2025-08-25 19:39:41.818] [DEBUG] 发送数据: A5 60 9F A5 03 0D 3B 3E 33 33 33 33 73 37 33 33 33 33 33 55 55
[2025-08-25 19:39:42.822] [DEBUG] 接收数据: A5 60 9F A5 83 55 33 93 7F 63 64 33 33 33 33 33 33 33 33 33 33 33 33 33 33 33 33 33 33 33 33 33 33 33 33 33 33 33 33 33 33 33 33 89 66 69 66 65 85 64 63 64 76 63 64 92 75 A7 63 65 33 33 33 34 33 37 33 37 33 33 33 3E 33 33 33 33 73 37 33 33 33 33 33 33 33 33 33 33 33 33 33 1C 55
[2025-08-25 19:39:42.824] [DEBUG] 数据解析成功:
[2025-08-25 19:39:42.825] [INFO]   ID: 0x60
  命令: 0x83 (读)
  寄存器地址: 0x00
  寄存器数量: 0
[2025-08-25 19:39:42.826] [DEBUG] 组包成功，数据长度: 21 字节
[2025-08-25 19:39:42.827] [DEBUG] 发送数据: A5 60 9F A5 01 0D 3B 3E 33 33 33 33 73 37 33 33 33 33 33 12 55
[2025-08-25 19:39:43.833] [DEBUG] 接收数据: A5 60 9F A5 81 0D 3B 3E 33 33 33 33 73 37 33 33 33 33 33 25 55
[2025-08-25 19:39:43.835] [DEBUG] 数据解析成功:
[2025-08-25 19:39:43.835] [INFO]   ID: 0x60
  命令: 0x81 (读)
  寄存器地址: 0x08
  寄存器数量: 0
[2025-08-25 19:39:43.836] [INFO] 
全局变量中的LED显示信息已更新:
[2025-08-25 19:39:43.837] [INFO]   屏幕状态: 开
  亮度级别: 5
  数字显示: 0
  LOGO状态: 0 (0关, 1白, 2红)
  护盾状态: 0 (0关, 1白, 2绿)
  ReadyGo状态: 0 (0关, 1白, 2红)
  左转向灯: 2 (0关, 1白, 2橙)
  右转向灯: 0 (0关, 1白, 2橙)
  灯环状态: 2 (0关, 1蓝, 2红)
[2025-08-25 19:39:43.838] [INFO] 结果: PASS | 用时: 2.023s
[2025-08-25 19:39:43.839] [INFO] ==== 执行用例 #22 ====
[2025-08-25 19:39:43.839] [INFO] 参数: {'screen_on': 1, 'brightness': 5, 'digital': 0, 'logo': 0, 'rim_state': 0, 'rdygo': 0, 'turn_left': 2, 'turn_right': 1, 'ring': 0} | 备注: 
[2025-08-25 19:39:43.840] [DEBUG] 修改后的LED显示信息:
[2025-08-25 19:39:43.840] [INFO]   屏幕状态: 开
  亮度级别: 5
  数字显示: 0
  LOGO状态: 0 (0关, 1白, 2红)
  护盾状态: 0 (0关, 1白, 2绿)
  ReadyGo状态: 0 (0关, 1白, 2红)
  左转向灯: 2 (0关, 1白, 2橙)
  右转向灯: 1 (0关, 1白, 2橙)
  灯环状态: 0 (0关, 1蓝, 2红)
[2025-08-25 19:39:43.840] [DEBUG] 组包成功，数据长度: 21 字节
[2025-08-25 19:39:43.841] [DEBUG] 发送数据: A5 60 9F A5 03 0D 3B 3E 33 33 33 33 F3 33 33 33 33 33 33 29 55
[2025-08-25 19:39:44.846] [DEBUG] 接收数据: A5 60 9F A5 83 55 33 93 7F 63 64 33 33 33 33 33 33 33 33 33 33 33 33 33 33 33 33 33 33 33 33 33 33 33 33 33 33 33 33 33 33 33 33 89 66 69 66 65 85 64 63 64 76 63 64 92 75 A7 63 65 33 33 33 34 33 37 33 37 33 33 33 3E 33 33 33 33 F3 33 33 33 33 33 33 33 33 33 33 33 33 33 33 B4 55
[2025-08-25 19:39:44.848] [DEBUG] 数据解析成功:
[2025-08-25 19:39:44.849] [INFO]   ID: 0x60
  命令: 0x83 (读)
  寄存器地址: 0x00
  寄存器数量: 0
[2025-08-25 19:39:44.851] [DEBUG] 组包成功，数据长度: 21 字节
[2025-08-25 19:39:44.852] [DEBUG] 发送数据: A5 60 9F A5 01 0D 3B 3E 33 33 33 33 F3 33 33 33 33 33 33 6E 55
[2025-08-25 19:39:45.855] [DEBUG] 接收数据: A5 60 9F A5 81 0D 3B 3E 33 33 33 33 F3 33 33 33 33 33 33 59 55
[2025-08-25 19:39:45.855] [DEBUG] 数据解析成功:
[2025-08-25 19:39:45.855] [INFO]   ID: 0x60
  命令: 0x81 (读)
  寄存器地址: 0x08
  寄存器数量: 0
[2025-08-25 19:39:45.856] [INFO] 
全局变量中的LED显示信息已更新:
[2025-08-25 19:39:45.856] [INFO]   屏幕状态: 开
  亮度级别: 5
  数字显示: 0
  LOGO状态: 0 (0关, 1白, 2红)
  护盾状态: 0 (0关, 1白, 2绿)
  ReadyGo状态: 0 (0关, 1白, 2红)
  左转向灯: 2 (0关, 1白, 2橙)
  右转向灯: 1 (0关, 1白, 2橙)
  灯环状态: 0 (0关, 1蓝, 2红)
[2025-08-25 19:39:45.857] [INFO] 结果: PASS | 用时: 2.018s
[2025-08-25 19:39:45.857] [INFO] ==== 执行用例 #23 ====
[2025-08-25 19:39:45.857] [INFO] 参数: {'screen_on': 1, 'brightness': 5, 'digital': 0, 'logo': 0, 'rim_state': 0, 'rdygo': 0, 'turn_left': 2, 'turn_right': 1, 'ring': 1} | 备注: 
[2025-08-25 19:39:45.858] [DEBUG] 修改后的LED显示信息:
[2025-08-25 19:39:45.858] [INFO]   屏幕状态: 开
  亮度级别: 5
  数字显示: 0
  LOGO状态: 0 (0关, 1白, 2红)
  护盾状态: 0 (0关, 1白, 2绿)
  ReadyGo状态: 0 (0关, 1白, 2红)
  左转向灯: 2 (0关, 1白, 2橙)
  右转向灯: 1 (0关, 1白, 2橙)
  灯环状态: 1 (0关, 1蓝, 2红)
[2025-08-25 19:39:45.859] [DEBUG] 组包成功，数据长度: 21 字节
[2025-08-25 19:39:45.859] [DEBUG] 发送数据: A5 60 9F A5 03 0D 3B 3E 33 33 33 33 F3 35 33 33 33 33 33 D8 55
[2025-08-25 19:39:46.862] [DEBUG] 接收数据: A5 60 9F A5 83 55 33 93 7F 63 64 33 33 33 33 33 33 33 33 33 33 33 33 33 33 33 33 33 33 33 33 33 33 33 33 33 33 33 33 33 33 33 33 89 66 69 66 65 85 64 63 64 76 63 64 92 75 A7 63 65 33 33 33 33 33 37 33 38 33 33 33 3E 33 33 33 33 F3 35 33 33 33 33 33 33 33 33 33 33 33 33 33 CF 55
[2025-08-25 19:39:46.863] [DEBUG] 数据解析成功:
[2025-08-25 19:39:46.864] [INFO]   ID: 0x60
  命令: 0x83 (读)
  寄存器地址: 0x00
  寄存器数量: 0
[2025-08-25 19:39:46.866] [DEBUG] 组包成功，数据长度: 21 字节
[2025-08-25 19:39:46.866] [DEBUG] 发送数据: A5 60 9F A5 01 0D 3B 3E 33 33 33 33 F3 35 33 33 33 33 33 9F 55
[2025-08-25 19:39:47.868] [DEBUG] 接收数据: A5 60 9F A5 81 0D 3B 3E 33 33 33 33 F3 35 33 33 33 33 33 A8 55
[2025-08-25 19:39:47.869] [DEBUG] 数据解析成功:
[2025-08-25 19:39:47.869] [INFO]   ID: 0x60
  命令: 0x81 (读)
  寄存器地址: 0x08
  寄存器数量: 0
[2025-08-25 19:39:47.870] [INFO] 
全局变量中的LED显示信息已更新:
[2025-08-25 19:39:47.870] [INFO]   屏幕状态: 开
  亮度级别: 5
  数字显示: 0
  LOGO状态: 0 (0关, 1白, 2红)
  护盾状态: 0 (0关, 1白, 2绿)
  ReadyGo状态: 0 (0关, 1白, 2红)
  左转向灯: 2 (0关, 1白, 2橙)
  右转向灯: 1 (0关, 1白, 2橙)
  灯环状态: 1 (0关, 1蓝, 2红)
[2025-08-25 19:39:47.872] [INFO] 结果: PASS | 用时: 2.015s
[2025-08-25 19:39:47.872] [INFO] ==== 执行用例 #24 ====
[2025-08-25 19:39:47.873] [INFO] 参数: {'screen_on': 1, 'brightness': 5, 'digital': 0, 'logo': 0, 'rim_state': 0, 'rdygo': 0, 'turn_left': 2, 'turn_right': 1, 'ring': 2} | 备注: 
[2025-08-25 19:39:47.873] [DEBUG] 修改后的LED显示信息:
[2025-08-25 19:39:47.874] [INFO]   屏幕状态: 开
  亮度级别: 5
  数字显示: 0
  LOGO状态: 0 (0关, 1白, 2红)
  护盾状态: 0 (0关, 1白, 2绿)
  ReadyGo状态: 0 (0关, 1白, 2红)
  左转向灯: 2 (0关, 1白, 2橙)
  右转向灯: 1 (0关, 1白, 2橙)
  灯环状态: 2 (0关, 1蓝, 2红)
[2025-08-25 19:39:47.875] [DEBUG] 组包成功，数据长度: 21 字节
[2025-08-25 19:39:47.875] [DEBUG] 发送数据: A5 60 9F A5 03 0D 3B 3E 33 33 33 33 F3 37 33 33 33 33 33 7C 55
[2025-08-25 19:39:48.877] [DEBUG] 接收数据: A5 60 9F A5 83 55 33 93 7F 63 64 33 33 33 33 33 33 33 33 33 33 33 33 33 33 33 33 33 33 33 33 33 33 33 33 33 33 33 33 33 33 33 33 89 66 69 66 65 85 64 63 64 76 63 64 92 75 A7 63 65 33 33 33 33 33 37 33 38 33 33 33 3E 33 33 33 33 F3 37 33 33 33 33 33 33 33 33 33 33 33 33 33 0E 55
[2025-08-25 19:39:48.877] [DEBUG] 数据解析成功:
[2025-08-25 19:39:48.878] [INFO]   ID: 0x60
  命令: 0x83 (读)
  寄存器地址: 0x00
  寄存器数量: 0
[2025-08-25 19:39:48.880] [DEBUG] 组包成功，数据长度: 21 字节
[2025-08-25 19:39:48.880] [DEBUG] 发送数据: A5 60 9F A5 01 0D 3B 3E 33 33 33 33 F3 37 33 33 33 33 33 3B 55
[2025-08-25 19:39:49.884] [DEBUG] 接收数据: A5 60 9F A5 81 0D 3B 3E 33 33 33 33 F3 37 33 33 33 33 33 0C 55
[2025-08-25 19:39:49.885] [DEBUG] 数据解析成功:
[2025-08-25 19:39:49.885] [INFO]   ID: 0x60
  命令: 0x81 (读)
  寄存器地址: 0x08
  寄存器数量: 0
[2025-08-25 19:39:49.887] [INFO] 
全局变量中的LED显示信息已更新:
[2025-08-25 19:39:49.887] [INFO]   屏幕状态: 开
  亮度级别: 5
  数字显示: 0
  LOGO状态: 0 (0关, 1白, 2红)
  护盾状态: 0 (0关, 1白, 2绿)
  ReadyGo状态: 0 (0关, 1白, 2红)
  左转向灯: 2 (0关, 1白, 2橙)
  右转向灯: 1 (0关, 1白, 2橙)
  灯环状态: 2 (0关, 1蓝, 2红)
[2025-08-25 19:39:49.887] [INFO] 结果: PASS | 用时: 2.014s
[2025-08-25 19:39:49.888] [INFO] ==== 执行用例 #25 ====
[2025-08-25 19:39:49.888] [INFO] 参数: {'screen_on': 1, 'brightness': 5, 'digital': 0, 'logo': 0, 'rim_state': 0, 'rdygo': 0, 'turn_left': 2, 'turn_right': 2, 'ring': 0} | 备注: 
[2025-08-25 19:39:49.888] [DEBUG] 修改后的LED显示信息:
[2025-08-25 19:39:49.888] [INFO]   屏幕状态: 开
  亮度级别: 5
  数字显示: 0
  LOGO状态: 0 (0关, 1白, 2红)
  护盾状态: 0 (0关, 1白, 2绿)
  ReadyGo状态: 0 (0关, 1白, 2红)
  左转向灯: 2 (0关, 1白, 2橙)
  右转向灯: 2 (0关, 1白, 2橙)
  灯环状态: 0 (0关, 1蓝, 2红)
[2025-08-25 19:39:49.888] [DEBUG] 组包成功，数据长度: 21 字节
[2025-08-25 19:39:49.889] [DEBUG] 发送数据: A5 60 9F A5 03 0D 3B 3E 33 33 33 33 73 34 33 33 33 33 33 A3 55
[2025-08-25 19:39:50.894] [DEBUG] 接收数据: A5 60 9F A5 83 55 33 93 7F 63 64 33 33 33 33 33 33 33 33 33 33 33 33 33 33 33 33 33 33 33 33 33 33 33 33 33 33 33 33 33 33 33 33 89 66 69 66 65 85 64 63 64 76 63 64 92 75 A7 63 65 33 33 33 33 33 37 33 36 33 33 33 3E 33 33 33 33 73 34 33 33 33 33 33 33 33 33 33 33 33 33 33 27 55
[2025-08-25 19:39:50.898] [DEBUG] 数据解析成功:
[2025-08-25 19:39:50.898] [INFO]   ID: 0x60
  命令: 0x83 (读)
  寄存器地址: 0x00
  寄存器数量: 0
[2025-08-25 19:39:50.899] [DEBUG] 组包成功，数据长度: 21 字节
[2025-08-25 19:39:50.901] [DEBUG] 发送数据: A5 60 9F A5 01 0D 3B 3E 33 33 33 33 73 34 33 33 33 33 33 E4 55
[2025-08-25 19:39:51.904] [DEBUG] 接收数据: A5 60 9F A5 81 0D 3B 3E 33 33 33 33 73 34 33 33 33 33 33 D3 55
[2025-08-25 19:39:51.904] [DEBUG] 数据解析成功:
[2025-08-25 19:39:51.905] [INFO]   ID: 0x60
  命令: 0x81 (读)
  寄存器地址: 0x08
  寄存器数量: 0
[2025-08-25 19:39:51.905] [INFO] 
全局变量中的LED显示信息已更新:
[2025-08-25 19:39:51.906] [INFO]   屏幕状态: 开
  亮度级别: 5
  数字显示: 0
  LOGO状态: 0 (0关, 1白, 2红)
  护盾状态: 0 (0关, 1白, 2绿)
  ReadyGo状态: 0 (0关, 1白, 2红)
  左转向灯: 2 (0关, 1白, 2橙)
  右转向灯: 2 (0关, 1白, 2橙)
  灯环状态: 0 (0关, 1蓝, 2红)
[2025-08-25 19:39:51.907] [INFO] 结果: PASS | 用时: 2.019s
[2025-08-25 19:39:51.908] [INFO] ==== 执行用例 #26 ====
[2025-08-25 19:39:51.908] [INFO] 参数: {'screen_on': 1, 'brightness': 5, 'digital': 0, 'logo': 0, 'rim_state': 0, 'rdygo': 0, 'turn_left': 2, 'turn_right': 2, 'ring': 1} | 备注: 
[2025-08-25 19:39:51.908] [DEBUG] 修改后的LED显示信息:
[2025-08-25 19:39:51.909] [INFO]   屏幕状态: 开
  亮度级别: 5
  数字显示: 0
  LOGO状态: 0 (0关, 1白, 2红)
  护盾状态: 0 (0关, 1白, 2绿)
  ReadyGo状态: 0 (0关, 1白, 2红)
  左转向灯: 2 (0关, 1白, 2橙)
  右转向灯: 2 (0关, 1白, 2橙)
  灯环状态: 1 (0关, 1蓝, 2红)
[2025-08-25 19:39:51.909] [DEBUG] 组包成功，数据长度: 21 字节
[2025-08-25 19:39:51.910] [DEBUG] 发送数据: A5 60 9F A5 03 0D 3B 3E 33 33 33 33 73 36 33 33 33 33 33 07 55
[2025-08-25 19:39:52.914] [DEBUG] 接收数据: A5 60 9F A5 83 55 33 93 7F 63 64 33 33 33 33 33 33 33 33 33 33 33 33 33 33 33 33 33 33 33 33 33 33 33 33 33 33 33 33 33 33 33 33 89 66 69 66 65 85 64 63 64 76 63 64 92 75 A7 63 65 33 33 33 33 33 37 33 38 33 33 33 3E 33 33 33 33 73 36 33 33 33 33 33 33 33 33 33 33 33 33 33 57 55
[2025-08-25 19:39:52.915] [DEBUG] 数据解析成功:
[2025-08-25 19:39:52.915] [INFO]   ID: 0x60
  命令: 0x83 (读)
  寄存器地址: 0x00
  寄存器数量: 0
[2025-08-25 19:39:52.916] [DEBUG] 组包成功，数据长度: 21 字节
[2025-08-25 19:39:52.918] [DEBUG] 发送数据: A5 60 9F A5 01 0D 3B 3E 33 33 33 33 73 36 33 33 33 33 33 40 55
[2025-08-25 19:39:53.922] [DEBUG] 接收数据: A5 60 9F A5 81 0D 3B 3E 33 33 33 33 73 36 33 33 33 33 33 77 55
[2025-08-25 19:39:53.922] [DEBUG] 数据解析成功:
[2025-08-25 19:39:53.923] [INFO]   ID: 0x60
  命令: 0x81 (读)
  寄存器地址: 0x08
  寄存器数量: 0
[2025-08-25 19:39:53.927] [INFO] 
全局变量中的LED显示信息已更新:
[2025-08-25 19:39:53.928] [INFO]   屏幕状态: 开
  亮度级别: 5
  数字显示: 0
  LOGO状态: 0 (0关, 1白, 2红)
  护盾状态: 0 (0关, 1白, 2绿)
  ReadyGo状态: 0 (0关, 1白, 2红)
  左转向灯: 2 (0关, 1白, 2橙)
  右转向灯: 2 (0关, 1白, 2橙)
  灯环状态: 1 (0关, 1蓝, 2红)
[2025-08-25 19:39:53.928] [INFO] 结果: PASS | 用时: 2.020s
[2025-08-25 19:39:53.929] [INFO] ==== 执行用例 #27 ====
[2025-08-25 19:39:53.929] [INFO] 参数: {'screen_on': 1, 'brightness': 5, 'digital': 0, 'logo': 0, 'rim_state': 0, 'rdygo': 0, 'turn_left': 2, 'turn_right': 2, 'ring': 2} | 备注: 
[2025-08-25 19:39:53.929] [DEBUG] 修改后的LED显示信息:
[2025-08-25 19:39:53.930] [INFO]   屏幕状态: 开
  亮度级别: 5
  数字显示: 0
  LOGO状态: 0 (0关, 1白, 2红)
  护盾状态: 0 (0关, 1白, 2绿)
  ReadyGo状态: 0 (0关, 1白, 2红)
  左转向灯: 2 (0关, 1白, 2橙)
  右转向灯: 2 (0关, 1白, 2橙)
  灯环状态: 2 (0关, 1蓝, 2红)
[2025-08-25 19:39:53.930] [DEBUG] 组包成功，数据长度: 21 字节
[2025-08-25 19:39:53.930] [DEBUG] 发送数据: A5 60 9F A5 03 0D 3B 3E 33 33 33 33 73 38 33 33 33 33 33 5C 55
[2025-08-25 19:39:54.934] [DEBUG] 接收数据: A5 60 9F A5 83 55 33 93 7F 63 64 33 33 33 33 33 33 33 33 33 33 33 33 33 33 33 33 33 33 33 33 33 33 33 33 33 33 33 33 33 33 33 33 89 66 69 66 65 85 64 63 64 76 63 64 92 75 A7 63 65 33 33 33 33 33 37 33 36 33 33 33 3E 33 33 33 33 73 38 33 33 33 33 33 33 33 33 33 33 33 33 33 86 55
[2025-08-25 19:39:54.934] [DEBUG] 数据解析成功:
[2025-08-25 19:39:54.935] [INFO]   ID: 0x60
  命令: 0x83 (读)
  寄存器地址: 0x00
  寄存器数量: 0
[2025-08-25 19:39:54.935] [DEBUG] 组包成功，数据长度: 21 字节
[2025-08-25 19:39:54.935] [DEBUG] 发送数据: A5 60 9F A5 01 0D 3B 3E 33 33 33 33 73 38 33 33 33 33 33 1B 55
[2025-08-25 19:39:55.940] [DEBUG] 接收数据: A5 60 9F A5 81 0D 3B 3E 33 33 33 33 73 38 33 33 33 33 33 2C 55
[2025-08-25 19:39:55.941] [DEBUG] 数据解析成功:
[2025-08-25 19:39:55.942] [INFO]   ID: 0x60
  命令: 0x81 (读)
  寄存器地址: 0x08
  寄存器数量: 0
[2025-08-25 19:39:55.942] [INFO] 
全局变量中的LED显示信息已更新:
[2025-08-25 19:39:55.943] [INFO]   屏幕状态: 开
  亮度级别: 5
  数字显示: 0
  LOGO状态: 0 (0关, 1白, 2红)
  护盾状态: 0 (0关, 1白, 2绿)
  ReadyGo状态: 0 (0关, 1白, 2红)
  左转向灯: 2 (0关, 1白, 2橙)
  右转向灯: 2 (0关, 1白, 2橙)
  灯环状态: 2 (0关, 1蓝, 2红)
[2025-08-25 19:39:55.944] [INFO] 结果: PASS | 用时: 2.015s
[2025-08-25 19:39:55.945] [INFO] ==== 执行用例 #28 ====
[2025-08-25 19:39:55.945] [INFO] 参数: {'screen_on': 1, 'brightness': 5, 'digital': 0, 'logo': 0, 'rim_state': 0, 'rdygo': 1, 'turn_left': 0, 'turn_right': 0, 'ring': 0} | 备注: 
[2025-08-25 19:39:55.946] [DEBUG] 修改后的LED显示信息:
[2025-08-25 19:39:55.946] [INFO]   屏幕状态: 开
  亮度级别: 5
  数字显示: 0
  LOGO状态: 0 (0关, 1白, 2红)
  护盾状态: 0 (0关, 1白, 2绿)
  ReadyGo状态: 1 (0关, 1白, 2红)
  左转向灯: 0 (0关, 1白, 2橙)
  右转向灯: 0 (0关, 1白, 2橙)
  灯环状态: 0 (0关, 1蓝, 2红)
[2025-08-25 19:39:55.947] [DEBUG] 组包成功，数据长度: 21 字节
[2025-08-25 19:39:55.948] [DEBUG] 发送数据: A5 60 9F A5 03 0D 3B 3E 33 33 33 33 3B 33 33 33 33 33 33 3E 55
[2025-08-25 19:39:56.954] [DEBUG] 接收数据: A5 60 9F A5 83 55 33 93 7F 63 64 33 33 33 33 33 33 33 33 33 33 33 33 33 33 33 33 33 33 33 33 33 33 33 33 33 33 33 33 33 33 33 33 89 66 69 66 65 85 64 63 64 76 63 64 92 75 A7 63 65 33 33 33 33 33 37 33 38 33 33 33 3E 33 33 33 33 3B 33 33 33 33 33 33 33 33 33 33 33 33 33 33 B2 55
[2025-08-25 19:39:56.954] [DEBUG] 数据解析成功:
[2025-08-25 19:39:56.956] [INFO]   ID: 0x60
  命令: 0x83 (读)
  寄存器地址: 0x00
  寄存器数量: 0
[2025-08-25 19:39:56.957] [DEBUG] 组包成功，数据长度: 21 字节
[2025-08-25 19:39:56.957] [DEBUG] 发送数据: A5 60 9F A5 01 0D 3B 3E 33 33 33 33 3B 33 33 33 33 33 33 79 55
[2025-08-25 19:39:57.963] [DEBUG] 接收数据: A5 60 9F A5 81 0D 3B 3E 33 33 33 33 3B 33 33 33 33 33 33 4E 55
[2025-08-25 19:39:57.963] [DEBUG] 数据解析成功:
[2025-08-25 19:39:57.963] [INFO]   ID: 0x60
  命令: 0x81 (读)
  寄存器地址: 0x08
  寄存器数量: 0
[2025-08-25 19:39:57.964] [INFO] 
全局变量中的LED显示信息已更新:
[2025-08-25 19:39:57.964] [INFO]   屏幕状态: 开
  亮度级别: 5
  数字显示: 0
  LOGO状态: 0 (0关, 1白, 2红)
  护盾状态: 0 (0关, 1白, 2绿)
  ReadyGo状态: 1 (0关, 1白, 2红)
  左转向灯: 0 (0关, 1白, 2橙)
  右转向灯: 0 (0关, 1白, 2橙)
  灯环状态: 0 (0关, 1蓝, 2红)
[2025-08-25 19:39:57.965] [INFO] 结果: PASS | 用时: 2.020s
[2025-08-25 19:39:57.965] [INFO] ==== 执行用例 #29 ====
[2025-08-25 19:39:57.966] [INFO] 参数: {'screen_on': 1, 'brightness': 5, 'digital': 0, 'logo': 0, 'rim_state': 0, 'rdygo': 1, 'turn_left': 0, 'turn_right': 0, 'ring': 1} | 备注: 
[2025-08-25 19:39:57.966] [DEBUG] 修改后的LED显示信息:
[2025-08-25 19:39:57.967] [INFO]   屏幕状态: 开
  亮度级别: 5
  数字显示: 0
  LOGO状态: 0 (0关, 1白, 2红)
  护盾状态: 0 (0关, 1白, 2绿)
  ReadyGo状态: 1 (0关, 1白, 2红)
  左转向灯: 0 (0关, 1白, 2橙)
  右转向灯: 0 (0关, 1白, 2橙)
  灯环状态: 1 (0关, 1蓝, 2红)
[2025-08-25 19:39:57.967] [DEBUG] 组包成功，数据长度: 21 字节
[2025-08-25 19:39:57.967] [DEBUG] 发送数据: A5 60 9F A5 03 0D 3B 3E 33 33 33 33 3B 35 33 33 33 33 33 CF 55
[2025-08-25 19:39:58.971] [DEBUG] 接收数据: A5 60 9F A5 83 55 33 93 7F 63 64 33 33 33 33 33 33 33 33 33 33 33 33 33 33 33 33 33 33 33 33 33 33 33 33 33 33 33 33 33 33 33 33 89 66 69 66 65 85 64 63 64 76 63 64 92 75 A7 63 65 33 33 33 33 33 37 33 38 33 33 33 3E 33 33 33 33 3B 35 33 33 33 33 33 33 33 33 33 33 33 33 33 EC 55
[2025-08-25 19:39:58.971] [DEBUG] 数据解析成功:
[2025-08-25 19:39:58.972] [INFO]   ID: 0x60
  命令: 0x83 (读)
  寄存器地址: 0x00
  寄存器数量: 0
[2025-08-25 19:39:58.973] [DEBUG] 组包成功，数据长度: 21 字节
[2025-08-25 19:39:58.974] [DEBUG] 发送数据: A5 60 9F A5 01 0D 3B 3E 33 33 33 33 3B 35 33 33 33 33 33 88 55
[2025-08-25 19:39:59.980] [DEBUG] 接收数据: A5 60 9F A5 81 0D 3B 3E 33 33 33 33 3B 35 33 33 33 33 33 BF 55
[2025-08-25 19:39:59.982] [DEBUG] 数据解析成功:
[2025-08-25 19:39:59.982] [INFO]   ID: 0x60
  命令: 0x81 (读)
  寄存器地址: 0x08
  寄存器数量: 0
[2025-08-25 19:39:59.984] [INFO] 
全局变量中的LED显示信息已更新:
[2025-08-25 19:39:59.984] [INFO]   屏幕状态: 开
  亮度级别: 5
  数字显示: 0
  LOGO状态: 0 (0关, 1白, 2红)
  护盾状态: 0 (0关, 1白, 2绿)
  ReadyGo状态: 1 (0关, 1白, 2红)
  左转向灯: 0 (0关, 1白, 2橙)
  右转向灯: 0 (0关, 1白, 2橙)
  灯环状态: 1 (0关, 1蓝, 2红)
[2025-08-25 19:39:59.985] [INFO] 结果: PASS | 用时: 2.020s
[2025-08-25 19:39:59.986] [INFO] ==== 执行用例 #30 ====
[2025-08-25 19:39:59.987] [INFO] 参数: {'screen_on': 1, 'brightness': 5, 'digital': 0, 'logo': 0, 'rim_state': 0, 'rdygo': 1, 'turn_left': 0, 'turn_right': 0, 'ring': 2} | 备注: 
[2025-08-25 19:39:59.987] [DEBUG] 修改后的LED显示信息:
[2025-08-25 19:39:59.988] [INFO]   屏幕状态: 开
  亮度级别: 5
  数字显示: 0
  LOGO状态: 0 (0关, 1白, 2红)
  护盾状态: 0 (0关, 1白, 2绿)
  ReadyGo状态: 1 (0关, 1白, 2红)
  左转向灯: 0 (0关, 1白, 2橙)
  右转向灯: 0 (0关, 1白, 2橙)
  灯环状态: 2 (0关, 1蓝, 2红)
[2025-08-25 19:39:59.989] [DEBUG] 组包成功，数据长度: 21 字节
[2025-08-25 19:39:59.990] [DEBUG] 发送数据: A5 60 9F A5 03 0D 3B 3E 33 33 33 33 3B 37 33 33 33 33 33 6B 55
[2025-08-25 19:40:00.994] [DEBUG] 接收数据: A5 60 9F A5 83 55 33 93 7F 63 64 33 33 33 33 33 33 33 33 33 33 33 33 33 33 33 33 33 33 33 33 33 33 33 33 33 33 33 33 33 33 33 33 89 66 69 66 65 85 64 63 64 76 63 64 92 75 A7 63 65 33 33 33 33 33 37 33 38 33 33 33 3E 33 33 33 33 3B 37 33 33 33 33 33 33 33 33 33 33 33 33 33 2D 55
[2025-08-25 19:40:00.995] [DEBUG] 数据解析成功:
[2025-08-25 19:40:00.995] [INFO]   ID: 0x60
  命令: 0x83 (读)
  寄存器地址: 0x00
  寄存器数量: 0
[2025-08-25 19:40:00.996] [DEBUG] 组包成功，数据长度: 21 字节
[2025-08-25 19:40:00.996] [DEBUG] 发送数据: A5 60 9F A5 01 0D 3B 3E 33 33 33 33 3B 37 33 33 33 33 33 2C 55
[2025-08-25 19:40:01.999] [DEBUG] 接收数据: A5 60 9F A5 81 0D 3B 3E 33 33 33 33 3B 37 33 33 33 33 33 1B 55
[2025-08-25 19:40:02.001] [DEBUG] 数据解析成功:
[2025-08-25 19:40:02.001] [INFO]   ID: 0x60
  命令: 0x81 (读)
  寄存器地址: 0x08
  寄存器数量: 0
[2025-08-25 19:40:02.003] [INFO] 
全局变量中的LED显示信息已更新:
[2025-08-25 19:40:02.004] [INFO]   屏幕状态: 开
  亮度级别: 5
  数字显示: 0
  LOGO状态: 0 (0关, 1白, 2红)
  护盾状态: 0 (0关, 1白, 2绿)
  ReadyGo状态: 1 (0关, 1白, 2红)
  左转向灯: 0 (0关, 1白, 2橙)
  右转向灯: 0 (0关, 1白, 2橙)
  灯环状态: 2 (0关, 1蓝, 2红)
[2025-08-25 19:40:02.005] [INFO] 结果: PASS | 用时: 2.018s
[2025-08-25 19:40:02.006] [INFO] ==== 执行用例 #31 ====
[2025-08-25 19:40:02.006] [INFO] 参数: {'screen_on': 1, 'brightness': 5, 'digital': 0, 'logo': 0, 'rim_state': 0, 'rdygo': 1, 'turn_left': 0, 'turn_right': 1, 'ring': 0} | 备注: 
[2025-08-25 19:40:02.007] [DEBUG] 修改后的LED显示信息:
[2025-08-25 19:40:02.007] [INFO]   屏幕状态: 开
  亮度级别: 5
  数字显示: 0
  LOGO状态: 0 (0关, 1白, 2红)
  护盾状态: 0 (0关, 1白, 2绿)
  ReadyGo状态: 1 (0关, 1白, 2红)
  左转向灯: 0 (0关, 1白, 2橙)
  右转向灯: 1 (0关, 1白, 2橙)
  灯环状态: 0 (0关, 1蓝, 2红)
[2025-08-25 19:40:02.008] [DEBUG] 组包成功，数据长度: 21 字节
[2025-08-25 19:40:02.008] [DEBUG] 发送数据: A5 60 9F A5 03 0D 3B 3E 33 33 33 33 BB 33 33 33 33 33 33 17 55
[2025-08-25 19:40:03.013] [DEBUG] 接收数据: A5 60 9F A5 83 55 33 93 7F 63 64 33 33 33 33 33 33 33 33 33 33 33 33 33 33 33 33 33 33 33 33 33 33 33 33 33 33 33 33 33 33 33 33 89 66 69 66 65 85 64 63 64 76 63 64 92 75 A7 63 65 33 33 33 33 33 37 33 38 33 33 33 3E 33 33 33 33 BB 33 33 33 33 33 33 33 33 33 33 33 33 33 33 85 55
[2025-08-25 19:40:03.015] [DEBUG] 数据解析成功:
[2025-08-25 19:40:03.016] [INFO]   ID: 0x60
  命令: 0x83 (读)
  寄存器地址: 0x00
  寄存器数量: 0
[2025-08-25 19:40:03.018] [DEBUG] 组包成功，数据长度: 21 字节
[2025-08-25 19:40:03.018] [DEBUG] 发送数据: A5 60 9F A5 01 0D 3B 3E 33 33 33 33 BB 33 33 33 33 33 33 50 55
[2025-08-25 19:40:04.020] [DEBUG] 接收数据: A5 60 9F A5 81 0D 3B 3E 33 33 33 33 BB 33 33 33 33 33 33 67 55
[2025-08-25 19:40:04.020] [DEBUG] 数据解析成功:
[2025-08-25 19:40:04.021] [INFO]   ID: 0x60
  命令: 0x81 (读)
  寄存器地址: 0x08
  寄存器数量: 0
[2025-08-25 19:40:04.022] [INFO] 
全局变量中的LED显示信息已更新:
[2025-08-25 19:40:04.023] [INFO]   屏幕状态: 开
  亮度级别: 5
  数字显示: 0
  LOGO状态: 0 (0关, 1白, 2红)
  护盾状态: 0 (0关, 1白, 2绿)
  ReadyGo状态: 1 (0关, 1白, 2红)
  左转向灯: 0 (0关, 1白, 2橙)
  右转向灯: 1 (0关, 1白, 2橙)
  灯环状态: 0 (0关, 1蓝, 2红)
[2025-08-25 19:40:04.024] [INFO] 结果: PASS | 用时: 2.018s
[2025-08-25 19:40:04.025] [INFO] ==== 执行用例 #32 ====
[2025-08-25 19:40:04.025] [INFO] 参数: {'screen_on': 1, 'brightness': 5, 'digital': 0, 'logo': 0, 'rim_state': 0, 'rdygo': 1, 'turn_left': 0, 'turn_right': 1, 'ring': 1} | 备注: 
[2025-08-25 19:40:04.026] [DEBUG] 修改后的LED显示信息:
[2025-08-25 19:40:04.027] [INFO]   屏幕状态: 开
  亮度级别: 5
  数字显示: 0
  LOGO状态: 0 (0关, 1白, 2红)
  护盾状态: 0 (0关, 1白, 2绿)
  ReadyGo状态: 1 (0关, 1白, 2红)
  左转向灯: 0 (0关, 1白, 2橙)
  右转向灯: 1 (0关, 1白, 2橙)
  灯环状态: 1 (0关, 1蓝, 2红)
[2025-08-25 19:40:04.027] [DEBUG] 组包成功，数据长度: 21 字节
[2025-08-25 19:40:04.028] [DEBUG] 发送数据: A5 60 9F A5 03 0D 3B 3E 33 33 33 33 BB 35 33 33 33 33 33 E6 55
[2025-08-25 19:40:05.033] [DEBUG] 接收数据: A5 60 9F A5 83 55 33 93 7F 63 64 33 33 33 33 33 33 33 33 33 33 33 33 33 33 33 33 33 33 33 33 33 33 33 33 33 33 33 33 33 33 33 33 89 66 69 66 65 85 64 63 64 76 63 64 92 75 A7 63 65 33 33 33 33 33 37 33 37 33 33 33 3E 33 33 33 33 BB 35 33 33 33 33 33 33 33 33 33 33 33 33 33 9F 55
[2025-08-25 19:40:05.034] [DEBUG] 数据解析成功:
[2025-08-25 19:40:05.035] [INFO]   ID: 0x60
  命令: 0x83 (读)
  寄存器地址: 0x00
  寄存器数量: 0
[2025-08-25 19:40:05.035] [DEBUG] 组包成功，数据长度: 21 字节
[2025-08-25 19:40:05.036] [DEBUG] 发送数据: A5 60 9F A5 01 0D 3B 3E 33 33 33 33 BB 35 33 33 33 33 33 A1 55
[2025-08-25 19:40:06.041] [DEBUG] 接收数据: A5 60 9F A5 81 0D 3B 3E 33 33 33 33 BB 35 33 33 33 33 33 96 55
[2025-08-25 19:40:06.042] [DEBUG] 数据解析成功:
[2025-08-25 19:40:06.044] [INFO]   ID: 0x60
  命令: 0x81 (读)
  寄存器地址: 0x08
  寄存器数量: 0
[2025-08-25 19:40:06.044] [INFO] 
全局变量中的LED显示信息已更新:
[2025-08-25 19:40:06.046] [INFO]   屏幕状态: 开
  亮度级别: 5
  数字显示: 0
  LOGO状态: 0 (0关, 1白, 2红)
  护盾状态: 0 (0关, 1白, 2绿)
  ReadyGo状态: 1 (0关, 1白, 2红)
  左转向灯: 0 (0关, 1白, 2橙)
  右转向灯: 1 (0关, 1白, 2橙)
  灯环状态: 1 (0关, 1蓝, 2红)
[2025-08-25 19:40:06.047] [INFO] 结果: PASS | 用时: 2.022s
[2025-08-25 19:40:06.048] [INFO] ==== 执行用例 #33 ====
[2025-08-25 19:40:06.048] [INFO] 参数: {'screen_on': 1, 'brightness': 5, 'digital': 0, 'logo': 0, 'rim_state': 0, 'rdygo': 1, 'turn_left': 0, 'turn_right': 1, 'ring': 2} | 备注: 
[2025-08-25 19:40:06.049] [DEBUG] 修改后的LED显示信息:
[2025-08-25 19:40:06.050] [INFO]   屏幕状态: 开
  亮度级别: 5
  数字显示: 0
  LOGO状态: 0 (0关, 1白, 2红)
  护盾状态: 0 (0关, 1白, 2绿)
  ReadyGo状态: 1 (0关, 1白, 2红)
  左转向灯: 0 (0关, 1白, 2橙)
  右转向灯: 1 (0关, 1白, 2橙)
  灯环状态: 2 (0关, 1蓝, 2红)
[2025-08-25 19:40:06.050] [DEBUG] 组包成功，数据长度: 21 字节
[2025-08-25 19:40:06.051] [DEBUG] 发送数据: A5 60 9F A5 03 0D 3B 3E 33 33 33 33 BB 37 33 33 33 33 33 42 55
[2025-08-25 19:40:07.054] [DEBUG] 接收数据: A5 60 9F A5 83 55 33 93 7F 63 64 33 33 33 33 33 33 33 33 33 33 33 33 33 33 33 33 33 33 33 33 33 33 33 33 33 33 33 33 33 33 33 33 89 66 69 66 65 85 64 63 64 76 63 64 92 75 A7 63 65 33 33 33 33 33 37 33 37 33 33 33 3E 33 33 33 33 BB 37 33 33 33 33 33 33 33 33 33 33 33 33 33 5E 55
[2025-08-25 19:40:07.055] [DEBUG] 数据解析成功:
[2025-08-25 19:40:07.056] [INFO]   ID: 0x60
  命令: 0x83 (读)
  寄存器地址: 0x00
  寄存器数量: 0
[2025-08-25 19:40:07.057] [DEBUG] 组包成功，数据长度: 21 字节
[2025-08-25 19:40:07.057] [DEBUG] 发送数据: A5 60 9F A5 01 0D 3B 3E 33 33 33 33 BB 37 33 33 33 33 33 05 55
[2025-08-25 19:40:08.063] [DEBUG] 接收数据: A5 60 9F A5 81 0D 3B 3E 33 33 33 33 BB 37 33 33 33 33 33 32 55
[2025-08-25 19:40:08.064] [DEBUG] 数据解析成功:
[2025-08-25 19:40:08.064] [INFO]   ID: 0x60
  命令: 0x81 (读)
  寄存器地址: 0x08
  寄存器数量: 0
[2025-08-25 19:40:08.064] [INFO] 
全局变量中的LED显示信息已更新:
[2025-08-25 19:40:08.065] [INFO]   屏幕状态: 开
  亮度级别: 5
  数字显示: 0
  LOGO状态: 0 (0关, 1白, 2红)
  护盾状态: 0 (0关, 1白, 2绿)
  ReadyGo状态: 1 (0关, 1白, 2红)
  左转向灯: 0 (0关, 1白, 2橙)
  右转向灯: 1 (0关, 1白, 2橙)
  灯环状态: 2 (0关, 1蓝, 2红)
[2025-08-25 19:40:08.065] [INFO] 结果: PASS | 用时: 2.018s
[2025-08-25 19:40:08.065] [INFO] ==== 执行用例 #34 ====
[2025-08-25 19:40:08.066] [INFO] 参数: {'screen_on': 1, 'brightness': 5, 'digital': 0, 'logo': 0, 'rim_state': 0, 'rdygo': 1, 'turn_left': 0, 'turn_right': 2, 'ring': 0} | 备注: 
[2025-08-25 19:40:08.067] [DEBUG] 修改后的LED显示信息:
[2025-08-25 19:40:08.067] [INFO]   屏幕状态: 开
  亮度级别: 5
  数字显示: 0
  LOGO状态: 0 (0关, 1白, 2红)
  护盾状态: 0 (0关, 1白, 2绿)
  ReadyGo状态: 1 (0关, 1白, 2红)
  左转向灯: 0 (0关, 1白, 2橙)
  右转向灯: 2 (0关, 1白, 2橙)
  灯环状态: 0 (0关, 1蓝, 2红)
[2025-08-25 19:40:08.067] [DEBUG] 组包成功，数据长度: 21 字节
[2025-08-25 19:40:08.068] [DEBUG] 发送数据: A5 60 9F A5 03 0D 3B 3E 33 33 33 33 3B 34 33 33 33 33 33 9D 55
[2025-08-25 19:40:09.072] [DEBUG] 接收数据: A5 60 9F A5 83 55 33 93 7F 63 64 33 33 33 33 33 33 33 33 33 33 33 33 33 33 33 33 33 33 33 33 33 33 33 33 33 33 33 33 33 33 33 33 89 66 69 66 65 85 64 63 64 76 63 64 92 75 A7 63 65 33 33 33 33 33 37 33 37 33 33 33 3E 33 33 33 33 3B 34 33 33 33 33 33 33 33 33 33 33 33 33 33 C6 55
[2025-08-25 19:40:09.073] [DEBUG] 数据解析成功:
[2025-08-25 19:40:09.073] [INFO]   ID: 0x60
  命令: 0x83 (读)
  寄存器地址: 0x00
  寄存器数量: 0
[2025-08-25 19:40:09.074] [DEBUG] 组包成功，数据长度: 21 字节
[2025-08-25 19:40:09.074] [DEBUG] 发送数据: A5 60 9F A5 01 0D 3B 3E 33 33 33 33 3B 34 33 33 33 33 33 DA 55
[2025-08-25 19:40:10.076] [DEBUG] 接收数据: A5 60 9F A5 81 0D 3B 3E 33 33 33 33 3B 34 33 33 33 33 33 ED 55
[2025-08-25 19:40:10.077] [DEBUG] 数据解析成功:
[2025-08-25 19:40:10.078] [INFO]   ID: 0x60
  命令: 0x81 (读)
  寄存器地址: 0x08
  寄存器数量: 0
[2025-08-25 19:40:10.079] [INFO] 
全局变量中的LED显示信息已更新:
[2025-08-25 19:40:10.079] [INFO]   屏幕状态: 开
  亮度级别: 5
  数字显示: 0
  LOGO状态: 0 (0关, 1白, 2红)
  护盾状态: 0 (0关, 1白, 2绿)
  ReadyGo状态: 1 (0关, 1白, 2红)
  左转向灯: 0 (0关, 1白, 2橙)
  右转向灯: 2 (0关, 1白, 2橙)
  灯环状态: 0 (0关, 1蓝, 2红)
[2025-08-25 19:40:10.079] [INFO] 结果: PASS | 用时: 2.014s
[2025-08-25 19:40:10.081] [INFO] ==== 执行用例 #35 ====
[2025-08-25 19:40:10.081] [INFO] 参数: {'screen_on': 1, 'brightness': 5, 'digital': 0, 'logo': 0, 'rim_state': 0, 'rdygo': 1, 'turn_left': 0, 'turn_right': 2, 'ring': 1} | 备注: 
[2025-08-25 19:40:10.082] [DEBUG] 修改后的LED显示信息:
[2025-08-25 19:40:10.082] [INFO]   屏幕状态: 开
  亮度级别: 5
  数字显示: 0
  LOGO状态: 0 (0关, 1白, 2红)
  护盾状态: 0 (0关, 1白, 2绿)
  ReadyGo状态: 1 (0关, 1白, 2红)
  左转向灯: 0 (0关, 1白, 2橙)
  右转向灯: 2 (0关, 1白, 2橙)
  灯环状态: 1 (0关, 1蓝, 2红)
[2025-08-25 19:40:10.082] [DEBUG] 组包成功，数据长度: 21 字节
[2025-08-25 19:40:10.083] [DEBUG] 发送数据: A5 60 9F A5 03 0D 3B 3E 33 33 33 33 3B 36 33 33 33 33 33 39 55
[2025-08-25 19:40:11.088] [DEBUG] 接收数据: A5 60 9F A5 83 55 33 93 7F 63 64 33 33 33 33 33 33 33 33 33 33 33 33 33 33 33 33 33 33 33 33 33 33 33 33 33 33 33 33 33 33 33 33 89 66 69 66 65 85 64 63 64 76 63 64 92 75 A7 63 65 33 33 33 33 33 37 33 37 33 33 33 3E 33 33 33 33 3B 36 33 33 33 33 33 33 33 33 33 33 33 33 33 07 55
[2025-08-25 19:40:11.090] [DEBUG] 数据解析成功:
[2025-08-25 19:40:11.091] [INFO]   ID: 0x60
  命令: 0x83 (读)
  寄存器地址: 0x00
  寄存器数量: 0
[2025-08-25 19:40:11.092] [DEBUG] 组包成功，数据长度: 21 字节
[2025-08-25 19:40:11.092] [DEBUG] 发送数据: A5 60 9F A5 01 0D 3B 3E 33 33 33 33 3B 36 33 33 33 33 33 7E 55
[2025-08-25 19:40:12.095] [DEBUG] 接收数据: A5 60 9F A5 81 0D 3B 3E 33 33 33 33 3B 36 33 33 33 33 33 49 55
[2025-08-25 19:40:12.097] [DEBUG] 数据解析成功:
[2025-08-25 19:40:12.098] [INFO]   ID: 0x60
  命令: 0x81 (读)
  寄存器地址: 0x08
  寄存器数量: 0
[2025-08-25 19:40:12.099] [INFO] 
全局变量中的LED显示信息已更新:
[2025-08-25 19:40:12.100] [INFO]   屏幕状态: 开
  亮度级别: 5
  数字显示: 0
  LOGO状态: 0 (0关, 1白, 2红)
  护盾状态: 0 (0关, 1白, 2绿)
  ReadyGo状态: 1 (0关, 1白, 2红)
  左转向灯: 0 (0关, 1白, 2橙)
  右转向灯: 2 (0关, 1白, 2橙)
  灯环状态: 1 (0关, 1蓝, 2红)
[2025-08-25 19:40:12.101] [INFO] 结果: PASS | 用时: 2.020s
[2025-08-25 19:40:12.102] [INFO] ==== 执行用例 #36 ====
[2025-08-25 19:40:12.102] [INFO] 参数: {'screen_on': 1, 'brightness': 5, 'digital': 0, 'logo': 0, 'rim_state': 0, 'rdygo': 1, 'turn_left': 0, 'turn_right': 2, 'ring': 2} | 备注: 
[2025-08-25 19:40:12.103] [DEBUG] 修改后的LED显示信息:
[2025-08-25 19:40:12.103] [INFO]   屏幕状态: 开
  亮度级别: 5
  数字显示: 0
  LOGO状态: 0 (0关, 1白, 2红)
  护盾状态: 0 (0关, 1白, 2绿)
  ReadyGo状态: 1 (0关, 1白, 2红)
  左转向灯: 0 (0关, 1白, 2橙)
  右转向灯: 2 (0关, 1白, 2橙)
  灯环状态: 2 (0关, 1蓝, 2红)
[2025-08-25 19:40:12.104] [DEBUG] 组包成功，数据长度: 21 字节
[2025-08-25 19:40:12.104] [DEBUG] 发送数据: A5 60 9F A5 03 0D 3B 3E 33 33 33 33 3B 38 33 33 33 33 33 62 55
[2025-08-25 19:40:13.110] [DEBUG] 接收数据: A5 60 9F A5 83 55 33 93 7F 63 64 33 33 33 33 33 33 33 33 33 33 33 33 33 33 33 33 33 33 33 33 33 33 33 33 33 33 33 33 33 33 33 33 89 66 69 66 65 85 64 63 64 76 63 64 92 75 A7 63 65 33 33 33 33 33 37 33 38 33 33 33 3E 33 33 33 33 3B 38 33 33 33 33 33 33 33 33 33 33 33 33 33 23 55
[2025-08-25 19:40:13.111] [DEBUG] 数据解析成功:
[2025-08-25 19:40:13.112] [INFO]   ID: 0x60
  命令: 0x83 (读)
  寄存器地址: 0x00
  寄存器数量: 0
[2025-08-25 19:40:13.113] [DEBUG] 组包成功，数据长度: 21 字节
[2025-08-25 19:40:13.114] [DEBUG] 发送数据: A5 60 9F A5 01 0D 3B 3E 33 33 33 33 3B 38 33 33 33 33 33 25 55
[2025-08-25 19:40:14.119] [DEBUG] 接收数据: A5 60 9F A5 81 0D 3B 3E 33 33 33 33 3B 38 33 33 33 33 33 12 55
[2025-08-25 19:40:14.119] [DEBUG] 数据解析成功:
[2025-08-25 19:40:14.120] [INFO]   ID: 0x60
  命令: 0x81 (读)
  寄存器地址: 0x08
  寄存器数量: 0
[2025-08-25 19:40:14.120] [INFO] 
全局变量中的LED显示信息已更新:
[2025-08-25 19:40:14.120] [INFO]   屏幕状态: 开
  亮度级别: 5
  数字显示: 0
  LOGO状态: 0 (0关, 1白, 2红)
  护盾状态: 0 (0关, 1白, 2绿)
  ReadyGo状态: 1 (0关, 1白, 2红)
  左转向灯: 0 (0关, 1白, 2橙)
  右转向灯: 2 (0关, 1白, 2橙)
  灯环状态: 2 (0关, 1蓝, 2红)
[2025-08-25 19:40:14.121] [INFO] 结果: PASS | 用时: 2.020s
[2025-08-25 19:40:14.121] [INFO] ==== 执行用例 #37 ====
[2025-08-25 19:40:14.121] [INFO] 参数: {'screen_on': 1, 'brightness': 5, 'digital': 0, 'logo': 0, 'rim_state': 0, 'rdygo': 1, 'turn_left': 1, 'turn_right': 0, 'ring': 0} | 备注: 
[2025-08-25 19:40:14.122] [DEBUG] 修改后的LED显示信息:
[2025-08-25 19:40:14.122] [INFO]   屏幕状态: 开
  亮度级别: 5
  数字显示: 0
  LOGO状态: 0 (0关, 1白, 2红)
  护盾状态: 0 (0关, 1白, 2绿)
  ReadyGo状态: 1 (0关, 1白, 2红)
  左转向灯: 1 (0关, 1白, 2橙)
  右转向灯: 0 (0关, 1白, 2橙)
  灯环状态: 0 (0关, 1蓝, 2红)
[2025-08-25 19:40:14.122] [DEBUG] 组包成功，数据长度: 21 字节
[2025-08-25 19:40:14.122] [DEBUG] 发送数据: A5 60 9F A5 03 0D 3B 3E 33 33 33 33 5B 33 33 33 33 33 33 A9 55
[2025-08-25 19:40:15.125] [DEBUG] 接收数据: A5 60 9F A5 83 55 33 93 7F 63 64 33 33 33 33 33 33 33 33 33 33 33 33 33 33 33 33 33 33 33 33 33 33 33 33 33 33 33 33 33 33 33 33 89 66 69 66 65 85 64 63 64 76 63 64 92 75 A7 63 65 33 33 33 33 33 37 33 37 33 33 33 3E 33 33 33 33 5B 33 33 33 33 33 33 33 33 33 33 33 33 33 33 E7 55
[2025-08-25 19:40:15.126] [DEBUG] 数据解析成功:
[2025-08-25 19:40:15.126] [INFO]   ID: 0x60
  命令: 0x83 (读)
  寄存器地址: 0x00
  寄存器数量: 0
[2025-08-25 19:40:15.128] [DEBUG] 组包成功，数据长度: 21 字节
[2025-08-25 19:40:15.128] [DEBUG] 发送数据: A5 60 9F A5 01 0D 3B 3E 33 33 33 33 5B 33 33 33 33 33 33 EE 55
[2025-08-25 19:40:16.131] [DEBUG] 接收数据: A5 60 9F A5 81 0D 3B 3E 33 33 33 33 5B 33 33 33 33 33 33 D9 55
[2025-08-25 19:40:16.131] [DEBUG] 数据解析成功:
[2025-08-25 19:40:16.131] [INFO]   ID: 0x60
  命令: 0x81 (读)
  寄存器地址: 0x08
  寄存器数量: 0
[2025-08-25 19:40:16.133] [INFO] 
全局变量中的LED显示信息已更新:
[2025-08-25 19:40:16.133] [INFO]   屏幕状态: 开
  亮度级别: 5
  数字显示: 0
  LOGO状态: 0 (0关, 1白, 2红)
  护盾状态: 0 (0关, 1白, 2绿)
  ReadyGo状态: 1 (0关, 1白, 2红)
  左转向灯: 1 (0关, 1白, 2橙)
  右转向灯: 0 (0关, 1白, 2橙)
  灯环状态: 0 (0关, 1蓝, 2红)
[2025-08-25 19:40:16.135] [INFO] 结果: PASS | 用时: 2.014s
[2025-08-25 19:40:16.135] [INFO] ==== 执行用例 #38 ====
[2025-08-25 19:40:16.135] [INFO] 参数: {'screen_on': 1, 'brightness': 5, 'digital': 0, 'logo': 0, 'rim_state': 0, 'rdygo': 1, 'turn_left': 1, 'turn_right': 0, 'ring': 1} | 备注: 
[2025-08-25 19:40:16.136] [DEBUG] 修改后的LED显示信息:
[2025-08-25 19:40:16.136] [INFO]   屏幕状态: 开
  亮度级别: 5
  数字显示: 0
  LOGO状态: 0 (0关, 1白, 2红)
  护盾状态: 0 (0关, 1白, 2绿)
  ReadyGo状态: 1 (0关, 1白, 2红)
  左转向灯: 1 (0关, 1白, 2橙)
  右转向灯: 0 (0关, 1白, 2橙)
  灯环状态: 1 (0关, 1蓝, 2红)
[2025-08-25 19:40:16.136] [DEBUG] 组包成功，数据长度: 21 字节
[2025-08-25 19:40:16.136] [DEBUG] 发送数据: A5 60 9F A5 03 0D 3B 3E 33 33 33 33 5B 35 33 33 33 33 33 58 55
[2025-08-25 19:40:17.138] [DEBUG] 接收数据: A5 60 9F A5 83 55 33 93 7F 63 64 33 33 33 33 33 33 33 33 33 33 33 33 33 33 33 33 33 33 33 33 33 33 33 33 33 33 33 33 33 33 33 33 89 66 69 66 65 85 64 63 64 76 63 64 92 75 A7 63 65 33 33 33 33 33 37 33 38 33 33 33 3E 33 33 33 33 5B 35 33 33 33 33 33 33 33 33 33 33 33 33 33 FD 55
[2025-08-25 19:40:17.138] [DEBUG] 数据解析成功:
[2025-08-25 19:40:17.139] [INFO]   ID: 0x60
  命令: 0x83 (读)
  寄存器地址: 0x00
  寄存器数量: 0
[2025-08-25 19:40:17.140] [DEBUG] 组包成功，数据长度: 21 字节
[2025-08-25 19:40:17.140] [DEBUG] 发送数据: A5 60 9F A5 01 0D 3B 3E 33 33 33 33 5B 35 33 33 33 33 33 1F 55
[2025-08-25 19:40:18.142] [DEBUG] 接收数据: A5 60 9F A5 81 0D 3B 3E 33 33 33 33 5B 35 33 33 33 33 33 28 55
[2025-08-25 19:40:18.144] [DEBUG] 数据解析成功:
[2025-08-25 19:40:18.146] [INFO]   ID: 0x60
  命令: 0x81 (读)
  寄存器地址: 0x08
  寄存器数量: 0
[2025-08-25 19:40:18.146] [INFO] 
全局变量中的LED显示信息已更新:
[2025-08-25 19:40:18.147] [INFO]   屏幕状态: 开
  亮度级别: 5
  数字显示: 0
  LOGO状态: 0 (0关, 1白, 2红)
  护盾状态: 0 (0关, 1白, 2绿)
  ReadyGo状态: 1 (0关, 1白, 2红)
  左转向灯: 1 (0关, 1白, 2橙)
  右转向灯: 0 (0关, 1白, 2橙)
  灯环状态: 1 (0关, 1蓝, 2红)
[2025-08-25 19:40:18.148] [INFO] 结果: PASS | 用时: 2.013s
[2025-08-25 19:40:18.148] [INFO] ==== 执行用例 #39 ====
[2025-08-25 19:40:18.149] [INFO] 参数: {'screen_on': 1, 'brightness': 5, 'digital': 0, 'logo': 0, 'rim_state': 0, 'rdygo': 1, 'turn_left': 1, 'turn_right': 0, 'ring': 2} | 备注: 
[2025-08-25 19:40:18.150] [DEBUG] 修改后的LED显示信息:
[2025-08-25 19:40:18.150] [INFO]   屏幕状态: 开
  亮度级别: 5
  数字显示: 0
  LOGO状态: 0 (0关, 1白, 2红)
  护盾状态: 0 (0关, 1白, 2绿)
  ReadyGo状态: 1 (0关, 1白, 2红)
  左转向灯: 1 (0关, 1白, 2橙)
  右转向灯: 0 (0关, 1白, 2橙)
  灯环状态: 2 (0关, 1蓝, 2红)
[2025-08-25 19:40:18.150] [DEBUG] 组包成功，数据长度: 21 字节
[2025-08-25 19:40:18.152] [DEBUG] 发送数据: A5 60 9F A5 03 0D 3B 3E 33 33 33 33 5B 37 33 33 33 33 33 FC 55
[2025-08-25 19:40:19.156] [DEBUG] 接收数据: A5 60 9F A5 83 55 33 93 7F 63 64 33 33 33 33 33 33 33 33 33 33 33 33 33 33 33 33 33 33 33 33 33 33 33 33 33 33 33 33 33 33 33 33 89 66 69 66 65 85 64 63 64 76 63 64 92 75 A7 63 65 33 33 33 33 33 37 33 37 33 33 33 3E 33 33 33 33 5B 37 33 33 33 33 33 33 33 33 33 33 33 33 33 78 55
[2025-08-25 19:40:19.158] [DEBUG] 数据解析成功:
[2025-08-25 19:40:19.159] [INFO]   ID: 0x60
  命令: 0x83 (读)
  寄存器地址: 0x00
  寄存器数量: 0
[2025-08-25 19:40:19.160] [DEBUG] 组包成功，数据长度: 21 字节
[2025-08-25 19:40:19.160] [DEBUG] 发送数据: A5 60 9F A5 01 0D 3B 3E 33 33 33 33 5B 37 33 33 33 33 33 BB 55
[2025-08-25 19:40:20.164] [DEBUG] 接收数据: A5 60 9F A5 81 0D 3B 3E 33 33 33 33 5B 37 33 33 33 33 33 8C 55
[2025-08-25 19:40:20.168] [DEBUG] 数据解析成功:
[2025-08-25 19:40:20.169] [INFO]   ID: 0x60
  命令: 0x81 (读)
  寄存器地址: 0x08
  寄存器数量: 0
[2025-08-25 19:40:20.170] [INFO] 
全局变量中的LED显示信息已更新:
[2025-08-25 19:40:20.171] [INFO]   屏幕状态: 开
  亮度级别: 5
  数字显示: 0
  LOGO状态: 0 (0关, 1白, 2红)
  护盾状态: 0 (0关, 1白, 2绿)
  ReadyGo状态: 1 (0关, 1白, 2红)
  左转向灯: 1 (0关, 1白, 2橙)
  右转向灯: 0 (0关, 1白, 2橙)
  灯环状态: 2 (0关, 1蓝, 2红)
[2025-08-25 19:40:20.171] [INFO] 结果: PASS | 用时: 2.023s
[2025-08-25 19:40:20.172] [INFO] ==== 执行用例 #40 ====
[2025-08-25 19:40:20.173] [INFO] 参数: {'screen_on': 1, 'brightness': 5, 'digital': 0, 'logo': 0, 'rim_state': 0, 'rdygo': 1, 'turn_left': 1, 'turn_right': 1, 'ring': 0} | 备注: 
[2025-08-25 19:40:20.173] [DEBUG] 修改后的LED显示信息:
[2025-08-25 19:40:20.174] [INFO]   屏幕状态: 开
  亮度级别: 5
  数字显示: 0
  LOGO状态: 0 (0关, 1白, 2红)
  护盾状态: 0 (0关, 1白, 2绿)
  ReadyGo状态: 1 (0关, 1白, 2红)
  左转向灯: 1 (0关, 1白, 2橙)
  右转向灯: 1 (0关, 1白, 2橙)
  灯环状态: 0 (0关, 1蓝, 2红)
[2025-08-25 19:40:20.174] [DEBUG] 组包成功，数据长度: 21 字节
[2025-08-25 19:40:20.174] [DEBUG] 发送数据: A5 60 9F A5 03 0D 3B 3E 33 33 33 33 DB 33 33 33 33 33 33 80 55
[2025-08-25 19:40:21.179] [DEBUG] 接收数据: A5 60 9F A5 83 55 33 93 7F 63 64 33 33 33 33 33 33 33 33 33 33 33 33 33 33 33 33 33 33 33 33 33 33 33 33 33 33 33 33 33 33 33 33 89 66 69 66 65 85 64 63 64 76 63 64 92 75 A7 63 65 33 33 33 33 33 37 33 37 33 33 33 3E 33 33 33 33 DB 33 33 33 33 33 33 33 33 33 33 33 33 33 33 D0 55
[2025-08-25 19:40:21.187] [DEBUG] 数据解析成功:
[2025-08-25 19:40:21.188] [INFO]   ID: 0x60
  命令: 0x83 (读)
  寄存器地址: 0x00
  寄存器数量: 0
[2025-08-25 19:40:21.189] [DEBUG] 组包成功，数据长度: 21 字节
[2025-08-25 19:40:21.190] [DEBUG] 发送数据: A5 60 9F A5 01 0D 3B 3E 33 33 33 33 DB 33 33 33 33 33 33 C7 55
[2025-08-25 19:40:22.192] [DEBUG] 接收数据: A5 60 9F A5 81 0D 3B 3E 33 33 33 33 DB 33 33 33 33 33 33 F0 55
[2025-08-25 19:40:22.193] [DEBUG] 数据解析成功:
[2025-08-25 19:40:22.195] [INFO]   ID: 0x60
  命令: 0x81 (读)
  寄存器地址: 0x08
  寄存器数量: 0
[2025-08-25 19:40:22.195] [INFO] 
全局变量中的LED显示信息已更新:
[2025-08-25 19:40:22.196] [INFO]   屏幕状态: 开
  亮度级别: 5
  数字显示: 0
  LOGO状态: 0 (0关, 1白, 2红)
  护盾状态: 0 (0关, 1白, 2绿)
  ReadyGo状态: 1 (0关, 1白, 2红)
  左转向灯: 1 (0关, 1白, 2橙)
  右转向灯: 1 (0关, 1白, 2橙)
  灯环状态: 0 (0关, 1蓝, 2红)
[2025-08-25 19:40:22.197] [INFO] 结果: PASS | 用时: 2.025s
[2025-08-25 19:40:22.198] [INFO] ==== 执行用例 #41 ====
[2025-08-25 19:40:22.198] [INFO] 参数: {'screen_on': 1, 'brightness': 5, 'digital': 0, 'logo': 0, 'rim_state': 0, 'rdygo': 1, 'turn_left': 1, 'turn_right': 1, 'ring': 1} | 备注: 
[2025-08-25 19:40:22.199] [DEBUG] 修改后的LED显示信息:
[2025-08-25 19:40:22.199] [INFO]   屏幕状态: 开
  亮度级别: 5
  数字显示: 0
  LOGO状态: 0 (0关, 1白, 2红)
  护盾状态: 0 (0关, 1白, 2绿)
  ReadyGo状态: 1 (0关, 1白, 2红)
  左转向灯: 1 (0关, 1白, 2橙)
  右转向灯: 1 (0关, 1白, 2橙)
  灯环状态: 1 (0关, 1蓝, 2红)
[2025-08-25 19:40:22.200] [DEBUG] 组包成功，数据长度: 21 字节
[2025-08-25 19:40:22.201] [DEBUG] 发送数据: A5 60 9F A5 03 0D 3B 3E 33 33 33 33 DB 35 33 33 33 33 33 71 55
[2025-08-25 19:40:23.203] [DEBUG] 接收数据: A5 60 9F A5 83 55 33 93 7F 63 64 33 33 33 33 33 33 33 33 33 33 33 33 33 33 33 33 33 33 33 33 33 33 33 33 33 33 33 33 33 33 33 33 89 66 69 66 65 85 64 63 64 76 63 64 92 75 A7 63 65 33 33 33 33 33 37 33 38 33 33 33 3E 33 33 33 33 DB 35 33 33 33 33 33 33 33 33 33 33 33 33 33 CA 55
[2025-08-25 19:40:23.205] [DEBUG] 数据解析成功:
[2025-08-25 19:40:23.205] [INFO]   ID: 0x60
  命令: 0x83 (读)
  寄存器地址: 0x00
  寄存器数量: 0
[2025-08-25 19:40:23.206] [DEBUG] 组包成功，数据长度: 21 字节
[2025-08-25 19:40:23.207] [DEBUG] 发送数据: A5 60 9F A5 01 0D 3B 3E 33 33 33 33 DB 35 33 33 33 33 33 36 55
[2025-08-25 19:40:24.212] [DEBUG] 接收数据: A5 60 9F A5 81 0D 3B 3E 33 33 33 33 DB 35 33 33 33 33 33 01 55
[2025-08-25 19:40:24.213] [DEBUG] 数据解析成功:
[2025-08-25 19:40:24.214] [INFO]   ID: 0x60
  命令: 0x81 (读)
  寄存器地址: 0x08
  寄存器数量: 0
[2025-08-25 19:40:24.215] [INFO] 
全局变量中的LED显示信息已更新:
[2025-08-25 19:40:24.216] [INFO]   屏幕状态: 开
  亮度级别: 5
  数字显示: 0
  LOGO状态: 0 (0关, 1白, 2红)
  护盾状态: 0 (0关, 1白, 2绿)
  ReadyGo状态: 1 (0关, 1白, 2红)
  左转向灯: 1 (0关, 1白, 2橙)
  右转向灯: 1 (0关, 1白, 2橙)
  灯环状态: 1 (0关, 1蓝, 2红)
[2025-08-25 19:40:24.217] [INFO] 结果: PASS | 用时: 2.019s
[2025-08-25 19:40:24.217] [INFO] ==== 执行用例 #42 ====
[2025-08-25 19:40:24.218] [INFO] 参数: {'screen_on': 1, 'brightness': 5, 'digital': 0, 'logo': 0, 'rim_state': 0, 'rdygo': 1, 'turn_left': 1, 'turn_right': 1, 'ring': 2} | 备注: 
[2025-08-25 19:40:24.218] [DEBUG] 修改后的LED显示信息:
[2025-08-25 19:40:24.218] [INFO]   屏幕状态: 开
  亮度级别: 5
  数字显示: 0
  LOGO状态: 0 (0关, 1白, 2红)
  护盾状态: 0 (0关, 1白, 2绿)
  ReadyGo状态: 1 (0关, 1白, 2红)
  左转向灯: 1 (0关, 1白, 2橙)
  右转向灯: 1 (0关, 1白, 2橙)
  灯环状态: 2 (0关, 1蓝, 2红)
[2025-08-25 19:40:24.219] [DEBUG] 组包成功，数据长度: 21 字节
[2025-08-25 19:40:24.219] [DEBUG] 发送数据: A5 60 9F A5 03 0D 3B 3E 33 33 33 33 DB 37 33 33 33 33 33 D5 55
[2025-08-25 19:40:25.225] [DEBUG] 接收数据: A5 60 9F A5 83 55 33 93 7F 63 64 33 33 33 33 33 33 33 33 33 33 33 33 33 33 33 33 33 33 33 33 33 33 33 33 33 33 33 33 33 33 33 33 89 66 69 66 65 85 64 63 64 76 63 64 92 75 A7 63 65 33 33 33 33 33 37 33 38 33 33 33 3E 33 33 33 33 DB 37 33 33 33 33 33 33 33 33 33 33 33 33 33 0B 55
[2025-08-25 19:40:25.226] [DEBUG] 数据解析成功:
[2025-08-25 19:40:25.226] [INFO]   ID: 0x60
  命令: 0x83 (读)
  寄存器地址: 0x00
  寄存器数量: 0
[2025-08-25 19:40:25.226] [DEBUG] 组包成功，数据长度: 21 字节
[2025-08-25 19:40:25.227] [DEBUG] 发送数据: A5 60 9F A5 01 0D 3B 3E 33 33 33 33 DB 37 33 33 33 33 33 92 55
[2025-08-25 19:40:26.232] [DEBUG] 接收数据: A5 60 9F A5 81 0D 3B 3E 33 33 33 33 DB 37 33 33 33 33 33 A5 55
[2025-08-25 19:40:26.234] [DEBUG] 数据解析成功:
[2025-08-25 19:40:26.235] [INFO]   ID: 0x60
  命令: 0x81 (读)
  寄存器地址: 0x08
  寄存器数量: 0
[2025-08-25 19:40:26.235] [INFO] 
全局变量中的LED显示信息已更新:
[2025-08-25 19:40:26.237] [INFO]   屏幕状态: 开
  亮度级别: 5
  数字显示: 0
  LOGO状态: 0 (0关, 1白, 2红)
  护盾状态: 0 (0关, 1白, 2绿)
  ReadyGo状态: 1 (0关, 1白, 2红)
  左转向灯: 1 (0关, 1白, 2橙)
  右转向灯: 1 (0关, 1白, 2橙)
  灯环状态: 2 (0关, 1蓝, 2红)
[2025-08-25 19:40:26.237] [INFO] 结果: PASS | 用时: 2.020s
[2025-08-25 19:40:26.238] [INFO] ==== 执行用例 #43 ====
[2025-08-25 19:40:26.238] [INFO] 参数: {'screen_on': 1, 'brightness': 5, 'digital': 0, 'logo': 0, 'rim_state': 0, 'rdygo': 1, 'turn_left': 1, 'turn_right': 2, 'ring': 0} | 备注: 
[2025-08-25 19:40:26.239] [DEBUG] 修改后的LED显示信息:
[2025-08-25 19:40:26.239] [INFO]   屏幕状态: 开
  亮度级别: 5
  数字显示: 0
  LOGO状态: 0 (0关, 1白, 2红)
  护盾状态: 0 (0关, 1白, 2绿)
  ReadyGo状态: 1 (0关, 1白, 2红)
  左转向灯: 1 (0关, 1白, 2橙)
  右转向灯: 2 (0关, 1白, 2橙)
  灯环状态: 0 (0关, 1蓝, 2红)
[2025-08-25 19:40:26.240] [DEBUG] 组包成功，数据长度: 21 字节
[2025-08-25 19:40:26.240] [DEBUG] 发送数据: A5 60 9F A5 03 0D 3B 3E 33 33 33 33 5B 34 33 33 33 33 33 0A 55
[2025-08-25 19:40:27.243] [DEBUG] 接收数据: A5 60 9F A5 83 55 33 93 7F 63 64 33 33 33 33 33 33 33 33 33 33 33 33 33 33 33 33 33 33 33 33 33 33 33 33 33 33 33 33 33 33 33 33 89 66 69 66 65 85 64 63 64 76 63 64 92 75 A7 63 65 33 33 33 34 33 37 33 39 33 33 33 3E 33 33 33 33 5B 34 33 33 33 33 33 33 33 33 33 33 33 33 33 07 55
[2025-08-25 19:40:27.246] [DEBUG] 数据解析成功:
[2025-08-25 19:40:27.247] [INFO]   ID: 0x60
  命令: 0x83 (读)
  寄存器地址: 0x00
  寄存器数量: 0
[2025-08-25 19:40:27.247] [DEBUG] 组包成功，数据长度: 21 字节
[2025-08-25 19:40:27.248] [DEBUG] 发送数据: A5 60 9F A5 01 0D 3B 3E 33 33 33 33 5B 34 33 33 33 33 33 4D 55
