[2025-08-25 19:57:10.345] [INFO] 初始化 BLE 协议通信...
[2025-08-25 19:57:10.558] [INFO] 加载用例 2 条 来自: testcases.xlsx
[2025-08-25 19:57:10.559] [INFO] ==== 执行用例 #1 ====
[2025-08-25 19:57:10.559] [INFO] 参数: {'screen_on': 1, 'brightness': 7, 'digital': 1, 'logo': 1, 'rim_state': 1, 'rdygo': 1, 'turn_left': 1, 'turn_right': 1, 'ring': 1} | 备注: 最小点亮测试
[2025-08-25 19:57:10.559] [DEBUG] 修改后的LED显示信息:
[2025-08-25 19:57:10.559] [INFO]   屏幕状态: 开
  亮度级别: 7
  数字显示: 1
  LOGO状态: 1 (0关, 1白, 2红)
  护盾状态: 1 (0关, 1白, 2绿)
  ReadyGo状态: 1 (0关, 1白, 2红)
  左转向灯: 1 (0关, 1白, 2橙)
  右转向灯: 1 (0关, 1白, 2橙)
  灯环状态: 1 (0关, 1蓝, 2红)
[2025-08-25 19:57:10.566] [DEBUG] 组包成功，数据长度: 21 字节
[2025-08-25 19:57:10.566] [DEBUG] 发送数据: A5 60 9F A5 03 0D 3B 42 33 33 33 B4 DD 35 33 33 33 33 33 B6 55
[2025-08-25 19:57:11.569] [DEBUG] 接收数据: A5 60 9F A5 83 55 33 93 7F 63 64 33 33 33 33 33 33 33 33 33 33 33 33 33 33 33 33 33 33 33 33 33 33 33 33 33 33 33 33 33 33 33 33 89 66 69 66 65 85 64 63 64 76 63 64 92 75 A7 63 65 33 33 33 33 33 37 33 36 33 33 33 42 33 33 33 B4 DD 35 33 33 33 33 33 33 33 33 33 33 33 33 33 DF 55
[2025-08-25 19:57:11.571] [DEBUG] 数据解析成功:
[2025-08-25 19:57:11.572] [INFO]   ID: 0x60
  命令: 0x83 (读)
  寄存器地址: 0x00
  寄存器数量: 0
[2025-08-25 19:57:11.573] [DEBUG] 组包成功，数据长度: 21 字节
[2025-08-25 19:57:11.573] [DEBUG] 发送数据: A5 60 9F A5 01 0D 3B 42 33 33 33 B4 DD 35 33 33 33 33 33 F1 55
[2025-08-25 19:57:12.579] [DEBUG] 接收数据: A5 60 9F A5 81 0D 3B 42 33 33 33 B4 DD 35 33 33 33 33 33 C6 55
[2025-08-25 19:57:12.580] [DEBUG] 数据解析成功:
[2025-08-25 19:57:12.581] [INFO]   ID: 0x60
  命令: 0x81 (读)
  寄存器地址: 0x08
  寄存器数量: 0
[2025-08-25 19:57:12.581] [INFO] 
全局变量中的LED显示信息已更新:
[2025-08-25 19:57:12.581] [INFO]   屏幕状态: 开
  亮度级别: 7
  数字显示: 1
  LOGO状态: 1 (0关, 1白, 2红)
  护盾状态: 1 (0关, 1白, 2绿)
  ReadyGo状态: 1 (0关, 1白, 2红)
  左转向灯: 1 (0关, 1白, 2橙)
  右转向灯: 1 (0关, 1白, 2橙)
  灯环状态: 1 (0关, 1蓝, 2红)
[2025-08-25 19:57:12.582] [INFO] 结果: PASS | 用时: 2.023s
[2025-08-25 19:57:12.582] [INFO] ==== 执行用例 #2 ====
[2025-08-25 19:57:12.582] [INFO] 参数: {'screen_on': 1, 'brightness': 7, 'digital': 1, 'logo': 0, 'rim_state': 1, 'rdygo': 1, 'turn_left': 1, 'turn_right': 1, 'ring': 1} | 备注: 最小点亮测试
[2025-08-25 19:57:12.582] [DEBUG] 修改后的LED显示信息:
[2025-08-25 19:57:12.583] [INFO]   屏幕状态: 开
  亮度级别: 7
  数字显示: 1
  LOGO状态: 0 (0关, 1白, 2红)
  护盾状态: 1 (0关, 1白, 2绿)
  ReadyGo状态: 1 (0关, 1白, 2红)
  左转向灯: 1 (0关, 1白, 2橙)
  右转向灯: 1 (0关, 1白, 2橙)
  灯环状态: 1 (0关, 1蓝, 2红)
[2025-08-25 19:57:12.584] [DEBUG] 组包成功，数据长度: 21 字节
[2025-08-25 19:57:12.584] [DEBUG] 发送数据: A5 60 9F A5 03 0D 3B 42 33 33 33 34 DD 35 33 33 33 33 33 53 55
[2025-08-25 19:57:13.589] [DEBUG] 接收数据: A5 60 9F A5 83 55 33 93 7F 63 64 33 33 33 33 33 33 33 33 33 33 33 33 33 33 33 33 33 33 33 33 33 33 33 33 33 33 33 33 33 33 33 33 89 66 69 66 65 85 64 63 64 76 63 64 92 75 A7 63 65 33 33 33 33 33 37 33 38 33 33 33 42 33 33 33 34 DD 35 33 33 33 33 33 33 33 33 33 33 33 33 33 76 55
[2025-08-25 19:57:13.591] [DEBUG] 数据解析成功:
[2025-08-25 19:57:13.591] [INFO]   ID: 0x60
  命令: 0x83 (读)
  寄存器地址: 0x00
  寄存器数量: 0
[2025-08-25 19:57:13.592] [DEBUG] 组包成功，数据长度: 21 字节
[2025-08-25 19:57:13.593] [DEBUG] 发送数据: A5 60 9F A5 01 0D 3B 42 33 33 33 34 DD 35 33 33 33 33 33 14 55
[2025-08-25 19:57:14.598] [DEBUG] 接收数据: A5 60 9F A5 81 0D 3B 42 33 33 33 34 DD 35 33 33 33 33 33 23 55
[2025-08-25 19:57:14.601] [DEBUG] 数据解析成功:
[2025-08-25 19:57:14.601] [INFO]   ID: 0x60
  命令: 0x81 (读)
  寄存器地址: 0x08
  寄存器数量: 0
[2025-08-25 19:57:14.602] [INFO] 
全局变量中的LED显示信息已更新:
[2025-08-25 19:57:14.603] [INFO]   屏幕状态: 开
  亮度级别: 7
  数字显示: 1
  LOGO状态: 0 (0关, 1白, 2红)
  护盾状态: 1 (0关, 1白, 2绿)
  ReadyGo状态: 1 (0关, 1白, 2红)
  左转向灯: 1 (0关, 1白, 2橙)
  右转向灯: 1 (0关, 1白, 2橙)
  灯环状态: 1 (0关, 1蓝, 2红)
[2025-08-25 19:57:14.604] [INFO] 结果: FAIL | 用时: 2.022s
[2025-08-25 19:57:14.604] [INFO] 开始压力循环: 次数=1, 间隔=0.5s, 参数={'screen_on': 1, 'brightness': 7, 'digital': 1, 'logo': 1, 'rim_state': 1, 'rdygo': 1, 'turn_left': 1, 'turn_right': 1, 'ring': 1}
[2025-08-25 19:57:14.604] [DEBUG] 修改后的LED显示信息:
[2025-08-25 19:57:14.604] [INFO]   屏幕状态: 开
  亮度级别: 7
  数字显示: 1
  LOGO状态: 1 (0关, 1白, 2红)
  护盾状态: 1 (0关, 1白, 2绿)
  ReadyGo状态: 1 (0关, 1白, 2红)
  左转向灯: 1 (0关, 1白, 2橙)
  右转向灯: 1 (0关, 1白, 2橙)
  灯环状态: 1 (0关, 1蓝, 2红)
[2025-08-25 19:57:14.606] [DEBUG] 组包成功，数据长度: 21 字节
[2025-08-25 19:57:14.606] [DEBUG] 发送数据: A5 60 9F A5 03 0D 3B 42 33 33 33 B4 DD 35 33 33 33 33 33 B6 55
[2025-08-25 19:57:15.606] [DEBUG] 接收数据: A5 60 9F A5 83 55 33 93 7F 63 64 33 33 33 33 33 33 33 33 33 33 33 33 33 33 33 33 33 33 33 33 33 33 33 33 33 33 33 33 33 33 33 33 89 66 69 66 65 85 64 63 64 76 63 64 92 75 A7 63 65 33 33 33 33 33 37 33 36 33 33 33 42 33 33 33 B4 DD 35 33 33 33 33 33 33 33 33 33 33 33 33 33 DF 55
[2025-08-25 19:57:15.608] [DEBUG] 数据解析成功:
[2025-08-25 19:57:15.609] [INFO]   ID: 0x60
  命令: 0x83 (读)
  寄存器地址: 0x00
  寄存器数量: 0
[2025-08-25 19:57:15.610] [INFO] [循环 1/1] 发送 OK
[2025-08-25 19:57:16.113] [INFO] 已保存结果: reports\2025-08-25_19-57-10\results.csv
[2025-08-25 19:57:16.115] [INFO] 已生成报告: reports\2025-08-25_19-57-10\report.html
[2025-08-25 19:57:16.118] [DEBUG] 串口已关闭
[2025-08-25 19:57:16.118] [INFO] 程序结束
