[2025-09-01 11:11:26.609] [INFO] 初始化 BLE 协议通信...
[2025-09-01 11:11:26.798] [INFO] 加载用例 31 条 来自: testcases.xlsx
[2025-09-01 11:11:26.862] [INFO] ==== 执行用例 #2302 ====
[2025-09-01 11:11:26.862] [INFO] 参数: {'screen_on': 1, 'brightness': 1, 'digital': 0, 'logo': 0, 'rim_state': 1, 'rdygo': 1, 'turn_left': 0, 'turn_right': 2, 'ring': 0} | 备注: nan
[2025-09-01 11:11:26.885] [DEBUG] 修改后的LED显示信息:
[2025-09-01 11:11:26.893] [INFO]   屏幕状态: 开
  亮度级别: 1
  数字显示: 0
  LOGO状态: 0 (0关, 1白, 2红)
  护盾状态: 1 (0关, 1白, 2绿)
  ReadyGo状态: 1 (0关, 1白, 2红)
  左转向灯: 0 (0关, 1白, 2橙)
  右转向灯: 2 (0关, 1白, 2橙)
  灯环状态: 0 (0关, 1蓝, 2红)
[2025-09-01 11:11:26.905] [DEBUG] 组包成功，数据长度: 21 字节
[2025-09-01 11:11:26.909] [DEBUG] 发送数据: A5 60 9F A5 03 0D 3B 36 33 33 33 33 3D 34 33 33 33 33 33 BA 55
[2025-09-01 11:11:27.933] [DEBUG] 接收数据: A5 60 9F A5 83 55 33 93 7F 63 64 33 33 33 33 33 33 33 33 33 33 33 33 33 33 33 33 33 33 33 33 33 33 33 33 33 33 33 33 33 33 33 33 89 66 69 66 65 85 64 63 64 76 63 64 92 75 A7 63 65 33 33 33 33 33 37 33 38 33 33 33 36 33 33 33 33 3D 34 33 33 33 33 33 33 33 33 33 33 33 33 33 C8 55
[2025-09-01 11:11:27.976] [DEBUG] 数据解析成功:
[2025-09-01 11:11:27.985] [INFO]   ID: 0x60
  命令: 0x83 (读)
  寄存器地址: 0x00
  寄存器数量: 0
[2025-09-01 11:11:28.008] [DEBUG] 组包成功，数据长度: 21 字节
[2025-09-01 11:11:28.024] [DEBUG] 发送数据: A5 60 9F A5 01 0D 3B 36 33 33 33 33 3D 34 33 33 33 33 33 FD 55
[2025-09-01 11:11:29.054] [DEBUG] 接收数据: A5 60 9F A5 81 0D 3B 36 33 33 33 33 3D 34 33 33 33 33 33 CA 55
[2025-09-01 11:11:29.082] [DEBUG] 数据解析成功:
[2025-09-01 11:11:29.102] [INFO]   ID: 0x60
  命令: 0x81 (读)
  寄存器地址: 0x08
  寄存器数量: 0
[2025-09-01 11:11:29.123] [INFO] 
全局变量中的LED显示信息已更新:
[2025-09-01 11:11:29.138] [INFO]   屏幕状态: 开
  亮度级别: 1
  数字显示: 0
  LOGO状态: 0 (0关, 1白, 2红)
  护盾状态: 1 (0关, 1白, 2绿)
  ReadyGo状态: 1 (0关, 1白, 2红)
  左转向灯: 0 (0关, 1白, 2橙)
  右转向灯: 2 (0关, 1白, 2橙)
  灯环状态: 0 (0关, 1蓝, 2红)
[2025-09-01 11:11:29.159] [INFO] 结果: PASS | 用时: 2.297s
[2025-09-01 11:11:29.372] [INFO] ==== 执行用例 #2638 ====
[2025-09-01 11:11:29.410] [INFO] 参数: {'screen_on': 1, 'brightness': 1, 'digital': 0, 'logo': 1, 'rim_state': 2, 'rdygo': 1, 'turn_left': 2, 'turn_right': 0, 'ring': 0} | 备注: nan
[2025-09-01 11:11:29.442] [DEBUG] 修改后的LED显示信息:
[2025-09-01 11:11:29.462] [INFO]   屏幕状态: 开
  亮度级别: 1
  数字显示: 0
  LOGO状态: 1 (0关, 1白, 2红)
  护盾状态: 2 (0关, 1白, 2绿)
  ReadyGo状态: 1 (0关, 1白, 2红)
  左转向灯: 2 (0关, 1白, 2橙)
  右转向灯: 0 (0关, 1白, 2橙)
  灯环状态: 0 (0关, 1蓝, 2红)
[2025-09-01 11:11:29.474] [DEBUG] 组包成功，数据长度: 21 字节
[2025-09-01 11:11:29.490] [DEBUG] 发送数据: A5 60 9F A5 03 0D 3B 36 33 33 33 B3 7F 33 33 33 33 33 33 6F 55
[2025-09-01 11:11:30.510] [DEBUG] 接收数据: A5 60 9F A5 83 55 33 93 7F 63 64 33 33 33 33 33 33 33 33 33 33 33 33 33 33 33 33 33 33 33 33 33 33 33 33 33 33 33 33 33 33 33 33 89 66 69 66 65 85 64 63 64 76 63 64 92 75 A7 63 65 33 33 33 33 33 37 33 38 33 33 33 36 33 33 33 B3 7F 33 33 33 33 33 33 33 33 33 33 33 33 33 33 B2 55
[2025-09-01 11:11:30.553] [DEBUG] 数据解析成功:
[2025-09-01 11:11:30.560] [INFO]   ID: 0x60
  命令: 0x83 (读)
  寄存器地址: 0x00
  寄存器数量: 0
[2025-09-01 11:11:30.586] [DEBUG] 组包成功，数据长度: 21 字节
[2025-09-01 11:11:30.598] [DEBUG] 发送数据: A5 60 9F A5 01 0D 3B 36 33 33 33 B3 7F 33 33 33 33 33 33 28 55
[2025-09-01 11:11:31.625] [DEBUG] 接收数据: A5 60 9F A5 81 0D 3B 36 33 33 33 B3 7F 33 33 33 33 33 33 1F 55
[2025-09-01 11:11:31.656] [DEBUG] 数据解析成功:
[2025-09-01 11:11:31.664] [INFO]   ID: 0x60
  命令: 0x81 (读)
  寄存器地址: 0x08
  寄存器数量: 0
[2025-09-01 11:11:31.693] [INFO] 
全局变量中的LED显示信息已更新:
[2025-09-01 11:11:31.709] [INFO]   屏幕状态: 开
  亮度级别: 1
  数字显示: 0
  LOGO状态: 1 (0关, 1白, 2红)
  护盾状态: 2 (0关, 1白, 2绿)
  ReadyGo状态: 1 (0关, 1白, 2红)
  左转向灯: 2 (0关, 1白, 2橙)
  右转向灯: 0 (0关, 1白, 2橙)
  灯环状态: 0 (0关, 1蓝, 2红)
[2025-09-01 11:11:31.724] [INFO] 结果: PASS | 用时: 2.353s
[2025-09-01 11:11:31.939] [INFO] ==== 执行用例 #2677 ====
[2025-09-01 11:11:31.961] [INFO] 参数: {'screen_on': 1, 'brightness': 1, 'digital': 0, 'logo': 2, 'rim_state': 0, 'rdygo': 0, 'turn_left': 0, 'turn_right': 1, 'ring': 0} | 备注: nan
[2025-09-01 11:11:31.990] [DEBUG] 修改后的LED显示信息:
[2025-09-01 11:11:32.000] [INFO]   屏幕状态: 开
  亮度级别: 1
  数字显示: 0
  LOGO状态: 2 (0关, 1白, 2红)
  护盾状态: 0 (0关, 1白, 2绿)
  ReadyGo状态: 0 (0关, 1白, 2红)
  左转向灯: 0 (0关, 1白, 2橙)
  右转向灯: 1 (0关, 1白, 2橙)
  灯环状态: 0 (0关, 1蓝, 2红)
[2025-09-01 11:11:32.012] [DEBUG] 组包成功，数据长度: 21 字节
[2025-09-01 11:11:32.028] [DEBUG] 发送数据: A5 60 9F A5 03 0D 3B 36 33 33 33 33 B4 33 33 33 33 33 33 DE 55
[2025-09-01 11:11:33.048] [DEBUG] 接收数据: A5 60 9F A5 83 55 33 93 7F 63 64 33 33 33 33 33 33 33 33 33 33 33 33 33 33 33 33 33 33 33 33 33 33 33 33 33 33 33 33 33 33 33 33 89 66 69 66 65 85 64 63 64 76 63 64 92 75 A7 63 65 33 33 33 33 33 37 33 37 33 33 33 36 33 33 33 33 B4 33 33 33 33 33 33 33 33 33 33 33 33 33 33 A7 55
[2025-09-01 11:11:33.082] [DEBUG] 数据解析成功:
[2025-09-01 11:11:33.097] [INFO]   ID: 0x60
  命令: 0x83 (读)
  寄存器地址: 0x00
  寄存器数量: 0
[2025-09-01 11:11:33.129] [DEBUG] 组包成功，数据长度: 21 字节
[2025-09-01 11:11:33.129] [DEBUG] 发送数据: A5 60 9F A5 01 0D 3B 36 33 33 33 33 B4 33 33 33 33 33 33 99 55
[2025-09-01 11:11:34.163] [DEBUG] 接收数据: A5 60 9F A5 81 0D 3B 36 33 33 33 33 B4 33 33 33 33 33 33 AE 55
[2025-09-01 11:11:34.195] [DEBUG] 数据解析成功:
[2025-09-01 11:11:34.211] [INFO]   ID: 0x60
  命令: 0x81 (读)
  寄存器地址: 0x08
  寄存器数量: 0
[2025-09-01 11:11:34.227] [INFO] 
全局变量中的LED显示信息已更新:
[2025-09-01 11:11:34.247] [INFO]   屏幕状态: 开
  亮度级别: 1
  数字显示: 0
  LOGO状态: 2 (0关, 1白, 2红)
  护盾状态: 0 (0关, 1白, 2绿)
  ReadyGo状态: 0 (0关, 1白, 2红)
  左转向灯: 0 (0关, 1白, 2橙)
  右转向灯: 1 (0关, 1白, 2橙)
  灯环状态: 0 (0关, 1蓝, 2红)
[2025-09-01 11:11:34.263] [INFO] 结果: PASS | 用时: 2.324s
[2025-09-01 11:11:34.476] [INFO] ==== 执行用例 #3000 ====
[2025-09-01 11:11:34.485] [INFO] 参数: {'screen_on': 1, 'brightness': 1, 'digital': 50, 'logo': 0, 'rim_state': 1, 'rdygo': 0, 'turn_left': 0, 'turn_right': 0, 'ring': 2} | 备注: nan
[2025-09-01 11:11:34.516] [DEBUG] 修改后的LED显示信息:
[2025-09-01 11:11:34.532] [INFO]   屏幕状态: 开
  亮度级别: 1
  数字显示: 50
  LOGO状态: 0 (0关, 1白, 2红)
  护盾状态: 1 (0关, 1白, 2绿)
  ReadyGo状态: 0 (0关, 1白, 2红)
  左转向灯: 0 (0关, 1白, 2橙)
  右转向灯: 0 (0关, 1白, 2橙)
  灯环状态: 2 (0关, 1蓝, 2红)
[2025-09-01 11:11:34.548] [DEBUG] 组包成功，数据长度: 21 字节
[2025-09-01 11:11:34.563] [DEBUG] 发送数据: A5 60 9F A5 03 0D 3B 36 33 33 33 65 35 37 33 33 33 33 33 6A 55
[2025-09-01 11:11:34.580] [DEBUG] 接收数据超时
[2025-09-01 11:11:34.595] [DEBUG] 组包成功，数据长度: 21 字节
[2025-09-01 11:11:34.595] [DEBUG] 发送数据: A5 60 9F A5 01 0D 3B 36 33 33 33 65 35 37 33 33 33 33 33 2D 55
[2025-09-01 11:11:34.627] [DEBUG] 接收数据超时
[2025-09-01 11:11:34.627] [INFO] 结果: FAIL | 用时: 0.151s
[2025-09-01 11:11:34.643] [INFO] ==== 执行用例 #5106 ====
[2025-09-01 11:11:34.648] [INFO] 参数: {'screen_on': 1, 'brightness': 2, 'digital': 50, 'logo': 0, 'rim_state': 0, 'rdygo': 0, 'turn_left': 0, 'turn_right': 0, 'ring': 2} | 备注: nan
[2025-09-01 11:11:34.679] [DEBUG] 修改后的LED显示信息:
[2025-09-01 11:11:34.691] [INFO]   屏幕状态: 开
  亮度级别: 2
  数字显示: 50
  LOGO状态: 0 (0关, 1白, 2红)
  护盾状态: 0 (0关, 1白, 2绿)
  ReadyGo状态: 0 (0关, 1白, 2红)
  左转向灯: 0 (0关, 1白, 2橙)
  右转向灯: 0 (0关, 1白, 2橙)
  灯环状态: 2 (0关, 1蓝, 2红)
[2025-09-01 11:11:34.707] [DEBUG] 组包成功，数据长度: 21 字节
[2025-09-01 11:11:34.707] [DEBUG] 发送数据: A5 60 9F A5 03 0D 3B 38 33 33 33 65 33 37 33 33 33 33 33 FC 55
[2025-09-01 11:11:34.739] [DEBUG] 接收数据超时
[2025-09-01 11:11:34.755] [DEBUG] 组包成功，数据长度: 21 字节
[2025-09-01 11:11:34.755] [DEBUG] 发送数据: A5 60 9F A5 01 0D 3B 38 33 33 33 65 33 37 33 33 33 33 33 BB 55
[2025-09-01 11:11:34.770] [DEBUG] 接收数据超时
[2025-09-01 11:11:34.786] [INFO] 结果: FAIL | 用时: 0.143s
[2025-09-01 11:11:34.802] [INFO] ==== 执行用例 #6739 ====
[2025-09-01 11:11:34.802] [INFO] 参数: {'screen_on': 1, 'brightness': 3, 'digital': 0, 'logo': 0, 'rim_state': 2, 'rdygo': 0, 'turn_left': 1, 'turn_right': 2, 'ring': 0} | 备注: nan
[2025-09-01 11:11:34.834] [DEBUG] 修改后的LED显示信息:
[2025-09-01 11:11:34.850] [INFO]   屏幕状态: 开
  亮度级别: 3
  数字显示: 0
  LOGO状态: 0 (0关, 1白, 2红)
  护盾状态: 2 (0关, 1白, 2绿)
  ReadyGo状态: 0 (0关, 1白, 2红)
  左转向灯: 1 (0关, 1白, 2橙)
  右转向灯: 2 (0关, 1白, 2橙)
  灯环状态: 0 (0关, 1蓝, 2红)
[2025-09-01 11:11:34.866] [DEBUG] 组包成功，数据长度: 21 字节
[2025-09-01 11:11:34.883] [DEBUG] 发送数据: A5 60 9F A5 03 0D 3B 3A 33 33 33 33 57 34 33 33 33 33 33 E2 55
[2025-09-01 11:11:34.897] [DEBUG] 接收数据超时
[2025-09-01 11:11:34.913] [DEBUG] 组包成功，数据长度: 21 字节
[2025-09-01 11:11:34.913] [DEBUG] 发送数据: A5 60 9F A5 01 0D 3B 3A 33 33 33 33 57 34 33 33 33 33 33 A5 55
[2025-09-01 11:11:34.948] [DEBUG] 接收数据超时
[2025-09-01 11:11:34.948] [INFO] 结果: FAIL | 用时: 0.145s
[2025-09-01 11:11:34.961] [INFO] ==== 执行用例 #6924 ====
[2025-09-01 11:11:34.961] [INFO] 参数: {'screen_on': 1, 'brightness': 3, 'digital': 0, 'logo': 1, 'rim_state': 1, 'rdygo': 1, 'turn_left': 1, 'turn_right': 0, 'ring': 2} | 备注: nan
[2025-09-01 11:11:34.992] [DEBUG] 修改后的LED显示信息:
[2025-09-01 11:11:35.008] [INFO]   屏幕状态: 开
  亮度级别: 3
  数字显示: 0
  LOGO状态: 1 (0关, 1白, 2红)
  护盾状态: 1 (0关, 1白, 2绿)
  ReadyGo状态: 1 (0关, 1白, 2红)
  左转向灯: 1 (0关, 1白, 2橙)
  右转向灯: 0 (0关, 1白, 2橙)
  灯环状态: 2 (0关, 1蓝, 2红)
[2025-09-01 11:11:35.024] [DEBUG] 组包成功，数据长度: 21 字节
[2025-09-01 11:11:35.040] [DEBUG] 发送数据: A5 60 9F A5 03 0D 3B 3A 33 33 33 B3 5D 37 33 33 33 33 33 5C 55
[2025-09-01 11:11:35.057] [DEBUG] 接收数据超时
[2025-09-01 11:11:35.072] [DEBUG] 组包成功，数据长度: 21 字节
[2025-09-01 11:11:35.088] [DEBUG] 发送数据: A5 60 9F A5 01 0D 3B 3A 33 33 33 B3 5D 37 33 33 33 33 33 1B 55
[2025-09-01 11:11:35.104] [DEBUG] 接收数据超时
[2025-09-01 11:11:35.120] [INFO] 结果: FAIL | 用时: 0.159s
[2025-09-01 11:11:35.120] [INFO] ==== 执行用例 #7347 ====
[2025-09-01 11:11:35.136] [INFO] 参数: {'screen_on': 1, 'brightness': 3, 'digital': 50, 'logo': 0, 'rim_state': 0, 'rdygo': 2, 'turn_left': 0, 'turn_right': 0, 'ring': 2} | 备注: nan
[2025-09-01 11:11:35.167] [DEBUG] 修改后的LED显示信息:
[2025-09-01 11:11:35.183] [INFO]   屏幕状态: 开
  亮度级别: 3
  数字显示: 50
  LOGO状态: 0 (0关, 1白, 2红)
  护盾状态: 0 (0关, 1白, 2绿)
  ReadyGo状态: 2 (0关, 1白, 2红)
  左转向灯: 0 (0关, 1白, 2橙)
  右转向灯: 0 (0关, 1白, 2橙)
  灯环状态: 2 (0关, 1蓝, 2红)
[2025-09-01 11:11:35.199] [DEBUG] 组包成功，数据长度: 21 字节
[2025-09-01 11:11:35.215] [DEBUG] 发送数据: A5 60 9F A5 03 0D 3B 3A 33 33 33 65 43 37 33 33 33 33 33 4C 55
[2025-09-01 11:11:35.231] [DEBUG] 接收数据超时
[2025-09-01 11:11:35.248] [DEBUG] 组包成功，数据长度: 21 字节
[2025-09-01 11:11:35.263] [DEBUG] 发送数据: A5 60 9F A5 01 0D 3B 3A 33 33 33 65 43 37 33 33 33 33 33 0B 55
[2025-09-01 11:11:35.279] [DEBUG] 接收数据超时
[2025-09-01 11:11:35.279] [INFO] 结果: FAIL | 用时: 0.159s
[2025-09-01 11:11:35.294] [INFO] ==== 执行用例 #7548 ====
[2025-09-01 11:11:35.310] [INFO] 参数: {'screen_on': 1, 'brightness': 3, 'digital': 50, 'logo': 1, 'rim_state': 0, 'rdygo': 0, 'turn_left': 1, 'turn_right': 1, 'ring': 2} | 备注: nan
[2025-09-01 11:11:35.342] [DEBUG] 修改后的LED显示信息:
[2025-09-01 11:11:35.348] [INFO]   屏幕状态: 开
  亮度级别: 3
  数字显示: 50
  LOGO状态: 1 (0关, 1白, 2红)
  护盾状态: 0 (0关, 1白, 2绿)
  ReadyGo状态: 0 (0关, 1白, 2红)
  左转向灯: 1 (0关, 1白, 2橙)
  右转向灯: 1 (0关, 1白, 2橙)
  灯环状态: 2 (0关, 1蓝, 2红)
[2025-09-01 11:11:35.374] [DEBUG] 组包成功，数据长度: 21 字节
[2025-09-01 11:11:35.374] [DEBUG] 发送数据: A5 60 9F A5 03 0D 3B 3A 33 33 33 E5 D3 37 33 33 33 33 33 C8 55
[2025-09-01 11:11:35.406] [DEBUG] 接收数据超时
[2025-09-01 11:11:35.406] [DEBUG] 组包成功，数据长度: 21 字节
[2025-09-01 11:11:35.422] [DEBUG] 发送数据: A5 60 9F A5 01 0D 3B 3A 33 33 33 E5 D3 37 33 33 33 33 33 8F 55
[2025-09-01 11:11:35.438] [DEBUG] 接收数据超时
[2025-09-01 11:11:35.453] [INFO] 结果: FAIL | 用时: 0.159s
[2025-09-01 11:11:35.453] [INFO] ==== 执行用例 #7975 ====
[2025-09-01 11:11:35.469] [INFO] 参数: {'screen_on': 1, 'brightness': 3, 'digital': 50, 'logo': 2, 'rim_state': 2, 'rdygo': 1, 'turn_left': 1, 'turn_right': 0, 'ring': 0} | 备注: nan
[2025-09-01 11:11:35.501] [DEBUG] 修改后的LED显示信息:
[2025-09-01 11:11:35.517] [INFO]   屏幕状态: 开
  亮度级别: 3
  数字显示: 50
  LOGO状态: 2 (0关, 1白, 2红)
  护盾状态: 2 (0关, 1白, 2绿)
  ReadyGo状态: 1 (0关, 1白, 2红)
  左转向灯: 1 (0关, 1白, 2橙)
  右转向灯: 0 (0关, 1白, 2橙)
  灯环状态: 0 (0关, 1蓝, 2红)
[2025-09-01 11:11:35.533] [DEBUG] 组包成功，数据长度: 21 字节
[2025-09-01 11:11:35.533] [DEBUG] 发送数据: A5 60 9F A5 03 0D 3B 3A 33 33 33 65 60 33 33 33 33 33 33 D7 55
[2025-09-01 11:11:35.564] [DEBUG] 接收数据超时
[2025-09-01 11:11:35.564] [DEBUG] 组包成功，数据长度: 21 字节
[2025-09-01 11:11:35.580] [DEBUG] 发送数据: A5 60 9F A5 01 0D 3B 3A 33 33 33 65 60 33 33 33 33 33 33 90 55
[2025-09-01 11:11:35.596] [DEBUG] 接收数据超时
[2025-09-01 11:11:35.613] [INFO] 结果: FAIL | 用时: 0.159s
[2025-09-01 11:11:35.613] [INFO] ==== 执行用例 #8146 ====
[2025-09-01 11:11:35.628] [INFO] 参数: {'screen_on': 1, 'brightness': 3, 'digital': 100, 'logo': 0, 'rim_state': 1, 'rdygo': 1, 'turn_left': 2, 'turn_right': 0, 'ring': 0} | 备注: nan
[2025-09-01 11:11:35.660] [DEBUG] 修改后的LED显示信息:
[2025-09-01 11:11:35.678] [INFO]   屏幕状态: 开
  亮度级别: 3
  数字显示: 100
  LOGO状态: 0 (0关, 1白, 2红)
  护盾状态: 1 (0关, 1白, 2绿)
  ReadyGo状态: 1 (0关, 1白, 2红)
  左转向灯: 2 (0关, 1白, 2橙)
  右转向灯: 0 (0关, 1白, 2橙)
  灯环状态: 0 (0关, 1蓝, 2红)
[2025-09-01 11:11:35.696] [DEBUG] 组包成功，数据长度: 21 字节
[2025-09-01 11:11:35.707] [DEBUG] 发送数据: A5 60 9F A5 03 0D 3B 3A 33 33 33 97 7D 33 33 33 33 33 33 04 55
[2025-09-01 11:11:35.723] [DEBUG] 接收数据超时
[2025-09-01 11:11:35.741] [DEBUG] 组包成功，数据长度: 21 字节
[2025-09-01 11:11:35.749] [DEBUG] 发送数据: A5 60 9F A5 01 0D 3B 3A 33 33 33 97 7D 33 33 33 33 33 33 43 55
[2025-09-01 11:11:35.770] [DEBUG] 接收数据超时
[2025-09-01 11:11:35.770] [INFO] 结果: FAIL | 用时: 0.158s
[2025-09-01 11:11:35.786] [INFO] ==== 执行用例 #9520 ====
[2025-09-01 11:11:35.786] [INFO] 参数: {'screen_on': 1, 'brightness': 4, 'digital': 50, 'logo': 0, 'rim_state': 0, 'rdygo': 1, 'turn_left': 1, 'turn_right': 2, 'ring': 0} | 备注: nan
[2025-09-01 11:11:35.818] [DEBUG] 修改后的LED显示信息:
[2025-09-01 11:11:35.834] [INFO]   屏幕状态: 开
  亮度级别: 4
  数字显示: 50
  LOGO状态: 0 (0关, 1白, 2红)
  护盾状态: 0 (0关, 1白, 2绿)
  ReadyGo状态: 1 (0关, 1白, 2红)
  左转向灯: 1 (0关, 1白, 2橙)
  右转向灯: 2 (0关, 1白, 2橙)
  灯环状态: 0 (0关, 1蓝, 2红)
[2025-09-01 11:11:35.850] [DEBUG] 组包成功，数据长度: 21 字节
[2025-09-01 11:11:35.866] [DEBUG] 发送数据: A5 60 9F A5 03 0D 3B 3C 33 33 33 65 5B 34 33 33 33 33 33 67 55
[2025-09-01 11:11:35.882] [DEBUG] 接收数据超时
[2025-09-01 11:11:35.897] [DEBUG] 组包成功，数据长度: 21 字节
[2025-09-01 11:11:35.913] [DEBUG] 发送数据: A5 60 9F A5 01 0D 3B 3C 33 33 33 65 5B 34 33 33 33 33 33 20 55
[2025-09-01 11:11:35.929] [DEBUG] 接收数据超时
[2025-09-01 11:11:35.945] [INFO] 结果: FAIL | 用时: 0.159s
[2025-09-01 11:11:35.949] [INFO] ==== 执行用例 #9922 ====
[2025-09-01 11:11:35.961] [INFO] 参数: {'screen_on': 1, 'brightness': 4, 'digital': 50, 'logo': 1, 'rim_state': 2, 'rdygo': 1, 'turn_left': 1, 'turn_right': 1, 'ring': 0} | 备注: nan
[2025-09-01 11:11:35.993] [DEBUG] 修改后的LED显示信息:
[2025-09-01 11:11:35.993] [INFO]   屏幕状态: 开
  亮度级别: 4
  数字显示: 50
  LOGO状态: 1 (0关, 1白, 2红)
  护盾状态: 2 (0关, 1白, 2绿)
  ReadyGo状态: 1 (0关, 1白, 2红)
  左转向灯: 1 (0关, 1白, 2橙)
  右转向灯: 1 (0关, 1白, 2橙)
  灯环状态: 0 (0关, 1蓝, 2红)
[2025-09-01 11:11:36.024] [DEBUG] 组包成功，数据长度: 21 字节
[2025-09-01 11:11:36.024] [DEBUG] 发送数据: A5 60 9F A5 03 0D 3B 3C 33 33 33 E5 DF 33 33 33 33 33 33 1A 55
[2025-09-01 11:11:36.057] [DEBUG] 接收数据超时
[2025-09-01 11:11:36.057] [DEBUG] 组包成功，数据长度: 21 字节
[2025-09-01 11:11:36.073] [DEBUG] 发送数据: A5 60 9F A5 01 0D 3B 3C 33 33 33 E5 DF 33 33 33 33 33 33 5D 55
[2025-09-01 11:11:36.089] [DEBUG] 接收数据超时
[2025-09-01 11:11:36.104] [INFO] 结果: FAIL | 用时: 0.156s
[2025-09-01 11:11:36.120] [INFO] ==== 执行用例 #10023 ====
[2025-09-01 11:11:36.120] [INFO] 参数: {'screen_on': 1, 'brightness': 4, 'digital': 50, 'logo': 2, 'rim_state': 0, 'rdygo': 2, 'turn_left': 0, 'turn_right': 1, 'ring': 2} | 备注: nan
[2025-09-01 11:11:36.152] [DEBUG] 修改后的LED显示信息:
[2025-09-01 11:11:36.168] [INFO]   屏幕状态: 开
  亮度级别: 4
  数字显示: 50
  LOGO状态: 2 (0关, 1白, 2红)
  护盾状态: 0 (0关, 1白, 2绿)
  ReadyGo状态: 2 (0关, 1白, 2红)
  左转向灯: 0 (0关, 1白, 2橙)
  右转向灯: 1 (0关, 1白, 2橙)
  灯环状态: 2 (0关, 1蓝, 2红)
[2025-09-01 11:11:36.184] [DEBUG] 组包成功，数据长度: 21 字节
[2025-09-01 11:11:36.200] [DEBUG] 发送数据: A5 60 9F A5 03 0D 3B 3C 33 33 33 65 C4 37 33 33 33 33 33 85 55
[2025-09-01 11:11:36.216] [DEBUG] 接收数据超时
[2025-09-01 11:11:36.232] [DEBUG] 组包成功，数据长度: 21 字节
[2025-09-01 11:11:36.249] [DEBUG] 发送数据: A5 60 9F A5 01 0D 3B 3C 33 33 33 65 C4 37 33 33 33 33 33 C2 55
[2025-09-01 11:11:36.264] [DEBUG] 接收数据超时
[2025-09-01 11:11:36.280] [INFO] 结果: FAIL | 用时: 0.159s
[2025-09-01 11:11:36.280] [INFO] ==== 执行用例 #10068 ====
[2025-09-01 11:11:36.295] [INFO] 参数: {'screen_on': 1, 'brightness': 4, 'digital': 50, 'logo': 2, 'rim_state': 1, 'rdygo': 0, 'turn_left': 2, 'turn_right': 1, 'ring': 2} | 备注: nan
[2025-09-01 11:11:36.327] [DEBUG] 修改后的LED显示信息:
[2025-09-01 11:11:36.327] [INFO]   屏幕状态: 开
  亮度级别: 4
  数字显示: 50
  LOGO状态: 2 (0关, 1白, 2红)
  护盾状态: 1 (0关, 1白, 2绿)
  ReadyGo状态: 0 (0关, 1白, 2红)
  左转向灯: 2 (0关, 1白, 2橙)
  右转向灯: 1 (0关, 1白, 2橙)
  灯环状态: 2 (0关, 1蓝, 2红)
[2025-09-01 11:11:36.359] [DEBUG] 组包成功，数据长度: 21 字节
[2025-09-01 11:11:36.359] [DEBUG] 发送数据: A5 60 9F A5 03 0D 3B 3C 33 33 33 65 F6 37 33 33 33 33 33 C9 55
[2025-09-01 11:11:36.391] [DEBUG] 接收数据超时
[2025-09-01 11:11:36.391] [DEBUG] 组包成功，数据长度: 21 字节
[2025-09-01 11:11:36.406] [DEBUG] 发送数据: A5 60 9F A5 01 0D 3B 3C 33 33 33 65 F6 37 33 33 33 33 33 8E 55
[2025-09-01 11:11:36.438] [DEBUG] 接收数据超时
[2025-09-01 11:11:36.438] [INFO] 结果: FAIL | 用时: 0.159s
[2025-09-01 11:11:36.454] [INFO] ==== 执行用例 #10282 ====
[2025-09-01 11:11:36.454] [INFO] 参数: {'screen_on': 1, 'brightness': 4, 'digital': 100, 'logo': 0, 'rim_state': 0, 'rdygo': 2, 'turn_left': 2, 'turn_right': 1, 'ring': 0} | 备注: nan
[2025-09-01 11:11:36.486] [DEBUG] 修改后的LED显示信息:
[2025-09-01 11:11:36.502] [INFO]   屏幕状态: 开
  亮度级别: 4
  数字显示: 100
  LOGO状态: 0 (0关, 1白, 2红)
  护盾状态: 0 (0关, 1白, 2绿)
  ReadyGo状态: 2 (0关, 1白, 2红)
  左转向灯: 2 (0关, 1白, 2橙)
  右转向灯: 1 (0关, 1白, 2橙)
  灯环状态: 0 (0关, 1蓝, 2红)
[2025-09-01 11:11:36.518] [DEBUG] 组包成功，数据长度: 21 字节
[2025-09-01 11:11:36.534] [DEBUG] 发送数据: A5 60 9F A5 03 0D 3B 3C 33 33 33 97 03 33 33 33 33 33 33 D5 55
[2025-09-01 11:11:36.549] [DEBUG] 接收数据超时
[2025-09-01 11:11:36.564] [DEBUG] 组包成功，数据长度: 21 字节
[2025-09-01 11:11:36.580] [DEBUG] 发送数据: A5 60 9F A5 01 0D 3B 3C 33 33 33 97 03 33 33 33 33 33 33 92 55
[2025-09-01 11:11:36.596] [DEBUG] 接收数据超时
[2025-09-01 11:11:36.613] [INFO] 结果: FAIL | 用时: 0.159s
[2025-09-01 11:11:36.613] [INFO] ==== 执行用例 #10509 ====
[2025-09-01 11:11:36.628] [INFO] 参数: {'screen_on': 1, 'brightness': 4, 'digital': 100, 'logo': 1, 'rim_state': 0, 'rdygo': 2, 'turn_left': 0, 'turn_right': 1, 'ring': 2} | 备注: nan
[2025-09-01 11:11:36.660] [DEBUG] 修改后的LED显示信息:
[2025-09-01 11:11:36.676] [INFO]   屏幕状态: 开
  亮度级别: 4
  数字显示: 100
  LOGO状态: 1 (0关, 1白, 2红)
  护盾状态: 0 (0关, 1白, 2绿)
  ReadyGo状态: 2 (0关, 1白, 2红)
  左转向灯: 0 (0关, 1白, 2橙)
  右转向灯: 1 (0关, 1白, 2橙)
  灯环状态: 2 (0关, 1蓝, 2红)
[2025-09-01 11:11:36.692] [DEBUG] 组包成功，数据长度: 21 字节
[2025-09-01 11:11:36.692] [DEBUG] 发送数据: A5 60 9F A5 03 0D 3B 3C 33 33 33 17 C3 37 33 33 33 33 33 56 55
[2025-09-01 11:11:36.724] [DEBUG] 接收数据超时
[2025-09-01 11:11:36.724] [DEBUG] 组包成功，数据长度: 21 字节
[2025-09-01 11:11:36.749] [DEBUG] 发送数据: A5 60 9F A5 01 0D 3B 3C 33 33 33 17 C3 37 33 33 33 33 33 11 55
[2025-09-01 11:11:36.771] [DEBUG] 接收数据超时
[2025-09-01 11:11:36.771] [INFO] 结果: FAIL | 用时: 0.158s
[2025-09-01 11:11:36.787] [INFO] ==== 执行用例 #11108 ====
[2025-09-01 11:11:36.787] [INFO] 参数: {'screen_on': 1, 'brightness': 5, 'digital': 0, 'logo': 0, 'rim_state': 2, 'rdygo': 0, 'turn_left': 1, 'turn_right': 0, 'ring': 1} | 备注: nan
[2025-09-01 11:11:36.819] [DEBUG] 修改后的LED显示信息:
[2025-09-01 11:11:36.835] [INFO]   屏幕状态: 开
  亮度级别: 5
  数字显示: 0
  LOGO状态: 0 (0关, 1白, 2红)
  护盾状态: 2 (0关, 1白, 2绿)
  ReadyGo状态: 0 (0关, 1白, 2红)
  左转向灯: 1 (0关, 1白, 2橙)
  右转向灯: 0 (0关, 1白, 2橙)
  灯环状态: 1 (0关, 1蓝, 2红)
[2025-09-01 11:11:36.850] [DEBUG] 组包成功，数据长度: 21 字节
[2025-09-01 11:11:36.866] [DEBUG] 发送数据: A5 60 9F A5 03 0D 3B 3E 33 33 33 33 57 35 33 33 33 33 33 6E 55
[2025-09-01 11:11:36.882] [DEBUG] 接收数据超时
[2025-09-01 11:11:36.902] [DEBUG] 组包成功，数据长度: 21 字节
[2025-09-01 11:11:36.914] [DEBUG] 发送数据: A5 60 9F A5 01 0D 3B 3E 33 33 33 33 57 35 33 33 33 33 33 29 55
[2025-09-01 11:11:36.930] [DEBUG] 接收数据超时
[2025-09-01 11:11:36.946] [INFO] 结果: FAIL | 用时: 0.159s
[2025-09-01 11:11:36.949] [INFO] ==== 执行用例 #11309 ====
[2025-09-01 11:11:36.961] [INFO] 参数: {'screen_on': 1, 'brightness': 5, 'digital': 0, 'logo': 1, 'rim_state': 1, 'rdygo': 1, 'turn_left': 2, 'turn_right': 1, 'ring': 1} | 备注: nan
[2025-09-01 11:11:36.993] [DEBUG] 修改后的LED显示信息:
[2025-09-01 11:11:37.009] [INFO]   屏幕状态: 开
  亮度级别: 5
  数字显示: 0
  LOGO状态: 1 (0关, 1白, 2红)
  护盾状态: 1 (0关, 1白, 2绿)
  ReadyGo状态: 1 (0关, 1白, 2红)
  左转向灯: 2 (0关, 1白, 2橙)
  右转向灯: 1 (0关, 1白, 2橙)
  灯环状态: 1 (0关, 1蓝, 2红)
[2025-09-01 11:11:37.025] [DEBUG] 组包成功，数据长度: 21 字节
[2025-09-01 11:11:37.041] [DEBUG] 发送数据: A5 60 9F A5 03 0D 3B 3E 33 33 33 B3 FD 35 33 33 33 33 33 82 55
[2025-09-01 11:11:37.057] [DEBUG] 接收数据超时
[2025-09-01 11:11:37.073] [DEBUG] 组包成功，数据长度: 21 字节
[2025-09-01 11:11:37.073] [DEBUG] 发送数据: A5 60 9F A5 01 0D 3B 3E 33 33 33 B3 FD 35 33 33 33 33 33 C5 55
[2025-09-01 11:11:37.104] [DEBUG] 接收数据超时
[2025-09-01 11:11:37.104] [INFO] 结果: FAIL | 用时: 0.155s
[2025-09-01 11:11:37.120] [INFO] ==== 执行用例 #11460 ====
[2025-09-01 11:11:37.120] [INFO] 参数: {'screen_on': 1, 'brightness': 5, 'digital': 0, 'logo': 2, 'rim_state': 0, 'rdygo': 1, 'turn_left': 1, 'turn_right': 0, 'ring': 2} | 备注: nan
[2025-09-01 11:11:37.152] [DEBUG] 修改后的LED显示信息:
[2025-09-01 11:11:37.168] [INFO]   屏幕状态: 开
  亮度级别: 5
  数字显示: 0
  LOGO状态: 2 (0关, 1白, 2红)
  护盾状态: 0 (0关, 1白, 2绿)
  ReadyGo状态: 1 (0关, 1白, 2红)
  左转向灯: 1 (0关, 1白, 2橙)
  右转向灯: 0 (0关, 1白, 2橙)
  灯环状态: 2 (0关, 1蓝, 2红)
[2025-09-01 11:11:37.200] [DEBUG] 组包成功，数据长度: 21 字节
[2025-09-01 11:11:37.200] [DEBUG] 发送数据: A5 60 9F A5 03 0D 3B 3E 33 33 33 33 5C 37 33 33 33 33 33 AD 55
[2025-09-01 11:11:37.232] [DEBUG] 接收数据超时
[2025-09-01 11:11:37.232] [DEBUG] 组包成功，数据长度: 21 字节
[2025-09-01 11:11:37.252] [DEBUG] 发送数据: A5 60 9F A5 01 0D 3B 3E 33 33 33 33 5C 37 33 33 33 33 33 EA 55
[2025-09-01 11:11:37.263] [DEBUG] 接收数据超时
[2025-09-01 11:11:37.279] [INFO] 结果: FAIL | 用时: 0.159s
[2025-09-01 11:11:37.295] [INFO] ==== 执行用例 #12960 ====
[2025-09-01 11:11:37.295] [INFO] 参数: {'screen_on': 1, 'brightness': 5, 'digital': 100, 'logo': 2, 'rim_state': 0, 'rdygo': 2, 'turn_left': 2, 'turn_right': 2, 'ring': 2} | 备注: nan
[2025-09-01 11:11:37.327] [DEBUG] 修改后的LED显示信息:
[2025-09-01 11:11:37.350] [INFO]   屏幕状态: 开
  亮度级别: 5
  数字显示: 100
  LOGO状态: 2 (0关, 1白, 2红)
  护盾状态: 0 (0关, 1白, 2绿)
  ReadyGo状态: 2 (0关, 1白, 2红)
  左转向灯: 2 (0关, 1白, 2橙)
  右转向灯: 2 (0关, 1白, 2橙)
  灯环状态: 2 (0关, 1蓝, 2红)
[2025-09-01 11:11:37.359] [DEBUG] 组包成功，数据长度: 21 字节
[2025-09-01 11:11:37.375] [DEBUG] 发送数据: A5 60 9F A5 03 0D 3B 3E 33 33 33 97 84 38 33 33 33 33 33 9E 55
[2025-09-01 11:11:37.391] [DEBUG] 接收数据超时
[2025-09-01 11:11:37.407] [DEBUG] 组包成功，数据长度: 21 字节
[2025-09-01 11:11:37.423] [DEBUG] 发送数据: A5 60 9F A5 01 0D 3B 3E 33 33 33 97 84 38 33 33 33 33 33 D9 55
[2025-09-01 11:11:37.439] [DEBUG] 接收数据超时
[2025-09-01 11:11:37.455] [INFO] 结果: FAIL | 用时: 0.159s
[2025-09-01 11:11:37.455] [INFO] ==== 执行用例 #13191 ====
[2025-09-01 11:11:37.471] [INFO] 参数: {'screen_on': 1, 'brightness': 6, 'digital': 0, 'logo': 0, 'rim_state': 0, 'rdygo': 2, 'turn_left': 1, 'turn_right': 1, 'ring': 2} | 备注: nan
[2025-09-01 11:11:37.502] [DEBUG] 修改后的LED显示信息:
[2025-09-01 11:11:37.518] [INFO]   屏幕状态: 开
  亮度级别: 6
  数字显示: 0
  LOGO状态: 0 (0关, 1白, 2红)
  护盾状态: 0 (0关, 1白, 2绿)
  ReadyGo状态: 2 (0关, 1白, 2红)
  左转向灯: 1 (0关, 1白, 2橙)
  右转向灯: 1 (0关, 1白, 2橙)
  灯环状态: 2 (0关, 1蓝, 2红)
[2025-09-01 11:11:37.534] [DEBUG] 组包成功，数据长度: 21 字节
[2025-09-01 11:11:37.550] [DEBUG] 发送数据: A5 60 9F A5 03 0D 3B 40 33 33 33 33 E3 37 33 33 33 33 33 02 55
[2025-09-01 11:11:37.566] [DEBUG] 接收数据超时
[2025-09-01 11:11:37.582] [DEBUG] 组包成功，数据长度: 21 字节
[2025-09-01 11:11:37.582] [DEBUG] 发送数据: A5 60 9F A5 01 0D 3B 40 33 33 33 33 E3 37 33 33 33 33 33 45 55
[2025-09-01 11:11:37.614] [DEBUG] 接收数据超时
[2025-09-01 11:11:37.614] [INFO] 结果: FAIL | 用时: 0.160s
[2025-09-01 11:11:37.629] [INFO] ==== 执行用例 #13602 ====
[2025-09-01 11:11:37.629] [INFO] 参数: {'screen_on': 1, 'brightness': 6, 'digital': 0, 'logo': 1, 'rim_state': 2, 'rdygo': 2, 'turn_left': 2, 'turn_right': 0, 'ring': 2} | 备注: nan
[2025-09-01 11:11:37.661] [DEBUG] 修改后的LED显示信息:
[2025-09-01 11:11:37.677] [INFO]   屏幕状态: 开
  亮度级别: 6
  数字显示: 0
  LOGO状态: 1 (0关, 1白, 2红)
  护盾状态: 2 (0关, 1白, 2绿)
  ReadyGo状态: 2 (0关, 1白, 2红)
  左转向灯: 2 (0关, 1白, 2橙)
  右转向灯: 0 (0关, 1白, 2橙)
  灯环状态: 2 (0关, 1蓝, 2红)
[2025-09-01 11:11:37.693] [DEBUG] 组包成功，数据长度: 21 字节
[2025-09-01 11:11:37.709] [DEBUG] 发送数据: A5 60 9F A5 03 0D 3B 40 33 33 33 B3 87 37 33 33 33 33 33 62 55
[2025-09-01 11:11:37.724] [DEBUG] 接收数据超时
[2025-09-01 11:11:37.744] [DEBUG] 组包成功，数据长度: 21 字节
[2025-09-01 11:11:37.756] [DEBUG] 发送数据: A5 60 9F A5 01 0D 3B 40 33 33 33 B3 87 37 33 33 33 33 33 25 55
[2025-09-01 11:11:37.772] [DEBUG] 接收数据超时
[2025-09-01 11:11:37.772] [INFO] 结果: FAIL | 用时: 0.143s
[2025-09-01 11:11:37.788] [INFO] ==== 执行用例 #14453 ====
[2025-09-01 11:11:37.804] [INFO] 参数: {'screen_on': 1, 'brightness': 6, 'digital': 50, 'logo': 2, 'rim_state': 1, 'rdygo': 1, 'turn_left': 0, 'turn_right': 2, 'ring': 1} | 备注: nan
[2025-09-01 11:11:37.836] [DEBUG] 修改后的LED显示信息:
[2025-09-01 11:11:37.850] [INFO]   屏幕状态: 开
  亮度级别: 6
  数字显示: 50
  LOGO状态: 2 (0关, 1白, 2红)
  护盾状态: 1 (0关, 1白, 2绿)
  ReadyGo状态: 1 (0关, 1白, 2红)
  左转向灯: 0 (0关, 1白, 2橙)
  右转向灯: 2 (0关, 1白, 2橙)
  灯环状态: 1 (0关, 1蓝, 2红)
[2025-09-01 11:11:37.868] [DEBUG] 组包成功，数据长度: 21 字节
[2025-09-01 11:11:37.868] [DEBUG] 发送数据: A5 60 9F A5 03 0D 3B 40 33 33 33 65 3E 36 33 33 33 33 33 D5 55
[2025-09-01 11:11:37.899] [DEBUG] 接收数据超时
[2025-09-01 11:11:37.899] [DEBUG] 组包成功，数据长度: 21 字节
[2025-09-01 11:11:37.919] [DEBUG] 发送数据: A5 60 9F A5 01 0D 3B 40 33 33 33 65 3E 36 33 33 33 33 33 92 55
[2025-09-01 11:11:37.931] [DEBUG] 接收数据超时
[2025-09-01 11:11:37.950] [INFO] 结果: FAIL | 用时: 0.162s
[2025-09-01 11:11:37.950] [INFO] ==== 执行用例 #14934 ====
[2025-09-01 11:11:37.963] [INFO] 参数: {'screen_on': 1, 'brightness': 6, 'digital': 100, 'logo': 1, 'rim_state': 1, 'rdygo': 1, 'turn_left': 0, 'turn_right': 0, 'ring': 2} | 备注: nan
[2025-09-01 11:11:37.995] [DEBUG] 修改后的LED显示信息:
[2025-09-01 11:11:38.011] [INFO]   屏幕状态: 开
  亮度级别: 6
  数字显示: 100
  LOGO状态: 1 (0关, 1白, 2红)
  护盾状态: 1 (0关, 1白, 2绿)
  ReadyGo状态: 1 (0关, 1白, 2红)
  左转向灯: 0 (0关, 1白, 2橙)
  右转向灯: 0 (0关, 1白, 2橙)
  灯环状态: 2 (0关, 1蓝, 2红)
[2025-09-01 11:11:38.027] [DEBUG] 组包成功，数据长度: 21 字节
[2025-09-01 11:11:38.043] [DEBUG] 发送数据: A5 60 9F A5 03 0D 3B 40 33 33 33 17 3D 37 33 33 33 33 33 46 55
[2025-09-01 11:11:38.060] [DEBUG] 接收数据超时
[2025-09-01 11:11:38.060] [DEBUG] 组包成功，数据长度: 21 字节
[2025-09-01 11:11:38.075] [DEBUG] 发送数据: A5 60 9F A5 01 0D 3B 40 33 33 33 17 3D 37 33 33 33 33 33 01 55
[2025-09-01 11:11:38.107] [DEBUG] 接收数据超时
[2025-09-01 11:11:38.107] [INFO] 结果: FAIL | 用时: 0.157s
[2025-09-01 11:11:38.123] [INFO] ==== 执行用例 #15192 ====
[2025-09-01 11:11:38.139] [INFO] 参数: {'screen_on': 1, 'brightness': 6, 'digital': 100, 'logo': 2, 'rim_state': 1, 'rdygo': 1, 'turn_left': 1, 'turn_right': 2, 'ring': 2} | 备注: nan
[2025-09-01 11:11:38.171] [DEBUG] 修改后的LED显示信息:
[2025-09-01 11:11:38.171] [INFO]   屏幕状态: 开
  亮度级别: 6
  数字显示: 100
  LOGO状态: 2 (0关, 1白, 2红)
  护盾状态: 1 (0关, 1白, 2绿)
  ReadyGo状态: 1 (0关, 1白, 2红)
  左转向灯: 1 (0关, 1白, 2橙)
  右转向灯: 2 (0关, 1白, 2橙)
  灯环状态: 2 (0关, 1蓝, 2红)
[2025-09-01 11:11:38.203] [DEBUG] 组包成功，数据长度: 21 字节
[2025-09-01 11:11:38.203] [DEBUG] 发送数据: A5 60 9F A5 03 0D 3B 40 33 33 33 97 5E 38 33 33 33 33 33 7E 55
[2025-09-01 11:11:38.234] [DEBUG] 接收数据超时
[2025-09-01 11:11:38.234] [DEBUG] 组包成功，数据长度: 21 字节
[2025-09-01 11:11:38.251] [DEBUG] 发送数据: A5 60 9F A5 01 0D 3B 40 33 33 33 97 5E 38 33 33 33 33 33 39 55
[2025-09-01 11:11:38.266] [DEBUG] 接收数据超时
[2025-09-01 11:11:38.282] [INFO] 结果: FAIL | 用时: 0.159s
[2025-09-01 11:11:38.282] [INFO] ==== 执行用例 #15583 ====
[2025-09-01 11:11:38.298] [INFO] 参数: {'screen_on': 1, 'brightness': 7, 'digital': 0, 'logo': 1, 'rim_state': 0, 'rdygo': 1, 'turn_left': 0, 'turn_right': 1, 'ring': 0} | 备注: nan
[2025-09-01 11:11:38.330] [DEBUG] 修改后的LED显示信息:
[2025-09-01 11:11:38.346] [INFO]   屏幕状态: 开
  亮度级别: 7
  数字显示: 0
  LOGO状态: 1 (0关, 1白, 2红)
  护盾状态: 0 (0关, 1白, 2绿)
  ReadyGo状态: 1 (0关, 1白, 2红)
  左转向灯: 0 (0关, 1白, 2橙)
  右转向灯: 1 (0关, 1白, 2橙)
  灯环状态: 0 (0关, 1蓝, 2红)
[2025-09-01 11:11:38.361] [DEBUG] 组包成功，数据长度: 21 字节
[2025-09-01 11:11:38.361] [DEBUG] 发送数据: A5 60 9F A5 03 0D 3B 42 33 33 33 B3 BB 33 33 33 33 33 33 AB 55
[2025-09-01 11:11:38.393] [DEBUG] 接收数据超时
[2025-09-01 11:11:38.393] [DEBUG] 组包成功，数据长度: 21 字节
[2025-09-01 11:11:38.409] [DEBUG] 发送数据: A5 60 9F A5 01 0D 3B 42 33 33 33 B3 BB 33 33 33 33 33 33 EC 55
[2025-09-01 11:11:38.425] [DEBUG] 接收数据超时
[2025-09-01 11:11:38.441] [INFO] 结果: FAIL | 用时: 0.159s
[2025-09-01 11:11:38.457] [INFO] ==== 执行用例 #16100 ====
[2025-09-01 11:11:38.457] [INFO] 参数: {'screen_on': 1, 'brightness': 7, 'digital': 50, 'logo': 0, 'rim_state': 0, 'rdygo': 2, 'turn_left': 0, 'turn_right': 2, 'ring': 1} | 备注: nan
[2025-09-01 11:11:38.489] [DEBUG] 修改后的LED显示信息:
[2025-09-01 11:11:38.504] [INFO]   屏幕状态: 开
  亮度级别: 7
  数字显示: 50
  LOGO状态: 0 (0关, 1白, 2红)
  护盾状态: 0 (0关, 1白, 2绿)
  ReadyGo状态: 2 (0关, 1白, 2红)
  左转向灯: 0 (0关, 1白, 2橙)
  右转向灯: 2 (0关, 1白, 2橙)
  灯环状态: 1 (0关, 1蓝, 2红)
[2025-09-01 11:11:38.520] [DEBUG] 组包成功，数据长度: 21 字节
[2025-09-01 11:11:38.536] [DEBUG] 发送数据: A5 60 9F A5 03 0D 3B 42 33 33 33 65 43 36 33 33 33 33 33 99 55
[2025-09-01 11:11:38.552] [DEBUG] 接收数据超时
[2025-09-01 11:11:38.568] [DEBUG] 组包成功，数据长度: 21 字节
[2025-09-01 11:11:38.568] [DEBUG] 发送数据: A5 60 9F A5 01 0D 3B 42 33 33 33 65 43 36 33 33 33 33 33 DE 55
[2025-09-01 11:11:38.600] [DEBUG] 接收数据超时
[2025-09-01 11:11:38.613] [INFO] 结果: FAIL | 用时: 0.156s
[2025-09-01 11:11:38.617] [INFO] ==== 执行用例 #16418 ====
[2025-09-01 11:11:38.617] [INFO] 参数: {'screen_on': 1, 'brightness': 7, 'digital': 50, 'logo': 1, 'rim_state': 1, 'rdygo': 2, 'turn_left': 0, 'turn_right': 0, 'ring': 1} | 备注: nan
[2025-09-01 11:11:38.652] [DEBUG] 修改后的LED显示信息:
[2025-09-01 11:11:38.672] [INFO]   屏幕状态: 开
  亮度级别: 7
  数字显示: 50
  LOGO状态: 1 (0关, 1白, 2红)
  护盾状态: 1 (0关, 1白, 2绿)
  ReadyGo状态: 2 (0关, 1白, 2红)
  左转向灯: 0 (0关, 1白, 2橙)
  右转向灯: 0 (0关, 1白, 2橙)
  灯环状态: 1 (0关, 1蓝, 2红)
[2025-09-01 11:11:38.680] [DEBUG] 组包成功，数据长度: 21 字节
[2025-09-01 11:11:38.702] [DEBUG] 发送数据: A5 60 9F A5 03 0D 3B 42 33 33 33 E5 45 35 33 33 33 33 33 11 55
[2025-09-01 11:11:38.712] [DEBUG] 接收数据超时
[2025-09-01 11:11:38.728] [DEBUG] 组包成功，数据长度: 21 字节
[2025-09-01 11:11:38.743] [DEBUG] 发送数据: A5 60 9F A5 01 0D 3B 42 33 33 33 E5 45 35 33 33 33 33 33 56 55
[2025-09-01 11:11:38.759] [DEBUG] 接收数据超时
[2025-09-01 11:11:38.777] [INFO] 结果: FAIL | 用时: 0.161s
[2025-09-01 11:11:38.777] [INFO] ==== 执行用例 #16485 ====
[2025-09-01 11:11:38.791] [INFO] 参数: {'screen_on': 1, 'brightness': 7, 'digital': 50, 'logo': 1, 'rim_state': 2, 'rdygo': 1, 'turn_left': 1, 'turn_right': 1, 'ring': 2} | 备注: nan
[2025-09-01 11:11:38.825] [DEBUG] 修改后的LED显示信息:
[2025-09-01 11:11:38.839] [INFO]   屏幕状态: 开
  亮度级别: 7
  数字显示: 50
  LOGO状态: 1 (0关, 1白, 2红)
  护盾状态: 2 (0关, 1白, 2绿)
  ReadyGo状态: 1 (0关, 1白, 2红)
  左转向灯: 1 (0关, 1白, 2橙)
  右转向灯: 1 (0关, 1白, 2橙)
  灯环状态: 2 (0关, 1蓝, 2红)
[2025-09-01 11:11:38.855] [DEBUG] 组包成功，数据长度: 21 字节
[2025-09-01 11:11:38.855] [DEBUG] 发送数据: A5 60 9F A5 03 0D 3B 42 33 33 33 E5 DF 37 33 33 33 33 33 79 55
[2025-09-01 11:11:38.886] [DEBUG] 接收数据超时
[2025-09-01 11:11:38.886] [DEBUG] 组包成功，数据长度: 21 字节
[2025-09-01 11:11:38.902] [DEBUG] 发送数据: A5 60 9F A5 01 0D 3B 42 33 33 33 E5 DF 37 33 33 33 33 33 3E 55
[2025-09-01 11:11:38.918] [DEBUG] 接收数据超时
[2025-09-01 11:11:38.934] [INFO] 结果: FAIL | 用时: 0.157s
[2025-09-01 11:11:38.950] [INFO] ==== 执行用例 #16555 ====
[2025-09-01 11:11:38.952] [INFO] 参数: {'screen_on': 1, 'brightness': 7, 'digital': 50, 'logo': 2, 'rim_state': 0, 'rdygo': 1, 'turn_left': 0, 'turn_right': 1, 'ring': 0} | 备注: nan
[2025-09-01 11:11:38.982] [DEBUG] 修改后的LED显示信息:
[2025-09-01 11:11:38.998] [INFO]   屏幕状态: 开
  亮度级别: 7
  数字显示: 50
  LOGO状态: 2 (0关, 1白, 2红)
  护盾状态: 0 (0关, 1白, 2绿)
  ReadyGo状态: 1 (0关, 1白, 2红)
  左转向灯: 0 (0关, 1白, 2橙)
  右转向灯: 1 (0关, 1白, 2橙)
  灯环状态: 0 (0关, 1蓝, 2红)
[2025-09-01 11:11:39.014] [DEBUG] 组包成功，数据长度: 21 字节
[2025-09-01 11:11:39.030] [DEBUG] 发送数据: A5 60 9F A5 03 0D 3B 42 33 33 33 65 BC 33 33 33 33 33 33 1D 55
[2025-09-01 11:11:39.052] [DEBUG] 接收数据超时
[2025-09-01 11:11:39.062] [DEBUG] 组包成功，数据长度: 21 字节
[2025-09-01 11:11:39.062] [DEBUG] 发送数据: A5 60 9F A5 01 0D 3B 42 33 33 33 65 BC 33 33 33 33 33 33 5A 55
[2025-09-01 11:11:39.094] [DEBUG] 接收数据超时
[2025-09-01 11:11:39.094] [INFO] 结果: FAIL | 用时: 0.143s
[2025-09-01 11:11:39.110] [INFO] 开始压力循环: 次数=1, 间隔=0.5s, 参数={'screen_on': 1, 'brightness': 1, 'digital': 0, 'logo': 0, 'rim_state': 1, 'rdygo': 1, 'turn_left': 0, 'turn_right': 2, 'ring': 0}
[2025-09-01 11:11:39.143] [DEBUG] 修改后的LED显示信息:
[2025-09-01 11:11:39.152] [INFO]   屏幕状态: 开
  亮度级别: 1
  数字显示: 0
  LOGO状态: 0 (0关, 1白, 2红)
  护盾状态: 1 (0关, 1白, 2绿)
  ReadyGo状态: 1 (0关, 1白, 2红)
  左转向灯: 0 (0关, 1白, 2橙)
  右转向灯: 2 (0关, 1白, 2橙)
  灯环状态: 0 (0关, 1蓝, 2红)
[2025-09-01 11:11:39.173] [DEBUG] 组包成功，数据长度: 21 字节
[2025-09-01 11:11:39.173] [DEBUG] 发送数据: A5 60 9F A5 03 0D 3B 36 33 33 33 33 3D 34 33 33 33 33 33 BA 55
[2025-09-01 11:11:39.205] [DEBUG] 接收数据: A5 60 9F A5 83 55 33 93 7F 63 64 33 33 33 33 33 33 33 33 33 33 33 33 33 33 33 33 33 33 33 33 33 33 33 33 33 33 33 33 33 33 33 33 89 66 69 66 65 85 64 63 64 76 63 64 92 75 A7 63 65 33 33 33 33 33 37 33 38 33 33 33 36 33 33 33 65 35 37 33 33 33 33 33 33 33 33 33 33 33 33 33 42 55 A5 60 9F A5 81 0D 3B 36 33 33 33 65 35 37 33 33 33 33 33 1A 55 A5 60 9F A5 83 55 33 93 7F 63 64 33 33 33 33 33 33 33 33 33 33 33 33 33 33 33 33 33 33 33 33 33 33 33 33 33 33 33 33 33 33 33 33 89 66 69 66 65 85 64 63 64 76 63 64 92 75 A7 63 65 33 33 33 33 33 37 33 38 33 33 33 38 33 33 33 65 33 37 33 33 33 33 33 33 33 33 33 33 33 33 33 EE 55 A5 60 9F A5 81 0D 3B 38 33 33 33 65 33 37 33 33 33 33 33 8C 55 A5 60 9F A5 83 55 33 93 7F 63 64 33 33 33 33 33 33 33 33 33 33 33 33 33 33 33 33 33 33 33 33 33 33 33 33 33 33 33 33 33 33 33 33 89 66 69 66 65 85 64 63 64 76 63 64 92 75 A7 63 65 33 33 33 33 33 37 33 37 33 33 33 3A 33 33 33 33 57 34 33 33 33 33 33 33 33 33 33 33 33 33 33 17 55 A5 60 9F A5 81 0D 3B 3A 33 33 33 33 57 34 33 33 33 33 33 92 55 A5 60 9F A5 83 55 33 93 7F 63 64 33 33 33 33 33 33 33 33 33 33 33 33 33 33 33 33 33 33 33 33 33 33 33 33 33 33 33 33 33 33 33 33 89 66 69 66 65 85 64 63 64 76 63 64 92 75 A7 63 65 33 33 33 33 33 37 33 38 33 33 33 3A 33 33 33 B3 5D 37 33 33 33 33 33 33 33 33 33 33 33 33 33 A2 55 A5 60 9F A5 81 0D 3B 3A 33 33 33 B3 5D 37 33 33 33 33 33 2C 55 A5 60 9F A5 83 55 33 93 7F 63 64 33 33 33 33 33 33 33 33 33 33 33 33 33 33 33 33 33 33 33 33 33 33 33 33 33 33 33 33 33 33 33 33 89 66 69 66 65 85 64 63 64 76 63 64 92 75 A7 63 65 33 33 33 33 33 37 33 37 33 33 33 3A 33 33 33 65 43 37 33 33 33 33 33 33 33 33 33 33 33 33 33 10 55 A5 60 9F A5 81 0D 3B 3A 33 33 33 65 43 37 33 33 33 33 33 3C 55 A5 60 9F A5 83 55 33 93 7F 63 64 33 33 33 33 33 33 33 33 33 33 33 33 33 33 33 33 33 33 33 33 33 33 33 33 33 33 33 33 33 33 33 33 89 66 69 66 65 85 64 63 64 76 63 64 92 75 A7 63 65 33 33 33 33 33 37 33 38 33 33 33 3A 33 33 33 E5 D3 37 33 33 33 33 33 33 33 33 33 33 33 33 33 79 55 A5 60 9F A5 81 0D 3B 3A 33 33 33 E5 D3 37 33 33 33 33 33 B8 55 A5 60 9F A5 83 55 33 93 7F 63 64 33 33 33 33 33 33 33 33 33 33 33 33 33 33 33 33 33 33 33 33 33 33 33 33 33 33 33 33 33 33 33 33 89 66 69 66 65 85 64 63 64 76 63 64 92 75 A7 63 65 33 33 33 33 33 37 33 36 33 33 33 3A 33 33 33 65 60 33 33 33 33 33 33 33 33 33 33 33 33 33 33 14 55 A5 60 9F A5 81 0D 3B 3A 33 33 33 65 60 33 33 33 33 33 33 A7 55 A5 60 9F A5 83 55 33 93 7F 63 64 33 33 33 33 33 33 33 33 33 33 33 33 33 33 33 33 33 33 33 33 33 33 33 33 33 33 33 33 33 33 33 33 89 66 69 66 65 85 64 63 64 76 63 64 92 75 A7 63 65 33 33 33 33 33 37 33 37 33 33 33 3A 33 33 33 97 7D 33 33 33 33 33 33 33 33 33 33 33 33 33 33 42 55 A5 60 9F A5 81 0D 3B 3A 33 33 33 97 7D 33 33 33 33 33 33 74 55 A5 60 9F A5 83 55 33 93 7F 63 64 33 33 33 33 33 33 33 33 33 33 33 33 33 33 33 33 33 33 33 33 33 33 33 33 33 33 33 33 33 33 33 33 89 66 69 66 65 85 64 63 64 76 63 64 92 75 A7 63 65 33 33 33 33 33 37 33 38 33 33 33 3C 33 33 33 65 5B 34 33 33 33 33 33 33 33 33 33 33 33 33 33 1E 55 A5 60 9F A5 81 0D 3B 3C 33 33 33 65 5B 34 33 33 33 33 33 17 55 A5 60 9F A5 83 55 33 93 7F 63 64 33 33 33 33 33 33 33 33 33 33 33 33 33 33 33 33 33 33 33 33 33 33 33 33 33 33 33 33 33 33 33 33 89 66 69 66 65 85 64 63 64 76 63 64 92 75 A7 63 65 33 33 33 33 33 37 33 38 33 33 33 3C 33 33 33 E5 DF 33 33 33 33 33 33 33 33 33 33 33 33 33 33 8F 55 A5 60 9F A5 81 0D 3B 3C 33 33 33 E5 DF 33 33 33 33 33 33 6A 55 A5 60 9F A5 83 55 33 93 7F 63 64 33 33 33 33 33 33 33 33 33 33 33 33 33 33 33 33 33 33 33 33 33 33 33 33 33 33 33 33 33 33 33 33 89 66 69 66 65 85 64 63 64 76 63 64 92 75 A7 63 65 33 33 33 33 33 37 33 37 33 33 33 3C 33 33 33 65 C4 37 33 33 33 33 33 33 33 33 33 33 33 33 33 25 55 A5 60 9F A5 81 0D 3B 3C 33 33 33 65 C4 37 33 33 33 33 33 F5 55 A5 60 9F A5 83 55 33 93 7F 63 64 33 33 33 33 33 33 33 33 33 33 33 33 33 33 33 33 33 33 33 33 33 33 33 33 33 33 33 33 33 33 33 33 89 66 69 66 65 85 64 63 64 76 63 64 92 75 A7 63 65 33 33 33 33 33 37 33 36 33 33 33 3C 33 33 33 65 F6 37 33 33 33 33 33 33 33 33 33 33 33 33 33 91 55 A5 60 9F A5 81 0D 3B 3C 33 33 33 65 F6 37 33 33 33 33 33 B9 55 A5 60 9F A5 83 55 33 93 7F 63 64 33 33 33 33 33 33 33 33 33 33 33 33 33 33 33 33 33 33 33 33 33 33 33 33 33 33 33 33 33 33 33 33 89 66 69 66 65 85 64 63 64 76 63 64 92 75 A7 63 65 33 33 33 33 33 37 33 37 33 33 33 3C 33 33 33 97 03 33 33 33 33 33 33 33 33 33 33 33 33 33 33 7F 55 A5 60 9F A5 81 0D 3B 3C 33 33 33 97 03 33 33 33 33 33 33 A5 55 A5 60 9F A5 83 55 33 93 7F 63 64 33 33 33 33 33 33 33 33 33 33 33 33 33 33 33 33 33 33 33 33 33 33 33 33 33 33 33 33 33 33 33 33 89 66 69 66 65 85 64 63 64 76 63 64 92 75 A7 63 65 33 33 33 33 33 37 33 37 33 33 33 3C 33 33 33 17 C3 37 33 33 33 33 33 33 33 33 33 33 33 33 33 DA 55 A5 60 9F A5 81 0D 3B 3C 33 33 33 17 C3 37 33 33 33 33 33 26 55 A5 60 9F A5 83 55 33 93 7F 63 64 33 33 33 33 33 33 33 33 33 33 33 33 33 33 33 33 33 33 33 33 33 33 33 33 33 33 33 33 33 33 33 33 89 66 69 66 65 85 64 63 64 76 63 64 92 75 A7 63 65 33 33 33 33 33 37 33 36 33 33 33 3E 33 33 33 33 57 35 33 33 33 33 33 33 33 33 33 33 33 33 33 C3 55 A5 60 9F A5 81 0D 3B 3E 33 33 33 33 57 35 33 33 33 33 33 1E 55 A5 60 9F A5 83 55 33 93 7F 63 64 33 33 33 33 33 33 33 33 33 33 33 33 33 33 33 33 33 33 33 33 33 33 33 33 33 33 33 33 33 33 33 33 89 66 69 66 65 85 64 63 64 76 63 64 92 75 A7 63 65 33 33 33 33 33 37 33 37 33 33 33 3E 33 33 33 B3 FD 35 33 33 33 33 33 33 33 33 33 33 33 33 33 5B 55 A5 60 9F A5 81 0D 3B 3E 33 33 33 B3 FD 35 33 33 33 33 33 F2 55 A5 60 9F A5 83 55 33 93 7F 63 64 33 33 33 33 33 33 33 33 33 33 33 33 33 33 33 33 33 33 33 33 33 33 33 33 33 33 33 33 33 33 33 33 89 66 69 66 65 85 64 63 64 76 63 64 92 75 A7 63 65 33 33 33 34 33 37 33 37 33 33 33 3E 33 33 33 33 5C 37 33 33 33 33 33 33 33 33 33 33 33 33 33 FD 55 A5 60 9F A5 81 0D 3B 3E 33 33 33 33 5C 37 33 33 33 33 33 DD 55 A5 60 9F A5 83 55 33 93 7F 63 64 33 33 33 33 33 33 33 33 33 33 33 33 33 33 33 33 33 33 33 33 33 33 33 33 33 33 33 33 33 33 33 33 89 66 69 66 65 85 64 63 64 76 63 64 92 75 A7 63 65 33 33 33 34 33 37 33 37 33 33 33 3E 33 33 33 97 84 38 33 33 33 33 33 33 33 33 33 33 33 33 33 F5 55 A5 60 9F A5 81 0D 3B 3E 33 33 33 97 84 38 33 33 33 33 33 EE 55 A5 60 9F A5 83 55 33 93 7F 63 64 33 33 33 33 33 33 33 33 33 33 33 33 33 33 33 33 33 33 33 33 33 33 33 33 33 33 33 33 33 33 33 33 89 66 69 66 65 85 64 63 64 76 63 64 92 75 A7 63 65 33 33 33 34 33 37 33 37 33 33 33 40 33 33 33 33 E3 37 33 33 33 33 33 33 33 33 33 33 33 33 33 37 55 A5 60 9F A5 81 0D 3B 40 33 33 33 33 E3 37 33 33 33 33 33 72 55 A5 60 9F A5 83 55 33 93 7F 63 64 33 33 33 33 33 33 33 33 33 33 33 33 33 33 33 33 33 33 33 33 33 33 33 33 33 33 33 33 33 33 33 33 89 66 69 66 65 85 64 63 64 76 63 64 92 75 A7 63 65 33 33 33 33 33 37 33 38 33 33 33 40 33 33 33 B3 87 37 33 33 33 33 33 33 33 33 33 33 33 33 33 95 55 A5 60 9F A5 81 0D 3B 40 33 33 33 B3 87 37 33 33 33 33 33 12 55 A5 60 9F A5 83 55 33 93 7F 63 64 33 33 33 33 33 33 33 33 33 33 33 33 33 33 33 33 33 33 33 33 33 33 33 33 33 33 33 33 33 33 33 33 89 66 69 66 65 85 64 63 64 76 63 64 92 75 A7 63 65 33 33 33 33 33 37 33 37 33 33 33 40 33 33 33 65 3E 36 33 33 33 33 33 33 33 33 33 33 33 33 33 9E 55 A5 60 9F A5 81 0D 3B 40 33 33 33 65 3E 36 33 33 33 33 33 A5 55 A5 60 9F A5 83 55 33 93 7F 63 64 33 33 33 33 33 33 33 33 33 33 33 33 33 33 33 33 33 33 33 33 33 33 33 33 33 33 33 33 33 33 33 33 89 66 69 66 65 85 64 63 64 76 63 64 92 75 A7 63 65 33 33 33 33 33 37 33 37 33 33 33 40 33 33 33 17 3D 37 33 33 33 33 33 33 33 33 33 33 33 33 33 81 55 A5 60 9F A5 81 0D 3B 40 33 33 33 17 3D 37 33 33 33 33 33 36 55 A5 60 9F A5 83 55 33 93 7F 63 64 33 33 33 33 33 33 33 33 33 33 33 33 33 33 33 33 33 33 33 33 33 33 33 33 33 33 33 33 33 33 33 33 89 66 69 66 65 85 64 63 64 76 63 64 92 75 A7 63 65 33 33 33 33 33 37 33 36 33 33 33 40 33 33 33 97 5E 38 33 33 33 33 33 33 33 33 33 33 33 33 33 19 55 A5 60 9F A5 81 0D 3B 40 33 33 33 97 5E 38 33 33 33 33 33 0E 55 A5 60 9F A5 83 55 33 93 7F 63 64 33 33 33 33 33 33 33 33 33 33 33 33 33 33 33 33 33 33 33 33 33 33 33 33 33 33 33 33 33 33 33 33 89 66 69 66 65 85 64 63 64 76 63 64 92 75 A7 63 65 33 33 33 33 33 37 33 37 33 33 33 42 33 33 33 B3 BB 33 33 33 33 33 33 33 33 33 33 33 33 33 33 6E 55 A5 60 9F A5 81 0D 3B 42 33 33 33 B3 BB 33 33 33 33 33 33 DB 55 A5 60 9F A5 83 55 33 93 7F 63 64 33 33 33 33 33 33 33 33 33 33 33 33 33 33 33 33 33 33 33 33 33 33 33 33 33 33 33 33 33 33 33 33 89 66 69 66 65 85 64 63 64 76 63 64 92 75 A7 63 65 33 33 33 33 33 37 33 36 33 33 33 42 33 33 33 65 43 36 33 33 33 33 33 33 33 33 33 33 33 33 33 73 55 A5 60 9F A5 81 0D 3B 42 33 33 33 65 43 36 33 33 33 33 33 E9 55 A5 60 9F A5 83 55 33 93 7F 63 64 33 33 33 33 33 33 33 33 33 33 33 33 33 33 33 33 33 33 33 33 33 33 33 33 33 33 33 33 33 33 33 33 89 66 69 66 65 85 64 63 64 76 63 64 92 75 A7 63 65 33 33 33 33 33 37 33 38 33 33 33 42 33 33 33 E5 45 35 33 33 33 33 33 33 33 33 33 33 33 33 33 BC 55 A5 60 9F A5 81 0D 3B 42 33 33 33 E5 45 35 33 33 33 33 33 61 55 A5 60 9F A5 83 55 33 93 7F 63 64 33 33 33 33 33 33 33 33 33 33 33 33 33 33 33 33 33 33 33 33 33 33 33 33 33 33 33 33 33 33 33 33 89 66 69 66 65 85 64 63 64 76 63 64 92 75 A7 63 65 33 33 33 33 33 37 33 37 33 33 33 42 33 33 33 E5 DF 37 33 33 33 33 33 33 33 33 33 33 33 33 33 4A 55 A5 60 9F A5 81 0D 3B 42 33 33 33 E5 DF 37 33 33 33 33 33 09 55 A5 60 9F A5 83 55 33 93 7F 63 64 33 33 33 33 33 33 33 33 33 33 33 33 33 33 33 33 33 33 33 33 33 33 33 33 33 33 33 33 33 33 33 33 89 66 69 66 65 85 64 63 64 76 63 64 92 75 A7 63 65 33 33 33 33 33 37 33 36 33 33 33 42 33 33 33 65 BC 33 33 33 33 33 33 33 33 33 33 33 33 33 33 43 55 A5 60 9F A5 81 0D 3B 42 33 33 33 65 BC 33 33 33 33 33 33 6D 55
[2025-09-01 11:11:39.284] [DEBUG] 数据解析成功:
[2025-09-01 11:11:39.300] [INFO]   ID: 0x60
  命令: 0x83 (读)
  寄存器地址: 0x00
  寄存器数量: 0
[2025-09-01 11:11:39.352] [INFO] [循环 1/1] 发送 OK
[2025-09-01 11:11:39.863] [INFO] 已保存结果: reports\2025-09-01_11-11-26\results.csv
[2025-09-01 11:11:39.890] [INFO] 已生成报告: reports\2025-09-01_11-11-26\report.html
[2025-09-01 11:11:39.922] [DEBUG] 串口已关闭
[2025-09-01 11:11:39.922] [INFO] 程序结束
