[2025-08-29 15:45:16.607] [INFO] 初始化 BLE 协议通信...
[2025-08-29 15:45:16.654] [INFO] 生成排列组合用例 2187 条
[2025-08-29 15:45:16.654] [INFO] ==== 执行用例 #1 ====
[2025-08-29 15:45:16.670] [INFO] 参数: {'screen_on': 1, 'brightness': 7, 'digital': 0, 'logo': 0, 'rim_state': 0, 'rdygo': 0, 'turn_left': 0, 'turn_right': 0, 'ring': 0} | 备注: 
[2025-08-29 15:45:16.694] [DEBUG] 修改后的LED显示信息:
[2025-08-29 15:45:16.702] [INFO]   屏幕状态: 开
  亮度级别: 7
  数字显示: 0
  LOGO状态: 0 (0关, 1白, 2红)
  护盾状态: 0 (0关, 1白, 2绿)
  ReadyGo状态: 0 (0关, 1白, 2红)
  左转向灯: 0 (0关, 1白, 2橙)
  右转向灯: 0 (0关, 1白, 2橙)
  灯环状态: 0 (0关, 1蓝, 2红)
[2025-08-29 15:45:16.713] [DEBUG] 组包成功，数据长度: 21 字节
[2025-08-29 15:45:16.725] [DEBUG] 发送数据: A5 60 9F A5 03 0D 3B 42 33 33 33 33 33 33 33 33 33 33 33 43 55
[2025-08-29 15:45:17.746] [DEBUG] 接收数据: A5 60 9F A5 83 55 33 93 7F 63 64 33 33 33 33 33 33 33 33 33 33 33 33 33 33 33 33 33 33 33 33 33 33 33 33 33 33 33 33 33 33 33 33 89 66 69 66 65 85 64 63 64 76 63 64 92 75 A7 63 65 33 33 33 33 33 37 33 37 33 33 33 42 33 33 33 33 33 33 33 33 33 33 33 33 33 33 33 33 33 33 33 40 55
[2025-08-29 15:45:17.789] [DEBUG] 数据解析成功:
[2025-08-29 15:45:17.802] [INFO]   ID: 0x60
  命令: 0x83 (读)
  寄存器地址: 0x00
  寄存器数量: 0
[2025-08-29 15:45:17.818] [DEBUG] 组包成功，数据长度: 21 字节
[2025-08-29 15:45:17.836] [DEBUG] 发送数据: A5 60 9F A5 01 0D 3B 42 33 33 33 33 33 33 33 33 33 33 33 04 55
[2025-08-29 15:45:18.884] [DEBUG] 接收数据: A5 60 9F A5 81 0D 3B 42 33 33 33 33 33 33 33 33 33 33 33 33 55
[2025-08-29 15:45:18.927] [DEBUG] 数据解析成功:
[2025-08-29 15:45:18.948] [INFO]   ID: 0x60
  命令: 0x81 (读)
  寄存器地址: 0x08
  寄存器数量: 0
[2025-08-29 15:45:18.972] [INFO] 
全局变量中的LED显示信息已更新:
[2025-08-29 15:45:18.995] [INFO]   屏幕状态: 开
  亮度级别: 7
  数字显示: 0
  LOGO状态: 0 (0关, 1白, 2红)
  护盾状态: 0 (0关, 1白, 2绿)
  ReadyGo状态: 0 (0关, 1白, 2红)
  左转向灯: 0 (0关, 1白, 2橙)
  右转向灯: 0 (0关, 1白, 2橙)
  灯环状态: 0 (0关, 1蓝, 2红)
[2025-08-29 15:45:19.015] [INFO] 结果: PASS | 用时: 2.360s
[2025-08-29 15:45:19.018] [INFO] ==== 执行用例 #2 ====
[2025-08-29 15:45:19.032] [INFO] 参数: {'screen_on': 1, 'brightness': 7, 'digital': 0, 'logo': 0, 'rim_state': 0, 'rdygo': 0, 'turn_left': 0, 'turn_right': 0, 'ring': 1} | 备注: 
[2025-08-29 15:45:19.063] [DEBUG] 修改后的LED显示信息:
[2025-08-29 15:45:19.078] [INFO]   屏幕状态: 开
  亮度级别: 7
  数字显示: 0
  LOGO状态: 0 (0关, 1白, 2红)
  护盾状态: 0 (0关, 1白, 2绿)
  ReadyGo状态: 0 (0关, 1白, 2红)
  左转向灯: 0 (0关, 1白, 2橙)
  右转向灯: 0 (0关, 1白, 2橙)
  灯环状态: 1 (0关, 1蓝, 2红)
[2025-08-29 15:45:19.095] [DEBUG] 组包成功，数据长度: 21 字节
[2025-08-29 15:45:19.095] [DEBUG] 发送数据: A5 60 9F A5 03 0D 3B 42 33 33 33 33 33 35 33 33 33 33 33 B2 55
[2025-08-29 15:45:20.128] [DEBUG] 接收数据: A5 60 9F A5 83 55 33 93 7F 63 64 33 33 33 33 33 33 33 33 33 33 33 33 33 33 33 33 33 33 33 33 33 33 33 33 33 33 33 33 33 33 33 33 89 66 69 66 65 85 64 63 64 76 63 64 92 75 A7 63 65 33 33 33 33 33 37 33 38 33 33 33 42 33 33 33 33 33 35 33 33 33 33 33 33 33 33 33 33 33 33 33 5A 55
[2025-08-29 15:45:20.184] [DEBUG] 数据解析成功:
[2025-08-29 15:45:20.197] [INFO]   ID: 0x60
  命令: 0x83 (读)
  寄存器地址: 0x00
  寄存器数量: 0
[2025-08-29 15:45:20.225] [DEBUG] 组包成功，数据长度: 21 字节
[2025-08-29 15:45:20.228] [DEBUG] 发送数据: A5 60 9F A5 01 0D 3B 42 33 33 33 33 33 35 33 33 33 33 33 F5 55
[2025-08-29 15:45:21.278] [DEBUG] 接收数据: A5 60 9F A5 81 0D 3B 42 33 33 33 33 33 35 33 33 33 33 33 C2 55
[2025-08-29 15:45:21.312] [DEBUG] 数据解析成功:
[2025-08-29 15:45:21.330] [INFO]   ID: 0x60
  命令: 0x81 (读)
  寄存器地址: 0x08
  寄存器数量: 0
[2025-08-29 15:45:21.360] [INFO] 
全局变量中的LED显示信息已更新:
[2025-08-29 15:45:21.376] [INFO]   屏幕状态: 开
  亮度级别: 7
  数字显示: 0
  LOGO状态: 0 (0关, 1白, 2红)
  护盾状态: 0 (0关, 1白, 2绿)
  ReadyGo状态: 0 (0关, 1白, 2红)
  左转向灯: 0 (0关, 1白, 2橙)
  右转向灯: 0 (0关, 1白, 2橙)
  灯环状态: 1 (0关, 1蓝, 2红)
[2025-08-29 15:45:21.401] [INFO] 结果: PASS | 用时: 2.383s
[2025-08-29 15:45:21.416] [INFO] ==== 执行用例 #3 ====
[2025-08-29 15:45:21.424] [INFO] 参数: {'screen_on': 1, 'brightness': 7, 'digital': 0, 'logo': 0, 'rim_state': 0, 'rdygo': 0, 'turn_left': 0, 'turn_right': 0, 'ring': 2} | 备注: 
[2025-08-29 15:45:21.455] [DEBUG] 修改后的LED显示信息:
[2025-08-29 15:45:21.471] [INFO]   屏幕状态: 开
  亮度级别: 7
  数字显示: 0
  LOGO状态: 0 (0关, 1白, 2红)
  护盾状态: 0 (0关, 1白, 2绿)
  ReadyGo状态: 0 (0关, 1白, 2红)
  左转向灯: 0 (0关, 1白, 2橙)
  右转向灯: 0 (0关, 1白, 2橙)
  灯环状态: 2 (0关, 1蓝, 2红)
[2025-08-29 15:45:21.487] [DEBUG] 组包成功，数据长度: 21 字节
[2025-08-29 15:45:21.503] [DEBUG] 发送数据: A5 60 9F A5 03 0D 3B 42 33 33 33 33 33 37 33 33 33 33 33 16 55
[2025-08-29 15:45:22.525] [DEBUG] 接收数据: A5 60 9F A5 83 55 33 93 7F 63 64 33 33 33 33 33 33 33 33 33 33 33 33 33 33 33 33 33 33 33 33 33 33 33 33 33 33 33 33 33 33 33 33 89 66 69 66 65 85 64 63 64 76 63 64 92 75 A7 63 65 33 33 33 34 33 37 33 38 33 33 33 42 33 33 33 33 33 37 33 33 33 33 33 33 33 33 33 33 33 33 33 FA 55
[2025-08-29 15:45:22.590] [DEBUG] 数据解析成功:
[2025-08-29 15:45:22.604] [INFO]   ID: 0x60
  命令: 0x83 (读)
  寄存器地址: 0x00
  寄存器数量: 0
[2025-08-29 15:45:22.632] [DEBUG] 组包成功，数据长度: 21 字节
[2025-08-29 15:45:22.648] [DEBUG] 发送数据: A5 60 9F A5 01 0D 3B 42 33 33 33 33 33 37 33 33 33 33 33 51 55
[2025-08-29 15:45:23.684] [DEBUG] 接收数据: A5 60 9F A5 81 0D 3B 42 33 33 33 33 33 37 33 33 33 33 33 66 55
[2025-08-29 15:45:23.719] [DEBUG] 数据解析成功:
[2025-08-29 15:45:23.723] [INFO]   ID: 0x60
  命令: 0x81 (读)
  寄存器地址: 0x08
  寄存器数量: 0
[2025-08-29 15:45:23.766] [INFO] 
全局变量中的LED显示信息已更新:
[2025-08-29 15:45:23.790] [INFO]   屏幕状态: 开
  亮度级别: 7
  数字显示: 0
  LOGO状态: 0 (0关, 1白, 2红)
  护盾状态: 0 (0关, 1白, 2绿)
  ReadyGo状态: 0 (0关, 1白, 2红)
  左转向灯: 0 (0关, 1白, 2橙)
  右转向灯: 0 (0关, 1白, 2橙)
  灯环状态: 2 (0关, 1蓝, 2红)
[2025-08-29 15:45:23.808] [INFO] 结果: PASS | 用时: 2.392s
[2025-08-29 15:45:23.818] [INFO] ==== 执行用例 #4 ====
[2025-08-29 15:45:23.830] [INFO] 参数: {'screen_on': 1, 'brightness': 7, 'digital': 0, 'logo': 0, 'rim_state': 0, 'rdygo': 0, 'turn_left': 0, 'turn_right': 1, 'ring': 0} | 备注: 
[2025-08-29 15:45:23.867] [DEBUG] 修改后的LED显示信息:
[2025-08-29 15:45:23.867] [INFO]   屏幕状态: 开
  亮度级别: 7
  数字显示: 0
  LOGO状态: 0 (0关, 1白, 2红)
  护盾状态: 0 (0关, 1白, 2绿)
  ReadyGo状态: 0 (0关, 1白, 2红)
  左转向灯: 0 (0关, 1白, 2橙)
  右转向灯: 1 (0关, 1白, 2橙)
  灯环状态: 0 (0关, 1蓝, 2红)
[2025-08-29 15:45:23.882] [DEBUG] 组包成功，数据长度: 21 字节
[2025-08-29 15:45:23.900] [DEBUG] 发送数据: A5 60 9F A5 03 0D 3B 42 33 33 33 33 B3 33 33 33 33 33 33 6A 55
